
 ===================================================
  XFOIL Version 6.99
  Copyright (C) 2000   Mark Drela, Harold Youngren

  This software comes with ABSOLUTELY NO WARRANTY,
    subject to the GNU General Public License.

  Caveat computor
 ===================================================

 File  xfoil.def  not found

   QUIT    Exit program

  .OPER    Direct operating point(s)
  .MDES    Complex mapping design routine
  .QDES    Surface speed design routine
  .GDES    Geometry design routine

   SAVE f  Write airfoil to labeled coordinate file
   PSAV f  Write airfoil to plain coordinate file
   ISAV f  Write airfoil to ISES coordinate file
   MSAV f  Write airfoil to MSES coordinate file
   REVE    Reverse written-airfoil node ordering

   LOAD f  Read buffer airfoil from coordinate file
   NACA i  Set NACA 4,5-digit airfoil and buffer airfoil
   INTE    Set buffer airfoil by interpolating two airfoils
   NORM    Buffer airfoil normalization toggle
   XYCM rr Change CM reference location, currently  0.25000 0.00000

   BEND    Display structural properties of current airfoil

   PCOP    Set current-airfoil panel nodes directly from buffer airfoil points
   PANE    Set current-airfoil panel nodes ( 160 ) based on curvature
  .PPAR    Show/change paneling

  .PLOP    Plotting options

   WDEF f  Write  current-settings file
   RDEF f  Reread current-settings file
   NAME s  Specify new airfoil name
   NINC    Increment name version number

   Z       Zoom    | (available in all menus)
   U       Unzoom  | 

 XFOIL   c>  
 Labeled airfoil file.  Name:  A18 (original)                                  

 Number of input coordinate points:  41
 Counterclockwise ordering
 Max thickness =     0.073519  at x =   0.299
 Max camber    =     0.038406  at x =   0.451

  LE  x,y  =  -0.00002   0.01920  |   Chord =   1.00015
  TE  x,y  =   1.00000   0.00307  |

 Current airfoil nodes set from buffer airfoil nodes (  41 )

 WARNING: Poor input coordinate distribution
          Excessive panel angle   88.6  at i =  21
          Repaneling with PANE and/or PPAR suggested
           (doing GDES,CADD before repaneling _may_
            improve excessively coarse LE spacing

 XFOIL   c>  
 XFOIL   c>  
 Blunt trailing edge.  Gap =  0.00614

 Paneling parameters used...
   Number of panel nodes       160
   Panel bunching parameter    1.000
   TE/LE panel density ratio   0.150
   Refined-area/LE panel density ratio    0.200
   Top    side refined area x/c limits  1.000 1.000
   Bottom side refined area x/c limits  1.000 1.000

 XFOIL   c>  
.OPERi   c>  
 Xtr/c     =  1.0000    top    side
 Xtr/c     =  1.0000    bottom side
 Ncrit     =    9.00   ( 0.070 % turb. level )
 Vacc      =  0.0100

 Klag  =  5.6000     Uxwt  =    1.00
 A     =  6.7000     B     =  0.7500       KCt = 0.01485
 CtiniK=  1.8000     CtiniX=  3.3000

..VPAR   c>  
..VPAR   c>  
.OPERi   c>  
 M  =    0.0000
 Re =    400000

.OPERv   c>  
.OPERv   c>  
.OPERv   c>  
 Polar  1 newly created for accumulation
 Airfoil archived with polar: A18 (original)                                  

Enter  polar save filename  OR  <return> for no file   s>  
 New polar save file available

Enter  polar dump filename  OR  <return> for no file   s>  
 Polar dump file will NOT be written

 Polar accumulation enabled

.OPERva   c>   Calculating unit vorticity distributions ...
 Calculating wake trajectory ...
 Calculating source influence matrix ...

 Solving BL system ...

 Initializing BL ...
    side            1  ...
 MRCHUE: Inverse mode at  65     Hk =   3.922
 MRCHUE: Inverse mode at  66     Hk =   4.347
 MRCHUE: Inverse mode at  67     Hk =   4.765
 MRCHUE: Inverse mode at  68     Hk =   5.179
 MRCHUE: Inverse mode at  69     Hk =   5.593
 MRCHUE: Inverse mode at  70     Hk =   6.012
 MRCHUE: Inverse mode at  71     Hk =   6.426
 MRCHUE: Inverse mode at  72     Hk =   6.835
 MRCHUE: Inverse mode at  73     Hk =   6.132
 MRCHUE: Inverse mode at  74     Hk =   4.535
 MRCHUE: Inverse mode at  75     Hk =   3.480
 MRCHUE: Inverse mode at  76     Hk =   2.740
 MRCHUE: Inverse mode at  77     Hk =   2.500
 MRCHUE: Inverse mode at  78     Hk =   2.500
    side            2  ...
 MRCHUE: Inverse mode at  15     Hk =   4.454
 MRCHUE: Inverse mode at  16     Hk =   6.035
 MRCHUE: Inverse mode at  17     Hk =   7.781
 MRCHUE: Inverse mode at  18     Hk =   9.670
 MRCHUE: Inverse mode at  19     Hk =   5.333
 MRCHUE: Inverse mode at  20     Hk =   2.500

 Side 1  free  transition at x/c =  0.9460   73
 Side 2  free  transition at x/c =  0.0730   19

   1   rms: 0.1089E+00   max: -.8162E+00   T at   73  1   RLX: 0.613
       a = -4.000      CL =  0.1473
      Cm = -0.1236     CD =  0.00998   =>   CDf =  0.00623    CDp =  0.00375

 Side 1  free  transition at x/c =  0.9685   75
 Side 2  free  transition at x/c =  0.0773   19
 idif Ue xi dudx           1  0.20689023      1.84488297E-03   112.14274    
 Uenew xinew           2  4.01053671E-03  3.57627869E-05

   2   rms: 0.6393E-01   max: 0.4277E+00   D at   76  1
       a = -4.000      CL =  0.1193
      Cm = -0.1154     CD =  0.01059   =>   CDf =  0.00625    CDp =  0.00435

 Side 1  free  transition at x/c =  0.9706   74
 Side 2  free  transition at x/c =  0.0768   20

   3   rms: 0.7752E-02   max: -.8427E-01   D at    2  2
       a = -4.000      CL =  0.1192
      Cm = -0.1154     CD =  0.01084   =>   CDf =  0.00634    CDp =  0.00450

 Side 1  free  transition at x/c =  0.9685   74
 Side 2  free  transition at x/c =  0.0768   20

   4   rms: 0.2359E-02   max: -.1744E-01   D at    4  2
       a = -4.000      CL =  0.1197
      Cm = -0.1155     CD =  0.01083   =>   CDf =  0.00633    CDp =  0.00450

 Side 1  free  transition at x/c =  0.9689   74
 Side 2  free  transition at x/c =  0.0768   20

   5   rms: 0.3541E-04   max: -.3020E-03   D at   77  1
       a = -4.000      CL =  0.1197
      Cm = -0.1155     CD =  0.01083   =>   CDf =  0.00633    CDp =  0.00450
 plradd ia,ip,cpol            1           0  1.42672164E-02

 Point added to stored polar  1
 Point written to save file  a18_Re400k.base.pol                             
 Dump file unspecified or not available
 Calculating wake trajectory ...
 Calculating source influence matrix ...

 Solving BL system ...

 Side 1  free  transition at x/c =  0.9689   74
 Side 2  free  transition at x/c =  0.0768   20

   1   rms: 0.1159E+00   max: -.4013E+00   T at   20  2
       a = -3.500      CL =  0.1950
      Cm = -0.1196     CD =  0.01007   =>   CDf =  0.00640    CDp =  0.00367

 Side 1  free  transition at x/c =  0.9647   74
 Side 2  free  transition at x/c =  0.0854   20

   2   rms: 0.2393E-01   max: 0.1709E+00   D at    3  1
       a = -3.500      CL =  0.2052
      Cm = -0.1219     CD =  0.00988   =>   CDf =  0.00638    CDp =  0.00350

 Side 1  free  transition at x/c =  0.9730   75
 Side 2  free  transition at x/c =  0.0869   20

   3   rms: 0.4260E-01   max: 0.3106E+00   D at   77  1
       a = -3.500      CL =  0.1964
      Cm = -0.1200     CD =  0.00987   =>   CDf =  0.00636    CDp =  0.00352

 Side 1  free  transition at x/c =  0.9655   75
 Side 2  free  transition at x/c =  0.0859   20

   4   rms: 0.1994E-02   max: -.3924E-01   D at   75  1
       a = -3.500      CL =  0.1957
      Cm = -0.1198     CD =  0.00998   =>   CDf =  0.00636    CDp =  0.00362

 Side 1  free  transition at x/c =  0.9653   75
 Side 2  free  transition at x/c =  0.0858   20

   5   rms: 0.5940E-04   max: -.5995E-03   D at   75  1
       a = -3.500      CL =  0.1957
      Cm = -0.1198     CD =  0.00998   =>   CDf =  0.00636    CDp =  0.00362
 plradd ia,ip,cpol            2           0  2.23778468E-02

 Point added to stored polar  1
 Point written to save file  a18_Re400k.base.pol                             
 Dump file unspecified or not available
 Calculating wake trajectory ...
 Calculating source influence matrix ...

 Solving BL system ...

 Side 1  free  transition at x/c =  0.9653   75

[TIMEOUT]
