
 ===================================================
  XFOIL Version 6.99
  Copyright (C) 2000   Mark Drela, Harold Youngren

  This software comes with ABSOLUTELY NO WARRANTY,
    subject to the GNU General Public License.

  Caveat computor
 ===================================================

 File  xfoil.def  not found

   QUIT    Exit program

  .OPER    Direct operating point(s)
  .MDES    Complex mapping design routine
  .QDES    Surface speed design routine
  .GDES    Geometry design routine

   SAVE f  Write airfoil to labeled coordinate file
   PSAV f  Write airfoil to plain coordinate file
   ISAV f  Write airfoil to ISES coordinate file
   MSAV f  Write airfoil to MSES coordinate file
   REVE    Reverse written-airfoil node ordering

   LOAD f  Read buffer airfoil from coordinate file
   NACA i  Set NACA 4,5-digit airfoil and buffer airfoil
   INTE    Set buffer airfoil by interpolating two airfoils
   NORM    Buffer airfoil normalization toggle
   XYCM rr Change CM reference location, currently  0.25000 0.00000

   BEND    Display structural properties of current airfoil

   PCOP    Set current-airfoil panel nodes directly from buffer airfoil points
   PANE    Set current-airfoil panel nodes ( 160 ) based on curvature
  .PPAR    Show/change paneling

  .PLOP    Plotting options

   WDEF f  Write  current-settings file
   RDEF f  Reread current-settings file
   NAME s  Specify new airfoil name
   NINC    Increment name version number

   Z       Zoom    | (available in all menus)
   U       Unzoom  | 

 XFOIL   c>  
 Labeled airfoil file.  Name:  AG16                                            

 Number of input coordinate points: 160
 Counterclockwise ordering
 Max thickness =     0.071145  at x =   0.233
 Max camber    =     0.018848  at x =   0.469

  LE  x,y  =  -0.00000  -0.00009  |   Chord =   0.99999
  TE  x,y  =   0.99999  -0.00021  |

 Current airfoil nodes set from buffer airfoil nodes ( 160 )

 XFOIL   c>  
 XFOIL   c>  
 Blunt trailing edge.  Gap =  0.00093

 Paneling parameters used...
   Number of panel nodes       160
   Panel bunching parameter    1.000
   TE/LE panel density ratio   0.150
   Refined-area/LE panel density ratio    0.200
   Top    side refined area x/c limits  1.000 1.000
   Bottom side refined area x/c limits  1.000 1.000

 XFOIL   c>  
.OPERi   c>  
 Xtr/c     =  1.0000    top    side
 Xtr/c     =  1.0000    bottom side
 Ncrit     =    9.00   ( 0.070 % turb. level )
 Vacc      =  0.0100

 Klag  =  5.6000     Uxwt  =    1.00
 A     =  6.7000     B     =  0.7500       KCt = 0.01485
 CtiniK=  1.8000     CtiniX=  3.3000

..VPAR   c>  
..VPAR   c>  
.OPERi   c>  
 M  =    0.0000
 Re =    200000

.OPERv   c>  
.OPERv   c>  
.OPERv   c>  
 Polar  1 newly created for accumulation
 Airfoil archived with polar: AG16                                            

Enter  polar save filename  OR  <return> for no file   s>  
 New polar save file available

Enter  polar dump filename  OR  <return> for no file   s>  
 Polar dump file will NOT be written

 Polar accumulation enabled

.OPERva   c>   Calculating unit vorticity distributions ...
 Calculating wake trajectory ...
 Calculating source influence matrix ...

 Solving BL system ...

 Initializing BL ...
    side            1  ...
 MRCHUE: Inverse mode at  71     Hk =   3.800
 MRCHUE: Inverse mode at  72     Hk =   4.062
 MRCHUE: Inverse mode at  73     Hk =   4.320
 MRCHUE: Inverse mode at  74     Hk =   4.576
 MRCHUE: Inverse mode at  75     Hk =   4.821
 MRCHUE: Inverse mode at  76     Hk =   5.045
 MRCHUE: Inverse mode at  77     Hk =   5.154
    side            2  ...
 MRCHUE: Inverse mode at   9     Hk =   4.091
 MRCHUE: Inverse mode at  10     Hk =   5.052
 MRCHUE: Inverse mode at  11     Hk =   6.097
 MRCHUE: Inverse mode at  12     Hk =   7.366
 MRCHUE: Inverse mode at  13     Hk =   8.866
 MRCHUE: Inverse mode at  14     Hk =  10.410
 MRCHUE: Inverse mode at  15     Hk =   5.521
 MRCHUE: Inverse mode at  16     Hk =   2.500
 MRCHUE: Inverse mode at  17     Hk =   2.500

 Side 1 forced transition at x/c =  1.0000   77
 Side 2  free  transition at x/c =  0.0395   15

   1   rms: 0.1090E+00   max: -.5290E+00   D at   17  2   RLX: 0.945
       a = -4.000      CL = -0.2573
      Cm = -0.0451     CD =  0.01342   =>   CDf =  0.00697    CDp =  0.00645

 Side 1 forced transition at x/c =  1.0000   77
 Side 2  free  transition at x/c =  0.0375   15

   2   rms: 0.2814E-01   max: 0.1706E+00   D at   15  2
       a = -4.000      CL = -0.2433
      Cm = -0.0475     CD =  0.01353   =>   CDf =  0.00742    CDp =  0.00612

 Side 1 forced transition at x/c =  1.0000   77
 Side 2  free  transition at x/c =  0.0405   15

   3   rms: 0.1209E-01   max: 0.1360E+00   D at   15  2
       a = -4.000      CL = -0.2426
      Cm = -0.0476     CD =  0.01386   =>   CDf =  0.00741    CDp =  0.00645

 Side 1 forced transition at x/c =  1.0000   77
 Side 2  free  transition at x/c =  0.0401   15

   4   rms: 0.2561E-03   max: 0.2249E-02   D at   16  2
       a = -4.000      CL = -0.2426
      Cm = -0.0476     CD =  0.01385   =>   CDf =  0.00741    CDp =  0.00644

 Side 1 forced transition at x/c =  1.0000   77
 Side 2  free  transition at x/c =  0.0401   15

   5   rms: 0.3028E-05   max: 0.7655E-05   D at   27  2
       a = -4.000      CL = -0.2426
      Cm = -0.0476     CD =  0.01385   =>   CDf =  0.00741    CDp =  0.00644
 plradd ia,ip,cpol            1           0  3.21970379E-04

 Point added to stored polar  1
 Point written to save file  ag16_Re200k.base.pol                            
 Dump file unspecified or not available
 Calculating wake trajectory ...
 Calculating source influence matrix ...

 Solving BL system ...

 Side 1 forced transition at x/c =  1.0000   77
 Side 2  free  transition at x/c =  0.0401   15

   1   rms: 0.1285E+00   max: -.1364E+01   T at   15  2   RLX: 0.367
       a = -3.500      CL = -0.2236
      Cm = -0.0474     CD =  0.01326   =>   CDf =  0.00741    CDp =  0.00584

 Side 1 forced transition at x/c =  1.0000   77
 Side 2  free  transition at x/c =  0.0455   15

   2   rms: 0.1264E+00   max: -.1028E+01   T at   15  2   RLX: 0.487
       a = -3.500      CL = -0.2060
      Cm = -0.0467     CD =  0.01346   =>   CDf =  0.00760    CDp =  0.00586

 Side 1 forced transition at x/c =  1.0000   78
 Side 2  free  transition at x/c =  0.0565   15

   3   rms: 0.8355E-01   max: 0.9392E+00   D at   15  2   RLX: 0.542
       a = -3.500      CL = -0.1978
      Cm = -0.0470     CD =  0.01196   =>   CDf =  0.00750    CDp =  0.00446

 Side 1 forced transition at x/c =  1.0000   78
 Side 2  free  transition at x/c =  0.0653   16

   4   rms: 0.5348E-01   max: -.6201E+00   T at   16  2   RLX: 0.806
       a = -3.500      CL = -0.1908
      Cm = -0.0471     CD =  0.01171   =>   CDf =  0.00745    CDp =  0.00426

 Side 1 forced transition at x/c =  1.0000   78
 Side 2  free  transition at x/c =  0.0752   17

   5   rms: 0.1311E+00   max: -.7176E+00   T at   17  2   RLX: 0.697
       a = -3.500      CL = -0.1895
      Cm = -0.0473     CD =  0.01095   =>   CDf =  0.00750    CDp =  0.00345

 Side 1 forced transition at x/c =  1.0000   78
 Side 2  free  transition at x/c =  0.0881   18

   6   rms: 0.2254E-01   max: -.1673E+00   D at   17  2
       a = -3.500      CL = -0.1889
      Cm = -0.0471     CD =  0.01152   =>   CDf =  0.00738    CDp =  0.00414

 Side 1 forced transition at x/c =  1.0000   78
 Side 2  free  transition at x/c =  0.0899   18

   7   rms: 0.3796E-02   max: 0.3693E-01   C at   18  2
       a = -3.500      CL = -0.1889
      Cm = -0.0471     CD =  0.01157   =>   CDf =  0.00733    CDp =  0.00424

 Side 1 forced transition at x/c =  1.0000   78
 Side 2  free  transition at x/c =  0.0890   18

   8   rms: 0.1126E-03   max: -.2251E-02   D at   19  2
       a = -3.500      CL = -0.1889
      Cm = -0.0471     CD =  0.01157   =>   CDf =  0.00734    CDp =  0.00423

 Side 1 forced transition at x/c =  1.0000   78

[TIMEOUT]
