
 ===================================================
  XFOIL Version 6.99
  Copyright (C) 2000   Mark Drela, Harold Youngren

  This software comes with ABSOLUTELY NO WARRANTY,
    subject to the GNU General Public License.

  Caveat computor
 ===================================================

 File  xfoil.def  not found

   QUIT    Exit program

  .OPER    Direct operating point(s)
  .MDES    Complex mapping design routine
  .QDES    Surface speed design routine
  .GDES    Geometry design routine

   SAVE f  Write airfoil to labeled coordinate file
   PSAV f  Write airfoil to plain coordinate file
   ISAV f  Write airfoil to ISES coordinate file
   MSAV f  Write airfoil to MSES coordinate file
   REVE    Reverse written-airfoil node ordering

   LOAD f  Read buffer airfoil from coordinate file
   NACA i  Set NACA 4,5-digit airfoil and buffer airfoil
   INTE    Set buffer airfoil by interpolating two airfoils
   NORM    Buffer airfoil normalization toggle
   XYCM rr Change CM reference location, currently  0.25000 0.00000

   BEND    Display structural properties of current airfoil

   PCOP    Set current-airfoil panel nodes directly from buffer airfoil points
   PANE    Set current-airfoil panel nodes ( 160 ) based on curvature
  .PPAR    Show/change paneling

  .PLOP    Plotting options

   WDEF f  Write  current-settings file
   RDEF f  Reread current-settings file
   NAME s  Specify new airfoil name
   NINC    Increment name version number

   Z       Zoom    | (available in all menus)
   U       Unzoom  | 

 XFOIL   c>  
 Labeled airfoil file.  Name:  AG24 Bubble Dancer DLG by Mark Drela | The AG2x 

 Number of input coordinate points: 160
 Counterclockwise ordering
 Max thickness =     0.084142  at x =   0.260
 Max camber    =     0.022298  at x =   0.455

  LE  x,y  =  -0.00000  -0.00012  |   Chord =   1.00000
  TE  x,y  =   1.00000  -0.00017  |

 Current airfoil nodes set from buffer airfoil nodes ( 160 )

 XFOIL   c>  
 XFOIL   c>  
 Blunt trailing edge.  Gap =  0.00097

 Paneling parameters used...
   Number of panel nodes       160
   Panel bunching parameter    1.000
   TE/LE panel density ratio   0.150
   Refined-area/LE panel density ratio    0.200
   Top    side refined area x/c limits  1.000 1.000
   Bottom side refined area x/c limits  1.000 1.000

 XFOIL   c>  
.OPERi   c>  
 Xtr/c     =  1.0000    top    side
 Xtr/c     =  1.0000    bottom side
 Ncrit     =    9.00   ( 0.070 % turb. level )
 Vacc      =  0.0100

 Klag  =  5.6000     Uxwt  =    1.00
 A     =  6.7000     B     =  0.7500       KCt = 0.01485
 CtiniK=  1.8000     CtiniX=  3.3000

..VPAR   c>  
..VPAR   c>  
.OPERi   c>  
 M  =    0.0000
 Re =    500000

.OPERv   c>  
.OPERv   c>  
.OPERv   c>  
 Polar  1 newly created for accumulation
 Airfoil archived with polar: AG24 Bubble Dancer DLG by Mark Drela | The AG2x 

Enter  polar save filename  OR  <return> for no file   s>  
 New polar save file available

Enter  polar dump filename  OR  <return> for no file   s>  
 Polar dump file will NOT be written

 Polar accumulation enabled

.OPERva   c>   Calculating unit vorticity distributions ...
 Calculating wake trajectory ...
 Calculating source influence matrix ...

 Solving BL system ...

 Initializing BL ...
    side            1  ...
 MRCHUE: Inverse mode at  63     Hk =   3.922
 MRCHUE: Inverse mode at  64     Hk =   4.385
 MRCHUE: Inverse mode at  65     Hk =   4.842
 MRCHUE: Inverse mode at  66     Hk =   5.294
 MRCHUE: Inverse mode at  67     Hk =   5.742
 MRCHUE: Inverse mode at  68     Hk =   6.185
 MRCHUE: Inverse mode at  69     Hk =   6.625
 MRCHUE: Inverse mode at  70     Hk =   7.063
 MRCHUE: Inverse mode at  71     Hk =   7.498
 MRCHUE: Inverse mode at  72     Hk =   7.931
 MRCHUE: Inverse mode at  73     Hk =   7.496
 MRCHUE: Inverse mode at  74     Hk =   5.629
 MRCHUE: Inverse mode at  75     Hk =   4.384
 MRCHUE: Inverse mode at  76     Hk =   3.537
 MRCHUE: Inverse mode at  77     Hk =   3.193
    side            2  ...
 MRCHUE: Inverse mode at  10     Hk =   4.611
 MRCHUE: Inverse mode at  11     Hk =   5.998
 MRCHUE: Inverse mode at  12     Hk =   7.528
 MRCHUE: Inverse mode at  13     Hk =   9.385
 MRCHUE: Inverse mode at  14     Hk =   5.912
 MRCHUE: Inverse mode at  15     Hk =   2.500

 Side 1  free  transition at x/c =  0.9508   73
 Side 2  free  transition at x/c =  0.0226   14

   1   rms: 0.1708E+00   max: -.1395E+01   T at   73  1   RLX: 0.358
       a = -4.000      CL = -0.1385
      Cm = -0.0737     CD =  0.01069   =>   CDf =  0.00582    CDp =  0.00487

 MRCHDU: Convergence failed at  76  side 1    Res =  0.1339E+01
 MRCHDU: Convergence failed at  77  side 1    Res =  0.2142E+01
 Side 1  free  transition at x/c =  0.9763   75
 Side 2  free  transition at x/c =  0.0255   15

   2   rms: 0.2396E+00   max: 0.1116E+01   D at   15  2
       a = -4.000      CL = -0.1637
      Cm = -0.0640     CD =  0.01193   =>   CDf =  0.00589    CDp =  0.00604

 Side 1  free  transition at x/c =  0.9876   76
 Side 2  free  transition at x/c =  0.0217   14

   3   rms: 0.8110E-01   max: -.7458E+00   D at   14  2   RLX: 0.670
       a = -4.000      CL = -0.1639
      Cm = -0.0636     CD =  0.01110   =>   CDf =  0.00575    CDp =  0.00535

 Side 1  free  transition at x/c =  0.9846   76
 Side 2  free  transition at x/c =  0.0225   14

   4   rms: 0.4225E-01   max: -.4852E+00   D at   14  2
       a = -4.000      CL = -0.1651
      Cm = -0.0641     CD =  0.01025   =>   CDf =  0.00588    CDp =  0.00436

 Side 1  free  transition at x/c =  0.9837   76
 Side 2  free  transition at x/c =  0.0238   14

   5   rms: 0.1174E-01   max: 0.1136E+00   D at   15  2
       a = -4.000      CL = -0.1652
      Cm = -0.0641     CD =  0.01012   =>   CDf =  0.00597    CDp =  0.00415

 Side 1  free  transition at x/c =  0.9838   76
 Side 2  free  transition at x/c =  0.0238   14

   6   rms: 0.1862E-03   max: 0.2652E-02   D at   14  2
       a = -4.000      CL = -0.1652
      Cm = -0.0641     CD =  0.01013   =>   CDf =  0.00595    CDp =  0.00418

 Side 1  free  transition at x/c =  0.9838   76
 Side 2  free  transition at x/c =  0.0238   14

   7   rms: 0.1130E-05   max: -.5841E-05   D at   88  2
       a = -4.000      CL = -0.1652
      Cm = -0.0641     CD =  0.01013   =>   CDf =  0.00595    CDp =  0.00418
 plradd ia,ip,cpol            1           0  9.06409114E-04

 Point added to stored polar  1
 Point written to save file  ag24_Re500k.base.pol                            
 Dump file unspecified or not available
 Calculating wake trajectory ...
 Calculating source influence matrix ...

 Solving BL system ...

 Side 1  free  transition at x/c =  0.9838   76
 Side 2  free  transition at x/c =  0.0238   14

   1   rms: 0.1334E+00   max: -.9365E+00   T at   14  2   RLX: 0.534
       a = -3.500      CL = -0.1231
      Cm = -0.0667     CD =  0.00959   =>   CDf =  0.00595    CDp =  0.00364

 MRCHDU: Convergence failed at  15  side 2    Res =  0.2821E+01
 MRCHDU: Convergence failed at  16  side 2    Res =  0.2080E+02
 MRCHDU: Convergence failed at  17  side 2    Res =  0.2885E+01
 MRCHDU: Convergence failed at  18  side 2    Res =  0.3444E+01
 MRCHDU: Convergence failed at  19  side 2    Res =  0.4792E+01
 MRCHDU: Convergence failed at  20  side 2    Res =  0.6592E+01
 MRCHDU: Convergence failed at  21  side 2    Res =  0.8868E+01
 MRCHDU: Convergence failed at  22  side 2    Res =  0.1339E+02
 MRCHDU: Convergence failed at  23  side 2    Res =  0.2226E+02
 MRCHDU: Convergence failed at  24  side 2    Res =  0.4852E+02
 MRCHDU: Convergence failed at  25  side 2    Res =  0.4911E+04
 MRCHDU: Convergence failed at  26  side 2    Res =  0.6373E+02
 MRCHDU: Convergence failed at  27  side 2    Res =  0.3551E+02
 MRCHDU: Convergence failed at  28  side 2    Res =  0.2647E+02
 MRCHDU: Convergence failed at  29  side 2    Res =  0.2191E+02
 MRCHDU: Convergence failed at  30  side 2    Res =  0.1906E+02
 MRCHDU: Convergence failed at  31  side 2    Res =  0.1070E+02

[TIMEOUT]
