
 ===================================================
  XFOIL Version 6.99
  Copyright (C) 2000   Mark Drela, Harold Youngren

  This software comes with ABSOLUTELY NO WARRANTY,
    subject to the GNU General Public License.

  Caveat computor
 ===================================================

 File  xfoil.def  not found

   QUIT    Exit program

  .OPER    Direct operating point(s)
  .MDES    Complex mapping design routine
  .QDES    Surface speed design routine
  .GDES    Geometry design routine

   SAVE f  Write airfoil to labeled coordinate file
   PSAV f  Write airfoil to plain coordinate file
   ISAV f  Write airfoil to ISES coordinate file
   MSAV f  Write airfoil to MSES coordinate file
   REVE    Reverse written-airfoil node ordering

   LOAD f  Read buffer airfoil from coordinate file
   NACA i  Set NACA 4,5-digit airfoil and buffer airfoil
   INTE    Set buffer airfoil by interpolating two airfoils
   NORM    Buffer airfoil normalization toggle
   XYCM rr Change CM reference location, currently  0.25000 0.00000

   BEND    Display structural properties of current airfoil

   PCOP    Set current-airfoil panel nodes directly from buffer airfoil points
   PANE    Set current-airfoil panel nodes ( 160 ) based on curvature
  .PPAR    Show/change paneling

  .PLOP    Plotting options

   WDEF f  Write  current-settings file
   RDEF f  Reread current-settings file
   NAME s  Specify new airfoil name
   NINC    Increment name version number

   Z       Zoom    | (available in all menus)
   U       Unzoom  | 

 XFOIL   c>  
 Labeled airfoil file.  Name:  AG27 Bubble Dancer DLG by Mark Drela | The AG2x 

 Number of input coordinate points: 160
 Counterclockwise ordering
 Max thickness =     0.061142  at x =   0.217
 Max camber    =     0.027109  at x =   0.440

  LE  x,y  =   0.00000   0.00000  |   Chord =   1.00000
  TE  x,y  =   1.00000  -0.00023  |

 Current airfoil nodes set from buffer airfoil nodes ( 160 )

 XFOIL   c>  
 XFOIL   c>  
 Blunt trailing edge.  Gap =  0.00103

 Paneling parameters used...
   Number of panel nodes       160
   Panel bunching parameter    1.000
   TE/LE panel density ratio   0.150
   Refined-area/LE panel density ratio    0.200
   Top    side refined area x/c limits  1.000 1.000
   Bottom side refined area x/c limits  1.000 1.000

 XFOIL   c>  
.OPERi   c>  
 Xtr/c     =  1.0000    top    side
 Xtr/c     =  1.0000    bottom side
 Ncrit     =    9.00   ( 0.070 % turb. level )
 Vacc      =  0.0100

 Klag  =  5.6000     Uxwt  =    1.00
 A     =  6.7000     B     =  0.7500       KCt = 0.01485
 CtiniK=  1.8000     CtiniX=  3.3000

..VPAR   c>  
..VPAR   c>  
.OPERi   c>  
 M  =    0.0000
 Re =    200000

.OPERv   c>  
.OPERv   c>  
.OPERv   c>  
 Polar  1 newly created for accumulation
 Airfoil archived with polar: AG27 Bubble Dancer DLG by Mark Drela | The AG2x 

Enter  polar save filename  OR  <return> for no file   s>  
 New polar save file available

Enter  polar dump filename  OR  <return> for no file   s>  
 Polar dump file will NOT be written

 Polar accumulation enabled

.OPERva   c>   Calculating unit vorticity distributions ...
 Calculating wake trajectory ...
 Calculating source influence matrix ...

 Solving BL system ...

 Initializing BL ...
    side            1  ...
 MRCHUE: Inverse mode at  69     Hk =   3.880
 MRCHUE: Inverse mode at  70     Hk =   4.153
 MRCHUE: Inverse mode at  71     Hk =   4.421
 MRCHUE: Inverse mode at  72     Hk =   4.686
 MRCHUE: Inverse mode at  73     Hk =   4.948
 MRCHUE: Inverse mode at  74     Hk =   5.207
 MRCHUE: Inverse mode at  75     Hk =   5.456
 MRCHUE: Inverse mode at  76     Hk =   5.675
 MRCHUE: Inverse mode at  77     Hk =   5.780
    side            2  ...
 MRCHUE: Inverse mode at   9     Hk =   3.820
 MRCHUE: Inverse mode at  10     Hk =   4.791
 MRCHUE: Convergence failed at  11  side 2    Res =  0.1804E+01
 MRCHUE: Inverse mode at  12     Hk =   5.988
 MRCHUE: Inverse mode at  13     Hk =   7.326
 MRCHUE: Inverse mode at  14     Hk =   8.886
 MRCHUE: Inverse mode at  15     Hk =   9.214
 MRCHUE: Inverse mode at  16     Hk =   2.500
 MRCHUE: Inverse mode at  17     Hk =   2.500
 MRCHUE: Inverse mode at  18     Hk =   2.500
 MRCHUE: Inverse mode at  19     Hk =   2.500

 MRCHDU: Convergence failed at  16  side 2    Res =  0.3437E+01
 MRCHDU: Convergence failed at  17  side 2    Res =  0.5755E+02
 MRCHDU: Convergence failed at  18  side 2    Res =  0.2740E+02
 MRCHDU: Convergence failed at  19  side 2    Res =  0.2121E+02
 MRCHDU: Convergence failed at  20  side 2    Res =  0.3642E+02
 MRCHDU: Convergence failed at  21  side 2    Res =  0.1662E+02
 MRCHDU: Convergence failed at  22  side 2    Res =  0.3816E+02
 MRCHDU: Convergence failed at  23  side 2    Res =  0.5117E+02
 MRCHDU: Convergence failed at  24  side 2    Res =  0.1482E+03
 MRCHDU: Convergence failed at  25  side 2    Res =  0.3780E+03
 MRCHDU: Convergence failed at  26  side 2    Res =  0.1260E+04
 MRCHDU: Convergence failed at  27  side 2    Res =  0.7066E+03
 MRCHDU: Convergence failed at  28  side 2    Res =  0.4628E+03
 MRCHDU: Convergence failed at  29  side 2    Res =  0.1125E+04
 MRCHDU: Convergence failed at  30  side 2    Res =  0.1228E+04
 MRCHDU: Convergence failed at  31  side 2    Res =  0.3970E+03
 MRCHDU: Convergence failed at  32  side 2    Res =  0.2469E+03
 MRCHDU: Convergence failed at  33  side 2    Res =  0.1821E+03
 MRCHDU: Convergence failed at  34  side 2    Res =  0.1457E+03
 MRCHDU: Convergence failed at  35  side 2    Res =  0.1226E+03
 MRCHDU: Convergence failed at  36  side 2    Res =  0.1079E+03
 MRCHDU: Convergence failed at  37  side 2    Res =  0.9641E+02
 MRCHDU: Convergence failed at  38  side 2    Res =  0.8736E+02
 MRCHDU: Convergence failed at  39  side 2    Res =  0.8110E+02
 MRCHDU: Convergence failed at  40  side 2    Res =  0.7562E+02
 MRCHDU: Convergence failed at  41  side 2    Res =  0.3130E+02
 MRCHDU: Convergence failed at  42  side 2    Res =  0.1287E+05
 MRCHDU: Convergence failed at  43  side 2    Res =  0.1386E+04
 MRCHDU: Convergence failed at  44  side 2    Res =  0.6442E+03
 MRCHDU: Convergence failed at  45  side 2    Res =  0.4090E+03
 MRCHDU: Convergence failed at  46  side 2    Res =  0.3123E+03
 MRCHDU: Convergence failed at  47  side 2    Res =  0.2581E+03
 MRCHDU: Convergence failed at  48  side 2    Res =  0.2300E+03
 MRCHDU: Convergence failed at  49  side 2    Res =  0.1991E+03
 MRCHDU: Convergence failed at  50  side 2    Res =  0.1812E+03
 MRCHDU: Convergence failed at  51  side 2    Res =  0.1690E+03
 MRCHDU: Convergence failed at  52  side 2    Res =  0.1554E+03
 MRCHDU: Convergence failed at  53  side 2    Res =  0.1478E+03
 MRCHDU: Convergence failed at  54  side 2    Res =  0.1388E+03
 MRCHDU: Convergence failed at  55  side 2    Res =  0.1331E+03
 MRCHDU: Convergence failed at  56  side 2    Res =  0.1270E+03
 MRCHDU: Convergence failed at  57  side 2    Res =  0.9332E+02
 MRCHDU: Convergence failed at  58  side 2    Res =  0.9104E+02
 MRCHDU: Convergence failed at  59  side 2    Res =  0.8899E+02
 MRCHDU: Convergence failed at  60  side 2    Res =  0.1098E+03
 MRCHDU: Convergence failed at  61  side 2    Res =  0.1127E+03
 MRCHDU: Convergence failed at  62  side 2    Res =  0.1162E+03
 MRCHDU: Convergence failed at  63  side 2    Res =  0.8261E+02
 MRCHDU: Convergence failed at  64  side 2    Res =  0.1230E+03
 MRCHDU: Convergence failed at  65  side 2    Res =  0.8078E+02
 MRCHDU: Convergence failed at  66  side 2    Res =  0.7927E+02
 MRCHDU: Convergence failed at  67  side 2    Res =  0.7884E+02
 MRCHDU: Convergence failed at  68  side 2    Res =  0.7817E+02
 MRCHDU: Convergence failed at  69  side 2    Res =  0.7806E+02
 MRCHDU: Convergence failed at  70  side 2    Res =  0.7709E+02
 MRCHDU: Convergence failed at  71  side 2    Res =  0.7705E+02
 MRCHDU: Convergence failed at  72  side 2    Res =  0.7705E+02
 MRCHDU: Convergence failed at  73  side 2    Res =  0.7597E+02
 MRCHDU: Convergence failed at  74  side 2    Res =  0.7650E+02
 MRCHDU: Convergence failed at  75  side 2    Res =  0.7514E+02
 MRCHDU: Convergence failed at  76  side 2    Res =  0.7538E+02
 MRCHDU: Convergence failed at  77  side 2    Res =  0.7432E+02
 MRCHDU: Convergence failed at  78  side 2    Res =  0.7388E+02
 MRCHDU: Convergence failed at  79  side 2    Res =  0.7270E+02
 MRCHDU: Convergence failed at  80  side 2    Res =  0.7270E+02
 MRCHDU: Convergence failed at  81  side 2    Res =  0.7121E+02
 MRCHDU: Convergence failed at  82  side 2    Res =  0.6972E+02
 MRCHDU: Convergence failed at  83  side 2    Res =  0.6835E+02
 MRCHDU: Convergence failed at  84  side 2    Res =  0.2458E+03
 MRCHDU: Convergence failed at  85  side 2    Res =  0.6204E+02
 Side 1 forced transition at x/c =  1.0000   77
 Side 2  free  transition at x/c =  0.0394   16

   1   rms: 0.1676E+01   max: 0.4779E+01   T at   16  2   RLX: 0.286
       a = -4.000      CL = -1.8225
      Cm =  0.4117     CD =  0.00569   =>   CDf =  0.00238    CDp =  0.00331

 MRCHDU: Convergence failed at  58  side 2    Res =  0.3513E-01
 Side 1 forced transition at x/c =  1.0000   77
 Side 2  free  transition at x/c =  0.0336   15

   2   rms: 0.6819E+00   max: -.6387E+00   D at   86  2   RLX: 0.301
       a = -4.000      CL = -0.9739
      Cm =  0.1671     CD =  0.02377   =>   CDf =  0.00520    CDp =  0.01857

 Side 1 forced transition at x/c =  1.0000   77
 Side 2  free  transition at x/c =  0.0291   15

   3   rms: 0.5138E+00   max: -.6582E+00   D at   86  2   RLX: 0.460
       a = -4.000      CL = -0.5652
      Cm =  0.0460     CD =  0.02459   =>   CDf =  0.00481    CDp =  0.01978

 Side 1 forced transition at x/c =  1.0000   77
 Side 2  free  transition at x/c =  0.0266   15

   4   rms: 0.3939E+00   max: -.6444E+00   D at   86  2   RLX: 0.463
       a = -4.000      CL = -0.3583
      Cm = -0.0150     CD =  0.02308   =>   CDf =  0.00466    CDp =  0.01842

 Side 1 forced transition at x/c =  1.0000   77
 Side 2  free  transition at x/c =  0.0268   15

   5   rms: 0.4265E+00   max: -.1472E+01   D at   58  2   RLX: 0.340
       a = -4.000      CL = -0.2548
      Cm = -0.0483     CD =  0.01922   =>   CDf =  0.00536    CDp =  0.01386

 Side 1 forced transition at x/c =  1.0000   77
 Side 2  free  transition at x/c =  0.0273   15

   6   rms: 0.5235E+00   max: -.1863E+01   D at   50  2   RLX: 0.268
       a = -4.000      CL = -0.2466
      Cm = -0.0525     CD =  0.01928   =>   CDf =  0.00555    CDp =  0.01373

 MRCHDU: Convergence failed at  42  side 2    Res =  0.4907E+00
 MRCHDU: Convergence failed at  43  side 2    Res =  0.1340E+00
 Side 1 forced transition at x/c =  1.0000   77
 Side 2  free  transition at x/c =  0.0279   15

   7   rms: 0.3548E+01   max: -.1535E+02   C at   77  1   RLX: 0.033
       a = -4.000      CL = -0.1964
      Cm = -0.0639     CD =  0.01792   =>   CDf =  0.00697    CDp =  0.01095

 MRCHDU: Convergence failed at  44  side 2    Res =  0.5098E+00
 MRCHDU: Convergence failed at  45  side 2    Res =  0.5044E+00
 MRCHDU: Convergence failed at  46  side 2    Res =  0.5282E+00
 MRCHDU: Convergence failed at  47  side 2    Res =  0.5934E+00
 MRCHDU: Convergence failed at  48  side 2    Res =  0.6090E+00
 MRCHDU: Convergence failed at  49  side 2    Res =  0.5887E+00
 MRCHDU: Convergence failed at  50  side 2    Res =  0.6805E+00
 MRCHDU: Convergence failed at  51  side 2    Res =  0.7300E+00
 MRCHDU: Convergence failed at  52  side 2    Res =  0.1179E+01
 MRCHDU: Convergence failed at  53  side 2    Res =  0.8607E+00
 MRCHDU: Convergence failed at  54  side 2    Res =  0.3255E+01
 MRCHDU: Convergence failed at  55  side 2    Res =  0.1596E+01
 MRCHDU: Convergence failed at  56  side 2    Res =  0.2004E+01
 MRCHDU: Convergence failed at  57  side 2    Res =  0.1894E+01
 MRCHDU: Convergence failed at  60  side 2    Res =  0.2083E+01
 MRCHDU: Convergence failed at  61  side 2    Res =  0.1016E+01
 MRCHDU: Convergence failed at  62  side 2    Res =  0.9944E+00
 MRCHDU: Convergence failed at  63  side 2    Res =  0.9992E+00
 MRCHDU: Convergence failed at  64  side 2    Res =  0.1021E+01
 MRCHDU: Convergence failed at  65  side 2    Res =  0.1050E+01
 MRCHDU: Convergence failed at  66  side 2    Res =  0.1084E+01
 MRCHDU: Convergence failed at  67  side 2    Res =  0.1127E+01
 MRCHDU: Convergence failed at  68  side 2    Res =  0.1306E+01
 MRCHDU: Convergence failed at  69  side 2    Res =  0.1342E+01
 MRCHDU: Convergence failed at  70  side 2    Res =  0.1387E+01
 MRCHDU: Convergence failed at  71  side 2    Res =  0.1467E+01
 MRCHDU: Convergence failed at  72  side 2    Res =  0.1542E+01
 MRCHDU: Convergence failed at  73  side 2    Res =  0.1632E+01
 MRCHDU: Convergence failed at  74  side 2    Res =  0.1738E+01
 MRCHDU: Convergence failed at  75  side 2    Res =  0.1871E+01
 MRCHDU: Convergence failed at  76  side 2    Res =  0.2033E+01
 MRCHDU: Convergence failed at  77  side 2    Res =  0.2263E+01
 MRCHDU: Convergence failed at  78  side 2    Res =  0.2602E+01
 MRCHDU: Convergence failed at  79  side 2    Res =  0.3194E+01
 MRCHDU: Convergence failed at  80  side 2    Res =  0.5073E+01
 MRCHDU: Convergence failed at  81  side 2    Res =  0.1920E+01
 Side 1 forced transition at x/c =  1.0000   77
 Side 2  free  transition at x/c =  0.0308   15

   8   rms: 0.1238E+01   max: 0.6848E+01   C at   77  1   RLX: 0.219
       a = -4.000      CL = -0.7180
      Cm =  0.1398     CD =  0.01937   =>   CDf =  0.01181    CDp =  0.00756

 MRCHDU: Convergence failed at  15  side 2    Res =  0.6815E+01
 MRCHDU: Convergence failed at  16  side 2    Res =  0.3629E+02
 MRCHDU: Convergence failed at  17  side 2    Res =  0.1143E+03
 MRCHDU: Convergence failed at  18  side 2    Res =  0.3391E+02
 MRCHDU: Convergence failed at  19  side 2    Res =  0.4736E+02
 MRCHDU: Convergence failed at  20  side 2    Res =  0.5156E+02
 MRCHDU: Convergence failed at  21  side 2    Res =  0.3621E+03
 MRCHDU: Convergence failed at  22  side 2    Res =  0.9073E+03
 MRCHDU: Convergence failed at  23  side 2    Res =  0.7170E+03
 MRCHDU: Convergence failed at  24  side 2    Res =  0.4002E+03
 MRCHDU: Convergence failed at  25  side 2    Res =  0.7905E+03
 MRCHDU: Convergence failed at  26  side 2    Res =  0.8819E+02
 MRCHDU: Convergence failed at  27  side 2    Res =  0.9493E+02
 MRCHDU: Convergence failed at  28  side 2    Res =  0.1718E+03
 MRCHDU: Convergence failed at  29  side 2    Res =  0.2168E+03
 MRCHDU: Convergence failed at  30  side 2    Res =  0.2475E+03
 MRCHDU: Convergence failed at  31  side 2    Res =  0.2783E+03
 MRCHDU: Convergence failed at  32  side 2    Res =  0.3099E+03
 MRCHDU: Convergence failed at  33  side 2    Res =  0.3419E+03
 MRCHDU: Convergence failed at  34  side 2    Res =  0.3728E+03
 MRCHDU: Convergence failed at  35  side 2    Res =  0.3999E+03
 MRCHDU: Convergence failed at  36  side 2    Res =  0.4173E+03
 MRCHDU: Convergence failed at  37  side 2    Res =  0.4194E+03
 MRCHDU: Convergence failed at  38  side 2    Res =  0.4001E+03
 MRCHDU: Convergence failed at  39  side 2    Res =  0.3528E+03
 MRCHDU: Convergence failed at  40  side 2    Res =  0.1204E+03
 MRCHDU: Convergence failed at  41  side 2    Res =  0.1181E+03
 MRCHDU: Convergence failed at  42  side 2    Res =  0.9635E+03
 MRCHDU: Convergence failed at  43  side 2    Res =  0.7659E+03
 MRCHDU: Convergence failed at  44  side 2    Res =  0.1384E+03
 MRCHDU: Convergence failed at  45  side 2    Res =  0.1282E+03
 MRCHDU: Convergence failed at  46  side 2    Res =  0.1354E+03
 MRCHDU: Convergence failed at  47  side 2    Res =  0.1421E+03
 MRCHDU: Convergence failed at  48  side 2    Res =  0.1482E+03
 MRCHDU: Convergence failed at  49  side 2    Res =  0.1536E+03
 MRCHDU: Convergence failed at  50  side 2    Res =  0.1487E+03
 MRCHDU: Convergence failed at  51  side 2    Res =  0.1522E+03
 MRCHDU: Convergence failed at  52  side 2    Res =  0.1537E+03
 MRCHDU: Convergence failed at  53  side 2    Res =  0.1560E+03

[TIMEOUT]
