
 ===================================================
  XFOIL Version 6.99
  Copyright (C) 2000   Mark Drela, Harold Youngren

  This software comes with ABSOLUTELY NO WARRANTY,
    subject to the GNU General Public License.

  Caveat computor
 ===================================================

 File  xfoil.def  not found

   QUIT    Exit program

  .OPER    Direct operating point(s)
  .MDES    Complex mapping design routine
  .QDES    Surface speed design routine
  .GDES    Geometry design routine

   SAVE f  Write airfoil to labeled coordinate file
   PSAV f  Write airfoil to plain coordinate file
   ISAV f  Write airfoil to ISES coordinate file
   MSAV f  Write airfoil to MSES coordinate file
   REVE    Reverse written-airfoil node ordering

   LOAD f  Read buffer airfoil from coordinate file
   NACA i  Set NACA 4,5-digit airfoil and buffer airfoil
   INTE    Set buffer airfoil by interpolating two airfoils
   NORM    Buffer airfoil normalization toggle
   XYCM rr Change CM reference location, currently  0.25000 0.00000

   BEND    Display structural properties of current airfoil

   PCOP    Set current-airfoil panel nodes directly from buffer airfoil points
   PANE    Set current-airfoil panel nodes ( 160 ) based on curvature
  .PPAR    Show/change paneling

  .PLOP    Plotting options

   WDEF f  Write  current-settings file
   RDEF f  Reread current-settings file
   NAME s  Specify new airfoil name
   NINC    Increment name version number

   Z       Zoom    | (available in all menus)
   U       Unzoom  | 

 XFOIL   c>  
 Labeled airfoil file.  Name:  AG36                                            

 Number of input coordinate points: 180
 Counterclockwise ordering
 Max thickness =     0.081783  at x =   0.276
 Max camber    =     0.022435  at x =   0.368

  LE  x,y  =   0.00000   0.02638  |   Chord =   1.00031
  TE  x,y  =   1.00000   0.00134  |

 Current airfoil nodes set from buffer airfoil nodes ( 180 )

 XFOIL   c>  
 XFOIL   c>  
 Blunt trailing edge.  Gap =  0.00267

 Paneling parameters used...
   Number of panel nodes       160
   Panel bunching parameter    1.000
   TE/LE panel density ratio   0.150
   Refined-area/LE panel density ratio    0.200
   Top    side refined area x/c limits  1.000 1.000
   Bottom side refined area x/c limits  1.000 1.000

 XFOIL   c>  
.OPERi   c>  
 Xtr/c     =  1.0000    top    side
 Xtr/c     =  1.0000    bottom side
 Ncrit     =    9.00   ( 0.070 % turb. level )
 Vacc      =  0.0100

 Klag  =  5.6000     Uxwt  =    1.00
 A     =  6.7000     B     =  0.7500       KCt = 0.01485
 CtiniK=  1.8000     CtiniX=  3.3000

..VPAR   c>  
..VPAR   c>  
.OPERi   c>  
 M  =    0.0000
 Re =    600000

.OPERv   c>  
.OPERv   c>  
.OPERv   c>  
 Polar  1 newly created for accumulation
 Airfoil archived with polar: AG36                                            

Enter  polar save filename  OR  <return> for no file   s>  
 New polar save file available

Enter  polar dump filename  OR  <return> for no file   s>  
 Polar dump file will NOT be written

 Polar accumulation enabled

.OPERva   c>   Calculating unit vorticity distributions ...
 Calculating wake trajectory ...
 Calculating source influence matrix ...

 Solving BL system ...

 Initializing BL ...
    side            1  ...
 MRCHUE: Inverse mode at  41     Hk =   3.800
 MRCHUE: Inverse mode at  42     Hk =   4.547
 MRCHUE: Inverse mode at  43     Hk =   5.278
 MRCHUE: Inverse mode at  44     Hk =   5.994
 MRCHUE: Inverse mode at  45     Hk =   6.699
 MRCHUE: Inverse mode at  46     Hk =   7.395
 MRCHUE: Inverse mode at  47     Hk =   8.084
 MRCHUE: Inverse mode at  48     Hk =   8.765
 MRCHUE: Inverse mode at  49     Hk =   9.441
 MRCHUE: Inverse mode at  50     Hk =   6.729
 MRCHUE: Inverse mode at  51     Hk =   4.820
 MRCHUE: Inverse mode at  52     Hk =   3.559
 MRCHUE: Inverse mode at  53     Hk =   2.628
    side            2  ...
 MRCHUE: Inverse mode at  13     Hk =   4.672
 MRCHUE: Inverse mode at  14     Hk =   6.039
 MRCHUE: Inverse mode at  15     Hk =   7.581
 MRCHUE: Inverse mode at  16     Hk =   9.378
 MRCHUE: Inverse mode at  17     Hk =   3.979
 MRCHUE: Inverse mode at  18     Hk =   2.500

 Side 1  free  transition at x/c =  0.5973   50
 Side 2  free  transition at x/c =  0.0351   17

   1   rms: 0.2106E+00   max: -.2308E+01   T at   50  1   RLX: 0.217
       a = -4.000      CL = -0.0754
      Cm = -0.0402     CD =  0.01100   =>   CDf =  0.00746    CDp =  0.00354

 Side 1  free  transition at x/c =  0.6069   50
 Side 2  free  transition at x/c =  0.0359   17

   2   rms: 0.2134E+00   max: -.3072E+01   T at   50  1   RLX: 0.163
       a = -4.000      CL = -0.0765
      Cm = -0.0399     CD =  0.01194   =>   CDf =  0.00747    CDp =  0.00448

 Side 1  free  transition at x/c =  0.6210   51
 Side 2  free  transition at x/c =  0.0363   17

   3   rms: 0.1551E+00   max: -.2075E+01   T at   51  1   RLX: 0.241
       a = -4.000      CL = -0.0706
      Cm = -0.0415     CD =  0.01030   =>   CDf =  0.00743    CDp =  0.00287

 MRCHDU: Convergence failed at  53  side 1    Res =  0.1184E+02
 Side 1  free  transition at x/c =  0.6429   53
 Side 2  free  transition at x/c =  0.0371   17

   4   rms: 0.2287E+00   max: -.1921E+01   T at   53  1   RLX: 0.260
       a = -4.000      CL = -0.0599
      Cm = -0.0439     CD =  0.00890   =>   CDf =  0.00710    CDp =  0.00181

 Side 1  free  transition at x/c =  0.6912   56
 Side 2  free  transition at x/c =  0.0383   17

   5   rms: 0.1586E+01   max: -.3097E+02   C at   56  1   RLX: 0.016
       a = -4.000      CL = -0.0621
      Cm = -0.0428     CD =  0.00903   =>   CDf =  0.00680    CDp =  0.00223

 Side 1  free  transition at x/c =  0.6934   56
 Side 2  free  transition at x/c =  0.0384   17

   6   rms: 0.1934E+01   max: -.3545E+02   C at   56  1   RLX: 0.014
       a = -4.000      CL = -0.0611
      Cm = -0.0430     CD =  0.00898   =>   CDf =  0.00673    CDp =  0.00225

 Side 1  free  transition at x/c =  0.6912   56
 Side 2  free  transition at x/c =  0.0386   17

   7   rms: 0.2114E+00   max: -.2525E+01   T at   56  1   RLX: 0.198
       a = -4.000      CL = -0.0591
      Cm = -0.0430     CD =  0.00908   =>   CDf =  0.00702    CDp =  0.00207

 Side 1  free  transition at x/c =  0.7370   59
 Side 2  free  transition at x/c =  0.0391   17

   8   rms: 0.1875E+00   max: -.2177E+01   T at   59  1   RLX: 0.230
       a = -4.000      CL = -0.0578
      Cm = -0.0428     CD =  0.00893   =>   CDf =  0.00678    CDp =  0.00214

 Side 1  free  transition at x/c =  0.9001   71
 Side 2  free  transition at x/c =  0.0396   17

   9   rms: 0.9542E-01   max: -.7050E+00   C at   71  1   RLX: 0.709
       a = -4.000      CL = -0.0453
      Cm = -0.0472     CD =  0.00832   =>   CDf =  0.00604    CDp =  0.00229

 Side 1  free  transition at x/c =  0.9284   73
 Side 2  free  transition at x/c =  0.0407   18

  10   rms: 0.4490E-01   max: -.2204E+00   T at   18  2
       a = -4.000      CL = -0.0352
      Cm = -0.0498     CD =  0.00812   =>   CDf =  0.00599    CDp =  0.00213

 MRCHDU: Convergence failed at  18  side 2    Res =  0.2876E+01
 Side 1  free  transition at x/c =  0.9334   73
 Side 2  free  transition at x/c =  0.0481   18

  11   rms: 0.3647E-01   max: 0.5418E+00   C at   18  2
       a = -4.000      CL = -0.0350
      Cm = -0.0498     CD =  0.00818   =>   CDf =  0.00586    CDp =  0.00232

 Side 1  free  transition at x/c =  0.9319   73
 Side 2  free  transition at x/c =  0.0450   18

  12   rms: 0.6118E-02   max: -.7348E-01   D at   19  2
       a = -4.000      CL = -0.0348
      Cm = -0.0498     CD =  0.00825   =>   CDf =  0.00595    CDp =  0.00231

 Side 1  free  transition at x/c =  0.9317   73
 Side 2  free  transition at x/c =  0.0452   18

  13   rms: 0.1399E-03   max: 0.1512E-02   T at   18  2
       a = -4.000      CL = -0.0348
      Cm = -0.0498     CD =  0.00826   =>   CDf =  0.00596    CDp =  0.00230

 Side 1  free  transition at x/c =  0.9318   73

[TIMEOUT]
