
 ===================================================
  XFOIL Version 6.99
  Copyright (C) 2000   Mark Drela, Harold Youngren

  This software comes with ABSOLUTELY NO WARRANTY,
    subject to the GNU General Public License.

  Caveat computor
 ===================================================

 File  xfoil.def  not found

   QUIT    Exit program

  .OPER    Direct operating point(s)
  .MDES    Complex mapping design routine
  .QDES    Surface speed design routine
  .GDES    Geometry design routine

   SAVE f  Write airfoil to labeled coordinate file
   PSAV f  Write airfoil to plain coordinate file
   ISAV f  Write airfoil to ISES coordinate file
   MSAV f  Write airfoil to MSES coordinate file
   REVE    Reverse written-airfoil node ordering

   LOAD f  Read buffer airfoil from coordinate file
   NACA i  Set NACA 4,5-digit airfoil and buffer airfoil
   INTE    Set buffer airfoil by interpolating two airfoils
   NORM    Buffer airfoil normalization toggle
   XYCM rr Change CM reference location, currently  0.25000 0.00000

   BEND    Display structural properties of current airfoil

   PCOP    Set current-airfoil panel nodes directly from buffer airfoil points
   PANE    Set current-airfoil panel nodes ( 160 ) based on curvature
  .PPAR    Show/change paneling

  .PLOP    Plotting options

   WDEF f  Write  current-settings file
   RDEF f  Reread current-settings file
   NAME s  Specify new airfoil name
   NINC    Increment name version number

   Z       Zoom    | (available in all menus)
   U       Unzoom  | 

 XFOIL   c>  
 Labeled airfoil file.  Name:  AG44ct -02f                                     

 Number of input coordinate points: 170
 Counterclockwise ordering
 Max thickness =     0.072902  at x =   0.246
 Max camber    =     0.019424  at x =   0.344

  LE  x,y  =   0.00000   0.00000  |   Chord =   1.00000
  TE  x,y  =   1.00000   0.00000  |

 Current airfoil nodes set from buffer airfoil nodes ( 170 )

 XFOIL   c>  
 XFOIL   c>  
 Blunt trailing edge.  Gap =  0.00053

 Paneling parameters used...
   Number of panel nodes       160
   Panel bunching parameter    1.000
   TE/LE panel density ratio   0.150
   Refined-area/LE panel density ratio    0.200
   Top    side refined area x/c limits  1.000 1.000
   Bottom side refined area x/c limits  1.000 1.000

 XFOIL   c>  
.OPERi   c>  
 Xtr/c     =  1.0000    top    side
 Xtr/c     =  1.0000    bottom side
 Ncrit     =    9.00   ( 0.070 % turb. level )
 Vacc      =  0.0100

 Klag  =  5.6000     Uxwt  =    1.00
 A     =  6.7000     B     =  0.7500       KCt = 0.01485
 CtiniK=  1.8000     CtiniX=  3.3000

..VPAR   c>  
..VPAR   c>  
.OPERi   c>  
 M  =    0.0000
 Re =    200000

.OPERv   c>  
.OPERv   c>  
.OPERv   c>  
 Polar  1 newly created for accumulation
 Airfoil archived with polar: AG44ct -02f                                     

Enter  polar save filename  OR  <return> for no file   s>  
 New polar save file available

Enter  polar dump filename  OR  <return> for no file   s>  
 Polar dump file will NOT be written

 Polar accumulation enabled

.OPERva   c>   Calculating unit vorticity distributions ...
 Calculating wake trajectory ...
 Calculating source influence matrix ...

 Solving BL system ...

 Initializing BL ...
    side            1  ...
 MRCHUE: Inverse mode at  53     Hk =   3.800
 MRCHUE: Inverse mode at  54     Hk =   4.117
 MRCHUE: Inverse mode at  55     Hk =   4.400
 MRCHUE: Inverse mode at  56     Hk =   4.680
 MRCHUE: Inverse mode at  57     Hk =   4.983
 MRCHUE: Inverse mode at  58     Hk =   5.289
 MRCHUE: Inverse mode at  72     Hk =   3.800
 MRCHUE: Inverse mode at  73     Hk =   4.060
 MRCHUE: Inverse mode at  74     Hk =   4.315
 MRCHUE: Inverse mode at  75     Hk =   4.556
 MRCHUE: Inverse mode at  76     Hk =   4.763
 MRCHUE: Inverse mode at  77     Hk =   4.864
    side            2  ...
 MRCHUE: Inverse mode at  10     Hk =   3.823
 MRCHUE: Convergence failed at  11  side 2    Res =  0.7843E+00
 MRCHUE: Inverse mode at  12     Hk =   4.886
 MRCHUE: Inverse mode at  13     Hk =   5.943
 MRCHUE: Inverse mode at  14     Hk =   7.130
 MRCHUE: Convergence failed at  14  side 2    Res =  0.1443E+02
 MRCHUE: Inverse mode at  15     Hk =   7.441
 MRCHUE: Inverse mode at  16     Hk =   8.984
 MRCHUE: Inverse mode at  17     Hk =   6.404
 MRCHUE: Inverse mode at  18     Hk =   2.500

 MRCHDU: Convergence failed at  14  side 2    Res =  0.3379E+01
 MRCHDU: Convergence failed at  15  side 2    Res =  0.3053E+01
 MRCHDU: Convergence failed at  16  side 2    Res =  0.6251E+02
 MRCHDU: Convergence failed at  17  side 2    Res =  0.1916E+02
 MRCHDU: Convergence failed at  18  side 2    Res =  0.6437E+01
 MRCHDU: Convergence failed at  19  side 2    Res =  0.4892E+03
 MRCHDU: Convergence failed at  20  side 2    Res =  0.4221E+02
 MRCHDU: Convergence failed at  21  side 2    Res =  0.1781E+02
 MRCHDU: Convergence failed at  22  side 2    Res =  0.4416E+02
 MRCHDU: Convergence failed at  23  side 2    Res =  0.4480E+02
 MRCHDU: Convergence failed at  24  side 2    Res =  0.3885E+02
 MRCHDU: Convergence failed at  25  side 2    Res =  0.3689E+02
 MRCHDU: Convergence failed at  26  side 2    Res =  0.3996E+02
 MRCHDU: Convergence failed at  27  side 2    Res =  0.4270E+02
 MRCHDU: Convergence failed at  28  side 2    Res =  0.4690E+02
 MRCHDU: Convergence failed at  29  side 2    Res =  0.5119E+02
 MRCHDU: Convergence failed at  30  side 2    Res =  0.5955E+02
 MRCHDU: Convergence failed at  31  side 2    Res =  0.6032E+02
 MRCHDU: Convergence failed at  32  side 2    Res =  0.6603E+02
 MRCHDU: Convergence failed at  33  side 2    Res =  0.6707E+02
 MRCHDU: Convergence failed at  34  side 2    Res =  0.6593E+02
 MRCHDU: Convergence failed at  35  side 2    Res =  0.7132E+02
 MRCHDU: Convergence failed at  36  side 2    Res =  0.8104E+02
 MRCHDU: Convergence failed at  37  side 2    Res =  0.9276E+02
 MRCHDU: Convergence failed at  38  side 2    Res =  0.7001E+02
 MRCHDU: Convergence failed at  39  side 2    Res =  0.6429E+02
 MRCHDU: Convergence failed at  40  side 2    Res =  0.5971E+02
 MRCHDU: Convergence failed at  41  side 2    Res =  0.5582E+02
 MRCHDU: Convergence failed at  42  side 2    Res =  0.5261E+02
 MRCHDU: Convergence failed at  43  side 2    Res =  0.5003E+02
 MRCHDU: Convergence failed at  44  side 2    Res =  0.4763E+02
 MRCHDU: Convergence failed at  45  side 2    Res =  0.4554E+02
 MRCHDU: Convergence failed at  46  side 2    Res =  0.2017E+02
 MRCHDU: Convergence failed at  47  side 2    Res =  0.2654E+02
 MRCHDU: Convergence failed at  48  side 2    Res =  0.1398E+04
 MRCHDU: Convergence failed at  49  side 2    Res =  0.5717E+03
 MRCHDU: Convergence failed at  50  side 2    Res =  0.3829E+03
 MRCHDU: Convergence failed at  51  side 2    Res =  0.2754E+03
 MRCHDU: Convergence failed at  52  side 2    Res =  0.2219E+03
 MRCHDU: Convergence failed at  53  side 2    Res =  0.1856E+03
 MRCHDU: Convergence failed at  54  side 2    Res =  0.1600E+03
 MRCHDU: Convergence failed at  55  side 2    Res =  0.1432E+03
 MRCHDU: Convergence failed at  56  side 2    Res =  0.1266E+03
 MRCHDU: Convergence failed at  57  side 2    Res =  0.1163E+03
 MRCHDU: Convergence failed at  58  side 2    Res =  0.1068E+03
 MRCHDU: Convergence failed at  59  side 2    Res =  0.9874E+02
 MRCHDU: Convergence failed at  60  side 2    Res =  0.9281E+02
 MRCHDU: Convergence failed at  61  side 2    Res =  0.8669E+02
 MRCHDU: Convergence failed at  62  side 2    Res =  0.8193E+02
 MRCHDU: Convergence failed at  63  side 2    Res =  0.5386E+02
 MRCHDU: Convergence failed at  64  side 2    Res =  0.5597E+02
 MRCHDU: Convergence failed at  65  side 2    Res =  0.5808E+02
 MRCHDU: Convergence failed at  66  side 2    Res =  0.6031E+02
 MRCHDU: Convergence failed at  67  side 2    Res =  0.6293E+02
 MRCHDU: Convergence failed at  68  side 2    Res =  0.6513E+02
 MRCHDU: Convergence failed at  69  side 2    Res =  0.6830E+02
 MRCHDU: Convergence failed at  70  side 2    Res =  0.7093E+02

[TIMEOUT]
