
 ===================================================
  XFOIL Version 6.99
  Copyright (C) 2000   Mark Drela, Harold Youngren

  This software comes with ABSOLUTELY NO WARRANTY,
    subject to the GNU General Public License.

  Caveat computor
 ===================================================

 File  xfoil.def  not found

   QUIT    Exit program

  .OPER    Direct operating point(s)
  .MDES    Complex mapping design routine
  .QDES    Surface speed design routine
  .GDES    Geometry design routine

   SAVE f  Write airfoil to labeled coordinate file
   PSAV f  Write airfoil to plain coordinate file
   ISAV f  Write airfoil to ISES coordinate file
   MSAV f  Write airfoil to MSES coordinate file
   REVE    Reverse written-airfoil node ordering

   LOAD f  Read buffer airfoil from coordinate file
   NACA i  Set NACA 4,5-digit airfoil and buffer airfoil
   INTE    Set buffer airfoil by interpolating two airfoils
   NORM    Buffer airfoil normalization toggle
   XYCM rr Change CM reference location, currently  0.25000 0.00000

   BEND    Display structural properties of current airfoil

   PCOP    Set current-airfoil panel nodes directly from buffer airfoil points
   PANE    Set current-airfoil panel nodes ( 160 ) based on curvature
  .PPAR    Show/change paneling

  .PLOP    Plotting options

   WDEF f  Write  current-settings file
   RDEF f  Reread current-settings file
   NAME s  Specify new airfoil name
   NINC    Increment name version number

   Z       Zoom    | (available in all menus)
   U       Unzoom  | 

 XFOIL   c>  
 Labeled airfoil file.  Name:  AG455ct -02f rot.                               

 Number of input coordinate points: 170
 Counterclockwise ordering
 Max thickness =     0.064743  at x =   0.222
 Max camber    =     0.018347  at x =   0.319

  LE  x,y  =  -0.00000  -0.00000  |   Chord =   1.00000
  TE  x,y  =   1.00000   0.00000  |

 Current airfoil nodes set from buffer airfoil nodes ( 170 )

 XFOIL   c>  
 XFOIL   c>  
 Blunt trailing edge.  Gap =  0.00084

 Paneling parameters used...
   Number of panel nodes       160
   Panel bunching parameter    1.000
   TE/LE panel density ratio   0.150
   Refined-area/LE panel density ratio    0.200
   Top    side refined area x/c limits  1.000 1.000
   Bottom side refined area x/c limits  1.000 1.000

 XFOIL   c>  
.OPERi   c>  
 Xtr/c     =  1.0000    top    side
 Xtr/c     =  1.0000    bottom side
 Ncrit     =    9.00   ( 0.070 % turb. level )
 Vacc      =  0.0100

 Klag  =  5.6000     Uxwt  =    1.00
 A     =  6.7000     B     =  0.7500       KCt = 0.01485
 CtiniK=  1.8000     CtiniX=  3.3000

..VPAR   c>  
..VPAR   c>  
.OPERi   c>  
 M  =    0.0000
 Re =    500000

.OPERv   c>  
.OPERv   c>  
.OPERv   c>  
 Polar  1 newly created for accumulation
 Airfoil archived with polar: AG455ct -02f rot.                               

Enter  polar save filename  OR  <return> for no file   s>  
 New polar save file available

Enter  polar dump filename  OR  <return> for no file   s>  
 Polar dump file will NOT be written

 Polar accumulation enabled

.OPERva   c>   Calculating unit vorticity distributions ...
 Calculating wake trajectory ...
 Calculating source influence matrix ...

 Solving BL system ...

 Initializing BL ...
    side            1  ...
 MRCHUE: Inverse mode at  53     Hk =   3.800
 MRCHUE: Inverse mode at  54     Hk =   4.292
 MRCHUE: Inverse mode at  55     Hk =   4.729
 MRCHUE: Inverse mode at  56     Hk =   5.175
 MRCHUE: Inverse mode at  57     Hk =   5.652
 MRCHUE: Inverse mode at  58     Hk =   6.131
 MRCHUE: Inverse mode at  59     Hk =   6.607
 MRCHUE: Inverse mode at  60     Hk =   7.078
 MRCHUE: Inverse mode at  61     Hk =   7.547
 MRCHUE: Inverse mode at  62     Hk =   8.013
 MRCHUE: Inverse mode at  63     Hk =   8.476
 MRCHUE: Inverse mode at  64     Hk =   7.943
 MRCHUE: Inverse mode at  65     Hk =   5.986
 MRCHUE: Inverse mode at  66     Hk =   4.674
 MRCHUE: Inverse mode at  67     Hk =   3.687
 MRCHUE: Inverse mode at  68     Hk =   2.908
    side            2  ...
 MRCHUE: Inverse mode at  10     Hk =   4.764
 MRCHUE: Convergence failed at  11  side 2    Res =  0.1606E+01
 MRCHUE: Inverse mode at  12     Hk =   6.552
 MRCHUE: Inverse mode at  13     Hk =   8.479
 MRCHUE: Inverse mode at  14     Hk =   4.434
 MRCHUE: Inverse mode at  15     Hk =   2.500

 MRCHDU: Convergence failed at  14  side 2    Res =  0.2495E+01
 MRCHDU: Convergence failed at  15  side 2    Res =  0.2271E+02
 MRCHDU: Convergence failed at  16  side 2    Res =  0.6643E+01
 MRCHDU: Convergence failed at  17  side 2    Res =  0.7720E+01
 MRCHDU: Convergence failed at  18  side 2    Res =  0.8896E+01
 MRCHDU: Convergence failed at  19  side 2    Res =  0.5386E+02
 MRCHDU: Convergence failed at  20  side 2    Res =  0.5168E+02
 MRCHDU: Convergence failed at  21  side 2    Res =  0.2290E+02
 MRCHDU: Convergence failed at  22  side 2    Res =  0.5429E+02
 MRCHDU: Convergence failed at  23  side 2    Res =  0.2466E+02
 MRCHDU: Convergence failed at  24  side 2    Res =  0.2139E+02
 MRCHDU: Convergence failed at  25  side 2    Res =  0.1967E+02
 MRCHDU: Convergence failed at  26  side 2    Res =  0.2192E+02
 MRCHDU: Convergence failed at  27  side 2    Res =  0.2436E+02
 MRCHDU: Convergence failed at  28  side 2    Res =  0.2651E+02
 MRCHDU: Convergence failed at  29  side 2    Res =  0.2134E+02
 MRCHDU: Convergence failed at  30  side 2    Res =  0.2275E+02
 MRCHDU: Convergence failed at  31  side 2    Res =  0.2416E+02
 MRCHDU: Convergence failed at  32  side 2    Res =  0.2539E+02
 MRCHDU: Convergence failed at  33  side 2    Res =  0.2613E+02
 MRCHDU: Convergence failed at  34  side 2    Res =  0.2740E+02
 MRCHDU: Convergence failed at  35  side 2    Res =  0.2274E+02
 MRCHDU: Convergence failed at  36  side 2    Res =  0.2368E+02
 MRCHDU: Convergence failed at  37  side 2    Res =  0.2450E+02
 MRCHDU: Convergence failed at  38  side 2    Res =  0.2545E+02
 MRCHDU: Convergence failed at  39  side 2    Res =  0.2629E+02
 MRCHDU: Convergence failed at  40  side 2    Res =  0.2723E+02
 MRCHDU: Convergence failed at  41  side 2    Res =  0.2821E+02
 MRCHDU: Convergence failed at  42  side 2    Res =  0.2910E+02
 MRCHDU: Convergence failed at  43  side 2    Res =  0.3007E+02
 MRCHDU: Convergence failed at  44  side 2    Res =  0.3102E+02
 MRCHDU: Convergence failed at  45  side 2    Res =  0.3201E+02
 MRCHDU: Convergence failed at  46  side 2    Res =  0.3302E+02
 MRCHDU: Convergence failed at  47  side 2    Res =  0.3407E+02
 MRCHDU: Convergence failed at  48  side 2    Res =  0.3194E+02
 MRCHDU: Convergence failed at  49  side 2    Res =  0.3292E+02
 MRCHDU: Convergence failed at  50  side 2    Res =  0.3386E+02
 MRCHDU: Convergence failed at  51  side 2    Res =  0.3485E+02
 MRCHDU: Convergence failed at  52  side 2    Res =  0.3573E+02
 MRCHDU: Convergence failed at  53  side 2    Res =  0.3687E+02
 MRCHDU: Convergence failed at  54  side 2    Res =  0.3797E+02
 MRCHDU: Convergence failed at  55  side 2    Res =  0.3899E+02
 MRCHDU: Convergence failed at  56  side 2    Res =  0.4021E+02
 MRCHDU: Convergence failed at  57  side 2    Res =  0.1988E+03
 MRCHDU: Convergence failed at  58  side 2    Res =  0.2700E+02
 MRCHDU: Convergence failed at  59  side 2    Res =  0.5157E+02
 MRCHDU: Convergence failed at  60  side 2    Res =  0.3676E+02
 MRCHDU: Convergence failed at  61  side 2    Res =  0.2821E+02
 MRCHDU: Convergence failed at  62  side 2    Res =  0.1733E+05
 MRCHDU: Convergence failed at  63  side 2    Res =  0.2044E+04
 MRCHDU: Convergence failed at  64  side 2    Res =  0.9028E+03
 MRCHDU: Convergence failed at  65  side 2    Res =  0.6659E+03
 MRCHDU: Convergence failed at  66  side 2    Res =  0.4702E+03
 MRCHDU: Convergence failed at  67  side 2    Res =  0.3854E+03
 MRCHDU: Convergence failed at  68  side 2    Res =  0.3022E+03
 MRCHDU: Convergence failed at  69  side 2    Res =  0.2655E+03
 MRCHDU: Convergence failed at  70  side 2    Res =  0.2195E+03
 MRCHDU: Convergence failed at  71  side 2    Res =  0.1901E+03
 MRCHDU: Convergence failed at  72  side 2    Res =  0.1634E+03
 MRCHDU: Convergence failed at  73  side 2    Res =  0.1054E+03
 MRCHDU: Convergence failed at  74  side 2    Res =  0.1125E+03
 MRCHDU: Convergence failed at  75  side 2    Res =  0.1211E+03
 MRCHDU: Convergence failed at  76  side 2    Res =  0.1281E+03
 MRCHDU: Convergence failed at  77  side 2    Res =  0.1386E+03
 MRCHDU: Convergence failed at  78  side 2    Res =  0.1501E+03
 MRCHDU: Convergence failed at  79  side 2    Res =  0.1640E+03
 MRCHDU: Convergence failed at  80  side 2    Res =  0.1839E+03
 MRCHDU: Convergence failed at  81  side 2    Res =  0.2068E+03
 MRCHDU: Convergence failed at  82  side 2    Res =  0.2543E+03
 MRCHDU: Convergence failed at  83  side 2    Res =  0.3326E+03
 MRCHDU: Convergence failed at  84  side 2    Res =  0.1872E+06
 MRCHDU: Convergence failed at  85  side 2    Res =  0.8133E+02
 Side 1  free  transition at x/c =  0.8244   64
 Side 2  free  transition at x/c =  0.0199   14

   1   rms: 0.2608E+01   max: 0.6992E+01   D at   57  2   RLX: 0.211
       a = -4.000      CL = -2.5891
      Cm =  0.6259     CD =  0.00455   =>   CDf =  0.00170    CDp =  0.00285

 MRCHDU: Convergence failed at  21  side 2    Res =  0.3018E+00
 MRCHDU: Convergence failed at  23  side 2    Res =  0.4616E+00
 MRCHDU: Convergence failed at  24  side 2    Res =  0.4174E+00
 MRCHDU: Convergence failed at  25  side 2    Res =  0.3491E+00
 MRCHDU: Convergence failed at  26  side 2    Res =  0.1919E+00
 MRCHDU: Convergence failed at  28  side 2    Res =  0.3740E+00
 MRCHDU: Convergence failed at  29  side 2    Res =  0.3677E+00
 MRCHDU: Convergence failed at  30  side 2    Res =  0.3610E+00
 MRCHDU: Convergence failed at  31  side 2    Res =  0.3544E+00
 MRCHDU: Convergence failed at  32  side 2    Res =  0.3478E+00
 MRCHDU: Convergence failed at  33  side 2    Res =  0.3410E+00
 MRCHDU: Convergence failed at  34  side 2    Res =  0.3340E+00
 MRCHDU: Convergence failed at  35  side 2    Res =  0.3272E+00
 MRCHDU: Convergence failed at  36  side 2    Res =  0.3201E+00
 MRCHDU: Convergence failed at  37  side 2    Res =  0.3127E+00
 MRCHDU: Convergence failed at  38  side 2    Res =  0.3053E+00
 MRCHDU: Convergence failed at  39  side 2    Res =  0.2991E+00
 MRCHDU: Convergence failed at  40  side 2    Res =  0.2935E+00
 MRCHDU: Convergence failed at  41  side 2    Res =  0.2862E+00
 MRCHDU: Convergence failed at  42  side 2    Res =  0.2777E+00
 MRCHDU: Convergence failed at  43  side 2    Res =  0.2690E+00
 MRCHDU: Convergence failed at  44  side 2    Res =  0.2668E+00
 MRCHDU: Convergence failed at  45  side 2    Res =  0.2554E+00
 MRCHDU: Convergence failed at  46  side 2    Res =  0.2455E+00
 MRCHDU: Convergence failed at  47  side 2    Res =  0.2375E+00
 MRCHDU: Convergence failed at  48  side 2    Res =  0.2315E+00
 MRCHDU: Convergence failed at  49  side 2    Res =  0.2246E+00
 MRCHDU: Convergence failed at  50  side 2    Res =  0.2165E+00
 MRCHDU: Convergence failed at  51  side 2    Res =  0.2091E+00
 MRCHDU: Convergence failed at  52  side 2    Res =  0.2003E+00
 MRCHDU: Convergence failed at  53  side 2    Res =  0.1917E+00
 MRCHDU: Convergence failed at  54  side 2    Res =  0.1832E+00
 MRCHDU: Convergence failed at  55  side 2    Res =  0.1769E+00
 MRCHDU: Convergence failed at  56  side 2    Res =  0.1698E+00
 MRCHDU: Convergence failed at  57  side 2    Res =  0.1637E+00
 MRCHDU: Convergence failed at  58  side 2    Res =  0.1591E+00
 MRCHDU: Convergence failed at  59  side 2    Res =  0.1570E+00
 MRCHDU: Convergence failed at  60  side 2    Res =  0.1556E+00
 MRCHDU: Convergence failed at  61  side 2    Res =  0.1566E+00
 MRCHDU: Convergence failed at  62  side 2    Res =  0.1600E+00
 MRCHDU: Convergence failed at  63  side 2    Res =  0.1615E+00
 MRCHDU: Convergence failed at  64  side 2    Res =  0.1698E+00
 MRCHDU: Convergence failed at  65  side 2    Res =  0.1830E+00
 MRCHDU: Convergence failed at  66  side 2    Res =  0.1935E+00
 MRCHDU: Convergence failed at  67  side 2    Res =  0.2043E+00
 MRCHDU: Convergence failed at  68  side 2    Res =  0.2145E+00
 MRCHDU: Convergence failed at  69  side 2    Res =  0.2254E+00
 MRCHDU: Convergence failed at  70  side 2    Res =  0.2368E+00
 MRCHDU: Convergence failed at  71  side 2    Res =  0.2475E+00
 MRCHDU: Convergence failed at  72  side 2    Res =  0.2586E+00
 MRCHDU: Convergence failed at  73  side 2    Res =  0.2710E+00
 MRCHDU: Convergence failed at  74  side 2    Res =  0.2844E+00
 MRCHDU: Convergence failed at  75  side 2    Res =  0.2991E+00
 MRCHDU: Convergence failed at  76  side 2    Res =  0.3141E+00
 MRCHDU: Convergence failed at  77  side 2    Res =  0.3302E+00
 MRCHDU: Convergence failed at  78  side 2    Res =  0.3476E+00
 MRCHDU: Convergence failed at  79  side 2    Res =  0.3662E+00
 MRCHDU: Convergence failed at  80  side 2    Res =  0.3866E+00
 MRCHDU: Convergence failed at  81  side 2    Res =  0.4087E+00
 MRCHDU: Convergence failed at  82  side 2    Res =  0.4340E+00
 MRCHDU: Convergence failed at  83  side 2    Res =  0.4632E+00
 MRCHDU: Convergence failed at  84  side 2    Res =  0.4976E+00
 MRCHDU: Convergence failed at  85  side 2    Res =  0.5319E+00
 Side 1  free  transition at x/c =  0.8472   66
 Side 2  free  transition at x/c =  0.0149   14

   2   rms: 0.7740E+00   max: -.2645E+01   T at   66  1   RLX: 0.189
       a = -4.000      CL = -1.3380
      Cm =  0.2781     CD =  0.01599   =>   CDf =  0.00258    CDp =  0.01341

 Side 1  free  transition at x/c =  0.8640   67
 Side 2  free  transition at x/c =  0.0141   14

   3   rms: 0.8224E+00   max: -.3428E+01   D at   37  2   RLX: 0.146
       a = -4.000      CL = -0.9358
      Cm =  0.1535     CD =  0.03588   =>   CDf =  0.00300    CDp =  0.03289

 MRCHDU: Convergence failed at  37  side 2    Res =  0.2815E+00
 MRCHDU: Convergence failed at  38  side 2    Res =  0.6391E+00
 MRCHDU: Convergence failed at  39  side 2    Res =  0.1461E+00
 MRCHDU: Convergence failed at  40  side 2    Res =  0.1286E+00
 MRCHDU: Convergence failed at  41  side 2    Res =  0.9662E-01
 MRCHDU: Convergence failed at  42  side 2    Res =  0.7492E+01
 MRCHDU: Convergence failed at  43  side 2    Res =  0.4650E+01
 MRCHDU: Convergence failed at  44  side 2    Res =  0.4204E+01
 MRCHDU: Convergence failed at  45  side 2    Res =  0.3566E+01
 MRCHDU: Convergence failed at  46  side 2    Res =  0.2862E+01
 MRCHDU: Convergence failed at  47  side 2    Res =  0.3733E+01
 MRCHDU: Convergence failed at  48  side 2    Res =  0.2228E+01
 MRCHDU: Convergence failed at  58  side 2    Res =  0.4263E+00
 MRCHDU: Convergence failed at  59  side 2    Res =  0.7701E+00
 MRCHDU: Convergence failed at  60  side 2    Res =  0.6269E-01
 MRCHDU: Convergence failed at  61  side 2    Res =  0.4142E-03
 Side 1  free  transition at x/c =  0.8896   69
 Side 2  free  transition at x/c =  0.0135   13

   4   rms: 0.2109E+01   max: 0.1427E+02   D at   41  2   RLX: 0.072
       a = -4.000      CL = -0.7122
      Cm =  0.0835     CD =  0.03555   =>   CDf =  0.00378    CDp =  0.03177

 MRCHDU: Convergence failed at  60  side 2    Res =  0.8041E-01
 MRCHDU: Convergence failed at  61  side 2    Res =  0.5784E-04
 Side 1  free  transition at x/c =  0.8974   69
 Side 2  free  transition at x/c =  0.0138   13

   5   rms: 0.1154E+01   max: -.5797E+01   D at   41  2   RLX: 0.086
       a = -4.000      CL = -0.6488
      Cm =  0.0738     CD =  0.02935   =>   CDf =  0.00331    CDp =  0.02604

 MRCHDU: Convergence failed at  41  side 2    Res =  0.3839E-01
 MRCHDU: Convergence failed at  60  side 2    Res =  0.1017E+00
 MRCHDU: Convergence failed at  61  side 2    Res =  0.3922E+00
 Side 1  free  transition at x/c =  0.9225   71
 Side 2  free  transition at x/c =  0.0135   13

   6   rms: 0.1017E+02   max: -.9736E+02   C at   71  1   RLX: 0.005
       a = -4.000      CL = -0.5836
      Cm =  0.0400     CD =  0.03454   =>   CDf =  0.00312    CDp =  0.03142


[TIMEOUT]
