
 ===================================================
  XFOIL Version 6.99
  Copyright (C) 2000   Mark Drela, Harold Youngren

  This software comes with ABSOLUTELY NO WARRANTY,
    subject to the GNU General Public License.

  Caveat computor
 ===================================================

 File  xfoil.def  not found

   QUIT    Exit program

  .OPER    Direct operating point(s)
  .MDES    Complex mapping design routine
  .QDES    Surface speed design routine
  .GDES    Geometry design routine

   SAVE f  Write airfoil to labeled coordinate file
   PSAV f  Write airfoil to plain coordinate file
   ISAV f  Write airfoil to ISES coordinate file
   MSAV f  Write airfoil to MSES coordinate file
   REVE    Reverse written-airfoil node ordering

   LOAD f  Read buffer airfoil from coordinate file
   NACA i  Set NACA 4,5-digit airfoil and buffer airfoil
   INTE    Set buffer airfoil by interpolating two airfoils
   NORM    Buffer airfoil normalization toggle
   XYCM rr Change CM reference location, currently  0.25000 0.00000

   BEND    Display structural properties of current airfoil

   PCOP    Set current-airfoil panel nodes directly from buffer airfoil points
   PANE    Set current-airfoil panel nodes ( 160 ) based on curvature
  .PPAR    Show/change paneling

  .PLOP    Plotting options

   WDEF f  Write  current-settings file
   RDEF f  Reread current-settings file
   NAME s  Specify new airfoil name
   NINC    Increment name version number

   Z       Zoom    | (available in all menus)
   U       Unzoom  | 

 XFOIL   c>  
 Labeled airfoil file.  Name:  AG45c -03f                                      

 Number of input coordinate points: 169
 Counterclockwise ordering
 Max thickness =     0.069266  at x =   0.232
 Max camber    =     0.020291  at x =   0.305

  LE  x,y  =   0.00023   0.00018  |   Chord =   1.00000
  TE  x,y  =   1.00012   0.01548  |

 Current airfoil nodes set from buffer airfoil nodes ( 169 )

 XFOIL   c>  
 XFOIL   c>  
 Blunt trailing edge.  Gap =  0.00090

 Paneling parameters used...
   Number of panel nodes       160
   Panel bunching parameter    1.000
   TE/LE panel density ratio   0.150
   Refined-area/LE panel density ratio    0.200
   Top    side refined area x/c limits  1.000 1.000
   Bottom side refined area x/c limits  1.000 1.000

 XFOIL   c>  
.OPERi   c>  
 Xtr/c     =  1.0000    top    side
 Xtr/c     =  1.0000    bottom side
 Ncrit     =    9.00   ( 0.070 % turb. level )
 Vacc      =  0.0100

 Klag  =  5.6000     Uxwt  =    1.00
 A     =  6.7000     B     =  0.7500       KCt = 0.01485
 CtiniK=  1.8000     CtiniX=  3.3000

..VPAR   c>  
..VPAR   c>  
.OPERi   c>  
 M  =    0.0000
 Re =    200000

.OPERv   c>  
.OPERv   c>  
.OPERv   c>  
 Polar  1 newly created for accumulation
 Airfoil archived with polar: AG45c -03f                                      

Enter  polar save filename  OR  <return> for no file   s>  
 New polar save file available

Enter  polar dump filename  OR  <return> for no file   s>  
 Polar dump file will NOT be written

 Polar accumulation enabled

.OPERva   c>   Calculating unit vorticity distributions ...
 Calculating wake trajectory ...
 Calculating source influence matrix ...

 Solving BL system ...

 Initializing BL ...
    side            1  ...
 MRCHUE: Inverse mode at  51     Hk =   3.958
 MRCHUE: Inverse mode at  52     Hk =   4.281
 MRCHUE: Inverse mode at  53     Hk =   4.584
 MRCHUE: Inverse mode at  54     Hk =   4.846
 MRCHUE: Inverse mode at  55     Hk =   5.116
 MRCHUE: Inverse mode at  56     Hk =   5.414
 MRCHUE: Inverse mode at  57     Hk =   5.718
 MRCHUE: Inverse mode at  58     Hk =   6.019
 MRCHUE: Inverse mode at  59     Hk =   6.318
 MRCHUE: Inverse mode at  60     Hk =   6.614
 MRCHUE: Inverse mode at  61     Hk =   6.907
 MRCHUE: Inverse mode at  62     Hk =   7.198
 MRCHUE: Inverse mode at  63     Hk =   7.486
 MRCHUE: Inverse mode at  64     Hk =   7.772
 MRCHUE: Inverse mode at  65     Hk =   8.056
 MRCHUE: Inverse mode at  66     Hk =   8.339
 MRCHUE: Inverse mode at  67     Hk =   8.620
 MRCHUE: Inverse mode at  68     Hk =   8.899
 MRCHUE: Inverse mode at  69     Hk =   9.177
 MRCHUE: Inverse mode at  70     Hk =   9.124
 MRCHUE: Inverse mode at  71     Hk =   7.835
 MRCHUE: Inverse mode at  72     Hk =   6.893
 MRCHUE: Inverse mode at  73     Hk =   6.148
 MRCHUE: Inverse mode at  74     Hk =   5.549
 MRCHUE: Inverse mode at  75     Hk =   5.096
 MRCHUE: Inverse mode at  76     Hk =   4.899
    side            2  ...
 MRCHUE: Inverse mode at  11     Hk =   4.017
 MRCHUE: Convergence failed at  12  side 2    Res =  0.2114E+01
 MRCHUE: Convergence failed at  13  side 2    Res =  0.7077E+00
 MRCHUE: Inverse mode at  14     Hk =   5.456
 MRCHUE: Inverse mode at  15     Hk =   6.881
 MRCHUE: Inverse mode at  16     Hk =   8.447
 MRCHUE: Inverse mode at  17     Hk =   8.179
 MRCHUE: Inverse mode at  18     Hk =   2.500
 MRCHUE: Inverse mode at  19     Hk =   2.500
 MRCHUE: Inverse mode at  20     Hk =   2.500

 MRCHDU: Convergence failed at  13  side 2    Res =  0.2253E+01
 MRCHDU: Convergence failed at  14  side 2    Res =  0.2474E+02
 MRCHDU: Convergence failed at  15  side 2    Res =  0.2238E+01
 MRCHDU: Convergence failed at  16  side 2    Res =  0.4799E+01
 MRCHDU: Convergence failed at  17  side 2    Res =  0.9280E+01
 MRCHDU: Convergence failed at  18  side 2    Res =  0.8575E+01
 MRCHDU: Convergence failed at  19  side 2    Res =  0.1292E+02
 MRCHDU: Convergence failed at  20  side 2    Res =  0.6395E+02
 MRCHDU: Convergence failed at  21  side 2    Res =  0.3220E+02
 MRCHDU: Convergence failed at  22  side 2    Res =  0.9983E+01
 MRCHDU: Convergence failed at  23  side 2    Res =  0.1091E+02
 MRCHDU: Convergence failed at  24  side 2    Res =  0.1811E+02
 MRCHDU: Convergence failed at  25  side 2    Res =  0.1676E+02
 MRCHDU: Convergence failed at  26  side 2    Res =  0.1542E+02
 MRCHDU: Convergence failed at  27  side 2    Res =  0.3947E+02
 MRCHDU: Convergence failed at  28  side 2    Res =  0.4852E+02
 MRCHDU: Convergence failed at  29  side 2    Res =  0.2954E+02
 MRCHDU: Convergence failed at  30  side 2    Res =  0.3070E+02
 MRCHDU: Convergence failed at  31  side 2    Res =  0.3595E+02
 MRCHDU: Convergence failed at  32  side 2    Res =  0.4201E+02
 MRCHDU: Convergence failed at  33  side 2    Res =  0.4948E+02
 MRCHDU: Convergence failed at  34  side 2    Res =  0.5876E+02
 MRCHDU: Convergence failed at  35  side 2    Res =  0.7075E+02
 MRCHDU: Convergence failed at  36  side 2    Res =  0.8665E+02
 MRCHDU: Convergence failed at  37  side 2    Res =  0.1081E+03
 MRCHDU: Convergence failed at  38  side 2    Res =  0.1427E+03
 MRCHDU: Convergence failed at  39  side 2    Res =  0.4610E+03
 MRCHDU: Convergence failed at  40  side 2    Res =  0.1668E+02
 MRCHDU: Convergence failed at  41  side 2    Res =  0.9435E+03
 MRCHDU: Convergence failed at  42  side 2    Res =  0.1624E+02
 MRCHDU: Convergence failed at  43  side 2    Res =  0.1524E+02
 MRCHDU: Convergence failed at  44  side 2    Res =  0.2100E+03
 MRCHDU: Convergence failed at  45  side 2    Res =  0.2324E+04
 MRCHDU: Convergence failed at  46  side 2    Res =  0.1626E+03
 MRCHDU: Convergence failed at  47  side 2    Res =  0.1087E+03
 MRCHDU: Convergence failed at  48  side 2    Res =  0.7957E+02
 MRCHDU: Convergence failed at  49  side 2    Res =  0.6201E+02
 MRCHDU: Convergence failed at  50  side 2    Res =  0.5031E+02
 MRCHDU: Convergence failed at  51  side 2    Res =  0.4399E+02
 MRCHDU: Convergence failed at  52  side 2    Res =  0.3872E+02
 MRCHDU: Convergence failed at  53  side 2    Res =  0.3565E+02
 MRCHDU: Convergence failed at  54  side 2    Res =  0.3257E+02
 MRCHDU: Convergence failed at  55  side 2    Res =  0.3029E+02
 MRCHDU: Convergence failed at  56  side 2    Res =  0.2813E+02
 MRCHDU: Convergence failed at  57  side 2    Res =  0.2635E+02
 MRCHDU: Convergence failed at  58  side 2    Res =  0.2524E+02

[TIMEOUT]
