
 ===================================================
  XFOIL Version 6.99
  Copyright (C) 2000   Mark Drela, Harold Youngren

  This software comes with ABSOLUTELY NO WARRANTY,
    subject to the GNU General Public License.

  Caveat computor
 ===================================================

 File  xfoil.def  not found

   QUIT    Exit program

  .OPER    Direct operating point(s)
  .MDES    Complex mapping design routine
  .QDES    Surface speed design routine
  .GDES    Geometry design routine

   SAVE f  Write airfoil to labeled coordinate file
   PSAV f  Write airfoil to plain coordinate file
   ISAV f  Write airfoil to ISES coordinate file
   MSAV f  Write airfoil to MSES coordinate file
   REVE    Reverse written-airfoil node ordering

   LOAD f  Read buffer airfoil from coordinate file
   NACA i  Set NACA 4,5-digit airfoil and buffer airfoil
   INTE    Set buffer airfoil by interpolating two airfoils
   NORM    Buffer airfoil normalization toggle
   XYCM rr Change CM reference location, currently  0.25000 0.00000

   BEND    Display structural properties of current airfoil

   PCOP    Set current-airfoil panel nodes directly from buffer airfoil points
   PANE    Set current-airfoil panel nodes ( 160 ) based on curvature
  .PPAR    Show/change paneling

  .PLOP    Plotting options

   WDEF f  Write  current-settings file
   RDEF f  Reread current-settings file
   NAME s  Specify new airfoil name
   NINC    Increment name version number

   Z       Zoom    | (available in all menus)
   U       Unzoom  | 

 XFOIL   c>  
 Labeled airfoil file.  Name:  AG45ct -02f                                     

 Number of input coordinate points: 170
 Counterclockwise ordering
 Max thickness =     0.068961  at x =   0.235
 Max camber    =     0.018530  at x =   0.318

  LE  x,y  =   0.00000   0.00000  |   Chord =   1.00000
  TE  x,y  =   1.00000   0.00000  |

 Current airfoil nodes set from buffer airfoil nodes ( 170 )

 XFOIL   c>  
 XFOIL   c>  
 Blunt trailing edge.  Gap =  0.00062

 Paneling parameters used...
   Number of panel nodes       160
   Panel bunching parameter    1.000
   TE/LE panel density ratio   0.150
   Refined-area/LE panel density ratio    0.200
   Top    side refined area x/c limits  1.000 1.000
   Bottom side refined area x/c limits  1.000 1.000

 XFOIL   c>  
.OPERi   c>  
 Xtr/c     =  1.0000    top    side
 Xtr/c     =  1.0000    bottom side
 Ncrit     =    9.00   ( 0.070 % turb. level )
 Vacc      =  0.0100

 Klag  =  5.6000     Uxwt  =    1.00
 A     =  6.7000     B     =  0.7500       KCt = 0.01485
 CtiniK=  1.8000     CtiniX=  3.3000

..VPAR   c>  
..VPAR   c>  
.OPERi   c>  
 M  =    0.0000
 Re =    400000

.OPERv   c>  
.OPERv   c>  
.OPERv   c>  
 Polar  1 newly created for accumulation
 Airfoil archived with polar: AG45ct -02f                                     

Enter  polar save filename  OR  <return> for no file   s>  
 New polar save file available

Enter  polar dump filename  OR  <return> for no file   s>  
 Polar dump file will NOT be written

 Polar accumulation enabled

.OPERva   c>   Calculating unit vorticity distributions ...
 Calculating wake trajectory ...
 Calculating source influence matrix ...

 Solving BL system ...

 Initializing BL ...
    side            1  ...
 MRCHUE: Inverse mode at  53     Hk =   3.874
 MRCHUE: Inverse mode at  54     Hk =   4.315
 MRCHUE: Inverse mode at  55     Hk =   4.713
 MRCHUE: Inverse mode at  56     Hk =   5.110
 MRCHUE: Inverse mode at  57     Hk =   5.538
 MRCHUE: Inverse mode at  58     Hk =   5.969
 MRCHUE: Inverse mode at  59     Hk =   6.396
 MRCHUE: Inverse mode at  60     Hk =   6.820
 MRCHUE: Inverse mode at  61     Hk =   7.241
 MRCHUE: Inverse mode at  62     Hk =   7.658
 MRCHUE: Inverse mode at  63     Hk =   8.073
 MRCHUE: Inverse mode at  64     Hk =   8.486
 MRCHUE: Inverse mode at  65     Hk =   8.896
 MRCHUE: Inverse mode at  66     Hk =   7.053
 MRCHUE: Inverse mode at  67     Hk =   5.695
 MRCHUE: Inverse mode at  68     Hk =   4.695
 MRCHUE: Inverse mode at  69     Hk =   3.901
 MRCHUE: Inverse mode at  70     Hk =   3.248
    side            2  ...
 MRCHUE: Inverse mode at  10     Hk =   4.445
 MRCHUE: Inverse mode at  11     Hk =   5.722
 MRCHUE: Convergence failed at  12  side 2    Res =  0.6257E+01
 MRCHUE: Inverse mode at  13     Hk =   7.412
 MRCHUE: Inverse mode at  14     Hk =   9.357
 MRCHUE: Inverse mode at  15     Hk =   2.500
 MRCHUE: Inverse mode at  16     Hk =   2.500

 MRCHDU: Convergence failed at  15  side 2    Res =  0.4772E+01
 MRCHDU: Convergence failed at  16  side 2    Res =  0.1548E+03
 MRCHDU: Convergence failed at  17  side 2    Res =  0.1604E+02
 MRCHDU: Convergence failed at  18  side 2    Res =  0.2977E+02
 MRCHDU: Convergence failed at  19  side 2    Res =  0.2308E+02
 MRCHDU: Convergence failed at  20  side 2    Res =  0.4048E+02
 MRCHDU: Convergence failed at  21  side 2    Res =  0.4485E+02
 MRCHDU: Convergence failed at  22  side 2    Res =  0.5089E+02
 MRCHDU: Convergence failed at  23  side 2    Res =  0.5224E+02
 MRCHDU: Convergence failed at  24  side 2    Res =  0.5893E+02
 MRCHDU: Convergence failed at  25  side 2    Res =  0.3525E+02
 MRCHDU: Convergence failed at  26  side 2    Res =  0.3253E+02
 MRCHDU: Convergence failed at  27  side 2    Res =  0.3555E+02
 MRCHDU: Convergence failed at  28  side 2    Res =  0.3915E+02
 MRCHDU: Convergence failed at  29  side 2    Res =  0.3642E+02
 MRCHDU: Convergence failed at  30  side 2    Res =  0.3944E+02
 MRCHDU: Convergence failed at  31  side 2    Res =  0.4268E+02
 MRCHDU: Convergence failed at  32  side 2    Res =  0.4600E+02
 MRCHDU: Convergence failed at  33  side 2    Res =  0.4772E+02
 MRCHDU: Convergence failed at  34  side 2    Res =  0.5121E+02
 MRCHDU: Convergence failed at  35  side 2    Res =  0.5484E+02
 MRCHDU: Convergence failed at  36  side 2    Res =  0.5948E+02
 MRCHDU: Convergence failed at  37  side 2    Res =  0.6610E+02
 MRCHDU: Convergence failed at  38  side 2    Res =  0.6900E+02
 MRCHDU: Convergence failed at  39  side 2    Res =  0.7431E+02
 MRCHDU: Convergence failed at  40  side 2    Res =  0.7977E+02
 MRCHDU: Convergence failed at  41  side 2    Res =  0.8621E+02
 MRCHDU: Convergence failed at  42  side 2    Res =  0.9324E+02
 MRCHDU: Convergence failed at  43  side 2    Res =  0.1005E+03
 MRCHDU: Convergence failed at  44  side 2    Res =  0.1091E+03
 MRCHDU: Convergence failed at  45  side 2    Res =  0.1189E+03
 MRCHDU: Convergence failed at  46  side 2    Res =  0.1301E+03
 MRCHDU: Convergence failed at  47  side 2    Res =  0.1429E+03
 MRCHDU: Convergence failed at  48  side 2    Res =  0.1578E+03
 MRCHDU: Convergence failed at  49  side 2    Res =  0.1767E+03
 MRCHDU: Convergence failed at  50  side 2    Res =  0.1061E+03
 MRCHDU: Convergence failed at  51  side 2    Res =  0.3600E+02
 MRCHDU: Convergence failed at  52  side 2    Res =  0.3383E+02
 MRCHDU: Convergence failed at  53  side 2    Res =  0.1169E+05
 MRCHDU: Convergence failed at  54  side 2    Res =  0.1558E+04
 MRCHDU: Convergence failed at  55  side 2    Res =  0.7586E+03
 MRCHDU: Convergence failed at  56  side 2    Res =  0.5420E+03
 MRCHDU: Convergence failed at  57  side 2    Res =  0.4287E+03
 MRCHDU: Convergence failed at  58  side 2    Res =  0.3427E+03
 MRCHDU: Convergence failed at  59  side 2    Res =  0.2970E+03
 MRCHDU: Convergence failed at  60  side 2    Res =  0.2607E+03
 MRCHDU: Convergence failed at  61  side 2    Res =  0.2314E+03
 MRCHDU: Convergence failed at  62  side 2    Res =  0.2081E+03
 MRCHDU: Convergence failed at  63  side 2    Res =  0.1886E+03
 MRCHDU: Convergence failed at  64  side 2    Res =  0.1750E+03
 MRCHDU: Convergence failed at  65  side 2    Res =  0.1703E+03
 MRCHDU: Convergence failed at  66  side 2    Res =  0.1590E+03
 MRCHDU: Convergence failed at  67  side 2    Res =  0.1500E+03
 MRCHDU: Convergence failed at  68  side 2    Res =  0.1429E+03
 MRCHDU: Convergence failed at  69  side 2    Res =  0.1349E+03

[TIMEOUT]
