
 ===================================================
  XFOIL Version 6.99
  Copyright (C) 2000   Mark Drela, Harold Youngren

  This software comes with ABSOLUTELY NO WARRANTY,
    subject to the GNU General Public License.

  Caveat computor
 ===================================================

 File  xfoil.def  not found

   QUIT    Exit program

  .OPER    Direct operating point(s)
  .MDES    Complex mapping design routine
  .QDES    Surface speed design routine
  .GDES    Geometry design routine

   SAVE f  Write airfoil to labeled coordinate file
   PSAV f  Write airfoil to plain coordinate file
   ISAV f  Write airfoil to ISES coordinate file
   MSAV f  Write airfoil to MSES coordinate file
   REVE    Reverse written-airfoil node ordering

   LOAD f  Read buffer airfoil from coordinate file
   NACA i  Set NACA 4,5-digit airfoil and buffer airfoil
   INTE    Set buffer airfoil by interpolating two airfoils
   NORM    Buffer airfoil normalization toggle
   XYCM rr Change CM reference location, currently  0.25000 0.00000

   BEND    Display structural properties of current airfoil

   PCOP    Set current-airfoil panel nodes directly from buffer airfoil points
   PANE    Set current-airfoil panel nodes ( 160 ) based on curvature
  .PPAR    Show/change paneling

  .PLOP    Plotting options

   WDEF f  Write  current-settings file
   RDEF f  Reread current-settings file
   NAME s  Specify new airfoil name
   NINC    Increment name version number

   Z       Zoom    | (available in all menus)
   U       Unzoom  | 

 XFOIL   c>  
 Labeled airfoil file.  Name:  AG53                                            

 Number of input coordinate points: 161
 Counterclockwise ordering
 Max thickness =     0.080781  at x =   0.281
 Max camber    =     0.018003  at x =   0.403

  LE  x,y  =  -0.00000   0.00000  |   Chord =   1.00000
  TE  x,y  =   1.00000   0.00000  |

 Current airfoil nodes set from buffer airfoil nodes ( 161 )

 XFOIL   c>  
 XFOIL   c>  
 Blunt trailing edge.  Gap =  0.00050

 Paneling parameters used...
   Number of panel nodes       160
   Panel bunching parameter    1.000
   TE/LE panel density ratio   0.150
   Refined-area/LE panel density ratio    0.200
   Top    side refined area x/c limits  1.000 1.000
   Bottom side refined area x/c limits  1.000 1.000

 XFOIL   c>  
.OPERi   c>  
 Xtr/c     =  1.0000    top    side
 Xtr/c     =  1.0000    bottom side
 Ncrit     =    9.00   ( 0.070 % turb. level )
 Vacc      =  0.0100

 Klag  =  5.6000     Uxwt  =    1.00
 A     =  6.7000     B     =  0.7500       KCt = 0.01485
 CtiniK=  1.8000     CtiniX=  3.3000

..VPAR   c>  
..VPAR   c>  
.OPERi   c>  
 M  =    0.0000
 Re =    600000

.OPERv   c>  
.OPERv   c>  
.OPERv   c>  
 Polar  1 newly created for accumulation
 Airfoil archived with polar: AG53                                            

Enter  polar save filename  OR  <return> for no file   s>  
 New polar save file available

Enter  polar dump filename  OR  <return> for no file   s>  
 Polar dump file will NOT be written

 Polar accumulation enabled

.OPERva   c>   Calculating unit vorticity distributions ...
 Calculating wake trajectory ...
 Calculating source influence matrix ...

 Solving BL system ...

 Initializing BL ...
    side            1  ...
 MRCHUE: Inverse mode at  68     Hk =   4.011
 MRCHUE: Inverse mode at  69     Hk =   4.486
 MRCHUE: Inverse mode at  70     Hk =   4.954
 MRCHUE: Inverse mode at  71     Hk =   5.416
 MRCHUE: Inverse mode at  72     Hk =   5.873
 MRCHUE: Inverse mode at  73     Hk =   6.325
 MRCHUE: Inverse mode at  74     Hk =   6.771
 MRCHUE: Inverse mode at  75     Hk =   7.200
 MRCHUE: Inverse mode at  76     Hk =   7.359
 MRCHUE: Inverse mode at  77     Hk =   6.432
    side            2  ...
 MRCHUE: Inverse mode at  10     Hk =   5.013
 MRCHUE: Inverse mode at  11     Hk =   6.444
 MRCHUE: Inverse mode at  12     Hk =   8.030
 MRCHUE: Inverse mode at  13     Hk =   9.948
 MRCHUE: Inverse mode at  14     Hk =   2.500
 MRCHUE: Inverse mode at  85     Hk =   2.500

 Side 1  free  transition at x/c =  0.9931   76
 Side 2  free  transition at x/c =  0.0173   14

   1   rms: 0.1934E+00   max: 0.1101E+01   D at   14  2   RLX: 0.655
       a = -4.000      CL = -0.3145
      Cm = -0.0295     CD =  0.01016   =>   CDf =  0.00590    CDp =  0.00427

 Side 1  free  transition at x/c =  0.9726   75
 Side 2  free  transition at x/c =  0.0148   13

   2   rms: 0.9755E-01   max: -.6575E+00   D at   85  2   RLX: 0.760
       a = -4.000      CL = -0.3083
      Cm = -0.0289     CD =  0.01066   =>   CDf =  0.00568    CDp =  0.00499

 Side 1  free  transition at x/c =  0.9775   75
 Side 2  free  transition at x/c =  0.0155   13

   3   rms: 0.5603E-01   max: -.3775E+00   D at   85  2
       a = -4.000      CL = -0.2693
      Cm = -0.0372     CD =  0.01023   =>   CDf =  0.00584    CDp =  0.00439

 Side 1  free  transition at x/c =  0.9947   77
 Side 2  free  transition at x/c =  0.0174   14

   4   rms: 0.2781E-01   max: 0.2586E+00   D at   77  1
       a = -4.000      CL = -0.2665
      Cm = -0.0379     CD =  0.00955   =>   CDf =  0.00597    CDp =  0.00358

 Side 1  free  transition at x/c =  0.9929   76
 Side 2  free  transition at x/c =  0.0198   14

   5   rms: 0.1955E-01   max: 0.2280E+00   D at   14  2
       a = -4.000      CL = -0.2685
      Cm = -0.0375     CD =  0.00968   =>   CDf =  0.00594    CDp =  0.00374

 Side 1  free  transition at x/c =  0.9913   76
 Side 2  free  transition at x/c =  0.0189   14

   6   rms: 0.7560E-03   max: 0.7955E-02   T at   14  2
       a = -4.000      CL = -0.2683
      Cm = -0.0375     CD =  0.00969   =>   CDf =  0.00591    CDp =  0.00377

 Side 1  free  transition at x/c =  0.9913   76
 Side 2  free  transition at x/c =  0.0189   14

   7   rms: 0.3163E-05   max: 0.2724E-04   T at   14  2
       a = -4.000      CL = -0.2683
      Cm = -0.0375     CD =  0.00969   =>   CDf =  0.00591    CDp =  0.00377
 plradd ia,ip,cpol            1           0  8.92504526E-04

 Point added to stored polar  1
 Point written to save file  ag53_Re600k.base.pol                            
 Dump file unspecified or not available
 Calculating wake trajectory ...
 Calculating source influence matrix ...

 Solving BL system ...

 Side 1  free  transition at x/c =  0.9913   76
 Side 2  free  transition at x/c =  0.0189   14

   1   rms: 0.1404E+00   max: -.1105E+01   T at   14  2   RLX: 0.452
       a = -3.500      CL = -0.2364
      Cm = -0.0391     CD =  0.00928   =>   CDf =  0.00591    CDp =  0.00337

 Side 1  free  transition at x/c =  0.9873   76
 Side 2  free  transition at x/c =  0.0246   15

   2   rms: 0.2269E+00   max: -.1095E+01   T at   15  2   RLX: 0.457
       a = -3.500      CL = -0.2184
      Cm = -0.0398     CD =  0.00847   =>   CDf =  0.00592    CDp =  0.00254

 Side 1  free  transition at x/c =  0.9858   76
 Side 2  free  transition at x/c =  0.0515   17

   3   rms: 0.4586E-01   max: -.3650E+00   D at   17  2
       a = -3.500      CL = -0.1952
      Cm = -0.0413     CD =  0.00865   =>   CDf =  0.00581    CDp =  0.00284

 Side 1  free  transition at x/c =  0.9841   76
 Side 2  free  transition at x/c =  0.0451   16

   4   rms: 0.5050E-02   max: -.7095E-01   D at   17  2
       a = -3.500      CL = -0.1949
      Cm = -0.0413     CD =  0.00870   =>   CDf =  0.00588    CDp =  0.00282

 Side 1  free  transition at x/c =  0.9842   76
 Side 2  free  transition at x/c =  0.0438   16

   5   rms: 0.2581E-03   max: 0.2973E-02   T at   16  2
       a = -3.500      CL = -0.1949
      Cm = -0.0413     CD =  0.00871   =>   CDf =  0.00589    CDp =  0.00282

 Side 1  free  transition at x/c =  0.9842   76
 Side 2  free  transition at x/c =  0.0437   16

   6   rms: 0.2344E-05   max: -.1309E-04   D at   77  1
       a = -3.500      CL = -0.1949
      Cm = -0.0413     CD =  0.00871   =>   CDf =  0.00589    CDp =  0.00282
 plradd ia,ip,cpol            2           0  8.92504526E-04


[TIMEOUT]
