
 ===================================================
  XFOIL Version 6.99
  Copyright (C) 2000   Mark Drela, Harold Youngren

  This software comes with ABSOLUTELY NO WARRANTY,
    subject to the GNU General Public License.

  Caveat computor
 ===================================================

 File  xfoil.def  not found

   QUIT    Exit program

  .OPER    Direct operating point(s)
  .MDES    Complex mapping design routine
  .QDES    Surface speed design routine
  .GDES    Geometry design routine

   SAVE f  Write airfoil to labeled coordinate file
   PSAV f  Write airfoil to plain coordinate file
   ISAV f  Write airfoil to ISES coordinate file
   MSAV f  Write airfoil to MSES coordinate file
   REVE    Reverse written-airfoil node ordering

   LOAD f  Read buffer airfoil from coordinate file
   NACA i  Set NACA 4,5-digit airfoil and buffer airfoil
   INTE    Set buffer airfoil by interpolating two airfoils
   NORM    Buffer airfoil normalization toggle
   XYCM rr Change CM reference location, currently  0.25000 0.00000

   BEND    Display structural properties of current airfoil

   PCOP    Set current-airfoil panel nodes directly from buffer airfoil points
   PANE    Set current-airfoil panel nodes ( 160 ) based on curvature
  .PPAR    Show/change paneling

  .PLOP    Plotting options

   WDEF f  Write  current-settings file
   RDEF f  Reread current-settings file
   NAME s  Specify new airfoil name
   NINC    Increment name version number

   Z       Zoom    | (available in all menus)
   U       Unzoom  | 

 XFOIL   c>  
 Labeled airfoil file.  Name:  AH21 7% version (Andrew Hollom)                 

 Number of input coordinate points:  61
 Counterclockwise ordering
 Max thickness =     0.089785  at x =   0.352
 Max camber    =     0.022187  at x =   0.560

  LE  x,y  =  -0.00006   0.00093  |   Chord =   1.00006
  TE  x,y  =   1.00000   0.00000  |

 Current airfoil nodes set from buffer airfoil nodes (  61 )

 WARNING: Poor input coordinate distribution
          Excessive panel angle   47.5  at i =  32
          Repaneling with PANE and/or PPAR suggested
           (doing GDES,CADD before repaneling _may_
            improve excessively coarse LE spacing

 XFOIL   c>  
 XFOIL   c>  
 Sharp trailing edge

 Paneling parameters used...
   Number of panel nodes       160
   Panel bunching parameter    1.000
   TE/LE panel density ratio   0.150
   Refined-area/LE panel density ratio    0.200
   Top    side refined area x/c limits  1.000 1.000
   Bottom side refined area x/c limits  1.000 1.000

 XFOIL   c>  
.OPERi   c>  
 Xtr/c     =  1.0000    top    side
 Xtr/c     =  1.0000    bottom side
 Ncrit     =    9.00   ( 0.070 % turb. level )
 Vacc      =  0.0100

 Klag  =  5.6000     Uxwt  =    1.00
 A     =  6.7000     B     =  0.7500       KCt = 0.01485
 CtiniK=  1.8000     CtiniX=  3.3000

..VPAR   c>  
..VPAR   c>  
.OPERi   c>  
 M  =    0.0000
 Re =    300000

.OPERv   c>  
.OPERv   c>  
.OPERv   c>  
 Polar  1 newly created for accumulation
 Airfoil archived with polar: AH21 7% version (Andrew Hollom)                 

Enter  polar save filename  OR  <return> for no file   s>  
 New polar save file available

Enter  polar dump filename  OR  <return> for no file   s>  
 Polar dump file will NOT be written

 Polar accumulation enabled

.OPERva   c>   Calculating unit vorticity distributions ...
 Calculating wake trajectory ...
 Calculating source influence matrix ...

 Solving BL system ...

 Initializing BL ...
    side            1  ...
 MRCHUE: Inverse mode at  68     Hk =   3.800
 MRCHUE: Inverse mode at  69     Hk =   4.188
 MRCHUE: Inverse mode at  70     Hk =   4.569
 MRCHUE: Inverse mode at  71     Hk =   4.944
 MRCHUE: Inverse mode at  72     Hk =   5.314
 MRCHUE: Inverse mode at  73     Hk =   5.679
 MRCHUE: Convergence failed at  74  side 1    Res =  0.2030E+01
 MRCHUE: Inverse mode at  75     Hk =   6.028
 MRCHUE: Inverse mode at  76     Hk =   6.354
 MRCHUE: Inverse mode at  77     Hk =   6.633
 MRCHUE: Inverse mode at  78     Hk =   6.782
    side            2  ...
 MRCHUE: Inverse mode at  13     Hk =   4.693
 MRCHUE: Inverse mode at  14     Hk =   5.713
 MRCHUE: Inverse mode at  15     Hk =   6.799
 MRCHUE: Convergence failed at  15  side 2    Res =  0.3929E-01
 MRCHUE: Inverse mode at  16     Hk =   8.003
 MRCHUE: Inverse mode at  17     Hk =   9.342
 MRCHUE: Inverse mode at  18     Hk =   7.975
 MRCHUE: Inverse mode at  19     Hk =   2.500
 MRCHUE: Inverse mode at  84     Hk =   2.500

 Side 1 forced transition at x/c =  1.0000   78
 Side 2  free  transition at x/c =  0.0451   18
 idif Ue xi dudx           1  0.24634668      3.13615799E-03   78.550468    
 Uenew xinew           2  5.46760783E-02  6.96063042E-04

   1   rms: 0.7983E+00   max: -.5182E+01   D at    3  1   RLX: 0.096
       a = -4.000      CL = -0.1009
      Cm = -0.1019     CD =  0.00955   =>   CDf =  0.00714    CDp =  0.00241

 Side 1 forced transition at x/c =  1.0000   77
 Side 2  free  transition at x/c =  0.0398   19
 idif Ue xi dudx           1  0.24403527      3.61037254E-03   67.592827    
 Uenew xinew           2  5.51468506E-02  8.15868378E-04

   2   rms: 0.5191E+00   max: 0.2801E+01   T at   19  2   RLX: 0.521
       a = -4.000      CL = -0.3266
      Cm = -0.0467     CD =  0.01307   =>   CDf =  0.00711    CDp =  0.00595

 MRCHDU: Convergence failed at  20  side 2    Res =  0.5164E+02
 MRCHDU: Convergence failed at  21  side 2    Res =  0.1048E+04
 MRCHDU: Convergence failed at  22  side 2    Res =  0.3658E+02
 MRCHDU: Convergence failed at  23  side 2    Res =  0.3259E+02
 MRCHDU: Convergence failed at  24  side 2    Res =  0.4451E+02
 MRCHDU: Convergence failed at  25  side 2    Res =  0.2148E+03
 MRCHDU: Convergence failed at  26  side 2    Res =  0.2844E+03
 MRCHDU: Convergence failed at  27  side 2    Res =  0.1017E+04
 MRCHDU: Convergence failed at  28  side 2    Res =  0.6101E+02
 MRCHDU: Convergence failed at  29  side 2    Res =  0.5686E+02
 MRCHDU: Convergence failed at  30  side 2    Res =  0.1046E+03
 MRCHDU: Convergence failed at  31  side 2    Res =  0.1096E+03
 MRCHDU: Convergence failed at  32  side 2    Res =  0.7501E+02
 MRCHDU: Convergence failed at  33  side 2    Res =  0.8015E+02
 MRCHDU: Convergence failed at  34  side 2    Res =  0.8711E+02
 MRCHDU: Convergence failed at  35  side 2    Res =  0.1038E+03
 MRCHDU: Convergence failed at  36  side 2    Res =  0.1355E+03
 MRCHDU: Convergence failed at  37  side 2    Res =  0.1905E+03
 MRCHDU: Convergence failed at  38  side 2    Res =  0.2943E+03
 MRCHDU: Convergence failed at  39  side 2    Res =  0.7216E+03
 MRCHDU: Convergence failed at  40  side 2    Res =  0.2453E+03
 MRCHDU: Convergence failed at  41  side 2    Res =  0.1738E+03
 MRCHDU: Convergence failed at  42  side 2    Res =  0.1525E+03
 MRCHDU: Convergence failed at  43  side 2    Res =  0.2435E+03
 MRCHDU: Convergence failed at  44  side 2    Res =  0.3438E+03
 MRCHDU: Convergence failed at  45  side 2    Res =  0.2858E+04
 MRCHDU: Convergence failed at  46  side 2    Res =  0.5534E+02
 MRCHDU: Convergence failed at  47  side 2    Res =  0.5112E+02
 MRCHDU: Convergence failed at  48  side 2    Res =  0.3756E+02
 MRCHDU: Convergence failed at  49  side 2    Res =  0.5117E+02
 MRCHDU: Convergence failed at  50  side 2    Res =  0.4999E+02
 MRCHDU: Convergence failed at  51  side 2    Res =  0.5181E+02
 MRCHDU: Convergence failed at  52  side 2    Res =  0.4593E+02
 MRCHDU: Convergence failed at  53  side 2    Res =  0.4750E+02
 MRCHDU: Convergence failed at  54  side 2    Res =  0.4919E+02
 MRCHDU: Convergence failed at  55  side 2    Res =  0.5080E+02
 MRCHDU: Convergence failed at  56  side 2    Res =  0.5257E+02
 MRCHDU: Convergence failed at  57  side 2    Res =  0.5440E+02
 MRCHDU: Convergence failed at  58  side 2    Res =  0.5635E+02
 MRCHDU: Convergence failed at  59  side 2    Res =  0.5834E+02
 MRCHDU: Convergence failed at  60  side 2    Res =  0.6051E+02

[TIMEOUT]
