
 ===================================================
  XFOIL Version 6.99
  Copyright (C) 2000   Mark Drela, Harold Youngren

  This software comes with ABSOLUTELY NO WARRANTY,
    subject to the GNU General Public License.

  Caveat computor
 ===================================================

 File  xfoil.def  not found

   QUIT    Exit program

  .OPER    Direct operating point(s)
  .MDES    Complex mapping design routine
  .QDES    Surface speed design routine
  .GDES    Geometry design routine

   SAVE f  Write airfoil to labeled coordinate file
   PSAV f  Write airfoil to plain coordinate file
   ISAV f  Write airfoil to ISES coordinate file
   MSAV f  Write airfoil to MSES coordinate file
   REVE    Reverse written-airfoil node ordering

   LOAD f  Read buffer airfoil from coordinate file
   NACA i  Set NACA 4,5-digit airfoil and buffer airfoil
   INTE    Set buffer airfoil by interpolating two airfoils
   NORM    Buffer airfoil normalization toggle
   XYCM rr Change CM reference location, currently  0.25000 0.00000

   BEND    Display structural properties of current airfoil

   PCOP    Set current-airfoil panel nodes directly from buffer airfoil points
   PANE    Set current-airfoil panel nodes ( 160 ) based on curvature
  .PPAR    Show/change paneling

  .PLOP    Plotting options

   WDEF f  Write  current-settings file
   RDEF f  Reread current-settings file
   NAME s  Specify new airfoil name
   NINC    Increment name version number

   Z       Zoom    | (available in all menus)
   U       Unzoom  | 

 XFOIL   c>  
 Labeled airfoil file.  Name:  GOE 481A AIRFOIL                                

 Number of input coordinate points:  33
 Counterclockwise ordering
 Max thickness =     0.153193  at x =   0.294
 Max camber    =     0.055273  at x =   0.401

  LE  x,y  =  -0.00000  -0.00040  |   Chord =   1.00000
  TE  x,y  =   1.00000   0.00000  |

 Current airfoil nodes set from buffer airfoil nodes (  33 )

 WARNING: Poor input coordinate distribution
          Excessive panel angle   47.9  at i =  17
          Repaneling with PANE and/or PPAR suggested
           (doing GDES,CADD before repaneling _may_
            improve excessively coarse LE spacing

 XFOIL   c>  
 XFOIL   c>  
 Sharp trailing edge

 Paneling parameters used...
   Number of panel nodes       160
   Panel bunching parameter    1.000
   TE/LE panel density ratio   0.150
   Refined-area/LE panel density ratio    0.200
   Top    side refined area x/c limits  1.000 1.000
   Bottom side refined area x/c limits  1.000 1.000

 XFOIL   c>  
.OPERi   c>  
 Xtr/c     =  1.0000    top    side
 Xtr/c     =  1.0000    bottom side
 Ncrit     =    9.00   ( 0.070 % turb. level )
 Vacc      =  0.0100

 Klag  =  5.6000     Uxwt  =    1.00
 A     =  6.7000     B     =  0.7500       KCt = 0.01485
 CtiniK=  1.8000     CtiniX=  3.3000

..VPAR   c>  
..VPAR   c>  
.OPERi   c>  
 M  =    0.0000
 Re =    500000

.OPERv   c>  
.OPERv   c>  
.OPERv   c>  
 Polar  1 newly created for accumulation
 Airfoil archived with polar: GOE 481A AIRFOIL                                

Enter  polar save filename  OR  <return> for no file   s>  
 New polar save file available

Enter  polar dump filename  OR  <return> for no file   s>  
 Polar dump file will NOT be written

 Polar accumulation enabled

.OPERva   c>   Calculating unit vorticity distributions ...
 Calculating wake trajectory ...
 Calculating source influence matrix ...

 Solving BL system ...

 Initializing BL ...
    side            1  ...
 MRCHUE: Inverse mode at  34     Hk =   4.003
 MRCHUE: Inverse mode at  35     Hk =   4.854
 MRCHUE: Inverse mode at  36     Hk =   5.700
 MRCHUE: Inverse mode at  37     Hk =   6.553
 MRCHUE: Inverse mode at  38     Hk =   7.418
 MRCHUE: Inverse mode at  39     Hk =   8.293
 MRCHUE: Inverse mode at  40     Hk =   9.174
 MRCHUE: Inverse mode at  41     Hk =   9.365
 MRCHUE: Inverse mode at  42     Hk =   5.318
 MRCHUE: Inverse mode at  43     Hk =   3.466
 MRCHUE: Inverse mode at  44     Hk =   2.500
 MRCHUE: Inverse mode at  91     Hk =   2.500
 MRCHUE: Inverse mode at  92     Hk =   2.500
 MRCHUE: Inverse mode at  93     Hk =   2.500
 MRCHUE: Inverse mode at  94     Hk =   2.500
 MRCHUE: Inverse mode at  95     Hk =   2.500
 MRCHUE: Inverse mode at  96     Hk =   2.500
 MRCHUE: Inverse mode at  97     Hk =   2.500
 MRCHUE: Inverse mode at  98     Hk =   2.500
 MRCHUE: Inverse mode at  99     Hk =   2.500
 MRCHUE: Inverse mode at 100     Hk =   2.500
 MRCHUE: Inverse mode at 101     Hk =   2.500
 MRCHUE: Inverse mode at 102     Hk =   2.500
 MRCHUE: Inverse mode at 103     Hk =   2.500
 MRCHUE: Inverse mode at 104     Hk =   2.500
 MRCHUE: Inverse mode at 105     Hk =   2.500
 MRCHUE: Convergence failed at 106  side 1    Res =  0.6570E+01
 MRCHUE: Inverse mode at 107     Hk =   2.500
 MRCHUE: Convergence failed at 108  side 1    Res =  0.1311E+02
 MRCHUE: Convergence failed at 109  side 1    Res =  0.8223E+01
    side            2  ...
 MRCHUE: Inverse mode at  51     Hk =   3.800
 MRCHUE: Convergence failed at  52  side 2    Res =  0.1959E+02
 MRCHUE: Inverse mode at  53     Hk =   4.117

 MRCHDU: Convergence failed at 106  side 1    Res =  0.1984E+01
 MRCHDU: Convergence failed at 107  side 1    Res =  0.1995E+01
 MRCHDU: Convergence failed at 108  side 1    Res =  0.1812E+02
 MRCHDU: Convergence failed at 109  side 1    Res =  0.4302E+02
 MRCHDU: Convergence failed at  52  side 2    Res =  0.5257E+02
 MRCHDU: Convergence failed at  53  side 2    Res =  0.2391E+02
 Side 1  free  transition at x/c =  0.0177   41
 Side 2 forced transition at x/c =  1.0000   53
 idif Ue xi dudx           1  7.81304464E-02  9.84406471E-03   7.9368076    
 Uenew xinew           2  2.36043315E-02  2.97403336E-03

   1   rms: 0.1253E+01   max: 0.7405E+01   D at   55  2   RLX: 0.111
       a = 16.250      CL =  2.7641
      Cm = -0.2628     CD =  0.00417   =>   CDf =  0.00924    CDp = -0.00507

 MRCHDU: Convergence failed at  42  side 1    Res =  0.3291E+01
 MRCHDU: Convergence failed at  43  side 1    Res =  0.1673E+02
 Side 1  free  transition at x/c =  0.0201   41
 Side 2 forced transition at x/c =  1.0000   54

   2   rms: 0.7870E+00   max: 0.3312E+01   D at   57  2   RLX: 0.154
       a = 16.250      CL =  2.7103
      Cm = -0.2393     CD =  0.00462   =>   CDf =  0.00935    CDp = -0.00473

 Side 1  free  transition at x/c =  0.0239   43
 Side 2 forced transition at x/c =  1.0000   54

   3   rms: 0.8006E+00   max: -.2338E+01   T at   45  1   RLX: 0.077
       a = 16.250      CL =  2.6711
      Cm = -0.2296     CD =  0.00539   =>   CDf =  0.00916    CDp = -0.00376

 MRCHDU: Convergence failed at  44  side 1    Res =  0.1255E+00
 Side 1  free  transition at x/c =  0.0266   44
 Side 2 forced transition at x/c =  1.0000   54
 idif Ue xi dudx           1  5.55869490E-02  6.49809837E-03   8.5543413    
 Uenew xinew           2  8.24983348E-04  9.64403152E-05

   4   rms: 0.1136E+01   max: -.9903E+01   T at   44  1   RLX: 0.050
       a = 16.250      CL =  2.6480
      Cm = -0.2245     CD =  0.00552   =>   CDf =  0.00980    CDp = -0.00428

 MRCHDU: Convergence failed at  44  side 1    Res =  0.7827E+00
 MRCHDU: Convergence failed at  45  side 1    Res =  0.6761E+00
 MRCHDU: Convergence failed at  46  side 1    Res =  0.3793E+00
 MRCHDU: Convergence failed at  47  side 1    Res =  0.1044E+00
 Side 1  free  transition at x/c =  0.0296   43
 Side 2 forced transition at x/c =  1.0000   55

   5   rms: 0.1982E+01   max: -.2465E+02   T at    2  2   RLX: 0.020
       a = 16.250      CL =  2.6101
      Cm = -0.2257     CD =  0.00608   =>   CDf =  0.00909    CDp = -0.00301

 MRCHDU: Convergence failed at  48  side 1    Res =  0.7880E+00
 MRCHDU: Convergence failed at  49  side 1    Res =  0.6947E+00
 MRCHDU: Convergence failed at  50  side 1    Res =  0.5729E+00
 MRCHDU: Convergence failed at  51  side 1    Res =  0.4154E+00
 MRCHDU: Convergence failed at  52  side 1    Res =  0.3939E+00
 MRCHDU: Convergence failed at  53  side 1    Res =  0.3863E+00
 MRCHDU: Convergence failed at  54  side 1    Res =  0.2849E+00
 MRCHDU: Convergence failed at  55  side 1    Res =  0.2242E-01
 Side 1  free  transition at x/c =  0.0303   44
 Side 2 forced transition at x/c =  1.0000   55

   6   rms: 0.8914E+00   max: -.4763E+01   T at   44  1   RLX: 0.105
       a = 16.250      CL =  2.5236
      Cm = -0.2229     CD =  0.01016   =>   CDf =  0.01027    CDp = -0.00011

 MRCHDU: Convergence failed at  55  side 1    Res =  0.7490E+00
 MRCHDU: Convergence failed at  56  side 1    Res =  0.5012E+00
 MRCHDU: Convergence failed at  57  side 1    Res =  0.1676E+00
 Side 1  free  transition at x/c =  0.0356   45
 Side 2 forced transition at x/c =  1.0000   55

   7   rms: 0.6368E+00   max: -.6618E+01   T at   45  1   RLX: 0.076
       a = 16.250      CL =  2.4592
      Cm = -0.2231     CD =  0.01691   =>   CDf =  0.00938    CDp =  0.00753

 MRCHDU: Convergence failed at  58  side 1    Res =  0.3735E+00
 MRCHDU: Convergence failed at  59  side 1    Res =  0.2170E+00
 MRCHDU: Convergence failed at  60  side 1    Res =  0.1037E+00
 MRCHDU: Convergence failed at  61  side 1    Res =  0.6038E-02
 Side 1  free  transition at x/c =  0.0388   46
 Side 2 forced transition at x/c =  1.0000   55

   8   rms: 0.8708E+00   max: 0.5441E+01   C at   46  1   RLX: 0.104
       a = 16.250      CL =  2.4159
      Cm = -0.2206     CD =  0.01708   =>   CDf =  0.00900    CDp =  0.00808

 MRCHDU: Convergence failed at  61  side 1    Res =  0.7002E+00
 MRCHDU: Convergence failed at  62  side 1    Res =  0.5781E+00
 MRCHDU: Convergence failed at  63  side 1    Res =  0.4344E+00
 MRCHDU: Convergence failed at  64  side 1    Res =  0.2759E+00
 MRCHDU: Convergence failed at  65  side 1    Res =  0.1020E+00
 Side 1  free  transition at x/c =  0.0509   48
 Side 2 forced transition at x/c =  1.0000   55

   9   rms: 0.3302E+01   max: 0.1547E+02   D at   66  1   RLX: 0.050
       a = 16.250      CL =  2.3306
      Cm = -0.2153     CD =  0.02322   =>   CDf =  0.00739    CDp =  0.01582

 Side 1  free  transition at x/c =  0.0456   47
 Side 2 forced transition at x/c =  1.0000   55

  10   rms: 0.4543E+00   max: -.1480E+01   D at   66  1   RLX: 0.140
       a = 16.250      CL =  2.2854
      Cm = -0.2094     CD =  0.02635   =>   CDf =  0.00718    CDp =  0.01917

 MRCHDU: Convergence failed at  66  side 1    Res =  0.3225E-01
 Side 1  free  transition at x/c =  0.0538   48
 Side 2 forced transition at x/c =  1.0000   55

  11   rms: 0.2038E+01   max: -.9936E+01   D at   66  1   RLX: 0.048
       a = 16.250      CL =  2.3159
      Cm = -0.2075     CD =  0.02224   =>   CDf =  0.00755    CDp =  0.01469

 MRCHDU: Convergence failed at  50  side 1    Res =  0.2260E+01
 MRCHDU: Convergence failed at  51  side 1    Res =  0.1111E+02
 MRCHDU: Convergence failed at  52  side 1    Res =  0.2982E+01
 MRCHDU: Convergence failed at  53  side 1    Res =  0.2682E+01
 MRCHDU: Convergence failed at  54  side 1    Res =  0.5529E+01
 MRCHDU: Convergence failed at  55  side 1    Res =  0.1921E+02
 MRCHDU: Convergence failed at  56  side 1    Res =  0.1375E+01
 MRCHDU: Convergence failed at  58  side 1    Res =  0.5020E+01
 MRCHDU: Convergence failed at  59  side 1    Res =  0.8705E+01
 MRCHDU: Convergence failed at  60  side 1    Res =  0.1226E+02
 MRCHDU: Convergence failed at  61  side 1    Res =  0.1756E+02
 MRCHDU: Convergence failed at  62  side 1    Res =  0.2563E+02
 MRCHDU: Convergence failed at  63  side 1    Res =  0.4091E+02
 MRCHDU: Convergence failed at  64  side 1    Res =  0.7588E+02
 MRCHDU: Convergence failed at  65  side 1    Res =  0.2915E+03
 MRCHDU: Convergence failed at  66  side 1    Res =  0.2078E+03
 MRCHDU: Convergence failed at  67  side 1    Res =  0.7686E+03
 MRCHDU: Convergence failed at  68  side 1    Res =  0.1426E+03
 MRCHDU: Convergence failed at  69  side 1    Res =  0.1010E+03
 MRCHDU: Convergence failed at  70  side 1    Res =  0.8039E+02
 MRCHDU: Convergence failed at  71  side 1    Res =  0.7089E+02
 MRCHDU: Convergence failed at  72  side 1    Res =  0.5823E+02
 MRCHDU: Convergence failed at  73  side 1    Res =  0.6450E+02
 MRCHDU: Convergence failed at  74  side 1    Res =  0.7010E+02
 MRCHDU: Convergence failed at  75  side 1    Res =  0.2395E+03
 MRCHDU: Convergence failed at  76  side 1    Res =  0.2067E+04
 MRCHDU: Convergence failed at  77  side 1    Res =  0.7753E+03
 MRCHDU: Convergence failed at  78  side 1    Res =  0.5225E+02
 MRCHDU: Convergence failed at  79  side 1    Res =  0.5545E+02
 MRCHDU: Convergence failed at  80  side 1    Res =  0.3473E+03
 MRCHDU: Convergence failed at  81  side 1    Res =  0.4492E+02
 MRCHDU: Convergence failed at  82  side 1    Res =  0.4099E+02
 MRCHDU: Convergence failed at  83  side 1    Res =  0.3944E+02
 MRCHDU: Convergence failed at  84  side 1    Res =  0.3683E+02
 MRCHDU: Convergence failed at  85  side 1    Res =  0.3652E+02
 MRCHDU: Convergence failed at  86  side 1    Res =  0.3431E+02
 MRCHDU: Convergence failed at  87  side 1    Res =  0.3486E+02
 MRCHDU: Convergence failed at  88  side 1    Res =  0.3008E+02
 MRCHDU: Convergence failed at  89  side 1    Res =  0.2528E+02
 MRCHDU: Convergence failed at  90  side 1    Res =  0.2717E+02
 MRCHDU: Convergence failed at  91  side 1    Res =  0.2890E+02
 MRCHDU: Convergence failed at  92  side 1    Res =  0.3185E+02
 MRCHDU: Convergence failed at  93  side 1    Res =  0.3452E+02
 MRCHDU: Convergence failed at  94  side 1    Res =  0.3572E+02
 MRCHDU: Convergence failed at  95  side 1    Res =  0.6141E+02
 MRCHDU: Convergence failed at  96  side 1    Res =  0.4893E+02
 MRCHDU: Convergence failed at  97  side 1    Res =  0.5587E+02
 MRCHDU: Convergence failed at  98  side 1    Res =  0.6503E+02
 MRCHDU: Convergence failed at  99  side 1    Res =  0.7718E+02
 MRCHDU: Convergence failed at 100  side 1    Res =  0.7689E+02
 MRCHDU: Convergence failed at 101  side 1    Res =  0.7815E+02
 MRCHDU: Convergence failed at 102  side 1    Res =  0.6830E+02
 MRCHDU: Convergence failed at 103  side 1    Res =  0.6072E+02
 MRCHDU: Convergence failed at 104  side 1    Res =  0.5488E+02
 MRCHDU: Convergence failed at 105  side 1    Res =  0.5772E+03
 MRCHDU: Convergence failed at 106  side 1    Res =  0.2558E+03
 MRCHDU: Convergence failed at 107  side 1    Res =  0.1323E+03
 Side 1  free  transition at x/c =  0.1030   55
 Side 2 forced transition at x/c =  1.0000   55

  12   rms: 0.2402E+01   max: 0.1517E+02   D at   57  2   RLX: 0.099
       a = 16.250      CL =  4.6015
      Cm = -1.0706     CD =  0.00166   =>   CDf =  0.00168    CDp = -0.00002

 MRCHDU: Convergence failed at  61  side 1    Res =  0.5488E-01
 MRCHDU: Convergence failed at  57  side 2    Res =  0.4378E+01
 Side 1  free  transition at x/c =  0.1465   58
 Side 2 forced transition at x/c =  1.0000   55
 idif Ue xi dudx           1  9.35258493E-02  9.29021835E-03   10.067131    
 Uenew xinew           2  3.35102677E-02  3.32868099E-03

  13   rms: 0.1116E+01   max: 0.4754E+01   D at   60  2   RLX: 0.186
       a = 16.250      CL =  3.5336
      Cm = -0.6569     CD =  0.01771   =>   CDf =  0.00585    CDp =  0.01186

 MRCHDU: Convergence failed at  58  side 1    Res =  0.4347E+01
 MRCHDU: Convergence failed at  59  side 1    Res =  0.7517E+01
 MRCHDU: Convergence failed at  66  side 1    Res =  0.1111E+00
 MRCHDU: Convergence failed at  67  side 1    Res =  0.2266E+00
 MRCHDU: Convergence failed at  77  side 1    Res =  0.3796E+00
 MRCHDU: Convergence failed at  78  side 1    Res =  0.7538E+00
 MRCHDU: Convergence failed at  79  side 1    Res =  0.2862E+00
 MRCHDU: Convergence failed at  80  side 1    Res =  0.2343E+00
 MRCHDU: Convergence failed at  81  side 1    Res =  0.1632E+00
 MRCHDU: Convergence failed at  82  side 1    Res =  0.6826E-01
 Side 1  free  transition at x/c =  0.1513   58
 Side 2 forced transition at x/c =  1.0000   56

  14   rms: 0.1780E+01   max: -.1643E+02   D at   68  1   RLX: 0.030
       a = 16.250      CL =  3.1963
      Cm = -0.5096     CD =  0.01643   =>   CDf =  0.00459    CDp =  0.01184

 MRCHDU: Convergence failed at  60  side 1    Res =  0.3319E+00
 MRCHDU: Convergence failed at  61  side 1    Res =  0.4915E+00
 MRCHDU: Convergence failed at  68  side 1    Res =  0.2692E-01
 Side 1  free  transition at x/c =  0.1528   58
 Side 2 forced transition at x/c =  1.0000   56
 idif Ue xi dudx           1  9.11096483E-02  8.25500488E-03   11.036899    
 Uenew xinew           2  2.99256165E-02  2.71141529E-03

  15   rms: 0.7584E+00   max: 0.2020E+01   D at   65  2   RLX: 0.267
       a = 16.250      CL =  2.8307
      Cm = -0.4111     CD =  0.02600   =>   CDf =  0.00426    CDp =  0.02174

 Side 1  free  transition at x/c =  0.1571   57
 Side 2 forced transition at x/c =  1.0000   57
 idif Ue xi dudx           1  9.62314829E-02  7.56406784E-03   12.722187    
 Uenew xinew           2  3.08795515E-02  2.42722034E-03

  16   rms: 0.6952E+00   max: 0.1453E+01   D at   69  2   RLX: 0.277
       a = 16.250      CL =  2.5045
      Cm = -0.3201     CD =  0.03520   =>   CDf =  0.00463    CDp =  0.03057

 Side 1  free  transition at x/c =  0.1610   56
 Side 2 forced transition at x/c =  1.0000   58
 idif Ue xi dudx           1  0.10155319      7.10189342E-03   14.299453    
 Uenew xinew           2  3.36442366E-02  2.35283375E-03

  17   rms: 0.5418E+00   max: 0.7846E+00   D at   72  2   RLX: 0.368
       a = 16.250      CL =  2.1318
      Cm = -0.1977     CD =  0.04364   =>   CDf =  0.00516    CDp =  0.03847

 MRCHDU: Convergence failed at  56  side 1    Res =  0.1044E+02
 MRCHDU: Convergence failed at  57  side 1    Res =  0.1059E+02
 MRCHDU: Convergence failed at  58  side 1    Res =  0.1730E+02
 MRCHDU: Convergence failed at  59  side 1    Res =  0.1949E+02
 MRCHDU: Convergence failed at  60  side 1    Res =  0.8371E+01
 MRCHDU: Convergence failed at  61  side 1    Res =  0.2904E+02
 MRCHDU: Convergence failed at  62  side 1    Res =  0.3166E+02
 MRCHDU: Convergence failed at  63  side 1    Res =  0.3461E+02
 MRCHDU: Convergence failed at  64  side 1    Res =  0.2905E+02
 MRCHDU: Convergence failed at  65  side 1    Res =  0.1397E+02
 MRCHDU: Convergence failed at  66  side 1    Res =  0.1592E+02
 MRCHDU: Convergence failed at  67  side 1    Res =  0.1195E+03
 MRCHDU: Convergence failed at  68  side 1    Res =  0.2705E+03
 MRCHDU: Convergence failed at  69  side 1    Res =  0.8717E+03
 MRCHDU: Convergence failed at  70  side 1    Res =  0.8745E+02
 MRCHDU: Convergence failed at  71  side 1    Res =  0.6953E+02
 MRCHDU: Convergence failed at  72  side 1    Res =  0.4193E+02
 MRCHDU: Convergence failed at  73  side 1    Res =  0.2687E+02
 MRCHDU: Convergence failed at  74  side 1    Res =  0.2710E+02
 MRCHDU: Convergence failed at  75  side 1    Res =  0.2935E+02
 MRCHDU: Convergence failed at  76  side 1    Res =  0.4440E+02
 MRCHDU: Convergence failed at  77  side 1    Res =  0.3740E+02
 MRCHDU: Convergence failed at  78  side 1    Res =  0.4580E+02
 MRCHDU: Convergence failed at  79  side 1    Res =  0.1715E+02
 MRCHDU: Convergence failed at  80  side 1    Res =  0.2347E+02
 MRCHDU: Convergence failed at  81  side 1    Res =  0.1276E+04
 MRCHDU: Convergence failed at  82  side 1    Res =  0.2373E+03
 MRCHDU: Convergence failed at  83  side 1    Res =  0.4620E+03
 MRCHDU: Convergence failed at  84  side 1    Res =  0.6723E+02
 MRCHDU: Convergence failed at  85  side 1    Res =  0.5081E+02
 MRCHDU: Convergence failed at  86  side 1    Res =  0.5480E+02
 MRCHDU: Convergence failed at  87  side 1    Res =  0.7683E+02
 MRCHDU: Convergence failed at  88  side 1    Res =  0.8718E+02
 MRCHDU: Convergence failed at  89  side 1    Res =  0.1795E+03
 MRCHDU: Convergence failed at  90  side 1    Res =  0.2083E+03
 MRCHDU: Convergence failed at  91  side 1    Res =  0.7425E+03
 MRCHDU: Convergence failed at  92  side 1    Res =  0.5590E+03
 MRCHDU: Convergence failed at  93  side 1    Res =  0.2382E+03
 MRCHDU: Convergence failed at  94  side 1    Res =  0.1427E+03
 MRCHDU: Convergence failed at  95  side 1    Res =  0.6961E+02
 MRCHDU: Convergence failed at  96  side 1    Res =  0.5632E+02
 MRCHDU: Convergence failed at  97  side 1    Res =  0.5014E+02
 MRCHDU: Convergence failed at  98  side 1    Res =  0.6238E+02
 MRCHDU: Convergence failed at  99  side 1    Res =  0.8455E+02
 MRCHDU: Convergence failed at 100  side 1    Res =  0.3954E+02
 MRCHDU: Convergence failed at 101  side 1    Res =  0.7857E+02
 MRCHDU: Convergence failed at 102  side 1    Res =  0.2173E+03
 MRCHDU: Convergence failed at 103  side 1    Res =  0.4753E+03
 MRCHDU: Convergence failed at  66  side 2    Res =  0.3705E+01
 MRCHDU: Convergence failed at  67  side 2    Res =  0.6885E+01
 MRCHDU: Convergence failed at  68  side 2    Res =  0.2937E+01
 MRCHDU: Convergence failed at  69  side 2    Res =  0.1858E+01
 MRCHDU: Convergence failed at  70  side 2    Res =  0.2551E+01
 Side 1  free  transition at x/c =  0.1629   56
 Side 2 forced transition at x/c =  1.0000   59

  18   rms: 0.2952E+01   max: 0.1788E+02   D at   64  2   RLX: 0.084
       a = 16.250      CL =  3.6454
      Cm = -0.8387     CD =  0.00642   =>   CDf =  0.00266    CDp =  0.00376

 MRCHDU: Convergence failed at  64  side 2    Res =  0.8754E+01
 MRCHDU: Convergence failed at  65  side 2    Res =  0.4196E+01
 MRCHDU: Convergence failed at  66  side 2    Res =  0.1182E+02
 Side 1  free  transition at x/c =  0.1609   55
 Side 2 forced transition at x/c =  1.0000   59
 idif Ue xi dudx           1  0.13831364      8.34047794E-03   16.583418    
 Uenew xinew           2  6.52474985E-02  3.93450260E-03

  19   rms: 0.1001E+01   max: 0.4791E+01   D at   70  2   RLX: 0.192
       a = 16.250      CL =  2.4257
      Cm = -0.4143     CD =  0.08879   =>   CDf =  0.00325    CDp =  0.08554

 Side 1  free  transition at x/c =  0.1592   54
 Side 2 forced transition at x/c =  1.0000   60
 idif Ue xi dudx           2  0.20694543      1.04788542E-02   19.748861    
 Uenew xinew           3  0.12562501      6.36112690E-03

  20   rms: 0.7657E+00   max: 0.1875E+01   D at   68  2   RLX: 0.343
       a = 16.250      CL =  1.8944
      Cm = -0.2750     CD =  0.10643   =>   CDf =  0.00356    CDp =  0.10287

 Side 1  free  transition at x/c =  0.1608   52
 Side 2 forced transition at x/c =  1.0000   62
 idif Ue xi dudx           2  0.21135689      8.53478909E-03   24.764162    
 Uenew xinew           3  0.11948108      4.82475758E-03

  21   rms: 0.5454E+00   max: -.9195E+00   T at   76  2   RLX: 0.512
       a = 16.250      CL =  1.3662
      Cm = -0.1409     CD =  0.11788   =>   CDf =  0.00370    CDp =  0.11418

 Side 1  free  transition at x/c =  0.1570   50
 Side 2 forced transition at x/c =  1.0000   64

  22   rms: 0.3090E+00   max: -.1452E+01   T at   50  1   RLX: 0.344
       a = 16.250      CL =  1.2508
      Cm = -0.0903     CD =  0.13563   =>   CDf =  0.00347    CDp =  0.13215

 Side 1  free  transition at x/c =  0.1683   51
 Side 2 forced transition at x/c =  1.0000   64

  23   rms: 0.5962E+00   max: -.2606E+01   D at   54  1   RLX: 0.180
       a = 16.250      CL =  1.2023
      Cm = -0.0388     CD =  0.13391   =>   CDf =  0.00336    CDp =  0.13054

 Side 1  free  transition at x/c =  0.1872   53
 Side 2 forced transition at x/c =  1.0000   63
 idif Ue xi dudx           2  0.18153401      7.12823868E-03   25.466881    
 Uenew xinew           3  9.03662667E-02  3.54838371E-03

  24   rms: 0.7695E+00   max: 0.3138E+01   D at   57  1   RLX: 0.249
       a = 16.250      CL =  1.0204
      Cm = -0.0257     CD =  0.16207   =>   CDf =  0.00384    CDp =  0.15823

 MRCHDU: Convergence failed at  51  side 1    Res =  0.4491E+01
 MRCHDU: Convergence failed at  52  side 1    Res =  0.3713E+01
 Side 1  free  transition at x/c =  0.1639   50
 Side 2 forced transition at x/c =  1.0000   65

  25   rms: 0.1523E+01   max: 0.2152E+02   T at    2  2   RLX: 0.049
       a = 16.250      CL =  1.1362
      Cm = -0.0493     CD =  0.14554   =>   CDf =  0.00333    CDp =  0.14220

 Side 1  free  transition at x/c =  0.1668   51
 Side 2 forced transition at x/c =  1.0000   64

  26   rms: 0.7086E+00   max: -.3359E+01   D at   54  1   RLX: 0.148
       a = 16.250      CL =  1.1502
      Cm = -0.0328     CD =  0.12972   =>   CDf =  0.00347    CDp =  0.12625

 Side 1  free  transition at x/c =  0.1866   52
 Side 2 forced transition at x/c =  1.0000   64

  27   rms: 0.6222E+00   max: 0.2707E+01   D at   54  1   RLX: 0.155
       a = 16.250      CL =  1.0279
      Cm = -0.0111     CD =  0.14613   =>   CDf =  0.00353    CDp =  0.14261

 Side 1  free  transition at x/c =  0.1696   51
 Side 2 forced transition at x/c =  1.0000   64

  28   rms: 0.1239E+01   max: -.6547E+01   D at   54  1   RLX: 0.076
       a = 16.250      CL =  1.0648
      Cm = -0.0008     CD =  0.12589   =>   CDf =  0.00347    CDp =  0.12242

 Side 1  free  transition at x/c =  0.1828   52
 Side 2 forced transition at x/c =  1.0000   64

  29   rms: 0.1617E+01   max: -.5992E+01   D at   59  1   RLX: 0.083
       a = 16.250      CL =  1.1624
      Cm =  0.0137     CD =  0.10827   =>   CDf =  0.00336    CDp =  0.10491

 Side 1  free  transition at x/c =  0.1916   53
 Side 2 forced transition at x/c =  1.0000   63

  30   rms: 0.2920E+00   max: -.3334E+01   C at   53  1   RLX: 0.150
       a = 16.250      CL =  1.1434
      Cm =  0.0229     CD =  0.10824   =>   CDf =  0.00355    CDp =  0.10470

 Side 1  free  transition at x/c =  0.1786   53
 Side 2 forced transition at x/c =  1.0000   63
 idif Ue xi dudx           1  0.17341915      6.53958321E-03   26.518379    
 Uenew xinew           2  7.84871951E-02  2.95972824E-03

  31   rms: 0.2774E+01   max: 0.1307E+02   D at   63  1   RLX: 0.115
       a = 16.250      CL =  0.9551
      Cm = -0.0016     CD =  0.16203   =>   CDf =  0.00364    CDp =  0.15838

 MRCHDU: Convergence failed at  52  side 1    Res =  0.1215E+01
 MRCHDU: Convergence failed at  53  side 1    Res =  0.3577E+01
 MRCHDU: Convergence failed at  54  side 1    Res =  0.2399E+02
 MRCHDU: Convergence failed at  55  side 1    Res =  0.4389E+01
 MRCHDU: Convergence failed at  56  side 1    Res =  0.2759E+01
 MRCHDU: Convergence failed at  57  side 1    Res =  0.6284E+01
 MRCHDU: Convergence failed at  58  side 1    Res =  0.3944E+01
 MRCHDU: Convergence failed at  59  side 1    Res =  0.2614E+01
 MRCHDU: Convergence failed at  60  side 1    Res =  0.6119E+01
 MRCHDU: Convergence failed at  61  side 1    Res =  0.1708E+01
 MRCHDU: Convergence failed at  62  side 1    Res =  0.1676E+01
 MRCHDU: Convergence failed at  63  side 1    Res =  0.2159E+01
 MRCHDU: Convergence failed at  64  side 1    Res =  0.2730E+01
 MRCHDU: Convergence failed at  65  side 1    Res =  0.3358E+01
 MRCHDU: Convergence failed at  66  side 1    Res =  0.3986E+01
 MRCHDU: Convergence failed at  67  side 1    Res =  0.4705E+01
 MRCHDU: Convergence failed at  68  side 1    Res =  0.5504E+01
 MRCHDU: Convergence failed at  69  side 1    Res =  0.6634E+01
 MRCHDU: Convergence failed at  70  side 1    Res =  0.8053E+01
 MRCHDU: Convergence failed at  71  side 1    Res =  0.1040E+02
 MRCHDU: Convergence failed at  72  side 1    Res =  0.1494E+02
 MRCHDU: Convergence failed at  73  side 1    Res =  0.2507E+02
 MRCHDU: Convergence failed at  74  side 1    Res =  0.8685E+02
 MRCHDU: Convergence failed at  75  side 1    Res =  0.5770E+02
 MRCHDU: Convergence failed at  76  side 1    Res =  0.2063E+02
 MRCHDU: Convergence failed at  77  side 1    Res =  0.1281E+02
 MRCHDU: Convergence failed at  78  side 1    Res =  0.9091E+01
 MRCHDU: Convergence failed at  79  side 1    Res =  0.7361E+01
 MRCHDU: Convergence failed at  80  side 1    Res =  0.6078E+01
 MRCHDU: Convergence failed at  81  side 1    Res =  0.2007E+02
 MRCHDU: Convergence failed at  82  side 1    Res =  0.2632E+02
 MRCHDU: Convergence failed at  83  side 1    Res =  0.3493E+02
 MRCHDU: Convergence failed at  84  side 1    Res =  0.5331E+02
 MRCHDU: Convergence failed at  85  side 1    Res =  0.1006E+03
 MRCHDU: Convergence failed at  86  side 1    Res =  0.2462E+03
 MRCHDU: Convergence failed at  87  side 1    Res =  0.3628E+03
 MRCHDU: Convergence failed at  88  side 1    Res =  0.8082E+02
 MRCHDU: Convergence failed at  89  side 1    Res =  0.3979E+02
 MRCHDU: Convergence failed at  90  side 1    Res =  0.2427E+02
 MRCHDU: Convergence failed at  91  side 1    Res =  0.9255E+01
 MRCHDU: Convergence failed at  92  side 1    Res =  0.1057E+02
 MRCHDU: Convergence failed at  93  side 1    Res =  0.1220E+02
 MRCHDU: Convergence failed at  94  side 1    Res =  0.1471E+02
 MRCHDU: Convergence failed at  95  side 1    Res =  0.1791E+02
 MRCHDU: Convergence failed at  96  side 1    Res =  0.2379E+02
 MRCHDU: Convergence failed at  97  side 1    Res =  0.3448E+02
 MRCHDU: Convergence failed at  98  side 1    Res =  0.8315E+02
 MRCHDU: Convergence failed at  76  side 2    Res =  0.4014E+00
 MRCHDU: Convergence failed at  77  side 2    Res =  0.3402E+01
 MRCHDU: Convergence failed at  78  side 2    Res =  0.5201E+00
 MRCHDU: Convergence failed at  79  side 2    Res =  0.1222E+01
 MRCHDU: Convergence failed at  80  side 2    Res =  0.1757E+01
 MRCHDU: Convergence failed at  81  side 2    Res =  0.7366E+00
 MRCHDU: Convergence failed at  82  side 2    Res =  0.1493E+01
 Side 1  free  transition at x/c =  0.1701   51
 Side 2 forced transition at x/c =  1.0000   64

  32   rms: 0.1490E+01   max: 0.8141E+01   D at   98  1   RLX: 0.184
       a = 16.250      CL =  1.9709
      Cm = -0.3316     CD =  0.01420   =>   CDf =  0.00313    CDp =  0.01107

 Side 1  free  transition at x/c =  0.1556   51
 Side 2 forced transition at x/c =  1.0000   63

  33   rms: 0.9237E+00   max: 0.1036E+01   T at   65  2   RLX: 0.238
       a = 16.250      CL =  2.0451
      Cm = -0.2704     CD =  0.01514   =>   CDf =  0.00983    CDp =  0.00531

 Side 1  free  transition at x/c =  0.1394   52
 Side 2 forced transition at x/c =  1.0000   61

  34   rms: 0.6970E+00   max: -.2086E+01   D at   52  1   RLX: 0.240
       a = 16.250      CL =  2.1183
      Cm = -0.2359     CD =  0.01550   =>   CDf =  0.00932    CDp =  0.00618

 Side 1  free  transition at x/c =  0.1277   52
 Side 2 forced transition at x/c =  1.0000   60

  35   rms: 0.5032E+00   max: -.1971E+01   D at   53  1   RLX: 0.254
       a = 16.250      CL =  2.1572
      Cm = -0.2037     CD =  0.01659   =>   CDf =  0.00878    CDp =  0.00781

 Side 1  free  transition at x/c =  0.1119   52
 Side 2 forced transition at x/c =  1.0000   59

  36   rms: 0.3949E+00   max: 0.2258E+01   D at   97  1   RLX: 0.664
       a = 16.250      CL =  1.9660
      Cm = -0.0904     CD =  0.02246   =>   CDf =  0.00872    CDp =  0.01374

 MRCHDU: Convergence failed at  93  side 1    Res =  0.2455E+01
 MRCHDU: Convergence failed at  94  side 1    Res =  0.2564E+01
 MRCHDU: Convergence failed at  95  side 1    Res =  0.2266E+01
 MRCHDU: Convergence failed at  96  side 1    Res =  0.2733E+01
 MRCHDU: Convergence failed at  97  side 1    Res =  0.5029E+01
 MRCHDU: Convergence failed at  98  side 1    Res =  0.1676E+01
 Side 1  free  transition at x/c =  0.1102   51
 Side 2 forced transition at x/c =  1.0000   59

  37   rms: 0.3326E+00   max: 0.2343E+01   D at   98  1   RLX: 0.640
       a = 16.250      CL =  1.8383
      Cm = -0.0608     CD =  0.02898   =>   CDf =  0.00752    CDp =  0.02146

 Side 1  free  transition at x/c =  0.1208   52
 Side 2 forced transition at x/c =  1.0000   59
 idif Ue xi dudx           2  0.15458669      9.06813145E-03   17.047249    
 Uenew xinew           3  7.94769377E-02  4.66215611E-03

  38   rms: 0.3847E+00   max: 0.1787E+01   D at   98  1   RLX: 0.839
       a = 16.250      CL =  1.5888
      Cm = -0.0269     CD =  0.04724   =>   CDf =  0.00734    CDp =  0.03990

 MRCHDU: Convergence failed at  52  side 1    Res =  0.1838E+01
 MRCHDU: Convergence failed at  53  side 1    Res =  0.1629E+01
 MRCHDU: Convergence failed at  54  side 1    Res =  0.3547E+02
 Side 1  free  transition at x/c =  0.1730   54
 Side 2 forced transition at x/c =  1.0000   61

  39   rms: 0.1030E+00   max: -.7615E+00   D at   55  1   RLX: 0.657
       a = 16.250      CL =  1.6282
      Cm = -0.0253     CD =  0.04602   =>   CDf =  0.00568    CDp =  0.04034

 Side 1  free  transition at x/c =  0.1461   53
 Side 2 forced transition at x/c =  1.0000   60
 idif Ue xi dudx           1  0.10080809      4.79495525E-03   21.023781    
 Uenew xinew           2  1.42378928E-02  6.77227974E-04

  40   rms: 0.7280E-01   max: 0.3976E+00   D at   83  1
       a = 16.250      CL =  1.5752
      Cm = -0.0267     CD =  0.05130   =>   CDf =  0.00635    CDp =  0.04496

 Side 1  free  transition at x/c =  0.1378   52
 Side 2 forced transition at x/c =  1.0000   61

  41   rms: 0.1902E-01   max: 0.1410E+00   D at   79  1
       a = 16.250      CL =  1.5612
      Cm = -0.0262     CD =  0.05192   =>   CDf =  0.00607    CDp =  0.04585

 Side 1  free  transition at x/c =  0.1373   52
 Side 2 forced transition at x/c =  1.0000   61

  42   rms: 0.1798E-02   max: 0.2440E-01   D at   78  1
       a = 16.250      CL =  1.5601
      Cm = -0.0261     CD =  0.05185   =>   CDf =  0.00606    CDp =  0.04580

 Side 1  free  transition at x/c =  0.1372   52
 Side 2 forced transition at x/c =  1.0000   61

  43   rms: 0.7103E-04   max: 0.9262E-03   D at   74  2
       a = 16.250      CL =  1.5601
      Cm = -0.0261     CD =  0.05184   =>   CDf =  0.00606    CDp =  0.04578
 plradd ia,ip,cpol            1           0  2.99279820E-02

 Point added to stored polar  1
 Point written to save file  goe481a_Re500k.ext.pol                          
 Dump file unspecified or not available
 Calculating wake trajectory ...
 Calculating source influence matrix ...

 Solving BL system ...

 Side 1  free  transition at x/c =  0.1372   52
 Side 2 forced transition at x/c =  1.0000   61

   1   rms: 0.3423E-01   max: -.1569E+00   D at   52  1   RLX: 0.388
       a = 16.500      CL =  1.5592
      Cm = -0.0259     CD =  0.05307   =>   CDf =  0.00606    CDp =  0.04701

 Side 1  free  transition at x/c =  0.1358   52
 Side 2 forced transition at x/c =  1.0000   61

   2   rms: 0.2150E-01   max: 0.9813E-01   D at   77  1
       a = 16.500      CL =  1.5562
      Cm = -0.0254     CD =  0.05502   =>   CDf =  0.00606    CDp =  0.04896

 Side 1  free  transition at x/c =  0.1335   51
 Side 2 forced transition at x/c =  1.0000   61

   3   rms: 0.8633E-02   max: -.8310E-01   C at   51  1
       a = 16.500      CL =  1.5621
      Cm = -0.0255     CD =  0.05407   =>   CDf =  0.00600    CDp =  0.04807

 Side 1  free  transition at x/c =  0.1336   51
 Side 2 forced transition at x/c =  1.0000   61

   4   rms: 0.9019E-03   max: -.4017E-02   D at   77  1
       a = 16.500      CL =  1.5628
      Cm = -0.0255     CD =  0.05407   =>   CDf =  0.00599    CDp =  0.04808

 Side 1  free  transition at x/c =  0.1335   51
 Side 2 forced transition at x/c =  1.0000   61

   5   rms: 0.6281E-04   max: -.3716E-03   D at   74  2
       a = 16.500      CL =  1.5628
      Cm = -0.0255     CD =  0.05408   =>   CDf =  0.00600    CDp =  0.04808
 plradd ia,ip,cpol            2           0  2.99279820E-02

 Point added to stored polar  1
 Point written to save file  goe481a_Re500k.ext.pol                          
 Dump file unspecified or not available
 Calculating wake trajectory ...
 Calculating source influence matrix ...

 Solving BL system ...

 Side 1  free  transition at x/c =  0.1335   51
 Side 2 forced transition at x/c =  1.0000   61

   1   rms: 0.3254E-01   max: -.1912E+00   D at    4  2   RLX: 0.383
       a = 16.750      CL =  1.5663
      Cm = -0.0254     CD =  0.05483   =>   CDf =  0.00578    CDp =  0.04905

 Side 1  free  transition at x/c =  0.1318   52
 Side 2 forced transition at x/c =  1.0000   60

   2   rms: 0.2006E-01   max: -.1143E+00   D at    3  2
       a = 16.750      CL =  1.5694
      Cm = -0.0252     CD =  0.05622   =>   CDf =  0.00596    CDp =  0.05026

 Side 1  free  transition at x/c =  0.1285   52
 Side 2 forced transition at x/c =  1.0000   60

   3   rms: 0.2651E-02   max: -.1477E-01   C at   52  1
       a = 16.750      CL =  1.5672
      Cm = -0.0250     CD =  0.05624   =>   CDf =  0.00593    CDp =  0.05031

 Side 1  free  transition at x/c =  0.1288   52
 Side 2 forced transition at x/c =  1.0000   60

   4   rms: 0.8457E-04   max: 0.5571E-03   D at   73  2
       a = 16.750      CL =  1.5671
      Cm = -0.0250     CD =  0.05622   =>   CDf =  0.00592    CDp =  0.05030
 plradd ia,ip,cpol            3           0  2.99279820E-02

 Point added to stored polar  1
 Point written to save file  goe481a_Re500k.ext.pol                          
 Dump file unspecified or not available
 Calculating wake trajectory ...
 Calculating source influence matrix ...

 Solving BL system ...

 Side 1  free  transition at x/c =  0.1288   52
 Side 2 forced transition at x/c =  1.0000   60

   1   rms: 0.3363E-01   max: 0.1650E+00   D at    4  1   RLX: 0.374
       a = 17.000      CL =  1.5682
      Cm = -0.0249     CD =  0.05724   =>   CDf =  0.00593    CDp =  0.05131

 Side 1  free  transition at x/c =  0.1268   52
 Side 2 forced transition at x/c =  1.0000   60

   2   rms: 0.2282E-01   max: 0.1022E+00   D at   77  1
       a = 17.000      CL =  1.5660
      Cm = -0.0247     CD =  0.05933   =>   CDf =  0.00592    CDp =  0.05341

 Side 1  free  transition at x/c =  0.1240   52
 Side 2 forced transition at x/c =  1.0000   60

   3   rms: 0.2888E-02   max: 0.1651E-01   D at   76  1
       a = 17.000      CL =  1.5635
      Cm = -0.0246     CD =  0.05927   =>   CDf =  0.00592    CDp =  0.05336

 Side 1  free  transition at x/c =  0.1242   52
 Side 2 forced transition at x/c =  1.0000   60

   4   rms: 0.1127E-03   max: 0.8135E-03   D at   74  2
       a = 17.000      CL =  1.5634
      Cm = -0.0246     CD =  0.05924   =>   CDf =  0.00591    CDp =  0.05334

 Side 1  free  transition at x/c =  0.1242   52
 Side 2 forced transition at x/c =  1.0000   60

   5   rms: 0.1871E-05   max: 0.1453E-04   D at   74  2
       a = 17.000      CL =  1.5634
      Cm = -0.0246     CD =  0.05924   =>   CDf =  0.00591    CDp =  0.05334
 plradd ia,ip,cpol            4           0  2.99279820E-02

 Point added to stored polar  1
 Point written to save file  goe481a_Re500k.ext.pol                          
 Dump file unspecified or not available
 Calculating wake trajectory ...
 Calculating source influence matrix ...

 Solving BL system ...

 Side 1  free  transition at x/c =  0.1242   52
 Side 2 forced transition at x/c =  1.0000   60

   1   rms: 0.3711E-01   max: -.1871E+00   D at    4  1   RLX: 0.364
       a = 17.250      CL =  1.5621
      Cm = -0.0245     CD =  0.06055   =>   CDf =  0.00591    CDp =  0.05464

 Side 1  free  transition at x/c =  0.1227   51
 Side 2 forced transition at x/c =  1.0000   60

   2   rms: 0.2097E-01   max: -.1173E+00   D at    4  1
       a = 17.250      CL =  1.5679
      Cm = -0.0243     CD =  0.06164   =>   CDf =  0.00590    CDp =  0.05574

 Side 1  free  transition at x/c =  0.1191   51
 Side 2 forced transition at x/c =  1.0000   60

   3   rms: 0.3870E-02   max: 0.1879E-01   D at   76  1
       a = 17.250      CL =  1.5646
      Cm = -0.0242     CD =  0.06184   =>   CDf =  0.00586    CDp =  0.05599

 Side 1  free  transition at x/c =  0.1195   51
 Side 2 forced transition at x/c =  1.0000   60

   4   rms: 0.2239E-03   max: 0.1392E-02   D at   74  2
       a = 17.250      CL =  1.5644
      Cm = -0.0242     CD =  0.06181   =>   CDf =  0.00584    CDp =  0.05596

 Side 1  free  transition at x/c =  0.1196   51
 Side 2 forced transition at x/c =  1.0000   60

   5   rms: 0.7777E-05   max: 0.6278E-04   D at   74  2
       a = 17.250      CL =  1.5644
      Cm = -0.0242     CD =  0.06181   =>   CDf =  0.00584    CDp =  0.05596
 plradd ia,ip,cpol            5           0  2.99279820E-02

 Point added to stored polar  1
 Point written to save file  goe481a_Re500k.ext.pol                          
 Dump file unspecified or not available
 Calculating wake trajectory ...
 Calculating source influence matrix ...

 Solving BL system ...

 Side 1  free  transition at x/c =  0.1196   51
 Side 2 forced transition at x/c =  1.0000   60

   1   rms: 0.3116E-01   max: 0.1143E+00   D at   75  1   RLX: 0.358
       a = 17.500      CL =  1.5655
      Cm = -0.0241     CD =  0.06281   =>   CDf =  0.00585    CDp =  0.05696

 Side 1  free  transition at x/c =  0.1173   51
 Side 2 forced transition at x/c =  1.0000   60

   2   rms: 0.2100E-01   max: 0.8758E-01   D at   75  1
       a = 17.500      CL =  1.5650
      Cm = -0.0240     CD =  0.06481   =>   CDf =  0.00584    CDp =  0.05897

 Side 1  free  transition at x/c =  0.1133   51
 Side 2 forced transition at x/c =  1.0000   60

   3   rms: 0.5040E-02   max: 0.3443E-01   D at   75  1
       a = 17.500      CL =  1.5613
      Cm = -0.0240     CD =  0.06495   =>   CDf =  0.00585    CDp =  0.05910

 Side 1  free  transition at x/c =  0.1141   51
 Side 2 forced transition at x/c =  1.0000   60

   4   rms: 0.3811E-03   max: 0.2843E-02   D at   74  2
       a = 17.500      CL =  1.5610
      Cm = -0.0239     CD =  0.06491   =>   CDf =  0.00582    CDp =  0.05909

 Side 1  free  transition at x/c =  0.1141   51
 Side 2 forced transition at x/c =  1.0000   60

   5   rms: 0.1529E-04   max: 0.1558E-03   D at   74  2
       a = 17.500      CL =  1.5610
      Cm = -0.0239     CD =  0.06491   =>   CDf =  0.00582    CDp =  0.05909
 plradd ia,ip,cpol            6           0  2.64322013E-02

 Point added to stored polar  1
 Point written to save file  goe481a_Re500k.ext.pol                          
 Dump file unspecified or not available
 Calculating wake trajectory ...
 Calculating source influence matrix ...

 Solving BL system ...

 Side 1  free  transition at x/c =  0.1141   51
 Side 2 forced transition at x/c =  1.0000   60

   1   rms: 0.3588E-01   max: 0.1637E+00   D at   74  1   RLX: 0.348
       a = 17.750      CL =  1.5592
      Cm = -0.0240     CD =  0.06631   =>   CDf =  0.00582    CDp =  0.06048

 Side 1  free  transition at x/c =  0.1125   51
 Side 2 forced transition at x/c =  1.0000   60

   2   rms: 0.2409E-01   max: 0.1147E+00   D at   74  1
       a = 17.750      CL =  1.5542
      Cm = -0.0239     CD =  0.06892   =>   CDf =  0.00582    CDp =  0.06310

 Side 1  free  transition at x/c =  0.1101   50
 Side 2 forced transition at x/c =  1.0000   60

   3   rms: 0.2799E-02   max: -.1682E-01   D at   75  1
       a = 17.750      CL =  1.5561
      Cm = -0.0237     CD =  0.06815   =>   CDf =  0.00577    CDp =  0.06238

 Side 1  free  transition at x/c =  0.1097   50
 Side 2 forced transition at x/c =  1.0000   60

   4   rms: 0.1830E-03   max: -.9057E-03   D at   76  2
       a = 17.750      CL =  1.5562
      Cm = -0.0237     CD =  0.06817   =>   CDf =  0.00578    CDp =  0.06239

 Side 1  free  transition at x/c =  0.1097   50
 Side 2 forced transition at x/c =  1.0000   60

   5   rms: 0.8410E-05   max: -.6338E-04   D at   74  2
       a = 17.750      CL =  1.5562
      Cm = -0.0237     CD =  0.06817   =>   CDf =  0.00578    CDp =  0.06239
 plradd ia,ip,cpol            7           0  2.64322013E-02

 Point added to stored polar  1
 Point written to save file  goe481a_Re500k.ext.pol                          
 Dump file unspecified or not available
 Calculating wake trajectory ...
 Calculating source influence matrix ...

 Solving BL system ...

 Side 1  free  transition at x/c =  0.1097   50
 Side 2 forced transition at x/c =  1.0000   60

   1   rms: 0.3027E-01   max: 0.1330E+00   D at   73  1   RLX: 0.341
       a = 18.000      CL =  1.5560
      Cm = -0.0238     CD =  0.06934   =>   CDf =  0.00578    CDp =  0.06356

 Side 1  free  transition at x/c =  0.1078   50
 Side 2 forced transition at x/c =  1.0000   60

   2   rms: 0.2099E-01   max: 0.1024E+00   C at   50  1
       a = 18.000      CL =  1.5538
      Cm = -0.0238     CD =  0.07171   =>   CDf =  0.00577    CDp =  0.06594

 Side 1  free  transition at x/c =  0.1043   50
 Side 2 forced transition at x/c =  1.0000   60

   3   rms: 0.3268E-02   max: -.2723E-01   C at   50  1
       a = 18.000      CL =  1.5513
      Cm = -0.0237     CD =  0.07155   =>   CDf =  0.00576    CDp =  0.06578

 Side 1  free  transition at x/c =  0.1048   50
 Side 2 forced transition at x/c =  1.0000   60

   4   rms: 0.1835E-03   max: 0.1069E-02   D at   73  1
       a = 18.000      CL =  1.5512
      Cm = -0.0237     CD =  0.07152   =>   CDf =  0.00575    CDp =  0.06577

 Side 1  free  transition at x/c =  0.1048   50
 Side 2 forced transition at x/c =  1.0000   60

   5   rms: 0.7829E-05   max: 0.5133E-04   D at   74  2
       a = 18.000      CL =  1.5512
      Cm = -0.0237     CD =  0.07152   =>   CDf =  0.00575    CDp =  0.06577
 plradd ia,ip,cpol            8           0  2.64322013E-02

 Point added to stored polar  1
 Point written to save file  goe481a_Re500k.ext.pol                          
 Dump file unspecified or not available

.OPERva   c>   Calculating wake trajectory ...
 Calculating source influence matrix ...

 Solving BL system ...

 Side 1  free  transition at x/c =  0.1048   50
 Side 2 forced transition at x/c =  1.0000   60

   1   rms: 0.3395E-01   max: 0.1850E+00   C at   50  1   RLX: 0.333
       a = 18.250      CL =  1.5494
      Cm = -0.0237     CD =  0.07291   =>   CDf =  0.00575    CDp =  0.06716

 Side 1  free  transition at x/c =  0.1033   50
 Side 2 forced transition at x/c =  1.0000   60

   2   rms: 0.2496E-01   max: 0.1300E+00   D at   73  1
       a = 18.250      CL =  1.5425
      Cm = -0.0240     CD =  0.07605   =>   CDf =  0.00575    CDp =  0.07030

 Side 1  free  transition at x/c =  0.1011   49
 Side 2 forced transition at x/c =  1.0000   60

   3   rms: 0.1833E-02   max: 0.1134E-01   D at   75  2
       a = 18.250      CL =  1.5416
      Cm = -0.0237     CD =  0.07548   =>   CDf =  0.00572    CDp =  0.06976

 Side 1  free  transition at x/c =  0.1011   49
 Side 2 forced transition at x/c =  1.0000   60

   4   rms: 0.3254E-04   max: 0.2792E-03   D at   75  2
       a = 18.250      CL =  1.5416
      Cm = -0.0237     CD =  0.07547   =>   CDf =  0.00572    CDp =  0.06975
 plradd ia,ip,cpol            9           0  2.64322013E-02

 Point added to stored polar  1
 Point written to save file  goe481a_Re500k.ext.pol                          
 Dump file unspecified or not available
 Calculating wake trajectory ...
 Calculating source influence matrix ...

 Solving BL system ...

 Side 1  free  transition at x/c =  0.1011   49
 Side 2 forced transition at x/c =  1.0000   60

   1   rms: 0.5652E-01   max: 0.2534E+00   C at   49  1   RLX: 0.320
       a = 18.750      CL =  1.5416
      Cm = -0.0239     CD =  0.07766   =>   CDf =  0.00547    CDp =  0.07219

 Side 1  free  transition at x/c =  0.0987   50
 Side 2 forced transition at x/c =  1.0000   59

   2   rms: 0.4536E-01   max: 0.2280E+00   D at   73  1
       a = 18.750      CL =  1.5338
      Cm = -0.0245     CD =  0.08341   =>   CDf =  0.00570    CDp =  0.07771

 Side 1  free  transition at x/c =  0.0944   50
 Side 2 forced transition at x/c =  1.0000   59

   3   rms: 0.6378E-02   max: 0.5668E-01   D at   72  1
       a = 18.750      CL =  1.5294
      Cm = -0.0241     CD =  0.08275   =>   CDf =  0.00566    CDp =  0.07710

 Side 1  free  transition at x/c =  0.0950   50
 Side 2 forced transition at x/c =  1.0000   59

   4   rms: 0.1209E-02   max: 0.1132E-01   D at   72  1
       a = 18.750      CL =  1.5285
      Cm = -0.0241     CD =  0.08277   =>   CDf =  0.00563    CDp =  0.07714

 Side 1  free  transition at x/c =  0.0951   50
 Side 2 forced transition at x/c =  1.0000   59

   5   rms: 0.9235E-04   max: 0.4921E-03   D at   74  2
       a = 18.750      CL =  1.5285
      Cm = -0.0241     CD =  0.08275   =>   CDf =  0.00562    CDp =  0.07713
 plradd ia,ip,cpol           10           0  2.64322013E-02

 Point added to stored polar  1
 Point written to save file  goe481a_Re500k.ext.pol                          
 Dump file unspecified or not available
 Calculating wake trajectory ...
 Calculating source influence matrix ...

 Solving BL system ...

 Side 1  free  transition at x/c =  0.0951   50
 Side 2 forced transition at x/c =  1.0000   59

   1   rms: 0.6591E-01   max: 0.3377E+00   D at   71  1   RLX: 0.303
       a = 19.250      CL =  1.5239
      Cm = -0.0245     CD =  0.08564   =>   CDf =  0.00563    CDp =  0.08001

 Side 1  free  transition at x/c =  0.0934   50
 Side 2 forced transition at x/c =  1.0000   59

   2   rms: 0.4583E-01   max: 0.2402E+00   D at   71  1
       a = 19.250      CL =  1.5125
      Cm = -0.0253     CD =  0.09199   =>   CDf =  0.00562    CDp =  0.08638

 Side 1  free  transition at x/c =  0.0904   49
 Side 2 forced transition at x/c =  1.0000   59

   3   rms: 0.5710E-02   max: -.5786E-01   C at   49  1
       a = 19.250      CL =  1.5125
      Cm = -0.0249     CD =  0.09061   =>   CDf =  0.00553    CDp =  0.08508

 Side 1  free  transition at x/c =  0.0905   49
 Side 2 forced transition at x/c =  1.0000   59

   4   rms: 0.5442E-03   max: -.4656E-02   D at   71  1
       a = 19.250      CL =  1.5128
      Cm = -0.0249     CD =  0.09049   =>   CDf =  0.00552    CDp =  0.08496

 Side 1  free  transition at x/c =  0.0905   49
 Side 2 forced transition at x/c =  1.0000   59

   5   rms: 0.6292E-04   max: -.2818E-03   D at   77  2
       a = 19.250      CL =  1.5129
      Cm = -0.0249     CD =  0.09050   =>   CDf =  0.00553    CDp =  0.08497
 plradd ia,ip,cpol           11           0  2.64322013E-02

 Point added to stored polar  1
 Point written to save file  goe481a_Re500k.ext.pol                          
 Dump file unspecified or not available
 Calculating wake trajectory ...
 Calculating source influence matrix ...

 Solving BL system ...

 Side 1  free  transition at x/c =  0.0905   49
 Side 2 forced transition at x/c =  1.0000   59

   1   rms: 0.5273E-01   max: 0.2501E+00   D at   69  1   RLX: 0.293
       a = 19.750      CL =  1.5118
      Cm = -0.0253     CD =  0.09279   =>   CDf =  0.00553    CDp =  0.08726

 Side 1  free  transition at x/c =  0.0893   49
 Side 2 forced transition at x/c =  1.0000   59

   2   rms: 0.3876E-01   max: 0.1974E+00   D at   70  1
       a = 19.750      CL =  1.5072
      Cm = -0.0262     CD =  0.09852   =>   CDf =  0.00550    CDp =  0.09301

 Side 1  free  transition at x/c =  0.0863   49
 Side 2 forced transition at x/c =  1.0000   59

   3   rms: 0.8481E-02   max: 0.4835E-01   D at   69  1
       a = 19.750      CL =  1.5010
      Cm = -0.0260     CD =  0.09815   =>   CDf =  0.00545    CDp =  0.09270

 Side 1  free  transition at x/c =  0.0869   49
 Side 2 forced transition at x/c =  1.0000   59

   4   rms: 0.6612E-03   max: 0.8043E-02   D at   75  2
       a = 19.750      CL =  1.5006
      Cm = -0.0260     CD =  0.09795   =>   CDf =  0.00542    CDp =  0.09253

 Side 1  free  transition at x/c =  0.0869   49
 Side 2 forced transition at x/c =  1.0000   59

   5   rms: 0.1997E-04   max: 0.3596E-03   D at   75  2
       a = 19.750      CL =  1.5006
      Cm = -0.0260     CD =  0.09794   =>   CDf =  0.00542    CDp =  0.09252
 plradd ia,ip,cpol           12           0  2.64322013E-02

 Point added to stored polar  1
 Point written to save file  goe481a_Re500k.ext.pol                          
 Dump file unspecified or not available
 Calculating wake trajectory ...
 Calculating source influence matrix ...

 Solving BL system ...

 Side 1  free  transition at x/c =  0.0869   49
 Side 2 forced transition at x/c =  1.0000   59

   1   rms: 0.5329E-01   max: 0.2686E+00   D at   68  1   RLX: 0.281
       a = 20.250      CL =  1.4986
      Cm = -0.0264     CD =  0.10037   =>   CDf =  0.00543    CDp =  0.09494

 Side 1  free  transition at x/c =  0.0860   49
 Side 2 forced transition at x/c =  1.0000   59

   2   rms: 0.4277E-01   max: 0.2451E+00   D at   69  1
       a = 20.250      CL =  1.4878
      Cm = -0.0280     CD =  0.10753   =>   CDf =  0.00541    CDp =  0.10212

 Side 1  free  transition at x/c =  0.0841   49
 Side 2 forced transition at x/c =  1.0000   59

   3   rms: 0.4146E-02   max: 0.3422E-01   D at   68  1
       a = 20.250      CL =  1.4860
      Cm = -0.0275     CD =  0.10585   =>   CDf =  0.00534    CDp =  0.10052

 Side 1  free  transition at x/c =  0.0840   49
 Side 2 forced transition at x/c =  1.0000   59

   4   rms: 0.7594E-03   max: 0.7758E-02   D at   68  1
       a = 20.250      CL =  1.4855
      Cm = -0.0275     CD =  0.10583   =>   CDf =  0.00535    CDp =  0.10049

 Side 1  free  transition at x/c =  0.0840   49
 Side 2 forced transition at x/c =  1.0000   59

   5   rms: 0.9505E-04   max: 0.3877E-03   D at   78  2
       a = 20.250      CL =  1.4854
      Cm = -0.0275     CD =  0.10582   =>   CDf =  0.00534    CDp =  0.10048
 plradd ia,ip,cpol           13           0  8.01905058E-04

 Point added to stored polar  1
 Point written to save file  goe481a_Re500k.ext.pol                          
 Dump file unspecified or not available
 Calculating wake trajectory ...
 Calculating source influence matrix ...

 Solving BL system ...

 Side 1  free  transition at x/c =  0.0840   49
 Side 2 forced transition at x/c =  1.0000   59

   1   rms: 0.5419E-01   max: 0.2945E+00   D at   67  1   RLX: 0.269
       a = 20.750      CL =  1.4822
      Cm = -0.0281     CD =  0.10842   =>   CDf =  0.00535    CDp =  0.10307

 Side 1  free  transition at x/c =  0.0832   48
 Side 2 forced transition at x/c =  1.0000   59

   2   rms: 0.3505E-01   max: 0.1521E+00   D at   67  1
       a = 20.750      CL =  1.4853
      Cm = -0.0291     CD =  0.11317   =>   CDf =  0.00505    CDp =  0.10812

 Side 1  free  transition at x/c =  0.0816   49
 Side 2 forced transition at x/c =  1.0000   58

   3   rms: 0.5645E-02   max: 0.4558E-01   T at    2  2
       a = 20.750      CL =  1.4820
      Cm = -0.0289     CD =  0.11237   =>   CDf =  0.00521    CDp =  0.10716

 Side 1  free  transition at x/c =  0.0817   49
 Side 2 forced transition at x/c =  1.0000   58

   4   rms: 0.1269E-02   max: -.1380E-01   D at    4  1
       a = 20.750      CL =  1.4817
      Cm = -0.0289     CD =  0.11225   =>   CDf =  0.00520    CDp =  0.10704

 Side 1  free  transition at x/c =  0.0817   49
 Side 2 forced transition at x/c =  1.0000   58

   5   rms: 0.2344E-04   max: 0.1335E-03   D at   74  2
       a = 20.750      CL =  1.4817
      Cm = -0.0289     CD =  0.11224   =>   CDf =  0.00520    CDp =  0.10704
 plradd ia,ip,cpol           14           0  1.43629196E-03

 Point added to stored polar  1
 Point written to save file  goe481a_Re500k.ext.pol                          
 Dump file unspecified or not available
 Calculating wake trajectory ...
 Calculating source influence matrix ...

 Solving BL system ...

 Side 1  free  transition at x/c =  0.0817   49
 Side 2 forced transition at x/c =  1.0000   58

   1   rms: 0.5012E-01   max: 0.2166E+00   D at   67  1   RLX: 0.263
       a = 21.250      CL =  1.4820
      Cm = -0.0294     CD =  0.11424   =>   CDf =  0.00521    CDp =  0.10903

 Side 1  free  transition at x/c =  0.0811   49
 Side 2 forced transition at x/c =  1.0000   58

   2   rms: 0.3784E-01   max: 0.1835E+00   D at   67  1
       a = 21.250      CL =  1.4806
      Cm = -0.0310     CD =  0.12023   =>   CDf =  0.00517    CDp =  0.11506

 Side 1  free  transition at x/c =  0.0792   49
 Side 2 forced transition at x/c =  1.0000   58

   3   rms: 0.4476E-02   max: 0.2587E-01   D at   75  2
       a = 21.250      CL =  1.4776
      Cm = -0.0307     CD =  0.11893   =>   CDf =  0.00507    CDp =  0.11385

 Side 1  free  transition at x/c =  0.0793   49
 Side 2 forced transition at x/c =  1.0000   58

   4   rms: 0.2824E-03   max: 0.3365E-02   D at   75  2
       a = 21.250      CL =  1.4774
      Cm = -0.0306     CD =  0.11878   =>   CDf =  0.00507    CDp =  0.11371

 Side 1  free  transition at x/c =  0.0793   49
 Side 2 forced transition at x/c =  1.0000   58

   5   rms: 0.8180E-05   max: 0.6041E-04   D at   75  2
       a = 21.250      CL =  1.4774
      Cm = -0.0306     CD =  0.11877   =>   CDf =  0.00507    CDp =  0.11370
 plradd ia,ip,cpol           15           0  8.01905058E-04

 Point added to stored polar  1
 Point written to save file  goe481a_Re500k.ext.pol                          
 Dump file unspecified or not available
 Calculating wake trajectory ...
 Calculating source influence matrix ...

 Solving BL system ...

 Side 1  free  transition at x/c =  0.0793   49
 Side 2 forced transition at x/c =  1.0000   58

   1   rms: 0.4678E-01   max: 0.2080E+00   D at   66  1   RLX: 0.255
       a = 21.750      CL =  1.4777
      Cm = -0.0312     CD =  0.12072   =>   CDf =  0.00508    CDp =  0.11564

 Side 1  free  transition at x/c =  0.0787   49
 Side 2 forced transition at x/c =  1.0000   58

   2   rms: 0.3571E-01   max: 0.1752E+00   D at   66  1
       a = 21.750      CL =  1.4769
      Cm = -0.0329     CD =  0.12670   =>   CDf =  0.00505    CDp =  0.12165

 Side 1  free  transition at x/c =  0.0771   49
 Side 2 forced transition at x/c =  1.0000   58

   3   rms: 0.5527E-02   max: 0.2300E-01   D at   76  2
       a = 21.750      CL =  1.4728
      Cm = -0.0327     CD =  0.12561   =>   CDf =  0.00500    CDp =  0.12061

 Side 1  free  transition at x/c =  0.0772   49
 Side 2 forced transition at x/c =  1.0000   58

   4   rms: 0.3809E-03   max: 0.2565E-02   D at   76  2
       a = 21.750      CL =  1.4726
      Cm = -0.0326     CD =  0.12536   =>   CDf =  0.00499    CDp =  0.12038

 Side 1  free  transition at x/c =  0.0772   49
 Side 2 forced transition at x/c =  1.0000   58

   5   rms: 0.1219E-04   max: 0.1094E-03   D at   74  2
       a = 21.750      CL =  1.4726
      Cm = -0.0326     CD =  0.12535   =>   CDf =  0.00499    CDp =  0.12037
 plradd ia,ip,cpol           16           0  1.43629196E-03

 Point added to stored polar  1
 Point written to save file  goe481a_Re500k.ext.pol                          
 Dump file unspecified or not available
 Calculating wake trajectory ...
 Calculating source influence matrix ...

 Solving BL system ...

 Side 1  free  transition at x/c =  0.0772   49
 Side 2 forced transition at x/c =  1.0000   58

   1   rms: 0.4643E-01   max: 0.2026E+00   D at   65  1   RLX: 0.247
       a = 22.250      CL =  1.4726
      Cm = -0.0332     CD =  0.12728   =>   CDf =  0.00500    CDp =  0.12229

 Side 1  free  transition at x/c =  0.0767   49
 Side 2 forced transition at x/c =  1.0000   58

   2   rms: 0.3462E-01   max: 0.1441E+00   D at   65  1
       a = 22.250      CL =  1.4749
      Cm = -0.0348     CD =  0.13263   =>   CDf =  0.00469    CDp =  0.12793

 Side 1  free  transition at x/c =  0.0751   50
 Side 2 forced transition at x/c =  1.0000   57

   3   rms: 0.3923E-02   max: -.2732E-01   D at    3  1
       a = 22.250      CL =  1.4738
      Cm = -0.0343     CD =  0.13091   =>   CDf =  0.00495    CDp =  0.12596

 Side 1  free  transition at x/c =  0.0750   49
 Side 2 forced transition at x/c =  1.0000   57

   4   rms: 0.1581E-02   max: -.1439E-01   D at   49  1
       a = 22.250      CL =  1.4733
      Cm = -0.0344     CD =  0.13097   =>   CDf =  0.00497    CDp =  0.12600

 Side 1  free  transition at x/c =  0.0750   49
 Side 2 forced transition at x/c =  1.0000   57

   5   rms: 0.1001E-03   max: -.7237E-03   D at   67  1
       a = 22.250      CL =  1.4733
      Cm = -0.0344     CD =  0.13093   =>   CDf =  0.00496    CDp =  0.12597

 Side 1  free  transition at x/c =  0.0750   49
 Side 2 forced transition at x/c =  1.0000   57

   6   rms: 0.9289E-05   max: -.2879E-04   D at   63  2
       a = 22.250      CL =  1.4733
      Cm = -0.0344     CD =  0.13093   =>   CDf =  0.00496    CDp =  0.12597
 plradd ia,ip,cpol           17           0  8.01905058E-04

 Point added to stored polar  1
 Point written to save file  goe481a_Re500k.ext.pol                          
 Dump file unspecified or not available

.OPERva   c>  
 Polar accumulation disabled

.OPERv   c>  
 XFOIL   c>  
 XFOIL   c>  