
 ===================================================
  XFOIL Version 6.99
  Copyright (C) 2000   Mark Drela, Harold Youngren

  This software comes with ABSOLUTELY NO WARRANTY,
    subject to the GNU General Public License.

  Caveat computor
 ===================================================

 File  xfoil.def  not found

   QUIT    Exit program

  .OPER    Direct operating point(s)
  .MDES    Complex mapping design routine
  .QDES    Surface speed design routine
  .GDES    Geometry design routine

   SAVE f  Write airfoil to labeled coordinate file
   PSAV f  Write airfoil to plain coordinate file
   ISAV f  Write airfoil to ISES coordinate file
   MSAV f  Write airfoil to MSES coordinate file
   REVE    Reverse written-airfoil node ordering

   LOAD f  Read buffer airfoil from coordinate file
   NACA i  Set NACA 4,5-digit airfoil and buffer airfoil
   INTE    Set buffer airfoil by interpolating two airfoils
   NORM    Buffer airfoil normalization toggle
   XYCM rr Change CM reference location, currently  0.25000 0.00000

   BEND    Display structural properties of current airfoil

   PCOP    Set current-airfoil panel nodes directly from buffer airfoil points
   PANE    Set current-airfoil panel nodes ( 160 ) based on curvature
  .PPAR    Show/change paneling

  .PLOP    Plotting options

   WDEF f  Write  current-settings file
   RDEF f  Reread current-settings file
   NAME s  Specify new airfoil name
   NINC    Increment name version number

   Z       Zoom    | (available in all menus)
   U       Unzoom  | 

 XFOIL   c>  
 Labeled airfoil file.  Name:  GOE 449 AIRFOIL                                 

 Number of input coordinate points:  33
 Counterclockwise ordering
 Max thickness =     0.169553  at x =   0.301
 Max camber    =     0.051662  at x =   0.401

  LE  x,y  =  -0.00033   0.00372  |   Chord =   1.00034
  TE  x,y  =   1.00000   0.00000  |

 Current airfoil nodes set from buffer airfoil nodes (  33 )

 WARNING: Poor input coordinate distribution
          Excessive panel angle   56.9  at i =  17
          Repaneling with PANE and/or PPAR suggested
           (doing GDES,CADD before repaneling _may_
            improve excessively coarse LE spacing

 XFOIL   c>  
 XFOIL   c>  
 Sharp trailing edge

 Paneling parameters used...
   Number of panel nodes       160
   Panel bunching parameter    1.000
   TE/LE panel density ratio   0.150
   Refined-area/LE panel density ratio    0.200
   Top    side refined area x/c limits  1.000 1.000
   Bottom side refined area x/c limits  1.000 1.000

 XFOIL   c>  
.OPERi   c>  
 Xtr/c     =  1.0000    top    side
 Xtr/c     =  1.0000    bottom side
 Ncrit     =    9.00   ( 0.070 % turb. level )
 Vacc      =  0.0100

 Klag  =  5.6000     Uxwt  =    1.00
 A     =  6.7000     B     =  0.7500       KCt = 0.01485
 CtiniK=  1.8000     CtiniX=  3.3000

..VPAR   c>  
..VPAR   c>  
.OPERi   c>  
 M  =    0.0000
 Re =    500000

.OPERv   c>  
.OPERv   c>  
.OPERv   c>  
 Polar  1 newly created for accumulation
 Airfoil archived with polar: GOE 449 AIRFOIL                                 

Enter  polar save filename  OR  <return> for no file   s>  
 New polar save file available

Enter  polar dump filename  OR  <return> for no file   s>  
 Polar dump file will NOT be written

 Polar accumulation enabled

.OPERva   c>   Calculating unit vorticity distributions ...
 Calculating wake trajectory ...
 Calculating source influence matrix ...

 Solving BL system ...

 Initializing BL ...
    side            1  ...
 MRCHUE: Inverse mode at  55     Hk =   4.118
 MRCHUE: Inverse mode at  56     Hk =   4.862
 MRCHUE: Inverse mode at  57     Hk =   5.599
 MRCHUE: Inverse mode at  58     Hk =   6.333
 MRCHUE: Inverse mode at  59     Hk =   7.067
 MRCHUE: Inverse mode at  60     Hk =   7.799
 MRCHUE: Inverse mode at  61     Hk =   7.307
 MRCHUE: Inverse mode at  62     Hk =   4.204
 MRCHUE: Inverse mode at  63     Hk =   2.500
 MRCHUE: Inverse mode at  77     Hk =   2.500
    side            2  ...
 MRCHUE: Inverse mode at  29     Hk =   4.061
 MRCHUE: Inverse mode at  30     Hk =   4.971
 MRCHUE: Inverse mode at  31     Hk =   5.921
 MRCHUE: Inverse mode at  32     Hk =   6.935
 MRCHUE: Inverse mode at  33     Hk =   8.032
 MRCHUE: Inverse mode at  34     Hk =   6.613
 MRCHUE: Inverse mode at  35     Hk =   2.500
 MRCHUE: Inverse mode at  84     Hk =   2.500
 MRCHUE: Inverse mode at  85     Hk =   2.500

 Side 1  free  transition at x/c =  0.7433   61
 Side 2  free  transition at x/c =  0.0922   34

   1   rms: 0.1493E+00   max: 0.6687E+00   D at   89  2   RLX: 0.775
       a = -4.000      CL =  0.2333
      Cm = -0.1383     CD =  0.01069   =>   CDf =  0.00700    CDp =  0.00369

 Side 1  free  transition at x/c =  0.7545   62
 Side 2  free  transition at x/c =  0.0990   35

   2   rms: 0.4888E-01   max: -.2878E+00   D at   77  1
       a = -4.000      CL =  0.2094
      Cm = -0.1318     CD =  0.01127   =>   CDf =  0.00689    CDp =  0.00438

 Side 1  free  transition at x/c =  0.7515   62
 Side 2  free  transition at x/c =  0.1005   35

   3   rms: 0.1288E-01   max: -.8862E-01   D at   77  1
       a = -4.000      CL =  0.1955
      Cm = -0.1287     CD =  0.01135   =>   CDf =  0.00686    CDp =  0.00449

 Side 1  free  transition at x/c =  0.7507   62
 Side 2  free  transition at x/c =  0.0990   35

   4   rms: 0.1114E-02   max: -.1093E-01   D at   35  2
       a = -4.000      CL =  0.1943
      Cm = -0.1284     CD =  0.01136   =>   CDf =  0.00688    CDp =  0.00448

 Side 1  free  transition at x/c =  0.7506   62
 Side 2  free  transition at x/c =  0.0989   35

   5   rms: 0.8054E-05   max: 0.8104E-04   T at   35  2
       a = -4.000      CL =  0.1943
      Cm = -0.1284     CD =  0.01136   =>   CDf =  0.00688    CDp =  0.00448
 plradd ia,ip,cpol            1           0  1.42738242E-02

 Point added to stored polar  1
 Point written to save file  goe449_Re500k.base.pol                          
 Dump file unspecified or not available
 Calculating wake trajectory ...
 Calculating source influence matrix ...

 Solving BL system ...

 Side 1  free  transition at x/c =  0.7506   62
 Side 2  free  transition at x/c =  0.0989   35

   1   rms: 0.8475E-01   max: 0.4698E+00   D at   35  2
       a = -3.500      CL =  0.2470
      Cm = -0.1279     CD =  0.01100   =>   CDf =  0.00691    CDp =  0.00409

 Side 1  free  transition at x/c =  0.7429   62
 Side 2  free  transition at x/c =  0.1077   34

   2   rms: 0.3100E-01   max: -.2733E+00   D at   34  2
       a = -3.500      CL =  0.2434
      Cm = -0.1270     CD =  0.01117   =>   CDf =  0.00695    CDp =  0.00422

 Side 1  free  transition at x/c =  0.7411   62
 Side 2  free  transition at x/c =  0.1087   35

   3   rms: 0.4678E-02   max: -.4781E-01   D at   34  2
       a = -3.500      CL =  0.2432
      Cm = -0.1270     CD =  0.01112   =>   CDf =  0.00691    CDp =  0.00422

 Side 1  free  transition at x/c =  0.7412   62
 Side 2  free  transition at x/c =  0.1091   35

   4   rms: 0.1345E-03   max: -.1637E-02   D at   35  2
       a = -3.500      CL =  0.2432
      Cm = -0.1270     CD =  0.01113   =>   CDf =  0.00690    CDp =  0.00423

 Side 1  free  transition at x/c =  0.7412   62
 Side 2  free  transition at x/c =  0.1091   35

   5   rms: 0.1013E-05   max: -.4427E-05   D at   35  2
       a = -3.500      CL =  0.2432
      Cm = -0.1270     CD =  0.01113   =>   CDf =  0.00690    CDp =  0.00423
 plradd ia,ip,cpol            2           0  1.70521624E-02

 Point added to stored polar  1
 Point written to save file  goe449_Re500k.base.pol                          
 Dump file unspecified or not available
 Calculating wake trajectory ...
 Calculating source influence matrix ...

 Solving BL system ...

 Side 1  free  transition at x/c =  0.7412   62
 Side 2  free  transition at x/c =  0.1091   35

   1   rms: 0.8668E-01   max: -.3642E+00   T at   35  2
       a = -3.000      CL =  0.2860
      Cm = -0.1245     CD =  0.01053   =>   CDf =  0.00690    CDp =  0.00362

 Side 1  free  transition at x/c =  0.7304   62
 Side 2  free  transition at x/c =  0.1274   36

   2   rms: 0.1693E-01   max: -.1398E+00   D at   62  1
       a = -3.000      CL =  0.2932
      Cm = -0.1258     CD =  0.01082   =>   CDf =  0.00690    CDp =  0.00392

 Side 1  free  transition at x/c =  0.7318   62
 Side 2  free  transition at x/c =  0.1227   36

   3   rms: 0.2585E-02   max: -.3239E-01   D at   36  2
       a = -3.000      CL =  0.2935
      Cm = -0.1258     CD =  0.01086   =>   CDf =  0.00691    CDp =  0.00395

 Side 1  free  transition at x/c =  0.7317   62
 Side 2  free  transition at x/c =  0.1218   36

   4   rms: 0.2474E-03   max: -.3549E-02   D at   36  2
       a = -3.000      CL =  0.2935
      Cm = -0.1259     CD =  0.01086   =>   CDf =  0.00692    CDp =  0.00394

 Side 1  free  transition at x/c =  0.7317   62
 Side 2  free  transition at x/c =  0.1217   36

   5   rms: 0.2836E-05   max: -.3289E-04   D at   36  2
       a = -3.000      CL =  0.2935
      Cm = -0.1259     CD =  0.01086   =>   CDf =  0.00692    CDp =  0.00394
 plradd ia,ip,cpol            3           0  1.70521624E-02

 Point added to stored polar  1
 Point written to save file  goe449_Re500k.base.pol                          
 Dump file unspecified or not available
 Calculating wake trajectory ...
 Calculating source influence matrix ...

 Solving BL system ...

 Side 1  free  transition at x/c =  0.7317   62
 Side 2  free  transition at x/c =  0.1217   36

   1   rms: 0.1002E+00   max: -.4002E+00   C at   36  2
       a = -2.500      CL =  0.3437
      Cm = -0.1249     CD =  0.01025   =>   CDf =  0.00692    CDp =  0.00333

 MRCHDU: Convergence failed at  37  side 2    Res =  0.3476E+01
 Side 1  free  transition at x/c =  0.7230   62
 Side 2  free  transition at x/c =  0.1636   37

   2   rms: 0.3908E-01   max: -.4129E+00   D at   37  2
       a = -2.500      CL =  0.3369
      Cm = -0.1234     CD =  0.01040   =>   CDf =  0.00669    CDp =  0.00371

 Side 1  free  transition at x/c =  0.7209   62
 Side 2  free  transition at x/c =  0.1422   36

   3   rms: 0.2510E-01   max: -.3867E+00   D at   36  2
       a = -2.500      CL =  0.3388
      Cm = -0.1238     CD =  0.01051   =>   CDf =  0.00681    CDp =  0.00370

 Side 1  free  transition at x/c =  0.7210   62
 Side 2  free  transition at x/c =  0.1436   36

   4   rms: 0.3949E-02   max: 0.5846E-01   C at   36  2
       a = -2.500      CL =  0.3394
      Cm = -0.1238     CD =  0.01055   =>   CDf =  0.00681    CDp =  0.00373

 Side 1  free  transition at x/c =  0.7210   62
 Side 2  free  transition at x/c =  0.1423   36

   5   rms: 0.6203E-04   max: -.9185E-03   D at   37  2
       a = -2.500      CL =  0.3394
      Cm = -0.1239     CD =  0.01055   =>   CDf =  0.00682    CDp =  0.00373
 plradd ia,ip,cpol            4           0  1.70521624E-02

 Point added to stored polar  1
 Point written to save file  goe449_Re500k.base.pol                          
 Dump file unspecified or not available
 Calculating wake trajectory ...
 Calculating source influence matrix ...

 Solving BL system ...

 Side 1  free  transition at x/c =  0.7210   62
 Side 2  free  transition at x/c =  0.1423   36

   1   rms: 0.9219E-01   max: 0.7311E+00   D at   36  2
       a = -2.000      CL =  0.3846
      Cm = -0.1218     CD =  0.01016   =>   CDf =  0.00681    CDp =  0.00335

 Side 1  free  transition at x/c =  0.7093   62
 Side 2  free  transition at x/c =  0.1656   36

   2   rms: 0.2217E-01   max: -.3048E+00   C at   36  2
       a = -2.000      CL =  0.3883
      Cm = -0.1224     CD =  0.01026   =>   CDf =  0.00683    CDp =  0.00343

 Side 1  free  transition at x/c =  0.7100   62
 Side 2  free  transition at x/c =  0.1790   37

   3   rms: 0.6269E-02   max: -.1060E+00   C at   37  2
       a = -2.000      CL =  0.3876
      Cm = -0.1223     CD =  0.01023   =>   CDf =  0.00674    CDp =  0.00349

 Side 1  free  transition at x/c =  0.7099   62
 Side 2  free  transition at x/c =  0.1814   37

   4   rms: 0.1747E-03   max: 0.2846E-02   C at   37  2
       a = -2.000      CL =  0.3877
      Cm = -0.1223     CD =  0.01024   =>   CDf =  0.00673    CDp =  0.00351

 Side 1  free  transition at x/c =  0.7099   62
 Side 2  free  transition at x/c =  0.1813   37

   5   rms: 0.1439E-05   max: -.2163E-04   C at   37  2
       a = -2.000      CL =  0.3877
      Cm = -0.1223     CD =  0.01024   =>   CDf =  0.00673    CDp =  0.00351
 plradd ia,ip,cpol            5           0  1.70521624E-02

 Point added to stored polar  1
 Point written to save file  goe449_Re500k.base.pol                          
 Dump file unspecified or not available
 Calculating wake trajectory ...
 Calculating source influence matrix ...

 Solving BL system ...

 Side 1  free  transition at x/c =  0.7099   62
 Side 2  free  transition at x/c =  0.1813   37

   1   rms: 0.9963E-01   max: -.1302E+01   C at   37  2   RLX: 0.384
       a = -1.500      CL =  0.4029
      Cm = -0.1211     CD =  0.01011   =>   CDf =  0.00673    CDp =  0.00338

 Side 1  free  transition at x/c =  0.7046   62
 Side 2  free  transition at x/c =  0.2016   38

   2   rms: 0.7465E-01   max: -.1272E+01   C at   38  2   RLX: 0.393
       a = -1.500      CL =  0.4137
      Cm = -0.1205     CD =  0.01004   =>   CDf =  0.00665    CDp =  0.00339

 Side 1  free  transition at x/c =  0.7015   62
 Side 2  free  transition at x/c =  0.2152   39

   3   rms: 0.5414E-01   max: -.9077E+00   C at   39  2   RLX: 0.551
       a = -1.500      CL =  0.4232
      Cm = -0.1201     CD =  0.00995   =>   CDf =  0.00657    CDp =  0.00338

 Side 1  free  transition at x/c =  0.6991   63
 Side 2  free  transition at x/c =  0.2284   39

   4   rms: 0.3915E-01   max: -.5571E+00   C at   39  2   RLX: 0.898
       a = -1.500      CL =  0.4302
      Cm = -0.1199     CD =  0.00984   =>   CDf =  0.00659    CDp =  0.00325

 Side 1  free  transition at x/c =  0.6975   63
 Side 2  free  transition at x/c =  0.2425   40

   5   rms: 0.1983E-01   max: -.2461E+00   C at   40  2
       a = -1.500      CL =  0.4313
      Cm = -0.1199     CD =  0.00984   =>   CDf =  0.00658    CDp =  0.00326

 Side 1  free  transition at x/c =  0.6974   63
 Side 2  free  transition at x/c =  0.2595   40

   6   rms: 0.5178E-02   max: -.8176E-01   D at   40  2
       a = -1.500      CL =  0.4313
      Cm = -0.1199     CD =  0.00985   =>   CDf =  0.00649    CDp =  0.00335

 Side 1  free  transition at x/c =  0.6974   63
 Side 2  free  transition at x/c =  0.2545   40

   7   rms: 0.8494E-03   max: -.1704E-01   C at   40  2
       a = -1.500      CL =  0.4315
      Cm = -0.1200     CD =  0.00986   =>   CDf =  0.00650    CDp =  0.00336

 Side 1  free  transition at x/c =  0.6974   63
 Side 2  free  transition at x/c =  0.2549   40

   8   rms: 0.4154E-05   max: -.7106E-04   D at   41  2
       a = -1.500      CL =  0.4315
      Cm = -0.1200     CD =  0.00986   =>   CDf =  0.00650    CDp =  0.00336
 plradd ia,ip,cpol            6           0  0.33547348    

 Point added to stored polar  1
 Point written to save file  goe449_Re500k.base.pol                          
 Dump file unspecified or not available
 Calculating wake trajectory ...
 Calculating source influence matrix ...

 Solving BL system ...

 Side 1  free  transition at x/c =  0.6974   63
 Side 2  free  transition at x/c =  0.2549   40

   1   rms: 0.1279E+00   max: -.2140E+01   C at   40  2   RLX: 0.234
       a = -1.000      CL =  0.4431
      Cm = -0.1197     CD =  0.00979   =>   CDf =  0.00650    CDp =  0.00329

 Side 1  free  transition at x/c =  0.6947   63
 Side 2  free  transition at x/c =  0.2740   41

   2   rms: 0.1036E+00   max: -.1757E+01   C at   41  2   RLX: 0.285
       a = -1.000      CL =  0.4552
      Cm = -0.1197     CD =  0.00976   =>   CDf =  0.00648    CDp =  0.00328

 Side 1  free  transition at x/c =  0.6923   62
 Side 2  free  transition at x/c =  0.2915   42

   3   rms: 0.6899E-01   max: -.1211E+01   C at   42  2   RLX: 0.413
       a = -1.000      CL =  0.4618
      Cm = -0.1185     CD =  0.00963   =>   CDf =  0.00642    CDp =  0.00321

 Side 1  free  transition at x/c =  0.6882   62
 Side 2  free  transition at x/c =  0.3066   43

   4   rms: 0.5645E-01   max: -.1026E+01   C at   43  2   RLX: 0.487
       a = -1.000      CL =  0.4669
      Cm = -0.1177     CD =  0.00956   =>   CDf =  0.00636    CDp =  0.00320

 Side 1  free  transition at x/c =  0.6856   62
 Side 2  free  transition at x/c =  0.3196   44

   5   rms: 0.3890E-01   max: -.6097E+00   C at   44  2   RLX: 0.820
       a = -1.000      CL =  0.4712
      Cm = -0.1171     CD =  0.00946   =>   CDf =  0.00633    CDp =  0.00313

 Side 1  free  transition at x/c =  0.6836   62
 Side 2  free  transition at x/c =  0.3496   45

   6   rms: 0.1464E-01   max: -.3155E+00   C at   45  2
       a = -1.000      CL =  0.4721
      Cm = -0.1170     CD =  0.00942   =>   CDf =  0.00620    CDp =  0.00322

 Side 1  free  transition at x/c =  0.6833   62
 Side 2  free  transition at x/c =  0.3577   46

   7   rms: 0.5626E-02   max: -.1113E+00   C at   46  2
       a = -1.000      CL =  0.4720
      Cm = -0.1170     CD =  0.00941   =>   CDf =  0.00618    CDp =  0.00323

 Side 1  free  transition at x/c =  0.6833   62
 Side 2  free  transition at x/c =  0.3601   46

   8   rms: 0.1735E-03   max: 0.3556E-02   C at   46  2
       a = -1.000      CL =  0.4720
      Cm = -0.1170     CD =  0.00941   =>   CDf =  0.00616    CDp =  0.00325

 Side 1  free  transition at x/c =  0.6833   62
 Side 2  free  transition at x/c =  0.3600   46

   9   rms: 0.1069E-05   max: 0.7808E-05   D at    4  2
       a = -1.000      CL =  0.4720
      Cm = -0.1170     CD =  0.00941   =>   CDf =  0.00616    CDp =  0.00325
 plradd ia,ip,cpol            7           0  0.33547348    

 Point added to stored polar  1
 Point written to save file  goe449_Re500k.base.pol                          
 Dump file unspecified or not available
 Calculating wake trajectory ...
 Calculating source influence matrix ...

 Solving BL system ...

 Side 1  free  transition at x/c =  0.6833   62
 Side 2  free  transition at x/c =  0.3600   46

   1   rms: 0.2660E+00   max: -.5384E+01   C at   46  2   RLX: 0.093
       a = -0.500      CL =  0.4754
      Cm = -0.1167     CD =  0.00934   =>   CDf =  0.00617    CDp =  0.00318

 Side 1  free  transition at x/c =  0.6820   62
 Side 2  free  transition at x/c =  0.3752   46

   2   rms: 0.2957E+00   max: -.6155E+01   C at   46  2   RLX: 0.081
       a = -0.500      CL =  0.4785
      Cm = -0.1165     CD =  0.00932   =>   CDf =  0.00608    CDp =  0.00324

 Side 1  free  transition at x/c =  0.6809   63
 Side 2  free  transition at x/c =  0.3904   46

   3   rms: 0.3069E+00   max: -.6059E+01   C at   46  2   RLX: 0.083
       a = -0.500      CL =  0.4812
      Cm = -0.1162     CD =  0.00927   =>   CDf =  0.00608    CDp =  0.00319

 Side 1  free  transition at x/c =  0.6800   63
 Side 2  free  transition at x/c =  0.4056   47

   4   rms: 0.2440E+00   max: -.5064E+01   C at   47  2   RLX: 0.099
       a = -0.500      CL =  0.4843
      Cm = -0.1160     CD =  0.00922   =>   CDf =  0.00604    CDp =  0.00319

 Side 1  free  transition at x/c =  0.6791   63
 Side 2  free  transition at x/c =  0.4237   48

   5   rms: 0.1799E+00   max: -.3645E+01   C at   48  2   RLX: 0.137
       a = -0.500      CL =  0.4884
      Cm = -0.1158     CD =  0.00918   =>   CDf =  0.00599    CDp =  0.00318

 Side 1  free  transition at x/c =  0.6779   63
 Side 2  free  transition at x/c =  0.4462   49

   6   rms: 0.9452E-01   max: -.1711E+01   C at   49  2   RLX: 0.292
       a = -0.500      CL =  0.4969
      Cm = -0.1156     CD =  0.00915   =>   CDf =  0.00595    CDp =  0.00320

 Side 1  free  transition at x/c =  0.6759   62
 Side 2  free  transition at x/c =  0.4866   51

   7   rms: 0.3230E-01   max: -.1494E+00   C at   51  2
       a = -0.500      CL =  0.5103
      Cm = -0.1135     CD =  0.00904   =>   CDf =  0.00586    CDp =  0.00318

 Side 1  free  transition at x/c =  0.6673   62
 Side 2  free  transition at x/c =  0.5475   55

   8   rms: 0.1465E-01   max: -.1990E+00   C at   55  2
       a = -0.500      CL =  0.5069
      Cm = -0.1129     CD =  0.00881   =>   CDf =  0.00568    CDp =  0.00313

 Side 1  free  transition at x/c =  0.6685   62
 Side 2  free  transition at x/c =  0.5297   54

   9   rms: 0.4679E-02   max: -.8650E-01   C at   54  2
       a = -0.500      CL =  0.5083
      Cm = -0.1131     CD =  0.00887   =>   CDf =  0.00568    CDp =  0.00319

 Side 1  free  transition at x/c =  0.6684   62
 Side 2  free  transition at x/c =  0.5319   54

  10   rms: 0.1245E-03   max: 0.2340E-02   C at   54  2
       a = -0.500      CL =  0.5083
      Cm = -0.1131     CD =  0.00887   =>   CDf =  0.00567    CDp =  0.00320

 Side 1  free  transition at x/c =  0.6684   62
 Side 2  free  transition at x/c =  0.5319   54

  11   rms: 0.1228E-05   max: -.2116E-04   C at   54  2
       a = -0.500      CL =  0.5083
      Cm = -0.1131     CD =  0.00887   =>   CDf =  0.00567    CDp =  0.00320
 plradd ia,ip,cpol            8           0  0.31921458    

 Point added to stored polar  1
 Point written to save file  goe449_Re500k.base.pol                          
 Dump file unspecified or not available
 Calculating wake trajectory ...
 Calculating source influence matrix ...

 Solving BL system ...

 Side 1  free  transition at x/c =  0.6684   62
 Side 2  free  transition at x/c =  0.5319   54

   1   rms: 0.2472E+00   max: -.4884E+01   C at   54  2   RLX: 0.102
       a =  0.000      CL =  0.5113
      Cm = -0.1126     CD =  0.00879   =>   CDf =  0.00567    CDp =  0.00312

 Side 1  free  transition at x/c =  0.6667   62
 Side 2  free  transition at x/c =  0.5472   55

   2   rms: 0.2601E+00   max: -.5165E+01   C at   55  2   RLX: 0.097
       a =  0.000      CL =  0.5138
      Cm = -0.1121     CD =  0.00874   =>   CDf =  0.00563    CDp =  0.00311

 Side 1  free  transition at x/c =  0.6653   62
 Side 2  free  transition at x/c =  0.5631   56

   3   rms: 0.3036E+00   max: -.6101E+01   C at   56  2   RLX: 0.082
       a =  0.000      CL =  0.5153
      Cm = -0.1117     CD =  0.00868   =>   CDf =  0.00557    CDp =  0.00312

 Side 1  free  transition at x/c =  0.6643   62
 Side 2  free  transition at x/c =  0.5803   56

   4   rms: 0.4255E+00   max: -.8179E+01   C at   56  2   RLX: 0.061
       a =  0.000      CL =  0.5163
      Cm = -0.1114     CD =  0.00865   =>   CDf =  0.00550    CDp =  0.00314

 Side 1  free  transition at x/c =  0.6636   62
 Side 2  free  transition at x/c =  0.5949   57

   5   rms: 0.4009E+00   max: -.7805E+01   C at   57  2   RLX: 0.064
       a =  0.000      CL =  0.5173
      Cm = -0.1111     CD =  0.00860   =>   CDf =  0.00546    CDp =  0.00315

 Side 1  free  transition at x/c =  0.6630   62
 Side 2  free  transition at x/c =  0.6115   58

   6   rms: 0.3378E+00   max: -.6633E+01   C at   58  2   RLX: 0.075
       a =  0.000      CL =  0.5183
      Cm = -0.1107     CD =  0.00856   =>   CDf =  0.00541    CDp =  0.00315

 Side 1  free  transition at x/c =  0.6623   62
 Side 2  free  transition at x/c =  0.6316   59

   7   rms: 0.2376E+00   max: -.4662E+01   C at   59  2   RLX: 0.107
       a =  0.000      CL =  0.5201
      Cm = -0.1103     CD =  0.00852   =>   CDf =  0.00535    CDp =  0.00316

 Side 1  free  transition at x/c =  0.6614   62
 Side 2  free  transition at x/c =  0.6560   61

   8   rms: 0.1669E+00   max: -.3269E+01   C at   61  2   RLX: 0.153
       a =  0.000      CL =  0.5221
      Cm = -0.1097     CD =  0.00845   =>   CDf =  0.00530    CDp =  0.00315

 Side 1  free  transition at x/c =  0.6603   62
 Side 2  free  transition at x/c =  0.6722   61

   9   rms: 0.9736E-01   max: -.1845E+01   C at   61  2   RLX: 0.271
       a =  0.000      CL =  0.5277
      Cm = -0.1095     CD =  0.00845   =>   CDf =  0.00521    CDp =  0.00324

 Side 1  free  transition at x/c =  0.6587   62
 Side 2  free  transition at x/c =  0.7081   62

  10   rms: 0.4919E-01   max: -.5801E+00   D at    2  1   RLX: 0.862
       a =  0.000      CL =  0.5346
      Cm = -0.1074     CD =  0.00833   =>   CDf =  0.00517    CDp =  0.00316

 Side 1  free  transition at x/c =  0.6523   62
 Side 2  free  transition at x/c =  0.7665   65

  11   rms: 0.1357E-01   max: -.2085E+00   C at   65  2
       a =  0.000      CL =  0.5350
      Cm = -0.1068     CD =  0.00823   =>   CDf =  0.00499    CDp =  0.00324

 Side 1  free  transition at x/c =  0.6522   62
 Side 2  free  transition at x/c =  0.7560   65

  12   rms: 0.2720E-02   max: -.4884E-01   C at   65  2
       a =  0.000      CL =  0.5356
      Cm = -0.1069     CD =  0.00826   =>   CDf =  0.00499    CDp =  0.00327

 Side 1  free  transition at x/c =  0.6522   62
 Side 2  free  transition at x/c =  0.7574   65

  13   rms: 0.4928E-04   max: 0.8340E-03   C at   65  2
       a =  0.000      CL =  0.5356
      Cm = -0.1069     CD =  0.00826   =>   CDf =  0.00498    CDp =  0.00328
 plradd ia,ip,cpol            9           0  0.31921458    

 Point added to stored polar  1
 Point written to save file  goe449_Re500k.base.pol                          
 Dump file unspecified or not available
 Calculating wake trajectory ...
 Calculating source influence matrix ...

 Solving BL system ...

 Side 1  free  transition at x/c =  0.6522   62
 Side 2  free  transition at x/c =  0.7573   65

   1   rms: 0.1685E+00   max: -.3103E+01   C at   65  2   RLX: 0.161
       a =  0.500      CL =  0.5405
      Cm = -0.1060     CD =  0.00820   =>   CDf =  0.00498    CDp =  0.00322

 Side 1  free  transition at x/c =  0.6492   62
 Side 2  free  transition at x/c =  0.7767   66

   2   rms: 0.1358E+00   max: -.2453E+01   C at   66  2   RLX: 0.204
       a =  0.500      CL =  0.5468
      Cm = -0.1053     CD =  0.00819   =>   CDf =  0.00493    CDp =  0.00325

 Side 1  free  transition at x/c =  0.6463   62
 Side 2  free  transition at x/c =  0.7978   67

   3   rms: 0.1002E+00   max: -.1737E+01   C at   67  2   RLX: 0.288
       a =  0.500      CL =  0.5547
      Cm = -0.1046     CD =  0.00819   =>   CDf =  0.00489    CDp =  0.00330

 Side 1  free  transition at x/c =  0.6434   62
 Side 2  free  transition at x/c =  0.8227   68

   4   rms: 0.5358E-01   max: -.7513E+00   C at   68  2   RLX: 0.666
       a =  0.500      CL =  0.5693
      Cm = -0.1038     CD =  0.00824   =>   CDf =  0.00485    CDp =  0.00338

 Side 1  free  transition at x/c =  0.6392   61
 Side 2  free  transition at x/c =  0.8773   71

   5   rms: 0.1647E-01   max: 0.1313E+00   D at   69  2
       a =  0.500      CL =  0.5754
      Cm = -0.1029     CD =  0.00822   =>   CDf =  0.00471    CDp =  0.00350

 Side 1  free  transition at x/c =  0.6345   61
 Side 2  free  transition at x/c =  0.8787   71

   6   rms: 0.1798E-02   max: -.1640E-01   C at   61  1
       a =  0.500      CL =  0.5764
      Cm = -0.1032     CD =  0.00823   =>   CDf =  0.00473    CDp =  0.00350

 Side 1  free  transition at x/c =  0.6350   61
 Side 2  free  transition at x/c =  0.8777   71

   7   rms: 0.3755E-04   max: -.4521E-03   C at   71  2
       a =  0.500      CL =  0.5764
      Cm = -0.1031     CD =  0.00823   =>   CDf =  0.00473    CDp =  0.00350
 plradd ia,ip,cpol           10           0  0.30292132    

 Point added to stored polar  1
 Point written to save file  goe449_Re500k.base.pol                          
 Dump file unspecified or not available
 Calculating wake trajectory ...
 Calculating source influence matrix ...

 Solving BL system ...

 Side 1  free  transition at x/c =  0.6350   61
 Side 2  free  transition at x/c =  0.8777   71

   1   rms: 0.9069E-01   max: -.7633E+00   C at   71  2   RLX: 0.655
       a =  1.000      CL =  0.6044
      Cm = -0.1010     CD =  0.00832   =>   CDf =  0.00467    CDp =  0.00365

 Side 1  free  transition at x/c =  0.6231   61
 Side 2  free  transition at x/c =  0.9161   72

   2   rms: 0.2633E-01   max: 0.1449E+00   C at   73  2
       a =  1.000      CL =  0.6128
      Cm = -0.0986     CD =  0.00841   =>   CDf =  0.00478    CDp =  0.00362

 Side 1  free  transition at x/c =  0.6173   61
 Side 2  free  transition at x/c =  0.9415   74

   3   rms: 0.1886E-01   max: 0.2733E+00   C at   74  2
       a =  1.000      CL =  0.6142
      Cm = -0.0989     CD =  0.00841   =>   CDf =  0.00476    CDp =  0.00365

 Side 1  free  transition at x/c =  0.6179   61
 Side 2  free  transition at x/c =  0.9365   73

   4   rms: 0.9792E-02   max: 0.3912E-01   D at   74  2
       a =  1.000      CL =  0.6260
      Cm = -0.1014     CD =  0.00847   =>   CDf =  0.00476    CDp =  0.00371

 Side 1  free  transition at x/c =  0.6177   61
 Side 2  free  transition at x/c =  0.9326   73

   5   rms: 0.9529E-03   max: -.9891E-02   C at   73  2
       a =  1.000      CL =  0.6254
      Cm = -0.1013     CD =  0.00847   =>   CDf =  0.00477    CDp =  0.00369

 Side 1  free  transition at x/c =  0.6177   61
 Side 2  free  transition at x/c =  0.9329   73

   6   rms: 0.1251E-04   max: 0.7018E-04   C at   73  2
       a =  1.000      CL =  0.6254
      Cm = -0.1013     CD =  0.00847   =>   CDf =  0.00477    CDp =  0.00369
 plradd ia,ip,cpol           11           0  0.28657329    

 Point added to stored polar  1
 Point written to save file  goe449_Re500k.base.pol                          
 Dump file unspecified or not available
 Calculating wake trajectory ...
 Calculating source influence matrix ...

 Solving BL system ...

 Side 1  free  transition at x/c =  0.6177   61
 Side 2  free  transition at x/c =  0.9329   73

   1   rms: 0.7766E-01   max: -.3244E+00   T at   73  2
       a =  1.500      CL =  0.6689
      Cm = -0.0984     CD =  0.00869   =>   CDf =  0.00473    CDp =  0.00396

 Side 1  free  transition at x/c =  0.6010   61
 Side 2  free  transition at x/c =  0.9670   74

   2   rms: 0.3313E-01   max: 0.2694E+00   D at   75  2
       a =  1.500      CL =  0.7024
      Cm = -0.1057     CD =  0.00888   =>   CDf =  0.00491    CDp =  0.00397

 Side 1  free  transition at x/c =  0.6011   61
 Side 2  free  transition at x/c =  0.9598   74

   3   rms: 0.6187E-02   max: -.5845E-01   D at   77  2
       a =  1.500      CL =  0.6976
      Cm = -0.1046     CD =  0.00886   =>   CDf =  0.00490    CDp =  0.00397

 Side 1  free  transition at x/c =  0.6009   61
 Side 2  free  transition at x/c =  0.9610   74

   4   rms: 0.1293E-03   max: 0.9528E-03   D at   77  2
       a =  1.500      CL =  0.6977
      Cm = -0.1047     CD =  0.00886   =>   CDf =  0.00490    CDp =  0.00397

 Side 1  free  transition at x/c =  0.6009   61
 Side 2  free  transition at x/c =  0.9610   74

   5   rms: 0.1792E-05   max: -.1491E-04   C at   74  2
       a =  1.500      CL =  0.6977
      Cm = -0.1047     CD =  0.00886   =>   CDf =  0.00490    CDp =  0.00397
 plradd ia,ip,cpol           12           0  0.28657329    

 Point added to stored polar  1
 Point written to save file  goe449_Re500k.base.pol                          
 Dump file unspecified or not available
 Calculating wake trajectory ...
 Calculating source influence matrix ...

 Solving BL system ...

 Side 1  free  transition at x/c =  0.6009   61
 Side 2  free  transition at x/c =  0.9610   74

   1   rms: 0.1119E+00   max: 0.4784E+00   D at   76  2
       a =  2.000      CL =  0.7890
      Cm = -0.1122     CD =  0.00940   =>   CDf =  0.00486    CDp =  0.00454

 Side 1  free  transition at x/c =  0.5851   61
 Side 2  free  transition at x/c =  0.9845   75

   2   rms: 0.2441E-01   max: 0.3398E+00   D at   75  2
       a =  2.000      CL =  0.7937
      Cm = -0.1131     CD =  0.00944   =>   CDf =  0.00508    CDp =  0.00436

 Side 1  free  transition at x/c =  0.5854   61
 Side 2  free  transition at x/c =  0.9808   74

   3   rms: 0.8783E-02   max: 0.7621E-01   T at   74  2
       a =  2.000      CL =  0.8025
      Cm = -0.1150     CD =  0.00948   =>   CDf =  0.00505    CDp =  0.00444

 Side 1  free  transition at x/c =  0.5849   61
 Side 2  free  transition at x/c =  0.9776   74

   4   rms: 0.2010E-02   max: -.1831E-01   D at   76  2
       a =  2.000      CL =  0.8006
      Cm = -0.1146     CD =  0.00949   =>   CDf =  0.00506    CDp =  0.00443

 Side 1  free  transition at x/c =  0.5850   61
 Side 2  free  transition at x/c =  0.9783   74

   5   rms: 0.8017E-04   max: -.7426E-03   D at   76  2
       a =  2.000      CL =  0.8005
      Cm = -0.1146     CD =  0.00949   =>   CDf =  0.00505    CDp =  0.00443
 plradd ia,ip,cpol           13           0  0.17562020    

 Point added to stored polar  1
 Point written to save file  goe449_Re500k.base.pol                          
 Dump file unspecified or not available
 Calculating wake trajectory ...
 Calculating source influence matrix ...

 Solving BL system ...

 Side 1  free  transition at x/c =  0.5850   61
 Side 2  free  transition at x/c =  0.9783   74

   1   rms: 0.9513E-01   max: -.3602E+00   T at   74  2
       a =  2.500      CL =  0.8767
      Cm = -0.1191     CD =  0.00993   =>   CDf =  0.00501    CDp =  0.00491

 Side 1  free  transition at x/c =  0.5678   61
 Side 2  free  transition at x/c =  0.9912   74

   2   rms: 0.1812E-01   max: 0.1625E+00   D at   75  2
       a =  2.500      CL =  0.8880
      Cm = -0.1217     CD =  0.00989   =>   CDf =  0.00525    CDp =  0.00464

 Side 1  free  transition at x/c =  0.5699   61
 Side 2  free  transition at x/c =  0.9884   74

   3   rms: 0.1764E-02   max: 0.2129E-01   C at   61  1
       a =  2.500      CL =  0.8891
      Cm = -0.1219     CD =  0.00990   =>   CDf =  0.00519    CDp =  0.00471

 Side 1  free  transition at x/c =  0.5693   61
 Side 2  free  transition at x/c =  0.9881   74

   4   rms: 0.2547E-04   max: -.2046E-03   D at   75  2
       a =  2.500      CL =  0.8891
      Cm = -0.1219     CD =  0.00990   =>   CDf =  0.00520    CDp =  0.00470
 plradd ia,ip,cpol           14           0  0.17562020    

 Point added to stored polar  1
 Point written to save file  goe449_Re500k.base.pol                          
 Dump file unspecified or not available
 Calculating wake trajectory ...
 Calculating source influence matrix ...

 Solving BL system ...

 Side 1  free  transition at x/c =  0.5693   61
 Side 2  free  transition at x/c =  0.9881   74

   1   rms: 0.9619E-01   max: -.2833E+00   T at   74  2
       a =  3.000      CL =  0.9729
      Cm = -0.1283     CD =  0.01024   =>   CDf =  0.00515    CDp =  0.00508

 Side 1  free  transition at x/c =  0.5516   61
 Side 2  free  transition at x/c =  0.9956   74

   2   rms: 0.1352E-01   max: -.1291E+00   D at   61  1
       a =  3.000      CL =  0.9714
      Cm = -0.1281     CD =  0.01025   =>   CDf =  0.00539    CDp =  0.00486

 Side 1  free  transition at x/c =  0.5534   61
 Side 2  free  transition at x/c =  0.9975   74

   3   rms: 0.1095E-02   max: 0.1114E-01   C at   61  1
       a =  3.000      CL =  0.9721
      Cm = -0.1282     CD =  0.01025   =>   CDf =  0.00533    CDp =  0.00491

 Side 1  free  transition at x/c =  0.5531   61
 Side 2  free  transition at x/c =  0.9972   74

   4   rms: 0.6454E-05   max: -.6446E-04   D at   62  1
       a =  3.000      CL =  0.9721
      Cm = -0.1282     CD =  0.01025   =>   CDf =  0.00534    CDp =  0.00491
 plradd ia,ip,cpol           15           0  0.16158016    

 Point added to stored polar  1
 Point written to save file  goe449_Re500k.base.pol                          
 Dump file unspecified or not available
 Calculating wake trajectory ...
 Calculating source influence matrix ...

 Solving BL system ...

 Side 1  free  transition at x/c =  0.5531   61
 Side 2  free  transition at x/c =  0.9972   74

   1   rms: 0.9657E-01   max: -.3011E+00   T at   74  2
       a =  3.500      CL =  1.0614
      Cm = -0.1360     CD =  0.01046   =>   CDf =  0.00528    CDp =  0.00518

 Side 1  free  transition at x/c =  0.5396   61
 Side 2 forced transition at x/c =  1.0000   73

   2   rms: 0.3931E-01   max: -.2975E+00   D at   73  2
       a =  3.500      CL =  1.0216
      Cm = -0.1277     CD =  0.01058   =>   CDf =  0.00550    CDp =  0.00508

 Side 1  free  transition at x/c =  0.5404   62
 Side 2 forced transition at x/c =  1.0000   73

   3   rms: 0.9971E-02   max: -.9562E-01   D at   61  1
       a =  3.500      CL =  1.0143
      Cm = -0.1262     CD =  0.01050   =>   CDf =  0.00553    CDp =  0.00498

 Side 1  free  transition at x/c =  0.5420   62
 Side 2 forced transition at x/c =  1.0000   73

   4   rms: 0.4447E-02   max: 0.2039E-01   D at   72  2
       a =  3.500      CL =  1.0192
      Cm = -0.1272     CD =  0.01053   =>   CDf =  0.00543    CDp =  0.00510

 Side 1  free  transition at x/c =  0.5414   62
 Side 2 forced transition at x/c =  1.0000   73

   5   rms: 0.5072E-03   max: -.2242E-02   D at   72  2
       a =  3.500      CL =  1.0186
      Cm = -0.1271     CD =  0.01052   =>   CDf =  0.00545    CDp =  0.00507

 Side 1  free  transition at x/c =  0.5414   62
 Side 2 forced transition at x/c =  1.0000   73

   6   rms: 0.2660E-05   max: 0.2091E-04   D at   77  2
       a =  3.500      CL =  1.0186
      Cm = -0.1271     CD =  0.01052   =>   CDf =  0.00545    CDp =  0.00507
 plradd ia,ip,cpol           16           0  0.16158016    

 Point added to stored polar  1
 Point written to save file  goe449_Re500k.base.pol                          
 Dump file unspecified or not available
 Calculating wake trajectory ...
 Calculating source influence matrix ...

 Solving BL system ...

 Side 1  free  transition at x/c =  0.5414   62
 Side 2 forced transition at x/c =  1.0000   73

   1   rms: 0.6720E-01   max: -.2093E+00   D at   66  2
       a =  4.000      CL =  1.0437
      Cm = -0.1214     CD =  0.01091   =>   CDf =  0.00538    CDp =  0.00552

 Side 1  free  transition at x/c =  0.5325   62
 Side 2 forced transition at x/c =  1.0000   72
 idif Ue xi dudx           1  0.11555034      2.51245499E-03   45.991009    
 Uenew xinew           2  6.94091525E-03  1.50918961E-04

   2   rms: 0.2071E-01   max: -.1492E+00   D at   62  1
       a =  4.000      CL =  1.0257
      Cm = -0.1176     CD =  0.01061   =>   CDf =  0.00556    CDp =  0.00504

 Side 1  free  transition at x/c =  0.5328   61
 Side 2 forced transition at x/c =  1.0000   73

   3   rms: 0.3059E-02   max: 0.1628E-01   D at   72  2
       a =  4.000      CL =  1.0288
      Cm = -0.1182     CD =  0.01063   =>   CDf =  0.00543    CDp =  0.00520

 Side 1  free  transition at x/c =  0.5324   61
 Side 2 forced transition at x/c =  1.0000   73

   4   rms: 0.4865E-03   max: 0.5764E-02   D at    4  2
       a =  4.000      CL =  1.0289
      Cm = -0.1182     CD =  0.01063   =>   CDf =  0.00544    CDp =  0.00520

 Side 1  free  transition at x/c =  0.5324   61
 Side 2 forced transition at x/c =  1.0000   73

   5   rms: 0.3006E-05   max: 0.3495E-04   D at    4  2
       a =  4.000      CL =  1.0289
      Cm = -0.1182     CD =  0.01063   =>   CDf =  0.00544    CDp =  0.00520
 plradd ia,ip,cpol           17           0  0.16158016    

 Point added to stored polar  1
 Point written to save file  goe449_Re500k.base.pol                          
 Dump file unspecified or not available
 Calculating wake trajectory ...
 Calculating source influence matrix ...

 Solving BL system ...

 Side 1  free  transition at x/c =  0.5324   61
 Side 2 forced transition at x/c =  1.0000   73

   1   rms: 0.6203E-01   max: -.3164E+00   D at   72  2
       a =  4.500      CL =  1.0383
      Cm = -0.1092     CD =  0.01073   =>   CDf =  0.00537    CDp =  0.00536

 Side 1  free  transition at x/c =  0.5230   62
 Side 2 forced transition at x/c =  1.0000   72

   2   rms: 0.1251E-01   max: 0.9379E-01   D at   70  2
       a =  4.500      CL =  1.0446
      Cm = -0.1105     CD =  0.01087   =>   CDf =  0.00555    CDp =  0.00532

 Side 1  free  transition at x/c =  0.5233   62
 Side 2 forced transition at x/c =  1.0000   72

   3   rms: 0.2160E-02   max: 0.1624E-01   D at   71  2
       a =  4.500      CL =  1.0461
      Cm = -0.1108     CD =  0.01088   =>   CDf =  0.00553    CDp =  0.00535

 Side 1  free  transition at x/c =  0.5232   62
 Side 2 forced transition at x/c =  1.0000   72

   4   rms: 0.4254E-04   max: 0.3182E-03   D at   66  2
       a =  4.500      CL =  1.0461
      Cm = -0.1108     CD =  0.01088   =>   CDf =  0.00553    CDp =  0.00535
 plradd ia,ip,cpol           18           0  0.16158016    

 Point added to stored polar  1
 Point written to save file  goe449_Re500k.base.pol                          
 Dump file unspecified or not available
 Calculating wake trajectory ...
 Calculating source influence matrix ...

 Solving BL system ...

 Side 1  free  transition at x/c =  0.5232   62
 Side 2 forced transition at x/c =  1.0000   72

   1   rms: 0.6866E-01   max: -.1900E+00   D at   71  2
       a =  5.000      CL =  1.0830
      Cm = -0.1075     CD =  0.01131   =>   CDf =  0.00545    CDp =  0.00585

 Side 1  free  transition at x/c =  0.5105   62
 Side 2 forced transition at x/c =  1.0000   71
 idif Ue xi dudx           1  0.11765245      2.58517265E-03   45.510479    
 Uenew xinew           2  4.53010201E-03  9.95397568E-05

   2   rms: 0.3429E-01   max: -.2962E+00   D at   62  1
       a =  5.000      CL =  1.0540
      Cm = -0.1014     CD =  0.01099   =>   CDf =  0.00568    CDp =  0.00531

 Side 1  free  transition at x/c =  0.5143   61
 Side 2 forced transition at x/c =  1.0000   72

   3   rms: 0.8101E-02   max: 0.5905E-01   D at   71  2
       a =  5.000      CL =  1.0617
      Cm = -0.1030     CD =  0.01105   =>   CDf =  0.00541    CDp =  0.00565

 Side 1  free  transition at x/c =  0.5132   62
 Side 2 forced transition at x/c =  1.0000   71

   4   rms: 0.6326E-03   max: 0.6269E-02   D at   70  2
       a =  5.000      CL =  1.0621
      Cm = -0.1031     CD =  0.01106   =>   CDf =  0.00550    CDp =  0.00556

 Side 1  free  transition at x/c =  0.5131   62
 Side 2 forced transition at x/c =  1.0000   71

   5   rms: 0.1688E-04   max: 0.1574E-03   D at    4  1
       a =  5.000      CL =  1.0622
      Cm = -0.1031     CD =  0.01106   =>   CDf =  0.00550    CDp =  0.00556
 plradd ia,ip,cpol           19           0  0.16158016    

 Point added to stored polar  1
 Point written to save file  goe449_Re500k.base.pol                          
 Dump file unspecified or not available
 Calculating wake trajectory ...
 Calculating source influence matrix ...

 Solving BL system ...

 Side 1  free  transition at x/c =  0.5131   62
 Side 2 forced transition at x/c =  1.0000   71

   1   rms: 0.6253E-01   max: -.2600E+00   D at   70  2
       a =  5.500      CL =  1.0852
      Cm = -0.0969     CD =  0.01134   =>   CDf =  0.00550    CDp =  0.00583

 Side 1  free  transition at x/c =  0.5023   61
 Side 2 forced transition at x/c =  1.0000   71

   2   rms: 0.1085E-01   max: 0.1071E+00   C at   71  2
       a =  5.500      CL =  1.0897
      Cm = -0.0979     CD =  0.01142   =>   CDf =  0.00561    CDp =  0.00581

 Side 1  free  transition at x/c =  0.5025   61
 Side 2 forced transition at x/c =  1.0000   71

   3   rms: 0.1151E-02   max: 0.8994E-02   C at   71  2
       a =  5.500      CL =  1.0907
      Cm = -0.0981     CD =  0.01142   =>   CDf =  0.00557    CDp =  0.00585

 Side 1  free  transition at x/c =  0.5024   61
 Side 2 forced transition at x/c =  1.0000   71

   4   rms: 0.8523E-05   max: 0.9686E-04   C at   71  2
       a =  5.500      CL =  1.0907
      Cm = -0.0981     CD =  0.01142   =>   CDf =  0.00557    CDp =  0.00585
 plradd ia,ip,cpol           20           0  7.72682577E-02

 Point added to stored polar  1
 Point written to save file  goe449_Re500k.base.pol                          
 Dump file unspecified or not available
 Calculating wake trajectory ...
 Calculating source influence matrix ...

 Solving BL system ...

 Side 1  free  transition at x/c =  0.5024   61
 Side 2 forced transition at x/c =  1.0000   71

   1   rms: 0.6110E-01   max: -.2142E+00   D at   70  2
       a =  6.000      CL =  1.1149
      Cm = -0.0922     CD =  0.01169   =>   CDf =  0.00549    CDp =  0.00620

 Side 1  free  transition at x/c =  0.4909   62
 Side 2 forced transition at x/c =  1.0000   70

   2   rms: 0.1015E-01   max: -.8982E-01   D at   62  1
       a =  6.000      CL =  1.1187
      Cm = -0.0931     CD =  0.01176   =>   CDf =  0.00560    CDp =  0.00617

 Side 1  free  transition at x/c =  0.4920   62
 Side 2 forced transition at x/c =  1.0000   70

   3   rms: 0.1309E-02   max: -.7929E-02   D at    4  1
       a =  6.000      CL =  1.1198
      Cm = -0.0933     CD =  0.01176   =>   CDf =  0.00556    CDp =  0.00621

 Side 1  free  transition at x/c =  0.4919   62
 Side 2 forced transition at x/c =  1.0000   70

   4   rms: 0.9773E-05   max: 0.1597E-03   D at   88  1
       a =  6.000      CL =  1.1198
      Cm = -0.0933     CD =  0.01176   =>   CDf =  0.00556    CDp =  0.00620
 plradd ia,ip,cpol           21           0  7.72682577E-02

 Point added to stored polar  1
 Point written to save file  goe449_Re500k.base.pol                          
 Dump file unspecified or not available
 Calculating wake trajectory ...
 Calculating source influence matrix ...

 Solving BL system ...

 Side 1  free  transition at x/c =  0.4919   62
 Side 2 forced transition at x/c =  1.0000   70

   1   rms: 0.6467E-01   max: -.1435E+00   D at   69  2
       a =  6.500      CL =  1.1528
      Cm = -0.0893     CD =  0.01221   =>   CDf =  0.00556    CDp =  0.00664

 Side 1  free  transition at x/c =  0.4828   61
 Side 2 forced transition at x/c =  1.0000   70

   2   rms: 0.8232E-02   max: -.7931E-01   D at   61  1
       a =  6.500      CL =  1.1517
      Cm = -0.0892     CD =  0.01219   =>   CDf =  0.00560    CDp =  0.00660

 Side 1  free  transition at x/c =  0.4822   61
 Side 2 forced transition at x/c =  1.0000   70

   3   rms: 0.1286E-02   max: -.7417E-02   D at   88  1
       a =  6.500      CL =  1.1529
      Cm = -0.0894     CD =  0.01219   =>   CDf =  0.00557    CDp =  0.00663

 Side 1  free  transition at x/c =  0.4821   61
 Side 2 forced transition at x/c =  1.0000   70

   4   rms: 0.8092E-05   max: -.5445E-04   D at   88  1
       a =  6.500      CL =  1.1529
      Cm = -0.0894     CD =  0.01219   =>   CDf =  0.00557    CDp =  0.00663
 plradd ia,ip,cpol           22           0  7.72682577E-02

 Point added to stored polar  1
 Point written to save file  goe449_Re500k.base.pol                          
 Dump file unspecified or not available
 Calculating wake trajectory ...
 Calculating source influence matrix ...

 Solving BL system ...

 Side 1  free  transition at x/c =  0.4821   61
 Side 2 forced transition at x/c =  1.0000   70

   1   rms: 0.6233E-01   max: -.1328E+00   D at   69  2
       a =  7.000      CL =  1.1841
      Cm = -0.0852     CD =  0.01258   =>   CDf =  0.00546    CDp =  0.00712

 Side 1  free  transition at x/c =  0.4684   61
 Side 2 forced transition at x/c =  1.0000   69

   2   rms: 0.5375E-02   max: -.4448E-01   D at   61  1
       a =  7.000      CL =  1.1849
      Cm = -0.0854     CD =  0.01272   =>   CDf =  0.00565    CDp =  0.00707

 Side 1  free  transition at x/c =  0.4706   62
 Side 2 forced transition at x/c =  1.0000   69

   3   rms: 0.2244E-02   max: -.2394E-01   D at   61  1
       a =  7.000      CL =  1.1836
      Cm = -0.0852     CD =  0.01269   =>   CDf =  0.00561    CDp =  0.00708

 Side 1  free  transition at x/c =  0.4706   62
 Side 2 forced transition at x/c =  1.0000   69

   4   rms: 0.1348E-03   max: 0.6548E-03   T at   62  1
       a =  7.000      CL =  1.1837
      Cm = -0.0852     CD =  0.01269   =>   CDf =  0.00559    CDp =  0.00710

 Side 1  free  transition at x/c =  0.4706   62
 Side 2 forced transition at x/c =  1.0000   69

   5   rms: 0.1837E-05   max: 0.7166E-05   D at   86  1
       a =  7.000      CL =  1.1837
      Cm = -0.0852     CD =  0.01269   =>   CDf =  0.00559    CDp =  0.00710
 plradd ia,ip,cpol           23           0  7.72682577E-02

 Point added to stored polar  1
 Point written to save file  goe449_Re500k.base.pol                          
 Dump file unspecified or not available
 Calculating wake trajectory ...
 Calculating source influence matrix ...

 Solving BL system ...

 Side 1  free  transition at x/c =  0.4706   62
 Side 2 forced transition at x/c =  1.0000   69

   1   rms: 0.6790E-01   max: -.3107E+00   D at   62  1
       a =  7.500      CL =  1.2164
      Cm = -0.0816     CD =  0.01336   =>   CDf =  0.00560    CDp =  0.00777

 Side 1  free  transition at x/c =  0.4590   61
 Side 2 forced transition at x/c =  1.0000   69

   2   rms: 0.1751E-01   max: -.1883E+00   D at   61  1
       a =  7.500      CL =  1.2116
      Cm = -0.0807     CD =  0.01319   =>   CDf =  0.00557    CDp =  0.00762

 Side 1  free  transition at x/c =  0.4586   61
 Side 2 forced transition at x/c =  1.0000   69

   3   rms: 0.3323E-02   max: -.1851E-01   D at   88  1
       a =  7.500      CL =  1.2141
      Cm = -0.0812     CD =  0.01322   =>   CDf =  0.00553    CDp =  0.00768

 Side 1  free  transition at x/c =  0.4581   61
 Side 2 forced transition at x/c =  1.0000   69

   4   rms: 0.4100E-04   max: -.3255E-03   D at   62  1
       a =  7.500      CL =  1.2141
      Cm = -0.0812     CD =  0.01322   =>   CDf =  0.00554    CDp =  0.00768
 plradd ia,ip,cpol           24           0  7.72682577E-02

 Point added to stored polar  1
 Point written to save file  goe449_Re500k.base.pol                          
 Dump file unspecified or not available
 Calculating wake trajectory ...
 Calculating source influence matrix ...

 Solving BL system ...

 Side 1  free  transition at x/c =  0.4581   61
 Side 2 forced transition at x/c =  1.0000   69

   1   rms: 0.6442E-01   max: 0.1015E+00   D at   76  2
       a =  8.000      CL =  1.2436
      Cm = -0.0771     CD =  0.01386   =>   CDf =  0.00542    CDp =  0.00844

 Side 1  free  transition at x/c =  0.4431   61
 Side 2 forced transition at x/c =  1.0000   68

   2   rms: 0.1209E-01   max: -.1609E+00   D at   61  1
       a =  8.000      CL =  1.2416
      Cm = -0.0768     CD =  0.01390   =>   CDf =  0.00558    CDp =  0.00831

 Side 1  free  transition at x/c =  0.4446   61
 Side 2 forced transition at x/c =  1.0000   68

   3   rms: 0.2520E-02   max: 0.1729E-01   C at   61  1
       a =  8.000      CL =  1.2435
      Cm = -0.0771     CD =  0.01388   =>   CDf =  0.00552    CDp =  0.00836

 Side 1  free  transition at x/c =  0.4441   61
 Side 2 forced transition at x/c =  1.0000   68

   4   rms: 0.1953E-04   max: -.1587E-03   D at   61  1
       a =  8.000      CL =  1.2435
      Cm = -0.0771     CD =  0.01388   =>   CDf =  0.00553    CDp =  0.00835
 plradd ia,ip,cpol           25           0  7.72682577E-02

 Point added to stored polar  1
 Point written to save file  goe449_Re500k.base.pol                          
 Dump file unspecified or not available
 Calculating wake trajectory ...
 Calculating source influence matrix ...

 Solving BL system ...

 Side 1  free  transition at x/c =  0.4441   61
 Side 2 forced transition at x/c =  1.0000   68

   1   rms: 0.6453E-01   max: 0.1097E+00   D at   76  2
       a =  8.500      CL =  1.2714
      Cm = -0.0730     CD =  0.01462   =>   CDf =  0.00554    CDp =  0.00908

 Side 1  free  transition at x/c =  0.4294   60
 Side 2 forced transition at x/c =  1.0000   68

   2   rms: 0.6203E-02   max: -.8185E-01   C at   60  1
       a =  8.500      CL =  1.2720
      Cm = -0.0732     CD =  0.01466   =>   CDf =  0.00556    CDp =  0.00911

 Side 1  free  transition at x/c =  0.4296   60
 Side 2 forced transition at x/c =  1.0000   68

   3   rms: 0.5872E-03   max: 0.4261E-02   C at   60  1
       a =  8.500      CL =  1.2724
      Cm = -0.0733     CD =  0.01466   =>   CDf =  0.00553    CDp =  0.00913

 Side 1  free  transition at x/c =  0.4295   60
 Side 2 forced transition at x/c =  1.0000   68

   4   rms: 0.2583E-05   max: 0.4060E-04   C at   68  2
       a =  8.500      CL =  1.2724
      Cm = -0.0733     CD =  0.01466   =>   CDf =  0.00553    CDp =  0.00913
 plradd ia,ip,cpol           26           0  7.72682577E-02

 Point added to stored polar  1
 Point written to save file  goe449_Re500k.base.pol                          
 Dump file unspecified or not available
 Calculating wake trajectory ...
 Calculating source influence matrix ...

 Solving BL system ...

 Side 1  free  transition at x/c =  0.4295   60
 Side 2 forced transition at x/c =  1.0000   68

   1   rms: 0.6441E-01   max: 0.1023E+00   D at   76  2   RLX: 0.960
       a =  9.000      CL =  1.3023
      Cm = -0.0701     CD =  0.01541   =>   CDf =  0.00539    CDp =  0.01002

 Side 1  free  transition at x/c =  0.4122   60
 Side 2 forced transition at x/c =  1.0000   67

   2   rms: 0.8252E-02   max: -.1076E+00   C at   60  1
       a =  9.000      CL =  1.3000
      Cm = -0.0695     CD =  0.01559   =>   CDf =  0.00557    CDp =  0.01002

 Side 1  free  transition at x/c =  0.4137   60
 Side 2 forced transition at x/c =  1.0000   67

   3   rms: 0.7507E-03   max: 0.5477E-02   C at   60  1
       a =  9.000      CL =  1.3003
      Cm = -0.0695     CD =  0.01559   =>   CDf =  0.00552    CDp =  0.01006

 Side 1  free  transition at x/c =  0.4135   60
 Side 2 forced transition at x/c =  1.0000   67

   4   rms: 0.2758E-05   max: -.3459E-04   C at   60  1
       a =  9.000      CL =  1.3003
      Cm = -0.0695     CD =  0.01559   =>   CDf =  0.00552    CDp =  0.01006
 plradd ia,ip,cpol           27           0  7.72682577E-02

 Point added to stored polar  1
 Point written to save file  goe449_Re500k.base.pol                          
 Dump file unspecified or not available
 Calculating wake trajectory ...
 Calculating source influence matrix ...

 Solving BL system ...

 Side 1  free  transition at x/c =  0.4135   60
 Side 2 forced transition at x/c =  1.0000   67

   1   rms: 0.6478E-01   max: 0.1058E+00   D at   76  2   RLX: 0.903
       a =  9.500      CL =  1.3286
      Cm = -0.0668     CD =  0.01640   =>   CDf =  0.00537    CDp =  0.01102

 Side 1  free  transition at x/c =  0.3949   60
 Side 2 forced transition at x/c =  1.0000   66

   2   rms: 0.9004E-02   max: -.1084E+00   C at   60  1
       a =  9.500      CL =  1.3266
      Cm = -0.0658     CD =  0.01669   =>   CDf =  0.00557    CDp =  0.01112

 Side 1  free  transition at x/c =  0.3956   60
 Side 2 forced transition at x/c =  1.0000   66

   3   rms: 0.5445E-03   max: 0.8730E-02   C at   60  1
       a =  9.500      CL =  1.3266
      Cm = -0.0658     CD =  0.01669   =>   CDf =  0.00552    CDp =  0.01117

 Side 1  free  transition at x/c =  0.3953   60
 Side 2 forced transition at x/c =  1.0000   66

   4   rms: 0.6603E-05   max: 0.5553E-04   D at   86  1
       a =  9.500      CL =  1.3266
      Cm = -0.0658     CD =  0.01669   =>   CDf =  0.00552    CDp =  0.01117
 plradd ia,ip,cpol           28           0  6.86218664E-02

 Point added to stored polar  1
 Point written to save file  goe449_Re500k.base.pol                          
 Dump file unspecified or not available
 Calculating wake trajectory ...
 Calculating source influence matrix ...

 Solving BL system ...

 Side 1  free  transition at x/c =  0.3953   60
 Side 2 forced transition at x/c =  1.0000   66

   1   rms: 0.6712E-01   max: 0.2375E+00   C at   60  1   RLX: 0.846
       a = 10.000      CL =  1.3504
      Cm = -0.0631     CD =  0.01767   =>   CDf =  0.00552    CDp =  0.01215

 Side 1  free  transition at x/c =  0.3762   59
 Side 2 forced transition at x/c =  1.0000   66

   2   rms: 0.1078E-01   max: -.9366E-01   D at   59  1
       a = 10.000      CL =  1.3507
      Cm = -0.0621     CD =  0.01803   =>   CDf =  0.00557    CDp =  0.01246

 Side 1  free  transition at x/c =  0.3747   59
 Side 2 forced transition at x/c =  1.0000   66

   3   rms: 0.1065E-02   max: 0.1200E-01   D at   85  1
       a = 10.000      CL =  1.3499
      Cm = -0.0620     CD =  0.01806   =>   CDf =  0.00554    CDp =  0.01252

 Side 1  free  transition at x/c =  0.3747   59
 Side 2 forced transition at x/c =  1.0000   66

   4   rms: 0.2402E-04   max: -.2004E-03   C at   66  2
       a = 10.000      CL =  1.3499
      Cm = -0.0620     CD =  0.01806   =>   CDf =  0.00554    CDp =  0.01252
 plradd ia,ip,cpol           29           0  6.86218664E-02

 Point added to stored polar  1
 Point written to save file  goe449_Re500k.base.pol                          
 Dump file unspecified or not available

.OPERva   c>  
 Solving BL system ...

 Side 1  free  transition at x/c =  0.3747   59
 Side 2 forced transition at x/c =  1.0000   66

   1   rms: 0.5196E-06   max: -.4858E-05   C at   59  1
       a = 10.000      CL =  1.3499
      Cm = -0.0620     CD =  0.01806   =>   CDf =  0.00554    CDp =  0.01252
 plradd ia,ip,cpol           30         182  6.86218664E-02

 Point added to stored polar  1
 Point written to save file  goe449_Re500k.base.pol                          
 Dump file unspecified or not available
 Calculating wake trajectory ...
 Calculating source influence matrix ...

 Solving BL system ...

 Side 1  free  transition at x/c =  0.3747   59
 Side 2 forced transition at x/c =  1.0000   66

   1   rms: 0.3632E-01   max: 0.2180E+00   C at   59  1   RLX: 0.812
       a = 10.250      CL =  1.3582
      Cm = -0.0604     CD =  0.01873   =>   CDf =  0.00554    CDp =  0.01319

 Side 1  free  transition at x/c =  0.3659   58
 Side 2 forced transition at x/c =  1.0000   66

   2   rms: 0.6166E-02   max: -.2974E-01   D at   58  1
       a = 10.250      CL =  1.3603
      Cm = -0.0600     CD =  0.01886   =>   CDf =  0.00558    CDp =  0.01327

 Side 1  free  transition at x/c =  0.3641   58
 Side 2 forced transition at x/c =  1.0000   66

   3   rms: 0.2892E-03   max: -.2636E-02   C at   58  1
       a = 10.250      CL =  1.3600
      Cm = -0.0600     CD =  0.01886   =>   CDf =  0.00557    CDp =  0.01329

 Side 1  free  transition at x/c =  0.3642   58
 Side 2 forced transition at x/c =  1.0000   66

   4   rms: 0.2516E-05   max: -.3877E-04   C at   66  2
       a = 10.250      CL =  1.3600
      Cm = -0.0600     CD =  0.01886   =>   CDf =  0.00557    CDp =  0.01329
 plradd ia,ip,cpol           31           0  6.86218664E-02

 Point added to stored polar  1
 Point written to save file  goe449_Re500k.base.pol                          
 Dump file unspecified or not available
 Calculating wake trajectory ...
 Calculating source influence matrix ...

 Solving BL system ...

 Side 1  free  transition at x/c =  0.3642   58
 Side 2 forced transition at x/c =  1.0000   66

   1   rms: 0.3493E-01   max: 0.1560E+00   C at   58  1   RLX: 0.791
       a = 10.500      CL =  1.3714
      Cm = -0.0589     CD =  0.01940   =>   CDf =  0.00557    CDp =  0.01383

 Side 1  free  transition at x/c =  0.3536   58
 Side 2 forced transition at x/c =  1.0000   66

   2   rms: 0.8577E-02   max: 0.5254E-01   D at   84  1
       a = 10.500      CL =  1.3693
      Cm = -0.0580     CD =  0.01977   =>   CDf =  0.00562    CDp =  0.01416

 Side 1  free  transition at x/c =  0.3530   58
 Side 2 forced transition at x/c =  1.0000   66

   3   rms: 0.3489E-03   max: 0.3143E-02   D at   84  1
       a = 10.500      CL =  1.3690
      Cm = -0.0579     CD =  0.01977   =>   CDf =  0.00560    CDp =  0.01417

 Side 1  free  transition at x/c =  0.3530   58
 Side 2 forced transition at x/c =  1.0000   66

   4   rms: 0.5214E-05   max: -.7255E-04   C at   66  2
       a = 10.500      CL =  1.3690
      Cm = -0.0579     CD =  0.01977   =>   CDf =  0.00560    CDp =  0.01417
 plradd ia,ip,cpol           32           0  6.86218664E-02

 Point added to stored polar  1
 Point written to save file  goe449_Re500k.base.pol                          
 Dump file unspecified or not available
 Calculating wake trajectory ...
 Calculating source influence matrix ...

 Solving BL system ...

 Side 1  free  transition at x/c =  0.3530   58
 Side 2 forced transition at x/c =  1.0000   66

   1   rms: 0.3845E-01   max: 0.2226E+00   C at   58  1   RLX: 0.756
       a = 10.750      CL =  1.3738
      Cm = -0.0562     CD =  0.02062   =>   CDf =  0.00542    CDp =  0.01520

 Side 1  free  transition at x/c =  0.3457   58
 Side 2 forced transition at x/c =  1.0000   65

   2   rms: 0.1129E-01   max: 0.7498E-01   D at    2  1
       a = 10.750      CL =  1.3809
      Cm = -0.0563     CD =  0.02058   =>   CDf =  0.00558    CDp =  0.01500

 Side 1  free  transition at x/c =  0.3415   58
 Side 2 forced transition at x/c =  1.0000   65

   3   rms: 0.9478E-03   max: -.1030E-01   C at   58  1
       a = 10.750      CL =  1.3802
      Cm = -0.0562     CD =  0.02061   =>   CDf =  0.00560    CDp =  0.01501

 Side 1  free  transition at x/c =  0.3418   58
 Side 2 forced transition at x/c =  1.0000   65

   4   rms: 0.1282E-04   max: -.1450E-03   C at   65  2
       a = 10.750      CL =  1.3801
      Cm = -0.0562     CD =  0.02061   =>   CDf =  0.00560    CDp =  0.01501
 plradd ia,ip,cpol           33           0  3.12842317E-02

 Point added to stored polar  1
 Point written to save file  goe449_Re500k.base.pol                          
 Dump file unspecified or not available
 Calculating wake trajectory ...
 Calculating source influence matrix ...

 Solving BL system ...

 Side 1  free  transition at x/c =  0.3418   58
 Side 2 forced transition at x/c =  1.0000   65

   1   rms: 0.3742E-01   max: 0.2655E+00   C at   58  1   RLX: 0.738
       a = 11.000      CL =  1.3865
      Cm = -0.0548     CD =  0.02139   =>   CDf =  0.00560    CDp =  0.01579

 Side 1  free  transition at x/c =  0.3330   57
 Side 2 forced transition at x/c =  1.0000   65

   2   rms: 0.8755E-02   max: -.3976E-01   D at   57  1
       a = 11.000      CL =  1.3887
      Cm = -0.0543     CD =  0.02164   =>   CDf =  0.00564    CDp =  0.01600

 Side 1  free  transition at x/c =  0.3300   57
 Side 2 forced transition at x/c =  1.0000   65

   3   rms: 0.7376E-03   max: -.8959E-02   C at   57  1
       a = 11.000      CL =  1.3881
      Cm = -0.0542     CD =  0.02165   =>   CDf =  0.00563    CDp =  0.01602

 Side 1  free  transition at x/c =  0.3303   57
 Side 2 forced transition at x/c =  1.0000   65

   4   rms: 0.7910E-05   max: -.1096E-03   C at   65  2
       a = 11.000      CL =  1.3881
      Cm = -0.0542     CD =  0.02165   =>   CDf =  0.00563    CDp =  0.01602
 plradd ia,ip,cpol           34           0  3.58580314E-02

 Point added to stored polar  1
 Point written to save file  goe449_Re500k.base.pol                          
 Dump file unspecified or not available
 Calculating wake trajectory ...
 Calculating source influence matrix ...

 Solving BL system ...

 Side 1  free  transition at x/c =  0.3303   57
 Side 2 forced transition at x/c =  1.0000   65

   1   rms: 0.3551E-01   max: 0.2141E+00   C at   57  1   RLX: 0.718
       a = 11.250      CL =  1.3969
      Cm = -0.0532     CD =  0.02230   =>   CDf =  0.00563    CDp =  0.01667

 Side 1  free  transition at x/c =  0.3210   57
 Side 2 forced transition at x/c =  1.0000   65

   2   rms: 0.1048E-01   max: 0.5005E-01   D at   83  1
       a = 11.250      CL =  1.3959
      Cm = -0.0523     CD =  0.02277   =>   CDf =  0.00568    CDp =  0.01710

 Side 1  free  transition at x/c =  0.3194   57
 Side 2 forced transition at x/c =  1.0000   65

   3   rms: 0.9833E-03   max: 0.1059E-01   D at   83  1
       a = 11.250      CL =  1.3951
      Cm = -0.0522     CD =  0.02279   =>   CDf =  0.00567    CDp =  0.01712

 Side 1  free  transition at x/c =  0.3194   57
 Side 2 forced transition at x/c =  1.0000   65

   4   rms: 0.3890E-04   max: -.2472E-03   C at   65  2
       a = 11.250      CL =  1.3951
      Cm = -0.0522     CD =  0.02279   =>   CDf =  0.00567    CDp =  0.01712
 plradd ia,ip,cpol           35           0  3.12842317E-02

 Point added to stored polar  1
 Point written to save file  goe449_Re500k.base.pol                          
 Dump file unspecified or not available
 Calculating wake trajectory ...
 Calculating source influence matrix ...

 Solving BL system ...

 Side 1  free  transition at x/c =  0.3194   57
 Side 2 forced transition at x/c =  1.0000   65

   1   rms: 0.4034E-01   max: -.2146E+00   D at   57  1   RLX: 0.686
       a = 11.500      CL =  1.3972
      Cm = -0.0506     CD =  0.02381   =>   CDf =  0.00567    CDp =  0.01814

 Side 1  free  transition at x/c =  0.3120   56
 Side 2 forced transition at x/c =  1.0000   65

   2   rms: 0.1304E-01   max: -.9724E-01   D at   57  1
       a = 11.500      CL =  1.4051
      Cm = -0.0506     CD =  0.02382   =>   CDf =  0.00566    CDp =  0.01816

 Side 1  free  transition at x/c =  0.3069   56
 Side 2 forced transition at x/c =  1.0000   65

   3   rms: 0.1546E-02   max: -.1670E-01   C at   56  1
       a = 11.500      CL =  1.4039
      Cm = -0.0505     CD =  0.02388   =>   CDf =  0.00569    CDp =  0.01819

 Side 1  free  transition at x/c =  0.3074   56
 Side 2 forced transition at x/c =  1.0000   65

   4   rms: 0.2491E-04   max: -.2858E-03   C at   65  2
       a = 11.500      CL =  1.4039
      Cm = -0.0505     CD =  0.02387   =>   CDf =  0.00568    CDp =  0.01819
 plradd ia,ip,cpol           36           0  3.12842317E-02

 Point added to stored polar  1
 Point written to save file  goe449_Re500k.base.pol                          
 Dump file unspecified or not available
 Calculating wake trajectory ...
 Calculating source influence matrix ...

 Solving BL system ...

 Side 1  free  transition at x/c =  0.3074   56
 Side 2 forced transition at x/c =  1.0000   65

   1   rms: 0.3859E-01   max: 0.2837E+00   C at   56  1   RLX: 0.669
       a = 11.750      CL =  1.4077
      Cm = -0.0492     CD =  0.02481   =>   CDf =  0.00549    CDp =  0.01932

 Side 1  free  transition at x/c =  0.3001   56
 Side 2 forced transition at x/c =  1.0000   64

   2   rms: 0.1169E-01   max: -.4835E-01   D at   56  1
       a = 11.750      CL =  1.4123
      Cm = -0.0488     CD =  0.02505   =>   CDf =  0.00571    CDp =  0.01934

 Side 1  free  transition at x/c =  0.2958   56
 Side 2 forced transition at x/c =  1.0000   64

   3   rms: 0.1312E-02   max: -.1458E-01   C at   56  1
       a = 11.750      CL =  1.4112
      Cm = -0.0487     CD =  0.02509   =>   CDf =  0.00570    CDp =  0.01938

 Side 1  free  transition at x/c =  0.2962   56
 Side 2 forced transition at x/c =  1.0000   64

   4   rms: 0.1878E-04   max: -.2852E-03   C at   64  2
       a = 11.750      CL =  1.4112
      Cm = -0.0487     CD =  0.02508   =>   CDf =  0.00570    CDp =  0.01939
 plradd ia,ip,cpol           37           0  3.12842317E-02

 Point added to stored polar  1
 Point written to save file  goe449_Re500k.base.pol                          
 Dump file unspecified or not available
 Calculating wake trajectory ...
 Calculating source influence matrix ...

 Solving BL system ...

 Side 1  free  transition at x/c =  0.2962   56
 Side 2 forced transition at x/c =  1.0000   64

   1   rms: 0.3634E-01   max: 0.2557E+00   C at   56  1   RLX: 0.652
       a = 12.000      CL =  1.4170
      Cm = -0.0477     CD =  0.02591   =>   CDf =  0.00570    CDp =  0.02021

 Side 1  free  transition at x/c =  0.2877   56
 Side 2 forced transition at x/c =  1.0000   64

   2   rms: 0.1324E-01   max: 0.6026E-01   D at   82  1
       a = 12.000      CL =  1.4156
      Cm = -0.0468     CD =  0.02657   =>   CDf =  0.00575    CDp =  0.02082

 Side 1  free  transition at x/c =  0.2854   55
 Side 2 forced transition at x/c =  1.0000   64

   3   rms: 0.1074E-02   max: -.7272E-02   D at   56  1
       a = 12.000      CL =  1.4164
      Cm = -0.0468     CD =  0.02646   =>   CDf =  0.00574    CDp =  0.02071

 Side 1  free  transition at x/c =  0.2852   55
 Side 2 forced transition at x/c =  1.0000   64

   4   rms: 0.3158E-04   max: 0.2500E-03   C at   64  2
       a = 12.000      CL =  1.4164
      Cm = -0.0468     CD =  0.02646   =>   CDf =  0.00574    CDp =  0.02071
 plradd ia,ip,cpol           38           0  3.12842317E-02

 Point added to stored polar  1
 Point written to save file  goe449_Re500k.base.pol                          
 Dump file unspecified or not available
 Calculating wake trajectory ...
 Calculating source influence matrix ...

 Solving BL system ...

 Side 1  free  transition at x/c =  0.2852   55
 Side 2 forced transition at x/c =  1.0000   64

   1   rms: 0.3277E-01   max: -.8335E-01   D at    4  2   RLX: 0.636
       a = 12.250      CL =  1.4256
      Cm = -0.0462     CD =  0.02704   =>   CDf =  0.00575    CDp =  0.02130

 Side 1  free  transition at x/c =  0.2786   55
 Side 2 forced transition at x/c =  1.0000   64

   2   rms: 0.1259E-01   max: 0.5169E-01   D at   82  1
       a = 12.250      CL =  1.4265
      Cm = -0.0455     CD =  0.02763   =>   CDf =  0.00574    CDp =  0.02190

 Side 1  free  transition at x/c =  0.2756   55
 Side 2 forced transition at x/c =  1.0000   64

   3   rms: 0.1028E-02   max: -.1044E-01   C at   55  1
       a = 12.250      CL =  1.4256
      Cm = -0.0454     CD =  0.02763   =>   CDf =  0.00573    CDp =  0.02190

 Side 1  free  transition at x/c =  0.2759   55
 Side 2 forced transition at x/c =  1.0000   64

   4   rms: 0.1538E-04   max: -.2055E-03   C at   64  2
       a = 12.250      CL =  1.4256
      Cm = -0.0454     CD =  0.02763   =>   CDf =  0.00573    CDp =  0.02190
 plradd ia,ip,cpol           39           0  3.12842317E-02

 Point added to stored polar  1
 Point written to save file  goe449_Re500k.base.pol                          
 Dump file unspecified or not available
 Calculating wake trajectory ...
 Calculating source influence matrix ...

 Solving BL system ...

 Side 1  free  transition at x/c =  0.2759   55
 Side 2 forced transition at x/c =  1.0000   64

   1   rms: 0.3552E-01   max: 0.2180E+00   C at   55  1   RLX: 0.614
       a = 12.500      CL =  1.4302
      Cm = -0.0445     CD =  0.02851   =>   CDf =  0.00573    CDp =  0.02278

 Side 1  free  transition at x/c =  0.2699   54
 Side 2 forced transition at x/c =  1.0000   64

   2   rms: 0.1202E-01   max: 0.3977E-01   D at   81  1
       a = 12.500      CL =  1.4337
      Cm = -0.0439     CD =  0.02894   =>   CDf =  0.00578    CDp =  0.02317

 Side 1  free  transition at x/c =  0.2669   54
 Side 2 forced transition at x/c =  1.0000   64

   3   rms: 0.1478E-02   max: 0.1060E-01   D at   81  1
       a = 12.500      CL =  1.4325
      Cm = -0.0438     CD =  0.02898   =>   CDf =  0.00575    CDp =  0.02323

 Side 1  free  transition at x/c =  0.2672   54
 Side 2 forced transition at x/c =  1.0000   64

   4   rms: 0.4976E-04   max: -.4226E-03   C at   64  2
       a = 12.500      CL =  1.4324
      Cm = -0.0438     CD =  0.02898   =>   CDf =  0.00575    CDp =  0.02323
 plradd ia,ip,cpol           40           0  2.72289924E-02

 Point added to stored polar  1
 Point written to save file  goe449_Re500k.base.pol                          
 Dump file unspecified or not available
 Calculating wake trajectory ...
 Calculating source influence matrix ...

 Solving BL system ...

 Side 1  free  transition at x/c =  0.2672   54
 Side 2 forced transition at x/c =  1.0000   64

   1   rms: 0.3236E-01   max: 0.1178E+00   C at   54  1   RLX: 0.601
       a = 12.750      CL =  1.4398
      Cm = -0.0432     CD =  0.02966   =>   CDf =  0.00575    CDp =  0.02391

 Side 1  free  transition at x/c =  0.2612   54
 Side 2 forced transition at x/c =  1.0000   64

   2   rms: 0.1368E-01   max: -.5704E-01   D at   54  1
       a = 12.750      CL =  1.4408
      Cm = -0.0425     CD =  0.03034   =>   CDf =  0.00554    CDp =  0.02480

 Side 1  free  transition at x/c =  0.2576   55
 Side 2 forced transition at x/c =  1.0000   63

   3   rms: 0.2180E-02   max: -.2712E-01   D at    2  1
       a = 12.750      CL =  1.4397
      Cm = -0.0424     CD =  0.03035   =>   CDf =  0.00575    CDp =  0.02460

 Side 1  free  transition at x/c =  0.2581   55
 Side 2 forced transition at x/c =  1.0000   63

   4   rms: 0.7128E-03   max: -.8943E-02   D at    4  1
       a = 12.750      CL =  1.4397
      Cm = -0.0424     CD =  0.03035   =>   CDf =  0.00574    CDp =  0.02461

 Side 1  free  transition at x/c =  0.2581   55
 Side 2 forced transition at x/c =  1.0000   63

   5   rms: 0.2310E-05   max: -.1587E-04   D at    7  1
       a = 12.750      CL =  1.4397
      Cm = -0.0424     CD =  0.03035   =>   CDf =  0.00574    CDp =  0.02461
 plradd ia,ip,cpol           41           0  3.12842317E-02

 Point added to stored polar  1
 Point written to save file  goe449_Re500k.base.pol                          
 Dump file unspecified or not available
 Calculating wake trajectory ...
 Calculating source influence matrix ...

 Solving BL system ...

 Side 1  free  transition at x/c =  0.2581   55
 Side 2 forced transition at x/c =  1.0000   63

   1   rms: 0.3664E-01   max: 0.2070E+00   C at   55  1   RLX: 0.580
       a = 13.000      CL =  1.4425
      Cm = -0.0415     CD =  0.03135   =>   CDf =  0.00574    CDp =  0.02561

 Side 1  free  transition at x/c =  0.2524   54
 Side 2 forced transition at x/c =  1.0000   63

   2   rms: 0.1349E-01   max: -.5726E-01   D at   54  1
       a = 13.000      CL =  1.4474
      Cm = -0.0411     CD =  0.03177   =>   CDf =  0.00577    CDp =  0.02600

 Side 1  free  transition at x/c =  0.2481   54
 Side 2 forced transition at x/c =  1.0000   63

   3   rms: 0.2187E-02   max: -.1896E-01   C at   54  1
       a = 13.000      CL =  1.4457
      Cm = -0.0409     CD =  0.03185   =>   CDf =  0.00575    CDp =  0.02610

 Side 1  free  transition at x/c =  0.2486   54
 Side 2 forced transition at x/c =  1.0000   63

   4   rms: 0.5225E-04   max: -.5941E-03   C at   63  2
       a = 13.000      CL =  1.4456
      Cm = -0.0409     CD =  0.03184   =>   CDf =  0.00575    CDp =  0.02609
 plradd ia,ip,cpol           42           0  1.42504077E-03

 Point added to stored polar  1
 Point written to save file  goe449_Re500k.base.pol                          
 Dump file unspecified or not available
 Calculating wake trajectory ...
 Calculating source influence matrix ...

 Solving BL system ...

 Side 1  free  transition at x/c =  0.2486   54
 Side 2 forced transition at x/c =  1.0000   63

   1   rms: 0.3458E-01   max: 0.1688E+00   C at   54  1   RLX: 0.567
       a = 13.250      CL =  1.4508
      Cm = -0.0403     CD =  0.03267   =>   CDf =  0.00575    CDp =  0.02692

 Side 1  free  transition at x/c =  0.2415   54
 Side 2 forced transition at x/c =  1.0000   63

   2   rms: 0.1620E-01   max: -.7783E-01   D at   54  1
       a = 13.250      CL =  1.4495
      Cm = -0.0394     CD =  0.03363   =>   CDf =  0.00578    CDp =  0.02785

 Side 1  free  transition at x/c =  0.2381   54
 Side 2 forced transition at x/c =  1.0000   63

   3   rms: 0.1237E-02   max: 0.7806E-02   D at   80  1
       a = 13.250      CL =  1.4483
      Cm = -0.0392     CD =  0.03361   =>   CDf =  0.00579    CDp =  0.02782

 Side 1  free  transition at x/c =  0.2383   54
 Side 2 forced transition at x/c =  1.0000   63

   4   rms: 0.3693E-04   max: -.3591E-03   C at   63  2
       a = 13.250      CL =  1.4483
      Cm = -0.0392     CD =  0.03361   =>   CDf =  0.00579    CDp =  0.02782
 plradd ia,ip,cpol           43           0  1.42504077E-03

 Point added to stored polar  1
 Point written to save file  goe449_Re500k.base.pol                          
 Dump file unspecified or not available
 Calculating wake trajectory ...
 Calculating source influence matrix ...

 Solving BL system ...

 Side 1  free  transition at x/c =  0.2383   54
 Side 2 forced transition at x/c =  1.0000   63

   1   rms: 0.3943E-01   max: -.2222E+00   D at   54  1   RLX: 0.546
       a = 13.500      CL =  1.4489
      Cm = -0.0384     CD =  0.03478   =>   CDf =  0.00579    CDp =  0.02899

 Side 1  free  transition at x/c =  0.2339   53
 Side 2 forced transition at x/c =  1.0000   63

   2   rms: 0.1639E-01   max: -.8387E-01   D at   53  1
       a = 13.500      CL =  1.4574
      Cm = -0.0382     CD =  0.03500   =>   CDf =  0.00577    CDp =  0.02923

 Side 1  free  transition at x/c =  0.2287   53
 Side 2 forced transition at x/c =  1.0000   63

   3   rms: 0.2307E-02   max: -.1780E-01   C at   53  1
       a = 13.500      CL =  1.4554
      Cm = -0.0380     CD =  0.03511   =>   CDf =  0.00577    CDp =  0.02934

 Side 1  free  transition at x/c =  0.2292   53
 Side 2 forced transition at x/c =  1.0000   63

   4   rms: 0.4754E-04   max: -.6253E-03   C at   63  2
       a = 13.500      CL =  1.4553
      Cm = -0.0380     CD =  0.03510   =>   CDf =  0.00576    CDp =  0.02934
 plradd ia,ip,cpol           44           0  1.42504077E-03

 Point added to stored polar  1
 Point written to save file  goe449_Re500k.base.pol                          
 Dump file unspecified or not available
 Calculating wake trajectory ...
 Calculating source influence matrix ...

 Solving BL system ...

 Side 1  free  transition at x/c =  0.2292   53
 Side 2 forced transition at x/c =  1.0000   63

   1   rms: 0.3655E-01   max: 0.1906E+00   C at   53  1   RLX: 0.535
       a = 13.750      CL =  1.4588
      Cm = -0.0374     CD =  0.03606   =>   CDf =  0.00577    CDp =  0.03029

 Side 1  free  transition at x/c =  0.2244   53
 Side 2 forced transition at x/c =  1.0000   63

   2   rms: 0.1735E-01   max: -.7934E-01   D at   53  1
       a = 13.750      CL =  1.4589
      Cm = -0.0367     CD =  0.03701   =>   CDf =  0.00579    CDp =  0.03123

 Side 1  free  transition at x/c =  0.2211   53
 Side 2 forced transition at x/c =  1.0000   63

   3   rms: 0.1717E-02   max: 0.1315E-01   D at   79  1
       a = 13.750      CL =  1.4575
      Cm = -0.0365     CD =  0.03701   =>   CDf =  0.00580    CDp =  0.03122

 Side 1  free  transition at x/c =  0.2211   53
 Side 2 forced transition at x/c =  1.0000   63

   4   rms: 0.7737E-04   max: -.6034E-03   C at   63  2
       a = 13.750      CL =  1.4574
      Cm = -0.0365     CD =  0.03701   =>   CDf =  0.00580    CDp =  0.03121
 plradd ia,ip,cpol           45           0  1.42504077E-03

 Point added to stored polar  1
 Point written to save file  goe449_Re500k.base.pol                          
 Dump file unspecified or not available
 Calculating wake trajectory ...
 Calculating source influence matrix ...

 Solving BL system ...

 Side 1  free  transition at x/c =  0.2211   53
 Side 2 forced transition at x/c =  1.0000   63

   1   rms: 0.3777E-01   max: -.1892E+00   D at   53  1   RLX: 0.517
       a = 14.000      CL =  1.4576
      Cm = -0.0358     CD =  0.03824   =>   CDf =  0.00580    CDp =  0.03244

 Side 1  free  transition at x/c =  0.2170   52
 Side 2 forced transition at x/c =  1.0000   63

   2   rms: 0.1730E-01   max: -.9827E-01   D at   52  1
       a = 14.000      CL =  1.4673
      Cm = -0.0357     CD =  0.03840   =>   CDf =  0.00555    CDp =  0.03285

 Side 1  free  transition at x/c =  0.2119   53
 Side 2 forced transition at x/c =  1.0000   62

   3   rms: 0.2717E-02   max: -.2097E-01   C at   53  1
       a = 14.000      CL =  1.4651
      Cm = -0.0355     CD =  0.03855   =>   CDf =  0.00577    CDp =  0.03278

 Side 1  free  transition at x/c =  0.2125   53
 Side 2 forced transition at x/c =  1.0000   62

   4   rms: 0.3989E-03   max: -.4718E-02   D at    4  1
       a = 14.000      CL =  1.4651
      Cm = -0.0355     CD =  0.03853   =>   CDf =  0.00575    CDp =  0.03278

 Side 1  free  transition at x/c =  0.2125   53
 Side 2 forced transition at x/c =  1.0000   62

   5   rms: 0.1830E-05   max: 0.9367E-05   C at   53  1
       a = 14.000      CL =  1.4651
      Cm = -0.0355     CD =  0.03853   =>   CDf =  0.00575    CDp =  0.03278
 plradd ia,ip,cpol           46           0  1.42504077E-03

 Point added to stored polar  1
 Point written to save file  goe449_Re500k.base.pol                          
 Dump file unspecified or not available
 Calculating wake trajectory ...
 Calculating source influence matrix ...

 Solving BL system ...

 Side 1  free  transition at x/c =  0.2125   53
 Side 2 forced transition at x/c =  1.0000   62

   1   rms: 0.3460E-01   max: 0.1922E+00   C at   53  1   RLX: 0.508
       a = 14.250      CL =  1.4678
      Cm = -0.0350     CD =  0.03954   =>   CDf =  0.00576    CDp =  0.03378

 Side 1  free  transition at x/c =  0.2079   53
 Side 2 forced transition at x/c =  1.0000   62

   2   rms: 0.1791E-01   max: -.8487E-01   D at   53  1
       a = 14.250      CL =  1.4668
      Cm = -0.0343     CD =  0.04071   =>   CDf =  0.00578    CDp =  0.03493

 Side 1  free  transition at x/c =  0.2047   52
 Side 2 forced transition at x/c =  1.0000   62

   3   rms: 0.1146E-02   max: 0.1207E-01   D at   79  1
       a = 14.250      CL =  1.4664
      Cm = -0.0342     CD =  0.04059   =>   CDf =  0.00578    CDp =  0.03482

 Side 1  free  transition at x/c =  0.2046   52
 Side 2 forced transition at x/c =  1.0000   62

   4   rms: 0.2580E-04   max: -.3053E-03   C at   62  2
       a = 14.250      CL =  1.4664
      Cm = -0.0342     CD =  0.04059   =>   CDf =  0.00578    CDp =  0.03481
 plradd ia,ip,cpol           47           0  1.42504077E-03

 Point added to stored polar  1
 Point written to save file  goe449_Re500k.base.pol                          
 Dump file unspecified or not available
 Calculating wake trajectory ...
 Calculating source influence matrix ...

 Solving BL system ...

 Side 1  free  transition at x/c =  0.2046   52
 Side 2 forced transition at x/c =  1.0000   62

   1   rms: 0.3180E-01   max: -.9595E-01   D at   52  1   RLX: 0.497
       a = 14.500      CL =  1.4726
      Cm = -0.0339     CD =  0.04126   =>   CDf =  0.00578    CDp =  0.03548

 Side 1  free  transition at x/c =  0.2002   52
 Side 2 forced transition at x/c =  1.0000   62

   2   rms: 0.1642E-01   max: -.6433E-01   D at   52  1
       a = 14.500      CL =  1.4746
      Cm = -0.0334     CD =  0.04226   =>   CDf =  0.00576    CDp =  0.03650

 Side 1  free  transition at x/c =  0.1955   52
 Side 2 forced transition at x/c =  1.0000   62

   3   rms: 0.2326E-02   max: -.2089E-01   C at   52  1
       a = 14.500      CL =  1.4727
      Cm = -0.0332     CD =  0.04228   =>   CDf =  0.00575    CDp =  0.03653

 Side 1  free  transition at x/c =  0.1961   52
 Side 2 forced transition at x/c =  1.0000   62

   4   rms: 0.6009E-04   max: -.6117E-03   C at   62  2
       a = 14.500      CL =  1.4727
      Cm = -0.0332     CD =  0.04227   =>   CDf =  0.00574    CDp =  0.03653
 plradd ia,ip,cpol           48           0  1.42504077E-03

 Point added to stored polar  1
 Point written to save file  goe449_Re500k.base.pol                          
 Dump file unspecified or not available
 Calculating wake trajectory ...
 Calculating source influence matrix ...

 Solving BL system ...

 Side 1  free  transition at x/c =  0.1961   52
 Side 2 forced transition at x/c =  1.0000   62

   1   rms: 0.3469E-01   max: 0.2002E+00   C at   52  1   RLX: 0.482
       a = 14.750      CL =  1.4746
      Cm = -0.0328     CD =  0.04334   =>   CDf =  0.00575    CDp =  0.03760

 Side 1  free  transition at x/c =  0.1918   52
 Side 2 forced transition at x/c =  1.0000   62

   2   rms: 0.1991E-01   max: 0.9680E-01   D at   78  1
       a = 14.750      CL =  1.4718
      Cm = -0.0321     CD =  0.04486   =>   CDf =  0.00577    CDp =  0.03909

 Side 1  free  transition at x/c =  0.1886   51
 Side 2 forced transition at x/c =  1.0000   62

   3   rms: 0.2632E-02   max: -.1831E-01   C at   51  1
       a = 14.750      CL =  1.4735
      Cm = -0.0320     CD =  0.04445   =>   CDf =  0.00575    CDp =  0.03870

 Side 1  free  transition at x/c =  0.1883   51
 Side 2 forced transition at x/c =  1.0000   62

   4   rms: 0.1525E-03   max: 0.8085E-03   C at   62  2
       a = 14.750      CL =  1.4736
      Cm = -0.0320     CD =  0.04446   =>   CDf =  0.00575    CDp =  0.03871

 Side 1  free  transition at x/c =  0.1883   51
 Side 2 forced transition at x/c =  1.0000   62

   5   rms: 0.6230E-05   max: 0.5171E-04   C at   62  2
       a = 14.750      CL =  1.4736
      Cm = -0.0320     CD =  0.04446   =>   CDf =  0.00575    CDp =  0.03871
 plradd ia,ip,cpol           49           0  1.42504077E-03

 Point added to stored polar  1
 Point written to save file  goe449_Re500k.base.pol                          
 Dump file unspecified or not available
 Calculating wake trajectory ...
 Calculating source influence matrix ...

 Solving BL system ...

 Side 1  free  transition at x/c =  0.1883   51
 Side 2 forced transition at x/c =  1.0000   62

   1   rms: 0.3072E-01   max: -.9810E-01   D at   51  1   RLX: 0.472
       a = 15.000      CL =  1.4785
      Cm = -0.0318     CD =  0.04523   =>   CDf =  0.00575    CDp =  0.03948

 Side 1  free  transition at x/c =  0.1840   51
 Side 2 forced transition at x/c =  1.0000   62

   2   rms: 0.1714E-01   max: 0.7985E-01   C at   51  1
       a = 15.000      CL =  1.4800
      Cm = -0.0313     CD =  0.04640   =>   CDf =  0.00574    CDp =  0.04066

 Side 1  free  transition at x/c =  0.1793   51
 Side 2 forced transition at x/c =  1.0000   62

   3   rms: 0.3047E-02   max: -.2199E-01   C at   51  1
       a = 15.000      CL =  1.4776
      Cm = -0.0311     CD =  0.04647   =>   CDf =  0.00575    CDp =  0.04072

 Side 1  free  transition at x/c =  0.1800   51
 Side 2 forced transition at x/c =  1.0000   62

   4   rms: 0.1453E-03   max: -.9911E-03   C at   62  2
       a = 15.000      CL =  1.4774
      Cm = -0.0311     CD =  0.04645   =>   CDf =  0.00573    CDp =  0.04072

 Side 1  free  transition at x/c =  0.1800   51
 Side 2 forced transition at x/c =  1.0000   62

   5   rms: 0.2465E-05   max: -.2213E-04   C at   62  2
       a = 15.000      CL =  1.4774
      Cm = -0.0311     CD =  0.04645   =>   CDf =  0.00573    CDp =  0.04072
 plradd ia,ip,cpol           50           0  1.42504077E-03

 Point added to stored polar  1
 Point written to save file  goe449_Re500k.base.pol                          
 Dump file unspecified or not available
 Calculating wake trajectory ...
 Calculating source influence matrix ...

 Solving BL system ...

 Side 1  free  transition at x/c =  0.1800   51
 Side 2 forced transition at x/c =  1.0000   62

   1   rms: 0.3626E-01   max: 0.1990E+00   C at   51  1   RLX: 0.457
       a = 15.250      CL =  1.4777
      Cm = -0.0308     CD =  0.04770   =>   CDf =  0.00574    CDp =  0.04196

 Side 1  free  transition at x/c =  0.1759   51
 Side 2 forced transition at x/c =  1.0000   62

   2   rms: 0.2089E-01   max: 0.9746E-01   D at   76  1
       a = 15.250      CL =  1.4745
      Cm = -0.0301     CD =  0.04937   =>   CDf =  0.00554    CDp =  0.04384

 Side 1  free  transition at x/c =  0.1722   51
 Side 2 forced transition at x/c =  1.0000   61

   3   rms: 0.5053E-02   max: -.2682E-01   D at   52  1
       a = 15.250      CL =  1.4782
      Cm = -0.0301     CD =  0.04869   =>   CDf =  0.00572    CDp =  0.04297

 Side 1  free  transition at x/c =  0.1720   51
 Side 2 forced transition at x/c =  1.0000   61

   4   rms: 0.3052E-03   max: 0.1803E-02   C at   61  2
       a = 15.250      CL =  1.4784
      Cm = -0.0301     CD =  0.04873   =>   CDf =  0.00573    CDp =  0.04300

 Side 1  free  transition at x/c =  0.1720   51
 Side 2 forced transition at x/c =  1.0000   61

   5   rms: 0.9363E-05   max: 0.9647E-04   C at   61  2
       a = 15.250      CL =  1.4784
      Cm = -0.0301     CD =  0.04873   =>   CDf =  0.00573    CDp =  0.04300
 plradd ia,ip,cpol           51           0  1.42504077E-03

 Point added to stored polar  1
 Point written to save file  goe449_Re500k.base.pol                          
 Dump file unspecified or not available
 Calculating wake trajectory ...
 Calculating source influence matrix ...

 Solving BL system ...

 Side 1  free  transition at x/c =  0.1720   51
 Side 2 forced transition at x/c =  1.0000   61

   1   rms: 0.3237E-01   max: 0.1698E+00   C at   51  1   RLX: 0.448
       a = 15.500      CL =  1.4817
      Cm = -0.0299     CD =  0.04963   =>   CDf =  0.00573    CDp =  0.04390

 Side 1  free  transition at x/c =  0.1681   51
 Side 2 forced transition at x/c =  1.0000   61

   2   rms: 0.1915E-01   max: 0.9997E-01   C at   51  1
       a = 15.500      CL =  1.4816
      Cm = -0.0295     CD =  0.05110   =>   CDf =  0.00573    CDp =  0.04537

 Side 1  free  transition at x/c =  0.1641   51
 Side 2 forced transition at x/c =  1.0000   61

   3   rms: 0.2945E-02   max: 0.1694E-01   D at   77  1
       a = 15.500      CL =  1.4791
      Cm = -0.0293     CD =  0.05111   =>   CDf =  0.00573    CDp =  0.04537

 Side 1  free  transition at x/c =  0.1646   51
 Side 2 forced transition at x/c =  1.0000   61

   4   rms: 0.1093E-03   max: -.1129E-02   C at   61  2
       a = 15.500      CL =  1.4791
      Cm = -0.0292     CD =  0.05108   =>   CDf =  0.00572    CDp =  0.04536

 Side 1  free  transition at x/c =  0.1646   51
 Side 2 forced transition at x/c =  1.0000   61

   5   rms: 0.2813E-05   max: -.1564E-04   D at   76  2
       a = 15.500      CL =  1.4791
      Cm = -0.0292     CD =  0.05108   =>   CDf =  0.00572    CDp =  0.04536
 plradd ia,ip,cpol           52           0  1.42504077E-03

 Point added to stored polar  1
 Point written to save file  goe449_Re500k.base.pol                          
 Dump file unspecified or not available
 Calculating wake trajectory ...
 Calculating source influence matrix ...

 Solving BL system ...

 Side 1  free  transition at x/c =  0.1646   51
 Side 2 forced transition at x/c =  1.0000   61

   1   rms: 0.3641E-01   max: 0.1806E+00   C at   51  1   RLX: 0.434
       a = 15.750      CL =  1.4790
      Cm = -0.0290     CD =  0.05235   =>   CDf =  0.00572    CDp =  0.04663

 Side 1  free  transition at x/c =  0.1617   51
 Side 2 forced transition at x/c =  1.0000   61

   2   rms: 0.2077E-01   max: -.9949E-01   D at   51  1
       a = 15.750      CL =  1.4775
      Cm = -0.0285     CD =  0.05398   =>   CDf =  0.00574    CDp =  0.04824

 Side 1  free  transition at x/c =  0.1585   50
 Side 2 forced transition at x/c =  1.0000   61

   3   rms: 0.4116E-02   max: -.3022E-01   C at   50  1
       a = 15.750      CL =  1.4803
      Cm = -0.0284     CD =  0.05336   =>   CDf =  0.00570    CDp =  0.04766

 Side 1  free  transition at x/c =  0.1584   50
 Side 2 forced transition at x/c =  1.0000   61

   4   rms: 0.2738E-03   max: 0.1285E-02   C at   61  2
       a = 15.750      CL =  1.4805
      Cm = -0.0285     CD =  0.05338   =>   CDf =  0.00571    CDp =  0.04767

 Side 1  free  transition at x/c =  0.1584   50
 Side 2 forced transition at x/c =  1.0000   61

   5   rms: 0.1408E-04   max: 0.1158E-03   C at   61  2
       a = 15.750      CL =  1.4806
      Cm = -0.0285     CD =  0.05338   =>   CDf =  0.00571    CDp =  0.04768
 plradd ia,ip,cpol           53           0  1.42504077E-03

 Point added to stored polar  1
 Point written to save file  goe449_Re500k.base.pol                          
 Dump file unspecified or not available
 Calculating wake trajectory ...
 Calculating source influence matrix ...

 Solving BL system ...

 Side 1  free  transition at x/c =  0.1584   50
 Side 2 forced transition at x/c =  1.0000   61

   1   rms: 0.3198E-01   max: 0.1516E+00   C at   50  1   RLX: 0.426
       a = 16.000      CL =  1.4830
      Cm = -0.0283     CD =  0.05438   =>   CDf =  0.00571    CDp =  0.04867

 Side 1  free  transition at x/c =  0.1556   50
 Side 2 forced transition at x/c =  1.0000   61

   2   rms: 0.1872E-01   max: 0.9020E-01   C at   50  1
       a = 16.000      CL =  1.4842
      Cm = -0.0280     CD =  0.05581   =>   CDf =  0.00570    CDp =  0.05011

 Side 1  free  transition at x/c =  0.1522   50
 Side 2 forced transition at x/c =  1.0000   61

   3   rms: 0.2207E-02   max: -.1422E-01   C at   50  1
       a = 16.000      CL =  1.4822
      Cm = -0.0278     CD =  0.05574   =>   CDf =  0.00569    CDp =  0.05005

 Side 1  free  transition at x/c =  0.1526   50
 Side 2 forced transition at x/c =  1.0000   61

   4   rms: 0.7891E-04   max: -.7090E-03   C at   61  2
       a = 16.000      CL =  1.4822
      Cm = -0.0278     CD =  0.05572   =>   CDf =  0.00568    CDp =  0.05004
 plradd ia,ip,cpol           54           0  1.42504077E-03

 Point added to stored polar  1
 Point written to save file  goe449_Re500k.base.pol                          
 Dump file unspecified or not available

.OPERva   c>  
 Polar accumulation disabled

.OPERv   c>  
 XFOIL   c>  
 XFOIL   c>  