
 ===================================================
  XFOIL Version 6.99
  Copyright (C) 2000   Mark Drela, Harold Youngren

  This software comes with ABSOLUTELY NO WARRANTY,
    subject to the GNU General Public License.

  Caveat computor
 ===================================================

 File  xfoil.def  not found

   QUIT    Exit program

  .OPER    Direct operating point(s)
  .MDES    Complex mapping design routine
  .QDES    Surface speed design routine
  .GDES    Geometry design routine

   SAVE f  Write airfoil to labeled coordinate file
   PSAV f  Write airfoil to plain coordinate file
   ISAV f  Write airfoil to ISES coordinate file
   MSAV f  Write airfoil to MSES coordinate file
   REVE    Reverse written-airfoil node ordering

   LOAD f  Read buffer airfoil from coordinate file
   NACA i  Set NACA 4,5-digit airfoil and buffer airfoil
   INTE    Set buffer airfoil by interpolating two airfoils
   NORM    Buffer airfoil normalization toggle
   XYCM rr Change CM reference location, currently  0.25000 0.00000

   BEND    Display structural properties of current airfoil

   PCOP    Set current-airfoil panel nodes directly from buffer airfoil points
   PANE    Set current-airfoil panel nodes ( 160 ) based on curvature
  .PPAR    Show/change paneling

  .PLOP    Plotting options

   WDEF f  Write  current-settings file
   RDEF f  Reread current-settings file
   NAME s  Specify new airfoil name
   NINC    Increment name version number

   Z       Zoom    | (available in all menus)
   U       Unzoom  | 

 XFOIL   c>  
 Labeled airfoil file.  Name:  GOE 522 AIRFOIL                                 

 Number of input coordinate points:  33
 Counterclockwise ordering
 Max thickness =     0.219084  at x =   0.286
 Max camber    =     0.050395  at x =   0.487

  LE  x,y  =  -0.00010   0.00321  |   Chord =   1.00010
  TE  x,y  =   1.00000   0.00000  |

 Current airfoil nodes set from buffer airfoil nodes (  33 )

 WARNING: Poor input coordinate distribution
          Excessive panel angle   42.1  at i =  17
          Repaneling with PANE and/or PPAR suggested
           (doing GDES,CADD before repaneling _may_
            improve excessively coarse LE spacing

 XFOIL   c>  
 XFOIL   c>  
 Sharp trailing edge

 Paneling parameters used...
   Number of panel nodes       160
   Panel bunching parameter    1.000
   TE/LE panel density ratio   0.150
   Refined-area/LE panel density ratio    0.200
   Top    side refined area x/c limits  1.000 1.000
   Bottom side refined area x/c limits  1.000 1.000

 XFOIL   c>  
.OPERi   c>  
 Xtr/c     =  1.0000    top    side
 Xtr/c     =  1.0000    bottom side
 Ncrit     =    9.00   ( 0.070 % turb. level )
 Vacc      =  0.0100

 Klag  =  5.6000     Uxwt  =    1.00
 A     =  6.7000     B     =  0.7500       KCt = 0.01485
 CtiniK=  1.8000     CtiniX=  3.3000

..VPAR   c>  
..VPAR   c>  
.OPERi   c>  
 M  =    0.0000
 Re =    400000

.OPERv   c>  
.OPERv   c>  
.OPERv   c>  
 Polar  1 newly created for accumulation
 Airfoil archived with polar: GOE 522 AIRFOIL                                 

Enter  polar save filename  OR  <return> for no file   s>  
 New polar save file available

Enter  polar dump filename  OR  <return> for no file   s>  
 Polar dump file will NOT be written

 Polar accumulation enabled

.OPERva   c>   Calculating unit vorticity distributions ...
 Calculating wake trajectory ...
 Calculating source influence matrix ...

 Solving BL system ...

 Initializing BL ...
    side            1  ...
 MRCHUE: Inverse mode at  53     Hk =   3.906
 MRCHUE: Inverse mode at  54     Hk =   4.781
 MRCHUE: Inverse mode at  55     Hk =   5.675
 MRCHUE: Inverse mode at  56     Hk =   6.588
 MRCHUE: Inverse mode at  57     Hk =   7.519
 MRCHUE: Inverse mode at  58     Hk =   8.463
 MRCHUE: Inverse mode at  59     Hk =   8.930
 MRCHUE: Inverse mode at  60     Hk =   4.405
 MRCHUE: Inverse mode at  61     Hk =   2.500
 MRCHUE: Inverse mode at  94     Hk =   2.500
 MRCHUE: Inverse mode at  95     Hk =   2.500
 MRCHUE: Inverse mode at  96     Hk =   2.500
 MRCHUE: Inverse mode at  97     Hk =   2.500
 MRCHUE: Inverse mode at  98     Hk =   2.500
 MRCHUE: Inverse mode at  99     Hk =   2.500
 MRCHUE: Inverse mode at 100     Hk =   2.500
 MRCHUE: Inverse mode at 101     Hk =   2.500
 MRCHUE: Inverse mode at 102     Hk =   2.500
 MRCHUE: Inverse mode at 103     Hk =   2.500
 MRCHUE: Inverse mode at 104     Hk =   2.500
 MRCHUE: Convergence failed at 105  side 1    Res =  0.5451E+01
 MRCHUE: Inverse mode at 106     Hk =   2.500
 MRCHUE: Inverse mode at 107     Hk =   2.500
 MRCHUE: Convergence failed at 108  side 1    Res =  0.5154E+01
 MRCHUE: Inverse mode at 109     Hk =   2.500
 MRCHUE: Convergence failed at 110  side 1    Res =  0.4961E+01
 MRCHUE: Convergence failed at 111  side 1    Res =  0.5148E+01
    side            2  ...
 MRCHUE: Inverse mode at  51     Hk =   3.446

 MRCHDU: Convergence failed at 105  side 1    Res =  0.1379E+01
 MRCHDU: Convergence failed at 106  side 1    Res =  0.1468E+01
 MRCHDU: Convergence failed at 107  side 1    Res =  0.1549E+01
 MRCHDU: Convergence failed at 108  side 1    Res =  0.4888E+01
 MRCHDU: Convergence failed at 109  side 1    Res =  0.4724E+01
 MRCHDU: Convergence failed at 110  side 1    Res =  0.2506E+02
 MRCHDU: Convergence failed at 111  side 1    Res =  0.2228E+02
 Side 1  free  transition at x/c =  0.0995   59
 Side 2 forced transition at x/c =  1.0000   51
 idif Ue xi dudx           1  7.35948160E-02  9.26101208E-03   7.9467359    
 Uenew xinew           2  2.25103311E-02  2.83265114E-03

   1   rms: 0.9739E+00   max: 0.5199E+01   D at   53  2   RLX: 0.164
       a = 16.250      CL =  2.7612
      Cm = -0.2759     CD =  0.00675   =>   CDf =  0.00952    CDp = -0.00277

 MRCHDU: Convergence failed at  59  side 1    Res =  0.5778E+01
 MRCHDU: Convergence failed at  60  side 1    Res =  0.1129E+02
 Side 1  free  transition at x/c =  0.1057   59
 Side 2 forced transition at x/c =  1.0000   52

   2   rms: 0.5173E+00   max: 0.1984E+01   D at  110  1   RLX: 0.354
       a = 16.250      CL =  2.6558
      Cm = -0.2291     CD =  0.00786   =>   CDf =  0.00855    CDp = -0.00069

 MRCHDU: Convergence failed at 109  side 1    Res =  0.9406E+00
 MRCHDU: Convergence failed at 110  side 1    Res =  0.1137E+01
 Side 1  free  transition at x/c =  0.1284   62
 Side 2 forced transition at x/c =  1.0000   52
 idif Ue xi dudx           1  5.47894612E-02  6.47902489E-03   8.4564362    
 Uenew xinew           2  4.45170654E-03  5.26428223E-04

   3   rms: 0.6195E+00   max: -.6780E+01   C at   62  1   RLX: 0.074
       a = 16.250      CL =  2.6245
      Cm = -0.2276     CD =  0.00786   =>   CDf =  0.00858    CDp = -0.00071

 Side 1  free  transition at x/c =  0.1458   62
 Side 2 forced transition at x/c =  1.0000   53

   4   rms: 0.3511E+01   max: -.7247E+02   C at   62  1   RLX: 0.007
       a = 16.250      CL =  2.6179
      Cm = -0.2271     CD =  0.00801   =>   CDf =  0.00744    CDp =  0.00057

 Side 1  free  transition at x/c =  0.1468   62
 Side 2 forced transition at x/c =  1.0000   53

   5   rms: 0.3632E+01   max: -.7220E+02   C at   62  1   RLX: 0.007
       a = 16.250      CL =  2.6160
      Cm = -0.2261     CD =  0.00802   =>   CDf =  0.00732    CDp =  0.00070

 Side 1  free  transition at x/c =  0.1461   62
 Side 2 forced transition at x/c =  1.0000   53

   6   rms: 0.7405E+00   max: -.1282E+02   C at   62  1   RLX: 0.039
       a = 16.250      CL =  2.5942
      Cm = -0.2235     CD =  0.00837   =>   CDf =  0.00754    CDp =  0.00082

 Side 1  free  transition at x/c =  0.1548   63
 Side 2 forced transition at x/c =  1.0000   53

   7   rms: 0.2267E+01   max: -.4967E+02   C at   63  1   RLX: 0.010
       a = 16.250      CL =  2.5913
      Cm = -0.2223     CD =  0.00834   =>   CDf =  0.00736    CDp =  0.00098

 Side 1  free  transition at x/c =  0.1570   63
 Side 2 forced transition at x/c =  1.0000   53

   8   rms: 0.2992E+01   max: -.6351E+02   C at   63  1   RLX: 0.008
       a = 16.250      CL =  2.5899
      Cm = -0.2214     CD =  0.00834   =>   CDf =  0.00721    CDp =  0.00113

 Side 1  free  transition at x/c =  0.1584   63
 Side 2 forced transition at x/c =  1.0000   53

   9   rms: 0.3158E+01   max: -.6447E+02   C at   63  1   RLX: 0.008
       a = 16.250      CL =  2.5878
      Cm = -0.2204     CD =  0.00835   =>   CDf =  0.00709    CDp =  0.00126

 Side 1  free  transition at x/c =  0.1572   63
 Side 2 forced transition at x/c =  1.0000   53

  10   rms: 0.6115E+00   max: -.4134E+01   C at   63  1   RLX: 0.121
       a = 16.250      CL =  2.5152
      Cm = -0.2049     CD =  0.00946   =>   CDf =  0.00738    CDp =  0.00208

 Side 1  free  transition at x/c =  0.1890   66
 Side 2 forced transition at x/c =  1.0000   53

  11   rms: 0.6624E+00   max: -.7858E+01   C at   66  1   RLX: 0.064
       a = 16.250      CL =  2.4741
      Cm = -0.1968     CD =  0.00991   =>   CDf =  0.00684    CDp =  0.00307

 Side 1  free  transition at x/c =  0.1967   66
 Side 2 forced transition at x/c =  1.0000   53
 idif Ue xi dudx           2  0.12671369      1.28777027E-02   9.8397751    
 Uenew xinew           3  7.21824467E-02  7.33578205E-03

  12   rms: 0.1024E+01   max: 0.3667E+01   D at   58  2   RLX: 0.264
       a = 16.250      CL =  2.2180
      Cm = -0.1538     CD =  0.01550   =>   CDf =  0.00732    CDp =  0.00817

 MRCHDU: Convergence failed at  66  side 1    Res =  0.3298E+01
 MRCHDU: Convergence failed at  60  side 2    Res =  0.2262E+01
 MRCHDU: Convergence failed at  61  side 2    Res =  0.2496E+01
 MRCHDU: Convergence failed at  62  side 2    Res =  0.1038E+01
 Side 1  free  transition at x/c =  0.2235   66
 Side 2 forced transition at x/c =  1.0000   55
 idif Ue xi dudx           2  0.13340446      1.15993023E-02   11.501077    
 Uenew xinew           3  7.66436085E-02  6.66403770E-03

  13   rms: 0.5849E+00   max: 0.2541E+01   D at   59  2   RLX: 0.570
       a = 16.250      CL =  1.9103
      Cm = -0.0965     CD =  0.02981   =>   CDf =  0.00674    CDp =  0.02308

 MRCHDU: Convergence failed at  68  side 2    Res =  0.7958E+00
 Side 1  free  transition at x/c =  0.2331   65
 Side 2 forced transition at x/c =  1.0000   57
 idif Ue xi dudx           2  0.14366068      1.21332407E-02   11.840257    
 Uenew xinew           3  8.96875337E-02  7.57479668E-03

  14   rms: 0.3132E+00   max: 0.1558E+01   D at   65  2   RLX: 0.963
       a = 16.250      CL =  1.5801
      Cm = -0.0434     CD =  0.05385   =>   CDf =  0.00680    CDp =  0.04704

 Side 1  free  transition at x/c =  0.2316   63
 Side 2 forced transition at x/c =  1.0000   59

  15   rms: 0.3012E-01   max: 0.3039E+00   D at   70  2
       a = 16.250      CL =  1.5680
      Cm = -0.0412     CD =  0.05510   =>   CDf =  0.00616    CDp =  0.04893

 Side 1  free  transition at x/c =  0.2304   63
 Side 2 forced transition at x/c =  1.0000   59

  16   rms: 0.4437E-02   max: 0.5055E-01   D at   72  2
       a = 16.250      CL =  1.5717
      Cm = -0.0414     CD =  0.05416   =>   CDf =  0.00618    CDp =  0.04798

 Side 1  free  transition at x/c =  0.2303   63
 Side 2 forced transition at x/c =  1.0000   59

  17   rms: 0.2129E-03   max: -.2114E-02   D at   72  2
       a = 16.250      CL =  1.5718
      Cm = -0.0414     CD =  0.05419   =>   CDf =  0.00619    CDp =  0.04800

 Side 1  free  transition at x/c =  0.2303   63
 Side 2 forced transition at x/c =  1.0000   59

  18   rms: 0.2263E-05   max: 0.2528E-04   C at   59  2
       a = 16.250      CL =  1.5718
      Cm = -0.0414     CD =  0.05419   =>   CDf =  0.00619    CDp =  0.04800
 plradd ia,ip,cpol            1           0  4.14516181E-02

 Point added to stored polar  1
 Point written to save file  goe522_Re400k.ext.pol                           
 Dump file unspecified or not available
 Calculating wake trajectory ...
 Calculating source influence matrix ...

 Solving BL system ...

 Side 1  free  transition at x/c =  0.2303   63
 Side 2 forced transition at x/c =  1.0000   59

   1   rms: 0.2949E-01   max: 0.2770E-01   D at   75  2   RLX: 0.399
       a = 16.500      CL =  1.5791
      Cm = -0.0413     CD =  0.05444   =>   CDf =  0.00620    CDp =  0.04825

 Side 1  free  transition at x/c =  0.2295   63
 Side 2 forced transition at x/c =  1.0000   59

   2   rms: 0.1896E-01   max: 0.1103E-01   D at   75  2
       a = 16.500      CL =  1.5923
      Cm = -0.0410     CD =  0.05449   =>   CDf =  0.00621    CDp =  0.04829

 Side 1  free  transition at x/c =  0.2282   62
 Side 2 forced transition at x/c =  1.0000   59

   3   rms: 0.6015E-03   max: -.5813E-02   D at   63  1
       a = 16.500      CL =  1.5921
      Cm = -0.0410     CD =  0.05449   =>   CDf =  0.00623    CDp =  0.04827

 Side 1  free  transition at x/c =  0.2282   62
 Side 2 forced transition at x/c =  1.0000   59

   4   rms: 0.6434E-04   max: 0.3842E-03   C at   59  2
       a = 16.500      CL =  1.5922
      Cm = -0.0410     CD =  0.05450   =>   CDf =  0.00623    CDp =  0.04827
 plradd ia,ip,cpol            2           0  4.14516181E-02

 Point added to stored polar  1
 Point written to save file  goe522_Re400k.ext.pol                           
 Dump file unspecified or not available
 Calculating wake trajectory ...
 Calculating source influence matrix ...

 Solving BL system ...

 Side 1  free  transition at x/c =  0.2282   62
 Side 2 forced transition at x/c =  1.0000   59

   1   rms: 0.2769E-01   max: 0.1057E+00   D at    3  2   RLX: 0.393
       a = 16.750      CL =  1.5954
      Cm = -0.0409     CD =  0.05529   =>   CDf =  0.00623    CDp =  0.04906

 Side 1  free  transition at x/c =  0.2279   62
 Side 2 forced transition at x/c =  1.0000   59

   2   rms: 0.1668E-01   max: 0.6879E-01   D at    3  2
       a = 16.750      CL =  1.5999
      Cm = -0.0408     CD =  0.05644   =>   CDf =  0.00619    CDp =  0.05025

 Side 1  free  transition at x/c =  0.2273   62
 Side 2 forced transition at x/c =  1.0000   59

   3   rms: 0.8560E-03   max: -.7052E-02   C at   59  2
       a = 16.750      CL =  1.5989
      Cm = -0.0406     CD =  0.05634   =>   CDf =  0.00612    CDp =  0.05021

 Side 1  free  transition at x/c =  0.2273   62
 Side 2 forced transition at x/c =  1.0000   59

   4   rms: 0.1794E-04   max: -.2077E-03   C at   59  2
       a = 16.750      CL =  1.5989
      Cm = -0.0406     CD =  0.05633   =>   CDf =  0.00612    CDp =  0.05021
 plradd ia,ip,cpol            3           0  4.14516181E-02

 Point added to stored polar  1
 Point written to save file  goe522_Re400k.ext.pol                           
 Dump file unspecified or not available
 Calculating wake trajectory ...
 Calculating source influence matrix ...

 Solving BL system ...

 Side 1  free  transition at x/c =  0.2273   62
 Side 2 forced transition at x/c =  1.0000   59

   1   rms: 0.2641E-01   max: 0.9060E-01   D at   81  1   RLX: 0.386
       a = 17.000      CL =  1.6016
      Cm = -0.0406     CD =  0.05716   =>   CDf =  0.00613    CDp =  0.05104

 Side 1  free  transition at x/c =  0.2268   62
 Side 2 forced transition at x/c =  1.0000   59

   2   rms: 0.1626E-01   max: 0.5960E-01   D at   81  1
       a = 17.000      CL =  1.6048
      Cm = -0.0404     CD =  0.05850   =>   CDf =  0.00583    CDp =  0.05267

 Side 1  free  transition at x/c =  0.2260   63
 Side 2 forced transition at x/c =  1.0000   58

   3   rms: 0.1122E-02   max: -.7499E-02   C at   58  2
       a = 17.000      CL =  1.6038
      Cm = -0.0403     CD =  0.05839   =>   CDf =  0.00602    CDp =  0.05237

 Side 1  free  transition at x/c =  0.2260   63
 Side 2 forced transition at x/c =  1.0000   58

   4   rms: 0.3947E-03   max: -.5148E-02   D at    4  1
       a = 17.000      CL =  1.6038
      Cm = -0.0403     CD =  0.05838   =>   CDf =  0.00602    CDp =  0.05236

 Side 1  free  transition at x/c =  0.2260   63
 Side 2 forced transition at x/c =  1.0000   58

   5   rms: 0.1031E-05   max: -.1022E-04   C at   58  2
       a = 17.000      CL =  1.6038
      Cm = -0.0403     CD =  0.05838   =>   CDf =  0.00602    CDp =  0.05236
 plradd ia,ip,cpol            4           0  4.14516181E-02

 Point added to stored polar  1
 Point written to save file  goe522_Re400k.ext.pol                           
 Dump file unspecified or not available
 Calculating wake trajectory ...
 Calculating source influence matrix ...

 Solving BL system ...

 Side 1  free  transition at x/c =  0.2260   63
 Side 2 forced transition at x/c =  1.0000   58

   1   rms: 0.2613E-01   max: 0.8714E-01   D at   81  1   RLX: 0.378
       a = 17.250      CL =  1.6065
      Cm = -0.0403     CD =  0.05918   =>   CDf =  0.00602    CDp =  0.05316

 Side 1  free  transition at x/c =  0.2255   63
 Side 2 forced transition at x/c =  1.0000   58

   2   rms: 0.1607E-01   max: 0.5263E-01   D at   81  1
       a = 17.250      CL =  1.6109
      Cm = -0.0402     CD =  0.06041   =>   CDf =  0.00598    CDp =  0.05442

 Side 1  free  transition at x/c =  0.2247   63
 Side 2 forced transition at x/c =  1.0000   58

   3   rms: 0.9022E-03   max: 0.7082E-02   D at   72  2
       a = 17.250      CL =  1.6100
      Cm = -0.0400     CD =  0.06028   =>   CDf =  0.00593    CDp =  0.05435

 Side 1  free  transition at x/c =  0.2247   63
 Side 2 forced transition at x/c =  1.0000   58

   4   rms: 0.1753E-04   max: 0.2367E-03   D at   72  2
       a = 17.250      CL =  1.6100
      Cm = -0.0400     CD =  0.06027   =>   CDf =  0.00592    CDp =  0.05434
 plradd ia,ip,cpol            5           0  4.14516181E-02

 Point added to stored polar  1
 Point written to save file  goe522_Re400k.ext.pol                           
 Dump file unspecified or not available
 Calculating wake trajectory ...
 Calculating source influence matrix ...

 Solving BL system ...

 Side 1  free  transition at x/c =  0.2247   63
 Side 2 forced transition at x/c =  1.0000   58

   1   rms: 0.2667E-01   max: 0.7828E-01   D at   81  1   RLX: 0.372
       a = 17.500      CL =  1.6132
      Cm = -0.0400     CD =  0.06101   =>   CDf =  0.00593    CDp =  0.05508

 Side 1  free  transition at x/c =  0.2242   63
 Side 2 forced transition at x/c =  1.0000   58

   2   rms: 0.1657E-01   max: 0.4878E-01   D at   81  1
       a = 17.500      CL =  1.6182
      Cm = -0.0399     CD =  0.06217   =>   CDf =  0.00590    CDp =  0.05627

 Side 1  free  transition at x/c =  0.2233   63
 Side 2 forced transition at x/c =  1.0000   58

   3   rms: 0.1194E-02   max: 0.8381E-02   D at   82  1
       a = 17.500      CL =  1.6170
      Cm = -0.0398     CD =  0.06209   =>   CDf =  0.00585    CDp =  0.05625

 Side 1  free  transition at x/c =  0.2233   63
 Side 2 forced transition at x/c =  1.0000   58

   4   rms: 0.5672E-04   max: -.4665E-03   C at   58  2
       a = 17.500      CL =  1.6170
      Cm = -0.0398     CD =  0.06208   =>   CDf =  0.00585    CDp =  0.05624
 plradd ia,ip,cpol            6           0  4.14516181E-02

 Point added to stored polar  1
 Point written to save file  goe522_Re400k.ext.pol                           
 Dump file unspecified or not available
 Calculating wake trajectory ...
 Calculating source influence matrix ...

 Solving BL system ...

 Side 1  free  transition at x/c =  0.2233   63
 Side 2 forced transition at x/c =  1.0000   58

   1   rms: 0.2951E-01   max: -.1752E+00   D at    3  2   RLX: 0.366
       a = 17.750      CL =  1.6198
      Cm = -0.0398     CD =  0.06285   =>   CDf =  0.00585    CDp =  0.05700

 Side 1  free  transition at x/c =  0.2228   63
 Side 2 forced transition at x/c =  1.0000   58

   2   rms: 0.1877E-01   max: -.1171E+00   D at    3  2
       a = 17.750      CL =  1.6250
      Cm = -0.0397     CD =  0.06402   =>   CDf =  0.00582    CDp =  0.05820

 Side 1  free  transition at x/c =  0.2219   63
 Side 2 forced transition at x/c =  1.0000   58

   3   rms: 0.9060E-03   max: -.6619E-02   C at   58  2
       a = 17.750      CL =  1.6242
      Cm = -0.0396     CD =  0.06389   =>   CDf =  0.00578    CDp =  0.05811

 Side 1  free  transition at x/c =  0.2219   63
 Side 2 forced transition at x/c =  1.0000   58

   4   rms: 0.1374E-04   max: -.1752E-03   C at   58  2
       a = 17.750      CL =  1.6242
      Cm = -0.0396     CD =  0.06388   =>   CDf =  0.00578    CDp =  0.05811
 plradd ia,ip,cpol            7           0  4.14516181E-02

 Point added to stored polar  1
 Point written to save file  goe522_Re400k.ext.pol                           
 Dump file unspecified or not available
 Calculating wake trajectory ...
 Calculating source influence matrix ...

 Solving BL system ...

 Side 1  free  transition at x/c =  0.2219   63
 Side 2 forced transition at x/c =  1.0000   58

   1   rms: 0.3213E-01   max: 0.2616E+00   D at    3  2   RLX: 0.360
       a = 18.000      CL =  1.6274
      Cm = -0.0396     CD =  0.06458   =>   CDf =  0.00552    CDp =  0.05906

 Side 1  free  transition at x/c =  0.2214   64
 Side 2 forced transition at x/c =  1.0000   57

   2   rms: 0.2000E-01   max: -.1819E+00   D at    2  1
       a = 18.000      CL =  1.6330
      Cm = -0.0395     CD =  0.06572   =>   CDf =  0.00575    CDp =  0.05997

 Side 1  free  transition at x/c =  0.2205   64
 Side 2 forced transition at x/c =  1.0000   57

   3   rms: 0.1428E-02   max: -.1593E-01   D at    4  1
       a = 18.000      CL =  1.6322
      Cm = -0.0394     CD =  0.06559   =>   CDf =  0.00571    CDp =  0.05988

 Side 1  free  transition at x/c =  0.2205   64
 Side 2 forced transition at x/c =  1.0000   57

   4   rms: 0.3486E-04   max: -.1730E-03   D at   81  1
       a = 18.000      CL =  1.6322
      Cm = -0.0394     CD =  0.06558   =>   CDf =  0.00571    CDp =  0.05987
 plradd ia,ip,cpol            8           0  4.14516181E-02

 Point added to stored polar  1
 Point written to save file  goe522_Re400k.ext.pol                           
 Dump file unspecified or not available

.OPERva   c>   Calculating wake trajectory ...
 Calculating source influence matrix ...

 Solving BL system ...

 Side 1  free  transition at x/c =  0.2205   64
 Side 2 forced transition at x/c =  1.0000   57

   1   rms: 0.2738E-01   max: 0.1449E+00   T at    3  1   RLX: 0.355
       a = 18.250      CL =  1.6358
      Cm = -0.0394     CD =  0.06622   =>   CDf =  0.00572    CDp =  0.06050

 Side 1  free  transition at x/c =  0.2200   64
 Side 2 forced transition at x/c =  1.0000   57

   2   rms: 0.1740E-01   max: 0.9107E-01   D at    3  1
       a = 18.250      CL =  1.6420
      Cm = -0.0393     CD =  0.06729   =>   CDf =  0.00570    CDp =  0.06159

 Side 1  free  transition at x/c =  0.2191   64
 Side 2 forced transition at x/c =  1.0000   57

   3   rms: 0.9969E-03   max: -.5597E-02   C at   57  2
       a = 18.250      CL =  1.6410
      Cm = -0.0392     CD =  0.06722   =>   CDf =  0.00566    CDp =  0.06155

 Side 1  free  transition at x/c =  0.2191   64
 Side 2 forced transition at x/c =  1.0000   57

   4   rms: 0.2473E-04   max: -.2637E-03   C at   57  2
       a = 18.250      CL =  1.6410
      Cm = -0.0392     CD =  0.06720   =>   CDf =  0.00566    CDp =  0.06154
 plradd ia,ip,cpol            9           0  4.14516181E-02

 Point added to stored polar  1
 Point written to save file  goe522_Re400k.ext.pol                           
 Dump file unspecified or not available
 Calculating wake trajectory ...
 Calculating source influence matrix ...

 Solving BL system ...

 Side 1  free  transition at x/c =  0.2191   64
 Side 2 forced transition at x/c =  1.0000   57

   1   rms: 0.5007E-01   max: 0.1309E+00   D at   81  1   RLX: 0.345
       a = 18.750      CL =  1.6476
      Cm = -0.0392     CD =  0.06847   =>   CDf =  0.00567    CDp =  0.06280

 Side 1  free  transition at x/c =  0.2181   64
 Side 2 forced transition at x/c =  1.0000   57

   2   rms: 0.3222E-01   max: 0.9498E-01   T at   64  1
       a = 18.750      CL =  1.6588
      Cm = -0.0391     CD =  0.07087   =>   CDf =  0.00564    CDp =  0.06522

 Side 1  free  transition at x/c =  0.2157   64
 Side 2 forced transition at x/c =  1.0000   57

   3   rms: 0.4193E-02   max: -.3714E-01   D at   64  1
       a = 18.750      CL =  1.6585
      Cm = -0.0388     CD =  0.07029   =>   CDf =  0.00561    CDp =  0.06468

 Side 1  free  transition at x/c =  0.2159   64
 Side 2 forced transition at x/c =  1.0000   57

   4   rms: 0.7690E-03   max: -.3029E-02   D at   82  1
       a = 18.750      CL =  1.6593
      Cm = -0.0389     CD =  0.07030   =>   CDf =  0.00561    CDp =  0.06469

 Side 1  free  transition at x/c =  0.2159   64
 Side 2 forced transition at x/c =  1.0000   57

   5   rms: 0.5334E-04   max: 0.4214E-03   C at   57  2
       a = 18.750      CL =  1.6593
      Cm = -0.0389     CD =  0.07031   =>   CDf =  0.00561    CDp =  0.06470
 plradd ia,ip,cpol           10           0  4.14516181E-02

 Point added to stored polar  1
 Point written to save file  goe522_Re400k.ext.pol                           
 Dump file unspecified or not available
 Calculating wake trajectory ...
 Calculating source influence matrix ...

 Solving BL system ...

 Side 1  free  transition at x/c =  0.2158   64
 Side 2 forced transition at x/c =  1.0000   57

   1   rms: 0.5267E-01   max: 0.1758E+00   T at   64  1   RLX: 0.338
       a = 19.250      CL =  1.6691
      Cm = -0.0388     CD =  0.07103   =>   CDf =  0.00536    CDp =  0.06567

 Side 1  free  transition at x/c =  0.2145   65
 Side 2 forced transition at x/c =  1.0000   56

   2   rms: 0.4255E-01   max: 0.1211E+00   T at   65  1
       a = 19.250      CL =  1.6992
      Cm = -0.0382     CD =  0.07069   =>   CDf =  0.00563    CDp =  0.06506

 Side 1  free  transition at x/c =  0.2116   64
 Side 2 forced transition at x/c =  1.0000   56

   3   rms: 0.2068E-01   max: 0.9864E-01   D at   83  1
       a = 19.250      CL =  1.6805
      Cm = -0.0386     CD =  0.07338   =>   CDf =  0.00561    CDp =  0.06776

 Side 1  free  transition at x/c =  0.2119   64
 Side 2 forced transition at x/c =  1.0000   56

   4   rms: 0.1206E-02   max: -.1212E-01   C at   56  2
       a = 19.250      CL =  1.6806
      Cm = -0.0384     CD =  0.07291   =>   CDf =  0.00555    CDp =  0.06735

 Side 1  free  transition at x/c =  0.2119   64
 Side 2 forced transition at x/c =  1.0000   56

   5   rms: 0.1012E-03   max: 0.1015E-02   C at   56  2
       a = 19.250      CL =  1.6807
      Cm = -0.0385     CD =  0.07293   =>   CDf =  0.00556    CDp =  0.06737

 Side 1  free  transition at x/c =  0.2119   64
 Side 2 forced transition at x/c =  1.0000   56

   6   rms: 0.2484E-05   max: 0.1959E-04   C at   56  2
       a = 19.250      CL =  1.6807
      Cm = -0.0385     CD =  0.07293   =>   CDf =  0.00556    CDp =  0.06737
 plradd ia,ip,cpol           11           0  6.67280192E-03

 Point added to stored polar  1
 Point written to save file  goe522_Re400k.ext.pol                           
 Dump file unspecified or not available
 Calculating wake trajectory ...
 Calculating source influence matrix ...

 Solving BL system ...

 Side 1  free  transition at x/c =  0.2119   64
 Side 2 forced transition at x/c =  1.0000   56

   1   rms: 0.5636E-01   max: 0.2831E+00   D at   81  1   RLX: 0.321
       a = 19.750      CL =  1.6772
      Cm = -0.0388     CD =  0.07553   =>   CDf =  0.00557    CDp =  0.06996

 Side 1  free  transition at x/c =  0.2108   64
 Side 2 forced transition at x/c =  1.0000   56

   2   rms: 0.4193E-01   max: 0.2238E+00   D at   81  1
       a = 19.750      CL =  1.6634
      Cm = -0.0395     CD =  0.08164   =>   CDf =  0.00546    CDp =  0.07617

 Side 1  free  transition at x/c =  0.2075   64
 Side 2 forced transition at x/c =  1.0000   56

   3   rms: 0.5240E-02   max: -.3855E-01   D at   82  1
       a = 19.750      CL =  1.6627
      Cm = -0.0389     CD =  0.08031   =>   CDf =  0.00527    CDp =  0.07503

 Side 1  free  transition at x/c =  0.2078   64
 Side 2 forced transition at x/c =  1.0000   56

   4   rms: 0.8820E-03   max: 0.3637E-02   C at   56  2
       a = 19.750      CL =  1.6635
      Cm = -0.0390     CD =  0.08033   =>   CDf =  0.00528    CDp =  0.07505

 Side 1  free  transition at x/c =  0.2078   64
 Side 2 forced transition at x/c =  1.0000   56

   5   rms: 0.6532E-04   max: 0.5129E-03   C at   56  2
       a = 19.750      CL =  1.6636
      Cm = -0.0390     CD =  0.08034   =>   CDf =  0.00528    CDp =  0.07507
 plradd ia,ip,cpol           12           0  6.67280192E-03

 Point added to stored polar  1
 Point written to save file  goe522_Re400k.ext.pol                           
 Dump file unspecified or not available
 Calculating wake trajectory ...
 Calculating source influence matrix ...

 Solving BL system ...

 Side 1  free  transition at x/c =  0.2078   64
 Side 2 forced transition at x/c =  1.0000   56

   1   rms: 0.5173E-01   max: 0.2439E+00   D at   79  1   RLX: 0.308
       a = 20.250      CL =  1.6623
      Cm = -0.0393     CD =  0.08264   =>   CDf =  0.00529    CDp =  0.07735

 Side 1  free  transition at x/c =  0.2063   64
 Side 2 forced transition at x/c =  1.0000   56

   2   rms: 0.3357E-01   max: 0.1350E+00   D at   79  1
       a = 20.250      CL =  1.6650
      Cm = -0.0399     CD =  0.08658   =>   CDf =  0.00496    CDp =  0.08162

 Side 1  free  transition at x/c =  0.2035   65
 Side 2 forced transition at x/c =  1.0000   55

   3   rms: 0.2852E-02   max: -.2273E-01   C at   55  2
       a = 20.250      CL =  1.6648
      Cm = -0.0394     CD =  0.08555   =>   CDf =  0.00514    CDp =  0.08041

 Side 1  free  transition at x/c =  0.2035   65
 Side 2 forced transition at x/c =  1.0000   55

   4   rms: 0.5033E-03   max: -.4577E-02   D at    4  1
       a = 20.250      CL =  1.6652
      Cm = -0.0395     CD =  0.08558   =>   CDf =  0.00515    CDp =  0.08044

 Side 1  free  transition at x/c =  0.2035   65
 Side 2 forced transition at x/c =  1.0000   55

   5   rms: 0.2473E-04   max: 0.1723E-03   C at   55  2
       a = 20.250      CL =  1.6652
      Cm = -0.0395     CD =  0.08559   =>   CDf =  0.00515    CDp =  0.08044
 plradd ia,ip,cpol           13           0  6.67280192E-03

 Point added to stored polar  1
 Point written to save file  goe522_Re400k.ext.pol                           
 Dump file unspecified or not available
 Calculating wake trajectory ...
 Calculating source influence matrix ...

 Solving BL system ...

 Side 1  free  transition at x/c =  0.2035   65
 Side 2 forced transition at x/c =  1.0000   55

   1   rms: 0.4855E-01   max: 0.1726E+00   D at   80  1   RLX: 0.299
       a = 20.750      CL =  1.6675
      Cm = -0.0398     CD =  0.08727   =>   CDf =  0.00516    CDp =  0.08212

 Side 1  free  transition at x/c =  0.2022   65
 Side 2 forced transition at x/c =  1.0000   55

   2   rms: 0.3371E-01   max: 0.9896E-01   D at   79  1
       a = 20.750      CL =  1.6766
      Cm = -0.0402     CD =  0.09034   =>   CDf =  0.00514    CDp =  0.08520

 Side 1  free  transition at x/c =  0.1992   65
 Side 2 forced transition at x/c =  1.0000   55

   3   rms: 0.1135E-01   max: -.7032E-01   D at   81  1
       a = 20.750      CL =  1.6843
      Cm = -0.0394     CD =  0.08803   =>   CDf =  0.00512    CDp =  0.08290

 Side 1  free  transition at x/c =  0.1989   65
 Side 2 forced transition at x/c =  1.0000   55

   4   rms: 0.1789E-02   max: 0.1086E-01   C at   55  2
       a = 20.750      CL =  1.6861
      Cm = -0.0395     CD =  0.08823   =>   CDf =  0.00517    CDp =  0.08306

 Side 1  free  transition at x/c =  0.1989   65
 Side 2 forced transition at x/c =  1.0000   55

   5   rms: 0.1429E-03   max: 0.1001E-02   C at   55  2
       a = 20.750      CL =  1.6862
      Cm = -0.0396     CD =  0.08825   =>   CDf =  0.00517    CDp =  0.08308

 Side 1  free  transition at x/c =  0.1989   65
 Side 2 forced transition at x/c =  1.0000   55

   6   rms: 0.1015E-04   max: 0.6160E-04   C at   55  2
       a = 20.750      CL =  1.6862
      Cm = -0.0396     CD =  0.08826   =>   CDf =  0.00517    CDp =  0.08308
 plradd ia,ip,cpol           14           0  6.67280192E-03

 Point added to stored polar  1
 Point written to save file  goe522_Re400k.ext.pol                           
 Dump file unspecified or not available
 Calculating wake trajectory ...
 Calculating source influence matrix ...

 Solving BL system ...

 Side 1  free  transition at x/c =  0.1989   65
 Side 2 forced transition at x/c =  1.0000   55

   1   rms: 0.6564E-01   max: 0.1867E+00   T at   65  1   RLX: 0.300
       a = 21.250      CL =  1.7005
      Cm = -0.0393     CD =  0.08786   =>   CDf =  0.00518    CDp =  0.08267

 Side 1  free  transition at x/c =  0.1975   64
 Side 2 forced transition at x/c =  1.0000   55

   2   rms: 0.5753E-01   max: 0.3271E+00   D at   80  1
       a = 21.250      CL =  1.6680
      Cm = -0.0417     CD =  0.09830   =>   CDf =  0.00491    CDp =  0.09339

 Side 1  free  transition at x/c =  0.1950   65
 Side 2 forced transition at x/c =  1.0000   54

   3   rms: 0.7265E-02   max: 0.9600E-01   D at   81  1
       a = 21.250      CL =  1.6666
      Cm = -0.0407     CD =  0.09598   =>   CDf =  0.00489    CDp =  0.09109

 Side 1  free  transition at x/c =  0.1950   65
 Side 2 forced transition at x/c =  1.0000   54

   4   rms: 0.1785E-02   max: -.9588E-02   D at   81  1
       a = 21.250      CL =  1.6681
      Cm = -0.0407     CD =  0.09592   =>   CDf =  0.00489    CDp =  0.09102

 Side 1  free  transition at x/c =  0.1949   65
 Side 2 forced transition at x/c =  1.0000   54

   5   rms: 0.1429E-03   max: 0.1135E-02   C at   54  2
       a = 21.250      CL =  1.6683
      Cm = -0.0407     CD =  0.09595   =>   CDf =  0.00490    CDp =  0.09105

 Side 1  free  transition at x/c =  0.1949   65
 Side 2 forced transition at x/c =  1.0000   54

   6   rms: 0.6653E-05   max: 0.5556E-04   C at   54  2
       a = 21.250      CL =  1.6683
      Cm = -0.0407     CD =  0.09595   =>   CDf =  0.00490    CDp =  0.09106
 plradd ia,ip,cpol           15           0  6.67280192E-03

 Point added to stored polar  1
 Point written to save file  goe522_Re400k.ext.pol                           
 Dump file unspecified or not available
 Calculating wake trajectory ...
 Calculating source influence matrix ...

 Solving BL system ...

 Side 1  free  transition at x/c =  0.1949   65
 Side 2 forced transition at x/c =  1.0000   54

   1   rms: 0.5811E-01   max: 0.3291E+00   D at   79  1   RLX: 0.276
       a = 21.750      CL =  1.6628
      Cm = -0.0415     CD =  0.09885   =>   CDf =  0.00491    CDp =  0.09394

 Side 1  free  transition at x/c =  0.1935   65
 Side 2 forced transition at x/c =  1.0000   54

   2   rms: 0.4272E-01   max: 0.2417E+00   D at   79  1
       a = 21.750      CL =  1.6477
      Cm = -0.0432     CD =  0.10623   =>   CDf =  0.00483    CDp =  0.10140

 Side 1  free  transition at x/c =  0.1896   65
 Side 2 forced transition at x/c =  1.0000   54

   3   rms: 0.9966E-02   max: -.6336E-01   D at   80  1
       a = 21.750      CL =  1.6526
      Cm = -0.0422     CD =  0.10316   =>   CDf =  0.00467    CDp =  0.09849

 Side 1  free  transition at x/c =  0.1899   65
 Side 2 forced transition at x/c =  1.0000   54

   4   rms: 0.1457E-02   max: 0.8927E-02   C at   54  2
       a = 21.750      CL =  1.6540
      Cm = -0.0423     CD =  0.10335   =>   CDf =  0.00469    CDp =  0.09866

 Side 1  free  transition at x/c =  0.1899   65
 Side 2 forced transition at x/c =  1.0000   54

   5   rms: 0.1116E-03   max: 0.8502E-03   C at   54  2
       a = 21.750      CL =  1.6541
      Cm = -0.0423     CD =  0.10338   =>   CDf =  0.00469    CDp =  0.09869

 Side 1  free  transition at x/c =  0.1899   65
 Side 2 forced transition at x/c =  1.0000   54

   6   rms: 0.5892E-05   max: 0.4686E-04   C at   54  2
       a = 21.750      CL =  1.6541
      Cm = -0.0423     CD =  0.10338   =>   CDf =  0.00469    CDp =  0.09869
 plradd ia,ip,cpol           16           0  6.67280192E-03

 Point added to stored polar  1
 Point written to save file  goe522_Re400k.ext.pol                           
 Dump file unspecified or not available
 Calculating wake trajectory ...
 Calculating source influence matrix ...

 Solving BL system ...

 Side 1  free  transition at x/c =  0.1899   65
 Side 2 forced transition at x/c =  1.0000   54

   1   rms: 0.4721E-01   max: 0.1912E+00   D at   78  1   RLX: 0.269
       a = 22.250      CL =  1.6552
      Cm = -0.0429     CD =  0.10518   =>   CDf =  0.00470    CDp =  0.10048

 Side 1  free  transition at x/c =  0.1885   65
 Side 2 forced transition at x/c =  1.0000   54

   2   rms: 0.3470E-01   max: 0.1427E+00   D at   78  1
       a = 22.250      CL =  1.6575
      Cm = -0.0442     CD =  0.10991   =>   CDf =  0.00468    CDp =  0.10523

 Side 1  free  transition at x/c =  0.1844   65
 Side 2 forced transition at x/c =  1.0000   54

   3   rms: 0.1480E-01   max: -.9933E-01   D at   79  1
       a = 22.250      CL =  1.6654
      Cm = -0.0430     CD =  0.10663   =>   CDf =  0.00468    CDp =  0.10195

 Side 1  free  transition at x/c =  0.1846   65
 Side 2 forced transition at x/c =  1.0000   54

   4   rms: 0.3708E-02   max: 0.1577E-01   C at   54  2
       a = 22.250      CL =  1.6689
      Cm = -0.0432     CD =  0.10678   =>   CDf =  0.00471    CDp =  0.10207

 Side 1  free  transition at x/c =  0.1846   65
 Side 2 forced transition at x/c =  1.0000   54

   5   rms: 0.4843E-03   max: 0.2793E-02   C at   54  2
       a = 22.250      CL =  1.6694
      Cm = -0.0432     CD =  0.10684   =>   CDf =  0.00472    CDp =  0.10212

 Side 1  free  transition at x/c =  0.1846   65
 Side 2 forced transition at x/c =  1.0000   54

   6   rms: 0.5108E-04   max: 0.3356E-03   C at   54  2
       a = 22.250      CL =  1.6694
      Cm = -0.0432     CD =  0.10685   =>   CDf =  0.00472    CDp =  0.10213
 plradd ia,ip,cpol           17           0  5.18587697E-03

 Point added to stored polar  1
 Point written to save file  goe522_Re400k.ext.pol                           
 Dump file unspecified or not available

.OPERva   c>  
 Polar accumulation disabled

.OPERv   c>  
 XFOIL   c>  
 XFOIL   c>  