
 ===================================================
  XFOIL Version 6.99
  Copyright (C) 2000   Mark Drela, Harold Youngren

  This software comes with ABSOLUTELY NO WARRANTY,
    subject to the GNU General Public License.

  Caveat computor
 ===================================================

 File  xfoil.def  not found

   QUIT    Exit program

  .OPER    Direct operating point(s)
  .MDES    Complex mapping design routine
  .QDES    Surface speed design routine
  .GDES    Geometry design routine

   SAVE f  Write airfoil to labeled coordinate file
   PSAV f  Write airfoil to plain coordinate file
   ISAV f  Write airfoil to ISES coordinate file
   MSAV f  Write airfoil to MSES coordinate file
   REVE    Reverse written-airfoil node ordering

   LOAD f  Read buffer airfoil from coordinate file
   NACA i  Set NACA 4,5-digit airfoil and buffer airfoil
   INTE    Set buffer airfoil by interpolating two airfoils
   NORM    Buffer airfoil normalization toggle
   XYCM rr Change CM reference location, currently  0.25000 0.00000

   BEND    Display structural properties of current airfoil

   PCOP    Set current-airfoil panel nodes directly from buffer airfoil points
   PANE    Set current-airfoil panel nodes ( 160 ) based on curvature
  .PPAR    Show/change paneling

  .PLOP    Plotting options

   WDEF f  Write  current-settings file
   RDEF f  Reread current-settings file
   NAME s  Specify new airfoil name
   NINC    Increment name version number

   Z       Zoom    | (available in all menus)
   U       Unzoom  | 

 XFOIL   c>  
 Labeled airfoil file.  Name:  GOE 567 AIRFOIL                                 

 Number of input coordinate points:  33
 Counterclockwise ordering
 Max thickness =     0.147851  at x =   0.294
 Max camber    =     0.051657  at x =   0.501

  LE  x,y  =  -0.00012   0.00182  |   Chord =   1.00012
  TE  x,y  =   1.00000   0.00000  |

 Current airfoil nodes set from buffer airfoil nodes (  33 )

 WARNING: Poor input coordinate distribution
          Excessive panel angle   63.3  at i =  17
          Repaneling with PANE and/or PPAR suggested
           (doing GDES,CADD before repaneling _may_
            improve excessively coarse LE spacing

 XFOIL   c>  
 XFOIL   c>  
 Sharp trailing edge

 Paneling parameters used...
   Number of panel nodes       160
   Panel bunching parameter    1.000
   TE/LE panel density ratio   0.150
   Refined-area/LE panel density ratio    0.200
   Top    side refined area x/c limits  1.000 1.000
   Bottom side refined area x/c limits  1.000 1.000

 XFOIL   c>  
.OPERi   c>  
 Xtr/c     =  1.0000    top    side
 Xtr/c     =  1.0000    bottom side
 Ncrit     =    9.00   ( 0.070 % turb. level )
 Vacc      =  0.0100

 Klag  =  5.6000     Uxwt  =    1.00
 A     =  6.7000     B     =  0.7500       KCt = 0.01485
 CtiniK=  1.8000     CtiniX=  3.3000

..VPAR   c>  
..VPAR   c>  
.OPERi   c>  
 M  =    0.0000
 Re =    400000

.OPERv   c>  
.OPERv   c>  
.OPERv   c>  
 Polar  1 newly created for accumulation
 Airfoil archived with polar: GOE 567 AIRFOIL                                 

Enter  polar save filename  OR  <return> for no file   s>  
 New polar save file available

Enter  polar dump filename  OR  <return> for no file   s>  
 Polar dump file will NOT be written

 Polar accumulation enabled

.OPERva   c>   Calculating unit vorticity distributions ...
 Calculating wake trajectory ...
 Calculating source influence matrix ...

 Solving BL system ...

 Initializing BL ...
    side            1  ...
 MRCHUE: Inverse mode at  51     Hk =   4.149
 MRCHUE: Inverse mode at  52     Hk =   4.809
 MRCHUE: Inverse mode at  53     Hk =   5.460
 MRCHUE: Inverse mode at  54     Hk =   6.104
 MRCHUE: Inverse mode at  55     Hk =   6.746
 MRCHUE: Inverse mode at  56     Hk =   7.386
 MRCHUE: Inverse mode at  57     Hk =   8.026
 MRCHUE: Inverse mode at  58     Hk =   8.356
 MRCHUE: Inverse mode at  59     Hk =   5.320
 MRCHUE: Inverse mode at  60     Hk =   3.658
 MRCHUE: Inverse mode at  61     Hk =   2.515
    side            2  ...
 MRCHUE: Inverse mode at  26     Hk =   4.088
 MRCHUE: Inverse mode at  27     Hk =   5.272
 MRCHUE: Inverse mode at  28     Hk =   6.539
 MRCHUE: Inverse mode at  29     Hk =   7.890
 MRCHUE: Inverse mode at  30     Hk =   9.264
 MRCHUE: Inverse mode at  31     Hk =   7.598
 MRCHUE: Inverse mode at  32     Hk =   2.727

 Side 1  free  transition at x/c =  0.7078   58
 Side 2  free  transition at x/c =  0.1117   31

   1   rms: 0.1294E+00   max: -.9708E+00   D at   61  1   RLX: 0.515
       a = -4.000      CL =  0.2116
      Cm = -0.1536     CD =  0.01288   =>   CDf =  0.00723    CDp =  0.00565

 MRCHDU: Convergence failed at  60  side 1    Res =  0.3526E+01
 MRCHDU: Convergence failed at  61  side 1    Res =  0.6915E+01
 Side 1  free  transition at x/c =  0.7242   59
 Side 2  free  transition at x/c =  0.1118   31

   2   rms: 0.6036E-01   max: 0.4289E+00   T at   61  1
       a = -4.000      CL =  0.1958
      Cm = -0.1475     CD =  0.01161   =>   CDf =  0.00705    CDp =  0.00456

 Side 1  free  transition at x/c =  0.7200   59
 Side 2  free  transition at x/c =  0.1115   31

   3   rms: 0.1770E-01   max: -.3229E+00   D at   60  1
       a = -4.000      CL =  0.1872
      Cm = -0.1455     CD =  0.01155   =>   CDf =  0.00717    CDp =  0.00438

 Side 1  free  transition at x/c =  0.7244   59
 Side 2  free  transition at x/c =  0.1107   31

   4   rms: 0.2240E-02   max: 0.3270E-01   D at   61  1
       a = -4.000      CL =  0.1882
      Cm = -0.1457     CD =  0.01151   =>   CDf =  0.00716    CDp =  0.00435

 Side 1  free  transition at x/c =  0.7245   59
 Side 2  free  transition at x/c =  0.1107   31

   5   rms: 0.3918E-04   max: -.5014E-03   D at   61  1
       a = -4.000      CL =  0.1882
      Cm = -0.1457     CD =  0.01151   =>   CDf =  0.00716    CDp =  0.00436
 plradd ia,ip,cpol            1           0  2.55829860E-02

 Point added to stored polar  1
 Point written to save file  goe567_Re400k.base.pol                          
 Dump file unspecified or not available
 Calculating wake trajectory ...
 Calculating source influence matrix ...

 Solving BL system ...

 Side 1  free  transition at x/c =  0.7244   59
 Side 2  free  transition at x/c =  0.1107   31

   1   rms: 0.8080E-01   max: -.2983E+00   T at   31  2
       a = -3.500      CL =  0.2424
      Cm = -0.1453     CD =  0.01113   =>   CDf =  0.00716    CDp =  0.00397

 Side 1  free  transition at x/c =  0.7105   59
 Side 2  free  transition at x/c =  0.1186   32

   2   rms: 0.2053E-01   max: -.1814E+00   D at   59  1
       a = -3.500      CL =  0.2432
      Cm = -0.1454     CD =  0.01111   =>   CDf =  0.00727    CDp =  0.00384

 Side 1  free  transition at x/c =  0.7129   59
 Side 2  free  transition at x/c =  0.1206   32

   3   rms: 0.2314E-02   max: 0.2003E-01   T at   32  2
       a = -3.500      CL =  0.2434
      Cm = -0.1455     CD =  0.01114   =>   CDf =  0.00719    CDp =  0.00395

 Side 1  free  transition at x/c =  0.7126   59
 Side 2  free  transition at x/c =  0.1201   32

   4   rms: 0.2038E-04   max: -.2411E-03   D at   33  2
       a = -3.500      CL =  0.2434
      Cm = -0.1455     CD =  0.01114   =>   CDf =  0.00720    CDp =  0.00394
 plradd ia,ip,cpol            2           0  3.00795026E-02

 Point added to stored polar  1
 Point written to save file  goe567_Re400k.base.pol                          
 Dump file unspecified or not available
 Calculating wake trajectory ...
 Calculating source influence matrix ...

 Solving BL system ...

 Side 1  free  transition at x/c =  0.7126   59
 Side 2  free  transition at x/c =  0.1201   32

   1   rms: 0.9258E-01   max: -.3845E+00   T at   32  2
       a = -3.000      CL =  0.2993
      Cm = -0.1456     CD =  0.01074   =>   CDf =  0.00724    CDp =  0.00350

 Side 1  free  transition at x/c =  0.7033   59
 Side 2  free  transition at x/c =  0.1319   32

   2   rms: 0.4492E-01   max: -.3968E+00   D at   31  2
       a = -3.000      CL =  0.2984
      Cm = -0.1454     CD =  0.01064   =>   CDf =  0.00727    CDp =  0.00337

 Side 1  free  transition at x/c =  0.7010   59
 Side 2  free  transition at x/c =  0.1515   33

   3   rms: 0.2757E-01   max: 0.4602E+00   C at   33  2
       a = -3.000      CL =  0.2989
      Cm = -0.1454     CD =  0.01081   =>   CDf =  0.00711    CDp =  0.00370

 Side 1  free  transition at x/c =  0.7011   59
 Side 2  free  transition at x/c =  0.1407   32

   4   rms: 0.3674E-02   max: -.5081E-01   D at   33  2
       a = -3.000      CL =  0.2988
      Cm = -0.1454     CD =  0.01077   =>   CDf =  0.00715    CDp =  0.00362

 Side 1  free  transition at x/c =  0.7011   59
 Side 2  free  transition at x/c =  0.1401   32

   5   rms: 0.7156E-04   max: 0.1343E-02   C at   32  2
       a = -3.000      CL =  0.2988
      Cm = -0.1454     CD =  0.01077   =>   CDf =  0.00716    CDp =  0.00361
 plradd ia,ip,cpol            3           0  3.00795026E-02

 Point added to stored polar  1
 Point written to save file  goe567_Re400k.base.pol                          
 Dump file unspecified or not available
 Calculating wake trajectory ...
 Calculating source influence matrix ...

 Solving BL system ...

 Side 1  free  transition at x/c =  0.7011   59
 Side 2  free  transition at x/c =  0.1401   32

   1   rms: 0.1097E+00   max: -.1244E+01   C at   32  2   RLX: 0.402
       a = -2.500      CL =  0.3210
      Cm = -0.1454     CD =  0.01060   =>   CDf =  0.00716    CDp =  0.00343

 Side 1  free  transition at x/c =  0.6961   59
 Side 2  free  transition at x/c =  0.1584   33

   2   rms: 0.1178E+00   max: -.2254E+01   C at   33  2   RLX: 0.222
       a = -2.500      CL =  0.3285
      Cm = -0.1453     CD =  0.01054   =>   CDf =  0.00712    CDp =  0.00343

 Side 1  free  transition at x/c =  0.6948   59
 Side 2  free  transition at x/c =  0.1676   34

   3   rms: 0.1095E+00   max: -.1701E+01   C at   34  2   RLX: 0.294
       a = -2.500      CL =  0.3365
      Cm = -0.1454     CD =  0.01044   =>   CDf =  0.00712    CDp =  0.00331

 Side 1  free  transition at x/c =  0.6935   60
 Side 2  free  transition at x/c =  0.1795   34

   4   rms: 0.9631E-01   max: -.1123E+01   C at   34  2   RLX: 0.445
       a = -2.500      CL =  0.3449
      Cm = -0.1455     CD =  0.01031   =>   CDf =  0.00709    CDp =  0.00322

 Side 1  free  transition at x/c =  0.6921   60
 Side 2  free  transition at x/c =  0.2018   35

   5   rms: 0.6172E-01   max: -.1135E+01   C at   35  2   RLX: 0.441
       a = -2.500      CL =  0.3495
      Cm = -0.1456     CD =  0.01031   =>   CDf =  0.00701    CDp =  0.00330

 Side 1  free  transition at x/c =  0.6914   59
 Side 2  free  transition at x/c =  0.2133   36

   6   rms: 0.4358E-01   max: -.6589E+00   C at   36  2   RLX: 0.759
       a = -2.500      CL =  0.3531
      Cm = -0.1456     CD =  0.01019   =>   CDf =  0.00698    CDp =  0.00321

 Side 1  free  transition at x/c =  0.6904   59
 Side 2  free  transition at x/c =  0.2273   36

   7   rms: 0.1139E-01   max: -.1898E+00   C at   36  2
       a = -2.500      CL =  0.3544
      Cm = -0.1456     CD =  0.01028   =>   CDf =  0.00695    CDp =  0.00333

 Side 1  free  transition at x/c =  0.6900   59
 Side 2  free  transition at x/c =  0.2429   37

   8   rms: 0.8264E-02   max: -.1602E+00   C at   37  2
       a = -2.500      CL =  0.3542
      Cm = -0.1456     CD =  0.01021   =>   CDf =  0.00687    CDp =  0.00333

 Side 1  free  transition at x/c =  0.6900   59
 Side 2  free  transition at x/c =  0.2407   37

   9   rms: 0.1669E-03   max: -.2536E-02   C at   37  2
       a = -2.500      CL =  0.3542
      Cm = -0.1456     CD =  0.01021   =>   CDf =  0.00686    CDp =  0.00336

 Side 1  free  transition at x/c =  0.6900   59
 Side 2  free  transition at x/c =  0.2407   37

  10   rms: 0.9057E-06   max: 0.6690E-05   C at   37  2
       a = -2.500      CL =  0.3542
      Cm = -0.1456     CD =  0.01021   =>   CDf =  0.00686    CDp =  0.00336
 plradd ia,ip,cpol            4           0  3.51544581E-02

 Point added to stored polar  1
 Point written to save file  goe567_Re400k.base.pol                          
 Dump file unspecified or not available
 Calculating wake trajectory ...
 Calculating source influence matrix ...

 Solving BL system ...

 Side 1  free  transition at x/c =  0.6900   59
 Side 2  free  transition at x/c =  0.2407   37

   1   rms: 0.1277E+00   max: -.1893E+01   C at   37  2   RLX: 0.264
       a = -2.000      CL =  0.3684
      Cm = -0.1455     CD =  0.01013   =>   CDf =  0.00686    CDp =  0.00327

 Side 1  free  transition at x/c =  0.6863   59
 Side 2  free  transition at x/c =  0.2644   39

   2   rms: 0.9947E-01   max: -.1307E+01   C at   39  2   RLX: 0.383
       a = -2.000      CL =  0.3834
      Cm = -0.1454     CD =  0.01002   =>   CDf =  0.00678    CDp =  0.00323

 Side 1  free  transition at x/c =  0.6822   59
 Side 2  free  transition at x/c =  0.2772   39

   3   rms: 0.4044E-01   max: -.2463E+00   T at   39  2
       a = -2.000      CL =  0.4094
      Cm = -0.1453     CD =  0.01011   =>   CDf =  0.00682    CDp =  0.00329

 Side 1  free  transition at x/c =  0.6762   60
 Side 2  free  transition at x/c =  0.3241   41

   4   rms: 0.1893E-01   max: -.2890E+00   C at   41  2
       a = -2.000      CL =  0.4089
      Cm = -0.1454     CD =  0.00994   =>   CDf =  0.00673    CDp =  0.00321

 Side 1  free  transition at x/c =  0.6769   60
 Side 2  free  transition at x/c =  0.3101   40

   5   rms: 0.4643E-02   max: -.5788E-01   C at   40  2
       a = -2.000      CL =  0.4092
      Cm = -0.1454     CD =  0.01000   =>   CDf =  0.00673    CDp =  0.00327

 Side 1  free  transition at x/c =  0.6769   60
 Side 2  free  transition at x/c =  0.3109   40

   6   rms: 0.1656E-03   max: -.2798E-02   D at   42  2
       a = -2.000      CL =  0.4092
      Cm = -0.1454     CD =  0.01000   =>   CDf =  0.00672    CDp =  0.00328

 Side 1  free  transition at x/c =  0.6769   60
 Side 2  free  transition at x/c =  0.3109   40

   7   rms: 0.9537E-06   max: 0.9876E-05   D at    4  1
       a = -2.000      CL =  0.4092
      Cm = -0.1454     CD =  0.01000   =>   CDf =  0.00672    CDp =  0.00328
 plradd ia,ip,cpol            5           0  3.51544581E-02

 Point added to stored polar  1
 Point written to save file  goe567_Re400k.base.pol                          
 Dump file unspecified or not available
 Calculating wake trajectory ...
 Calculating source influence matrix ...

 Solving BL system ...

 Side 1  free  transition at x/c =  0.6769   60
 Side 2  free  transition at x/c =  0.3109   40

   1   rms: 0.8620E-01   max: 0.3081E+00   D at   40  2
       a = -1.500      CL =  0.4661
      Cm = -0.1453     CD =  0.01012   =>   CDf =  0.00673    CDp =  0.00339

 MRCHDU: Convergence failed at  43  side 2    Res =  0.1721E+01
 Side 1  free  transition at x/c =  0.6651   59
 Side 2  free  transition at x/c =  0.3523   43

   2   rms: 0.1724E-01   max: -.1747E+00   D at   59  1
       a = -1.500      CL =  0.4640
      Cm = -0.1450     CD =  0.00991   =>   CDf =  0.00663    CDp =  0.00328

 Side 1  free  transition at x/c =  0.6629   59
 Side 2  free  transition at x/c =  0.3551   43

   3   rms: 0.1711E-02   max: 0.2064E-01   C at   43  2
       a = -1.500      CL =  0.4641
      Cm = -0.1450     CD =  0.00992   =>   CDf =  0.00666    CDp =  0.00327

 Side 1  free  transition at x/c =  0.6630   59
 Side 2  free  transition at x/c =  0.3543   43

   4   rms: 0.2140E-04   max: 0.2064E-03   D at   59  1
       a = -1.500      CL =  0.4641
      Cm = -0.1450     CD =  0.00992   =>   CDf =  0.00666    CDp =  0.00327
 plradd ia,ip,cpol            6           0  0.31749919    

 Point added to stored polar  1
 Point written to save file  goe567_Re400k.base.pol                          
 Dump file unspecified or not available
 Calculating wake trajectory ...
 Calculating source influence matrix ...

 Solving BL system ...

 Side 1  free  transition at x/c =  0.6630   59
 Side 2  free  transition at x/c =  0.3543   43

   1   rms: 0.8846E-01   max: -.4738E+00   C at   43  2
       a = -1.000      CL =  0.5194
      Cm = -0.1447     CD =  0.00993   =>   CDf =  0.00665    CDp =  0.00327

 Side 1  free  transition at x/c =  0.6521   59
 Side 2  free  transition at x/c =  0.3816   44

   2   rms: 0.1930E-01   max: -.1735E+00   C at   44  2
       a = -1.000      CL =  0.5190
      Cm = -0.1446     CD =  0.00989   =>   CDf =  0.00673    CDp =  0.00316

 Side 1  free  transition at x/c =  0.6494   59
 Side 2  free  transition at x/c =  0.3891   44

   3   rms: 0.3128E-02   max: -.4278E-01   D at   44  2
       a = -1.000      CL =  0.5193
      Cm = -0.1447     CD =  0.00993   =>   CDf =  0.00666    CDp =  0.00327

 Side 1  free  transition at x/c =  0.6496   59
 Side 2  free  transition at x/c =  0.3894   44

   4   rms: 0.7454E-04   max: 0.1109E-02   C at   44  2
       a = -1.000      CL =  0.5193
      Cm = -0.1447     CD =  0.00993   =>   CDf =  0.00665    CDp =  0.00328
 plradd ia,ip,cpol            7           0  0.30208650    

 Point added to stored polar  1
 Point written to save file  goe567_Re400k.base.pol                          
 Dump file unspecified or not available
 Calculating wake trajectory ...
 Calculating source influence matrix ...

 Solving BL system ...

 Side 1  free  transition at x/c =  0.6496   59
 Side 2  free  transition at x/c =  0.3894   44

   1   rms: 0.8322E-01   max: 0.3494E+00   D at   45  2
       a = -0.500      CL =  0.5744
      Cm = -0.1443     CD =  0.00995   =>   CDf =  0.00663    CDp =  0.00332

 Side 1  free  transition at x/c =  0.6375   59
 Side 2  free  transition at x/c =  0.4143   44

   2   rms: 0.8934E-02   max: -.7910E-01   D at   59  1
       a = -0.500      CL =  0.5748
      Cm = -0.1444     CD =  0.01002   =>   CDf =  0.00674    CDp =  0.00328

 Side 1  free  transition at x/c =  0.6378   59
 Side 2  free  transition at x/c =  0.4202   45

   3   rms: 0.3621E-02   max: 0.6204E-01   D at   45  2
       a = -0.500      CL =  0.5747
      Cm = -0.1444     CD =  0.01000   =>   CDf =  0.00666    CDp =  0.00333

 Side 1  free  transition at x/c =  0.6376   59
 Side 2  free  transition at x/c =  0.4192   45

   4   rms: 0.2176E-03   max: 0.2673E-02   C at   45  2
       a = -0.500      CL =  0.5747
      Cm = -0.1444     CD =  0.01000   =>   CDf =  0.00667    CDp =  0.00332

 Side 1  free  transition at x/c =  0.6376   59
 Side 2  free  transition at x/c =  0.4191   45

   5   rms: 0.8962E-06   max: -.8033E-05   D at   47  2
       a = -0.500      CL =  0.5747
      Cm = -0.1444     CD =  0.01000   =>   CDf =  0.00667    CDp =  0.00332
 plradd ia,ip,cpol            8           0  0.30208650    

 Point added to stored polar  1
 Point written to save file  goe567_Re400k.base.pol                          
 Dump file unspecified or not available
 Calculating wake trajectory ...
 Calculating source influence matrix ...

 Solving BL system ...

 Side 1  free  transition at x/c =  0.6376   59
 Side 2  free  transition at x/c =  0.4191   45

   1   rms: 0.8701E-01   max: 0.4802E+00   D at   46  2
       a =  0.000      CL =  0.6288
      Cm = -0.1439     CD =  0.00995   =>   CDf =  0.00665    CDp =  0.00331

 Side 1  free  transition at x/c =  0.6225   59
 Side 2  free  transition at x/c =  0.4336   45

   2   rms: 0.8179E-01   max: -.6333E+00   T at   45  2   RLX: 0.790
       a =  0.000      CL =  0.6294
      Cm = -0.1440     CD =  0.00994   =>   CDf =  0.00696    CDp =  0.00298

 Side 1  free  transition at x/c =  0.6244   59
 Side 2  free  transition at x/c =  0.4437   45

   3   rms: 0.2975E-01   max: -.3715E+00   D at   45  2
       a =  0.000      CL =  0.6300
      Cm = -0.1440     CD =  0.01008   =>   CDf =  0.00683    CDp =  0.00325

 Side 1  free  transition at x/c =  0.6248   60
 Side 2  free  transition at x/c =  0.4487   45

   4   rms: 0.6325E-02   max: 0.7043E-01   C at   45  2
       a =  0.000      CL =  0.6297
      Cm = -0.1440     CD =  0.01007   =>   CDf =  0.00672    CDp =  0.00335

 Side 1  free  transition at x/c =  0.6250   60
 Side 2  free  transition at x/c =  0.4459   45

   5   rms: 0.3398E-03   max: -.2764E-02   D at   47  2
       a =  0.000      CL =  0.6298
      Cm = -0.1440     CD =  0.01008   =>   CDf =  0.00670    CDp =  0.00337

 Side 1  free  transition at x/c =  0.6249   60
 Side 2  free  transition at x/c =  0.4459   45

   6   rms: 0.1996E-05   max: -.2269E-04   D at   61  1
       a =  0.000      CL =  0.6298
      Cm = -0.1440     CD =  0.01008   =>   CDf =  0.00670    CDp =  0.00337
 plradd ia,ip,cpol            9           0  0.30208650    

 Point added to stored polar  1
 Point written to save file  goe567_Re400k.base.pol                          
 Dump file unspecified or not available
 Calculating wake trajectory ...
 Calculating source influence matrix ...

 Solving BL system ...

 Side 1  free  transition at x/c =  0.6249   60
 Side 2  free  transition at x/c =  0.4459   45

   1   rms: 0.8168E-01   max: -.3231E+00   T at   45  2
       a =  0.500      CL =  0.6863
      Cm = -0.1439     CD =  0.01036   =>   CDf =  0.00667    CDp =  0.00369

 Side 1  free  transition at x/c =  0.6140   60
 Side 2  free  transition at x/c =  0.4737   46

   2   rms: 0.1725E-01   max: -.1886E+00   D at   60  1
       a =  0.500      CL =  0.6841
      Cm = -0.1435     CD =  0.01010   =>   CDf =  0.00665    CDp =  0.00345

 Side 1  free  transition at x/c =  0.6118   60
 Side 2  free  transition at x/c =  0.4712   46

   3   rms: 0.1152E-02   max: 0.1201E-01   C at   46  2
       a =  0.500      CL =  0.6843
      Cm = -0.1435     CD =  0.01013   =>   CDf =  0.00666    CDp =  0.00347

 Side 1  free  transition at x/c =  0.6118   60
 Side 2  free  transition at x/c =  0.4708   46

   4   rms: 0.1346E-04   max: -.2196E-03   D at   48  2
       a =  0.500      CL =  0.6843
      Cm = -0.1435     CD =  0.01014   =>   CDf =  0.00667    CDp =  0.00347
 plradd ia,ip,cpol           10           0  0.28661591    

 Point added to stored polar  1
 Point written to save file  goe567_Re400k.base.pol                          
 Dump file unspecified or not available
 Calculating wake trajectory ...
 Calculating source influence matrix ...

 Solving BL system ...

 Side 1  free  transition at x/c =  0.6118   60
 Side 2  free  transition at x/c =  0.4708   46

   1   rms: 0.8655E-01   max: 0.4350E+00   D at   47  2
       a =  1.000      CL =  0.7384
      Cm = -0.1430     CD =  0.01021   =>   CDf =  0.00667    CDp =  0.00354

 Side 1  free  transition at x/c =  0.5983   59
 Side 2  free  transition at x/c =  0.4866   47

   2   rms: 0.6285E-01   max: -.4788E+00   T at   47  2
       a =  1.000      CL =  0.7378
      Cm = -0.1430     CD =  0.00999   =>   CDf =  0.00684    CDp =  0.00314

 Side 1  free  transition at x/c =  0.5978   59
 Side 2  free  transition at x/c =  0.4979   47

   3   rms: 0.1829E-01   max: -.2205E+00   D at   47  2
       a =  1.000      CL =  0.7382
      Cm = -0.1430     CD =  0.01021   =>   CDf =  0.00669    CDp =  0.00352

 Side 1  free  transition at x/c =  0.5975   59
 Side 2  free  transition at x/c =  0.4960   47

   4   rms: 0.8388E-03   max: 0.9396E-02   C at   47  2
       a =  1.000      CL =  0.7382
      Cm = -0.1430     CD =  0.01022   =>   CDf =  0.00665    CDp =  0.00358

 Side 1  free  transition at x/c =  0.5975   59
 Side 2  free  transition at x/c =  0.4957   47

   5   rms: 0.7309E-05   max: -.1026E-03   D at   49  2
       a =  1.000      CL =  0.7382
      Cm = -0.1430     CD =  0.01022   =>   CDf =  0.00665    CDp =  0.00358
 plradd ia,ip,cpol           11           0  0.28661591    

 Point added to stored polar  1
 Point written to save file  goe567_Re400k.base.pol                          
 Dump file unspecified or not available
 Calculating wake trajectory ...
 Calculating source influence matrix ...

 Solving BL system ...

 Side 1  free  transition at x/c =  0.5975   59
 Side 2  free  transition at x/c =  0.4956   47

   1   rms: 0.8023E-01   max: -.3439E+00   T at   47  2
       a =  1.500      CL =  0.7921
      Cm = -0.1424     CD =  0.01036   =>   CDf =  0.00659    CDp =  0.00377

 Side 1  free  transition at x/c =  0.5868   59
 Side 2  free  transition at x/c =  0.5170   47

   2   rms: 0.1464E-01   max: -.1755E+00   D at   47  2
       a =  1.500      CL =  0.7924
      Cm = -0.1425     CD =  0.01035   =>   CDf =  0.00672    CDp =  0.00363

 Side 1  free  transition at x/c =  0.5845   59
 Side 2  free  transition at x/c =  0.5193   47

   3   rms: 0.1748E-02   max: 0.2280E-01   D at   48  2
       a =  1.500      CL =  0.7924
      Cm = -0.1425     CD =  0.01035   =>   CDf =  0.00666    CDp =  0.00369

 Side 1  free  transition at x/c =  0.5847   59
 Side 2  free  transition at x/c =  0.5185   47

   4   rms: 0.2011E-04   max: -.2149E-03   C at   47  2
       a =  1.500      CL =  0.7924
      Cm = -0.1425     CD =  0.01035   =>   CDf =  0.00666    CDp =  0.00370
 plradd ia,ip,cpol           12           0  0.27100870    

 Point added to stored polar  1
 Point written to save file  goe567_Re400k.base.pol                          
 Dump file unspecified or not available
 Calculating wake trajectory ...
 Calculating source influence matrix ...

 Solving BL system ...

 Side 1  free  transition at x/c =  0.5847   59
 Side 2  free  transition at x/c =  0.5185   47

   1   rms: 0.8068E-01   max: -.3981E+00   T at   47  2
       a =  2.000      CL =  0.8469
      Cm = -0.1421     CD =  0.01056   =>   CDf =  0.00659    CDp =  0.00398

 MRCHDU: Convergence failed at  48  side 2    Res =  0.2523E+01
 MRCHDU: Convergence failed at  49  side 2    Res =  0.2011E+01
 MRCHDU: Convergence failed at  50  side 2    Res =  0.4759E+01
 MRCHDU: Convergence failed at  51  side 2    Res =  0.1551E+02
 MRCHDU: Convergence failed at  52  side 2    Res =  0.9729E+02
 MRCHDU: Convergence failed at  53  side 2    Res =  0.8470E+02
 MRCHDU: Convergence failed at  54  side 2    Res =  0.9110E+02
 MRCHDU: Convergence failed at  55  side 2    Res =  0.1972E+04
 MRCHDU: Convergence failed at  56  side 2    Res =  0.5448E+02
 MRCHDU: Convergence failed at  57  side 2    Res =  0.2443E+02
 MRCHDU: Convergence failed at  58  side 2    Res =  0.1481E+02
 MRCHDU: Convergence failed at  59  side 2    Res =  0.1021E+02
 MRCHDU: Convergence failed at  60  side 2    Res =  0.7570E+01
 MRCHDU: Convergence failed at  61  side 2    Res =  0.5549E+01
 MRCHDU: Convergence failed at  62  side 2    Res =  0.4501E+01
 MRCHDU: Convergence failed at  63  side 2    Res =  0.3674E+01
 MRCHDU: Convergence failed at  64  side 2    Res =  0.3017E+01
 MRCHDU: Convergence failed at  65  side 2    Res =  0.2553E+01
 MRCHDU: Convergence failed at  66  side 2    Res =  0.2184E+01
 MRCHDU: Convergence failed at  67  side 2    Res =  0.1898E+01
 MRCHDU: Convergence failed at  68  side 2    Res =  0.1711E+01
 MRCHDU: Convergence failed at  69  side 2    Res =  0.1654E+01
 MRCHDU: Convergence failed at  70  side 2    Res =  0.1651E+01
 MRCHDU: Convergence failed at  71  side 2    Res =  0.1729E+01
 MRCHDU: Convergence failed at  72  side 2    Res =  0.1748E+01
 MRCHDU: Convergence failed at  73  side 2    Res =  0.1716E+01
 Side 1  free  transition at x/c =  0.5713   59
 Side 2  free  transition at x/c =  0.5473   48

   2   rms: 0.2141E+00   max: -.1120E+01   D at   67  2   RLX: 0.446
       a =  2.000      CL =  0.8291
      Cm = -0.1318     CD =  0.00959   =>   CDf =  0.00520    CDp =  0.00439

 Side 1  free  transition at x/c =  0.5716   59
 Side 2  free  transition at x/c =  0.5525   48

   3   rms: 0.4324E-01   max: -.4058E+00   D at   49  2
       a =  2.000      CL =  0.8457
      Cm = -0.1419     CD =  0.01043   =>   CDf =  0.00682    CDp =  0.00361

 Side 1  free  transition at x/c =  0.5725   59
 Side 2  free  transition at x/c =  0.5422   48

   4   rms: 0.3936E-02   max: 0.6431E-01   D at   50  2
       a =  2.000      CL =  0.8460
      Cm = -0.1419     CD =  0.01049   =>   CDf =  0.00663    CDp =  0.00386

 Side 1  free  transition at x/c =  0.5724   59
 Side 2  free  transition at x/c =  0.5428   48

   5   rms: 0.1676E-03   max: -.3632E-02   D at   50  2
       a =  2.000      CL =  0.8460
      Cm = -0.1419     CD =  0.01049   =>   CDf =  0.00663    CDp =  0.00386

 Side 1  free  transition at x/c =  0.5724   59
 Side 2  free  transition at x/c =  0.5427   48

   6   rms: 0.5422E-06   max: -.9428E-05   D at   50  2
       a =  2.000      CL =  0.8460
      Cm = -0.1419     CD =  0.01049   =>   CDf =  0.00663    CDp =  0.00386
 plradd ia,ip,cpol           13           0  0.27100870    

 Point added to stored polar  1
 Point written to save file  goe567_Re400k.base.pol                          
 Dump file unspecified or not available
 Calculating wake trajectory ...
 Calculating source influence matrix ...

 Solving BL system ...

 Side 1  free  transition at x/c =  0.5724   59
 Side 2  free  transition at x/c =  0.5427   48

   1   rms: 0.8104E-01   max: -.3638E+00   T at   48  2
       a =  2.500      CL =  0.8991
      Cm = -0.1413     CD =  0.01055   =>   CDf =  0.00655    CDp =  0.00401

 Side 1  free  transition at x/c =  0.5569   59
 Side 2  free  transition at x/c =  0.5595   48

   2   rms: 0.2276E-01   max: -.1673E+00   C at   48  2
       a =  2.500      CL =  0.8990
      Cm = -0.1413     CD =  0.01065   =>   CDf =  0.00673    CDp =  0.00391

 Side 1  free  transition at x/c =  0.5593   60
 Side 2  free  transition at x/c =  0.5663   48

   3   rms: 0.5612E-02   max: -.6341E-01   D at   59  1
       a =  2.500      CL =  0.8990
      Cm = -0.1413     CD =  0.01065   =>   CDf =  0.00669    CDp =  0.00396

 Side 1  free  transition at x/c =  0.5597   60
 Side 2  free  transition at x/c =  0.5661   48

   4   rms: 0.5918E-03   max: -.6776E-02   D at   61  1
       a =  2.500      CL =  0.8992
      Cm = -0.1413     CD =  0.01066   =>   CDf =  0.00663    CDp =  0.00403

 Side 1  free  transition at x/c =  0.5595   60
 Side 2  free  transition at x/c =  0.5661   48

   5   rms: 0.5627E-05   max: -.1015E-03   D at   61  1
       a =  2.500      CL =  0.8992
      Cm = -0.1413     CD =  0.01066   =>   CDf =  0.00663    CDp =  0.00403
 plradd ia,ip,cpol           14           0  0.25523385    

 Point added to stored polar  1
 Point written to save file  goe567_Re400k.base.pol                          
 Dump file unspecified or not available
 Calculating wake trajectory ...
 Calculating source influence matrix ...

 Solving BL system ...

 Side 1  free  transition at x/c =  0.5595   60
 Side 2  free  transition at x/c =  0.5661   48

   1   rms: 0.8214E-01   max: -.3465E+00   T at   48  2
       a =  3.000      CL =  0.9531
      Cm = -0.1409     CD =  0.01105   =>   CDf =  0.00654    CDp =  0.00451

 Side 1  free  transition at x/c =  0.5419   59
 Side 2  free  transition at x/c =  0.5899   49

   2   rms: 0.3379E-01   max: -.4420E+00   D at   60  1
       a =  3.000      CL =  0.9508
      Cm = -0.1403     CD =  0.01074   =>   CDf =  0.00665    CDp =  0.00408

 Side 1  free  transition at x/c =  0.5454   60
 Side 2  free  transition at x/c =  0.5909   49

   3   rms: 0.5108E-02   max: 0.4622E-01   D at   60  1
       a =  3.000      CL =  0.9507
      Cm = -0.1404     CD =  0.01080   =>   CDf =  0.00657    CDp =  0.00422

 Side 1  free  transition at x/c =  0.5435   60
 Side 2  free  transition at x/c =  0.5903   49

   4   rms: 0.3005E-03   max: -.4874E-02   D at   61  1
       a =  3.000      CL =  0.9507
      Cm = -0.1404     CD =  0.01080   =>   CDf =  0.00660    CDp =  0.00420

 Side 1  free  transition at x/c =  0.5434   60
 Side 2  free  transition at x/c =  0.5903   49

   5   rms: 0.2136E-05   max: -.3786E-04   D at   61  1
       a =  3.000      CL =  0.9507
      Cm = -0.1404     CD =  0.01080   =>   CDf =  0.00660    CDp =  0.00419
 plradd ia,ip,cpol           15           0  0.25523385    

 Point added to stored polar  1
 Point written to save file  goe567_Re400k.base.pol                          
 Dump file unspecified or not available
 Calculating wake trajectory ...
 Calculating source influence matrix ...

 Solving BL system ...

 Side 1  free  transition at x/c =  0.5434   60
 Side 2  free  transition at x/c =  0.5903   49

   1   rms: 0.8717E-01   max: -.3569E+00   T at   49  2
       a =  3.500      CL =  1.0021
      Cm = -0.1395     CD =  0.01110   =>   CDf =  0.00660    CDp =  0.00449

 Side 1  free  transition at x/c =  0.5318   59
 Side 2  free  transition at x/c =  0.6106   50

   2   rms: 0.2473E-01   max: -.2175E+00   C at   50  2
       a =  3.500      CL =  1.0021
      Cm = -0.1395     CD =  0.01086   =>   CDf =  0.00654    CDp =  0.00432

 Side 1  free  transition at x/c =  0.5291   59
 Side 2  free  transition at x/c =  0.6187   50

   3   rms: 0.2300E-02   max: -.2966E-01   C at   50  2
       a =  3.500      CL =  1.0022
      Cm = -0.1395     CD =  0.01093   =>   CDf =  0.00652    CDp =  0.00441

 Side 1  free  transition at x/c =  0.5291   59
 Side 2  free  transition at x/c =  0.6180   50

   4   rms: 0.4049E-04   max: -.6416E-03   D at   51  2
       a =  3.500      CL =  1.0022
      Cm = -0.1395     CD =  0.01093   =>   CDf =  0.00651    CDp =  0.00441
 plradd ia,ip,cpol           16           0  7.30383396E-02

 Point added to stored polar  1
 Point written to save file  goe567_Re400k.base.pol                          
 Dump file unspecified or not available
 Calculating wake trajectory ...
 Calculating source influence matrix ...

 Solving BL system ...

 Side 1  free  transition at x/c =  0.5291   59
 Side 2  free  transition at x/c =  0.6180   50

   1   rms: 0.8017E-01   max: -.3017E+00   T at   50  2
       a =  4.000      CL =  1.0540
      Cm = -0.1387     CD =  0.01124   =>   CDf =  0.00640    CDp =  0.00484

 Side 1  free  transition at x/c =  0.5157   59
 Side 2  free  transition at x/c =  0.6520   51

   2   rms: 0.1982E-01   max: -.2017E+00   D at   59  1
       a =  4.000      CL =  1.0528
      Cm = -0.1384     CD =  0.01101   =>   CDf =  0.00640    CDp =  0.00462

 Side 1  free  transition at x/c =  0.5158   59
 Side 2  free  transition at x/c =  0.6533   51

   3   rms: 0.2614E-02   max: 0.3626E-01   C at   51  2
       a =  4.000      CL =  1.0532
      Cm = -0.1385     CD =  0.01106   =>   CDf =  0.00637    CDp =  0.00469

 Side 1  free  transition at x/c =  0.5154   59
 Side 2  free  transition at x/c =  0.6526   51

   4   rms: 0.2694E-04   max: -.3350E-03   D at   53  2
       a =  4.000      CL =  1.0532
      Cm = -0.1385     CD =  0.01106   =>   CDf =  0.00639    CDp =  0.00467
 plradd ia,ip,cpol           17           0  7.30383396E-02

 Point added to stored polar  1
 Point written to save file  goe567_Re400k.base.pol                          
 Dump file unspecified or not available
 Calculating wake trajectory ...
 Calculating source influence matrix ...

 Solving BL system ...

 Side 1  free  transition at x/c =  0.5154   59
 Side 2  free  transition at x/c =  0.6526   51

   1   rms: 0.8255E-01   max: -.4544E+00   C at   51  2
       a =  4.500      CL =  1.1032
      Cm = -0.1374     CD =  0.01129   =>   CDf =  0.00626    CDp =  0.00503

 Side 1  free  transition at x/c =  0.4977   59
 Side 2  free  transition at x/c =  0.6924   53

   2   rms: 0.3953E-01   max: -.5699E+00   C at   53  2   RLX: 0.877
       a =  4.500      CL =  1.1009
      Cm = -0.1369     CD =  0.01113   =>   CDf =  0.00638    CDp =  0.00475

 Side 1  free  transition at x/c =  0.4999   59
 Side 2  free  transition at x/c =  0.7067   54

   3   rms: 0.1694E-01   max: -.3076E+00   C at   54  2
       a =  4.500      CL =  1.1015
      Cm = -0.1371     CD =  0.01110   =>   CDf =  0.00622    CDp =  0.00488

 Side 1  free  transition at x/c =  0.4992   59
 Side 2  free  transition at x/c =  0.7143   54

   4   rms: 0.1300E-02   max: 0.2278E-01   C at   54  2
       a =  4.500      CL =  1.1015
      Cm = -0.1371     CD =  0.01111   =>   CDf =  0.00617    CDp =  0.00494

 Side 1  free  transition at x/c =  0.4992   59
 Side 2  free  transition at x/c =  0.7136   54

   5   rms: 0.3163E-05   max: -.5043E-04   D at   57  2
       a =  4.500      CL =  1.1015
      Cm = -0.1371     CD =  0.01111   =>   CDf =  0.00617    CDp =  0.00494
 plradd ia,ip,cpol           18           0  7.30383396E-02

 Point added to stored polar  1
 Point written to save file  goe567_Re400k.base.pol                          
 Dump file unspecified or not available
 Calculating wake trajectory ...
 Calculating source influence matrix ...

 Solving BL system ...

 Side 1  free  transition at x/c =  0.4992   59
 Side 2  free  transition at x/c =  0.7136   54

   1   rms: 0.1637E+00   max: -.2763E+01   C at   54  2   RLX: 0.181
       a =  5.000      CL =  1.1095
      Cm = -0.1367     CD =  0.01110   =>   CDf =  0.00617    CDp =  0.00493

 Side 1  free  transition at x/c =  0.4960   59
 Side 2  free  transition at x/c =  0.7312   55

   2   rms: 0.2042E+00   max: -.3682E+01   C at   55  2   RLX: 0.136
       a =  5.000      CL =  1.1143
      Cm = -0.1365     CD =  0.01111   =>   CDf =  0.00614    CDp =  0.00497

 Side 1  free  transition at x/c =  0.4943   59
 Side 2  free  transition at x/c =  0.7426   56

   3   rms: 0.2144E+00   max: -.3958E+01   C at   56  2   RLX: 0.126
       a =  5.000      CL =  1.1181
      Cm = -0.1363     CD =  0.01113   =>   CDf =  0.00614    CDp =  0.00499

 Side 1  free  transition at x/c =  0.4930   58
 Side 2  free  transition at x/c =  0.7549   56

   4   rms: 0.1868E+00   max: -.3382E+01   C at   56  2   RLX: 0.148
       a =  5.000      CL =  1.1224
      Cm = -0.1362     CD =  0.01110   =>   CDf =  0.00611    CDp =  0.00499

 Side 1  free  transition at x/c =  0.4915   58
 Side 2  free  transition at x/c =  0.7841   58

   5   rms: 0.6692E+00   max: -.1126E+02   C at   58  2   RLX: 0.044
       a =  5.000      CL =  1.1226
      Cm = -0.1359     CD =  0.01099   =>   CDf =  0.00595    CDp =  0.00504

 Side 1  free  transition at x/c =  0.4912   58
 Side 2  free  transition at x/c =  0.8132   60

   6   rms: 0.1322E+01   max: -.2151E+02   C at   60  2   RLX: 0.023
       a =  5.000      CL =  1.1219
      Cm = -0.1356     CD =  0.01091   =>   CDf =  0.00586    CDp =  0.00505

 Side 1  free  transition at x/c =  0.4911   58
 Side 2  free  transition at x/c =  0.8323   61

   7   rms: 0.1781E+01   max: -.2777E+02   C at   61  2   RLX: 0.018
       a =  5.000      CL =  1.1213
      Cm = -0.1353     CD =  0.01087   =>   CDf =  0.00581    CDp =  0.00506

 Side 1  free  transition at x/c =  0.4911   58
 Side 2  free  transition at x/c =  0.8514   62

   8   rms: 0.2406E+01   max: -.3634E+02   C at   62  2   RLX: 0.014
       a =  5.000      CL =  1.1213
      Cm = -0.1352     CD =  0.01084   =>   CDf =  0.00578    CDp =  0.00506

 Side 1  free  transition at x/c =  0.4910   58
 Side 2  free  transition at x/c =  0.8708   63

   9   rms: 0.3952E+01   max: -.5666E+02   C at   63  2   RLX: 0.009
       a =  5.000      CL =  1.1221
      Cm = -0.1353     CD =  0.01081   =>   CDf =  0.00575    CDp =  0.00506

 Side 1  free  transition at x/c =  0.4909   58
 Side 2  free  transition at x/c =  0.8906   64

  10   rms: 0.6638E+01   max: -.9133E+02   C at   64  2   RLX: 0.005
       a =  5.000      CL =  1.1236
      Cm = -0.1356     CD =  0.01080   =>   CDf =  0.00573    CDp =  0.00507

 Side 1  free  transition at x/c =  0.4907   58
 Side 2  free  transition at x/c =  0.9125   66

  11   rms: 0.8584E+01   max: -.1216E+03   C at   66  2   RLX: 0.004
       a =  5.000      CL =  1.1257
      Cm = -0.1361     CD =  0.01079   =>   CDf =  0.00572    CDp =  0.00507

 Side 1  free  transition at x/c =  0.4905   58
 Side 2  free  transition at x/c =  0.9460   68

  12   rms: 0.2393E+02   max: -.3416E+03   C at   68  2   RLX: 0.001
       a =  5.000      CL =  1.1272
      Cm = -0.1364     CD =  0.01078   =>   CDf =  0.00571    CDp =  0.00507

 Side 1  free  transition at x/c =  0.4904   58
 Side 2  free  transition at x/c =  0.9645   69

  13   rms: 0.1169E+02   max: -.1714E+03   C at   69  2   RLX: 0.003
       a =  5.000      CL =  1.1272
      Cm = -0.1364     CD =  0.01078   =>   CDf =  0.00571    CDp =  0.00507

 Side 1  free  transition at x/c =  0.4904   58
 Side 2  free  transition at x/c =  0.9778   70

  14   rms: 0.1525E+02   max: -.2471E+03   C at   70  2   RLX: 0.002
       a =  5.000      CL =  1.1274
      Cm = -0.1364     CD =  0.01078   =>   CDf =  0.00571    CDp =  0.00507

 Side 1  free  transition at x/c =  0.4903   58
 Side 2  free  transition at x/c =  0.9886   71

  15   rms: 0.2497E+02   max: -.4831E+03   C at   71  2   RLX: 0.001
       a =  5.000      CL =  1.1277
      Cm = -0.1365     CD =  0.01078   =>   CDf =  0.00571    CDp =  0.00507

 Side 1  free  transition at x/c =  0.4903   58
 Side 2  free  transition at x/c =  0.9971   72

  16   rms: 0.4010E+01   max: 0.1085E+03   C at   72  2   RLX: 0.014
       a =  5.000      CL =  1.1240
      Cm = -0.1356     CD =  0.01078   =>   CDf =  0.00571    CDp =  0.00507

 Side 1  free  transition at x/c =  0.4905   58
 Side 2 forced transition at x/c =  1.0000   72

  17   rms: 0.5923E-01   max: -.4630E+00   n at   71  2
       a =  5.000      CL =  1.1496
      Cm = -0.1353     CD =  0.01087   =>   CDf =  0.00571    CDp =  0.00517

 Side 1  free  transition at x/c =  0.4825   58
 Side 2 forced transition at x/c =  1.0000   72

  18   rms: 0.6046E-02   max: 0.2865E-01   D at   51  2
       a =  5.000      CL =  1.1490
      Cm = -0.1352     CD =  0.01092   =>   CDf =  0.00575    CDp =  0.00517

 Side 1  free  transition at x/c =  0.4830   58
 Side 2 forced transition at x/c =  1.0000   72

  19   rms: 0.3208E-03   max: 0.1798E-02   D at   50  2
       a =  5.000      CL =  1.1490
      Cm = -0.1352     CD =  0.01092   =>   CDf =  0.00573    CDp =  0.00518

 Side 1  free  transition at x/c =  0.4830   58
 Side 2 forced transition at x/c =  1.0000   72

  20   rms: 0.1612E-05   max: 0.7576E-05   D at   50  2
       a =  5.000      CL =  1.1490
      Cm = -0.1352     CD =  0.01092   =>   CDf =  0.00573    CDp =  0.00519
 plradd ia,ip,cpol           19           0  7.30383396E-02

 Point added to stored polar  1
 Point written to save file  goe567_Re400k.base.pol                          
 Dump file unspecified or not available
 Calculating wake trajectory ...
 Calculating source influence matrix ...

 Solving BL system ...

 Side 1  free  transition at x/c =  0.4830   58
 Side 2 forced transition at x/c =  1.0000   72

   1   rms: 0.8359E-01   max: -.1996E+00   n at   64  2
       a =  5.500      CL =  1.1985
      Cm = -0.1341     CD =  0.01131   =>   CDf =  0.00562    CDp =  0.00568

 Side 1  free  transition at x/c =  0.4675   58
 Side 2 forced transition at x/c =  1.0000   71

   2   rms: 0.1269E-01   max: -.1227E+00   D at   58  1
       a =  5.500      CL =  1.1979
      Cm = -0.1340     CD =  0.01128   =>   CDf =  0.00581    CDp =  0.00546

 Side 1  free  transition at x/c =  0.4683   58
 Side 2 forced transition at x/c =  1.0000   71

   3   rms: 0.8647E-03   max: 0.6841E-02   C at   58  1
       a =  5.500      CL =  1.1982
      Cm = -0.1340     CD =  0.01128   =>   CDf =  0.00577    CDp =  0.00552

 Side 1  free  transition at x/c =  0.4681   58
 Side 2 forced transition at x/c =  1.0000   71

   4   rms: 0.3557E-05   max: -.2007E-04   D at   60  1
       a =  5.500      CL =  1.1982
      Cm = -0.1340     CD =  0.01128   =>   CDf =  0.00577    CDp =  0.00551
 plradd ia,ip,cpol           20           0  7.30383396E-02

 Point added to stored polar  1
 Point written to save file  goe567_Re400k.base.pol                          
 Dump file unspecified or not available
 Calculating wake trajectory ...
 Calculating source influence matrix ...

 Solving BL system ...

 Side 1  free  transition at x/c =  0.4681   58
 Side 2 forced transition at x/c =  1.0000   71

   1   rms: 0.7757E-01   max: -.1326E+00   n at   65  2
       a =  6.000      CL =  1.2461
      Cm = -0.1326     CD =  0.01167   =>   CDf =  0.00565    CDp =  0.00602

 Side 1  free  transition at x/c =  0.4522   58
 Side 2 forced transition at x/c =  1.0000   70

   2   rms: 0.7921E-02   max: -.9475E-01   D at   58  1
       a =  6.000      CL =  1.2456
      Cm = -0.1325     CD =  0.01167   =>   CDf =  0.00582    CDp =  0.00585

 Side 1  free  transition at x/c =  0.4528   58
 Side 2 forced transition at x/c =  1.0000   70

   3   rms: 0.6431E-03   max: 0.6116E-02   C at   58  1
       a =  6.000      CL =  1.2458
      Cm = -0.1326     CD =  0.01168   =>   CDf =  0.00578    CDp =  0.00589

 Side 1  free  transition at x/c =  0.4527   58
 Side 2 forced transition at x/c =  1.0000   70

   4   rms: 0.2108E-05   max: -.1513E-04   C at   70  2
       a =  6.000      CL =  1.2458
      Cm = -0.1326     CD =  0.01168   =>   CDf =  0.00579    CDp =  0.00589
 plradd ia,ip,cpol           21           0  2.45929770E-02

 Point added to stored polar  1
 Point written to save file  goe567_Re400k.base.pol                          
 Dump file unspecified or not available
 Calculating wake trajectory ...
 Calculating source influence matrix ...

 Solving BL system ...

 Side 1  free  transition at x/c =  0.4527   58
 Side 2 forced transition at x/c =  1.0000   70

   1   rms: 0.7469E-01   max: -.9512E-01   n at   60  2
       a =  6.500      CL =  1.2928
      Cm = -0.1310     CD =  0.01207   =>   CDf =  0.00579    CDp =  0.00628

 Side 1  free  transition at x/c =  0.4342   57
 Side 2 forced transition at x/c =  1.0000   70

   2   rms: 0.8298E-02   max: -.1085E+00   C at   57  1
       a =  6.500      CL =  1.2912
      Cm = -0.1307     CD =  0.01210   =>   CDf =  0.00584    CDp =  0.00626

 Side 1  free  transition at x/c =  0.4363   57
 Side 2 forced transition at x/c =  1.0000   70

   3   rms: 0.7608E-03   max: 0.1051E-01   C at   57  1
       a =  6.500      CL =  1.2915
      Cm = -0.1308     CD =  0.01210   =>   CDf =  0.00580    CDp =  0.00631

 Side 1  free  transition at x/c =  0.4360   57
 Side 2 forced transition at x/c =  1.0000   70

   4   rms: 0.3118E-05   max: -.2977E-04   D at   57  1
       a =  6.500      CL =  1.2915
      Cm = -0.1308     CD =  0.01210   =>   CDf =  0.00580    CDp =  0.00630
 plradd ia,ip,cpol           22           0  2.45929770E-02

 Point added to stored polar  1
 Point written to save file  goe567_Re400k.base.pol                          
 Dump file unspecified or not available
 Calculating wake trajectory ...
 Calculating source influence matrix ...

 Solving BL system ...

 Side 1  free  transition at x/c =  0.4360   57
 Side 2 forced transition at x/c =  1.0000   70

   1   rms: 0.7409E-01   max: 0.2590E+00   C at   57  1
       a =  7.000      CL =  1.3353
      Cm = -0.1286     CD =  0.01256   =>   CDf =  0.00565    CDp =  0.00691

 Side 1  free  transition at x/c =  0.4155   57
 Side 2 forced transition at x/c =  1.0000   69

   2   rms: 0.7266E-02   max: -.8734E-01   D at   57  1
       a =  7.000      CL =  1.3339
      Cm = -0.1284     CD =  0.01259   =>   CDf =  0.00584    CDp =  0.00675

 Side 1  free  transition at x/c =  0.4166   57
 Side 2 forced transition at x/c =  1.0000   69

   3   rms: 0.6367E-03   max: 0.6233E-02   C at   57  1
       a =  7.000      CL =  1.3341
      Cm = -0.1285     CD =  0.01260   =>   CDf =  0.00581    CDp =  0.00678

 Side 1  free  transition at x/c =  0.4164   57
 Side 2 forced transition at x/c =  1.0000   69

   4   rms: 0.2851E-05   max: -.1225E-04   C at   57  1
       a =  7.000      CL =  1.3341
      Cm = -0.1285     CD =  0.01260   =>   CDf =  0.00582    CDp =  0.00678
 plradd ia,ip,cpol           23           0  2.45929770E-02

 Point added to stored polar  1
 Point written to save file  goe567_Re400k.base.pol                          
 Dump file unspecified or not available
 Calculating wake trajectory ...
 Calculating source influence matrix ...

 Solving BL system ...

 Side 1  free  transition at x/c =  0.4164   57
 Side 2 forced transition at x/c =  1.0000   69

   1   rms: 0.7380E-01   max: 0.3682E+00   C at   57  1
       a =  7.500      CL =  1.3734
      Cm = -0.1256     CD =  0.01320   =>   CDf =  0.00582    CDp =  0.00738

 Side 1  free  transition at x/c =  0.3908   55
 Side 2 forced transition at x/c =  1.0000   69

   2   rms: 0.9052E-02   max: 0.1524E+00   D at   56  1
       a =  7.500      CL =  1.3713
      Cm = -0.1252     CD =  0.01320   =>   CDf =  0.00589    CDp =  0.00731

 Side 1  free  transition at x/c =  0.3934   55
 Side 2 forced transition at x/c =  1.0000   69

   3   rms: 0.7090E-03   max: 0.1353E-01   C at   55  1
       a =  7.500      CL =  1.3714
      Cm = -0.1252     CD =  0.01319   =>   CDf =  0.00586    CDp =  0.00733

 Side 1  free  transition at x/c =  0.3929   55
 Side 2 forced transition at x/c =  1.0000   69

   4   rms: 0.5686E-05   max: -.3844E-04   C at   55  1
       a =  7.500      CL =  1.3714
      Cm = -0.1252     CD =  0.01319   =>   CDf =  0.00586    CDp =  0.00733
 plradd ia,ip,cpol           24           0  2.45929770E-02

 Point added to stored polar  1
 Point written to save file  goe567_Re400k.base.pol                          
 Dump file unspecified or not available
 Calculating wake trajectory ...
 Calculating source influence matrix ...

 Solving BL system ...

 Side 1  free  transition at x/c =  0.3929   55
 Side 2 forced transition at x/c =  1.0000   69

   1   rms: 0.6984E-01   max: 0.2577E+00   C at   55  1
       a =  8.000      CL =  1.4107
      Cm = -0.1223     CD =  0.01366   =>   CDf =  0.00569    CDp =  0.00797

 Side 1  free  transition at x/c =  0.3611   54
 Side 2 forced transition at x/c =  1.0000   68

   2   rms: 0.1254E-01   max: -.1534E+00   C at   54  1
       a =  8.000      CL =  1.4007
      Cm = -0.1205     CD =  0.01393   =>   CDf =  0.00596    CDp =  0.00797

 Side 1  free  transition at x/c =  0.3670   55
 Side 2 forced transition at x/c =  1.0000   68

   3   rms: 0.3249E-02   max: 0.5015E-01   C at   55  1
       a =  8.000      CL =  1.4022
      Cm = -0.1208     CD =  0.01390   =>   CDf =  0.00589    CDp =  0.00801

 Side 1  free  transition at x/c =  0.3658   55
 Side 2 forced transition at x/c =  1.0000   68

   4   rms: 0.5339E-04   max: -.3565E-03   D at   56  1
       a =  8.000      CL =  1.4022
      Cm = -0.1208     CD =  0.01390   =>   CDf =  0.00591    CDp =  0.00800
 plradd ia,ip,cpol           25           0  2.45929770E-02

 Point added to stored polar  1
 Point written to save file  goe567_Re400k.base.pol                          
 Dump file unspecified or not available
 Calculating wake trajectory ...
 Calculating source influence matrix ...

 Solving BL system ...

 Side 1  free  transition at x/c =  0.3658   55
 Side 2 forced transition at x/c =  1.0000   68

   1   rms: 0.7727E-01   max: 0.6887E+00   C at   55  1
       a =  8.500      CL =  1.4254
      Cm = -0.1152     CD =  0.01492   =>   CDf =  0.00591    CDp =  0.00901

 Side 1  free  transition at x/c =  0.3295   52
 Side 2 forced transition at x/c =  1.0000   68

   2   rms: 0.1263E-01   max: 0.1848E+00   D at   54  1
       a =  8.500      CL =  1.4264
      Cm = -0.1156     CD =  0.01491   =>   CDf =  0.00604    CDp =  0.00888

 Side 1  free  transition at x/c =  0.3312   52
 Side 2 forced transition at x/c =  1.0000   68

   3   rms: 0.1064E-02   max: -.1813E-01   D at   54  1
       a =  8.500      CL =  1.4265
      Cm = -0.1156     CD =  0.01492   =>   CDf =  0.00602    CDp =  0.00890

 Side 1  free  transition at x/c =  0.3308   52
 Side 2 forced transition at x/c =  1.0000   68

   4   rms: 0.1104E-04   max: -.1612E-03   D at   54  1
       a =  8.500      CL =  1.4265
      Cm = -0.1156     CD =  0.01492   =>   CDf =  0.00602    CDp =  0.00890
 plradd ia,ip,cpol           26           0  2.45929770E-02

 Point added to stored polar  1
 Point written to save file  goe567_Re400k.base.pol                          
 Dump file unspecified or not available
 Calculating wake trajectory ...
 Calculating source influence matrix ...

 Solving BL system ...

 Side 1  free  transition at x/c =  0.3308   52
 Side 2 forced transition at x/c =  1.0000   68

   1   rms: 0.8082E-01   max: 0.9730E+00   C at   52  1
       a =  9.000      CL =  1.4538
      Cm = -0.1111     CD =  0.01596   =>   CDf =  0.00582    CDp =  0.01014

 Side 1  free  transition at x/c =  0.2685   49
 Side 2 forced transition at x/c =  1.0000   67

   2   rms: 0.2731E-01   max: -.4154E+00   C at   49  1
       a =  9.000      CL =  1.4363
      Cm = -0.1086     CD =  0.01663   =>   CDf =  0.00636    CDp =  0.01027

 Side 1  free  transition at x/c =  0.2851   50
 Side 2 forced transition at x/c =  1.0000   67

   3   rms: 0.5549E-02   max: 0.8403E-01   C at   50  1
       a =  9.000      CL =  1.4399
      Cm = -0.1091     CD =  0.01650   =>   CDf =  0.00621    CDp =  0.01029

 Side 1  free  transition at x/c =  0.2800   50
 Side 2 forced transition at x/c =  1.0000   67

   4   rms: 0.1559E-02   max: -.3059E-01   C at   50  1
       a =  9.000      CL =  1.4392
      Cm = -0.1090     CD =  0.01653   =>   CDf =  0.00624    CDp =  0.01029

 Side 1  free  transition at x/c =  0.2808   50
 Side 2 forced transition at x/c =  1.0000   67

   5   rms: 0.1837E-04   max: -.9639E-04   D at   91  1
       a =  9.000      CL =  1.4392
      Cm = -0.1090     CD =  0.01653   =>   CDf =  0.00624    CDp =  0.01030
 plradd ia,ip,cpol           27           0  8.57303443E-04

 Point added to stored polar  1
 Point written to save file  goe567_Re400k.base.pol                          
 Dump file unspecified or not available
 Calculating wake trajectory ...
 Calculating source influence matrix ...

 Solving BL system ...

 Side 1  free  transition at x/c =  0.2808   50
 Side 2 forced transition at x/c =  1.0000   67

   1   rms: 0.1161E+00   max: 0.1968E+01   C at   50  1   RLX: 0.762
       a =  9.500      CL =  1.4463
      Cm = -0.1040     CD =  0.01807   =>   CDf =  0.00624    CDp =  0.01183

 Side 1  free  transition at x/c =  0.2281   47
 Side 2 forced transition at x/c =  1.0000   67

   2   rms: 0.2433E-01   max: 0.1519E+00   C at   47  1
       a =  9.500      CL =  1.4396
      Cm = -0.1015     CD =  0.01903   =>   CDf =  0.00655    CDp =  0.01248

 Side 1  free  transition at x/c =  0.2212   46
 Side 2 forced transition at x/c =  1.0000   67

   3   rms: 0.2248E-02   max: -.3493E-01   C at   46  1
       a =  9.500      CL =  1.4387
      Cm = -0.1014     CD =  0.01906   =>   CDf =  0.00656    CDp =  0.01250

 Side 1  free  transition at x/c =  0.2221   46
 Side 2 forced transition at x/c =  1.0000   67

   4   rms: 0.4083E-04   max: 0.5489E-03   C at   46  1
       a =  9.500      CL =  1.4387
      Cm = -0.1014     CD =  0.01906   =>   CDf =  0.00655    CDp =  0.01250
 plradd ia,ip,cpol           28           0  8.57303443E-04

 Point added to stored polar  1
 Point written to save file  goe567_Re400k.base.pol                          
 Dump file unspecified or not available
 Calculating wake trajectory ...
 Calculating source influence matrix ...

 Solving BL system ...

 Side 1  free  transition at x/c =  0.2220   46
 Side 2 forced transition at x/c =  1.0000   67

   1   rms: 0.1279E+00   max: 0.2333E+01   C at   46  1   RLX: 0.643
       a = 10.000      CL =  1.4425
      Cm = -0.0975     CD =  0.02073   =>   CDf =  0.00656    CDp =  0.01418

 Side 1  free  transition at x/c =  0.1697   43
 Side 2 forced transition at x/c =  1.0000   67

   2   rms: 0.4349E-01   max: 0.5515E+00   C at   43  1
       a = 10.000      CL =  1.4307
      Cm = -0.0941     CD =  0.02251   =>   CDf =  0.00687    CDp =  0.01564

 Side 1  free  transition at x/c =  0.1508   42
 Side 2 forced transition at x/c =  1.0000   67

   3   rms: 0.1015E-01   max: -.2055E+00   C at   42  1
       a = 10.000      CL =  1.4286
      Cm = -0.0940     CD =  0.02261   =>   CDf =  0.00697    CDp =  0.01564

 Side 1  free  transition at x/c =  0.1555   42
 Side 2 forced transition at x/c =  1.0000   67

   4   rms: 0.2568E-03   max: 0.2859E-02   C at   42  1
       a = 10.000      CL =  1.4287
      Cm = -0.0940     CD =  0.02261   =>   CDf =  0.00691    CDp =  0.01569

 Side 1  free  transition at x/c =  0.1555   42
 Side 2 forced transition at x/c =  1.0000   67

   5   rms: 0.2369E-05   max: -.2404E-04   C at   42  1
       a = 10.000      CL =  1.4287
      Cm = -0.0940     CD =  0.02261   =>   CDf =  0.00691    CDp =  0.01569
 plradd ia,ip,cpol           29           0  8.57303443E-04

 Point added to stored polar  1
 Point written to save file  goe567_Re400k.base.pol                          
 Dump file unspecified or not available

.OPERva   c>  
 Solving BL system ...

 Side 1  free  transition at x/c =  0.1555   42
 Side 2 forced transition at x/c =  1.0000   67

   1   rms: 0.1022E-05   max: 0.2052E-04   C at   42  1
       a = 10.000      CL =  1.4287
      Cm = -0.0940     CD =  0.02261   =>   CDf =  0.00691    CDp =  0.01569
 plradd ia,ip,cpol           30         182  8.57303443E-04

 Point added to stored polar  1
 Point written to save file  goe567_Re400k.base.pol                          
 Dump file unspecified or not available
 Calculating wake trajectory ...
 Calculating source influence matrix ...

 Solving BL system ...

 Side 1  free  transition at x/c =  0.1555   42
 Side 2 forced transition at x/c =  1.0000   67

   1   rms: 0.8547E-01   max: 0.1655E+01   C at   42  1   RLX: 0.906
       a = 10.250      CL =  1.4229
      Cm = -0.0909     CD =  0.02459   =>   CDf =  0.00691    CDp =  0.01767

 Side 1  free  transition at x/c =  0.1375   41
 Side 2 forced transition at x/c =  1.0000   67

   2   rms: 0.7252E-02   max: 0.8163E-01   C at   41  1
       a = 10.250      CL =  1.4254
      Cm = -0.0910     CD =  0.02453   =>   CDf =  0.00703    CDp =  0.01750

 Side 1  free  transition at x/c =  0.1362   40
 Side 2 forced transition at x/c =  1.0000   67

   3   rms: 0.5596E-03   max: 0.1144E-01   C at   40  1
       a = 10.250      CL =  1.4256
      Cm = -0.0910     CD =  0.02450   =>   CDf =  0.00704    CDp =  0.01746

 Side 1  free  transition at x/c =  0.1361   40
 Side 2 forced transition at x/c =  1.0000   67

   4   rms: 0.5274E-05   max: 0.4660E-04   C at   67  2
       a = 10.250      CL =  1.4256
      Cm = -0.0910     CD =  0.02450   =>   CDf =  0.00704    CDp =  0.01746
 plradd ia,ip,cpol           31           0  8.57303443E-04

 Point added to stored polar  1
 Point written to save file  goe567_Re400k.base.pol                          
 Dump file unspecified or not available
 Calculating wake trajectory ...
 Calculating source influence matrix ...

 Solving BL system ...

 Side 1  free  transition at x/c =  0.1361   40
 Side 2 forced transition at x/c =  1.0000   67

   1   rms: 0.4938E-01   max: 0.8074E+00   C at   40  1   RLX: 0.905
       a = 10.500      CL =  1.4305
      Cm = -0.0891     CD =  0.02588   =>   CDf =  0.00704    CDp =  0.01884

 Side 1  free  transition at x/c =  0.1279   40
 Side 2 forced transition at x/c =  1.0000   67

   2   rms: 0.4651E-02   max: 0.3621E-01   D at   82  1
       a = 10.500      CL =  1.4298
      Cm = -0.0889     CD =  0.02604   =>   CDf =  0.00707    CDp =  0.01897

 Side 1  free  transition at x/c =  0.1277   40
 Side 2 forced transition at x/c =  1.0000   67

   3   rms: 0.1469E-03   max: 0.1389E-02   D at   81  1
       a = 10.500      CL =  1.4297
      Cm = -0.0889     CD =  0.02603   =>   CDf =  0.00706    CDp =  0.01897

 Side 1  free  transition at x/c =  0.1277   40
 Side 2 forced transition at x/c =  1.0000   67

   4   rms: 0.2478E-05   max: -.3517E-04   C at   67  2
       a = 10.500      CL =  1.4297
      Cm = -0.0889     CD =  0.02603   =>   CDf =  0.00706    CDp =  0.01897
 plradd ia,ip,cpol           32           0  8.57303443E-04

 Point added to stored polar  1
 Point written to save file  goe567_Re400k.base.pol                          
 Dump file unspecified or not available
 Calculating wake trajectory ...
 Calculating source influence matrix ...

 Solving BL system ...

 Side 1  free  transition at x/c =  0.1277   40
 Side 2 forced transition at x/c =  1.0000   67

   1   rms: 0.4055E-01   max: 0.3522E+00   C at   40  1   RLX: 0.864
       a = 10.750      CL =  1.4334
      Cm = -0.0872     CD =  0.02750   =>   CDf =  0.00682    CDp =  0.02068

 Side 1  free  transition at x/c =  0.1219   40
 Side 2 forced transition at x/c =  1.0000   66

   2   rms: 0.5283E-02   max: 0.2460E-01   D at   82  1
       a = 10.750      CL =  1.4350
      Cm = -0.0870     CD =  0.02757   =>   CDf =  0.00705    CDp =  0.02052

 Side 1  free  transition at x/c =  0.1211   40
 Side 2 forced transition at x/c =  1.0000   66

   3   rms: 0.5054E-03   max: -.4330E-02   D at    4  1
       a = 10.750      CL =  1.4347
      Cm = -0.0870     CD =  0.02757   =>   CDf =  0.00704    CDp =  0.02053

 Side 1  free  transition at x/c =  0.1211   40
 Side 2 forced transition at x/c =  1.0000   66

   4   rms: 0.1079E-04   max: -.1351E-03   C at   66  2
       a = 10.750      CL =  1.4347
      Cm = -0.0870     CD =  0.02757   =>   CDf =  0.00704    CDp =  0.02053
 plradd ia,ip,cpol           33           0  8.57303443E-04

 Point added to stored polar  1
 Point written to save file  goe567_Re400k.base.pol                          
 Dump file unspecified or not available
 Calculating wake trajectory ...
 Calculating source influence matrix ...

 Solving BL system ...

 Side 1  free  transition at x/c =  0.1211   40
 Side 2 forced transition at x/c =  1.0000   66

   1   rms: 0.3439E-01   max: 0.1890E+00   C at   40  1   RLX: 0.836
       a = 11.000      CL =  1.4425
      Cm = -0.0858     CD =  0.02874   =>   CDf =  0.00704    CDp =  0.02170

 Side 1  free  transition at x/c =  0.1165   40
 Side 2 forced transition at x/c =  1.0000   66

   2   rms: 0.6623E-02   max: 0.3195E-01   D at   80  1
       a = 11.000      CL =  1.4416
      Cm = -0.0854     CD =  0.02908   =>   CDf =  0.00701    CDp =  0.02206

 Side 1  free  transition at x/c =  0.1159   40
 Side 2 forced transition at x/c =  1.0000   66

   3   rms: 0.5537E-03   max: 0.4763E-02   D at   80  1
       a = 11.000      CL =  1.4413
      Cm = -0.0854     CD =  0.02907   =>   CDf =  0.00700    CDp =  0.02207

 Side 1  free  transition at x/c =  0.1159   40
 Side 2 forced transition at x/c =  1.0000   66

   4   rms: 0.1757E-04   max: 0.1631E-03   D at   76  2
       a = 11.000      CL =  1.4413
      Cm = -0.0854     CD =  0.02907   =>   CDf =  0.00700    CDp =  0.02207
 plradd ia,ip,cpol           34           0  8.57303443E-04

 Point added to stored polar  1
 Point written to save file  goe567_Re400k.base.pol                          
 Dump file unspecified or not available
 Calculating wake trajectory ...
 Calculating source influence matrix ...

 Solving BL system ...

 Side 1  free  transition at x/c =  0.1159   40
 Side 2 forced transition at x/c =  1.0000   66

   1   rms: 0.3545E-01   max: 0.1596E+00   C at   40  1   RLX: 0.802
       a = 11.250      CL =  1.4468
      Cm = -0.0842     CD =  0.03041   =>   CDf =  0.00700    CDp =  0.02340

 Side 1  free  transition at x/c =  0.1120   40
 Side 2 forced transition at x/c =  1.0000   66

   2   rms: 0.7887E-02   max: 0.3653E-01   D at   79  1
       a = 11.250      CL =  1.4462
      Cm = -0.0838     CD =  0.03079   =>   CDf =  0.00699    CDp =  0.02380

 Side 1  free  transition at x/c =  0.1112   40
 Side 2 forced transition at x/c =  1.0000   66

   3   rms: 0.6692E-03   max: 0.5861E-02   D at   79  1
       a = 11.250      CL =  1.4458
      Cm = -0.0838     CD =  0.03079   =>   CDf =  0.00698    CDp =  0.02380

 Side 1  free  transition at x/c =  0.1112   40
 Side 2 forced transition at x/c =  1.0000   66

   4   rms: 0.2101E-04   max: 0.1577E-03   D at   76  2
       a = 11.250      CL =  1.4458
      Cm = -0.0838     CD =  0.03078   =>   CDf =  0.00698    CDp =  0.02380
 plradd ia,ip,cpol           35           0  8.57303443E-04

 Point added to stored polar  1
 Point written to save file  goe567_Re400k.base.pol                          
 Dump file unspecified or not available
 Calculating wake trajectory ...
 Calculating source influence matrix ...

 Solving BL system ...

 Side 1  free  transition at x/c =  0.1112   40
 Side 2 forced transition at x/c =  1.0000   66

   1   rms: 0.3644E-01   max: -.1269E+00   D at   40  1   RLX: 0.769
       a = 11.500      CL =  1.4492
      Cm = -0.0827     CD =  0.03229   =>   CDf =  0.00698    CDp =  0.02531

 Side 1  free  transition at x/c =  0.1078   39
 Side 2 forced transition at x/c =  1.0000   66

   2   rms: 0.7787E-02   max: -.4529E-01   C at   39  1
       a = 11.500      CL =  1.4522
      Cm = -0.0824     CD =  0.03243   =>   CDf =  0.00696    CDp =  0.02548

 Side 1  free  transition at x/c =  0.1069   39
 Side 2 forced transition at x/c =  1.0000   66

   3   rms: 0.5908E-03   max: 0.3565E-02   D at   78  1
       a = 11.500      CL =  1.4518
      Cm = -0.0824     CD =  0.03245   =>   CDf =  0.00693    CDp =  0.02551

 Side 1  free  transition at x/c =  0.1069   39
 Side 2 forced transition at x/c =  1.0000   66

   4   rms: 0.2369E-04   max: 0.1628E-03   D at   77  2
       a = 11.500      CL =  1.4518
      Cm = -0.0824     CD =  0.03244   =>   CDf =  0.00693    CDp =  0.02551
 plradd ia,ip,cpol           36           0  8.57303443E-04

 Point added to stored polar  1
 Point written to save file  goe567_Re400k.base.pol                          
 Dump file unspecified or not available
 Calculating wake trajectory ...
 Calculating source influence matrix ...

 Solving BL system ...

 Side 1  free  transition at x/c =  0.1069   39
 Side 2 forced transition at x/c =  1.0000   66

   1   rms: 0.3214E-01   max: -.1125E+00   C at   39  1   RLX: 0.751
       a = 11.750      CL =  1.4613
      Cm = -0.0817     CD =  0.03340   =>   CDf =  0.00693    CDp =  0.02646

 Side 1  free  transition at x/c =  0.1035   39
 Side 2 forced transition at x/c =  1.0000   66

   2   rms: 0.8645E-02   max: 0.3401E-01   D at   77  1
       a = 11.750      CL =  1.4615
      Cm = -0.0813     CD =  0.03389   =>   CDf =  0.00688    CDp =  0.02701

 Side 1  free  transition at x/c =  0.1023   39
 Side 2 forced transition at x/c =  1.0000   66

   3   rms: 0.6548E-03   max: 0.4198E-02   D at   77  2
       a = 11.750      CL =  1.4611
      Cm = -0.0813     CD =  0.03388   =>   CDf =  0.00686    CDp =  0.02701

 Side 1  free  transition at x/c =  0.1024   39
 Side 2 forced transition at x/c =  1.0000   66

   4   rms: 0.2407E-04   max: 0.2443E-03   D at   77  2
       a = 11.750      CL =  1.4611
      Cm = -0.0813     CD =  0.03387   =>   CDf =  0.00686    CDp =  0.02701
 plradd ia,ip,cpol           37           0  8.57303443E-04

 Point added to stored polar  1
 Point written to save file  goe567_Re400k.base.pol                          
 Dump file unspecified or not available
 Calculating wake trajectory ...
 Calculating source influence matrix ...

 Solving BL system ...

 Side 1  free  transition at x/c =  0.1024   39
 Side 2 forced transition at x/c =  1.0000   66

   1   rms: 0.3326E-01   max: -.1114E+00   D at   39  1   RLX: 0.725
       a = 12.000      CL =  1.4670
      Cm = -0.0805     CD =  0.03513   =>   CDf =  0.00686    CDp =  0.02826

 Side 1  free  transition at x/c =  0.0979   39
 Side 2 forced transition at x/c =  1.0000   66

   2   rms: 0.1090E-01   max: 0.5132E-01   D at   77  1
       a = 12.000      CL =  1.4654
      Cm = -0.0800     CD =  0.03585   =>   CDf =  0.00686    CDp =  0.02899

 Side 1  free  transition at x/c =  0.0969   39
 Side 2 forced transition at x/c =  1.0000   66

   3   rms: 0.7230E-03   max: 0.4752E-02   D at   77  2
       a = 12.000      CL =  1.4649
      Cm = -0.0800     CD =  0.03581   =>   CDf =  0.00684    CDp =  0.02897

 Side 1  free  transition at x/c =  0.0969   39
 Side 2 forced transition at x/c =  1.0000   66

   4   rms: 0.1882E-04   max: 0.1517E-03   D at   77  2
       a = 12.000      CL =  1.4649
      Cm = -0.0800     CD =  0.03581   =>   CDf =  0.00684    CDp =  0.02896
 plradd ia,ip,cpol           38           0  8.57303443E-04

 Point added to stored polar  1
 Point written to save file  goe567_Re400k.base.pol                          
 Dump file unspecified or not available
 Calculating wake trajectory ...
 Calculating source influence matrix ...

 Solving BL system ...

 Side 1  free  transition at x/c =  0.0969   39
 Side 2 forced transition at x/c =  1.0000   66

   1   rms: 0.3579E-01   max: -.1578E+00   D at   39  1   RLX: 0.695
       a = 12.250      CL =  1.4675
      Cm = -0.0792     CD =  0.03736   =>   CDf =  0.00658    CDp =  0.03077

 Side 1  free  transition at x/c =  0.0938   39
 Side 2 forced transition at x/c =  1.0000   65

   2   rms: 0.1091E-01   max: -.8923E-01   C at   39  1
       a = 12.250      CL =  1.4718
      Cm = -0.0789     CD =  0.03757   =>   CDf =  0.00682    CDp =  0.03076

 Side 1  free  transition at x/c =  0.0922   39
 Side 2 forced transition at x/c =  1.0000   65

   3   rms: 0.8514E-03   max: 0.3530E-02   D at   77  2
       a = 12.250      CL =  1.4712
      Cm = -0.0789     CD =  0.03759   =>   CDf =  0.00679    CDp =  0.03081

 Side 1  free  transition at x/c =  0.0923   39
 Side 2 forced transition at x/c =  1.0000   65

   4   rms: 0.3790E-04   max: 0.2459E-03   D at   77  2
       a = 12.250      CL =  1.4712
      Cm = -0.0789     CD =  0.03759   =>   CDf =  0.00678    CDp =  0.03080
 plradd ia,ip,cpol           39           0  8.57303443E-04

 Point added to stored polar  1
 Point written to save file  goe567_Re400k.base.pol                          
 Dump file unspecified or not available
 Calculating wake trajectory ...
 Calculating source influence matrix ...

 Solving BL system ...

 Side 1  free  transition at x/c =  0.0923   39
 Side 2 forced transition at x/c =  1.0000   65

   1   rms: 0.3211E-01   max: -.1554E+00   C at   39  1   RLX: 0.682
       a = 12.500      CL =  1.4802
      Cm = -0.0784     CD =  0.03849   =>   CDf =  0.00679    CDp =  0.03170

 Side 1  free  transition at x/c =  0.0856   39
 Side 2 forced transition at x/c =  1.0000   65

   2   rms: 0.1128E-01   max: -.5057E-01   D at   39  1
       a = 12.500      CL =  1.4797
      Cm = -0.0780     CD =  0.03931   =>   CDf =  0.00677    CDp =  0.03254

 Side 1  free  transition at x/c =  0.0838   39
 Side 2 forced transition at x/c =  1.0000   65

   3   rms: 0.1312E-02   max: -.9390E-02   C at   39  1
       a = 12.500      CL =  1.4788
      Cm = -0.0780     CD =  0.03930   =>   CDf =  0.00676    CDp =  0.03254

 Side 1  free  transition at x/c =  0.0840   39
 Side 2 forced transition at x/c =  1.0000   65

   4   rms: 0.4325E-04   max: 0.3781E-03   D at   77  2
       a = 12.500      CL =  1.4788
      Cm = -0.0780     CD =  0.03929   =>   CDf =  0.00675    CDp =  0.03254
 plradd ia,ip,cpol           40           0  3.25357774E-04

 Point added to stored polar  1
 Point written to save file  goe567_Re400k.base.pol                          
 Dump file unspecified or not available
 Calculating wake trajectory ...
 Calculating source influence matrix ...

 Solving BL system ...

 Side 1  free  transition at x/c =  0.0840   39
 Side 2 forced transition at x/c =  1.0000   65

   1   rms: 0.3536E-01   max: 0.2097E+00   C at   39  1   RLX: 0.656
       a = 12.750      CL =  1.4821
      Cm = -0.0774     CD =  0.04075   =>   CDf =  0.00675    CDp =  0.03399

 Side 1  free  transition at x/c =  0.0796   38
 Side 2 forced transition at x/c =  1.0000   65

   2   rms: 0.1304E-01   max: 0.1580E+00   C at   38  1
       a = 12.750      CL =  1.4845
      Cm = -0.0770     CD =  0.04129   =>   CDf =  0.00674    CDp =  0.03455

 Side 1  free  transition at x/c =  0.0756   38
 Side 2 forced transition at x/c =  1.0000   65

   3   rms: 0.1862E-02   max: -.2926E-01   C at   38  1
       a = 12.750      CL =  1.4836
      Cm = -0.0770     CD =  0.04130   =>   CDf =  0.00676    CDp =  0.03454

 Side 1  free  transition at x/c =  0.0762   38
 Side 2 forced transition at x/c =  1.0000   65

   4   rms: 0.8140E-04   max: -.9586E-03   C at   38  1
       a = 12.750      CL =  1.4836
      Cm = -0.0770     CD =  0.04129   =>   CDf =  0.00675    CDp =  0.03455
 plradd ia,ip,cpol           41           0  3.25357774E-04

 Point added to stored polar  1
 Point written to save file  goe567_Re400k.base.pol                          
 Dump file unspecified or not available
 Calculating wake trajectory ...
 Calculating source influence matrix ...

 Solving BL system ...

 Side 1  free  transition at x/c =  0.0762   38
 Side 2 forced transition at x/c =  1.0000   65

   1   rms: 0.3732E-01   max: 0.4101E+00   C at   38  1   RLX: 0.635
       a = 13.000      CL =  1.4864
      Cm = -0.0765     CD =  0.04279   =>   CDf =  0.00675    CDp =  0.03604

 Side 1  free  transition at x/c =  0.0718   37
 Side 2 forced transition at x/c =  1.0000   65

   2   rms: 0.1397E-01   max: 0.1626E+00   C at   37  1
       a = 13.000      CL =  1.4865
      Cm = -0.0761     CD =  0.04365   =>   CDf =  0.00679    CDp =  0.03687

 Side 1  free  transition at x/c =  0.0707   37
 Side 2 forced transition at x/c =  1.0000   65

   3   rms: 0.1209E-02   max: -.1108E-01   C at   37  1
       a = 13.000      CL =  1.4857
      Cm = -0.0761     CD =  0.04361   =>   CDf =  0.00678    CDp =  0.03683

 Side 1  free  transition at x/c =  0.0708   37
 Side 2 forced transition at x/c =  1.0000   65

   4   rms: 0.6084E-04   max: -.5329E-03   C at   37  1
       a = 13.000      CL =  1.4857
      Cm = -0.0760     CD =  0.04361   =>   CDf =  0.00678    CDp =  0.03683
 plradd ia,ip,cpol           42           0  3.25357774E-04

 Point added to stored polar  1
 Point written to save file  goe567_Re400k.base.pol                          
 Dump file unspecified or not available
 Calculating wake trajectory ...
 Calculating source influence matrix ...

 Solving BL system ...

 Side 1  free  transition at x/c =  0.0708   37
 Side 2 forced transition at x/c =  1.0000   65

   1   rms: 0.3871E-01   max: 0.5163E+00   C at   37  1   RLX: 0.614
       a = 13.250      CL =  1.4880
      Cm = -0.0756     CD =  0.04515   =>   CDf =  0.00678    CDp =  0.03837

 Side 1  free  transition at x/c =  0.0687   37
 Side 2 forced transition at x/c =  1.0000   65

   2   rms: 0.1391E-01   max: 0.1202E+00   C at   37  1
       a = 13.250      CL =  1.4885
      Cm = -0.0753     CD =  0.04608   =>   CDf =  0.00678    CDp =  0.03930

 Side 1  free  transition at x/c =  0.0676   37
 Side 2 forced transition at x/c =  1.0000   65

   3   rms: 0.1168E-02   max: 0.6845E-02   D at   78  2
       a = 13.250      CL =  1.4877
      Cm = -0.0752     CD =  0.04602   =>   CDf =  0.00678    CDp =  0.03925

 Side 1  free  transition at x/c =  0.0676   37
 Side 2 forced transition at x/c =  1.0000   65

   4   rms: 0.5586E-04   max: 0.4214E-03   D at   78  2
       a = 13.250      CL =  1.4876
      Cm = -0.0752     CD =  0.04602   =>   CDf =  0.00677    CDp =  0.03924
 plradd ia,ip,cpol           43           0  3.25357774E-04

 Point added to stored polar  1
 Point written to save file  goe567_Re400k.base.pol                          
 Dump file unspecified or not available
 Calculating wake trajectory ...
 Calculating source influence matrix ...

 Solving BL system ...

 Side 1  free  transition at x/c =  0.0676   37
 Side 2 forced transition at x/c =  1.0000   65

   1   rms: 0.3371E-01   max: 0.2363E+00   C at   37  1   RLX: 0.594
       a = 13.500      CL =  1.4899
      Cm = -0.0748     CD =  0.04756   =>   CDf =  0.00678    CDp =  0.04078

 Side 1  free  transition at x/c =  0.0658   37
 Side 2 forced transition at x/c =  1.0000   65

   2   rms: 0.1440E-01   max: 0.6236E-01   D at   73  1
       a = 13.500      CL =  1.4895
      Cm = -0.0745     CD =  0.04869   =>   CDf =  0.00677    CDp =  0.04192

 Side 1  free  transition at x/c =  0.0647   37
 Side 2 forced transition at x/c =  1.0000   65

   3   rms: 0.1192E-02   max: 0.8172E-02   D at   78  2
       a = 13.500      CL =  1.4887
      Cm = -0.0745     CD =  0.04861   =>   CDf =  0.00675    CDp =  0.04185

 Side 1  free  transition at x/c =  0.0648   37
 Side 2 forced transition at x/c =  1.0000   65

   4   rms: 0.5493E-04   max: 0.5285E-03   D at   78  2
       a = 13.500      CL =  1.4887
      Cm = -0.0745     CD =  0.04860   =>   CDf =  0.00675    CDp =  0.04185
 plradd ia,ip,cpol           44           0  3.25357774E-04

 Point added to stored polar  1
 Point written to save file  goe567_Re400k.base.pol                          
 Dump file unspecified or not available
 Calculating wake trajectory ...
 Calculating source influence matrix ...

 Solving BL system ...

 Side 1  free  transition at x/c =  0.0648   37
 Side 2 forced transition at x/c =  1.0000   65

   1   rms: 0.3253E-01   max: 0.1254E+00   C at   37  1   RLX: 0.575
       a = 13.750      CL =  1.4906
      Cm = -0.0742     CD =  0.05019   =>   CDf =  0.00642    CDp =  0.04377

 Side 1  free  transition at x/c =  0.0634   37
 Side 2 forced transition at x/c =  1.0000   64

   2   rms: 0.2898E-01   max: 0.4387E+00   D at    2  1
       a = 13.750      CL =  1.4917
      Cm = -0.0739     CD =  0.05121   =>   CDf =  0.00672    CDp =  0.04449

 Side 1  free  transition at x/c =  0.0628   37
 Side 2 forced transition at x/c =  1.0000   64

   3   rms: 0.1966E-02   max: 0.1586E-01   D at    4  1
       a = 13.750      CL =  1.4906
      Cm = -0.0738     CD =  0.05117   =>   CDf =  0.00668    CDp =  0.04448

 Side 1  free  transition at x/c =  0.0629   37
 Side 2 forced transition at x/c =  1.0000   64

   4   rms: 0.8624E-04   max: 0.6574E-03   D at   77  2
       a = 13.750      CL =  1.4906
      Cm = -0.0738     CD =  0.05115   =>   CDf =  0.00668    CDp =  0.04448
 plradd ia,ip,cpol           45           0  3.25357774E-04

 Point added to stored polar  1
 Point written to save file  goe567_Re400k.base.pol                          
 Dump file unspecified or not available
 Calculating wake trajectory ...
 Calculating source influence matrix ...

 Solving BL system ...

 Side 1  free  transition at x/c =  0.0629   37
 Side 2 forced transition at x/c =  1.0000   64

   1   rms: 0.3173E-01   max: 0.1132E+00   D at   71  1   RLX: 0.558
       a = 14.000      CL =  1.4928
      Cm = -0.0736     CD =  0.05270   =>   CDf =  0.00668    CDp =  0.04602

 Side 1  free  transition at x/c =  0.0618   37
 Side 2 forced transition at x/c =  1.0000   64

   2   rms: 0.1457E-01   max: 0.5931E-01   D at   72  1
       a = 14.000      CL =  1.4930
      Cm = -0.0734     CD =  0.05393   =>   CDf =  0.00665    CDp =  0.04728

 Side 1  free  transition at x/c =  0.0611   37
 Side 2 forced transition at x/c =  1.0000   64

   3   rms: 0.1944E-02   max: 0.1132E-01   D at   72  1
       a = 14.000      CL =  1.4916
      Cm = -0.0733     CD =  0.05389   =>   CDf =  0.00661    CDp =  0.04728

 Side 1  free  transition at x/c =  0.0612   37
 Side 2 forced transition at x/c =  1.0000   64

   4   rms: 0.1115E-03   max: 0.7777E-03   D at   78  2
       a = 14.000      CL =  1.4916
      Cm = -0.0733     CD =  0.05388   =>   CDf =  0.00661    CDp =  0.04727

 Side 1  free  transition at x/c =  0.0612   37
 Side 2 forced transition at x/c =  1.0000   64

   5   rms: 0.2506E-05   max: -.4230E-04   C at   64  2
       a = 14.000      CL =  1.4916
      Cm = -0.0733     CD =  0.05387   =>   CDf =  0.00661    CDp =  0.04727
 plradd ia,ip,cpol           46           0  3.25357774E-04

 Point added to stored polar  1
 Point written to save file  goe567_Re400k.base.pol                          
 Dump file unspecified or not available
 Calculating wake trajectory ...
 Calculating source influence matrix ...

 Solving BL system ...

 Side 1  free  transition at x/c =  0.0612   37
 Side 2 forced transition at x/c =  1.0000   64

   1   rms: 0.3222E-01   max: 0.1233E+00   D at   70  1   RLX: 0.540
       a = 14.250      CL =  1.4927
      Cm = -0.0732     CD =  0.05557   =>   CDf =  0.00661    CDp =  0.04896

 Side 1  free  transition at x/c =  0.0602   37
 Side 2 forced transition at x/c =  1.0000   64

   2   rms: 0.1539E-01   max: 0.6387E-01   D at   71  1
       a = 14.250      CL =  1.4922
      Cm = -0.0730     CD =  0.05698   =>   CDf =  0.00658    CDp =  0.05040

 Side 1  free  transition at x/c =  0.0594   37
 Side 2 forced transition at x/c =  1.0000   64

   3   rms: 0.2309E-02   max: 0.1500E-01   D at   71  1
       a = 14.250      CL =  1.4907
      Cm = -0.0729     CD =  0.05693   =>   CDf =  0.00655    CDp =  0.05038

 Side 1  free  transition at x/c =  0.0595   37
 Side 2 forced transition at x/c =  1.0000   64

   4   rms: 0.1386E-03   max: 0.1098E-02   D at   78  2
       a = 14.250      CL =  1.4906
      Cm = -0.0729     CD =  0.05691   =>   CDf =  0.00655    CDp =  0.05036

 Side 1  free  transition at x/c =  0.0595   37
 Side 2 forced transition at x/c =  1.0000   64

   5   rms: 0.4009E-05   max: -.6526E-04   C at   64  2
       a = 14.250      CL =  1.4906
      Cm = -0.0729     CD =  0.05690   =>   CDf =  0.00655    CDp =  0.05036
 plradd ia,ip,cpol           47           0  3.25357774E-04

 Point added to stored polar  1
 Point written to save file  goe567_Re400k.base.pol                          
 Dump file unspecified or not available
 Calculating wake trajectory ...
 Calculating source influence matrix ...

 Solving BL system ...

 Side 1  free  transition at x/c =  0.0595   37
 Side 2 forced transition at x/c =  1.0000   64

   1   rms: 0.3393E-01   max: 0.1364E+00   D at   69  1   RLX: 0.522
       a = 14.500      CL =  1.4905
      Cm = -0.0728     CD =  0.05876   =>   CDf =  0.00655    CDp =  0.05221

 Side 1  free  transition at x/c =  0.0583   37
 Side 2 forced transition at x/c =  1.0000   64

   2   rms: 0.1669E-01   max: 0.7111E-01   D at   70  1
       a = 14.500      CL =  1.4892
      Cm = -0.0727     CD =  0.06037   =>   CDf =  0.00653    CDp =  0.05384

 Side 1  free  transition at x/c =  0.0574   37
 Side 2 forced transition at x/c =  1.0000   64

   3   rms: 0.2202E-02   max: 0.1338E-01   D at   70  1
       a = 14.500      CL =  1.4878
      Cm = -0.0726     CD =  0.06028   =>   CDf =  0.00651    CDp =  0.05377

 Side 1  free  transition at x/c =  0.0574   37
 Side 2 forced transition at x/c =  1.0000   64

   4   rms: 0.1916E-03   max: 0.1886E-02   D at   78  2
       a = 14.500      CL =  1.4877
      Cm = -0.0726     CD =  0.06026   =>   CDf =  0.00650    CDp =  0.05375

 Side 1  free  transition at x/c =  0.0574   37
 Side 2 forced transition at x/c =  1.0000   64

   5   rms: 0.8986E-05   max: -.1154E-03   C at   64  2
       a = 14.500      CL =  1.4876
      Cm = -0.0726     CD =  0.06025   =>   CDf =  0.00650    CDp =  0.05375
 plradd ia,ip,cpol           48           0  3.25357774E-04

 Point added to stored polar  1
 Point written to save file  goe567_Re400k.base.pol                          
 Dump file unspecified or not available
 Calculating wake trajectory ...
 Calculating source influence matrix ...

 Solving BL system ...

 Side 1  free  transition at x/c =  0.0574   37
 Side 2 forced transition at x/c =  1.0000   64

   1   rms: 0.3283E-01   max: 0.1357E+00   D at   69  1   RLX: 0.505
       a = 14.750      CL =  1.4875
      Cm = -0.0726     CD =  0.06212   =>   CDf =  0.00651    CDp =  0.05561

 Side 1  free  transition at x/c =  0.0566   37
 Side 2 forced transition at x/c =  1.0000   64

   2   rms: 0.1676E-01   max: 0.7257E-01   D at   69  1
       a = 14.750      CL =  1.4862
      Cm = -0.0725     CD =  0.06384   =>   CDf =  0.00648    CDp =  0.05736

 Side 1  free  transition at x/c =  0.0558   37
 Side 2 forced transition at x/c =  1.0000   64

   3   rms: 0.1941E-02   max: 0.1057E-01   D at   78  2
       a = 14.750      CL =  1.4849
      Cm = -0.0725     CD =  0.06369   =>   CDf =  0.00645    CDp =  0.05724

 Side 1  free  transition at x/c =  0.0559   37
 Side 2 forced transition at x/c =  1.0000   64

   4   rms: 0.1262E-03   max: 0.8466E-03   D at   78  2
       a = 14.750      CL =  1.4848
      Cm = -0.0725     CD =  0.06367   =>   CDf =  0.00644    CDp =  0.05723

 Side 1  free  transition at x/c =  0.0559   37
 Side 2 forced transition at x/c =  1.0000   64

   5   rms: 0.5982E-05   max: -.8422E-04   C at   64  2
       a = 14.750      CL =  1.4848
      Cm = -0.0725     CD =  0.06367   =>   CDf =  0.00644    CDp =  0.05723
 plradd ia,ip,cpol           49           0  3.25357774E-04

 Point added to stored polar  1
 Point written to save file  goe567_Re400k.base.pol                          
 Dump file unspecified or not available
 Calculating wake trajectory ...
 Calculating source influence matrix ...

 Solving BL system ...

 Side 1  free  transition at x/c =  0.0559   37
 Side 2 forced transition at x/c =  1.0000   64

   1   rms: 0.3306E-01   max: 0.1414E+00   D at   68  1   RLX: 0.489
       a = 15.000      CL =  1.4841
      Cm = -0.0725     CD =  0.06563   =>   CDf =  0.00645    CDp =  0.05918

 Side 1  free  transition at x/c =  0.0552   36
 Side 2 forced transition at x/c =  1.0000   64

   2   rms: 0.1606E-01   max: -.1162E+00   C at   36  1
       a = 15.000      CL =  1.4896
      Cm = -0.0724     CD =  0.06642   =>   CDf =  0.00640    CDp =  0.06001

 Side 1  free  transition at x/c =  0.0546   36
 Side 2 forced transition at x/c =  1.0000   64

   3   rms: 0.1349E-02   max: 0.7748E-02   D at   36  1
       a = 15.000      CL =  1.4886
      Cm = -0.0724     CD =  0.06636   =>   CDf =  0.00634    CDp =  0.06002

 Side 1  free  transition at x/c =  0.0546   36
 Side 2 forced transition at x/c =  1.0000   64

   4   rms: 0.1054E-03   max: 0.6240E-03   D at   79  2
       a = 15.000      CL =  1.4885
      Cm = -0.0724     CD =  0.06635   =>   CDf =  0.00634    CDp =  0.06001

 Side 1  free  transition at x/c =  0.0546   36
 Side 2 forced transition at x/c =  1.0000   64

   5   rms: 0.7902E-05   max: -.8721E-04   C at   64  2
       a = 15.000      CL =  1.4885
      Cm = -0.0724     CD =  0.06635   =>   CDf =  0.00634    CDp =  0.06001
 plradd ia,ip,cpol           50           0  3.25357774E-04

 Point added to stored polar  1
 Point written to save file  goe567_Re400k.base.pol                          
 Dump file unspecified or not available
 Calculating wake trajectory ...
 Calculating source influence matrix ...

 Solving BL system ...

 Side 1  free  transition at x/c =  0.0546   36
 Side 2 forced transition at x/c =  1.0000   64

   1   rms: 0.2922E-01   max: 0.1094E+00   T at   36  1   RLX: 0.481
       a = 15.250      CL =  1.4913
      Cm = -0.0724     CD =  0.06776   =>   CDf =  0.00634    CDp =  0.06142

 Side 1  free  transition at x/c =  0.0539   36
 Side 2 forced transition at x/c =  1.0000   64

   2   rms: 0.1561E-01   max: 0.5953E-01   D at   68  1
       a = 15.250      CL =  1.4925
      Cm = -0.0725     CD =  0.06935   =>   CDf =  0.00629    CDp =  0.06306

 Side 1  free  transition at x/c =  0.0530   36
 Side 2 forced transition at x/c =  1.0000   64

   3   rms: 0.2310E-02   max: 0.1137E-01   D at   68  1
       a = 15.250      CL =  1.4910
      Cm = -0.0724     CD =  0.06928   =>   CDf =  0.00624    CDp =  0.06304

 Side 1  free  transition at x/c =  0.0531   36
 Side 2 forced transition at x/c =  1.0000   64

   4   rms: 0.1511E-03   max: 0.1171E-02   D at   79  2
       a = 15.250      CL =  1.4909
      Cm = -0.0724     CD =  0.06925   =>   CDf =  0.00623    CDp =  0.06301

 Side 1  free  transition at x/c =  0.0531   36
 Side 2 forced transition at x/c =  1.0000   64

   5   rms: 0.5127E-05   max: -.8555E-04   C at   64  2
       a = 15.250      CL =  1.4909
      Cm = -0.0724     CD =  0.06925   =>   CDf =  0.00623    CDp =  0.06301
 plradd ia,ip,cpol           51           0  3.25357774E-04

 Point added to stored polar  1
 Point written to save file  goe567_Re400k.base.pol                          
 Dump file unspecified or not available
 Calculating wake trajectory ...
 Calculating source influence matrix ...

 Solving BL system ...

 Side 1  free  transition at x/c =  0.0531   36
 Side 2 forced transition at x/c =  1.0000   64

   1   rms: 0.2968E-01   max: 0.1097E+00   T at   36  1   RLX: 0.468
       a = 15.500      CL =  1.4927
      Cm = -0.0725     CD =  0.07078   =>   CDf =  0.00624    CDp =  0.06454

 Side 1  free  transition at x/c =  0.0523   36
 Side 2 forced transition at x/c =  1.0000   64

   2   rms: 0.1617E-01   max: 0.6081E-01   D at   67  1
       a = 15.500      CL =  1.4935
      Cm = -0.0726     CD =  0.07249   =>   CDf =  0.00583    CDp =  0.06667

 Side 1  free  transition at x/c =  0.0513   37
 Side 2 forced transition at x/c =  1.0000   63
 idif Ue xi dudx           1  9.34996009E-02  6.02865219E-03   15.509205    
 Uenew xinew           2  2.21860959E-04  1.43051147E-05

   3   rms: 0.7418E-02   max: -.1221E+00   T at    2  1
       a = 15.500      CL =  1.4918
      Cm = -0.0725     CD =  0.07242   =>   CDf =  0.00650    CDp =  0.06592

 Side 1  free  transition at x/c =  0.0514   36
 Side 2 forced transition at x/c =  1.0000   64

   4   rms: 0.4638E-03   max: -.5330E-02   D at    3  1
       a = 15.500      CL =  1.4916
      Cm = -0.0725     CD =  0.07239   =>   CDf =  0.00615    CDp =  0.06624

 Side 1  free  transition at x/c =  0.0514   36
 Side 2 forced transition at x/c =  1.0000   64

   5   rms: 0.3220E-03   max: 0.3793E-02   D at    4  2
       a = 15.500      CL =  1.4916
      Cm = -0.0725     CD =  0.07238   =>   CDf =  0.00615    CDp =  0.06624

 Side 1  free  transition at x/c =  0.0514   36
 Side 2 forced transition at x/c =  1.0000   64

   6   rms: 0.3702E-05   max: 0.4457E-04   D at    4  2
       a = 15.500      CL =  1.4916
      Cm = -0.0725     CD =  0.07238   =>   CDf =  0.00615    CDp =  0.06624
 plradd ia,ip,cpol           52           0  3.25357774E-04

 Point added to stored polar  1
 Point written to save file  goe567_Re400k.base.pol                          
 Dump file unspecified or not available
 Calculating wake trajectory ...
 Calculating source influence matrix ...

 Solving BL system ...

 Side 1  free  transition at x/c =  0.0514   36
 Side 2 forced transition at x/c =  1.0000   64

   1   rms: 0.3203E-01   max: 0.1222E+00   D at   66  1   RLX: 0.455
       a = 15.750      CL =  1.4921
      Cm = -0.0727     CD =  0.07413   =>   CDf =  0.00578    CDp =  0.06835

 Side 1  free  transition at x/c =  0.0505   37
 Side 2 forced transition at x/c =  1.0000   63

   2   rms: 0.1914E-01   max: 0.8216E-01   D at    2  1
       a = 15.750      CL =  1.4903
      Cm = -0.0729     CD =  0.07634   =>   CDf =  0.00612    CDp =  0.07022

 Side 1  free  transition at x/c =  0.0495   37
 Side 2 forced transition at x/c =  1.0000   63

   3   rms: 0.2711E-02   max: 0.1584E-01   D at   78  2
       a = 15.750      CL =  1.4884
      Cm = -0.0728     CD =  0.07616   =>   CDf =  0.00609    CDp =  0.07006

 Side 1  free  transition at x/c =  0.0496   37
 Side 2 forced transition at x/c =  1.0000   63

   4   rms: 0.1670E-03   max: 0.1302E-02   D at   78  2
       a = 15.750      CL =  1.4883
      Cm = -0.0728     CD =  0.07612   =>   CDf =  0.00609    CDp =  0.07003

 Side 1  free  transition at x/c =  0.0496   37
 Side 2 forced transition at x/c =  1.0000   63

   5   rms: 0.6277E-05   max: -.1013E-03   C at   63  2
       a = 15.750      CL =  1.4883
      Cm = -0.0728     CD =  0.07611   =>   CDf =  0.00608    CDp =  0.07003
 plradd ia,ip,cpol           53           0  3.25357774E-04

 Point added to stored polar  1
 Point written to save file  goe567_Re400k.base.pol                          
 Dump file unspecified or not available
 Calculating wake trajectory ...
 Calculating source influence matrix ...

 Solving BL system ...

 Side 1  free  transition at x/c =  0.0496   37
 Side 2 forced transition at x/c =  1.0000   63

   1   rms: 0.3305E-01   max: 0.1378E+00   D at   66  1   RLX: 0.441
       a = 16.000      CL =  1.4873
      Cm = -0.0730     CD =  0.07807   =>   CDf =  0.00609    CDp =  0.07198

 Side 1  free  transition at x/c =  0.0487   37
 Side 2 forced transition at x/c =  1.0000   63

   2   rms: 0.2052E-01   max: 0.9625E-01   D at   67  1
       a = 16.000      CL =  1.4829
      Cm = -0.0733     CD =  0.08080   =>   CDf =  0.00607    CDp =  0.07472

 Side 1  free  transition at x/c =  0.0476   37
 Side 2 forced transition at x/c =  1.0000   63

   3   rms: 0.2896E-02   max: 0.1551E-01   D at   79  2
       a = 16.000      CL =  1.4810
      Cm = -0.0732     CD =  0.08048   =>   CDf =  0.00604    CDp =  0.07444

 Side 1  free  transition at x/c =  0.0476   37
 Side 2 forced transition at x/c =  1.0000   63

   4   rms: 0.1530E-03   max: 0.1337E-02   D at   79  2
       a = 16.000      CL =  1.4810
      Cm = -0.0732     CD =  0.08043   =>   CDf =  0.00604    CDp =  0.07439

 Side 1  free  transition at x/c =  0.0476   37
 Side 2 forced transition at x/c =  1.0000   63

   5   rms: 0.4210E-05   max: -.7170E-04   C at   63  2
       a = 16.000      CL =  1.4810
      Cm = -0.0732     CD =  0.08043   =>   CDf =  0.00604    CDp =  0.07439
 plradd ia,ip,cpol           54           0  3.25357774E-04

 Point added to stored polar  1
 Point written to save file  goe567_Re400k.base.pol                          
 Dump file unspecified or not available

.OPERva   c>  
 Polar accumulation disabled

.OPERv   c>  
 XFOIL   c>  
 XFOIL   c>  