
 ===================================================
  XFOIL Version 6.99
  Copyright (C) 2000   Mark Drela, Harold Youngren

  This software comes with ABSOLUTELY NO WARRANTY,
    subject to the GNU General Public License.

  Caveat computor
 ===================================================

 File  xfoil.def  not found

   QUIT    Exit program

  .OPER    Direct operating point(s)
  .MDES    Complex mapping design routine
  .QDES    Surface speed design routine
  .GDES    Geometry design routine

   SAVE f  Write airfoil to labeled coordinate file
   PSAV f  Write airfoil to plain coordinate file
   ISAV f  Write airfoil to ISES coordinate file
   MSAV f  Write airfoil to MSES coordinate file
   REVE    Reverse written-airfoil node ordering

   LOAD f  Read buffer airfoil from coordinate file
   NACA i  Set NACA 4,5-digit airfoil and buffer airfoil
   INTE    Set buffer airfoil by interpolating two airfoils
   NORM    Buffer airfoil normalization toggle
   XYCM rr Change CM reference location, currently  0.25000 0.00000

   BEND    Display structural properties of current airfoil

   PCOP    Set current-airfoil panel nodes directly from buffer airfoil points
   PANE    Set current-airfoil panel nodes ( 160 ) based on curvature
  .PPAR    Show/change paneling

  .PLOP    Plotting options

   WDEF f  Write  current-settings file
   RDEF f  Reread current-settings file
   NAME s  Specify new airfoil name
   NINC    Increment name version number

   Z       Zoom    | (available in all menus)
   U       Unzoom  | 

 XFOIL   c>  
 Labeled airfoil file.  Name:  GOE 628 AIRFOIL                                 

 Number of input coordinate points:  33
 Counterclockwise ordering
 Max thickness =     0.167985  at x =   0.203
 Max camber    =     0.052859  at x =   0.402

  LE  x,y  =  -0.00079   0.00583  |   Chord =   1.00081
  TE  x,y  =   1.00000   0.00000  |

 Current airfoil nodes set from buffer airfoil nodes (  33 )

 WARNING: Poor input coordinate distribution
          Excessive panel angle   56.0  at i =  17
          Repaneling with PANE and/or PPAR suggested
           (doing GDES,CADD before repaneling _may_
            improve excessively coarse LE spacing

 XFOIL   c>  
 XFOIL   c>  
 Sharp trailing edge

 Paneling parameters used...
   Number of panel nodes       160
   Panel bunching parameter    1.000
   TE/LE panel density ratio   0.150
   Refined-area/LE panel density ratio    0.200
   Top    side refined area x/c limits  1.000 1.000
   Bottom side refined area x/c limits  1.000 1.000

 XFOIL   c>  
.OPERi   c>  
 Xtr/c     =  1.0000    top    side
 Xtr/c     =  1.0000    bottom side
 Ncrit     =    9.00   ( 0.070 % turb. level )
 Vacc      =  0.0100

 Klag  =  5.6000     Uxwt  =    1.00
 A     =  6.7000     B     =  0.7500       KCt = 0.01485
 CtiniK=  1.8000     CtiniX=  3.3000

..VPAR   c>  
..VPAR   c>  
.OPERi   c>  
 M  =    0.0000
 Re =    500000

.OPERv   c>  
.OPERv   c>  
.OPERv   c>  
 Polar  1 newly created for accumulation
 Airfoil archived with polar: GOE 628 AIRFOIL                                 

Enter  polar save filename  OR  <return> for no file   s>  
 New polar save file available

Enter  polar dump filename  OR  <return> for no file   s>  
 Polar dump file will NOT be written

 Polar accumulation enabled

.OPERva   c>   Calculating unit vorticity distributions ...
 Calculating wake trajectory ...
 Calculating source influence matrix ...

 Solving BL system ...

 Initializing BL ...
    side            1  ...
 MRCHUE: Inverse mode at  32     Hk =   4.092
 MRCHUE: Inverse mode at  33     Hk =   4.931
 MRCHUE: Inverse mode at  34     Hk =   5.766
 MRCHUE: Inverse mode at  35     Hk =   6.605
 MRCHUE: Inverse mode at  36     Hk =   7.454
 MRCHUE: Inverse mode at  37     Hk =   8.310
 MRCHUE: Inverse mode at  38     Hk =   9.170
 MRCHUE: Inverse mode at  39     Hk =   8.557
 MRCHUE: Inverse mode at  40     Hk =   4.943
 MRCHUE: Inverse mode at  41     Hk =   3.047
 MRCHUE: Inverse mode at  83     Hk =   2.500
 MRCHUE: Inverse mode at  84     Hk =   2.500
 MRCHUE: Inverse mode at  85     Hk =   2.500
 MRCHUE: Inverse mode at  86     Hk =   2.500
 MRCHUE: Inverse mode at  87     Hk =   2.500
 MRCHUE: Inverse mode at  88     Hk =   2.500
 MRCHUE: Inverse mode at  89     Hk =   2.500
 MRCHUE: Inverse mode at  90     Hk =   2.500
 MRCHUE: Inverse mode at  91     Hk =   2.500
 MRCHUE: Inverse mode at  92     Hk =   2.500
 MRCHUE: Inverse mode at  93     Hk =   2.500
 MRCHUE: Inverse mode at  94     Hk =   2.500
 MRCHUE: Inverse mode at  95     Hk =   2.500
 MRCHUE: Inverse mode at  96     Hk =   2.500
 MRCHUE: Inverse mode at  97     Hk =   2.500
 MRCHUE: Inverse mode at  98     Hk =   2.500
 MRCHUE: Inverse mode at  99     Hk =   2.500
 MRCHUE: Convergence failed at 100  side 1    Res =  0.5122E+01
 MRCHUE: Inverse mode at 101     Hk =   2.500
 MRCHUE: Inverse mode at 102     Hk =   2.500
 MRCHUE: Inverse mode at 103     Hk =   2.500
 MRCHUE: Convergence failed at 104  side 1    Res =  0.4458E+01
 MRCHUE: Inverse mode at 105     Hk =   2.500
 MRCHUE: Inverse mode at 106     Hk =   2.500
 MRCHUE: Convergence failed at 107  side 1    Res =  0.4883E+01
    side            2  ...
 MRCHUE: Inverse mode at  55     Hk =   3.244

 MRCHDU: Convergence failed at 100  side 1    Res =  0.1328E+01
 MRCHDU: Convergence failed at 101  side 1    Res =  0.1415E+01
 MRCHDU: Convergence failed at 102  side 1    Res =  0.1567E+01
 MRCHDU: Convergence failed at 103  side 1    Res =  0.1648E+01
 MRCHDU: Convergence failed at 104  side 1    Res =  0.4090E+01
 MRCHDU: Convergence failed at 105  side 1    Res =  0.3988E+01
 MRCHDU: Convergence failed at 106  side 1    Res =  0.3585E+01
 MRCHDU: Convergence failed at 107  side 1    Res =  0.1354E+02
 Side 1  free  transition at x/c =  0.0164   39
 Side 2 forced transition at x/c =  1.0000   55

   1   rms: 0.8490E+00   max: 0.4176E+01   D at   57  2   RLX: 0.173
       a = 16.250      CL =  2.6826
      Cm = -0.2478     CD =  0.00937   =>   CDf =  0.00837    CDp =  0.00100

 MRCHDU: Convergence failed at  41  side 1    Res =  0.2905E+01
 Side 1  free  transition at x/c =  0.0191   40
 Side 2 forced transition at x/c =  1.0000   55

   2   rms: 0.6041E+00   max: -.2694E+01   T at   40  1   RLX: 0.186
       a = 16.250      CL =  2.6048
      Cm = -0.2186     CD =  0.01005   =>   CDf =  0.00876    CDp =  0.00129

 Side 1  free  transition at x/c =  0.0224   41
 Side 2 forced transition at x/c =  1.0000   55
 idif Ue xi dudx           1  6.47856891E-02  8.14604759E-03   7.9530210    
 Uenew xinew           2  4.23315028E-03  5.32269478E-04

   3   rms: 0.5559E+00   max: -.3316E+01   T at   41  1   RLX: 0.151
       a = 16.250      CL =  2.5304
      Cm = -0.1981     CD =  0.01169   =>   CDf =  0.00910    CDp =  0.00259

 Side 1  free  transition at x/c =  0.0274   42
 Side 2 forced transition at x/c =  1.0000   56

   4   rms: 0.1129E+01   max: -.2317E+02   C at   42  1   RLX: 0.022
       a = 16.250      CL =  2.5190
      Cm = -0.1966     CD =  0.01173   =>   CDf =  0.00827    CDp =  0.00346

 Side 1  free  transition at x/c =  0.0291   42
 Side 2 forced transition at x/c =  1.0000   56

   5   rms: 0.3697E+01   max: -.7319E+02   C at   42  1   RLX: 0.007
       a = 16.250      CL =  2.5173
      Cm = -0.1950     CD =  0.01162   =>   CDf =  0.00809    CDp =  0.00353

 Side 1  free  transition at x/c =  0.0284   42
 Side 2 forced transition at x/c =  1.0000   56

   6   rms: 0.5926E+00   max: 0.1573E+01   D at   62  2   RLX: 0.115
       a = 16.250      CL =  2.4574
      Cm = -0.1824     CD =  0.01321   =>   CDf =  0.00820    CDp =  0.00501

 Side 1  free  transition at x/c =  0.0369   44
 Side 2 forced transition at x/c =  1.0000   56

   7   rms: 0.6481E+00   max: 0.1642E+01   D at   62  2   RLX: 0.109
       a = 16.250      CL =  2.3842
      Cm = -0.1682     CD =  0.01445   =>   CDf =  0.00791    CDp =  0.00654

 Side 1  free  transition at x/c =  0.0490   47
 Side 2 forced transition at x/c =  1.0000   56

   8   rms: 0.6305E+00   max: -.8696E+01   C at   47  1   RLX: 0.057
       a = 16.250      CL =  2.3517
      Cm = -0.1628     CD =  0.01478   =>   CDf =  0.00767    CDp =  0.00711

 Side 1  free  transition at x/c =  0.0938   52
 Side 2 forced transition at x/c =  1.0000   56
 idif Ue xi dudx           1  8.55632350E-02  9.70816612E-03   8.8135319    
 Uenew xinew           2  2.35031489E-02  2.66671181E-03

   9   rms: 0.6560E+00   max: 0.3096E+01   D at   52  1   RLX: 0.232
       a = 16.250      CL =  2.2145
      Cm = -0.1306     CD =  0.01807   =>   CDf =  0.00728    CDp =  0.01079

 Side 1  free  transition at x/c =  0.1562   57
 Side 2 forced transition at x/c =  1.0000   57
 idif Ue xi dudx           1  6.07478656E-02  6.70409203E-03   9.0613117    
 Uenew xinew           2  2.31161201E-03  2.55107880E-04

  10   rms: 0.3908E+00   max: 0.2196E+01   D at   57  1   RLX: 0.339
       a = 16.250      CL =  2.1127
      Cm = -0.0980     CD =  0.02289   =>   CDf =  0.00644    CDp =  0.01646

 Side 1  free  transition at x/c =  0.1662   56
 Side 2 forced transition at x/c =  1.0000   58

  11   rms: 0.5174E+00   max: -.4264E+01   T at    2  2   RLX: 0.117
       a = 16.250      CL =  2.0700
      Cm = -0.0982     CD =  0.02649   =>   CDf =  0.00612    CDp =  0.02037

 Side 1  free  transition at x/c =  0.1727   57
 Side 2 forced transition at x/c =  1.0000   58
 idif Ue xi dudx           1  7.12386668E-02  7.03883171E-03   10.120809    
 Uenew xinew           2  1.21095842E-02  1.19650364E-03

  12   rms: 0.2932E+00   max: 0.1082E+01   D at   57  1   RLX: 0.588
       a = 16.250      CL =  1.8955
      Cm = -0.0668     CD =  0.03556   =>   CDf =  0.00602    CDp =  0.02954

 Side 1  free  transition at x/c =  0.1801   57
 Side 2 forced transition at x/c =  1.0000   59
 idif Ue xi dudx           1  7.38828927E-02  6.12831116E-03   12.055996    
 Uenew xinew           2  1.04713421E-02  8.68558884E-04

  13   rms: 0.1919E+00   max: 0.7556E+00   D at   84  1   RLX: 0.973
       a = 16.250      CL =  1.7256
      Cm = -0.0487     CD =  0.04963   =>   CDf =  0.00605    CDp =  0.04359

 MRCHDU: Convergence failed at  58  side 1    Res =  0.3046E+01
 MRCHDU: Convergence failed at  59  side 1    Res =  0.1943E+01
 MRCHDU: Convergence failed at  60  side 1    Res =  0.3482E+01
 MRCHDU: Convergence failed at  61  side 1    Res =  0.4886E+01
 MRCHDU: Convergence failed at  62  side 1    Res =  0.5579E+01
 MRCHDU: Convergence failed at  63  side 1    Res =  0.5897E+01
 MRCHDU: Convergence failed at  64  side 1    Res =  0.5916E+01
 MRCHDU: Convergence failed at  65  side 1    Res =  0.5791E+01
 MRCHDU: Convergence failed at  66  side 1    Res =  0.5514E+01
 MRCHDU: Convergence failed at  67  side 1    Res =  0.5185E+01
 MRCHDU: Convergence failed at  68  side 1    Res =  0.4756E+01
 MRCHDU: Convergence failed at  69  side 1    Res =  0.4298E+01
 MRCHDU: Convergence failed at  70  side 1    Res =  0.1183E+02
 MRCHDU: Convergence failed at  71  side 1    Res =  0.2519E+02
 MRCHDU: Convergence failed at  72  side 1    Res =  0.3336E+03
 MRCHDU: Convergence failed at  73  side 1    Res =  0.2199E+03
 MRCHDU: Convergence failed at  74  side 1    Res =  0.9280E+01
 MRCHDU: Convergence failed at  75  side 1    Res =  0.1527E+02
 MRCHDU: Convergence failed at  76  side 1    Res =  0.5013E+02
 MRCHDU: Convergence failed at  77  side 1    Res =  0.6713E+02
 MRCHDU: Convergence failed at  78  side 1    Res =  0.1472E+02
 MRCHDU: Convergence failed at  79  side 1    Res =  0.1436E+02
 MRCHDU: Convergence failed at  80  side 1    Res =  0.8267E+03
 MRCHDU: Convergence failed at  81  side 1    Res =  0.1734E+02
 MRCHDU: Convergence failed at  82  side 1    Res =  0.1384E+02
 MRCHDU: Convergence failed at  83  side 1    Res =  0.3085E+03
 MRCHDU: Convergence failed at  84  side 1    Res =  0.2126E+02
 MRCHDU: Convergence failed at  85  side 1    Res =  0.1436E+02
 MRCHDU: Convergence failed at  86  side 1    Res =  0.9127E+01
 MRCHDU: Convergence failed at  87  side 1    Res =  0.1357E+02
 MRCHDU: Convergence failed at  88  side 1    Res =  0.1509E+02
 MRCHDU: Convergence failed at  89  side 1    Res =  0.2308E+02
 MRCHDU: Convergence failed at  90  side 1    Res =  0.3459E+02
 MRCHDU: Convergence failed at  91  side 1    Res =  0.6794E+02
 MRCHDU: Convergence failed at  92  side 1    Res =  0.1904E+03
 MRCHDU: Convergence failed at  93  side 1    Res =  0.6093E+02
 MRCHDU: Convergence failed at  94  side 1    Res =  0.3086E+02
 MRCHDU: Convergence failed at  95  side 1    Res =  0.2177E+02
 MRCHDU: Convergence failed at  96  side 1    Res =  0.1782E+02
 MRCHDU: Convergence failed at  97  side 1    Res =  0.1496E+02
 MRCHDU: Convergence failed at  98  side 1    Res =  0.1299E+02
 MRCHDU: Convergence failed at  99  side 1    Res =  0.1211E+02
 MRCHDU: Convergence failed at 100  side 1    Res =  0.1278E+02
 MRCHDU: Convergence failed at 101  side 1    Res =  0.1343E+02
 MRCHDU: Convergence failed at 102  side 1    Res =  0.1629E+02
 MRCHDU: Convergence failed at  71  side 2    Res =  0.3652E+01
 MRCHDU: Convergence failed at  72  side 2    Res =  0.5512E+01
 Side 1  free  transition at x/c =  0.2175   58
 Side 2 forced transition at x/c =  1.0000   60

  14   rms: 0.1222E+01   max: 0.4813E+01   D at  102  1   RLX: 0.312
       a = 16.250      CL =  2.9790
      Cm = -0.5225     CD =  0.00572   =>   CDf =  0.00250    CDp =  0.00322

 Side 1  free  transition at x/c =  0.1821   58
 Side 2 forced transition at x/c =  1.0000   58

  15   rms: 0.7095E+00   max: 0.1392E+01   T at   62  2   RLX: 0.338
       a = 16.250      CL =  2.8028
      Cm = -0.3782     CD =  0.00885   =>   CDf =  0.01105    CDp = -0.00220

 Side 1  free  transition at x/c =  0.1617   57
 Side 2 forced transition at x/c =  1.0000   57

  16   rms: 0.4748E+00   max: 0.1253E+01   T at   59  2   RLX: 0.685
       a = 16.250      CL =  2.5234
      Cm = -0.1954     CD =  0.01351   =>   CDf =  0.00918    CDp =  0.00433

 MRCHDU: Convergence failed at 102  side 1    Res =  0.2882E+01
 MRCHDU: Convergence failed at 103  side 1    Res =  0.3390E+01
 MRCHDU: Convergence failed at 104  side 1    Res =  0.4492E+01
 MRCHDU: Convergence failed at 105  side 1    Res =  0.7400E+01
 MRCHDU: Convergence failed at 106  side 1    Res =  0.8155E+01
 MRCHDU: Convergence failed at  58  side 2    Res =  0.1224E+01
 MRCHDU: Convergence failed at  59  side 2    Res =  0.1195E+01
 Side 1  free  transition at x/c =  0.1391   56
 Side 2 forced transition at x/c =  1.0000   56
 idif Ue xi dudx           1  0.10854428      1.21936798E-02   8.9016838    
 Uenew xinew           2  4.58634831E-02  5.15222549E-03

  17   rms: 0.4106E+00   max: 0.1744E+01   D at   65  2   RLX: 0.860
       a = 16.250      CL =  2.1440
      Cm = -0.0921     CD =  0.02193   =>   CDf =  0.00753    CDp =  0.01441

 MRCHDU: Convergence failed at  91  side 1    Res =  0.2554E+01
 MRCHDU: Convergence failed at  92  side 1    Res =  0.2732E+01
 MRCHDU: Convergence failed at  93  side 1    Res =  0.5604E+01
 MRCHDU: Convergence failed at  94  side 1    Res =  0.2310E+02
 MRCHDU: Convergence failed at  95  side 1    Res =  0.3058E+01
 MRCHDU: Convergence failed at  96  side 1    Res =  0.1639E+01
 MRCHDU: Convergence failed at  97  side 1    Res =  0.1403E+01
 MRCHDU: Convergence failed at  98  side 1    Res =  0.2481E+01
 MRCHDU: Convergence failed at  99  side 1    Res =  0.1332E+02
 MRCHDU: Convergence failed at 100  side 1    Res =  0.1900E+01
 MRCHDU: Convergence failed at 101  side 1    Res =  0.3105E+01
 MRCHDU: Convergence failed at 102  side 1    Res =  0.3943E+01
 MRCHDU: Convergence failed at 103  side 1    Res =  0.4408E+01
 MRCHDU: Convergence failed at 104  side 1    Res =  0.4677E+01
 MRCHDU: Convergence failed at 105  side 1    Res =  0.4338E+01
 Side 1  free  transition at x/c =  0.1615   57
 Side 2 forced transition at x/c =  1.0000   57

  18   rms: 0.2835E+00   max: 0.1929E+01   D at  105  1   RLX: 0.778
       a = 16.250      CL =  2.1621
      Cm = -0.1004     CD =  0.02334   =>   CDf =  0.00603    CDp =  0.01732

 Side 1  free  transition at x/c =  0.1619   57
 Side 2 forced transition at x/c =  1.0000   57
 idif Ue xi dudx           1  0.10485014      1.12133026E-02   9.3505135    
 Uenew xinew           2  4.45488244E-02  4.76431847E-03

  19   rms: 0.1006E+01   max: 0.4227E+01   D at  105  1   RLX: 0.257
       a = 16.250      CL =  1.9777
      Cm = -0.0882     CD =  0.02902   =>   CDf =  0.00608    CDp =  0.02294

 Side 1  free  transition at x/c =  0.1782   57
 Side 2 forced transition at x/c =  1.0000   58
 idif Ue xi dudx           2  0.12948593      1.21232271E-02   10.680814    
 Uenew xinew           3  6.70851097E-02  6.28089905E-03

  20   rms: 0.2643E+00   max: 0.1429E+01   D at   65  2
       a = 16.250      CL =  1.7181
      Cm = -0.0442     CD =  0.04907   =>   CDf =  0.00605    CDp =  0.04302

 Side 1  free  transition at x/c =  0.1980   57
 Side 2 forced transition at x/c =  1.0000   60

  21   rms: 0.2469E-01   max: 0.2039E+00   D at   81  1
       a = 16.250      CL =  1.7276
      Cm = -0.0438     CD =  0.04770   =>   CDf =  0.00513    CDp =  0.04257

 Side 1  free  transition at x/c =  0.1966   57
 Side 2 forced transition at x/c =  1.0000   60

  22   rms: 0.2752E-02   max: 0.3289E-01   D at   72  2
       a = 16.250      CL =  1.7293
      Cm = -0.0440     CD =  0.04735   =>   CDf =  0.00516    CDp =  0.04218

 Side 1  free  transition at x/c =  0.1964   57
 Side 2 forced transition at x/c =  1.0000   60

  23   rms: 0.1185E-03   max: -.1026E-02   D at   72  2
       a = 16.250      CL =  1.7293
      Cm = -0.0440     CD =  0.04735   =>   CDf =  0.00517    CDp =  0.04218

 Side 1  free  transition at x/c =  0.1964   57
 Side 2 forced transition at x/c =  1.0000   60

  24   rms: 0.3853E-05   max: 0.4426E-04   C at   60  2
       a = 16.250      CL =  1.7293
      Cm = -0.0440     CD =  0.04735   =>   CDf =  0.00517    CDp =  0.04218
 plradd ia,ip,cpol            1           0  4.16142168E-04

 Point added to stored polar  1
 Point written to save file  goe628_Re500k.ext.pol                           
 Dump file unspecified or not available
 Calculating wake trajectory ...
 Calculating source influence matrix ...

 Solving BL system ...

 Side 1  free  transition at x/c =  0.1964   57
 Side 2 forced transition at x/c =  1.0000   60

   1   rms: 0.3282E-01   max: -.1504E+00   D at   57  1   RLX: 0.525
       a = 16.500      CL =  1.7298
      Cm = -0.0438     CD =  0.04882   =>   CDf =  0.00518    CDp =  0.04364

 Side 1  free  transition at x/c =  0.1938   57
 Side 2 forced transition at x/c =  1.0000   60

   2   rms: 0.1707E-01   max: 0.8103E-01   D at   79  1
       a = 16.500      CL =  1.7267
      Cm = -0.0435     CD =  0.05033   =>   CDf =  0.00490    CDp =  0.04543

 Side 1  free  transition at x/c =  0.1917   57
 Side 2 forced transition at x/c =  1.0000   59

   3   rms: 0.5677E-02   max: -.5951E-01   C at   57  1
       a = 16.500      CL =  1.7293
      Cm = -0.0435     CD =  0.04982   =>   CDf =  0.00514    CDp =  0.04468

 Side 1  free  transition at x/c =  0.1918   57
 Side 2 forced transition at x/c =  1.0000   59

   4   rms: 0.6042E-03   max: -.2785E-02   D at   80  1
       a = 16.500      CL =  1.7298
      Cm = -0.0435     CD =  0.04981   =>   CDf =  0.00512    CDp =  0.04468

 Side 1  free  transition at x/c =  0.1918   57
 Side 2 forced transition at x/c =  1.0000   59

   5   rms: 0.3942E-04   max: 0.3576E-03   C at   59  2
       a = 16.500      CL =  1.7298
      Cm = -0.0435     CD =  0.04981   =>   CDf =  0.00512    CDp =  0.04469
 plradd ia,ip,cpol            2           0 -1.53017027E-04

 Point added to stored polar  1
 Point written to save file  goe628_Re500k.ext.pol                           
 Dump file unspecified or not available
 Calculating wake trajectory ...
 Calculating source influence matrix ...

 Solving BL system ...

 Side 1  free  transition at x/c =  0.1918   57
 Side 2 forced transition at x/c =  1.0000   59

   1   rms: 0.2975E-01   max: 0.9934E-01   D at   79  1   RLX: 0.513
       a = 16.750      CL =  1.7335
      Cm = -0.0435     CD =  0.05095   =>   CDf =  0.00513    CDp =  0.04582

 Side 1  free  transition at x/c =  0.1892   57
 Side 2 forced transition at x/c =  1.0000   59

   2   rms: 0.1456E-01   max: 0.5882E-01   D at   79  1
       a = 16.750      CL =  1.7346
      Cm = -0.0434     CD =  0.05211   =>   CDf =  0.00508    CDp =  0.04703

 Side 1  free  transition at x/c =  0.1869   57
 Side 2 forced transition at x/c =  1.0000   59

   3   rms: 0.1725E-02   max: 0.9417E-02   D at   79  1
       a = 16.750      CL =  1.7331
      Cm = -0.0432     CD =  0.05207   =>   CDf =  0.00504    CDp =  0.04702

 Side 1  free  transition at x/c =  0.1871   57
 Side 2 forced transition at x/c =  1.0000   59

   4   rms: 0.1159E-03   max: 0.8955E-03   D at   72  2
       a = 16.750      CL =  1.7330
      Cm = -0.0432     CD =  0.05206   =>   CDf =  0.00504    CDp =  0.04702

 Side 1  free  transition at x/c =  0.1871   57
 Side 2 forced transition at x/c =  1.0000   59

   5   rms: 0.5412E-05   max: -.4876E-04   C at   59  2
       a = 16.750      CL =  1.7330
      Cm = -0.0432     CD =  0.05205   =>   CDf =  0.00504    CDp =  0.04701
 plradd ia,ip,cpol            3           0 -1.53017027E-04

 Point added to stored polar  1
 Point written to save file  goe628_Re500k.ext.pol                           
 Dump file unspecified or not available
 Calculating wake trajectory ...
 Calculating source influence matrix ...

 Solving BL system ...

 Side 1  free  transition at x/c =  0.1871   57
 Side 2 forced transition at x/c =  1.0000   59

   1   rms: 0.3131E-01   max: 0.1298E+00   D at   78  1   RLX: 0.497
       a = 17.000      CL =  1.7339
      Cm = -0.0432     CD =  0.05349   =>   CDf =  0.00504    CDp =  0.04845

 Side 1  free  transition at x/c =  0.1843   57
 Side 2 forced transition at x/c =  1.0000   59

   2   rms: 0.1730E-01   max: 0.8294E-01   D at   78  1
       a = 17.000      CL =  1.7310
      Cm = -0.0431     CD =  0.05516   =>   CDf =  0.00503    CDp =  0.05013

 Side 1  free  transition at x/c =  0.1819   57
 Side 2 forced transition at x/c =  1.0000   59

   3   rms: 0.1772E-02   max: -.1277E-01   C at   59  2
       a = 17.000      CL =  1.7294
      Cm = -0.0429     CD =  0.05502   =>   CDf =  0.00503    CDp =  0.04999

 Side 1  free  transition at x/c =  0.1820   57
 Side 2 forced transition at x/c =  1.0000   59

   4   rms: 0.4637E-04   max: -.5188E-03   C at   59  2
       a = 17.000      CL =  1.7294
      Cm = -0.0429     CD =  0.05501   =>   CDf =  0.00502    CDp =  0.04999
 plradd ia,ip,cpol            4           0 -1.53017027E-04

 Point added to stored polar  1
 Point written to save file  goe628_Re500k.ext.pol                           
 Dump file unspecified or not available
 Calculating wake trajectory ...
 Calculating source influence matrix ...

 Solving BL system ...

 Side 1  free  transition at x/c =  0.1821   57
 Side 2 forced transition at x/c =  1.0000   59

   1   rms: 0.3344E-01   max: 0.1507E+00   D at   77  1   RLX: 0.480
       a = 17.250      CL =  1.7281
      Cm = -0.0429     CD =  0.05665   =>   CDf =  0.00502    CDp =  0.05163

 Side 1  free  transition at x/c =  0.1797   57
 Side 2 forced transition at x/c =  1.0000   59

   2   rms: 0.2000E-01   max: 0.1054E+00   D at   78  1
       a = 17.250      CL =  1.7223
      Cm = -0.0428     CD =  0.05874   =>   CDf =  0.00503    CDp =  0.05371

 Side 1  free  transition at x/c =  0.1775   56
 Side 2 forced transition at x/c =  1.0000   59

   3   rms: 0.6236E-02   max: -.5764E-01   C at   56  1
       a = 17.250      CL =  1.7264
      Cm = -0.0427     CD =  0.05786   =>   CDf =  0.00497    CDp =  0.05289

 Side 1  free  transition at x/c =  0.1776   56
 Side 2 forced transition at x/c =  1.0000   59

   4   rms: 0.7662E-03   max: 0.3475E-02   C at   59  2
       a = 17.250      CL =  1.7270
      Cm = -0.0427     CD =  0.05787   =>   CDf =  0.00496    CDp =  0.05291

 Side 1  free  transition at x/c =  0.1775   56
 Side 2 forced transition at x/c =  1.0000   59

   5   rms: 0.5533E-04   max: 0.4806E-03   C at   59  2
       a = 17.250      CL =  1.7271
      Cm = -0.0427     CD =  0.05788   =>   CDf =  0.00496    CDp =  0.05292
 plradd ia,ip,cpol            5           0 -1.53017027E-04

 Point added to stored polar  1
 Point written to save file  goe628_Re500k.ext.pol                           
 Dump file unspecified or not available
 Calculating wake trajectory ...
 Calculating source influence matrix ...

 Solving BL system ...

 Side 1  free  transition at x/c =  0.1775   56
 Side 2 forced transition at x/c =  1.0000   59

   1   rms: 0.3053E-01   max: -.1263E+00   D at    3  1   RLX: 0.469
       a = 17.500      CL =  1.7292
      Cm = -0.0428     CD =  0.05913   =>   CDf =  0.00497    CDp =  0.05417

 Side 1  free  transition at x/c =  0.1747   56
 Side 2 forced transition at x/c =  1.0000   59

   2   rms: 0.1719E-01   max: 0.7614E-01   D at   77  1
       a = 17.500      CL =  1.7281
      Cm = -0.0428     CD =  0.06078   =>   CDf =  0.00493    CDp =  0.05585

 Side 1  free  transition at x/c =  0.1716   56
 Side 2 forced transition at x/c =  1.0000   59

   3   rms: 0.4034E-02   max: 0.2940E-01   D at   77  1
       a = 17.500      CL =  1.7248
      Cm = -0.0427     CD =  0.06090   =>   CDf =  0.00491    CDp =  0.05599

 Side 1  free  transition at x/c =  0.1721   56
 Side 2 forced transition at x/c =  1.0000   59

   4   rms: 0.2319E-03   max: -.2523E-02   C at   59  2
       a = 17.500      CL =  1.7246
      Cm = -0.0426     CD =  0.06085   =>   CDf =  0.00490    CDp =  0.05596

 Side 1  free  transition at x/c =  0.1721   56
 Side 2 forced transition at x/c =  1.0000   59

   5   rms: 0.2641E-05   max: -.4145E-04   C at   59  2
       a = 17.500      CL =  1.7246
      Cm = -0.0426     CD =  0.06085   =>   CDf =  0.00490    CDp =  0.05596
 plradd ia,ip,cpol            6           0 -5.43478527E-04

 Point added to stored polar  1
 Point written to save file  goe628_Re500k.ext.pol                           
 Dump file unspecified or not available
 Calculating wake trajectory ...
 Calculating source influence matrix ...

 Solving BL system ...

 Side 1  free  transition at x/c =  0.1721   56
 Side 2 forced transition at x/c =  1.0000   59

   1   rms: 0.3446E-01   max: 0.1570E+00   D at   76  1   RLX: 0.452
       a = 17.750      CL =  1.7231
      Cm = -0.0428     CD =  0.06257   =>   CDf =  0.00490    CDp =  0.05767

 Side 1  free  transition at x/c =  0.1697   56
 Side 2 forced transition at x/c =  1.0000   59

   2   rms: 0.1928E-01   max: 0.9268E-01   D at   76  1
       a = 17.750      CL =  1.7192
      Cm = -0.0427     CD =  0.06457   =>   CDf =  0.00489    CDp =  0.05968

 Side 1  free  transition at x/c =  0.1672   56
 Side 2 forced transition at x/c =  1.0000   59

   3   rms: 0.3173E-02   max: 0.2246E-01   D at   76  1
       a = 17.750      CL =  1.7165
      Cm = -0.0426     CD =  0.06452   =>   CDf =  0.00489    CDp =  0.05963

 Side 1  free  transition at x/c =  0.1673   56
 Side 2 forced transition at x/c =  1.0000   59

   4   rms: 0.2873E-03   max: 0.2085E-02   D at   73  2
       a = 17.750      CL =  1.7163
      Cm = -0.0426     CD =  0.06449   =>   CDf =  0.00488    CDp =  0.05961

 Side 1  free  transition at x/c =  0.1673   56
 Side 2 forced transition at x/c =  1.0000   59

   5   rms: 0.1564E-04   max: -.1661E-03   C at   59  2
       a = 17.750      CL =  1.7163
      Cm = -0.0426     CD =  0.06449   =>   CDf =  0.00488    CDp =  0.05961
 plradd ia,ip,cpol            7           0 -1.53017027E-04

 Point added to stored polar  1
 Point written to save file  goe628_Re500k.ext.pol                           
 Dump file unspecified or not available
 Calculating wake trajectory ...
 Calculating source influence matrix ...

 Solving BL system ...

 Side 1  free  transition at x/c =  0.1673   56
 Side 2 forced transition at x/c =  1.0000   59

   1   rms: 0.3776E-01   max: 0.1929E+00   D at   75  1   RLX: 0.435
       a = 18.000      CL =  1.7120
      Cm = -0.0428     CD =  0.06656   =>   CDf =  0.00489    CDp =  0.06167

 Side 1  free  transition at x/c =  0.1654   55
 Side 2 forced transition at x/c =  1.0000   59

   2   rms: 0.1638E-01   max: -.5984E-01   C at   55  1
       a = 18.000      CL =  1.7158
      Cm = -0.0427     CD =  0.06756   =>   CDf =  0.00486    CDp =  0.06270

 Side 1  free  transition at x/c =  0.1622   55
 Side 2 forced transition at x/c =  1.0000   59

   3   rms: 0.2746E-02   max: -.1326E-01   C at   55  1
       a = 18.000      CL =  1.7133
      Cm = -0.0426     CD =  0.06762   =>   CDf =  0.00481    CDp =  0.06281

 Side 1  free  transition at x/c =  0.1626   55
 Side 2 forced transition at x/c =  1.0000   59

   4   rms: 0.1721E-03   max: -.1646E-02   C at   59  2
       a = 18.000      CL =  1.7132
      Cm = -0.0426     CD =  0.06759   =>   CDf =  0.00480    CDp =  0.06279

 Side 1  free  transition at x/c =  0.1626   55
 Side 2 forced transition at x/c =  1.0000   59

   5   rms: 0.6822E-05   max: -.7967E-04   C at   59  2
       a = 18.000      CL =  1.7132
      Cm = -0.0426     CD =  0.06759   =>   CDf =  0.00480    CDp =  0.06278
 plradd ia,ip,cpol            8           0 -1.53017027E-04

 Point added to stored polar  1
 Point written to save file  goe628_Re500k.ext.pol                           
 Dump file unspecified or not available

.OPERva   c>   Calculating wake trajectory ...
 Calculating source influence matrix ...

 Solving BL system ...

 Side 1  free  transition at x/c =  0.1626   55
 Side 2 forced transition at x/c =  1.0000   59

   1   rms: 0.3030E-01   max: 0.1355E+00   D at   74  1   RLX: 0.427
       a = 18.250      CL =  1.7130
      Cm = -0.0428     CD =  0.06910   =>   CDf =  0.00450    CDp =  0.06459

 Side 1  free  transition at x/c =  0.1600   56
 Side 2 forced transition at x/c =  1.0000   58

   2   rms: 0.4766E-01   max: 0.7344E+00   D at    2  1
       a = 18.250      CL =  1.7071
      Cm = -0.0430     CD =  0.07171   =>   CDf =  0.00478    CDp =  0.06693

 Side 1  free  transition at x/c =  0.1570   56
 Side 2 forced transition at x/c =  1.0000   58

   3   rms: 0.3919E-02   max: 0.3066E-01   D at    4  1
       a = 18.250      CL =  1.7044
      Cm = -0.0428     CD =  0.07146   =>   CDf =  0.00476    CDp =  0.06670

 Side 1  free  transition at x/c =  0.1573   56
 Side 2 forced transition at x/c =  1.0000   58

   4   rms: 0.1456E-03   max: -.1617E-02   C at   58  2
       a = 18.250      CL =  1.7043
      Cm = -0.0428     CD =  0.07143   =>   CDf =  0.00475    CDp =  0.06667

 Side 1  free  transition at x/c =  0.1574   56
 Side 2 forced transition at x/c =  1.0000   58

   5   rms: 0.3399E-05   max: -.4747E-04   C at   58  2
       a = 18.250      CL =  1.7043
      Cm = -0.0428     CD =  0.07143   =>   CDf =  0.00475    CDp =  0.06667
 plradd ia,ip,cpol            9           0 -5.43478527E-04

 Point added to stored polar  1
 Point written to save file  goe628_Re500k.ext.pol                           
 Dump file unspecified or not available
 Calculating wake trajectory ...
 Calculating source influence matrix ...

 Solving BL system ...

 Side 1  free  transition at x/c =  0.1574   56
 Side 2 forced transition at x/c =  1.0000   58

   1   rms: 0.6884E-01   max: 0.3556E+00   D at   74  1   RLX: 0.400
       a = 18.750      CL =  1.6981
      Cm = -0.0433     CD =  0.07517   =>   CDf =  0.00476    CDp =  0.07041

 Side 1  free  transition at x/c =  0.1531   55
 Side 2 forced transition at x/c =  1.0000   58

   2   rms: 0.3646E-01   max: 0.1989E+00   D at   75  1
       a = 18.750      CL =  1.6942
      Cm = -0.0438     CD =  0.07947   =>   CDf =  0.00477    CDp =  0.07471

 Side 1  free  transition at x/c =  0.1465   55
 Side 2 forced transition at x/c =  1.0000   58

   3   rms: 0.9612E-02   max: 0.7009E-01   D at   74  1
       a = 18.750      CL =  1.6861
      Cm = -0.0435     CD =  0.07952   =>   CDf =  0.00468    CDp =  0.07484

 Side 1  free  transition at x/c =  0.1476   55
 Side 2 forced transition at x/c =  1.0000   58

   4   rms: 0.1490E-02   max: 0.1046E-01   D at   74  1
       a = 18.750      CL =  1.6849
      Cm = -0.0435     CD =  0.07949   =>   CDf =  0.00465    CDp =  0.07484

 Side 1  free  transition at x/c =  0.1477   55
 Side 2 forced transition at x/c =  1.0000   58

   5   rms: 0.1214E-03   max: -.1261E-02   C at   58  2
       a = 18.750      CL =  1.6848
      Cm = -0.0434     CD =  0.07946   =>   CDf =  0.00465    CDp =  0.07482

 Side 1  free  transition at x/c =  0.1477   55
 Side 2 forced transition at x/c =  1.0000   58

   6   rms: 0.4227E-05   max: -.5738E-04   C at   58  2
       a = 18.750      CL =  1.6848
      Cm = -0.0434     CD =  0.07946   =>   CDf =  0.00465    CDp =  0.07481
 plradd ia,ip,cpol           10           0 -1.53017027E-04

 Point added to stored polar  1
 Point written to save file  goe628_Re500k.ext.pol                           
 Dump file unspecified or not available
 Calculating wake trajectory ...
 Calculating source influence matrix ...

 Solving BL system ...

 Side 1  free  transition at x/c =  0.1477   55
 Side 2 forced transition at x/c =  1.0000   58

   1   rms: 0.6579E-01   max: 0.3527E+00   D at   73  1   RLX: 0.377
       a = 19.250      CL =  1.6791
      Cm = -0.0441     CD =  0.08315   =>   CDf =  0.00465    CDp =  0.07850

 Side 1  free  transition at x/c =  0.1437   55
 Side 2 forced transition at x/c =  1.0000   58

   2   rms: 0.4427E-01   max: 0.2550E+00   D at   73  1
       a = 19.250      CL =  1.6637
      Cm = -0.0451     CD =  0.08955   =>   CDf =  0.00464    CDp =  0.08490

 Side 1  free  transition at x/c =  0.1390   54
 Side 2 forced transition at x/c =  1.0000   58

   3   rms: 0.6155E-02   max: -.5334E-01   C at   58  2
       a = 19.250      CL =  1.6605
      Cm = -0.0447     CD =  0.08846   =>   CDf =  0.00457    CDp =  0.08389

 Side 1  free  transition at x/c =  0.1391   54
 Side 2 forced transition at x/c =  1.0000   58

   4   rms: 0.5442E-03   max: 0.5184E-02   D at   72  1
       a = 19.250      CL =  1.6601
      Cm = -0.0446     CD =  0.08836   =>   CDf =  0.00456    CDp =  0.08380

 Side 1  free  transition at x/c =  0.1391   54
 Side 2 forced transition at x/c =  1.0000   58

   5   rms: 0.5367E-04   max: -.5038E-03   C at   58  2
       a = 19.250      CL =  1.6600
      Cm = -0.0446     CD =  0.08836   =>   CDf =  0.00456    CDp =  0.08380
 plradd ia,ip,cpol           11           0 -5.43478527E-04

 Point added to stored polar  1
 Point written to save file  goe628_Re500k.ext.pol                           
 Dump file unspecified or not available
 Calculating wake trajectory ...
 Calculating source influence matrix ...

 Solving BL system ...

 Side 1  free  transition at x/c =  0.1391   54
 Side 2 forced transition at x/c =  1.0000   58

   1   rms: 0.5899E-01   max: 0.3152E+00   D at   71  1   RLX: 0.357
       a = 19.750      CL =  1.6570
      Cm = -0.0454     CD =  0.09165   =>   CDf =  0.00457    CDp =  0.08708

 Side 1  free  transition at x/c =  0.1356   54
 Side 2 forced transition at x/c =  1.0000   58

   2   rms: 0.4296E-01   max: 0.2499E+00   D at   71  1
       a = 19.750      CL =  1.6437
      Cm = -0.0468     CD =  0.09838   =>   CDf =  0.00452    CDp =  0.09386

 Side 1  free  transition at x/c =  0.1298   54
 Side 2 forced transition at x/c =  1.0000   58

   3   rms: 0.1337E-01   max: 0.1121E+00   D at   71  1
       a = 19.750      CL =  1.6334
      Cm = -0.0466     CD =  0.09830   =>   CDf =  0.00450    CDp =  0.09380

 Side 1  free  transition at x/c =  0.1307   54
 Side 2 forced transition at x/c =  1.0000   58

   4   rms: 0.1242E-02   max: -.1227E-01   C at   58  2
       a = 19.750      CL =  1.6334
      Cm = -0.0464     CD =  0.09780   =>   CDf =  0.00445    CDp =  0.09335

 Side 1  free  transition at x/c =  0.1307   54
 Side 2 forced transition at x/c =  1.0000   58

   5   rms: 0.8956E-04   max: -.4128E-03   D at   76  2
       a = 19.750      CL =  1.6335
      Cm = -0.0464     CD =  0.09780   =>   CDf =  0.00446    CDp =  0.09334
 plradd ia,ip,cpol           12           0 -5.43478527E-04

 Point added to stored polar  1
 Point written to save file  goe628_Re500k.ext.pol                           
 Dump file unspecified or not available
 Calculating wake trajectory ...
 Calculating source influence matrix ...

 Solving BL system ...

 Side 1  free  transition at x/c =  0.1307   54
 Side 2 forced transition at x/c =  1.0000   58

   1   rms: 0.6846E-01   max: 0.3971E+00   D at   69  1   RLX: 0.333
       a = 20.250      CL =  1.6255
      Cm = -0.0475     CD =  0.10185   =>   CDf =  0.00446    CDp =  0.09738

 Side 1  free  transition at x/c =  0.1282   53
 Side 2 forced transition at x/c =  1.0000   58

   2   rms: 0.3807E-01   max: 0.2165E+00   D at   70  1
       a = 20.250      CL =  1.6206
      Cm = -0.0489     CD =  0.10744   =>   CDf =  0.00444    CDp =  0.10300

 Side 1  free  transition at x/c =  0.1228   53
 Side 2 forced transition at x/c =  1.0000   58

   3   rms: 0.8203E-02   max: -.5414E-01   C at   58  2
       a = 20.250      CL =  1.6141
      Cm = -0.0486     CD =  0.10676   =>   CDf =  0.00434    CDp =  0.10241

 Side 1  free  transition at x/c =  0.1235   53
 Side 2 forced transition at x/c =  1.0000   58

   4   rms: 0.1615E-02   max: 0.1366E-01   D at   69  1
       a = 20.250      CL =  1.6129
      Cm = -0.0486     CD =  0.10673   =>   CDf =  0.00432    CDp =  0.10240

 Side 1  free  transition at x/c =  0.1236   53
 Side 2 forced transition at x/c =  1.0000   58

   5   rms: 0.1851E-03   max: -.1644E-02   C at   58  2
       a = 20.250      CL =  1.6127
      Cm = -0.0486     CD =  0.10669   =>   CDf =  0.00432    CDp =  0.10238

 Side 1  free  transition at x/c =  0.1236   53
 Side 2 forced transition at x/c =  1.0000   58

   6   rms: 0.1583E-04   max: -.1989E-03   C at   58  2
       a = 20.250      CL =  1.6127
      Cm = -0.0486     CD =  0.10669   =>   CDf =  0.00432    CDp =  0.10237
 plradd ia,ip,cpol           13           0 -5.43478527E-04

 Point added to stored polar  1
 Point written to save file  goe628_Re500k.ext.pol                           
 Dump file unspecified or not available
 Calculating wake trajectory ...
 Calculating source influence matrix ...

 Solving BL system ...

 Side 1  free  transition at x/c =  0.1236   53
 Side 2 forced transition at x/c =  1.0000   58

   1   rms: 0.6590E-01   max: 0.3991E+00   D at   68  1   RLX: 0.318
       a = 20.750      CL =  1.6060
      Cm = -0.0498     CD =  0.11065   =>   CDf =  0.00433    CDp =  0.10633

 Side 1  free  transition at x/c =  0.1209   53
 Side 2 forced transition at x/c =  1.0000   58

   2   rms: 0.4398E-01   max: 0.2670E+00   D at   68  1
       a = 20.750      CL =  1.5916
      Cm = -0.0520     CD =  0.11841   =>   CDf =  0.00399    CDp =  0.11442

 Side 1  free  transition at x/c =  0.1161   53
 Side 2 forced transition at x/c =  1.0000   57
 idif Ue xi dudx           1  5.91044202E-02  6.48880005E-03   9.1086826    
 Uenew xinew           2  3.62670427E-04  3.98159027E-05

   3   rms: 0.1064E-01   max: -.9829E-01   D at    2  1
       a = 20.750      CL =  1.5859
      Cm = -0.0517     CD =  0.11707   =>   CDf =  0.00454    CDp =  0.11254

 Side 1  free  transition at x/c =  0.1164   52
 Side 2 forced transition at x/c =  1.0000   58

   4   rms: 0.1101E-02   max: 0.9708E-02   D at   75  2
       a = 20.750      CL =  1.5859
      Cm = -0.0515     CD =  0.11661   =>   CDf =  0.00425    CDp =  0.11236

 Side 1  free  transition at x/c =  0.1164   52
 Side 2 forced transition at x/c =  1.0000   58

   5   rms: 0.3657E-03   max: 0.4277E-02   D at    4  2
       a = 20.750      CL =  1.5860
      Cm = -0.0515     CD =  0.11661   =>   CDf =  0.00425    CDp =  0.11236

 Side 1  free  transition at x/c =  0.1164   52
 Side 2 forced transition at x/c =  1.0000   58

   6   rms: 0.1141E-04   max: 0.1336E-03   C at   58  2
       a = 20.750      CL =  1.5860
      Cm = -0.0515     CD =  0.11661   =>   CDf =  0.00425    CDp =  0.11236
 plradd ia,ip,cpol           14           0 -5.43478527E-04

 Point added to stored polar  1
 Point written to save file  goe628_Re500k.ext.pol                           
 Dump file unspecified or not available
 Calculating wake trajectory ...
 Calculating source influence matrix ...

 Solving BL system ...

 Side 1  free  transition at x/c =  0.1164   52
 Side 2 forced transition at x/c =  1.0000   58

   1   rms: 0.5292E-01   max: 0.2684E+00   D at   67  1   RLX: 0.305
       a = 21.250      CL =  1.5852
      Cm = -0.0524     CD =  0.11939   =>   CDf =  0.00395    CDp =  0.11544

 Side 1  free  transition at x/c =  0.1141   53
 Side 2 forced transition at x/c =  1.0000   57

   2   rms: 0.3882E-01   max: 0.2192E+00   D at   68  1
       a = 21.250      CL =  1.5787
      Cm = -0.0547     CD =  0.12625   =>   CDf =  0.00420    CDp =  0.12205

 Side 1  free  transition at x/c =  0.1084   53
 Side 2 forced transition at x/c =  1.0000   57

   3   rms: 0.1371E-01   max: 0.8779E-01   D at   68  1
       a = 21.250      CL =  1.5686
      Cm = -0.0548     CD =  0.12609   =>   CDf =  0.00417    CDp =  0.12192

 Side 1  free  transition at x/c =  0.1094   53
 Side 2 forced transition at x/c =  1.0000   57

   4   rms: 0.1143E-02   max: -.1271E-01   C at   57  2
       a = 21.250      CL =  1.5680
      Cm = -0.0547     CD =  0.12556   =>   CDf =  0.00412    CDp =  0.12144

 Side 1  free  transition at x/c =  0.1095   53
 Side 2 forced transition at x/c =  1.0000   57

   5   rms: 0.5615E-04   max: -.8885E-03   C at   57  2
       a = 21.250      CL =  1.5680
      Cm = -0.0547     CD =  0.12552   =>   CDf =  0.00412    CDp =  0.12140
 plradd ia,ip,cpol           15           0 -7.53084722E-04

 Point added to stored polar  1
 Point written to save file  goe628_Re500k.ext.pol                           
 Dump file unspecified or not available
 Calculating wake trajectory ...
 Calculating source influence matrix ...

 Solving BL system ...

 Side 1  free  transition at x/c =  0.1095   53
 Side 2 forced transition at x/c =  1.0000   57

   1   rms: 0.5929E-01   max: 0.3505E+00   D at   66  1   RLX: 0.290
       a = 21.750      CL =  1.5633
      Cm = -0.0559     CD =  0.12903   =>   CDf =  0.00413    CDp =  0.12491

 Side 1  free  transition at x/c =  0.1073   53
 Side 2 forced transition at x/c =  1.0000   57

   2   rms: 0.4797E-01   max: 0.3032E+00   D at   67  1
       a = 21.750      CL =  1.5468
      Cm = -0.0593     CD =  0.13857   =>   CDf =  0.00413    CDp =  0.13444

 Side 1  free  transition at x/c =  0.1032   52
 Side 2 forced transition at x/c =  1.0000   57

   3   rms: 0.1140E-01   max: -.8876E-01   D at   52  1
       a = 21.750      CL =  1.5509
      Cm = -0.0582     CD =  0.13442   =>   CDf =  0.00402    CDp =  0.13040

 Side 1  free  transition at x/c =  0.1032   52
 Side 2 forced transition at x/c =  1.0000   57

   4   rms: 0.1204E-02   max: -.6155E-02   D at   67  1
       a = 21.750      CL =  1.5518
      Cm = -0.0581     CD =  0.13419   =>   CDf =  0.00402    CDp =  0.13017

 Side 1  free  transition at x/c =  0.1031   52
 Side 2 forced transition at x/c =  1.0000   57

   5   rms: 0.1676E-03   max: 0.1675E-02   C at   57  2
       a = 21.750      CL =  1.5519
      Cm = -0.0582     CD =  0.13425   =>   CDf =  0.00402    CDp =  0.13023

 Side 1  free  transition at x/c =  0.1031   52
 Side 2 forced transition at x/c =  1.0000   57

   6   rms: 0.9894E-05   max: 0.1343E-03   C at   57  2
       a = 21.750      CL =  1.5519
      Cm = -0.0582     CD =  0.13426   =>   CDf =  0.00402    CDp =  0.13024
 plradd ia,ip,cpol           16           0 -5.43478527E-04

 Point added to stored polar  1
 Point written to save file  goe628_Re500k.ext.pol                           
 Dump file unspecified or not available
 Calculating wake trajectory ...
 Calculating source influence matrix ...

 Solving BL system ...

 Side 1  free  transition at x/c =  0.1031   52
 Side 2 forced transition at x/c =  1.0000   57

   1   rms: 0.5411E-01   max: 0.3194E+00   D at   65  1   RLX: 0.280
       a = 22.250      CL =  1.5493
      Cm = -0.0593     CD =  0.13738   =>   CDf =  0.00403    CDp =  0.13335

 Side 1  free  transition at x/c =  0.1009   52
 Side 2 forced transition at x/c =  1.0000   57

   2   rms: 0.4322E-01   max: 0.2685E+00   D at   65  1
       a = 22.250      CL =  1.5383
      Cm = -0.0628     CD =  0.14620   =>   CDf =  0.00400    CDp =  0.14220

 Side 1  free  transition at x/c =  0.0959   52
 Side 2 forced transition at x/c =  1.0000   57

   3   rms: 0.6762E-02   max: -.5865E-01   C at   57  2
       a = 22.250      CL =  1.5350
      Cm = -0.0623     CD =  0.14364   =>   CDf =  0.00399    CDp =  0.13965

 Side 1  free  transition at x/c =  0.0962   52
 Side 2 forced transition at x/c =  1.0000   57

   4   rms: 0.1175E-02   max: 0.9725E-02   D at   65  1
       a = 22.250      CL =  1.5342
      Cm = -0.0623     CD =  0.14337   =>   CDf =  0.00398    CDp =  0.13939

 Side 1  free  transition at x/c =  0.0962   52
 Side 2 forced transition at x/c =  1.0000   57

   5   rms: 0.1146E-03   max: -.7404E-03   C at   57  2
       a = 22.250      CL =  1.5341
      Cm = -0.0623     CD =  0.14335   =>   CDf =  0.00398    CDp =  0.13937

 Side 1  free  transition at x/c =  0.0963   52
 Side 2 forced transition at x/c =  1.0000   57

   6   rms: 0.1263E-04   max: -.1408E-03   C at   57  2
       a = 22.250      CL =  1.5341
      Cm = -0.0623     CD =  0.14334   =>   CDf =  0.00398    CDp =  0.13936
 plradd ia,ip,cpol           17           0 -5.43478527E-04

 Point added to stored polar  1
 Point written to save file  goe628_Re500k.ext.pol                           
 Dump file unspecified or not available

.OPERva   c>  
 Polar accumulation disabled

.OPERv   c>  
 XFOIL   c>  
 XFOIL   c>  