
 ===================================================
  XFOIL Version 6.99
  Copyright (C) 2000   Mark Drela, Harold Youngren

  This software comes with ABSOLUTELY NO WARRANTY,
    subject to the GNU General Public License.

  Caveat computor
 ===================================================

 File  xfoil.def  not found

   QUIT    Exit program

  .OPER    Direct operating point(s)
  .MDES    Complex mapping design routine
  .QDES    Surface speed design routine
  .GDES    Geometry design routine

   SAVE f  Write airfoil to labeled coordinate file
   PSAV f  Write airfoil to plain coordinate file
   ISAV f  Write airfoil to ISES coordinate file
   MSAV f  Write airfoil to MSES coordinate file
   REVE    Reverse written-airfoil node ordering

   LOAD f  Read buffer airfoil from coordinate file
   NACA i  Set NACA 4,5-digit airfoil and buffer airfoil
   INTE    Set buffer airfoil by interpolating two airfoils
   NORM    Buffer airfoil normalization toggle
   XYCM rr Change CM reference location, currently  0.25000 0.00000

   BEND    Display structural properties of current airfoil

   PCOP    Set current-airfoil panel nodes directly from buffer airfoil points
   PANE    Set current-airfoil panel nodes ( 160 ) based on curvature
  .PPAR    Show/change paneling

  .PLOP    Plotting options

   WDEF f  Write  current-settings file
   RDEF f  Reread current-settings file
   NAME s  Specify new airfoil name
   NINC    Increment name version number

   Z       Zoom    | (available in all menus)
   U       Unzoom  | 

 XFOIL   c>  
 Labeled airfoil file.  Name:  GOE 692 AIRFOIL                                 

 Number of input coordinate points:  33
 Counterclockwise ordering
 Max thickness =     0.160995  at x =   0.300
 Max camber    =     0.048903  at x =   0.400

  LE  x,y  =  -0.00009   0.00183  |   Chord =   1.00009
  TE  x,y  =   1.00000   0.00250  |

 Current airfoil nodes set from buffer airfoil nodes (  33 )

 WARNING: Poor input coordinate distribution
          Excessive panel angle   55.5  at i =  17
          Repaneling with PANE and/or PPAR suggested
           (doing GDES,CADD before repaneling _may_
            improve excessively coarse LE spacing

 XFOIL   c>  
 XFOIL   c>  
 Blunt trailing edge.  Gap =  0.00500

 Paneling parameters used...
   Number of panel nodes       160
   Panel bunching parameter    1.000
   TE/LE panel density ratio   0.150
   Refined-area/LE panel density ratio    0.200
   Top    side refined area x/c limits  1.000 1.000
   Bottom side refined area x/c limits  1.000 1.000

 XFOIL   c>  
.OPERi   c>  
 Xtr/c     =  1.0000    top    side
 Xtr/c     =  1.0000    bottom side
 Ncrit     =    9.00   ( 0.070 % turb. level )
 Vacc      =  0.0100

 Klag  =  5.6000     Uxwt  =    1.00
 A     =  6.7000     B     =  0.7500       KCt = 0.01485
 CtiniK=  1.8000     CtiniX=  3.3000

..VPAR   c>  
..VPAR   c>  
.OPERi   c>  
 M  =    0.0000
 Re =    200000

.OPERv   c>  
.OPERv   c>  
.OPERv   c>  
 Polar  1 newly created for accumulation
 Airfoil archived with polar: GOE 692 AIRFOIL                                 

Enter  polar save filename  OR  <return> for no file   s>  
 New polar save file available

Enter  polar dump filename  OR  <return> for no file   s>  
 Polar dump file will NOT be written

 Polar accumulation enabled

.OPERva   c>   Calculating unit vorticity distributions ...
 Calculating wake trajectory ...
 Calculating source influence matrix ...

 Solving BL system ...

 Initializing BL ...
    side            1  ...
 MRCHUE: Inverse mode at  32     Hk =   3.915
 MRCHUE: Inverse mode at  33     Hk =   4.456
 MRCHUE: Inverse mode at  34     Hk =   4.998
 MRCHUE: Inverse mode at  35     Hk =   5.547
 MRCHUE: Inverse mode at  36     Hk =   6.109
 MRCHUE: Inverse mode at  37     Hk =   6.685
 MRCHUE: Inverse mode at  38     Hk =   7.272
 MRCHUE: Inverse mode at  39     Hk =   7.870
 MRCHUE: Inverse mode at  40     Hk =   8.479
 MRCHUE: Inverse mode at  41     Hk =   9.105
 MRCHUE: Inverse mode at  42     Hk =   9.755
 MRCHUE: Inverse mode at  43     Hk =   8.456
 MRCHUE: Inverse mode at  44     Hk =   5.771
 MRCHUE: Inverse mode at  45     Hk =   4.078
 MRCHUE: Inverse mode at  46     Hk =   2.805
 MRCHUE: Inverse mode at  88     Hk =   2.500
 MRCHUE: Inverse mode at  89     Hk =   2.500
 MRCHUE: Inverse mode at  90     Hk =   2.500
 MRCHUE: Inverse mode at  91     Hk =   2.500
 MRCHUE: Inverse mode at  92     Hk =   2.500
 MRCHUE: Inverse mode at  93     Hk =   2.500
 MRCHUE: Inverse mode at  94     Hk =   2.500
 MRCHUE: Inverse mode at  95     Hk =   2.500
 MRCHUE: Inverse mode at  96     Hk =   2.500
 MRCHUE: Inverse mode at  97     Hk =   2.500
 MRCHUE: Inverse mode at  98     Hk =   2.500
 MRCHUE: Inverse mode at  99     Hk =   2.500
 MRCHUE: Inverse mode at 100     Hk =   2.500
 MRCHUE: Convergence failed at 101  side 1    Res =  0.4503E+01
 MRCHUE: Inverse mode at 102     Hk =   2.500
 MRCHUE: Inverse mode at 103     Hk =   2.500
 MRCHUE: Inverse mode at 104     Hk =   2.500
 MRCHUE: Convergence failed at 105  side 1    Res =  0.4704E+01
 MRCHUE: Inverse mode at 106     Hk =   2.500
 MRCHUE: Convergence failed at 107  side 1    Res =  0.4561E+01
 MRCHUE: Convergence failed at 108  side 1    Res =  0.4557E+01
    side            2  ...
 MRCHUE: Inverse mode at  53     Hk =   3.867
 MRCHUE: Inverse mode at  54     Hk =   4.030

 MRCHDU: Convergence failed at 101  side 1    Res =  0.1401E+01
 MRCHDU: Convergence failed at 102  side 1    Res =  0.1449E+01
 MRCHDU: Convergence failed at 103  side 1    Res =  0.1497E+01
 MRCHDU: Convergence failed at 104  side 1    Res =  0.1544E+01
 MRCHDU: Convergence failed at 105  side 1    Res =  0.4523E+01
 MRCHDU: Convergence failed at 106  side 1    Res =  0.4228E+01
 MRCHDU: Convergence failed at 107  side 1    Res =  0.1954E+02
 MRCHDU: Convergence failed at 108  side 1    Res =  0.2718E+02
 Side 1  free  transition at x/c =  0.0314   43
 Side 2 forced transition at x/c =  1.0000   54

   1   rms: 0.1027E+01   max: -.8389E+01   C at   54  2   RLX: 0.060
       a = 16.250      CL =  2.7208
      Cm = -0.2676     CD =  0.00820   =>   CDf =  0.00919    CDp = -0.00099

 Side 1  free  transition at x/c =  0.0327   43
 Side 2 forced transition at x/c =  1.0000   54
 idif Ue xi dudx           1  7.11552128E-02  9.43183899E-03   7.5441504    
 Uenew xinew           2  5.08752558E-03  6.74366951E-04

   2   rms: 0.8541E+00   max: -.7167E+01   C at   54  2   RLX: 0.070
       a = 16.250      CL =  2.6702
      Cm = -0.2552     CD =  0.00953   =>   CDf =  0.00998    CDp = -0.00046

 Side 1  free  transition at x/c =  0.0346   43
 Side 2 forced transition at x/c =  1.0000   55

   3   rms: 0.7940E+00   max: -.6611E+01   C at   55  2   RLX: 0.076
       a = 16.250      CL =  2.6434
      Cm = -0.2515     CD =  0.01005   =>   CDf =  0.00891    CDp =  0.00114

 Side 1  free  transition at x/c =  0.0355   43
 Side 2 forced transition at x/c =  1.0000   55

   4   rms: 0.7463E+00   max: -.5763E+01   C at   55  2   RLX: 0.087
       a = 16.250      CL =  2.5952
      Cm = -0.2421     CD =  0.01184   =>   CDf =  0.00884    CDp =  0.00300

 Side 1  free  transition at x/c =  0.0368   43
 Side 2 forced transition at x/c =  1.0000   55

   5   rms: 0.7461E+00   max: -.4997E+01   C at   55  2   RLX: 0.100
       a = 16.250      CL =  2.5358
      Cm = -0.2321     CD =  0.01419   =>   CDf =  0.00882    CDp =  0.00537

 Side 1  free  transition at x/c =  0.0388   44
 Side 2 forced transition at x/c =  1.0000   55

   6   rms: 0.7851E+00   max: -.4476E+01   C at   55  2   RLX: 0.112
       a = 16.250      CL =  2.4609
      Cm = -0.2188     CD =  0.01661   =>   CDf =  0.00866    CDp =  0.00795

 Side 1  free  transition at x/c =  0.0413   44
 Side 2 forced transition at x/c =  1.0000   55
 idif Ue xi dudx           1  9.02992934E-02  1.03492737E-02   8.7251816    
 Uenew xinew           2  2.26257890E-02  2.59315968E-03

   7   rms: 0.7618E+00   max: -.3375E+01   T at   44  1   RLX: 0.148
       a = 16.250      CL =  2.3520
      Cm = -0.2032     CD =  0.02142   =>   CDf =  0.00920    CDp =  0.01222

 Side 1  free  transition at x/c =  0.0490   44
 Side 2 forced transition at x/c =  1.0000   56

   8   rms: 0.6954E+00   max: -.4483E+01   T at   44  1   RLX: 0.112
       a = 16.250      CL =  2.2648
      Cm = -0.1821     CD =  0.02445   =>   CDf =  0.00837    CDp =  0.01608

 Side 1  free  transition at x/c =  0.0582   46
 Side 2 forced transition at x/c =  1.0000   56

   9   rms: 0.4737E+00   max: -.3997E+01   C at   46  1   RLX: 0.125
       a = 16.250      CL =  2.2113
      Cm = -0.1616     CD =  0.02498   =>   CDf =  0.00809    CDp =  0.01689

 Side 1  free  transition at x/c =  0.0663   47
 Side 2 forced transition at x/c =  1.0000   56
 idif Ue xi dudx           1  6.67105094E-02  7.04169273E-03   9.4736471    
 Uenew xinew           2  1.28632598E-03  1.35779381E-04

  10   rms: 0.4718E+00   max: -.4977E+01   C at   47  1   RLX: 0.100
       a = 16.250      CL =  2.1848
      Cm = -0.1567     CD =  0.02603   =>   CDf =  0.00845    CDp =  0.01758

 Side 1  free  transition at x/c =  0.0726   47
 Side 2 forced transition at x/c =  1.0000   57

  11   rms: 0.5508E+00   max: -.6049E+01   D at    2  2   RLX: 0.083
       a = 16.250      CL =  2.1668
      Cm = -0.1545     CD =  0.02684   =>   CDf =  0.00798    CDp =  0.01886

 Side 1  free  transition at x/c =  0.0800   47
 Side 2 forced transition at x/c =  1.0000   57

  12   rms: 0.6369E+00   max: 0.4112E+01   C at   47  1   RLX: 0.131
       a = 16.250      CL =  2.0923
      Cm = -0.1463     CD =  0.03102   =>   CDf =  0.00788    CDp =  0.02314

 Side 1  free  transition at x/c =  0.1008   50
 Side 2 forced transition at x/c =  1.0000   57

  13   rms: 0.3500E+00   max: 0.2179E+01   D at   50  1   RLX: 0.248
       a = 16.250      CL =  2.0097
      Cm = -0.1209     CD =  0.03364   =>   CDf =  0.00743    CDp =  0.02621

 Side 1  free  transition at x/c =  0.1264   52
 Side 2 forced transition at x/c =  1.0000   57
 idif Ue xi dudx           1  0.10684481      9.37116146E-03   11.401447    
 Uenew xinew           2  3.59524600E-02  3.15332413E-03

  14   rms: 0.3263E+00   max: 0.1753E+01   D at   52  1   RLX: 0.414
       a = 16.250      CL =  1.8683
      Cm = -0.0937     CD =  0.04149   =>   CDf =  0.00754    CDp =  0.03395

 Side 1  free  transition at x/c =  0.1457   52
 Side 2 forced transition at x/c =  1.0000   58
 idif Ue xi dudx           1  0.11100032      8.75270367E-03   12.681832    
 Uenew xinew           2  3.92400771E-02  3.09419632E-03

  15   rms: 0.2314E+00   max: 0.7133E+00   D at   70  2   RLX: 0.731
       a = 16.250      CL =  1.6626
      Cm = -0.0574     CD =  0.05429   =>   CDf =  0.00741    CDp =  0.04688

 Side 1  free  transition at x/c =  0.1600   52
 Side 2 forced transition at x/c =  1.0000   59
 idif Ue xi dudx           1  7.66650513E-02  5.42461872E-03   14.132800    
 Uenew xinew           2  3.42006492E-03  2.41994858E-04

  16   rms: 0.7474E-01   max: 0.3067E+00   D at   72  2
       a = 16.250      CL =  1.5746
      Cm = -0.0427     CD =  0.06145   =>   CDf =  0.00739    CDp =  0.05406

 Side 1  free  transition at x/c =  0.1660   52
 Side 2 forced transition at x/c =  1.0000   60

  17   rms: 0.4139E-01   max: -.2024E+00   T at   52  1
       a = 16.250      CL =  1.5512
      Cm = -0.0426     CD =  0.06340   =>   CDf =  0.00721    CDp =  0.05618

 Side 1  free  transition at x/c =  0.1701   52
 Side 2 forced transition at x/c =  1.0000   60

  18   rms: 0.2889E-01   max: -.1376E+00   D at   79  1
       a = 16.250      CL =  1.5693
      Cm = -0.0423     CD =  0.06075   =>   CDf =  0.00684    CDp =  0.05391

 Side 1  free  transition at x/c =  0.1679   52
 Side 2 forced transition at x/c =  1.0000   60

  19   rms: 0.4596E-02   max: -.2408E-01   D at   79  1
       a = 16.250      CL =  1.5724
      Cm = -0.0425     CD =  0.06110   =>   CDf =  0.00699    CDp =  0.05411

 Side 1  free  transition at x/c =  0.1677   52
 Side 2 forced transition at x/c =  1.0000   60

  20   rms: 0.4561E-03   max: -.2603E-02   D at   75  2
       a = 16.250      CL =  1.5728
      Cm = -0.0426     CD =  0.06114   =>   CDf =  0.00701    CDp =  0.05414

 Side 1  free  transition at x/c =  0.1677   52
 Side 2 forced transition at x/c =  1.0000   60

  21   rms: 0.2318E-04   max: -.1711E-03   D at   75  2
       a = 16.250      CL =  1.5728
      Cm = -0.0426     CD =  0.06115   =>   CDf =  0.00701    CDp =  0.05414
 plradd ia,ip,cpol            1           0  1.11193943E-03

 Point added to stored polar  1
 Point written to save file  goe692_Re200k.ext.pol                           
 Dump file unspecified or not available
 Calculating wake trajectory ...
 Calculating source influence matrix ...

 Solving BL system ...

 Side 1  free  transition at x/c =  0.1677   52
 Side 2 forced transition at x/c =  1.0000   60

   1   rms: 0.3015E-01   max: 0.1538E+00   T at   52  1   RLX: 0.472
       a = 16.500      CL =  1.5778
      Cm = -0.0423     CD =  0.06189   =>   CDf =  0.00665    CDp =  0.05524

 Side 1  free  transition at x/c =  0.1657   52
 Side 2 forced transition at x/c =  1.0000   59

   2   rms: 0.1713E-01   max: 0.1099E+00   D at    2  1
       a = 16.500      CL =  1.5775
      Cm = -0.0421     CD =  0.06352   =>   CDf =  0.00706    CDp =  0.05645

 Side 1  free  transition at x/c =  0.1638   52
 Side 2 forced transition at x/c =  1.0000   59

   3   rms: 0.1013E-02   max: -.6692E-02   D at   81  1
       a = 16.500      CL =  1.5773
      Cm = -0.0420     CD =  0.06323   =>   CDf =  0.00693    CDp =  0.05630

 Side 1  free  transition at x/c =  0.1639   52
 Side 2 forced transition at x/c =  1.0000   59

   4   rms: 0.1206E-03   max: -.6864E-03   D at   74  2
       a = 16.500      CL =  1.5774
      Cm = -0.0420     CD =  0.06324   =>   CDf =  0.00693    CDp =  0.05631

 Side 1  free  transition at x/c =  0.1639   52
 Side 2 forced transition at x/c =  1.0000   59

   5   rms: 0.5081E-05   max: 0.5274E-04   C at   59  2
       a = 16.500      CL =  1.5774
      Cm = -0.0420     CD =  0.06324   =>   CDf =  0.00693    CDp =  0.05631
 plradd ia,ip,cpol            2           0  1.11193943E-03

 Point added to stored polar  1
 Point written to save file  goe692_Re200k.ext.pol                           
 Dump file unspecified or not available
 Calculating wake trajectory ...
 Calculating source influence matrix ...

 Solving BL system ...

 Side 1  free  transition at x/c =  0.1639   52
 Side 2 forced transition at x/c =  1.0000   59

   1   rms: 0.2907E-01   max: 0.1230E+00   T at   52  1   RLX: 0.458
       a = 16.750      CL =  1.5780
      Cm = -0.0419     CD =  0.06468   =>   CDf =  0.00694    CDp =  0.05774

 Side 1  free  transition at x/c =  0.1621   52
 Side 2 forced transition at x/c =  1.0000   59

   2   rms: 0.1506E-01   max: 0.6196E-01   T at   52  1
       a = 16.750      CL =  1.5790
      Cm = -0.0417     CD =  0.06607   =>   CDf =  0.00685    CDp =  0.05921

 Side 1  free  transition at x/c =  0.1599   52
 Side 2 forced transition at x/c =  1.0000   59

   3   rms: 0.1145E-02   max: -.7513E-02   D at   52  1
       a = 16.750      CL =  1.5780
      Cm = -0.0416     CD =  0.06588   =>   CDf =  0.00678    CDp =  0.05910

 Side 1  free  transition at x/c =  0.1600   52
 Side 2 forced transition at x/c =  1.0000   59

   4   rms: 0.1037E-03   max: -.4837E-03   D at   79  1
       a = 16.750      CL =  1.5781
      Cm = -0.0416     CD =  0.06587   =>   CDf =  0.00677    CDp =  0.05910

 Side 1  free  transition at x/c =  0.1600   52
 Side 2 forced transition at x/c =  1.0000   59

   5   rms: 0.7171E-05   max: 0.6817E-04   C at   59  2
       a = 16.750      CL =  1.5781
      Cm = -0.0416     CD =  0.06588   =>   CDf =  0.00678    CDp =  0.05910
 plradd ia,ip,cpol            3           0  1.11193943E-03

 Point added to stored polar  1
 Point written to save file  goe692_Re200k.ext.pol                           
 Dump file unspecified or not available
 Calculating wake trajectory ...
 Calculating source influence matrix ...

 Solving BL system ...

 Side 1  free  transition at x/c =  0.1600   52
 Side 2 forced transition at x/c =  1.0000   59

   1   rms: 0.2816E-01   max: 0.1222E+00   T at   52  1   RLX: 0.447
       a = 17.000      CL =  1.5794
      Cm = -0.0416     CD =  0.06719   =>   CDf =  0.00678    CDp =  0.06041

 Side 1  free  transition at x/c =  0.1582   52
 Side 2 forced transition at x/c =  1.0000   59

   2   rms: 0.1524E-01   max: 0.6720E-01   T at   52  1
       a = 17.000      CL =  1.5808
      Cm = -0.0414     CD =  0.06858   =>   CDf =  0.00674    CDp =  0.06184

 Side 1  free  transition at x/c =  0.1562   52
 Side 2 forced transition at x/c =  1.0000   59

   3   rms: 0.1219E-02   max: -.1070E-01   D at   52  1
       a = 17.000      CL =  1.5801
      Cm = -0.0413     CD =  0.06833   =>   CDf =  0.00670    CDp =  0.06163

 Side 1  free  transition at x/c =  0.1563   52
 Side 2 forced transition at x/c =  1.0000   59

   4   rms: 0.1745E-03   max: -.6534E-03   D at   78  1
       a = 17.000      CL =  1.5803
      Cm = -0.0413     CD =  0.06833   =>   CDf =  0.00670    CDp =  0.06164

 Side 1  free  transition at x/c =  0.1563   52
 Side 2 forced transition at x/c =  1.0000   59

   5   rms: 0.1348E-04   max: -.8166E-04   D at   74  2
       a = 17.000      CL =  1.5803
      Cm = -0.0413     CD =  0.06834   =>   CDf =  0.00670    CDp =  0.06164
 plradd ia,ip,cpol            4           0  1.11193943E-03

 Point added to stored polar  1
 Point written to save file  goe692_Re200k.ext.pol                           
 Dump file unspecified or not available
 Calculating wake trajectory ...
 Calculating source influence matrix ...

 Solving BL system ...

 Side 1  free  transition at x/c =  0.1563   52
 Side 2 forced transition at x/c =  1.0000   59

   1   rms: 0.2806E-01   max: -.9001E-01   D at   53  1   RLX: 0.437
       a = 17.250      CL =  1.5821
      Cm = -0.0412     CD =  0.06951   =>   CDf =  0.00670    CDp =  0.06281

 Side 1  free  transition at x/c =  0.1547   52
 Side 2 forced transition at x/c =  1.0000   59

   2   rms: 0.1574E-01   max: -.5952E-01   D at   53  1
       a = 17.250      CL =  1.5863
      Cm = -0.0409     CD =  0.07048   =>   CDf =  0.00670    CDp =  0.06377

 Side 1  free  transition at x/c =  0.1527   52
 Side 2 forced transition at x/c =  1.0000   59

   3   rms: 0.2649E-02   max: -.1611E-01   D at   78  1
       a = 17.250      CL =  1.5876
      Cm = -0.0407     CD =  0.06999   =>   CDf =  0.00674    CDp =  0.06325

 Side 1  free  transition at x/c =  0.1525   52
 Side 2 forced transition at x/c =  1.0000   59

   4   rms: 0.3309E-03   max: -.1763E-02   D at   75  2
       a = 17.250      CL =  1.5878
      Cm = -0.0408     CD =  0.07004   =>   CDf =  0.00676    CDp =  0.06327

 Side 1  free  transition at x/c =  0.1525   52
 Side 2 forced transition at x/c =  1.0000   59

   5   rms: 0.1771E-04   max: -.1235E-03   D at   75  2
       a = 17.250      CL =  1.5879
      Cm = -0.0408     CD =  0.07004   =>   CDf =  0.00676    CDp =  0.06328
 plradd ia,ip,cpol            5           0  5.43858099E-04

 Point added to stored polar  1
 Point written to save file  goe692_Re200k.ext.pol                           
 Dump file unspecified or not available
 Calculating wake trajectory ...
 Calculating source influence matrix ...

 Solving BL system ...

 Side 1  free  transition at x/c =  0.1525   52
 Side 2 forced transition at x/c =  1.0000   59

   1   rms: 0.3330E-01   max: 0.1542E+00   T at   52  1   RLX: 0.433
       a = 17.500      CL =  1.5950
      Cm = -0.0404     CD =  0.07029   =>   CDf =  0.00677    CDp =  0.06352

 Side 1  free  transition at x/c =  0.1508   51
 Side 2 forced transition at x/c =  1.0000   59

   2   rms: 0.2223E-01   max: 0.1112E+00   D at   78  1
       a = 17.500      CL =  1.5884
      Cm = -0.0409     CD =  0.07352   =>   CDf =  0.00675    CDp =  0.06678

 Side 1  free  transition at x/c =  0.1493   51
 Side 2 forced transition at x/c =  1.0000   59

   3   rms: 0.1544E-02   max: 0.1348E-01   D at   75  2
       a = 17.500      CL =  1.5875
      Cm = -0.0406     CD =  0.07290   =>   CDf =  0.00658    CDp =  0.06632

 Side 1  free  transition at x/c =  0.1493   51
 Side 2 forced transition at x/c =  1.0000   59

   4   rms: 0.6803E-04   max: 0.9035E-03   D at   75  2
       a = 17.500      CL =  1.5876
      Cm = -0.0406     CD =  0.07291   =>   CDf =  0.00658    CDp =  0.06633
 plradd ia,ip,cpol            6           0  5.43858099E-04

 Point added to stored polar  1
 Point written to save file  goe692_Re200k.ext.pol                           
 Dump file unspecified or not available
 Calculating wake trajectory ...
 Calculating source influence matrix ...

 Solving BL system ...

 Side 1  free  transition at x/c =  0.1493   51
 Side 2 forced transition at x/c =  1.0000   59

   1   rms: 0.2796E-01   max: 0.1123E+00   T at   51  1   RLX: 0.417
       a = 17.750      CL =  1.5880
      Cm = -0.0407     CD =  0.07434   =>   CDf =  0.00659    CDp =  0.06776

 Side 1  free  transition at x/c =  0.1478   51
 Side 2 forced transition at x/c =  1.0000   59

   2   rms: 0.1611E-01   max: 0.6175E-01   T at   51  1
       a = 17.750      CL =  1.5879
      Cm = -0.0407     CD =  0.07618   =>   CDf =  0.00651    CDp =  0.06967

 Side 1  free  transition at x/c =  0.1456   51
 Side 2 forced transition at x/c =  1.0000   59

   3   rms: 0.1486E-02   max: 0.1036E-01   D at   75  2
       a = 17.750      CL =  1.5868
      Cm = -0.0405     CD =  0.07586   =>   CDf =  0.00643    CDp =  0.06942

 Side 1  free  transition at x/c =  0.1458   51
 Side 2 forced transition at x/c =  1.0000   59

   4   rms: 0.1427E-03   max: -.6116E-03   D at   77  1
       a = 17.750      CL =  1.5869
      Cm = -0.0405     CD =  0.07585   =>   CDf =  0.00643    CDp =  0.06942

 Side 1  free  transition at x/c =  0.1458   51
 Side 2 forced transition at x/c =  1.0000   59

   5   rms: 0.1244E-04   max: -.8908E-04   D at   75  2
       a = 17.750      CL =  1.5869
      Cm = -0.0405     CD =  0.07585   =>   CDf =  0.00643    CDp =  0.06942
 plradd ia,ip,cpol            7           0  5.43858099E-04

 Point added to stored polar  1
 Point written to save file  goe692_Re200k.ext.pol                           
 Dump file unspecified or not available
 Calculating wake trajectory ...
 Calculating source influence matrix ...

 Solving BL system ...

 Side 1  free  transition at x/c =  0.1458   51
 Side 2 forced transition at x/c =  1.0000   59

   1   rms: 0.2759E-01   max: 0.1192E+00   T at   51  1   RLX: 0.407
       a = 18.000      CL =  1.5875
      Cm = -0.0406     CD =  0.07721   =>   CDf =  0.00605    CDp =  0.07116

 Side 1  free  transition at x/c =  0.1442   52
 Side 2 forced transition at x/c =  1.0000   58

   2   rms: 0.1761E-01   max: 0.1173E+00   T at    2  1
       a = 18.000      CL =  1.5882
      Cm = -0.0407     CD =  0.07896   =>   CDf =  0.00639    CDp =  0.07257

 Side 1  free  transition at x/c =  0.1421   52
 Side 2 forced transition at x/c =  1.0000   58

   3   rms: 0.1652E-02   max: -.1319E-01   D at   52  1
       a = 18.000      CL =  1.5871
      Cm = -0.0405     CD =  0.07864   =>   CDf =  0.00636    CDp =  0.07229

 Side 1  free  transition at x/c =  0.1422   52
 Side 2 forced transition at x/c =  1.0000   58

   4   rms: 0.2103E-03   max: -.8780E-03   D at   77  1
       a = 18.000      CL =  1.5872
      Cm = -0.0405     CD =  0.07864   =>   CDf =  0.00635    CDp =  0.07229

 Side 1  free  transition at x/c =  0.1422   52
 Side 2 forced transition at x/c =  1.0000   58

   5   rms: 0.2029E-04   max: -.1289E-03   D at   74  2
       a = 18.000      CL =  1.5872
      Cm = -0.0405     CD =  0.07864   =>   CDf =  0.00635    CDp =  0.07229
 plradd ia,ip,cpol            8           0  5.43858099E-04

 Point added to stored polar  1
 Point written to save file  goe692_Re200k.ext.pol                           
 Dump file unspecified or not available

.OPERva   c>   Calculating wake trajectory ...
 Calculating source influence matrix ...

 Solving BL system ...

 Side 1  free  transition at x/c =  0.1422   52
 Side 2 forced transition at x/c =  1.0000   58

   1   rms: 0.2773E-01   max: -.1021E+00   D at   53  1   RLX: 0.399
       a = 18.250      CL =  1.5884
      Cm = -0.0406     CD =  0.07986   =>   CDf =  0.00635    CDp =  0.07351

 Side 1  free  transition at x/c =  0.1407   52
 Side 2 forced transition at x/c =  1.0000   58

   2   rms: 0.1666E-01   max: -.7318E-01   D at   53  1
       a = 18.250      CL =  1.5921
      Cm = -0.0404     CD =  0.08103   =>   CDf =  0.00636    CDp =  0.07467

 Side 1  free  transition at x/c =  0.1385   51
 Side 2 forced transition at x/c =  1.0000   58

   3   rms: 0.2227E-02   max: -.1626E-01   D at   77  1
       a = 18.250      CL =  1.5926
      Cm = -0.0401     CD =  0.08052   =>   CDf =  0.00642    CDp =  0.07410

 Side 1  free  transition at x/c =  0.1383   51
 Side 2 forced transition at x/c =  1.0000   58

   4   rms: 0.2749E-03   max: -.1823E-02   D at   74  2
       a = 18.250      CL =  1.5929
      Cm = -0.0402     CD =  0.08059   =>   CDf =  0.00642    CDp =  0.07417

 Side 1  free  transition at x/c =  0.1383   51
 Side 2 forced transition at x/c =  1.0000   58

   5   rms: 0.7095E-05   max: -.7250E-04   D at   74  2
       a = 18.250      CL =  1.5929
      Cm = -0.0402     CD =  0.08059   =>   CDf =  0.00641    CDp =  0.07418
 plradd ia,ip,cpol            9           0  5.43858099E-04

 Point added to stored polar  1
 Point written to save file  goe692_Re200k.ext.pol                           
 Dump file unspecified or not available
 Calculating wake trajectory ...
 Calculating source influence matrix ...

 Solving BL system ...

 Side 1  free  transition at x/c =  0.1383   51
 Side 2 forced transition at x/c =  1.0000   58

   1   rms: 0.6227E-01   max: 0.2739E+00   D at   74  1   RLX: 0.379
       a = 18.750      CL =  1.5892
      Cm = -0.0408     CD =  0.08420   =>   CDf =  0.00643    CDp =  0.07778

 Side 1  free  transition at x/c =  0.1358   51
 Side 2 forced transition at x/c =  1.0000   58

   2   rms: 0.3539E-01   max: 0.1481E+00   D at   75  1
       a = 18.750      CL =  1.5851
      Cm = -0.0414     CD =  0.08899   =>   CDf =  0.00623    CDp =  0.08276

 Side 1  free  transition at x/c =  0.1307   51
 Side 2 forced transition at x/c =  1.0000   58

   3   rms: 0.5272E-02   max: -.5038E-01   D at   51  1
       a = 18.750      CL =  1.5827
      Cm = -0.0409     CD =  0.08788   =>   CDf =  0.00606    CDp =  0.08182

 Side 1  free  transition at x/c =  0.1313   51
 Side 2 forced transition at x/c =  1.0000   58

   4   rms: 0.9708E-03   max: -.3644E-02   D at   75  1
       a = 18.750      CL =  1.5835
      Cm = -0.0410     CD =  0.08786   =>   CDf =  0.00603    CDp =  0.08182

 Side 1  free  transition at x/c =  0.1312   51
 Side 2 forced transition at x/c =  1.0000   58

   5   rms: 0.1003E-03   max: -.6050E-03   D at   75  2
       a = 18.750      CL =  1.5836
      Cm = -0.0410     CD =  0.08788   =>   CDf =  0.00603    CDp =  0.08185

 Side 1  free  transition at x/c =  0.1312   51
 Side 2 forced transition at x/c =  1.0000   58

   6   rms: 0.5497E-05   max: 0.4687E-04   C at   58  2
       a = 18.750      CL =  1.5836
      Cm = -0.0410     CD =  0.08788   =>   CDf =  0.00603    CDp =  0.08185
 plradd ia,ip,cpol           10           0  5.43858099E-04

 Point added to stored polar  1
 Point written to save file  goe692_Re200k.ext.pol                           
 Dump file unspecified or not available
 Calculating wake trajectory ...
 Calculating source influence matrix ...

 Solving BL system ...

 Side 1  free  transition at x/c =  0.1312   51
 Side 2 forced transition at x/c =  1.0000   58

   1   rms: 0.5732E-01   max: 0.2336E+00   D at   73  1   RLX: 0.363
       a = 19.250      CL =  1.5821
      Cm = -0.0416     CD =  0.09100   =>   CDf =  0.00605    CDp =  0.08496

 Side 1  free  transition at x/c =  0.1282   51
 Side 2 forced transition at x/c =  1.0000   58

   2   rms: 0.3483E-01   max: -.1605E+00   D at   52  1
       a = 19.250      CL =  1.5834
      Cm = -0.0419     CD =  0.09478   =>   CDf =  0.00602    CDp =  0.08876

 Side 1  free  transition at x/c =  0.1236   50
 Side 2 forced transition at x/c =  1.0000   58

   3   rms: 0.7722E-02   max: -.5341E-01   D at   50  1
       a = 19.250      CL =  1.5779
      Cm = -0.0418     CD =  0.09463   =>   CDf =  0.00596    CDp =  0.08867

 Side 1  free  transition at x/c =  0.1234   50
 Side 2 forced transition at x/c =  1.0000   58

   4   rms: 0.5530E-03   max: -.3008E-02   D at   74  1
       a = 19.250      CL =  1.5783
      Cm = -0.0418     CD =  0.09450   =>   CDf =  0.00591    CDp =  0.08858

 Side 1  free  transition at x/c =  0.1234   50
 Side 2 forced transition at x/c =  1.0000   58

   5   rms: 0.5810E-04   max: -.3825E-03   D at   75  2
       a = 19.250      CL =  1.5783
      Cm = -0.0418     CD =  0.09452   =>   CDf =  0.00591    CDp =  0.08860
 plradd ia,ip,cpol           11           0  5.43858099E-04

 Point added to stored polar  1
 Point written to save file  goe692_Re200k.ext.pol                           
 Dump file unspecified or not available
 Calculating wake trajectory ...
 Calculating source influence matrix ...

 Solving BL system ...

 Side 1  free  transition at x/c =  0.1234   50
 Side 2 forced transition at x/c =  1.0000   58

   1   rms: 0.6294E-01   max: 0.2953E+00   D at   71  1   RLX: 0.345
       a = 19.750      CL =  1.5737
      Cm = -0.0428     CD =  0.09833   =>   CDf =  0.00593    CDp =  0.09241

 Side 1  free  transition at x/c =  0.1203   50
 Side 2 forced transition at x/c =  1.0000   58

   2   rms: 0.3924E-01   max: 0.1787E+00   D at   72  1
       a = 19.750      CL =  1.5658
      Cm = -0.0443     CD =  0.10459   =>   CDf =  0.00539    CDp =  0.09920

 Side 1  free  transition at x/c =  0.1142   51
 Side 2 forced transition at x/c =  1.0000   57

   3   rms: 0.8636E-02   max: -.8852E-01   D at   51  1
       a = 19.750      CL =  1.5626
      Cm = -0.0437     CD =  0.10287   =>   CDf =  0.00570    CDp =  0.09717

 Side 1  free  transition at x/c =  0.1150   51
 Side 2 forced transition at x/c =  1.0000   57

   4   rms: 0.2327E-02   max: -.9598E-02   D at   73  1
       a = 19.750      CL =  1.5641
      Cm = -0.0437     CD =  0.10276   =>   CDf =  0.00565    CDp =  0.09711

 Side 1  free  transition at x/c =  0.1148   51
 Side 2 forced transition at x/c =  1.0000   57

   5   rms: 0.3122E-03   max: -.1598E-02   D at   74  2
       a = 19.750      CL =  1.5643
      Cm = -0.0437     CD =  0.10282   =>   CDf =  0.00566    CDp =  0.09716

 Side 1  free  transition at x/c =  0.1148   51
 Side 2 forced transition at x/c =  1.0000   57

   6   rms: 0.2751E-04   max: -.1592E-03   D at   74  2
       a = 19.750      CL =  1.5644
      Cm = -0.0437     CD =  0.10283   =>   CDf =  0.00566    CDp =  0.09717
 plradd ia,ip,cpol           12           0  5.43858099E-04

 Point added to stored polar  1
 Point written to save file  goe692_Re200k.ext.pol                           
 Dump file unspecified or not available
 Calculating wake trajectory ...
 Calculating source influence matrix ...

 Solving BL system ...

 Side 1  free  transition at x/c =  0.1148   51
 Side 2 forced transition at x/c =  1.0000   57

   1   rms: 0.6007E-01   max: -.3117E+00   D at   52  1   RLX: 0.330
       a = 20.250      CL =  1.5626
      Cm = -0.0445     CD =  0.10589   =>   CDf =  0.00567    CDp =  0.10022

 Side 1  free  transition at x/c =  0.1119   50
 Side 2 forced transition at x/c =  1.0000   57

   2   rms: 0.5061E-01   max: -.2893E+00   C at   50  1
       a = 20.250      CL =  1.5476
      Cm = -0.0475     CD =  0.11494   =>   CDf =  0.00568    CDp =  0.10925

 Side 1  free  transition at x/c =  0.1044   50
 Side 2 forced transition at x/c =  1.0000   57

   3   rms: 0.8018E-02   max: -.6058E-01   D at   50  1
       a = 20.250      CL =  1.5449
      Cm = -0.0464     CD =  0.11207   =>   CDf =  0.00540    CDp =  0.10667

 Side 1  free  transition at x/c =  0.1052   50
 Side 2 forced transition at x/c =  1.0000   57

   4   rms: 0.1512E-02   max: -.5957E-02   D at   52  1
       a = 20.250      CL =  1.5459
      Cm = -0.0465     CD =  0.11210   =>   CDf =  0.00536    CDp =  0.10673

 Side 1  free  transition at x/c =  0.1050   50
 Side 2 forced transition at x/c =  1.0000   57

   5   rms: 0.1616E-03   max: -.8677E-03   D at   74  2
       a = 20.250      CL =  1.5460
      Cm = -0.0465     CD =  0.11214   =>   CDf =  0.00537    CDp =  0.10677

 Side 1  free  transition at x/c =  0.1050   50
 Side 2 forced transition at x/c =  1.0000   57

   6   rms: 0.1218E-04   max: 0.9841E-04   C at   57  2
       a = 20.250      CL =  1.5460
      Cm = -0.0465     CD =  0.11214   =>   CDf =  0.00537    CDp =  0.10678
 plradd ia,ip,cpol           13           0  5.43858099E-04

 Point added to stored polar  1
 Point written to save file  goe692_Re200k.ext.pol                           
 Dump file unspecified or not available
 Calculating wake trajectory ...
 Calculating source influence matrix ...

 Solving BL system ...

 Side 1  free  transition at x/c =  0.1050   50
 Side 2 forced transition at x/c =  1.0000   57

   1   rms: 0.6806E-01   max: 0.3251E+00   D at   69  1   RLX: 0.313
       a = 20.750      CL =  1.5406
      Cm = -0.0479     CD =  0.11622   =>   CDf =  0.00538    CDp =  0.11084

 Side 1  free  transition at x/c =  0.1014   50
 Side 2 forced transition at x/c =  1.0000   57

   2   rms: 0.4483E-01   max: -.2740E+00   D at   51  1
       a = 20.750      CL =  1.5320
      Cm = -0.0499     CD =  0.12299   =>   CDf =  0.00540    CDp =  0.11759

 Side 1  free  transition at x/c =  0.0936   49
 Side 2 forced transition at x/c =  1.0000   57

   3   rms: 0.1973E-01   max: -.1563E+00   D at   49  1
       a = 20.750      CL =  1.5222
      Cm = -0.0507     CD =  0.12344   =>   CDf =  0.00517    CDp =  0.11827

 Side 1  free  transition at x/c =  0.0918   49
 Side 2 forced transition at x/c =  1.0000   57

   4   rms: 0.1998E-02   max: 0.1285E-01   D at   50  1
       a = 20.750      CL =  1.5213
      Cm = -0.0504     CD =  0.12278   =>   CDf =  0.00515    CDp =  0.11764

 Side 1  free  transition at x/c =  0.0922   49
 Side 2 forced transition at x/c =  1.0000   57

   5   rms: 0.1228E-03   max: -.7533E-03   D at   49  1
       a = 20.750      CL =  1.5213
      Cm = -0.0504     CD =  0.12281   =>   CDf =  0.00514    CDp =  0.11767

 Side 1  free  transition at x/c =  0.0922   49
 Side 2 forced transition at x/c =  1.0000   57

   6   rms: 0.9118E-05   max: -.6813E-04   D at   75  2
       a = 20.750      CL =  1.5214
      Cm = -0.0504     CD =  0.12281   =>   CDf =  0.00514    CDp =  0.11767
 plradd ia,ip,cpol           14           0  5.43858099E-04

 Point added to stored polar  1
 Point written to save file  goe692_Re200k.ext.pol                           
 Dump file unspecified or not available
 Calculating wake trajectory ...
 Calculating source influence matrix ...

 Solving BL system ...

 Side 1  free  transition at x/c =  0.0922   49
 Side 2 forced transition at x/c =  1.0000   57

   1   rms: 0.8043E-01   max: 0.3985E+00   D at   67  1   RLX: 0.296
       a = 21.250      CL =  1.5136
      Cm = -0.0523     CD =  0.12755   =>   CDf =  0.00515    CDp =  0.12239

 Side 1  free  transition at x/c =  0.0880   48
 Side 2 forced transition at x/c =  1.0000   57

   2   rms: 0.6433E-01   max: 0.3054E+00   D at   67  1
       a = 21.250      CL =  1.4970
      Cm = -0.0565     CD =  0.13834   =>   CDf =  0.00511    CDp =  0.13323

 Side 1  free  transition at x/c =  0.0683   46
 Side 2 forced transition at x/c =  1.0000   57

   3   rms: 0.3208E-01   max: -.3299E+00   D at   47  1
       a = 21.250      CL =  1.4816
      Cm = -0.0565     CD =  0.13693   =>   CDf =  0.00514    CDp =  0.13179

 Side 1  free  transition at x/c =  0.0774   47
 Side 2 forced transition at x/c =  1.0000   57

   4   rms: 0.1141E-01   max: 0.1163E+00   C at   47  1
       a = 21.250      CL =  1.4863
      Cm = -0.0558     CD =  0.13511   =>   CDf =  0.00490    CDp =  0.13020

 Side 1  free  transition at x/c =  0.0744   47
 Side 2 forced transition at x/c =  1.0000   57

   5   rms: 0.1492E-02   max: 0.1262E-01   C at   47  1
       a = 21.250      CL =  1.4866
      Cm = -0.0559     CD =  0.13549   =>   CDf =  0.00498    CDp =  0.13052

 Side 1  free  transition at x/c =  0.0739   47
 Side 2 forced transition at x/c =  1.0000   57

   6   rms: 0.5379E-04   max: -.5311E-03   D at   75  2
       a = 21.250      CL =  1.4867
      Cm = -0.0560     CD =  0.13553   =>   CDf =  0.00499    CDp =  0.13055
 plradd ia,ip,cpol           15           0  5.43858099E-04

 Point added to stored polar  1
 Point written to save file  goe692_Re200k.ext.pol                           
 Dump file unspecified or not available
 Calculating wake trajectory ...
 Calculating source influence matrix ...

 Solving BL system ...

 Side 1  free  transition at x/c =  0.0739   47
 Side 2 forced transition at x/c =  1.0000   57

   1   rms: 0.9924E-01   max: 0.6270E+00   C at   47  1   RLX: 0.279
       a = 21.750      CL =  1.4757
      Cm = -0.0583     CD =  0.14122   =>   CDf =  0.00500    CDp =  0.13622

 Side 1  free  transition at x/c =  0.0692   46
 Side 2 forced transition at x/c =  1.0000   57

   2   rms: 0.6711E-01   max: 0.4559E+00   C at   46  1
       a = 21.750      CL =  1.4521
      Cm = -0.0635     CD =  0.15391   =>   CDf =  0.00502    CDp =  0.14889

 Side 1  free  transition at x/c =  0.0573   45
 Side 2 forced transition at x/c =  1.0000   57

   3   rms: 0.2314E-01   max: -.2106E+00   D at   45  1
       a = 21.750      CL =  1.4430
      Cm = -0.0633     CD =  0.15089   =>   CDf =  0.00518    CDp =  0.14571

 Side 1  free  transition at x/c =  0.0611   45
 Side 2 forced transition at x/c =  1.0000   57

   4   rms: 0.5139E-02   max: -.4079E-01   D at   45  1
       a = 21.750      CL =  1.4447
      Cm = -0.0628     CD =  0.14943   =>   CDf =  0.00500    CDp =  0.14443

 Side 1  free  transition at x/c =  0.0602   45
 Side 2 forced transition at x/c =  1.0000   57

   5   rms: 0.4606E-03   max: -.2403E-02   D at   77  2
       a = 21.750      CL =  1.4449
      Cm = -0.0628     CD =  0.14962   =>   CDf =  0.00503    CDp =  0.14459

 Side 1  free  transition at x/c =  0.0601   45
 Side 2 forced transition at x/c =  1.0000   57

   6   rms: 0.3828E-04   max: -.3496E-03   D at   75  2
       a = 21.750      CL =  1.4450
      Cm = -0.0628     CD =  0.14966   =>   CDf =  0.00503    CDp =  0.14463
 plradd ia,ip,cpol           16           0  5.43858099E-04

 Point added to stored polar  1
 Point written to save file  goe692_Re200k.ext.pol                           
 Dump file unspecified or not available
 Calculating wake trajectory ...
 Calculating source influence matrix ...

 Solving BL system ...

 Side 1  free  transition at x/c =  0.0601   45
 Side 2 forced transition at x/c =  1.0000   57

   1   rms: 0.9420E-01   max: 0.6680E+00   C at   45  1   RLX: 0.265
       a = 22.250      CL =  1.4359
      Cm = -0.0651     CD =  0.15508   =>   CDf =  0.00504    CDp =  0.15004

 Side 1  free  transition at x/c =  0.0567   45
 Side 2 forced transition at x/c =  1.0000   57

   2   rms: 0.6832E-01   max: 0.3720E+00   D at   62  1
       a = 22.250      CL =  1.4096
      Cm = -0.0715     CD =  0.16969   =>   CDf =  0.00511    CDp =  0.16457

 Side 1  free  transition at x/c =  0.0520   44
 Side 2 forced transition at x/c =  1.0000   57

   3   rms: 0.1586E-01   max: -.1936E+00   D at   44  1
       a = 22.250      CL =  1.4102
      Cm = -0.0702     CD =  0.16372   =>   CDf =  0.00503    CDp =  0.15870

 Side 1  free  transition at x/c =  0.0517   44
 Side 2 forced transition at x/c =  1.0000   57

   4   rms: 0.3773E-02   max: -.2443E-01   D at   62  1
       a = 22.250      CL =  1.4112
      Cm = -0.0698     CD =  0.16242   =>   CDf =  0.00501    CDp =  0.15741

 Side 1  free  transition at x/c =  0.0514   44
 Side 2 forced transition at x/c =  1.0000   57

   5   rms: 0.4869E-03   max: -.2193E-02   D at   77  2
       a = 22.250      CL =  1.4115
      Cm = -0.0699     CD =  0.16262   =>   CDf =  0.00504    CDp =  0.15759

 Side 1  free  transition at x/c =  0.0514   44
 Side 2 forced transition at x/c =  1.0000   57

   6   rms: 0.3352E-04   max: -.2705E-03   D at   75  2
       a = 22.250      CL =  1.4115
      Cm = -0.0699     CD =  0.16266   =>   CDf =  0.00504    CDp =  0.15762
 plradd ia,ip,cpol           17           0  5.43858099E-04

 Point added to stored polar  1
 Point written to save file  goe692_Re200k.ext.pol                           
 Dump file unspecified or not available

.OPERva   c>  
 Polar accumulation disabled

.OPERv   c>  
 XFOIL   c>  
 XFOIL   c>  