
 ===================================================
  XFOIL Version 6.99
  Copyright (C) 2000   Mark Drela, Harold Youngren

  This software comes with ABSOLUTELY NO WARRANTY,
    subject to the GNU General Public License.

  Caveat computor
 ===================================================

 File  xfoil.def  not found

   QUIT    Exit program

  .OPER    Direct operating point(s)
  .MDES    Complex mapping design routine
  .QDES    Surface speed design routine
  .GDES    Geometry design routine

   SAVE f  Write airfoil to labeled coordinate file
   PSAV f  Write airfoil to plain coordinate file
   ISAV f  Write airfoil to ISES coordinate file
   MSAV f  Write airfoil to MSES coordinate file
   REVE    Reverse written-airfoil node ordering

   LOAD f  Read buffer airfoil from coordinate file
   NACA i  Set NACA 4,5-digit airfoil and buffer airfoil
   INTE    Set buffer airfoil by interpolating two airfoils
   NORM    Buffer airfoil normalization toggle
   XYCM rr Change CM reference location, currently  0.25000 0.00000

   BEND    Display structural properties of current airfoil

   PCOP    Set current-airfoil panel nodes directly from buffer airfoil points
   PANE    Set current-airfoil panel nodes ( 160 ) based on curvature
  .PPAR    Show/change paneling

  .PLOP    Plotting options

   WDEF f  Write  current-settings file
   RDEF f  Reread current-settings file
   NAME s  Specify new airfoil name
   NINC    Increment name version number

   Z       Zoom    | (available in all menus)
   U       Unzoom  | 

 XFOIL   c>  
 Labeled airfoil file.  Name:  GOE 626 AIRFOIL                                 

 Number of input coordinate points:  33
 Counterclockwise ordering
 Max thickness =     0.166676  at x =   0.204
 Max camber    =     0.049851  at x =   0.501

  LE  x,y  =  -0.00007   0.00185  |   Chord =   1.00007
  TE  x,y  =   1.00000   0.00000  |

 Current airfoil nodes set from buffer airfoil nodes (  33 )

 WARNING: Poor input coordinate distribution
          Excessive panel angle   52.8  at i =  17
          Repaneling with PANE and/or PPAR suggested
           (doing GDES,CADD before repaneling _may_
            improve excessively coarse LE spacing

 XFOIL   c>  
 XFOIL   c>  
 Sharp trailing edge

 Paneling parameters used...
   Number of panel nodes       160
   Panel bunching parameter    1.000
   TE/LE panel density ratio   0.150
   Refined-area/LE panel density ratio    0.200
   Top    side refined area x/c limits  1.000 1.000
   Bottom side refined area x/c limits  1.000 1.000

 XFOIL   c>  
.OPERi   c>  
 Xtr/c     =  1.0000    top    side
 Xtr/c     =  1.0000    bottom side
 Ncrit     =    9.00   ( 0.070 % turb. level )
 Vacc      =  0.0100

 Klag  =  5.6000     Uxwt  =    1.00
 A     =  6.7000     B     =  0.7500       KCt = 0.01485
 CtiniK=  1.8000     CtiniX=  3.3000

..VPAR   c>  
..VPAR   c>  
.OPERi   c>  
 M  =    0.0000
 Re =    200000

.OPERv   c>  
.OPERv   c>  
.OPERv   c>  
 Polar  1 newly created for accumulation
 Airfoil archived with polar: GOE 626 AIRFOIL                                 

Enter  polar save filename  OR  <return> for no file   s>  
 New polar save file available

Enter  polar dump filename  OR  <return> for no file   s>  
 Polar dump file will NOT be written

 Polar accumulation enabled

.OPERva   c>   Calculating unit vorticity distributions ...
 Calculating wake trajectory ...
 Calculating source influence matrix ...

 Solving BL system ...

 Initializing BL ...
    side            1  ...
 MRCHUE: Inverse mode at  49     Hk =   3.800
 MRCHUE: Inverse mode at  50     Hk =   4.363
 MRCHUE: Inverse mode at  51     Hk =   4.919
 MRCHUE: Inverse mode at  52     Hk =   5.469
 MRCHUE: Inverse mode at  53     Hk =   6.009
 MRCHUE: Inverse mode at  54     Hk =   6.534
 MRCHUE: Inverse mode at  55     Hk =   7.042
 MRCHUE: Inverse mode at  56     Hk =   7.532
 MRCHUE: Inverse mode at  57     Hk =   8.007
 MRCHUE: Inverse mode at  58     Hk =   8.471
 MRCHUE: Inverse mode at  59     Hk =   8.928
 MRCHUE: Inverse mode at  60     Hk =   8.279
 MRCHUE: Inverse mode at  61     Hk =   6.388
 MRCHUE: Inverse mode at  62     Hk =   5.107
 MRCHUE: Inverse mode at  63     Hk =   4.129
 MRCHUE: Inverse mode at  64     Hk =   3.342
    side            2  ...
 MRCHUE: Inverse mode at  22     Hk =   3.838
 MRCHUE: Inverse mode at  23     Hk =   4.395
 MRCHUE: Inverse mode at  24     Hk =   4.935
 MRCHUE: Inverse mode at  42     Hk =   3.834
 MRCHUE: Inverse mode at  43     Hk =   4.477
 MRCHUE: Inverse mode at  44     Hk =   5.111
 MRCHUE: Inverse mode at  45     Hk =   5.747
 MRCHUE: Convergence failed at  46  side 2    Res =  0.2520E+01
 MRCHUE: Inverse mode at  47     Hk =   6.407
 MRCHUE: Inverse mode at  48     Hk =   7.077
 MRCHUE: Inverse mode at  49     Hk =   5.297
 MRCHUE: Inverse mode at  50     Hk =   2.737
 MRCHUE: Inverse mode at  51     Hk =   2.500

 MRCHDU: Convergence failed at  50  side 2    Res =  0.1527E+01
 MRCHDU: Convergence failed at  51  side 2    Res =  0.2745E+01
 MRCHDU: Convergence failed at  52  side 2    Res =  0.1788E+02
 MRCHDU: Convergence failed at  53  side 2    Res =  0.1271E+02
 MRCHDU: Convergence failed at  54  side 2    Res =  0.1049E+02
 MRCHDU: Convergence failed at  55  side 2    Res =  0.1204E+02
 MRCHDU: Convergence failed at  56  side 2    Res =  0.1516E+02
 MRCHDU: Convergence failed at  57  side 2    Res =  0.2017E+02
 MRCHDU: Convergence failed at  58  side 2    Res =  0.3106E+02
 MRCHDU: Convergence failed at  59  side 2    Res =  0.4864E+02
 MRCHDU: Convergence failed at  60  side 2    Res =  0.1203E+03
 MRCHDU: Convergence failed at  61  side 2    Res =  0.5300E+03
 MRCHDU: Convergence failed at  62  side 2    Res =  0.1304E+02
 MRCHDU: Convergence failed at  63  side 2    Res =  0.1261E+02
 MRCHDU: Convergence failed at  64  side 2    Res =  0.1251E+02
 MRCHDU: Convergence failed at  65  side 2    Res =  0.1344E+02
 MRCHDU: Convergence failed at  66  side 2    Res =  0.1441E+02
 MRCHDU: Convergence failed at  67  side 2    Res =  0.1537E+02
 MRCHDU: Convergence failed at  68  side 2    Res =  0.3777E+02
 MRCHDU: Convergence failed at  69  side 2    Res =  0.3699E+02
 MRCHDU: Convergence failed at  70  side 2    Res =  0.3650E+02
 MRCHDU: Convergence failed at  71  side 2    Res =  0.3800E+02
 MRCHDU: Convergence failed at  72  side 2    Res =  0.4885E+02
 MRCHDU: Convergence failed at  73  side 2    Res =  0.8644E+02
 MRCHDU: Convergence failed at  74  side 2    Res =  0.3425E+02
 MRCHDU: Convergence failed at  75  side 2    Res =  0.2792E+02
 MRCHDU: Convergence failed at  76  side 2    Res =  0.2228E+02
 MRCHDU: Convergence failed at  77  side 2    Res =  0.2246E+02
 MRCHDU: Convergence failed at  78  side 2    Res =  0.2446E+02
 MRCHDU: Convergence failed at  79  side 2    Res =  0.2571E+02
 MRCHDU: Convergence failed at  80  side 2    Res =  0.2362E+02
 MRCHDU: Convergence failed at  81  side 2    Res =  0.2315E+02
 MRCHDU: Convergence failed at  82  side 2    Res =  0.2295E+02
 MRCHDU: Convergence failed at  83  side 2    Res =  0.1059E+02
 MRCHDU: Convergence failed at  84  side 2    Res =  0.1121E+02
 MRCHDU: Convergence failed at  85  side 2    Res =  0.1156E+02
 MRCHDU: Convergence failed at  86  side 2    Res =  0.1165E+03
 Side 1  free  transition at x/c =  0.7287   60
 Side 2  free  transition at x/c =  0.3155   49

   1   rms: 0.7095E+00   max: 0.2331E+01   D at   70  2   RLX: 0.329
       a = -4.000      CL = -0.0520
      Cm = -0.0217     CD =  0.01103   =>   CDf =  0.00549    CDp =  0.00554

 Side 1  free  transition at x/c =  0.7593   62
 Side 2  free  transition at x/c =  0.3069   49

   2   rms: 0.3651E+00   max: 0.1106E+01   T at   67  2   RLX: 0.457
       a = -4.000      CL =  0.0511
      Cm = -0.0972     CD =  0.01521   =>   CDf =  0.00783    CDp =  0.00738

 Side 1  free  transition at x/c =  0.7819   63
 Side 2  free  transition at x/c =  0.3005   48
 idif Ue xi dudx           1  0.13813843      4.10997868E-03   33.610497    
 Uenew xinew           2  4.92100865E-02  1.46412849E-03

   3   rms: 0.4996E+00   max: -.2181E+01   D at   75  2   RLX: 0.229
       a = -4.000      CL = -0.0032
      Cm = -0.0972     CD =  0.01571   =>   CDf =  0.00700    CDp =  0.00871

 MRCHDU: Convergence failed at  67  side 2    Res =  0.4458E+00
 Side 1  free  transition at x/c =  0.7904   62
 Side 2  free  transition at x/c =  0.2912   49

   4   rms: 0.4059E+00   max: -.2255E+01   D at   84  2   RLX: 0.222
       a = -4.000      CL = -0.0611
      Cm = -0.0891     CD =  0.01629   =>   CDf =  0.00749    CDp =  0.00880

 MRCHDU: Convergence failed at  78  side 2    Res =  0.4847E+00
 Side 1  free  transition at x/c =  0.8014   63
 Side 2  free  transition at x/c =  0.2873   48
 idif Ue xi dudx           1  9.45918187E-02  2.84969807E-03   33.193630    
 Uenew xinew           2  6.37075223E-04  1.91926956E-05

   5   rms: 0.7942E+00   max: 0.1390E+02   T at    2  1   RLX: 0.097
       a = -4.000      CL = -0.0686
      Cm = -0.0841     CD =  0.01516   =>   CDf =  0.00757    CDp =  0.00758

 Side 1  free  transition at x/c =  0.8040   62
 Side 2  free  transition at x/c =  0.2863   49

   6   rms: 0.1131E+01   max: 0.1973E+02   D at    2  2   RLX: 0.060
       a = -4.000      CL = -0.0674
      Cm = -0.0853     CD =  0.01549   =>   CDf =  0.00740    CDp =  0.00809

 Side 1  free  transition at x/c =  0.8054   62
 Side 2  free  transition at x/c =  0.2855   49

   7   rms: 0.1754E+00   max: -.1023E+01   D at   88  2   RLX: 0.489
       a = -4.000      CL = -0.0233
      Cm = -0.1023     CD =  0.01647   =>   CDf =  0.00735    CDp =  0.00913

 Side 1  free  transition at x/c =  0.8216   63
 Side 2  free  transition at x/c =  0.2816   49

   8   rms: 0.1406E+00   max: 0.5063E+00   D at   90  2
       a = -4.000      CL =  0.1124
      Cm = -0.1343     CD =  0.01878   =>   CDf =  0.00678    CDp =  0.01199

 Side 1  free  transition at x/c =  0.8314   65
 Side 2  free  transition at x/c =  0.2859   48

   9   rms: 0.4493E-01   max: 0.1981E+00   D at   48  2
       a = -4.000      CL =  0.1534
      Cm = -0.1413     CD =  0.01931   =>   CDf =  0.00646    CDp =  0.01286

 Side 1  free  transition at x/c =  0.8372   65
 Side 2  free  transition at x/c =  0.2877   48

  10   rms: 0.4486E-02   max: -.4148E-01   D at   66  1
       a = -4.000      CL =  0.1531
      Cm = -0.1412     CD =  0.01935   =>   CDf =  0.00643    CDp =  0.01292

 Side 1  free  transition at x/c =  0.8381   65
 Side 2  free  transition at x/c =  0.2878   48

  11   rms: 0.2364E-03   max: 0.1726E-02   T at   48  2
       a = -4.000      CL =  0.1530
      Cm = -0.1412     CD =  0.01935   =>   CDf =  0.00644    CDp =  0.01291

 Side 1  free  transition at x/c =  0.8381   65
 Side 2  free  transition at x/c =  0.2877   48

  12   rms: 0.4052E-05   max: 0.2950E-04   T at   48  2
       a = -4.000      CL =  0.1530
      Cm = -0.1412     CD =  0.01935   =>   CDf =  0.00644    CDp =  0.01292
 plradd ia,ip,cpol            1           0  1.50665399E-02

 Point added to stored polar  1
 Point written to save file  goe626_Re200k.base.pol                          
 Dump file unspecified or not available
 Calculating wake trajectory ...
 Calculating source influence matrix ...

 Solving BL system ...

 Side 1  free  transition at x/c =  0.8381   65
 Side 2  free  transition at x/c =  0.2877   48

   1   rms: 0.1203E+00   max: -.1235E+01   T at   48  2   RLX: 0.405
       a = -3.500      CL =  0.1792
      Cm = -0.1420     CD =  0.01910   =>   CDf =  0.00642    CDp =  0.01267

 Side 1  free  transition at x/c =  0.8280   65
 Side 2  free  transition at x/c =  0.2994   48

   2   rms: 0.1816E+00   max: 0.1365E+01   D at   48  2
       a = -3.500      CL =  0.1935
      Cm = -0.1377     CD =  0.01911   =>   CDf =  0.00675    CDp =  0.01236

 Side 1  free  transition at x/c =  0.8016   64
 Side 2  free  transition at x/c =  0.2994   48

   3   rms: 0.7548E-01   max: 0.3903E+00   D at   49  2
       a = -3.500      CL =  0.2272
      Cm = -0.1432     CD =  0.01940   =>   CDf =  0.00664    CDp =  0.01276

 Side 1  free  transition at x/c =  0.8215   65
 Side 2  free  transition at x/c =  0.2985   48

   4   rms: 0.2352E-01   max: 0.1851E+00   C at   65  1
       a = -3.500      CL =  0.2235
      Cm = -0.1425     CD =  0.01941   =>   CDf =  0.00629    CDp =  0.01312

 Side 1  free  transition at x/c =  0.8156   65
 Side 2  free  transition at x/c =  0.2976   48

   5   rms: 0.7443E-02   max: -.5552E-01   D at   76  1
       a = -3.500      CL =  0.2161
      Cm = -0.1411     CD =  0.01946   =>   CDf =  0.00630    CDp =  0.01316

 Side 1  free  transition at x/c =  0.8134   65
 Side 2  free  transition at x/c =  0.2970   48

   6   rms: 0.5780E-03   max: -.3229E-02   D at   65  1
       a = -3.500      CL =  0.2157
      Cm = -0.1410     CD =  0.01946   =>   CDf =  0.00633    CDp =  0.01313

 Side 1  free  transition at x/c =  0.8135   65
 Side 2  free  transition at x/c =  0.2970   48

   7   rms: 0.4339E-05   max: -.2231E-04   D at   62  2
       a = -3.500      CL =  0.2157
      Cm = -0.1410     CD =  0.01946   =>   CDf =  0.00633    CDp =  0.01313
 plradd ia,ip,cpol            2           0  1.50665399E-02

 Point added to stored polar  1
 Point written to save file  goe626_Re200k.base.pol                          
 Dump file unspecified or not available
 Calculating wake trajectory ...
 Calculating source influence matrix ...

 Solving BL system ...

 Side 1  free  transition at x/c =  0.8135   65
 Side 2  free  transition at x/c =  0.2970   48

   1   rms: 0.9636E-01   max: -.5333E+00   T at   48  2   RLX: 0.938
       a = -3.000      CL =  0.2832
      Cm = -0.1424     CD =  0.01967   =>   CDf =  0.00631    CDp =  0.01336

 Side 1  free  transition at x/c =  0.7934   65
 Side 2  free  transition at x/c =  0.3057   47

   2   rms: 0.1706E+00   max: 0.1692E+01   T at   47  2   RLX: 0.385
       a = -3.000      CL =  0.2770
      Cm = -0.1404     CD =  0.02090   =>   CDf =  0.00618    CDp =  0.01472

 Side 1  free  transition at x/c =  0.7909   65
 Side 2  free  transition at x/c =  0.2994   47

   3   rms: 0.1906E+00   max: -.7437E+00   D at   62  2   RLX: 0.672
       a = -3.000      CL =  0.2755
      Cm = -0.1425     CD =  0.02119   =>   CDf =  0.00557    CDp =  0.01562

 Side 1  free  transition at x/c =  0.7884   64
 Side 2  free  transition at x/c =  0.3067   48

   4   rms: 0.1047E+00   max: -.4239E+00   D at   60  2
       a = -3.000      CL =  0.2720
      Cm = -0.1407     CD =  0.01930   =>   CDf =  0.00617    CDp =  0.01314

 Side 1  free  transition at x/c =  0.7834   64
 Side 2  free  transition at x/c =  0.3083   48

   5   rms: 0.1362E-01   max: -.8969E-01   D at   50  2
       a = -3.000      CL =  0.2734
      Cm = -0.1409     CD =  0.01892   =>   CDf =  0.00661    CDp =  0.01231

 Side 1  free  transition at x/c =  0.7844   64
 Side 2  free  transition at x/c =  0.3092   48

   6   rms: 0.1265E-02   max: -.8664E-02   D at   52  2
       a = -3.000      CL =  0.2734
      Cm = -0.1409     CD =  0.01893   =>   CDf =  0.00660    CDp =  0.01233

 Side 1  free  transition at x/c =  0.7844   64
 Side 2  free  transition at x/c =  0.3092   48

   7   rms: 0.3947E-05   max: -.4468E-04   D at   52  2
       a = -3.000      CL =  0.2734
      Cm = -0.1409     CD =  0.01893   =>   CDf =  0.00661    CDp =  0.01232
 plradd ia,ip,cpol            3           0  5.97751327E-02

 Point added to stored polar  1
 Point written to save file  goe626_Re200k.base.pol                          
 Dump file unspecified or not available
 Calculating wake trajectory ...
 Calculating source influence matrix ...

 Solving BL system ...

 Side 1  free  transition at x/c =  0.7844   64
 Side 2  free  transition at x/c =  0.3092   48

   1   rms: 0.7720E-01   max: -.4572E+00   T at   48  2
       a = -2.500      CL =  0.3194
      Cm = -0.1381     CD =  0.01877   =>   CDf =  0.00658    CDp =  0.01218

 Side 1  free  transition at x/c =  0.7502   63
 Side 2  free  transition at x/c =  0.3148   47

   2   rms: 0.6819E-01   max: -.3186E+00   D at   64  1
       a = -2.500      CL =  0.3341
      Cm = -0.1409     CD =  0.01876   =>   CDf =  0.00644    CDp =  0.01232

 Side 1  free  transition at x/c =  0.7580   64
 Side 2  free  transition at x/c =  0.3171   47

   3   rms: 0.7692E-02   max: 0.6892E-01   D at   64  1
       a = -2.500      CL =  0.3307
      Cm = -0.1402     CD =  0.01875   =>   CDf =  0.00664    CDp =  0.01212

 Side 1  free  transition at x/c =  0.7552   64
 Side 2  free  transition at x/c =  0.3169   47

   4   rms: 0.8256E-03   max: -.7765E-02   D at   67  1
       a = -2.500      CL =  0.3301
      Cm = -0.1401     CD =  0.01876   =>   CDf =  0.00668    CDp =  0.01209

 Side 1  free  transition at x/c =  0.7550   64
 Side 2  free  transition at x/c =  0.3168   47

   5   rms: 0.6816E-05   max: -.7478E-04   D at   67  1
       a = -2.500      CL =  0.3301
      Cm = -0.1401     CD =  0.01877   =>   CDf =  0.00668    CDp =  0.01208
 plradd ia,ip,cpol            4           0  5.97751327E-02

 Point added to stored polar  1
 Point written to save file  goe626_Re200k.base.pol                          
 Dump file unspecified or not available
 Calculating wake trajectory ...
 Calculating source influence matrix ...

 Solving BL system ...

 Side 1  free  transition at x/c =  0.7550   64
 Side 2  free  transition at x/c =  0.3168   47

   1   rms: 0.8690E-01   max: -.3995E+00   T at   47  2
       a = -2.000      CL =  0.3959
      Cm = -0.1415     CD =  0.01823   =>   CDf =  0.00665    CDp =  0.01158

 Side 1  free  transition at x/c =  0.7305   63
 Side 2  free  transition at x/c =  0.3250   46

   2   rms: 0.6591E-01   max: -.2794E+00   D at   49  2
       a = -2.000      CL =  0.3840
      Cm = -0.1397     CD =  0.01831   =>   CDf =  0.00683    CDp =  0.01149

 Side 1  free  transition at x/c =  0.7233   63
 Side 2  free  transition at x/c =  0.3263   47

   3   rms: 0.3756E-01   max: 0.1983E+00   D at   47  2
       a = -2.000      CL =  0.3846
      Cm = -0.1398     CD =  0.01822   =>   CDf =  0.00722    CDp =  0.01100

 Side 1  free  transition at x/c =  0.7237   63
 Side 2  free  transition at x/c =  0.3256   47

   4   rms: 0.5491E-03   max: -.6435E-02   D at   47  2
       a = -2.000      CL =  0.3847
      Cm = -0.1398     CD =  0.01824   =>   CDf =  0.00712    CDp =  0.01111

 Side 1  free  transition at x/c =  0.7237   63
 Side 2  free  transition at x/c =  0.3256   47

   5   rms: 0.9907E-05   max: 0.4209E-04   D at   48  2
       a = -2.000      CL =  0.3847
      Cm = -0.1398     CD =  0.01824   =>   CDf =  0.00712    CDp =  0.01111
 plradd ia,ip,cpol            5           0  0.24167988    

 Point added to stored polar  1
 Point written to save file  goe626_Re200k.base.pol                          
 Dump file unspecified or not available
 Calculating wake trajectory ...
 Calculating source influence matrix ...

 Solving BL system ...

 Side 1  free  transition at x/c =  0.7237   63
 Side 2  free  transition at x/c =  0.3256   47

   1   rms: 0.1037E+00   max: -.5436E+00   T at   47  2   RLX: 0.920
       a = -1.500      CL =  0.4338
      Cm = -0.1399     CD =  0.01625   =>   CDf =  0.00713    CDp =  0.00912

 Side 1  free  transition at x/c =  0.7000   62
 Side 2  free  transition at x/c =  0.3317   47

   2   rms: 0.5354E-01   max: -.2653E+00   D at   53  2
       a = -1.500      CL =  0.4386
      Cm = -0.1393     CD =  0.01741   =>   CDf =  0.00697    CDp =  0.01043

 Side 1  free  transition at x/c =  0.6971   62
 Side 2  free  transition at x/c =  0.3306   46

   3   rms: 0.4917E-02   max: -.4335E-01   D at   52  2
       a = -1.500      CL =  0.4386
      Cm = -0.1392     CD =  0.01752   =>   CDf =  0.00728    CDp =  0.01024

 Side 1  free  transition at x/c =  0.6961   62
 Side 2  free  transition at x/c =  0.3305   46

   4   rms: 0.2270E-03   max: 0.2763E-02   D at    4  1
       a = -1.500      CL =  0.4386
      Cm = -0.1392     CD =  0.01752   =>   CDf =  0.00729    CDp =  0.01023

 Side 1  free  transition at x/c =  0.6961   62
 Side 2  free  transition at x/c =  0.3304   46

   5   rms: 0.6087E-05   max: -.8148E-04   D at    4  1
       a = -1.500      CL =  0.4386
      Cm = -0.1392     CD =  0.01752   =>   CDf =  0.00729    CDp =  0.01023
 plradd ia,ip,cpol            6           0  0.22625662    

 Point added to stored polar  1
 Point written to save file  goe626_Re200k.base.pol                          
 Dump file unspecified or not available
 Calculating wake trajectory ...
 Calculating source influence matrix ...

 Solving BL system ...

 Side 1  free  transition at x/c =  0.6961   62
 Side 2  free  transition at x/c =  0.3304   46

   1   rms: 0.7108E-01   max: -.2636E+00   T at   46  2
       a = -1.000      CL =  0.4868
      Cm = -0.1374     CD =  0.01728   =>   CDf =  0.00730    CDp =  0.00998

 Side 1  free  transition at x/c =  0.6656   61
 Side 2  free  transition at x/c =  0.3359   46

   2   rms: 0.2807E-01   max: -.2661E+00   D at   61  1
       a = -1.000      CL =  0.4932
      Cm = -0.1385     CD =  0.01726   =>   CDf =  0.00754    CDp =  0.00972

 Side 1  free  transition at x/c =  0.6712   61
 Side 2  free  transition at x/c =  0.3366   46

   3   rms: 0.4522E-02   max: 0.5477E-01   C at   61  1
       a = -1.000      CL =  0.4919
      Cm = -0.1383     CD =  0.01732   =>   CDf =  0.00745    CDp =  0.00987

 Side 1  free  transition at x/c =  0.6693   61
 Side 2  free  transition at x/c =  0.3365   46

   4   rms: 0.1543E-03   max: -.2344E-02   D at   63  1
       a = -1.000      CL =  0.4919
      Cm = -0.1383     CD =  0.01732   =>   CDf =  0.00749    CDp =  0.00983

 Side 1  free  transition at x/c =  0.6693   61
 Side 2  free  transition at x/c =  0.3365   46

   5   rms: 0.1414E-05   max: -.6614E-05   D at   78  1
       a = -1.000      CL =  0.4919
      Cm = -0.1383     CD =  0.01732   =>   CDf =  0.00749    CDp =  0.00983
 plradd ia,ip,cpol            7           0  0.22625662    

 Point added to stored polar  1
 Point written to save file  goe626_Re200k.base.pol                          
 Dump file unspecified or not available
 Calculating wake trajectory ...
 Calculating source influence matrix ...

 Solving BL system ...

 Side 1  free  transition at x/c =  0.6693   61
 Side 2  free  transition at x/c =  0.3365   46

   1   rms: 0.7832E-01   max: -.2618E+00   T at   46  2
       a = -0.500      CL =  0.5475
      Cm = -0.1380     CD =  0.01709   =>   CDf =  0.00743    CDp =  0.00967

 Side 1  free  transition at x/c =  0.6466   61
 Side 2  free  transition at x/c =  0.3419   45

   2   rms: 0.2878E-01   max: -.2448E+00   D at   61  1
       a = -0.500      CL =  0.5468
      Cm = -0.1379     CD =  0.01708   =>   CDf =  0.00778    CDp =  0.00930

 Side 1  free  transition at x/c =  0.6455   61
 Side 2  free  transition at x/c =  0.3420   45

   3   rms: 0.1471E-02   max: 0.1839E-01   D at   61  1
       a = -0.500      CL =  0.5471
      Cm = -0.1380     CD =  0.01713   =>   CDf =  0.00786    CDp =  0.00927

 Side 1  free  transition at x/c =  0.6452   61
 Side 2  free  transition at x/c =  0.3420   45

   4   rms: 0.1768E-04   max: -.1775E-03   D at   63  1
       a = -0.500      CL =  0.5471
      Cm = -0.1380     CD =  0.01713   =>   CDf =  0.00787    CDp =  0.00926
 plradd ia,ip,cpol            8           0  0.22625662    

 Point added to stored polar  1
 Point written to save file  goe626_Re200k.base.pol                          
 Dump file unspecified or not available
 Calculating wake trajectory ...
 Calculating source influence matrix ...

 Solving BL system ...

 Side 1  free  transition at x/c =  0.6452   61
 Side 2  free  transition at x/c =  0.3420   45

   1   rms: 0.8430E-01   max: -.2911E+00   T at   45  2
       a =  0.000      CL =  0.6081
      Cm = -0.1387     CD =  0.01718   =>   CDf =  0.00779    CDp =  0.00939

 Side 1  free  transition at x/c =  0.6268   61
 Side 2  free  transition at x/c =  0.3494   45

   2   rms: 0.5962E-01   max: 0.4251E+00   D at   45  2
       a =  0.000      CL =  0.6005
      Cm = -0.1373     CD =  0.01687   =>   CDf =  0.00815    CDp =  0.00871

 Side 1  free  transition at x/c =  0.6238   60
 Side 2  free  transition at x/c =  0.3473   45

   3   rms: 0.1824E-02   max: 0.1573E-01   D at   61  1
       a =  0.000      CL =  0.6015
      Cm = -0.1376     CD =  0.01695   =>   CDf =  0.00813    CDp =  0.00882

 Side 1  free  transition at x/c =  0.6233   60
 Side 2  free  transition at x/c =  0.3473   45

   4   rms: 0.2630E-04   max: 0.2635E-03   D at   46  2
       a =  0.000      CL =  0.6015
      Cm = -0.1376     CD =  0.01695   =>   CDf =  0.00812    CDp =  0.00882
 plradd ia,ip,cpol            9           0  0.22625662    

 Point added to stored polar  1
 Point written to save file  goe626_Re200k.base.pol                          
 Dump file unspecified or not available
 Calculating wake trajectory ...
 Calculating source influence matrix ...

 Solving BL system ...

 Side 1  free  transition at x/c =  0.6233   60
 Side 2  free  transition at x/c =  0.3473   45

   1   rms: 0.7320E-01   max: 0.3274E+00   T at   60  1
       a =  0.500      CL =  0.6469
      Cm = -0.1355     CD =  0.01665   =>   CDf =  0.00804    CDp =  0.00861

 Side 1  free  transition at x/c =  0.5981   60
 Side 2  free  transition at x/c =  0.3514   44

   2   rms: 0.3077E-01   max: -.2278E+00   D at   61  1
       a =  0.500      CL =  0.6548
      Cm = -0.1369     CD =  0.01691   =>   CDf =  0.00823    CDp =  0.00868

 Side 1  free  transition at x/c =  0.6023   60
 Side 2  free  transition at x/c =  0.3519   44

   3   rms: 0.1949E-02   max: 0.2413E-01   D at   61  1
       a =  0.500      CL =  0.6539
      Cm = -0.1367     CD =  0.01691   =>   CDf =  0.00823    CDp =  0.00868

 Side 1  free  transition at x/c =  0.6016   60
 Side 2  free  transition at x/c =  0.3518   44

   4   rms: 0.2010E-04   max: 0.1394E-03   D at   62  1
       a =  0.500      CL =  0.6538
      Cm = -0.1367     CD =  0.01691   =>   CDf =  0.00823    CDp =  0.00868
 plradd ia,ip,cpol           10           0  0.22625662    

 Point added to stored polar  1
 Point written to save file  goe626_Re200k.base.pol                          
 Dump file unspecified or not available
 Calculating wake trajectory ...
 Calculating source influence matrix ...

 Solving BL system ...

 Side 1  free  transition at x/c =  0.6016   60
 Side 2  free  transition at x/c =  0.3518   44

   1   rms: 0.7197E-01   max: 0.3423E+00   T at   60  1
       a =  1.000      CL =  0.7001
      Cm = -0.1346     CD =  0.01677   =>   CDf =  0.00824    CDp =  0.00853

 Side 1  free  transition at x/c =  0.5770   59
 Side 2  free  transition at x/c =  0.3572   44

   2   rms: 0.2081E-01   max: -.2007E+00   D at   60  1
       a =  1.000      CL =  0.7066
      Cm = -0.1358     CD =  0.01693   =>   CDf =  0.00831    CDp =  0.00862

 Side 1  free  transition at x/c =  0.5810   60
 Side 2  free  transition at x/c =  0.3573   43

   3   rms: 0.1949E-02   max: 0.2271E-01   D at   61  1
       a =  1.000      CL =  0.7056
      Cm = -0.1356     CD =  0.01694   =>   CDf =  0.00836    CDp =  0.00858

 Side 1  free  transition at x/c =  0.5802   60
 Side 2  free  transition at x/c =  0.3572   43

   4   rms: 0.2225E-03   max: 0.2856E-02   D at    4  1
       a =  1.000      CL =  0.7056
      Cm = -0.1356     CD =  0.01694   =>   CDf =  0.00836    CDp =  0.00858

 Side 1  free  transition at x/c =  0.5802   60
 Side 2  free  transition at x/c =  0.3572   43

   5   rms: 0.4619E-05   max: 0.5891E-04   D at    4  1
       a =  1.000      CL =  0.7056
      Cm = -0.1356     CD =  0.01694   =>   CDf =  0.00836    CDp =  0.00858
 plradd ia,ip,cpol           11           0  0.21109566    

 Point added to stored polar  1
 Point written to save file  goe626_Re200k.base.pol                          
 Dump file unspecified or not available
 Calculating wake trajectory ...
 Calculating source influence matrix ...

 Solving BL system ...

 Side 1  free  transition at x/c =  0.5802   60
 Side 2  free  transition at x/c =  0.3572   43

   1   rms: 0.7206E-01   max: 0.3241E+00   T at   60  1
       a =  1.500      CL =  0.7533
      Cm = -0.1338     CD =  0.01689   =>   CDf =  0.00836    CDp =  0.00852

 Side 1  free  transition at x/c =  0.5576   59
 Side 2  free  transition at x/c =  0.3623   43

   2   rms: 0.2383E-01   max: -.1789E+00   D at   60  1
       a =  1.500      CL =  0.7584
      Cm = -0.1347     CD =  0.01700   =>   CDf =  0.00857    CDp =  0.00843

 Side 1  free  transition at x/c =  0.5611   59
 Side 2  free  transition at x/c =  0.3626   43

   3   rms: 0.1823E-02   max: 0.2113E-01   D at   60  1
       a =  1.500      CL =  0.7577
      Cm = -0.1346     CD =  0.01701   =>   CDf =  0.00854    CDp =  0.00848

 Side 1  free  transition at x/c =  0.5604   59
 Side 2  free  transition at x/c =  0.3625   43

   4   rms: 0.2258E-04   max: -.1291E-03   D at   84  1
       a =  1.500      CL =  0.7576
      Cm = -0.1346     CD =  0.01701   =>   CDf =  0.00854    CDp =  0.00848
 plradd ia,ip,cpol           12           0  9.97739881E-02

 Point added to stored polar  1
 Point written to save file  goe626_Re200k.base.pol                          
 Dump file unspecified or not available
 Calculating wake trajectory ...
 Calculating source influence matrix ...

 Solving BL system ...

 Side 1  free  transition at x/c =  0.5604   59
 Side 2  free  transition at x/c =  0.3625   43

   1   rms: 0.7239E-01   max: 0.3175E+00   T at   59  1
       a =  2.000      CL =  0.8054
      Cm = -0.1328     CD =  0.01699   =>   CDf =  0.00842    CDp =  0.00857

 Side 1  free  transition at x/c =  0.5394   59
 Side 2  free  transition at x/c =  0.3677   43

   2   rms: 0.3015E-01   max: 0.2764E+00   D at   43  2
       a =  2.000      CL =  0.8098
      Cm = -0.1336     CD =  0.01693   =>   CDf =  0.00874    CDp =  0.00820

 Side 1  free  transition at x/c =  0.5426   59
 Side 2  free  transition at x/c =  0.3670   43

   3   rms: 0.2393E-02   max: 0.1822E-01   D at   60  1
       a =  2.000      CL =  0.8092
      Cm = -0.1335     CD =  0.01693   =>   CDf =  0.00863    CDp =  0.00830

 Side 1  free  transition at x/c =  0.5421   59
 Side 2  free  transition at x/c =  0.3669   43

   4   rms: 0.1639E-04   max: -.1057E-03   D at   85  1
       a =  2.000      CL =  0.8091
      Cm = -0.1335     CD =  0.01693   =>   CDf =  0.00863    CDp =  0.00831
 plradd ia,ip,cpol           13           0  9.97739881E-02

 Point added to stored polar  1
 Point written to save file  goe626_Re200k.base.pol                          
 Dump file unspecified or not available
 Calculating wake trajectory ...
 Calculating source influence matrix ...

 Solving BL system ...

 Side 1  free  transition at x/c =  0.5421   59
 Side 2  free  transition at x/c =  0.3669   43

   1   rms: 0.7219E-01   max: -.2411E+00   T at   43  2
       a =  2.500      CL =  0.8553
      Cm = -0.1315     CD =  0.01678   =>   CDf =  0.00850    CDp =  0.00829

 Side 1  free  transition at x/c =  0.5223   59
 Side 2  free  transition at x/c =  0.3724   42

   2   rms: 0.1770E-01   max: -.1882E+00   D at   60  1
       a =  2.500      CL =  0.8613
      Cm = -0.1326     CD =  0.01700   =>   CDf =  0.00871    CDp =  0.00829

 Side 1  free  transition at x/c =  0.5256   59
 Side 2  free  transition at x/c =  0.3724   42

   3   rms: 0.1277E-02   max: 0.1783E-01   D at   60  1
       a =  2.500      CL =  0.8609
      Cm = -0.1325     CD =  0.01700   =>   CDf =  0.00868    CDp =  0.00832

 Side 1  free  transition at x/c =  0.5253   59
 Side 2  free  transition at x/c =  0.3724   42

   4   rms: 0.1973E-04   max: -.1215E-03   D at   86  1
       a =  2.500      CL =  0.8608
      Cm = -0.1325     CD =  0.01700   =>   CDf =  0.00868    CDp =  0.00833
 plradd ia,ip,cpol           14           0  9.97739881E-02

 Point added to stored polar  1
 Point written to save file  goe626_Re200k.base.pol                          
 Dump file unspecified or not available
 Calculating wake trajectory ...
 Calculating source influence matrix ...

 Solving BL system ...

 Side 1  free  transition at x/c =  0.5253   59
 Side 2  free  transition at x/c =  0.3724   42

   1   rms: 0.7064E-01   max: 0.3180E+00   T at   59  1
       a =  3.000      CL =  0.9051
      Cm = -0.1301     CD =  0.01699   =>   CDf =  0.00853    CDp =  0.00845

 Side 1  free  transition at x/c =  0.5057   59
 Side 2  free  transition at x/c =  0.3784   41

   2   rms: 0.2247E-01   max: -.2386E+00   D at   60  1
       a =  3.000      CL =  0.9138
      Cm = -0.1317     CD =  0.01721   =>   CDf =  0.00881    CDp =  0.00840

 Side 1  free  transition at x/c =  0.5105   60
 Side 2  free  transition at x/c =  0.3791   41

   3   rms: 0.7007E-02   max: 0.1156E+00   D at   60  1
       a =  3.000      CL =  0.9115
      Cm = -0.1312     CD =  0.01713   =>   CDf =  0.00870    CDp =  0.00843

 Side 1  free  transition at x/c =  0.5093   60
 Side 2  free  transition at x/c =  0.3790   41

   4   rms: 0.5423E-03   max: 0.6304E-02   D at   60  1
       a =  3.000      CL =  0.9113
      Cm = -0.1312     CD =  0.01712   =>   CDf =  0.00870    CDp =  0.00842

 Side 1  free  transition at x/c =  0.5092   60
 Side 2  free  transition at x/c =  0.3790   41

   5   rms: 0.8735E-05   max: -.5171E-04   D at   87  1
       a =  3.000      CL =  0.9113
      Cm = -0.1312     CD =  0.01712   =>   CDf =  0.00870    CDp =  0.00842
 plradd ia,ip,cpol           15           0  9.97739881E-02

 Point added to stored polar  1
 Point written to save file  goe626_Re200k.base.pol                          
 Dump file unspecified or not available
 Calculating wake trajectory ...
 Calculating source influence matrix ...

 Solving BL system ...

 Side 1  free  transition at x/c =  0.5092   60
 Side 2  free  transition at x/c =  0.3790   41

   1   rms: 0.7753E-01   max: -.2002E+00   T at   41  2
       a =  3.500      CL =  0.9678
      Cm = -0.1310     CD =  0.01744   =>   CDf =  0.00871    CDp =  0.00873

 Side 1  free  transition at x/c =  0.4956   59
 Side 2  free  transition at x/c =  0.3846   42

   2   rms: 0.1625E-01   max: -.1879E+00   D at   59  1
       a =  3.500      CL =  0.9609
      Cm = -0.1297     CD =  0.01724   =>   CDf =  0.00874    CDp =  0.00850

 Side 1  free  transition at x/c =  0.4934   59
 Side 2  free  transition at x/c =  0.3843   42

   3   rms: 0.1532E-02   max: -.1882E-01   D at   59  1
       a =  3.500      CL =  0.9613
      Cm = -0.1298     CD =  0.01726   =>   CDf =  0.00875    CDp =  0.00851

 Side 1  free  transition at x/c =  0.4935   59
 Side 2  free  transition at x/c =  0.3843   42

   4   rms: 0.2857E-04   max: 0.2346E-03   D at   59  1
       a =  3.500      CL =  0.9613
      Cm = -0.1298     CD =  0.01726   =>   CDf =  0.00874    CDp =  0.00852
 plradd ia,ip,cpol           16           0  9.97739881E-02

 Point added to stored polar  1
 Point written to save file  goe626_Re200k.base.pol                          
 Dump file unspecified or not available
 Calculating wake trajectory ...
 Calculating source influence matrix ...

 Solving BL system ...

 Side 1  free  transition at x/c =  0.4935   59
 Side 2  free  transition at x/c =  0.3843   42

   1   rms: 0.7922E-01   max: -.3100E+00   T at   42  2
       a =  4.000      CL =  1.0127
      Cm = -0.1288     CD =  0.01719   =>   CDf =  0.00858    CDp =  0.00861

 Side 1  free  transition at x/c =  0.4813   59
 Side 2  free  transition at x/c =  0.3915   41

   2   rms: 0.1167E-01   max: -.1135E+00   D at   59  1
       a =  4.000      CL =  1.0105
      Cm = -0.1284     CD =  0.01738   =>   CDf =  0.00868    CDp =  0.00870

 Side 1  free  transition at x/c =  0.4785   59
 Side 2  free  transition at x/c =  0.3906   41

   3   rms: 0.1274E-02   max: -.1160E-01   D at   59  1
       a =  4.000      CL =  1.0109
      Cm = -0.1284     CD =  0.01738   =>   CDf =  0.00868    CDp =  0.00870

 Side 1  free  transition at x/c =  0.4787   59
 Side 2  free  transition at x/c =  0.3907   41

   4   rms: 0.1853E-04   max: 0.9204E-04   D at   88  1
       a =  4.000      CL =  1.0109
      Cm = -0.1284     CD =  0.01739   =>   CDf =  0.00868    CDp =  0.00871
 plradd ia,ip,cpol           17           0  9.97739881E-02

 Point added to stored polar  1
 Point written to save file  goe626_Re200k.base.pol                          
 Dump file unspecified or not available
 Calculating wake trajectory ...
 Calculating source influence matrix ...

 Solving BL system ...

 Side 1  free  transition at x/c =  0.4787   59
 Side 2  free  transition at x/c =  0.3907   41

   1   rms: 0.7166E-01   max: -.2236E+00   T at   41  2
       a =  4.500      CL =  1.0607
      Cm = -0.1271     CD =  0.01758   =>   CDf =  0.00850    CDp =  0.00908

 Side 1  free  transition at x/c =  0.4661   59
 Side 2  free  transition at x/c =  0.3985   40

   2   rms: 0.1117E-01   max: -.9425E-01   D at   59  1
       a =  4.500      CL =  1.0620
      Cm = -0.1273     CD =  0.01769   =>   CDf =  0.00876    CDp =  0.00893

 Side 1  free  transition at x/c =  0.4660   59
 Side 2  free  transition at x/c =  0.3989   40

   3   rms: 0.4139E-03   max: 0.3981E-02   D at   60  1
       a =  4.500      CL =  1.0620
      Cm = -0.1274     CD =  0.01770   =>   CDf =  0.00869    CDp =  0.00900

 Side 1  free  transition at x/c =  0.4659   59
 Side 2  free  transition at x/c =  0.3989   40

   4   rms: 0.6634E-05   max: -.3058E-04   D at   89  1
       a =  4.500      CL =  1.0620
      Cm = -0.1274     CD =  0.01770   =>   CDf =  0.00869    CDp =  0.00900
 plradd ia,ip,cpol           18           0  9.97739881E-02

 Point added to stored polar  1
 Point written to save file  goe626_Re200k.base.pol                          
 Dump file unspecified or not available
 Calculating wake trajectory ...
 Calculating source influence matrix ...

 Solving BL system ...

 Side 1  free  transition at x/c =  0.4659   59
 Side 2  free  transition at x/c =  0.3989   40

   1   rms: 0.6997E-01   max: -.2376E+00   T at   40  2
       a =  5.000      CL =  1.1087
      Cm = -0.1255     CD =  0.01797   =>   CDf =  0.00870    CDp =  0.00927

 Side 1  free  transition at x/c =  0.4467   58
 Side 2  free  transition at x/c =  0.4083   41

   2   rms: 0.2700E-01   max: -.3022E+00   D at   59  1
       a =  5.000      CL =  1.1113
      Cm = -0.1260     CD =  0.01795   =>   CDf =  0.00879    CDp =  0.00916

 Side 1  free  transition at x/c =  0.4513   58
 Side 2  free  transition at x/c =  0.4079   41

   3   rms: 0.4030E-02   max: 0.4776E-01   D at   59  1
       a =  5.000      CL =  1.1107
      Cm = -0.1258     CD =  0.01793   =>   CDf =  0.00872    CDp =  0.00921

 Side 1  free  transition at x/c =  0.4507   58
 Side 2  free  transition at x/c =  0.4078   41

   4   rms: 0.1104E-03   max: 0.8795E-03   D at   59  1
       a =  5.000      CL =  1.1106
      Cm = -0.1258     CD =  0.01793   =>   CDf =  0.00871    CDp =  0.00922

 Side 1  free  transition at x/c =  0.4507   58
 Side 2  free  transition at x/c =  0.4078   41

   5   rms: 0.2207E-05   max: 0.8511E-05   D at   84  1
       a =  5.000      CL =  1.1106
      Cm = -0.1258     CD =  0.01793   =>   CDf =  0.00871    CDp =  0.00922
 plradd ia,ip,cpol           19           0  9.97739881E-02

 Point added to stored polar  1
 Point written to save file  goe626_Re200k.base.pol                          
 Dump file unspecified or not available
 Calculating wake trajectory ...
 Calculating source influence matrix ...

 Solving BL system ...

 Side 1  free  transition at x/c =  0.4507   58
 Side 2  free  transition at x/c =  0.4078   41

   1   rms: 0.6928E-01   max: 0.3268E+00   T at   58  1
       a =  5.500      CL =  1.1482
      Cm = -0.1222     CD =  0.01800   =>   CDf =  0.00851    CDp =  0.00949

 Side 1  free  transition at x/c =  0.4328   58
 Side 2  free  transition at x/c =  0.4162   40

   2   rms: 0.2437E-01   max: -.2181E+00   D at   59  1
       a =  5.500      CL =  1.1593
      Cm = -0.1243     CD =  0.01826   =>   CDf =  0.00879    CDp =  0.00948

 Side 1  free  transition at x/c =  0.4355   59
 Side 2  free  transition at x/c =  0.4184   40

   3   rms: 0.4268E-02   max: 0.5619E-01   D at   59  1
       a =  5.500      CL =  1.1564
      Cm = -0.1237     CD =  0.01819   =>   CDf =  0.00870    CDp =  0.00948

 Side 1  free  transition at x/c =  0.4353   59
 Side 2  free  transition at x/c =  0.4180   40

   4   rms: 0.4330E-03   max: 0.5165E-02   D at   59  1
       a =  5.500      CL =  1.1564
      Cm = -0.1237     CD =  0.01819   =>   CDf =  0.00866    CDp =  0.00953

 Side 1  free  transition at x/c =  0.4352   59
 Side 2  free  transition at x/c =  0.4180   40

   5   rms: 0.9293E-05   max: -.3119E-04   D at   89  1
       a =  5.500      CL =  1.1564
      Cm = -0.1237     CD =  0.01819   =>   CDf =  0.00866    CDp =  0.00952
 plradd ia,ip,cpol           20           0  2.85690930E-02

 Point added to stored polar  1
 Point written to save file  goe626_Re200k.base.pol                          
 Dump file unspecified or not available
 Calculating wake trajectory ...
 Calculating source influence matrix ...

 Solving BL system ...

 Side 1  free  transition at x/c =  0.4352   59
 Side 2  free  transition at x/c =  0.4180   40

   1   rms: 0.7928E-01   max: 0.3178E+00   T at   59  1
       a =  6.000      CL =  1.2122
      Cm = -0.1236     CD =  0.01880   =>   CDf =  0.00845    CDp =  0.01035

 Side 1  free  transition at x/c =  0.4236   59
 Side 2  free  transition at x/c =  0.4324   40

   2   rms: 0.2004E-01   max: 0.2060E+00   D at   40  2
       a =  6.000      CL =  1.2000
      Cm = -0.1213     CD =  0.01843   =>   CDf =  0.00845    CDp =  0.00999

 Side 1  free  transition at x/c =  0.4210   59
 Side 2  free  transition at x/c =  0.4301   40

   3   rms: 0.2604E-02   max: 0.2049E-01   D at   40  2
       a =  6.000      CL =  1.2006
      Cm = -0.1215     CD =  0.01846   =>   CDf =  0.00849    CDp =  0.00997

 Side 1  free  transition at x/c =  0.4211   59
 Side 2  free  transition at x/c =  0.4298   40

   4   rms: 0.4619E-04   max: 0.2168E-03   D at   59  1
       a =  6.000      CL =  1.2007
      Cm = -0.1215     CD =  0.01846   =>   CDf =  0.00849    CDp =  0.00997
 plradd ia,ip,cpol           21           0  2.85690930E-02

 Point added to stored polar  1
 Point written to save file  goe626_Re200k.base.pol                          
 Dump file unspecified or not available
 Calculating wake trajectory ...
 Calculating source influence matrix ...

 Solving BL system ...

 Side 1  free  transition at x/c =  0.4211   59
 Side 2  free  transition at x/c =  0.4298   40

   1   rms: 0.7308E-01   max: -.3055E+00   T at   40  2
       a =  6.500      CL =  1.2475
      Cm = -0.1197     CD =  0.01880   =>   CDf =  0.00849    CDp =  0.01031

 Side 1  free  transition at x/c =  0.4074   58
 Side 2  free  transition at x/c =  0.4441   41

   2   rms: 0.1967E-01   max: -.1569E+00   D at   58  1
       a =  6.500      CL =  1.2446
      Cm = -0.1192     CD =  0.01878   =>   CDf =  0.00849    CDp =  0.01029

 Side 1  free  transition at x/c =  0.4073   58
 Side 2  free  transition at x/c =  0.4465   41

   3   rms: 0.1006E-02   max: -.1101E-01   D at   43  2
       a =  6.500      CL =  1.2450
      Cm = -0.1193     CD =  0.01881   =>   CDf =  0.00836    CDp =  0.01045

 Side 1  free  transition at x/c =  0.4071   58
 Side 2  free  transition at x/c =  0.4462   41

   4   rms: 0.1008E-04   max: -.1577E-03   D at   43  2
       a =  6.500      CL =  1.2450
      Cm = -0.1193     CD =  0.01881   =>   CDf =  0.00837    CDp =  0.01044
 plradd ia,ip,cpol           22           0  2.85690930E-02

 Point added to stored polar  1
 Point written to save file  goe626_Re200k.base.pol                          
 Dump file unspecified or not available
 Calculating wake trajectory ...
 Calculating source influence matrix ...

 Solving BL system ...

 Side 1  free  transition at x/c =  0.4071   58
 Side 2  free  transition at x/c =  0.4462   41

   1   rms: 0.7324E-01   max: -.3511E+00   T at   41  2
       a =  7.000      CL =  1.2854
      Cm = -0.1164     CD =  0.01905   =>   CDf =  0.00813    CDp =  0.01092

 Side 1  free  transition at x/c =  0.3913   58
 Side 2  free  transition at x/c =  0.4656   41

   2   rms: 0.2503E-01   max: -.1939E+00   C at   41  2
       a =  7.000      CL =  1.2856
      Cm = -0.1164     CD =  0.01909   =>   CDf =  0.00838    CDp =  0.01072

 Side 1  free  transition at x/c =  0.3927   58
 Side 2  free  transition at x/c =  0.4721   41

   3   rms: 0.2070E-02   max: -.2657E-01   D at   41  2
       a =  7.000      CL =  1.2863
      Cm = -0.1166     CD =  0.01915   =>   CDf =  0.00822    CDp =  0.01093

 Side 1  free  transition at x/c =  0.3923   58
 Side 2  free  transition at x/c =  0.4720   41

   4   rms: 0.3593E-04   max: 0.4421E-03   C at   41  2
       a =  7.000      CL =  1.2863
      Cm = -0.1166     CD =  0.01915   =>   CDf =  0.00822    CDp =  0.01093
 plradd ia,ip,cpol           23           0  2.49208417E-02

 Point added to stored polar  1
 Point written to save file  goe626_Re200k.base.pol                          
 Dump file unspecified or not available
 Calculating wake trajectory ...
 Calculating source influence matrix ...

 Solving BL system ...

 Side 1  free  transition at x/c =  0.3923   58
 Side 2  free  transition at x/c =  0.4720   41

   1   rms: 0.7215E-01   max: -.3699E+00   C at   41  2
       a =  7.500      CL =  1.3217
      Cm = -0.1128     CD =  0.01942   =>   CDf =  0.00797    CDp =  0.01144

 Side 1  free  transition at x/c =  0.3771   58
 Side 2  free  transition at x/c =  0.5073   42

   2   rms: 0.3500E-01   max: -.5026E+00   C at   42  2   RLX: 0.995
       a =  7.500      CL =  1.3265
      Cm = -0.1138     CD =  0.01942   =>   CDf =  0.00816    CDp =  0.01126

 Side 1  free  transition at x/c =  0.3785   58
 Side 2  free  transition at x/c =  0.5223   43

   3   rms: 0.1748E-01   max: -.2989E+00   C at   43  2
       a =  7.500      CL =  1.3269
      Cm = -0.1138     CD =  0.01944   =>   CDf =  0.00805    CDp =  0.01139

 Side 1  free  transition at x/c =  0.3784   58
 Side 2  free  transition at x/c =  0.5321   43

   4   rms: 0.1255E-02   max: -.1781E-01   C at   43  2
       a =  7.500      CL =  1.3271
      Cm = -0.1139     CD =  0.01945   =>   CDf =  0.00799    CDp =  0.01146

 Side 1  free  transition at x/c =  0.3783   58
 Side 2  free  transition at x/c =  0.5320   43

   5   rms: 0.4442E-05   max: 0.7766E-04   C at   43  2
       a =  7.500      CL =  1.3271
      Cm = -0.1139     CD =  0.01945   =>   CDf =  0.00799    CDp =  0.01147
 plradd ia,ip,cpol           24           0  2.49208417E-02

 Point added to stored polar  1
 Point written to save file  goe626_Re200k.base.pol                          
 Dump file unspecified or not available
 Calculating wake trajectory ...
 Calculating source influence matrix ...

 Solving BL system ...

 Side 1  free  transition at x/c =  0.3783   58
 Side 2  free  transition at x/c =  0.5320   43

   1   rms: 0.1412E+00   max: -.2324E+01   C at   43  2   RLX: 0.215
       a =  8.000      CL =  1.3339
      Cm = -0.1129     CD =  0.01947   =>   CDf =  0.00799    CDp =  0.01148

 Side 1  free  transition at x/c =  0.3752   58
 Side 2  free  transition at x/c =  0.5558   45

   2   rms: 0.1804E+00   max: -.3067E+01   C at   45  2   RLX: 0.163
       a =  8.000      CL =  1.3390
      Cm = -0.1127     CD =  0.01951   =>   CDf =  0.00789    CDp =  0.01162

 Side 1  free  transition at x/c =  0.3732   58
 Side 2  free  transition at x/c =  0.5739   45

   3   rms: 0.9332E-01   max: -.1351E+01   C at   45  2   RLX: 0.370
       a =  8.000      CL =  1.3482
      Cm = -0.1119     CD =  0.01960   =>   CDf =  0.00781    CDp =  0.01179

 Side 1  free  transition at x/c =  0.3693   58
 Side 2 forced transition at x/c =  1.0000   69

   4   rms: 0.5201E-01   max: -.2336E+00   D at   44  2
       a =  8.000      CL =  1.3630
      Cm = -0.1101     CD =  0.01919   =>   CDf =  0.00709    CDp =  0.01209

 Side 1  free  transition at x/c =  0.3632   58
 Side 2 forced transition at x/c =  1.0000   69

   5   rms: 0.1060E-01   max: 0.5199E-01   D at   39  2
       a =  8.000      CL =  1.3632
      Cm = -0.1101     CD =  0.01921   =>   CDf =  0.00722    CDp =  0.01199

 Side 1  free  transition at x/c =  0.3638   58
 Side 2 forced transition at x/c =  1.0000   69

   6   rms: 0.1201E-02   max: 0.6953E-02   D at   39  2
       a =  8.000      CL =  1.3633
      Cm = -0.1102     CD =  0.01921   =>   CDf =  0.00717    CDp =  0.01204

 Side 1  free  transition at x/c =  0.3637   58
 Side 2 forced transition at x/c =  1.0000   69

   7   rms: 0.1849E-04   max: 0.1128E-03   D at   39  2
       a =  8.000      CL =  1.3633
      Cm = -0.1102     CD =  0.01921   =>   CDf =  0.00717    CDp =  0.01204
 plradd ia,ip,cpol           25           0  2.49208417E-02

 Point added to stored polar  1
 Point written to save file  goe626_Re200k.base.pol                          
 Dump file unspecified or not available
 Calculating wake trajectory ...
 Calculating source influence matrix ...

 Solving BL system ...

 Side 1  free  transition at x/c =  0.3637   58
 Side 2 forced transition at x/c =  1.0000   69

   1   rms: 0.8348E-01   max: -.2548E+00   D at   59  1
       a =  8.500      CL =  1.4018
      Cm = -0.1071     CD =  0.01994   =>   CDf =  0.00693    CDp =  0.01301

 Side 1  free  transition at x/c =  0.3489   58
 Side 2 forced transition at x/c =  1.0000   68

   2   rms: 0.2156E-01   max: -.1948E+00   D at   58  1
       a =  8.500      CL =  1.3911
      Cm = -0.1051     CD =  0.01980   =>   CDf =  0.00722    CDp =  0.01258

 Side 1  free  transition at x/c =  0.3487   58
 Side 2 forced transition at x/c =  1.0000   68

   3   rms: 0.2575E-02   max: -.1252E-01   D at   60  1
       a =  8.500      CL =  1.3927
      Cm = -0.1055     CD =  0.01985   =>   CDf =  0.00715    CDp =  0.01270

 Side 1  free  transition at x/c =  0.3482   58
 Side 2 forced transition at x/c =  1.0000   68

   4   rms: 0.3728E-04   max: -.1915E-03   D at   60  1
       a =  8.500      CL =  1.3928
      Cm = -0.1055     CD =  0.01985   =>   CDf =  0.00716    CDp =  0.01269
 plradd ia,ip,cpol           26           0  2.49208417E-02

 Point added to stored polar  1
 Point written to save file  goe626_Re200k.base.pol                          
 Dump file unspecified or not available
 Calculating wake trajectory ...
 Calculating source influence matrix ...

 Solving BL system ...

 Side 1  free  transition at x/c =  0.3482   58
 Side 2 forced transition at x/c =  1.0000   68

   1   rms: 0.6762E-01   max: -.2518E+00   D at   59  1
       a =  9.000      CL =  1.4199
      Cm = -0.1004     CD =  0.02056   =>   CDf =  0.00717    CDp =  0.01340

 Side 1  free  transition at x/c =  0.3329   57
 Side 2 forced transition at x/c =  1.0000   68

   2   rms: 0.1314E-01   max: -.1496E+00   D at   57  1
       a =  9.000      CL =  1.4173
      Cm = -0.1002     CD =  0.02058   =>   CDf =  0.00720    CDp =  0.01338

 Side 1  free  transition at x/c =  0.3311   57
 Side 2 forced transition at x/c =  1.0000   68

   3   rms: 0.1860E-02   max: -.9970E-02   D at   92  1
       a =  9.000      CL =  1.4189
      Cm = -0.1004     CD =  0.02060   =>   CDf =  0.00715    CDp =  0.01345

 Side 1  free  transition at x/c =  0.3309   57
 Side 2 forced transition at x/c =  1.0000   68

   4   rms: 0.1056E-04   max: 0.2317E-03   D at   91  1
       a =  9.000      CL =  1.4189
      Cm = -0.1004     CD =  0.02060   =>   CDf =  0.00715    CDp =  0.01345
 plradd ia,ip,cpol           27           0  2.49208417E-02

 Point added to stored polar  1
 Point written to save file  goe626_Re200k.base.pol                          
 Dump file unspecified or not available
 Calculating wake trajectory ...
 Calculating source influence matrix ...

 Solving BL system ...

 Side 1  free  transition at x/c =  0.3309   57
 Side 2 forced transition at x/c =  1.0000   68

   1   rms: 0.6464E-01   max: -.2405E+00   D at   58  1
       a =  9.500      CL =  1.4436
      Cm = -0.0953     CD =  0.02148   =>   CDf =  0.00688    CDp =  0.01459

 Side 1  free  transition at x/c =  0.3138   57
 Side 2 forced transition at x/c =  1.0000   67

   2   rms: 0.1366E-01   max: -.1749E+00   D at   57  1
       a =  9.500      CL =  1.4409
      Cm = -0.0951     CD =  0.02151   =>   CDf =  0.00718    CDp =  0.01433

 Side 1  free  transition at x/c =  0.3127   57
 Side 2 forced transition at x/c =  1.0000   67

   3   rms: 0.2306E-02   max: -.1470E-01   D at    4  1
       a =  9.500      CL =  1.4425
      Cm = -0.0954     CD =  0.02154   =>   CDf =  0.00713    CDp =  0.01441

 Side 1  free  transition at x/c =  0.3123   57
 Side 2 forced transition at x/c =  1.0000   67

   4   rms: 0.1176E-04   max: 0.1183E-03   D at   72  2
       a =  9.500      CL =  1.4425
      Cm = -0.0954     CD =  0.02154   =>   CDf =  0.00714    CDp =  0.01440
 plradd ia,ip,cpol           28           0  2.49208417E-02

 Point added to stored polar  1
 Point written to save file  goe626_Re200k.base.pol                          
 Dump file unspecified or not available
 Calculating wake trajectory ...
 Calculating source influence matrix ...

 Solving BL system ...

 Side 1  free  transition at x/c =  0.3123   57
 Side 2 forced transition at x/c =  1.0000   67

   1   rms: 0.6449E-01   max: -.2710E+00   D at   58  1
       a = 10.000      CL =  1.4623
      Cm = -0.0899     CD =  0.02269   =>   CDf =  0.00715    CDp =  0.01554

 Side 1  free  transition at x/c =  0.2933   56
 Side 2 forced transition at x/c =  1.0000   67

   2   rms: 0.1485E-01   max: -.2091E+00   D at   56  1
       a = 10.000      CL =  1.4607
      Cm = -0.0899     CD =  0.02271   =>   CDf =  0.00717    CDp =  0.01554

 Side 1  free  transition at x/c =  0.2921   56
 Side 2 forced transition at x/c =  1.0000   67

   3   rms: 0.1738E-02   max: 0.1221E-01   C at   56  1
       a = 10.000      CL =  1.4618
      Cm = -0.0901     CD =  0.02276   =>   CDf =  0.00716    CDp =  0.01560

 Side 1  free  transition at x/c =  0.2917   56
 Side 2 forced transition at x/c =  1.0000   67

   4   rms: 0.1536E-04   max: 0.2158E-03   D at   89  1
       a = 10.000      CL =  1.4618
      Cm = -0.0901     CD =  0.02276   =>   CDf =  0.00717    CDp =  0.01559
 plradd ia,ip,cpol           29           0  2.49208417E-02

 Point added to stored polar  1
 Point written to save file  goe626_Re200k.base.pol                          
 Dump file unspecified or not available

.OPERva   c>  
 Solving BL system ...

 Side 1  free  transition at x/c =  0.2917   56
 Side 2 forced transition at x/c =  1.0000   67

   1   rms: 0.6751E-06   max: -.7275E-05   C at   67  2
       a = 10.000      CL =  1.4618
      Cm = -0.0901     CD =  0.02276   =>   CDf =  0.00717    CDp =  0.01559
 plradd ia,ip,cpol           30         182  2.49208417E-02

 Point added to stored polar  1
 Point written to save file  goe626_Re200k.base.pol                          
 Dump file unspecified or not available
 Calculating wake trajectory ...
 Calculating source influence matrix ...

 Solving BL system ...

 Side 1  free  transition at x/c =  0.2917   56
 Side 2 forced transition at x/c =  1.0000   67

   1   rms: 0.3393E-01   max: -.1693E+00   D at   57  1   RLX: 0.989
       a = 10.250      CL =  1.4688
      Cm = -0.0873     CD =  0.02357   =>   CDf =  0.00717    CDp =  0.01640

 Side 1  free  transition at x/c =  0.2818   55
 Side 2 forced transition at x/c =  1.0000   67

   2   rms: 0.5325E-02   max: -.7279E-01   D at   55  1
       a = 10.250      CL =  1.4706
      Cm = -0.0875     CD =  0.02346   =>   CDf =  0.00714    CDp =  0.01632

 Side 1  free  transition at x/c =  0.2794   55
 Side 2 forced transition at x/c =  1.0000   67

   3   rms: 0.4113E-03   max: -.5054E-02   C at   55  1
       a = 10.250      CL =  1.4706
      Cm = -0.0875     CD =  0.02347   =>   CDf =  0.00714    CDp =  0.01633

 Side 1  free  transition at x/c =  0.2796   55
 Side 2 forced transition at x/c =  1.0000   67

   4   rms: 0.6505E-05   max: 0.5074E-04   C at   67  2
       a = 10.250      CL =  1.4706
      Cm = -0.0875     CD =  0.02347   =>   CDf =  0.00714    CDp =  0.01633
 plradd ia,ip,cpol           31           0  2.49208417E-02

 Point added to stored polar  1
 Point written to save file  goe626_Re200k.base.pol                          
 Dump file unspecified or not available
 Calculating wake trajectory ...
 Calculating source influence matrix ...

 Solving BL system ...

 Side 1  free  transition at x/c =  0.2796   55
 Side 2 forced transition at x/c =  1.0000   67

   1   rms: 0.3299E-01   max: 0.1434E+00   C at   55  1   RLX: 0.950
       a = 10.500      CL =  1.4772
      Cm = -0.0849     CD =  0.02427   =>   CDf =  0.00683    CDp =  0.01744

 Side 1  free  transition at x/c =  0.2692   55
 Side 2 forced transition at x/c =  1.0000   66

   2   rms: 0.3426E-02   max: -.4051E-01   D at   55  1
       a = 10.500      CL =  1.4781
      Cm = -0.0849     CD =  0.02430   =>   CDf =  0.00717    CDp =  0.01713

 Side 1  free  transition at x/c =  0.2681   55
 Side 2 forced transition at x/c =  1.0000   66

   3   rms: 0.1058E-02   max: -.1313E-01   D at    4  1
       a = 10.500      CL =  1.4781
      Cm = -0.0849     CD =  0.02430   =>   CDf =  0.00715    CDp =  0.01715

 Side 1  free  transition at x/c =  0.2682   55
 Side 2 forced transition at x/c =  1.0000   66

   4   rms: 0.1788E-05   max: 0.1532E-04   D at    6  1
       a = 10.500      CL =  1.4781
      Cm = -0.0849     CD =  0.02430   =>   CDf =  0.00715    CDp =  0.01716
 plradd ia,ip,cpol           32           0  2.49208417E-02

 Point added to stored polar  1
 Point written to save file  goe626_Re200k.base.pol                          
 Dump file unspecified or not available
 Calculating wake trajectory ...
 Calculating source influence matrix ...

 Solving BL system ...

 Side 1  free  transition at x/c =  0.2682   55
 Side 2 forced transition at x/c =  1.0000   66

   1   rms: 0.3188E-01   max: 0.9990E-01   C at   55  1   RLX: 0.915
       a = 10.750      CL =  1.4866
      Cm = -0.0828     CD =  0.02508   =>   CDf =  0.00715    CDp =  0.01793

 Side 1  free  transition at x/c =  0.2560   54
 Side 2 forced transition at x/c =  1.0000   66

   2   rms: 0.5230E-02   max: -.5030E-01   C at   54  1
       a = 10.750      CL =  1.4836
      Cm = -0.0822     CD =  0.02530   =>   CDf =  0.00723    CDp =  0.01807

 Side 1  free  transition at x/c =  0.2572   54
 Side 2 forced transition at x/c =  1.0000   66

   3   rms: 0.1724E-03   max: -.1015E-02   D at   56  1
       a = 10.750      CL =  1.4837
      Cm = -0.0822     CD =  0.02530   =>   CDf =  0.00720    CDp =  0.01809

 Side 1  free  transition at x/c =  0.2571   54
 Side 2 forced transition at x/c =  1.0000   66

   4   rms: 0.2117E-05   max: 0.1516E-04   C at   66  2
       a = 10.750      CL =  1.4837
      Cm = -0.0822     CD =  0.02530   =>   CDf =  0.00720    CDp =  0.01809
 plradd ia,ip,cpol           33           0  2.49208417E-02

 Point added to stored polar  1
 Point written to save file  goe626_Re200k.base.pol                          
 Dump file unspecified or not available
 Calculating wake trajectory ...
 Calculating source influence matrix ...

 Solving BL system ...

 Side 1  free  transition at x/c =  0.2571   54
 Side 2 forced transition at x/c =  1.0000   66

   1   rms: 0.3141E-01   max: 0.1000E+00   T at   54  1   RLX: 0.882
       a = 11.000      CL =  1.4951
      Cm = -0.0807     CD =  0.02599   =>   CDf =  0.00721    CDp =  0.01878

 Side 1  free  transition at x/c =  0.2447   54
 Side 2 forced transition at x/c =  1.0000   66

   2   rms: 0.6391E-02   max: -.5581E-01   C at   54  1
       a = 11.000      CL =  1.4918
      Cm = -0.0800     CD =  0.02627   =>   CDf =  0.00723    CDp =  0.01904

 Side 1  free  transition at x/c =  0.2460   54
 Side 2 forced transition at x/c =  1.0000   66

   3   rms: 0.2115E-03   max: -.2598E-02   D at   56  1
       a = 11.000      CL =  1.4917
      Cm = -0.0800     CD =  0.02627   =>   CDf =  0.00718    CDp =  0.01909

 Side 1  free  transition at x/c =  0.2459   54
 Side 2 forced transition at x/c =  1.0000   66

   4   rms: 0.1575E-05   max: -.3162E-04   C at   66  2
       a = 11.000      CL =  1.4917
      Cm = -0.0800     CD =  0.02627   =>   CDf =  0.00718    CDp =  0.01909
 plradd ia,ip,cpol           34           0  2.49208417E-02

 Point added to stored polar  1
 Point written to save file  goe626_Re200k.base.pol                          
 Dump file unspecified or not available
 Calculating wake trajectory ...
 Calculating source influence matrix ...

 Solving BL system ...

 Side 1  free  transition at x/c =  0.2459   54
 Side 2 forced transition at x/c =  1.0000   66

   1   rms: 0.3347E-01   max: 0.1885E+00   C at   54  1   RLX: 0.838
       a = 11.250      CL =  1.4960
      Cm = -0.0779     CD =  0.02728   =>   CDf =  0.00718    CDp =  0.02010

 Side 1  free  transition at x/c =  0.2379   53
 Side 2 forced transition at x/c =  1.0000   66

   2   rms: 0.5285E-02   max: -.3754E-01   D at   53  1
       a = 11.250      CL =  1.4983
      Cm = -0.0777     CD =  0.02738   =>   CDf =  0.00721    CDp =  0.02018

 Side 1  free  transition at x/c =  0.2358   53
 Side 2 forced transition at x/c =  1.0000   66

   3   rms: 0.4688E-03   max: -.5235E-02   C at   53  1
       a = 11.250      CL =  1.4980
      Cm = -0.0777     CD =  0.02739   =>   CDf =  0.00719    CDp =  0.02020

 Side 1  free  transition at x/c =  0.2359   53
 Side 2 forced transition at x/c =  1.0000   66

   4   rms: 0.5101E-05   max: -.6710E-04   C at   66  2
       a = 11.250      CL =  1.4980
      Cm = -0.0777     CD =  0.02739   =>   CDf =  0.00719    CDp =  0.02021
 plradd ia,ip,cpol           35           0  2.49208417E-02

 Point added to stored polar  1
 Point written to save file  goe626_Re200k.base.pol                          
 Dump file unspecified or not available
 Calculating wake trajectory ...
 Calculating source influence matrix ...

 Solving BL system ...

 Side 1  free  transition at x/c =  0.2359   53
 Side 2 forced transition at x/c =  1.0000   66

   1   rms: 0.3223E-01   max: 0.1514E+00   C at   53  1   RLX: 0.810
       a = 11.500      CL =  1.5041
      Cm = -0.0761     CD =  0.02835   =>   CDf =  0.00719    CDp =  0.02115

 Side 1  free  transition at x/c =  0.2266   53
 Side 2 forced transition at x/c =  1.0000   66

   2   rms: 0.7114E-02   max: 0.3986E-01   D at   86  1
       a = 11.500      CL =  1.5015
      Cm = -0.0753     CD =  0.02874   =>   CDf =  0.00727    CDp =  0.02147

 Side 1  free  transition at x/c =  0.2265   53
 Side 2 forced transition at x/c =  1.0000   66

   3   rms: 0.1404E-03   max: 0.1327E-02   D at   76  2
       a = 11.500      CL =  1.5015
      Cm = -0.0753     CD =  0.02873   =>   CDf =  0.00723    CDp =  0.02150

 Side 1  free  transition at x/c =  0.2265   53
 Side 2 forced transition at x/c =  1.0000   66

   4   rms: 0.3167E-05   max: -.2157E-04   C at   66  2
       a = 11.500      CL =  1.5015
      Cm = -0.0753     CD =  0.02873   =>   CDf =  0.00723    CDp =  0.02149
 plradd ia,ip,cpol           36           0  2.49208417E-02

 Point added to stored polar  1
 Point written to save file  goe626_Re200k.base.pol                          
 Dump file unspecified or not available
 Calculating wake trajectory ...
 Calculating source influence matrix ...

 Solving BL system ...

 Side 1  free  transition at x/c =  0.2265   53
 Side 2 forced transition at x/c =  1.0000   66

   1   rms: 0.3473E-01   max: 0.1765E+00   C at   53  1   RLX: 0.771
       a = 11.750      CL =  1.5030
      Cm = -0.0735     CD =  0.02994   =>   CDf =  0.00690    CDp =  0.02304

 Side 1  free  transition at x/c =  0.2211   53
 Side 2 forced transition at x/c =  1.0000   65

   2   rms: 0.9643E-02   max: 0.5653E-01   T at    2  1
       a = 11.750      CL =  1.5091
      Cm = -0.0735     CD =  0.02994   =>   CDf =  0.00719    CDp =  0.02275

 Side 1  free  transition at x/c =  0.2172   53
 Side 2 forced transition at x/c =  1.0000   65

   3   rms: 0.1294E-02   max: -.1569E-01   C at   53  1
       a = 11.750      CL =  1.5083
      Cm = -0.0734     CD =  0.02997   =>   CDf =  0.00720    CDp =  0.02277

 Side 1  free  transition at x/c =  0.2176   53
 Side 2 forced transition at x/c =  1.0000   65

   4   rms: 0.2606E-04   max: -.1303E-03   D at   86  1
       a = 11.750      CL =  1.5083
      Cm = -0.0734     CD =  0.02997   =>   CDf =  0.00719    CDp =  0.02278
 plradd ia,ip,cpol           37           0  2.49208417E-02

 Point added to stored polar  1
 Point written to save file  goe626_Re200k.base.pol                          
 Dump file unspecified or not available
 Calculating wake trajectory ...
 Calculating source influence matrix ...

 Solving BL system ...

 Side 1  free  transition at x/c =  0.2176   53
 Side 2 forced transition at x/c =  1.0000   65

   1   rms: 0.3272E-01   max: 0.1679E+00   C at   53  1   RLX: 0.748
       a = 12.000      CL =  1.5122
      Cm = -0.0719     CD =  0.03108   =>   CDf =  0.00720    CDp =  0.02388

 Side 1  free  transition at x/c =  0.2111   53
 Side 2 forced transition at x/c =  1.0000   65

   2   rms: 0.8915E-02   max: 0.4679E-01   D at   85  1
       a = 12.000      CL =  1.5100
      Cm = -0.0712     CD =  0.03161   =>   CDf =  0.00726    CDp =  0.02435

 Side 1  free  transition at x/c =  0.2102   52
 Side 2 forced transition at x/c =  1.0000   65

   3   rms: 0.9242E-03   max: -.8128E-02   C at   52  1
       a = 12.000      CL =  1.5108
      Cm = -0.0712     CD =  0.03152   =>   CDf =  0.00723    CDp =  0.02429

 Side 1  free  transition at x/c =  0.2101   52
 Side 2 forced transition at x/c =  1.0000   65

   4   rms: 0.1474E-04   max: -.1172E-03   D at   75  2
       a = 12.000      CL =  1.5108
      Cm = -0.0712     CD =  0.03153   =>   CDf =  0.00723    CDp =  0.02430
 plradd ia,ip,cpol           38           0  2.49208417E-02

 Point added to stored polar  1
 Point written to save file  goe626_Re200k.base.pol                          
 Dump file unspecified or not available
 Calculating wake trajectory ...
 Calculating source influence matrix ...

 Solving BL system ...

 Side 1  free  transition at x/c =  0.2101   52
 Side 2 forced transition at x/c =  1.0000   65

   1   rms: 0.3045E-01   max: 0.8101E-01   D at   82  1   RLX: 0.724
       a = 12.250      CL =  1.5180
      Cm = -0.0702     CD =  0.03245   =>   CDf =  0.00723    CDp =  0.02522

 Side 1  free  transition at x/c =  0.2040   52
 Side 2 forced transition at x/c =  1.0000   65

   2   rms: 0.8965E-02   max: 0.3992E-01   D at   84  1
       a = 12.250      CL =  1.5173
      Cm = -0.0696     CD =  0.03298   =>   CDf =  0.00721    CDp =  0.02577

 Side 1  free  transition at x/c =  0.2025   52
 Side 2 forced transition at x/c =  1.0000   65

   3   rms: 0.6183E-03   max: 0.4504E-02   D at   84  1
       a = 12.250      CL =  1.5168
      Cm = -0.0695     CD =  0.03297   =>   CDf =  0.00719    CDp =  0.02578

 Side 1  free  transition at x/c =  0.2025   52
 Side 2 forced transition at x/c =  1.0000   65

   4   rms: 0.6541E-05   max: 0.8420E-04   D at   76  2
       a = 12.250      CL =  1.5167
      Cm = -0.0695     CD =  0.03296   =>   CDf =  0.00718    CDp =  0.02578
 plradd ia,ip,cpol           39           0  2.49208417E-02

 Point added to stored polar  1
 Point written to save file  goe626_Re200k.base.pol                          
 Dump file unspecified or not available
 Calculating wake trajectory ...
 Calculating source influence matrix ...

 Solving BL system ...

 Side 1  free  transition at x/c =  0.2025   52
 Side 2 forced transition at x/c =  1.0000   65

   1   rms: 0.3257E-01   max: 0.1478E+00   C at   52  1   RLX: 0.694
       a = 12.500      CL =  1.5195
      Cm = -0.0683     CD =  0.03417   =>   CDf =  0.00719    CDp =  0.02698

 Side 1  free  transition at x/c =  0.1973   52
 Side 2 forced transition at x/c =  1.0000   65

   2   rms: 0.1064E-01   max: 0.4743E-01   D at   83  1
       a = 12.500      CL =  1.5177
      Cm = -0.0676     CD =  0.03485   =>   CDf =  0.00722    CDp =  0.02763

 Side 1  free  transition at x/c =  0.1959   51
 Side 2 forced transition at x/c =  1.0000   65

   3   rms: 0.7979E-03   max: 0.6427E-02   D at   83  1
       a = 12.500      CL =  1.5171
      Cm = -0.0676     CD =  0.03484   =>   CDf =  0.00723    CDp =  0.02761

 Side 1  free  transition at x/c =  0.1959   51
 Side 2 forced transition at x/c =  1.0000   65

   4   rms: 0.1829E-04   max: 0.2479E-03   D at   76  2
       a = 12.500      CL =  1.5171
      Cm = -0.0676     CD =  0.03484   =>   CDf =  0.00722    CDp =  0.02761
 plradd ia,ip,cpol           40           0  2.49208417E-02

 Point added to stored polar  1
 Point written to save file  goe626_Re200k.base.pol                          
 Dump file unspecified or not available
 Calculating wake trajectory ...
 Calculating source influence matrix ...

 Solving BL system ...

 Side 1  free  transition at x/c =  0.1959   51
 Side 2 forced transition at x/c =  1.0000   65

   1   rms: 0.3014E-01   max: 0.8679E-01   T at   51  1   RLX: 0.673
       a = 12.750      CL =  1.5237
      Cm = -0.0668     CD =  0.03579   =>   CDf =  0.00723    CDp =  0.02856

 Side 1  free  transition at x/c =  0.1909   51
 Side 2 forced transition at x/c =  1.0000   65

   2   rms: 0.1043E-01   max: 0.4204E-01   D at   82  1
       a = 12.750      CL =  1.5232
      Cm = -0.0662     CD =  0.03646   =>   CDf =  0.00718    CDp =  0.02928

 Side 1  free  transition at x/c =  0.1890   51
 Side 2 forced transition at x/c =  1.0000   65

   3   rms: 0.9816E-03   max: 0.7183E-02   D at   82  1
       a = 12.750      CL =  1.5224
      Cm = -0.0661     CD =  0.03646   =>   CDf =  0.00715    CDp =  0.02930

 Side 1  free  transition at x/c =  0.1891   51
 Side 2 forced transition at x/c =  1.0000   65

   4   rms: 0.1401E-04   max: 0.1524E-03   D at   76  2
       a = 12.750      CL =  1.5224
      Cm = -0.0661     CD =  0.03645   =>   CDf =  0.00715    CDp =  0.02930
 plradd ia,ip,cpol           41           0  2.49208417E-02

 Point added to stored polar  1
 Point written to save file  goe626_Re200k.base.pol                          
 Dump file unspecified or not available
 Calculating wake trajectory ...
 Calculating source influence matrix ...

 Solving BL system ...

 Side 1  free  transition at x/c =  0.1891   51
 Side 2 forced transition at x/c =  1.0000   65

   1   rms: 0.3240E-01   max: 0.1232E+00   C at   51  1   RLX: 0.646
       a = 13.000      CL =  1.5244
      Cm = -0.0652     CD =  0.03775   =>   CDf =  0.00679    CDp =  0.03095

 Side 1  free  transition at x/c =  0.1844   52
 Side 2 forced transition at x/c =  1.0000   64

   2   rms: 0.1314E-01   max: 0.7642E-01   T at    2  1
       a = 13.000      CL =  1.5224
      Cm = -0.0646     CD =  0.03862   =>   CDf =  0.00716    CDp =  0.03145

 Side 1  free  transition at x/c =  0.1825   52
 Side 2 forced transition at x/c =  1.0000   64

   3   rms: 0.1174E-02   max: 0.8668E-02   D at   82  1
       a = 13.000      CL =  1.5215
      Cm = -0.0645     CD =  0.03861   =>   CDf =  0.00717    CDp =  0.03144

 Side 1  free  transition at x/c =  0.1826   52
 Side 2 forced transition at x/c =  1.0000   64

   4   rms: 0.1852E-04   max: 0.2051E-03   D at   76  2
       a = 13.000      CL =  1.5215
      Cm = -0.0645     CD =  0.03861   =>   CDf =  0.00716    CDp =  0.03144
 plradd ia,ip,cpol           42           0  2.49208417E-02

 Point added to stored polar  1
 Point written to save file  goe626_Re200k.base.pol                          
 Dump file unspecified or not available
 Calculating wake trajectory ...
 Calculating source influence matrix ...

 Solving BL system ...

 Side 1  free  transition at x/c =  0.1826   52
 Side 2 forced transition at x/c =  1.0000   64

   1   rms: 0.3511E-01   max: 0.1341E+00   D at   80  1   RLX: 0.618
       a = 13.250      CL =  1.5204
      Cm = -0.0636     CD =  0.04018   =>   CDf =  0.00717    CDp =  0.03301

 Side 1  free  transition at x/c =  0.1792   51
 Side 2 forced transition at x/c =  1.0000   64

   2   rms: 0.1220E-01   max: -.5329E-01   D at   51  1
       a = 13.250      CL =  1.5253
      Cm = -0.0633     CD =  0.04057   =>   CDf =  0.00716    CDp =  0.03341

 Side 1  free  transition at x/c =  0.1758   51
 Side 2 forced transition at x/c =  1.0000   64

   3   rms: 0.1722E-02   max: -.9623E-02   C at   51  1
       a = 13.250      CL =  1.5238
      Cm = -0.0632     CD =  0.04065   =>   CDf =  0.00710    CDp =  0.03354

 Side 1  free  transition at x/c =  0.1761   51
 Side 2 forced transition at x/c =  1.0000   64

   4   rms: 0.2384E-04   max: 0.3893E-03   D at   76  2
       a = 13.250      CL =  1.5237
      Cm = -0.0632     CD =  0.04064   =>   CDf =  0.00710    CDp =  0.03354
 plradd ia,ip,cpol           43           0  2.49208417E-02

 Point added to stored polar  1
 Point written to save file  goe626_Re200k.base.pol                          
 Dump file unspecified or not available
 Calculating wake trajectory ...
 Calculating source influence matrix ...

 Solving BL system ...

 Side 1  free  transition at x/c =  0.1761   51
 Side 2 forced transition at x/c =  1.0000   64

   1   rms: 0.3204E-01   max: 0.1121E+00   D at   79  1   RLX: 0.601
       a = 13.500      CL =  1.5256
      Cm = -0.0626     CD =  0.04199   =>   CDf =  0.00710    CDp =  0.03489

 Side 1  free  transition at x/c =  0.1716   51
 Side 2 forced transition at x/c =  1.0000   64

   2   rms: 0.1403E-01   max: 0.5918E-01   D at   80  1
       a = 13.500      CL =  1.5234
      Cm = -0.0621     CD =  0.04309   =>   CDf =  0.00709    CDp =  0.03600

 Side 1  free  transition at x/c =  0.1692   51
 Side 2 forced transition at x/c =  1.0000   64

   3   rms: 0.1551E-02   max: 0.1114E-01   D at   80  1
       a = 13.500      CL =  1.5222
      Cm = -0.0620     CD =  0.04308   =>   CDf =  0.00709    CDp =  0.03600

 Side 1  free  transition at x/c =  0.1694   51
 Side 2 forced transition at x/c =  1.0000   64

   4   rms: 0.2647E-04   max: 0.2961E-03   D at   76  2
       a = 13.500      CL =  1.5222
      Cm = -0.0620     CD =  0.04307   =>   CDf =  0.00708    CDp =  0.03600
 plradd ia,ip,cpol           44           0  2.49208417E-02

 Point added to stored polar  1
 Point written to save file  goe626_Re200k.base.pol                          
 Dump file unspecified or not available
 Calculating wake trajectory ...
 Calculating source influence matrix ...

 Solving BL system ...

 Side 1  free  transition at x/c =  0.1694   51
 Side 2 forced transition at x/c =  1.0000   64

   1   rms: 0.3539E-01   max: 0.1376E+00   D at   78  1   RLX: 0.576
       a = 13.750      CL =  1.5206
      Cm = -0.0614     CD =  0.04476   =>   CDf =  0.00708    CDp =  0.03768

 Side 1  free  transition at x/c =  0.1659   51
 Side 2 forced transition at x/c =  1.0000   64

   2   rms: 0.1589E-01   max: 0.6495E-01   D at   79  1
       a = 13.750      CL =  1.5175
      Cm = -0.0608     CD =  0.04604   =>   CDf =  0.00712    CDp =  0.03892

 Side 1  free  transition at x/c =  0.1635   50
 Side 2 forced transition at x/c =  1.0000   64

   3   rms: 0.4736E-02   max: -.5865E-01   C at   50  1
       a = 13.750      CL =  1.5201
      Cm = -0.0610     CD =  0.04567   =>   CDf =  0.00708    CDp =  0.03858

 Side 1  free  transition at x/c =  0.1632   50
 Side 2 forced transition at x/c =  1.0000   64

   4   rms: 0.6826E-03   max: -.3643E-02   D at   79  1
       a = 13.750      CL =  1.5206
      Cm = -0.0610     CD =  0.04564   =>   CDf =  0.00705    CDp =  0.03859

 Side 1  free  transition at x/c =  0.1631   50
 Side 2 forced transition at x/c =  1.0000   64

   5   rms: 0.2910E-04   max: -.2288E-03   D at   77  2
       a = 13.750      CL =  1.5206
      Cm = -0.0610     CD =  0.04564   =>   CDf =  0.00705    CDp =  0.03859
 plradd ia,ip,cpol           45           0  2.49208417E-02

 Point added to stored polar  1
 Point written to save file  goe626_Re200k.base.pol                          
 Dump file unspecified or not available
 Calculating wake trajectory ...
 Calculating source influence matrix ...

 Solving BL system ...

 Side 1  free  transition at x/c =  0.1631   50
 Side 2 forced transition at x/c =  1.0000   64

   1   rms: 0.3218E-01   max: 0.1427E+00   T at   50  1   RLX: 0.560
       a = 14.000      CL =  1.5228
      Cm = -0.0607     CD =  0.04704   =>   CDf =  0.00705    CDp =  0.03999

 Side 1  free  transition at x/c =  0.1581   50
 Side 2 forced transition at x/c =  1.0000   64

   2   rms: 0.1614E-01   max: 0.7054E-01   D at   78  1
       a = 14.000      CL =  1.5194
      Cm = -0.0603     CD =  0.04851   =>   CDf =  0.00701    CDp =  0.04151

 Side 1  free  transition at x/c =  0.1550   50
 Side 2 forced transition at x/c =  1.0000   64

   3   rms: 0.1977E-02   max: 0.1072E-01   D at   78  1
       a = 14.000      CL =  1.5179
      Cm = -0.0602     CD =  0.04849   =>   CDf =  0.00700    CDp =  0.04149

 Side 1  free  transition at x/c =  0.1553   50
 Side 2 forced transition at x/c =  1.0000   64

   4   rms: 0.4204E-04   max: 0.4287E-03   D at   77  2
       a = 14.000      CL =  1.5179
      Cm = -0.0602     CD =  0.04847   =>   CDf =  0.00699    CDp =  0.04148
 plradd ia,ip,cpol           46           0  2.49208417E-02

 Point added to stored polar  1
 Point written to save file  goe626_Re200k.base.pol                          
 Dump file unspecified or not available
 Calculating wake trajectory ...
 Calculating source influence matrix ...

 Solving BL system ...

 Side 1  free  transition at x/c =  0.1553   50
 Side 2 forced transition at x/c =  1.0000   64

   1   rms: 0.3608E-01   max: 0.1421E+00   D at   76  1   RLX: 0.537
       a = 14.250      CL =  1.5158
      Cm = -0.0599     CD =  0.05031   =>   CDf =  0.00699    CDp =  0.04331

 Side 1  free  transition at x/c =  0.1517   50
 Side 2 forced transition at x/c =  1.0000   64

   2   rms: 0.1832E-01   max: 0.7984E-01   D at   77  1
       a = 14.250      CL =  1.5110
      Cm = -0.0595     CD =  0.05202   =>   CDf =  0.00703    CDp =  0.04499

 Side 1  free  transition at x/c =  0.1492   49
 Side 2 forced transition at x/c =  1.0000   64

   3   rms: 0.3842E-02   max: -.5233E-01   C at   49  1
       a = 14.250      CL =  1.5130
      Cm = -0.0596     CD =  0.05161   =>   CDf =  0.00701    CDp =  0.04461

 Side 1  free  transition at x/c =  0.1486   49
 Side 2 forced transition at x/c =  1.0000   64

   4   rms: 0.5162E-03   max: -.2748E-02   D at   76  1
       a = 14.250      CL =  1.5133
      Cm = -0.0596     CD =  0.05158   =>   CDf =  0.00697    CDp =  0.04461

 Side 1  free  transition at x/c =  0.1485   49
 Side 2 forced transition at x/c =  1.0000   64

   5   rms: 0.3058E-04   max: -.2360E-03   D at   77  2
       a = 14.250      CL =  1.5133
      Cm = -0.0596     CD =  0.05159   =>   CDf =  0.00697    CDp =  0.04461
 plradd ia,ip,cpol           47           0  2.49208417E-02

 Point added to stored polar  1
 Point written to save file  goe626_Re200k.base.pol                          
 Dump file unspecified or not available
 Calculating wake trajectory ...
 Calculating source influence matrix ...

 Solving BL system ...

 Side 1  free  transition at x/c =  0.1485   49
 Side 2 forced transition at x/c =  1.0000   64

   1   rms: 0.3386E-01   max: 0.1743E+00   T at   49  1   RLX: 0.522
       a = 14.500      CL =  1.5148
      Cm = -0.0595     CD =  0.05312   =>   CDf =  0.00661    CDp =  0.04651

 Side 1  free  transition at x/c =  0.1432   50
 Side 2 forced transition at x/c =  1.0000   63

   2   rms: 0.1796E-01   max: 0.7756E-01   D at   77  1
       a = 14.500      CL =  1.5108
      Cm = -0.0594     CD =  0.05497   =>   CDf =  0.00691    CDp =  0.04805

 Side 1  free  transition at x/c =  0.1395   50
 Side 2 forced transition at x/c =  1.0000   63

   3   rms: 0.2576E-02   max: 0.1259E-01   D at   51  1
       a = 14.500      CL =  1.5089
      Cm = -0.0593     CD =  0.05491   =>   CDf =  0.00690    CDp =  0.04800

 Side 1  free  transition at x/c =  0.1400   50
 Side 2 forced transition at x/c =  1.0000   63

   4   rms: 0.6199E-04   max: 0.4608E-03   D at   77  2
       a = 14.500      CL =  1.5089
      Cm = -0.0593     CD =  0.05489   =>   CDf =  0.00689    CDp =  0.04800
 plradd ia,ip,cpol           48           0  2.49208417E-02

 Point added to stored polar  1
 Point written to save file  goe626_Re200k.base.pol                          
 Dump file unspecified or not available
 Calculating wake trajectory ...
 Calculating source influence matrix ...

 Solving BL system ...

 Side 1  free  transition at x/c =  0.1400   50
 Side 2 forced transition at x/c =  1.0000   63

   1   rms: 0.3783E-01   max: 0.1552E+00   D at   74  1   RLX: 0.499
       a = 14.750      CL =  1.5057
      Cm = -0.0593     CD =  0.05695   =>   CDf =  0.00689    CDp =  0.05006

 Side 1  free  transition at x/c =  0.1366   50
 Side 2 forced transition at x/c =  1.0000   63

   2   rms: 0.1988E-01   max: 0.8229E-01   D at   75  1
       a = 14.750      CL =  1.4998
      Cm = -0.0591     CD =  0.05902   =>   CDf =  0.00694    CDp =  0.05209

 Side 1  free  transition at x/c =  0.1338   49
 Side 2 forced transition at x/c =  1.0000   63

   3   rms: 0.5454E-02   max: -.7061E-01   C at   49  1
       a = 14.750      CL =  1.5033
      Cm = -0.0592     CD =  0.05840   =>   CDf =  0.00688    CDp =  0.05152

 Side 1  free  transition at x/c =  0.1327   49
 Side 2 forced transition at x/c =  1.0000   63

   4   rms: 0.6174E-03   max: -.3665E-02   D at   75  1
       a = 14.750      CL =  1.5036
      Cm = -0.0592     CD =  0.05837   =>   CDf =  0.00684    CDp =  0.05153

 Side 1  free  transition at x/c =  0.1326   49
 Side 2 forced transition at x/c =  1.0000   63

   5   rms: 0.5033E-04   max: -.3277E-03   D at   77  2
       a = 14.750      CL =  1.5037
      Cm = -0.0592     CD =  0.05838   =>   CDf =  0.00684    CDp =  0.05153
 plradd ia,ip,cpol           49           0  2.49208417E-02

 Point added to stored polar  1
 Point written to save file  goe626_Re200k.base.pol                          
 Dump file unspecified or not available
 Calculating wake trajectory ...
 Calculating source influence matrix ...

 Solving BL system ...

 Side 1  free  transition at x/c =  0.1326   49
 Side 2 forced transition at x/c =  1.0000   63

   1   rms: 0.3282E-01   max: 0.1228E+00   D at   73  1   RLX: 0.486
       a = 15.000      CL =  1.5041
      Cm = -0.0592     CD =  0.06005   =>   CDf =  0.00685    CDp =  0.05320

 Side 1  free  transition at x/c =  0.1277   49
 Side 2 forced transition at x/c =  1.0000   63

   2   rms: 0.1791E-01   max: 0.7809E-01   D at   74  1
       a = 15.000      CL =  1.5004
      Cm = -0.0593     CD =  0.06212   =>   CDf =  0.00682    CDp =  0.05529

 Side 1  free  transition at x/c =  0.1247   49
 Side 2 forced transition at x/c =  1.0000   63

   3   rms: 0.3028E-02   max: 0.1679E-01   D at   77  2
       a = 15.000      CL =  1.4983
      Cm = -0.0592     CD =  0.06204   =>   CDf =  0.00682    CDp =  0.05522

 Side 1  free  transition at x/c =  0.1252   49
 Side 2 forced transition at x/c =  1.0000   63

   4   rms: 0.9922E-04   max: 0.1325E-02   D at   77  2
       a = 15.000      CL =  1.4983
      Cm = -0.0592     CD =  0.06201   =>   CDf =  0.00680    CDp =  0.05521
 plradd ia,ip,cpol           50           0  2.49208417E-02

 Point added to stored polar  1
 Point written to save file  goe626_Re200k.base.pol                          
 Dump file unspecified or not available
 Calculating wake trajectory ...
 Calculating source influence matrix ...

 Solving BL system ...

 Side 1  free  transition at x/c =  0.1252   49
 Side 2 forced transition at x/c =  1.0000   63

   1   rms: 0.3647E-01   max: 0.1546E+00   D at   72  1   RLX: 0.467
       a = 15.250      CL =  1.4952
      Cm = -0.0594     CD =  0.06411   =>   CDf =  0.00681    CDp =  0.05731

 Side 1  free  transition at x/c =  0.1226   48
 Side 2 forced transition at x/c =  1.0000   63

   2   rms: 0.1657E-01   max: -.8948E-01   C at   48  1
       a = 15.250      CL =  1.4971
      Cm = -0.0594     CD =  0.06550   =>   CDf =  0.00684    CDp =  0.05866

 Side 1  free  transition at x/c =  0.1181   48
 Side 2 forced transition at x/c =  1.0000   63

   3   rms: 0.3762E-02   max: -.2027E-01   C at   48  1
       a = 15.250      CL =  1.4942
      Cm = -0.0594     CD =  0.06562   =>   CDf =  0.00677    CDp =  0.05885

 Side 1  free  transition at x/c =  0.1189   48
 Side 2 forced transition at x/c =  1.0000   63

   4   rms: 0.1703E-03   max: -.1177E-02   C at   48  1
       a = 15.250      CL =  1.4941
      Cm = -0.0594     CD =  0.06558   =>   CDf =  0.00676    CDp =  0.05882

 Side 1  free  transition at x/c =  0.1190   48
 Side 2 forced transition at x/c =  1.0000   63

   5   rms: 0.7814E-05   max: -.2872E-04   D at   72  1
       a = 15.250      CL =  1.4941
      Cm = -0.0594     CD =  0.06558   =>   CDf =  0.00676    CDp =  0.05882
 plradd ia,ip,cpol           51           0  2.49208417E-02

 Point added to stored polar  1
 Point written to save file  goe626_Re200k.base.pol                          
 Dump file unspecified or not available
 Calculating wake trajectory ...
 Calculating source influence matrix ...

 Solving BL system ...

 Side 1  free  transition at x/c =  0.1190   48
 Side 2 forced transition at x/c =  1.0000   63

   1   rms: 0.3066E-01   max: 0.1196E+00   D at   71  1   RLX: 0.456
       a = 15.500      CL =  1.4942
      Cm = -0.0595     CD =  0.06726   =>   CDf =  0.00676    CDp =  0.06050

 Side 1  free  transition at x/c =  0.1159   48
 Side 2 forced transition at x/c =  1.0000   63

   2   rms: 0.1719E-01   max: 0.7273E-01   D at   72  1
       a = 15.500      CL =  1.4923
      Cm = -0.0597     CD =  0.06933   =>   CDf =  0.00675    CDp =  0.06259

 Side 1  free  transition at x/c =  0.1135   48
 Side 2 forced transition at x/c =  1.0000   63

   3   rms: 0.2487E-02   max: -.1346E-01   C at   48  1
       a = 15.500      CL =  1.4905
      Cm = -0.0597     CD =  0.06919   =>   CDf =  0.00674    CDp =  0.06245

 Side 1  free  transition at x/c =  0.1138   48
 Side 2 forced transition at x/c =  1.0000   63

   4   rms: 0.8869E-04   max: 0.8329E-03   D at   78  2
       a = 15.500      CL =  1.4905
      Cm = -0.0597     CD =  0.06916   =>   CDf =  0.00672    CDp =  0.06244
 plradd ia,ip,cpol           52           0  2.17211954E-02

 Point added to stored polar  1
 Point written to save file  goe626_Re200k.base.pol                          
 Dump file unspecified or not available
 Calculating wake trajectory ...
 Calculating source influence matrix ...

 Solving BL system ...

 Side 1  free  transition at x/c =  0.1138   48
 Side 2 forced transition at x/c =  1.0000   63

   1   rms: 0.3179E-01   max: 0.1337E+00   D at   70  1   RLX: 0.442
       a = 15.750      CL =  1.4892
      Cm = -0.0599     CD =  0.07105   =>   CDf =  0.00673    CDp =  0.06432

 Side 1  free  transition at x/c =  0.1120   48
 Side 2 forced transition at x/c =  1.0000   63

   2   rms: 0.1811E-01   max: 0.7806E-01   D at   71  1
       a = 15.750      CL =  1.4861
      Cm = -0.0602     CD =  0.07334   =>   CDf =  0.00674    CDp =  0.06660

 Side 1  free  transition at x/c =  0.1103   47
 Side 2 forced transition at x/c =  1.0000   63

   3   rms: 0.1517E-02   max: -.1265E-01   C at   47  1
       a = 15.750      CL =  1.4855
      Cm = -0.0601     CD =  0.07296   =>   CDf =  0.00675    CDp =  0.06622

 Side 1  free  transition at x/c =  0.1102   47
 Side 2 forced transition at x/c =  1.0000   63

   4   rms: 0.3150E-04   max: 0.3622E-03   D at   78  2
       a = 15.750      CL =  1.4855
      Cm = -0.0601     CD =  0.07295   =>   CDf =  0.00674    CDp =  0.06621
 plradd ia,ip,cpol           53           0  2.17211954E-02

 Point added to stored polar  1
 Point written to save file  goe626_Re200k.base.pol                          
 Dump file unspecified or not available
 Calculating wake trajectory ...
 Calculating source influence matrix ...

 Solving BL system ...

 Side 1  free  transition at x/c =  0.1102   47
 Side 2 forced transition at x/c =  1.0000   63

   1   rms: 0.2721E-01   max: 0.9349E-01   D at   69  1   RLX: 0.431
       a = 16.000      CL =  1.4872
      Cm = -0.0602     CD =  0.07435   =>   CDf =  0.00674    CDp =  0.06760

 Side 1  free  transition at x/c =  0.1084   47
 Side 2 forced transition at x/c =  1.0000   63

   2   rms: 0.1582E-01   max: 0.6158E-01   D at   70  1
       a = 16.000      CL =  1.4877
      Cm = -0.0604     CD =  0.07629   =>   CDf =  0.00670    CDp =  0.06959

 Side 1  free  transition at x/c =  0.1064   47
 Side 2 forced transition at x/c =  1.0000   63

   3   rms: 0.2242E-02   max: 0.1247E-01   D at   78  2
       a = 16.000      CL =  1.4861
      Cm = -0.0604     CD =  0.07615   =>   CDf =  0.00666    CDp =  0.06949

 Side 1  free  transition at x/c =  0.1066   47
 Side 2 forced transition at x/c =  1.0000   63

   4   rms: 0.1067E-03   max: 0.1068E-02   D at   78  2
       a = 16.000      CL =  1.4860
      Cm = -0.0604     CD =  0.07612   =>   CDf =  0.00665    CDp =  0.06947

 Side 1  free  transition at x/c =  0.1066   47
 Side 2 forced transition at x/c =  1.0000   63

   5   rms: 0.2074E-05   max: -.2281E-04   C at   63  2
       a = 16.000      CL =  1.4860
      Cm = -0.0604     CD =  0.07612   =>   CDf =  0.00665    CDp =  0.06947
 plradd ia,ip,cpol           54           0  2.17211954E-02

 Point added to stored polar  1
 Point written to save file  goe626_Re200k.base.pol                          
 Dump file unspecified or not available

.OPERva   c>  
 Polar accumulation disabled

.OPERv   c>  
 XFOIL   c>  
 XFOIL   c>  