
 ===================================================
  XFOIL Version 6.99
  Copyright (C) 2000   Mark Drela, Harold Youngren

  This software comes with ABSOLUTELY NO WARRANTY,
    subject to the GNU General Public License.

  Caveat computor
 ===================================================

 File  xfoil.def  not found

   QUIT    Exit program

  .OPER    Direct operating point(s)
  .MDES    Complex mapping design routine
  .QDES    Surface speed design routine
  .GDES    Geometry design routine

   SAVE f  Write airfoil to labeled coordinate file
   PSAV f  Write airfoil to plain coordinate file
   ISAV f  Write airfoil to ISES coordinate file
   MSAV f  Write airfoil to MSES coordinate file
   REVE    Reverse written-airfoil node ordering

   LOAD f  Read buffer airfoil from coordinate file
   NACA i  Set NACA 4,5-digit airfoil and buffer airfoil
   INTE    Set buffer airfoil by interpolating two airfoils
   NORM    Buffer airfoil normalization toggle
   XYCM rr Change CM reference location, currently  0.25000 0.00000

   BEND    Display structural properties of current airfoil

   PCOP    Set current-airfoil panel nodes directly from buffer airfoil points
   PANE    Set current-airfoil panel nodes ( 160 ) based on curvature
  .PPAR    Show/change paneling

  .PLOP    Plotting options

   WDEF f  Write  current-settings file
   RDEF f  Reread current-settings file
   NAME s  Specify new airfoil name
   NINC    Increment name version number

   Z       Zoom    | (available in all menus)
   U       Unzoom  | 

 XFOIL   c>  
 Labeled airfoil file.  Name:  GOE 628 AIRFOIL                                 

 Number of input coordinate points:  33
 Counterclockwise ordering
 Max thickness =     0.167985  at x =   0.203
 Max camber    =     0.052859  at x =   0.402

  LE  x,y  =  -0.00079   0.00583  |   Chord =   1.00081
  TE  x,y  =   1.00000   0.00000  |

 Current airfoil nodes set from buffer airfoil nodes (  33 )

 WARNING: Poor input coordinate distribution
          Excessive panel angle   56.0  at i =  17
          Repaneling with PANE and/or PPAR suggested
           (doing GDES,CADD before repaneling _may_
            improve excessively coarse LE spacing

 XFOIL   c>  
 XFOIL   c>  
 Sharp trailing edge

 Paneling parameters used...
   Number of panel nodes       160
   Panel bunching parameter    1.000
   TE/LE panel density ratio   0.150
   Refined-area/LE panel density ratio    0.200
   Top    side refined area x/c limits  1.000 1.000
   Bottom side refined area x/c limits  1.000 1.000

 XFOIL   c>  
.OPERi   c>  
 Xtr/c     =  1.0000    top    side
 Xtr/c     =  1.0000    bottom side
 Ncrit     =    9.00   ( 0.070 % turb. level )
 Vacc      =  0.0100

 Klag  =  5.6000     Uxwt  =    1.00
 A     =  6.7000     B     =  0.7500       KCt = 0.01485
 CtiniK=  1.8000     CtiniX=  3.3000

..VPAR   c>  
..VPAR   c>  
.OPERi   c>  
 M  =    0.0000
 Re =    400000

.OPERv   c>  
.OPERv   c>  
.OPERv   c>  
 Polar  1 newly created for accumulation
 Airfoil archived with polar: GOE 628 AIRFOIL                                 

Enter  polar save filename  OR  <return> for no file   s>  
 New polar save file available

Enter  polar dump filename  OR  <return> for no file   s>  
 Polar dump file will NOT be written

 Polar accumulation enabled

.OPERva   c>   Calculating unit vorticity distributions ...
 Calculating wake trajectory ...
 Calculating source influence matrix ...

 Solving BL system ...

 Initializing BL ...
    side            1  ...
 MRCHUE: Inverse mode at  32     Hk =   4.001
 MRCHUE: Inverse mode at  33     Hk =   4.751
 MRCHUE: Inverse mode at  34     Hk =   5.496
 MRCHUE: Inverse mode at  35     Hk =   6.243
 MRCHUE: Inverse mode at  36     Hk =   6.997
 MRCHUE: Inverse mode at  37     Hk =   7.756
 MRCHUE: Inverse mode at  38     Hk =   8.517
 MRCHUE: Inverse mode at  39     Hk =   9.283
 MRCHUE: Inverse mode at  40     Hk =   8.819
 MRCHUE: Inverse mode at  41     Hk =   5.481
 MRCHUE: Inverse mode at  42     Hk =   3.665
 MRCHUE: Inverse mode at  43     Hk =   2.500
 MRCHUE: Inverse mode at  82     Hk =   2.500
 MRCHUE: Inverse mode at  83     Hk =   2.500
 MRCHUE: Inverse mode at  84     Hk =   2.500
 MRCHUE: Inverse mode at  85     Hk =   2.500
 MRCHUE: Inverse mode at  86     Hk =   2.500
 MRCHUE: Inverse mode at  87     Hk =   2.500
 MRCHUE: Inverse mode at  88     Hk =   2.500
 MRCHUE: Inverse mode at  89     Hk =   2.500
 MRCHUE: Inverse mode at  90     Hk =   2.500
 MRCHUE: Inverse mode at  91     Hk =   2.500
 MRCHUE: Inverse mode at  92     Hk =   2.500
 MRCHUE: Inverse mode at  93     Hk =   2.500
 MRCHUE: Inverse mode at  94     Hk =   2.500
 MRCHUE: Inverse mode at  95     Hk =   2.500
 MRCHUE: Inverse mode at  96     Hk =   2.500
 MRCHUE: Inverse mode at  97     Hk =   2.500
 MRCHUE: Inverse mode at  98     Hk =   2.500
 MRCHUE: Inverse mode at  99     Hk =   2.500
 MRCHUE: Convergence failed at  99  side 1    Res =  0.2994E-01
 MRCHUE: Convergence failed at 100  side 1    Res =  0.5947E+01
 MRCHUE: Inverse mode at 101     Hk =   2.500
 MRCHUE: Inverse mode at 102     Hk =   2.500
 MRCHUE: Inverse mode at 103     Hk =   2.500
 MRCHUE: Convergence failed at 104  side 1    Res =  0.4837E+01
 MRCHUE: Inverse mode at 105     Hk =   2.500
 MRCHUE: Inverse mode at 106     Hk =   2.500
 MRCHUE: Convergence failed at 107  side 1    Res =  0.4403E+01
    side            2  ...
 MRCHUE: Inverse mode at  55     Hk =   3.212

 MRCHDU: Convergence failed at 100  side 1    Res =  0.1374E+01
 MRCHDU: Convergence failed at 101  side 1    Res =  0.1457E+01
 MRCHDU: Convergence failed at 102  side 1    Res =  0.1540E+01
 MRCHDU: Convergence failed at 103  side 1    Res =  0.1674E+01
 MRCHDU: Convergence failed at 104  side 1    Res =  0.4441E+01
 MRCHDU: Convergence failed at 105  side 1    Res =  0.3927E+01
 MRCHDU: Convergence failed at 106  side 1    Res =  0.3852E+01
 MRCHDU: Convergence failed at 107  side 1    Res =  0.1551E+02
 Side 1  free  transition at x/c =  0.0190   40
 Side 2 forced transition at x/c =  1.0000   55

   1   rms: 0.9050E+00   max: 0.4326E+01   D at   57  2   RLX: 0.124
       a = 16.250      CL =  2.7264
      Cm = -0.2688     CD =  0.00906   =>   CDf =  0.00852    CDp =  0.00054

 MRCHDU: Convergence failed at  42  side 1    Res =  0.1628E+01
 MRCHDU: Convergence failed at  43  side 1    Res =  0.5921E+01
 Side 1  free  transition at x/c =  0.0220   41
 Side 2 forced transition at x/c =  1.0000   55

   2   rms: 0.5370E+00   max: -.2246E+01   T at   41  1   RLX: 0.223
       a = 16.250      CL =  2.6473
      Cm = -0.2303     CD =  0.00902   =>   CDf =  0.00890    CDp =  0.00011

 Side 1  free  transition at x/c =  0.0268   43
 Side 2 forced transition at x/c =  1.0000   55

   3   rms: 0.6276E+00   max: -.1999E+01   T at   45  1   RLX: 0.097
       a = 16.250      CL =  2.6007
      Cm = -0.2177     CD =  0.01038   =>   CDf =  0.00858    CDp =  0.00180

 Side 1  free  transition at x/c =  0.0297   44
 Side 2 forced transition at x/c =  1.0000   55
 idif Ue xi dudx           1  6.28550127E-02  7.90691376E-03   7.9493737    
 Uenew xinew           2  2.33024475E-03  2.93135643E-04

   4   rms: 0.5875E+00   max: -.3453E+01   C at   44  1   RLX: 0.145
       a = 16.250      CL =  2.5353
      Cm = -0.1986     CD =  0.01174   =>   CDf =  0.00930    CDp =  0.00244

 Side 1  free  transition at x/c =  0.0437   46
 Side 2 forced transition at x/c =  1.0000   56

   5   rms: 0.5620E+00   max: -.3520E+01   C at   46  1   RLX: 0.142
       a = 16.250      CL =  2.4591
      Cm = -0.1820     CD =  0.01333   =>   CDf =  0.00835    CDp =  0.00498

 Side 1  free  transition at x/c =  0.0534   47
 Side 2 forced transition at x/c =  1.0000   56

   6   rms: 0.7285E+00   max: -.3277E+01   T at   47  1   RLX: 0.153
       a = 16.250      CL =  2.3392
      Cm = -0.1616     CD =  0.01597   =>   CDf =  0.00799    CDp =  0.00797

 Side 1  free  transition at x/c =  0.0631   49
 Side 2 forced transition at x/c =  1.0000   56
 idif Ue xi dudx           1  6.24525920E-02  7.20393658E-03   8.6692314    
 Uenew xinew           2  1.40859629E-03  1.62482262E-04

   7   rms: 0.5197E+00   max: -.6804E+01   C at   49  1   RLX: 0.073
       a = 16.250      CL =  2.3103
      Cm = -0.1562     CD =  0.01705   =>   CDf =  0.00811    CDp =  0.00893

 Side 1  free  transition at x/c =  0.0701   49
 Side 2 forced transition at x/c =  1.0000   57

   8   rms: 0.5433E+00   max: -.7130E+01   C at   49  1   RLX: 0.070
       a = 16.250      CL =  2.2903
      Cm = -0.1515     CD =  0.01744   =>   CDf =  0.00755    CDp =  0.00989

 Side 1  free  transition at x/c =  0.0797   50
 Side 2 forced transition at x/c =  1.0000   57

   9   rms: 0.7372E+00   max: -.1376E+02   C at   50  1   RLX: 0.036
       a = 16.250      CL =  2.2816
      Cm = -0.1501     CD =  0.01753   =>   CDf =  0.00733    CDp =  0.01020

 Side 1  free  transition at x/c =  0.0846   50
 Side 2 forced transition at x/c =  1.0000   57

  10   rms: 0.5009E+00   max: 0.1399E+01   D at   66  2   RLX: 0.205
       a = 16.250      CL =  2.1871
      Cm = -0.1317     CD =  0.02068   =>   CDf =  0.00716    CDp =  0.01352

 Side 1  free  transition at x/c =  0.1677   58
 Side 2 forced transition at x/c =  1.0000   57

  11   rms: 0.3287E+00   max: 0.2229E+01   D at   58  1   RLX: 0.234
       a = 16.250      CL =  2.1182
      Cm = -0.1051     CD =  0.02293   =>   CDf =  0.00605    CDp =  0.01688

 Side 1  free  transition at x/c =  0.1796   58
 Side 2 forced transition at x/c =  1.0000   57
 idif Ue xi dudx           2  0.14615610      1.51729584E-02   9.6326704    
 Uenew xinew           3  8.40351656E-02  8.72397423E-03

  12   rms: 0.4692E+00   max: 0.1749E+01   C at   58  1   RLX: 0.659
       a = 16.250      CL =  1.8408
      Cm = -0.0672     CD =  0.03843   =>   CDf =  0.00660    CDp =  0.03184

 MRCHDU: Convergence failed at  57  side 1    Res =  0.1761E+01
 MRCHDU: Convergence failed at  58  side 1    Res =  0.1320E+01
 MRCHDU: Convergence failed at  59  side 1    Res =  0.1643E+01
 MRCHDU: Convergence failed at  60  side 1    Res =  0.1762E+01
 MRCHDU: Convergence failed at  61  side 1    Res =  0.1853E+01
 MRCHDU: Convergence failed at  62  side 1    Res =  0.2482E+01
 MRCHDU: Convergence failed at  63  side 1    Res =  0.3487E+01
 MRCHDU: Convergence failed at  64  side 1    Res =  0.4967E+01
 MRCHDU: Convergence failed at  65  side 1    Res =  0.7425E+01
 MRCHDU: Convergence failed at  66  side 1    Res =  0.1227E+02
 MRCHDU: Convergence failed at  67  side 1    Res =  0.3499E+02
 MRCHDU: Convergence failed at  68  side 1    Res =  0.6404E+02
 MRCHDU: Convergence failed at  69  side 1    Res =  0.1909E+02
 MRCHDU: Convergence failed at  70  side 1    Res =  0.1062E+02
 MRCHDU: Convergence failed at  71  side 1    Res =  0.7425E+01
 MRCHDU: Convergence failed at  72  side 1    Res =  0.3452E+01
 MRCHDU: Convergence failed at  73  side 1    Res =  0.4108E+01
 MRCHDU: Convergence failed at  74  side 1    Res =  0.5218E+01
 MRCHDU: Convergence failed at  75  side 1    Res =  0.7247E+01
 MRCHDU: Convergence failed at  76  side 1    Res =  0.1239E+02
 MRCHDU: Convergence failed at  77  side 1    Res =  0.1522E+03
 MRCHDU: Convergence failed at  78  side 1    Res =  0.1153E+02
 MRCHDU: Convergence failed at  79  side 1    Res =  0.1012E+02
 MRCHDU: Convergence failed at  80  side 1    Res =  0.7681E+02
 MRCHDU: Convergence failed at  81  side 1    Res =  0.1663E+02
 MRCHDU: Convergence failed at  82  side 1    Res =  0.2128E+02
 MRCHDU: Convergence failed at  83  side 1    Res =  0.2027E+02
 MRCHDU: Convergence failed at  84  side 1    Res =  0.1880E+02
 MRCHDU: Convergence failed at  85  side 1    Res =  0.1863E+02
 MRCHDU: Convergence failed at  86  side 1    Res =  0.2532E+02
 MRCHDU: Convergence failed at  87  side 1    Res =  0.3703E+02
 MRCHDU: Convergence failed at  88  side 1    Res =  0.7957E+02
 MRCHDU: Convergence failed at  89  side 1    Res =  0.5482E+02
 MRCHDU: Convergence failed at  90  side 1    Res =  0.4255E+02
 MRCHDU: Convergence failed at  91  side 1    Res =  0.1650E+02
 MRCHDU: Convergence failed at  92  side 1    Res =  0.1766E+02
 MRCHDU: Convergence failed at  93  side 1    Res =  0.1890E+02
 MRCHDU: Convergence failed at  94  side 1    Res =  0.2008E+02
 MRCHDU: Convergence failed at  95  side 1    Res =  0.2132E+02
 MRCHDU: Convergence failed at  96  side 1    Res =  0.2267E+02
 MRCHDU: Convergence failed at  97  side 1    Res =  0.2413E+02
 MRCHDU: Convergence failed at  98  side 1    Res =  0.2074E+02
 MRCHDU: Convergence failed at  99  side 1    Res =  0.1978E+02
 MRCHDU: Convergence failed at 100  side 1    Res =  0.1898E+02
 MRCHDU: Convergence failed at 101  side 1    Res =  0.1834E+02
 MRCHDU: Convergence failed at 102  side 1    Res =  0.1781E+02
 MRCHDU: Convergence failed at 103  side 1    Res =  0.2762E+04
 MRCHDU: Convergence failed at  68  side 2    Res =  0.1508E+02
 MRCHDU: Convergence failed at  69  side 2    Res =  0.1289E+01
 Side 1 forced transition at x/c =  1.0000  103
 Side 2 forced transition at x/c =  1.0000   59

  13   rms: 0.1074E+01   max: -.1517E+01   C at   60  2   RLX: 0.215
       a = 16.250      CL =  3.5754
      Cm = -0.7417     CD =  0.00324   =>   CDf =  0.01140    CDp = -0.00815

 Side 1  free  transition at x/c =  0.3545   68
 Side 2 forced transition at x/c =  1.0000   58

  14   rms: 0.1056E+01   max: 0.1464E+02   C at   68  1   RLX: 0.102
       a = 16.250      CL =  3.4653
      Cm = -0.6669     CD =  0.00651   =>   CDf =  0.01213    CDp = -0.00562

 Side 1  free  transition at x/c =  0.2685   63
 Side 2 forced transition at x/c =  1.0000   58

  15   rms: 0.9806E+00   max: 0.1404E+02   C at   63  1   RLX: 0.107
       a = 16.250      CL =  3.3452
      Cm = -0.5997     CD =  0.00706   =>   CDf =  0.01201    CDp = -0.00496

 Side 1  free  transition at x/c =  0.1906   59
 Side 2 forced transition at x/c =  1.0000   57

  16   rms: 0.9142E+00   max: 0.1302E+02   C at   59  1   RLX: 0.115
       a = 16.250      CL =  3.2297
      Cm = -0.5369     CD =  0.00784   =>   CDf =  0.01224    CDp = -0.00440

 Side 1  free  transition at x/c =  0.1738   58
 Side 2 forced transition at x/c =  1.0000   57

  17   rms: 0.6533E+00   max: 0.3387E+01   C at   58  1   RLX: 0.443
       a = 16.250      CL =  2.8647
      Cm = -0.3402     CD =  0.01035   =>   CDf =  0.01150    CDp = -0.00115

 MRCHDU: Convergence failed at  58  side 2    Res =  0.1406E+01
 MRCHDU: Convergence failed at  59  side 2    Res =  0.1443E+02
 MRCHDU: Convergence failed at  60  side 2    Res =  0.3774E+01
 MRCHDU: Convergence failed at  61  side 2    Res =  0.2685E+01
 MRCHDU: Convergence failed at  62  side 2    Res =  0.4238E+01
 Side 1  free  transition at x/c =  0.1594   58
 Side 2 forced transition at x/c =  1.0000   56
 idif Ue xi dudx           1  6.64792135E-02  7.54821301E-03   8.8072786    
 Uenew xinew           2  4.46316507E-03  5.06758690E-04

  18   rms: 0.4574E+00   max: 0.1536E+01   D at   63  2   RLX: 0.453
       a = 16.250      CL =  2.5423
      Cm = -0.2137     CD =  0.01551   =>   CDf =  0.00948    CDp =  0.00603

 MRCHDU: Convergence failed at 102  side 1    Res =  0.2369E+01
 MRCHDU: Convergence failed at 103  side 1    Res =  0.2343E+01
 MRCHDU: Convergence failed at 104  side 1    Res =  0.5023E+01
 MRCHDU: Convergence failed at 105  side 1    Res =  0.1538E+01
 Side 1  free  transition at x/c =  0.1643   57
 Side 2 forced transition at x/c =  1.0000   57

  19   rms: 0.4192E+00   max: 0.1682E+01   D at  105  1   RLX: 0.689
       a = 16.250      CL =  2.2027
      Cm = -0.1135     CD =  0.02180   =>   CDf =  0.00762    CDp =  0.01418

 MRCHDU: Convergence failed at  93  side 1    Res =  0.2726E+01
 MRCHDU: Convergence failed at  94  side 1    Res =  0.5923E+01
 MRCHDU: Convergence failed at  95  side 1    Res =  0.1020E+02
 MRCHDU: Convergence failed at  96  side 1    Res =  0.2027E+01
 MRCHDU: Convergence failed at  97  side 1    Res =  0.1187E+01
 MRCHDU: Convergence failed at  98  side 1    Res =  0.1175E+01
 MRCHDU: Convergence failed at  99  side 1    Res =  0.3612E+01
 MRCHDU: Convergence failed at 105  side 1    Res =  0.1478E+01
 Side 1  free  transition at x/c =  0.1765   58
 Side 2 forced transition at x/c =  1.0000   57
 idif Ue xi dudx           1  0.10970317      1.17042065E-02   9.3729696    
 Uenew xinew           2  4.92570400E-02  5.25522232E-03

  20   rms: 0.4075E+00   max: 0.1988E+01   D at   99  1   RLX: 0.755
       a = 16.250      CL =  1.9637
      Cm = -0.0702     CD =  0.02896   =>   CDf =  0.00676    CDp =  0.02220

 Side 1  free  transition at x/c =  0.1928   58
 Side 2 forced transition at x/c =  1.0000   58
 idif Ue xi dudx           2  0.13238589      1.23935938E-02   10.681801    
 Uenew xinew           3  6.99793175E-02  6.55126572E-03

  21   rms: 0.4118E+00   max: 0.1832E+01   D at   98  1   RLX: 0.819
       a = 16.250      CL =  1.7192
      Cm = -0.0484     CD =  0.05080   =>   CDf =  0.00655    CDp =  0.04425

 Side 1  free  transition at x/c =  0.2074   57
 Side 2 forced transition at x/c =  1.0000   60

  22   rms: 0.4952E-01   max: 0.4043E+00   D at   70  2
       a = 16.250      CL =  1.7028
      Cm = -0.0403     CD =  0.04974   =>   CDf =  0.00554    CDp =  0.04420

 Side 1  free  transition at x/c =  0.2068   57
 Side 2 forced transition at x/c =  1.0000   60

  23   rms: 0.8450E-02   max: 0.9201E-01   C at   60  2
       a = 16.250      CL =  1.7110
      Cm = -0.0414     CD =  0.04837   =>   CDf =  0.00544    CDp =  0.04294

 Side 1  free  transition at x/c =  0.2064   57
 Side 2 forced transition at x/c =  1.0000   60

  24   rms: 0.3092E-03   max: 0.4824E-02   C at   60  2
       a = 16.250      CL =  1.7113
      Cm = -0.0415     CD =  0.04839   =>   CDf =  0.00543    CDp =  0.04296

 Side 1  free  transition at x/c =  0.2063   57
 Side 2 forced transition at x/c =  1.0000   60

  25   rms: 0.5675E-05   max: 0.5901E-04   C at   60  2
       a = 16.250      CL =  1.7113
      Cm = -0.0415     CD =  0.04839   =>   CDf =  0.00543    CDp =  0.04296
 plradd ia,ip,cpol            1           0  4.16142168E-04

 Point added to stored polar  1
 Point written to save file  goe628_Re400k.ext.pol                           
 Dump file unspecified or not available
 Calculating wake trajectory ...
 Calculating source influence matrix ...

 Solving BL system ...

 Side 1  free  transition at x/c =  0.2063   57
 Side 2 forced transition at x/c =  1.0000   60

   1   rms: 0.3085E-01   max: 0.1131E+00   D at   78  1   RLX: 0.517
       a = 16.500      CL =  1.7136
      Cm = -0.0414     CD =  0.04969   =>   CDf =  0.00543    CDp =  0.04425

 Side 1  free  transition at x/c =  0.2042   57
 Side 2 forced transition at x/c =  1.0000   60

   2   rms: 0.1438E-01   max: 0.5357E-01   D at   79  1
       a = 16.500      CL =  1.7151
      Cm = -0.0413     CD =  0.05074   =>   CDf =  0.00536    CDp =  0.04538

 Side 1  free  transition at x/c =  0.2019   57
 Side 2 forced transition at x/c =  1.0000   60

   3   rms: 0.1349E-02   max: 0.8777E-02   D at   73  2
       a = 16.500      CL =  1.7141
      Cm = -0.0412     CD =  0.05066   =>   CDf =  0.00531    CDp =  0.04535

 Side 1  free  transition at x/c =  0.2021   57
 Side 2 forced transition at x/c =  1.0000   60

   4   rms: 0.3340E-04   max: 0.4755E-03   D at   73  2
       a = 16.500      CL =  1.7140
      Cm = -0.0412     CD =  0.05066   =>   CDf =  0.00530    CDp =  0.04535
 plradd ia,ip,cpol            2           0 -1.53017027E-04

 Point added to stored polar  1
 Point written to save file  goe628_Re400k.ext.pol                           
 Dump file unspecified or not available
 Calculating wake trajectory ...
 Calculating source influence matrix ...

 Solving BL system ...

 Side 1  free  transition at x/c =  0.2021   57
 Side 2 forced transition at x/c =  1.0000   60

   1   rms: 0.3109E-01   max: 0.1237E+00   D at   78  1   RLX: 0.502
       a = 16.750      CL =  1.7150
      Cm = -0.0412     CD =  0.05206   =>   CDf =  0.00499    CDp =  0.04707

 Side 1  free  transition at x/c =  0.1994   58
 Side 2 forced transition at x/c =  1.0000   59

   2   rms: 0.4011E-01   max: 0.6364E+00   D at    2  1
       a = 16.750      CL =  1.7136
      Cm = -0.0410     CD =  0.05351   =>   CDf =  0.00528    CDp =  0.04823

 Side 1  free  transition at x/c =  0.1971   58
 Side 2 forced transition at x/c =  1.0000   59

   3   rms: 0.2489E-02   max: 0.2826E-01   D at    4  1
       a = 16.750      CL =  1.7127
      Cm = -0.0409     CD =  0.05334   =>   CDf =  0.00526    CDp =  0.04807

 Side 1  free  transition at x/c =  0.1973   58
 Side 2 forced transition at x/c =  1.0000   59

   4   rms: 0.3149E-04   max: -.1628E-03   D at   74  2
       a = 16.750      CL =  1.7127
      Cm = -0.0409     CD =  0.05333   =>   CDf =  0.00526    CDp =  0.04807
 plradd ia,ip,cpol            3           0 -1.53017027E-04

 Point added to stored polar  1
 Point written to save file  goe628_Re400k.ext.pol                           
 Dump file unspecified or not available
 Calculating wake trajectory ...
 Calculating source influence matrix ...

 Solving BL system ...

 Side 1  free  transition at x/c =  0.1972   58
 Side 2 forced transition at x/c =  1.0000   59

   1   rms: 0.3130E-01   max: -.1332E+00   D at   58  1   RLX: 0.487
       a = 17.000      CL =  1.7128
      Cm = -0.0409     CD =  0.05478   =>   CDf =  0.00526    CDp =  0.04952

 Side 1  free  transition at x/c =  0.1950   58
 Side 2 forced transition at x/c =  1.0000   59

   2   rms: 0.1686E-01   max: 0.7628E-01   D at   79  1
       a = 17.000      CL =  1.7104
      Cm = -0.0407     CD =  0.05638   =>   CDf =  0.00528    CDp =  0.05111

 Side 1  free  transition at x/c =  0.1929   57
 Side 2 forced transition at x/c =  1.0000   59

   3   rms: 0.1530E-02   max: -.2050E-01   C at   57  1
       a = 17.000      CL =  1.7101
      Cm = -0.0406     CD =  0.05614   =>   CDf =  0.00526    CDp =  0.05088

 Side 1  free  transition at x/c =  0.1928   57
 Side 2 forced transition at x/c =  1.0000   59

   4   rms: 0.1475E-03   max: -.7778E-03   D at   79  1
       a = 17.000      CL =  1.7102
      Cm = -0.0406     CD =  0.05613   =>   CDf =  0.00526    CDp =  0.05088

 Side 1  free  transition at x/c =  0.1928   57
 Side 2 forced transition at x/c =  1.0000   59

   5   rms: 0.1209E-04   max: 0.1017E-03   C at   59  2
       a = 17.000      CL =  1.7102
      Cm = -0.0406     CD =  0.05613   =>   CDf =  0.00526    CDp =  0.05088
 plradd ia,ip,cpol            4           0 -1.53017027E-04

 Point added to stored polar  1
 Point written to save file  goe628_Re400k.ext.pol                           
 Dump file unspecified or not available
 Calculating wake trajectory ...
 Calculating source influence matrix ...

 Solving BL system ...

 Side 1  free  transition at x/c =  0.1928   57
 Side 2 forced transition at x/c =  1.0000   59

   1   rms: 0.3127E-01   max: -.1477E+00   C at   57  1   RLX: 0.473
       a = 17.250      CL =  1.7115
      Cm = -0.0407     CD =  0.05753   =>   CDf =  0.00526    CDp =  0.05227

 Side 1  free  transition at x/c =  0.1904   57
 Side 2 forced transition at x/c =  1.0000   59

   2   rms: 0.1581E-01   max: 0.6415E-01   D at   78  1
       a = 17.250      CL =  1.7119
      Cm = -0.0407     CD =  0.05894   =>   CDf =  0.00518    CDp =  0.05376

 Side 1  free  transition at x/c =  0.1875   57
 Side 2 forced transition at x/c =  1.0000   59

   3   rms: 0.2782E-02   max: 0.1995E-01   D at   78  1
       a = 17.250      CL =  1.7096
      Cm = -0.0406     CD =  0.05896   =>   CDf =  0.00513    CDp =  0.05383

 Side 1  free  transition at x/c =  0.1878   57
 Side 2 forced transition at x/c =  1.0000   59

   4   rms: 0.1605E-03   max: -.1624E-02   C at   59  2
       a = 17.250      CL =  1.7095
      Cm = -0.0406     CD =  0.05894   =>   CDf =  0.00513    CDp =  0.05381

 Side 1  free  transition at x/c =  0.1878   57
 Side 2 forced transition at x/c =  1.0000   59

   5   rms: 0.4364E-05   max: -.5100E-04   C at   59  2
       a = 17.250      CL =  1.7095
      Cm = -0.0406     CD =  0.05894   =>   CDf =  0.00513    CDp =  0.05381
 plradd ia,ip,cpol            5           0 -1.53017027E-04

 Point added to stored polar  1
 Point written to save file  goe628_Re400k.ext.pol                           
 Dump file unspecified or not available
 Calculating wake trajectory ...
 Calculating source influence matrix ...

 Solving BL system ...

 Side 1  free  transition at x/c =  0.1878   57
 Side 2 forced transition at x/c =  1.0000   59

   1   rms: 0.3244E-01   max: 0.1366E+00   D at   77  1   RLX: 0.459
       a = 17.500      CL =  1.7091
      Cm = -0.0407     CD =  0.06049   =>   CDf =  0.00513    CDp =  0.05536

 Side 1  free  transition at x/c =  0.1854   57
 Side 2 forced transition at x/c =  1.0000   59

   2   rms: 0.1753E-01   max: 0.7618E-01   D at   77  1
       a = 17.500      CL =  1.7075
      Cm = -0.0407     CD =  0.06220   =>   CDf =  0.00510    CDp =  0.05710

 Side 1  free  transition at x/c =  0.1827   57
 Side 2 forced transition at x/c =  1.0000   59

   3   rms: 0.2258E-02   max: -.1370E-01   C at   59  2
       a = 17.500      CL =  1.7056
      Cm = -0.0406     CD =  0.06209   =>   CDf =  0.00509    CDp =  0.05700

 Side 1  free  transition at x/c =  0.1830   57
 Side 2 forced transition at x/c =  1.0000   59

   4   rms: 0.1125E-03   max: 0.1220E-02   D at   73  2
       a = 17.500      CL =  1.7055
      Cm = -0.0405     CD =  0.06207   =>   CDf =  0.00508    CDp =  0.05699

 Side 1  free  transition at x/c =  0.1830   57
 Side 2 forced transition at x/c =  1.0000   59

   5   rms: 0.2335E-05   max: -.2348E-04   C at   59  2
       a = 17.500      CL =  1.7055
      Cm = -0.0405     CD =  0.06207   =>   CDf =  0.00508    CDp =  0.05699
 plradd ia,ip,cpol            6           0 -1.53017027E-04

 Point added to stored polar  1
 Point written to save file  goe628_Re400k.ext.pol                           
 Dump file unspecified or not available
 Calculating wake trajectory ...
 Calculating source influence matrix ...

 Solving BL system ...

 Side 1  free  transition at x/c =  0.1830   57
 Side 2 forced transition at x/c =  1.0000   59

   1   rms: 0.3520E-01   max: 0.1599E+00   D at   76  1   RLX: 0.444
       a = 17.750      CL =  1.7031
      Cm = -0.0407     CD =  0.06386   =>   CDf =  0.00509    CDp =  0.05877

 Side 1  free  transition at x/c =  0.1807   57
 Side 2 forced transition at x/c =  1.0000   59

   2   rms: 0.1979E-01   max: 0.9113E-01   D at   76  1
       a = 17.750      CL =  1.6984
      Cm = -0.0407     CD =  0.06597   =>   CDf =  0.00510    CDp =  0.06087

 Side 1  free  transition at x/c =  0.1783   56
 Side 2 forced transition at x/c =  1.0000   59

   3   rms: 0.2969E-02   max: -.4137E-01   C at   56  1
       a = 17.750      CL =  1.6992
      Cm = -0.0406     CD =  0.06547   =>   CDf =  0.00507    CDp =  0.06040

 Side 1  free  transition at x/c =  0.1781   56
 Side 2 forced transition at x/c =  1.0000   59

   4   rms: 0.3864E-03   max: -.1806E-02   D at   76  1
       a = 17.750      CL =  1.6995
      Cm = -0.0406     CD =  0.06546   =>   CDf =  0.00505    CDp =  0.06040

 Side 1  free  transition at x/c =  0.1781   56
 Side 2 forced transition at x/c =  1.0000   59

   5   rms: 0.3224E-04   max: 0.3233E-03   C at   59  2
       a = 17.750      CL =  1.6995
      Cm = -0.0406     CD =  0.06546   =>   CDf =  0.00505    CDp =  0.06041
 plradd ia,ip,cpol            7           0 -1.53017027E-04

 Point added to stored polar  1
 Point written to save file  goe628_Re400k.ext.pol                           
 Dump file unspecified or not available
 Calculating wake trajectory ...
 Calculating source influence matrix ...

 Solving BL system ...

 Side 1  free  transition at x/c =  0.1781   56
 Side 2 forced transition at x/c =  1.0000   59

   1   rms: 0.3021E-01   max: 0.1234E+00   D at   75  1   RLX: 0.433
       a = 18.000      CL =  1.7001
      Cm = -0.0408     CD =  0.06687   =>   CDf =  0.00506    CDp =  0.06182

 Side 1  free  transition at x/c =  0.1758   56
 Side 2 forced transition at x/c =  1.0000   59

   2   rms: 0.1892E-01   max: 0.9476E-01   D at   76  1
       a = 18.000      CL =  1.6970
      Cm = -0.0410     CD =  0.06909   =>   CDf =  0.00500    CDp =  0.06409

 Side 1  free  transition at x/c =  0.1728   56
 Side 2 forced transition at x/c =  1.0000   59

   3   rms: 0.2323E-02   max: -.1841E-01   C at   59  2
       a = 18.000      CL =  1.6950
      Cm = -0.0408     CD =  0.06884   =>   CDf =  0.00496    CDp =  0.06388

 Side 1  free  transition at x/c =  0.1731   56
 Side 2 forced transition at x/c =  1.0000   59

   4   rms: 0.8517E-04   max: -.1027E-02   C at   59  2
       a = 18.000      CL =  1.6949
      Cm = -0.0408     CD =  0.06882   =>   CDf =  0.00495    CDp =  0.06387
 plradd ia,ip,cpol            8           0 -1.53017027E-04

 Point added to stored polar  1
 Point written to save file  goe628_Re400k.ext.pol                           
 Dump file unspecified or not available

.OPERva   c>   Calculating wake trajectory ...
 Calculating source influence matrix ...

 Solving BL system ...

 Side 1  free  transition at x/c =  0.1731   56
 Side 2 forced transition at x/c =  1.0000   59

   1   rms: 0.3152E-01   max: 0.1475E+00   D at   74  1   RLX: 0.419
       a = 18.250      CL =  1.6936
      Cm = -0.0410     CD =  0.07050   =>   CDf =  0.00496    CDp =  0.06554

 Side 1  free  transition at x/c =  0.1708   56
 Side 2 forced transition at x/c =  1.0000   59

   2   rms: 0.1970E-01   max: 0.9902E-01   D at   75  1
       a = 18.250      CL =  1.6888
      Cm = -0.0413     CD =  0.07294   =>   CDf =  0.00494    CDp =  0.06800

 Side 1  free  transition at x/c =  0.1680   56
 Side 2 forced transition at x/c =  1.0000   59

   3   rms: 0.3308E-02   max: -.2003E-01   C at   59  2
       a = 18.250      CL =  1.6860
      Cm = -0.0411     CD =  0.07277   =>   CDf =  0.00494    CDp =  0.06783

 Side 1  free  transition at x/c =  0.1682   56
 Side 2 forced transition at x/c =  1.0000   59

   4   rms: 0.1513E-03   max: -.1946E-02   C at   59  2
       a = 18.250      CL =  1.6858
      Cm = -0.0411     CD =  0.07272   =>   CDf =  0.00493    CDp =  0.06779

 Side 1  free  transition at x/c =  0.1683   56
 Side 2 forced transition at x/c =  1.0000   59

   5   rms: 0.1582E-05   max: -.2325E-04   C at   59  2
       a = 18.250      CL =  1.6858
      Cm = -0.0411     CD =  0.07272   =>   CDf =  0.00493    CDp =  0.06779
 plradd ia,ip,cpol            9           0 -5.43478527E-04

 Point added to stored polar  1
 Point written to save file  goe628_Re400k.ext.pol                           
 Dump file unspecified or not available
 Calculating wake trajectory ...
 Calculating source influence matrix ...

 Solving BL system ...

 Side 1  free  transition at x/c =  0.1683   56
 Side 2 forced transition at x/c =  1.0000   59

   1   rms: 0.6654E-01   max: 0.3305E+00   D at   73  1   RLX: 0.394
       a = 18.750      CL =  1.6801
      Cm = -0.0416     CD =  0.07635   =>   CDf =  0.00461    CDp =  0.07174

 Side 1  free  transition at x/c =  0.1648   56
 Side 2 forced transition at x/c =  1.0000   58

   2   rms: 0.4668E-01   max: 0.4909E+00   D at    2  1
       a = 18.750      CL =  1.6775
      Cm = -0.0424     CD =  0.08068   =>   CDf =  0.00490    CDp =  0.07578

 Side 1  free  transition at x/c =  0.1571   56
 Side 2 forced transition at x/c =  1.0000   58

   3   rms: 0.9123E-02   max: 0.6165E-01   D at   57  1
       a = 18.750      CL =  1.6705
      Cm = -0.0420     CD =  0.08053   =>   CDf =  0.00483    CDp =  0.07570

 Side 1  free  transition at x/c =  0.1585   56
 Side 2 forced transition at x/c =  1.0000   58

   4   rms: 0.8725E-03   max: 0.7259E-02   D at   74  1
       a = 18.750      CL =  1.6698
      Cm = -0.0420     CD =  0.08050   =>   CDf =  0.00479    CDp =  0.07571

 Side 1  free  transition at x/c =  0.1585   56
 Side 2 forced transition at x/c =  1.0000   58

   5   rms: 0.5446E-04   max: -.5891E-03   C at   58  2
       a = 18.750      CL =  1.6697
      Cm = -0.0420     CD =  0.08049   =>   CDf =  0.00479    CDp =  0.07570
 plradd ia,ip,cpol           10           0 -1.53017027E-04

 Point added to stored polar  1
 Point written to save file  goe628_Re400k.ext.pol                           
 Dump file unspecified or not available
 Calculating wake trajectory ...
 Calculating source influence matrix ...

 Solving BL system ...

 Side 1  free  transition at x/c =  0.1585   56
 Side 2 forced transition at x/c =  1.0000   58

   1   rms: 0.6777E-01   max: 0.3628E+00   D at   73  1   RLX: 0.372
       a = 19.250      CL =  1.6630
      Cm = -0.0428     CD =  0.08439   =>   CDf =  0.00479    CDp =  0.07960

 Side 1  free  transition at x/c =  0.1548   56
 Side 2 forced transition at x/c =  1.0000   58

   2   rms: 0.4144E-01   max: 0.2222E+00   D at   73  1
       a = 19.250      CL =  1.6502
      Cm = -0.0438     CD =  0.09030   =>   CDf =  0.00480    CDp =  0.08550

 Side 1  free  transition at x/c =  0.1499   55
 Side 2 forced transition at x/c =  1.0000   58

   3   rms: 0.6710E-02   max: -.6277E-01   D at   55  1
       a = 19.250      CL =  1.6485
      Cm = -0.0434     CD =  0.08919   =>   CDf =  0.00470    CDp =  0.08450

 Side 1  free  transition at x/c =  0.1497   55
 Side 2 forced transition at x/c =  1.0000   58

   4   rms: 0.8019E-03   max: -.6923E-02   D at   73  1
       a = 19.250      CL =  1.6490
      Cm = -0.0434     CD =  0.08901   =>   CDf =  0.00468    CDp =  0.08434

 Side 1  free  transition at x/c =  0.1497   55
 Side 2 forced transition at x/c =  1.0000   58

   5   rms: 0.1111E-03   max: 0.8331E-03   C at   58  2
       a = 19.250      CL =  1.6491
      Cm = -0.0434     CD =  0.08903   =>   CDf =  0.00468    CDp =  0.08435

 Side 1  free  transition at x/c =  0.1497   55
 Side 2 forced transition at x/c =  1.0000   58

   6   rms: 0.8216E-05   max: 0.9430E-04   C at   58  2
       a = 19.250      CL =  1.6491
      Cm = -0.0434     CD =  0.08903   =>   CDf =  0.00468    CDp =  0.08435
 plradd ia,ip,cpol           11           0 -5.43478527E-04

 Point added to stored polar  1
 Point written to save file  goe628_Re400k.ext.pol                           
 Dump file unspecified or not available
 Calculating wake trajectory ...
 Calculating source influence matrix ...

 Solving BL system ...

 Side 1  free  transition at x/c =  0.1497   55
 Side 2 forced transition at x/c =  1.0000   58

   1   rms: 0.6039E-01   max: 0.3198E+00   D at   71  1   RLX: 0.353
       a = 19.750      CL =  1.6450
      Cm = -0.0442     CD =  0.09246   =>   CDf =  0.00469    CDp =  0.08777

 Side 1  free  transition at x/c =  0.1458   55
 Side 2 forced transition at x/c =  1.0000   58

   2   rms: 0.4617E-01   max: 0.2693E+00   D at   72  1
       a = 19.750      CL =  1.6282
      Cm = -0.0461     CD =  0.09995   =>   CDf =  0.00466    CDp =  0.09529

 Side 1  free  transition at x/c =  0.1403   54
 Side 2 forced transition at x/c =  1.0000   58

   3   rms: 0.7184E-02   max: 0.6324E-01   D at   71  1
       a = 19.750      CL =  1.6233
      Cm = -0.0455     CD =  0.09861   =>   CDf =  0.00464    CDp =  0.09398

 Side 1  free  transition at x/c =  0.1406   54
 Side 2 forced transition at x/c =  1.0000   58

   4   rms: 0.3115E-03   max: -.3935E-02   C at   58  2
       a = 19.750      CL =  1.6231
      Cm = -0.0455     CD =  0.09848   =>   CDf =  0.00463    CDp =  0.09386

 Side 1  free  transition at x/c =  0.1406   54
 Side 2 forced transition at x/c =  1.0000   58

   5   rms: 0.1220E-04   max: -.1179E-03   C at   58  2
       a = 19.750      CL =  1.6231
      Cm = -0.0455     CD =  0.09848   =>   CDf =  0.00463    CDp =  0.09385
 plradd ia,ip,cpol           12           0 -5.43478527E-04

 Point added to stored polar  1
 Point written to save file  goe628_Re400k.ext.pol                           
 Dump file unspecified or not available
 Calculating wake trajectory ...
 Calculating source influence matrix ...

 Solving BL system ...

 Side 1  free  transition at x/c =  0.1406   54
 Side 2 forced transition at x/c =  1.0000   58

   1   rms: 0.5748E-01   max: 0.3014E+00   D at   70  1   RLX: 0.335
       a = 20.250      CL =  1.6207
      Cm = -0.0464     CD =  0.10169   =>   CDf =  0.00464    CDp =  0.09706

 Side 1  free  transition at x/c =  0.1377   54
 Side 2 forced transition at x/c =  1.0000   58

   2   rms: 0.3870E-01   max: 0.2154E+00   D at   70  1
       a = 20.250      CL =  1.6123
      Cm = -0.0481     CD =  0.10807   =>   CDf =  0.00455    CDp =  0.10352

 Side 1  free  transition at x/c =  0.1317   54
 Side 2 forced transition at x/c =  1.0000   58

   3   rms: 0.1116E-01   max: 0.7381E-01   D at   70  1
       a = 20.250      CL =  1.6038
      Cm = -0.0480     CD =  0.10780   =>   CDf =  0.00451    CDp =  0.10329

 Side 1  free  transition at x/c =  0.1326   54
 Side 2 forced transition at x/c =  1.0000   58

   4   rms: 0.8004E-03   max: -.8609E-02   C at   58  2
       a = 20.250      CL =  1.6035
      Cm = -0.0479     CD =  0.10743   =>   CDf =  0.00447    CDp =  0.10296

 Side 1  free  transition at x/c =  0.1327   54
 Side 2 forced transition at x/c =  1.0000   58

   5   rms: 0.3624E-04   max: -.2067E-03   C at   58  2
       a = 20.250      CL =  1.6035
      Cm = -0.0479     CD =  0.10741   =>   CDf =  0.00447    CDp =  0.10295
 plradd ia,ip,cpol           13           0 -5.43478527E-04

 Point added to stored polar  1
 Point written to save file  goe628_Re400k.ext.pol                           
 Dump file unspecified or not available
 Calculating wake trajectory ...
 Calculating source influence matrix ...

 Solving BL system ...

 Side 1  free  transition at x/c =  0.1327   54
 Side 2 forced transition at x/c =  1.0000   58

   1   rms: 0.6079E-01   max: 0.3385E+00   D at   68  1   RLX: 0.317
       a = 20.750      CL =  1.5982
      Cm = -0.0490     CD =  0.11105   =>   CDf =  0.00448    CDp =  0.10657

 Side 1  free  transition at x/c =  0.1300   54
 Side 2 forced transition at x/c =  1.0000   58

   2   rms: 0.4482E-01   max: 0.2575E+00   D at   69  1
       a = 20.750      CL =  1.5829
      Cm = -0.0514     CD =  0.11914   =>   CDf =  0.00449    CDp =  0.11465

 Side 1  free  transition at x/c =  0.1253   53
 Side 2 forced transition at x/c =  1.0000   58

   3   rms: 0.9421E-02   max: -.9997E-01   D at   53  1
       a = 20.750      CL =  1.5824
      Cm = -0.0508     CD =  0.11680   =>   CDf =  0.00438    CDp =  0.11242

 Side 1  free  transition at x/c =  0.1253   53
 Side 2 forced transition at x/c =  1.0000   58

   4   rms: 0.8593E-03   max: 0.6864E-02   C at   53  1
       a = 20.750      CL =  1.5828
      Cm = -0.0508     CD =  0.11657   =>   CDf =  0.00435    CDp =  0.11221

 Side 1  free  transition at x/c =  0.1252   53
 Side 2 forced transition at x/c =  1.0000   58

   5   rms: 0.1193E-03   max: 0.9484E-03   C at   58  2
       a = 20.750      CL =  1.5828
      Cm = -0.0508     CD =  0.11660   =>   CDf =  0.00436    CDp =  0.11224

 Side 1  free  transition at x/c =  0.1252   53
 Side 2 forced transition at x/c =  1.0000   58

   6   rms: 0.8114E-05   max: 0.1135E-03   C at   58  2
       a = 20.750      CL =  1.5828
      Cm = -0.0508     CD =  0.11660   =>   CDf =  0.00436    CDp =  0.11225
 plradd ia,ip,cpol           14           0 -5.43478527E-04

 Point added to stored polar  1
 Point written to save file  goe628_Re400k.ext.pol                           
 Dump file unspecified or not available
 Calculating wake trajectory ...
 Calculating source influence matrix ...

 Solving BL system ...

 Side 1  free  transition at x/c =  0.1252   53
 Side 2 forced transition at x/c =  1.0000   58

   1   rms: 0.5935E-01   max: 0.3499E+00   D at   67  1   RLX: 0.302
       a = 21.250      CL =  1.5782
      Cm = -0.0520     CD =  0.12016   =>   CDf =  0.00403    CDp =  0.11613

 Side 1  free  transition at x/c =  0.1226   54
 Side 2 forced transition at x/c =  1.0000   57

   2   rms: 0.4280E-01   max: 0.2697E+00   D at    2  1
       a = 21.250      CL =  1.5691
      Cm = -0.0545     CD =  0.12743   =>   CDf =  0.00433    CDp =  0.12310

 Side 1  free  transition at x/c =  0.1171   53
 Side 2 forced transition at x/c =  1.0000   57

   3   rms: 0.7229E-02   max: -.4748E-01   C at   57  2
       a = 21.250      CL =  1.5637
      Cm = -0.0541     CD =  0.12600   =>   CDf =  0.00435    CDp =  0.12165

 Side 1  free  transition at x/c =  0.1172   54
 Side 2 forced transition at x/c =  1.0000   57

   4   rms: 0.3838E-02   max: -.4930E-01   D at   53  1
       a = 21.250      CL =  1.5622
      Cm = -0.0543     CD =  0.12600   =>   CDf =  0.00437    CDp =  0.12163

 Side 1  free  transition at x/c =  0.1177   54
 Side 2 forced transition at x/c =  1.0000   57

   5   rms: 0.1460E-02   max: -.9749E-02   D at   68  1
       a = 21.250      CL =  1.5630
      Cm = -0.0541     CD =  0.12571   =>   CDf =  0.00431    CDp =  0.12140

 Side 1  free  transition at x/c =  0.1176   54
 Side 2 forced transition at x/c =  1.0000   57

   6   rms: 0.2106E-03   max: 0.1090E-02   C at   57  2
       a = 21.250      CL =  1.5632
      Cm = -0.0541     CD =  0.12574   =>   CDf =  0.00432    CDp =  0.12142

 Side 1  free  transition at x/c =  0.1176   54
 Side 2 forced transition at x/c =  1.0000   57

   7   rms: 0.2306E-04   max: 0.2211E-03   C at   57  2
       a = 21.250      CL =  1.5632
      Cm = -0.0541     CD =  0.12575   =>   CDf =  0.00432    CDp =  0.12143
 plradd ia,ip,cpol           15           0 -5.43478527E-04

 Point added to stored polar  1
 Point written to save file  goe628_Re400k.ext.pol                           
 Dump file unspecified or not available
 Calculating wake trajectory ...
 Calculating source influence matrix ...

 Solving BL system ...

 Side 1  free  transition at x/c =  0.1176   54
 Side 2 forced transition at x/c =  1.0000   57

   1   rms: 0.5233E-01   max: 0.2497E+00   D at   67  1   RLX: 0.291
       a = 21.750      CL =  1.5610
      Cm = -0.0551     CD =  0.12862   =>   CDf =  0.00433    CDp =  0.12428

 Side 1  free  transition at x/c =  0.1155   53
 Side 2 forced transition at x/c =  1.0000   57

   2   rms: 0.4169E-01   max: 0.2466E+00   D at   67  1
       a = 21.750      CL =  1.5539
      Cm = -0.0581     CD =  0.13651   =>   CDf =  0.00430    CDp =  0.13221

 Side 1  free  transition at x/c =  0.1101   53
 Side 2 forced transition at x/c =  1.0000   57

   3   rms: 0.8707E-02   max: 0.5930E-01   D at   67  1
       a = 21.750      CL =  1.5479
      Cm = -0.0579     CD =  0.13501   =>   CDf =  0.00418    CDp =  0.13083

 Side 1  free  transition at x/c =  0.1107   53
 Side 2 forced transition at x/c =  1.0000   57

   4   rms: 0.6403E-03   max: -.5504E-02   C at   57  2
       a = 21.750      CL =  1.5480
      Cm = -0.0578     CD =  0.13451   =>   CDf =  0.00415    CDp =  0.13035

 Side 1  free  transition at x/c =  0.1107   53
 Side 2 forced transition at x/c =  1.0000   57

   5   rms: 0.5988E-04   max: 0.2118E-03   C at   57  2
       a = 21.750      CL =  1.5480
      Cm = -0.0578     CD =  0.13450   =>   CDf =  0.00415    CDp =  0.13035
 plradd ia,ip,cpol           16           0 -5.43478527E-04

 Point added to stored polar  1
 Point written to save file  goe628_Re400k.ext.pol                           
 Dump file unspecified or not available
 Calculating wake trajectory ...
 Calculating source influence matrix ...

 Solving BL system ...

 Side 1  free  transition at x/c =  0.1107   53
 Side 2 forced transition at x/c =  1.0000   57

   1   rms: 0.5408E-01   max: 0.2983E+00   D at   66  1   RLX: 0.279
       a = 22.250      CL =  1.5451
      Cm = -0.0590     CD =  0.13765   =>   CDf =  0.00416    CDp =  0.13349

 Side 1  free  transition at x/c =  0.1085   53
 Side 2 forced transition at x/c =  1.0000   57

   2   rms: 0.3886E-01   max: 0.2054E+00   D at   65  1
       a = 22.250      CL =  1.5383
      Cm = -0.0620     CD =  0.14514   =>   CDf =  0.00417    CDp =  0.14097

 Side 1  free  transition at x/c =  0.1037   52
 Side 2 forced transition at x/c =  1.0000   57

   3   rms: 0.9936E-02   max: -.7372E-01   D at   52  1
       a = 22.250      CL =  1.5333
      Cm = -0.0619     CD =  0.14361   =>   CDf =  0.00412    CDp =  0.13949

 Side 1  free  transition at x/c =  0.1038   52
 Side 2 forced transition at x/c =  1.0000   57

   4   rms: 0.1251E-02   max: -.1062E-01   D at   66  1
       a = 22.250      CL =  1.5338
      Cm = -0.0618     CD =  0.14301   =>   CDf =  0.00409    CDp =  0.13892

 Side 1  free  transition at x/c =  0.1038   52
 Side 2 forced transition at x/c =  1.0000   57

   5   rms: 0.1579E-03   max: 0.7073E-03   C at   57  2
       a = 22.250      CL =  1.5339
      Cm = -0.0618     CD =  0.14303   =>   CDf =  0.00409    CDp =  0.13894

 Side 1  free  transition at x/c =  0.1038   52
 Side 2 forced transition at x/c =  1.0000   57

   6   rms: 0.1743E-04   max: 0.1603E-03   C at   57  2
       a = 22.250      CL =  1.5339
      Cm = -0.0618     CD =  0.14304   =>   CDf =  0.00409    CDp =  0.13895
 plradd ia,ip,cpol           17           0 -5.43478527E-04

 Point added to stored polar  1
 Point written to save file  goe628_Re400k.ext.pol                           
 Dump file unspecified or not available

.OPERva   c>  
 Polar accumulation disabled

.OPERv   c>  
 XFOIL   c>  
 XFOIL   c>  