
 ===================================================
  XFOIL Version 6.99
  Copyright (C) 2000   Mark Drela, Harold Youngren

  This software comes with ABSOLUTELY NO WARRANTY,
    subject to the GNU General Public License.

  Caveat computor
 ===================================================

 File  xfoil.def  not found

   QUIT    Exit program

  .OPER    Direct operating point(s)
  .MDES    Complex mapping design routine
  .QDES    Surface speed design routine
  .GDES    Geometry design routine

   SAVE f  Write airfoil to labeled coordinate file
   PSAV f  Write airfoil to plain coordinate file
   ISAV f  Write airfoil to ISES coordinate file
   MSAV f  Write airfoil to MSES coordinate file
   REVE    Reverse written-airfoil node ordering

   LOAD f  Read buffer airfoil from coordinate file
   NACA i  Set NACA 4,5-digit airfoil and buffer airfoil
   INTE    Set buffer airfoil by interpolating two airfoils
   NORM    Buffer airfoil normalization toggle
   XYCM rr Change CM reference location, currently  0.25000 0.00000

   BEND    Display structural properties of current airfoil

   PCOP    Set current-airfoil panel nodes directly from buffer airfoil points
   PANE    Set current-airfoil panel nodes ( 160 ) based on curvature
  .PPAR    Show/change paneling

  .PLOP    Plotting options

   WDEF f  Write  current-settings file
   RDEF f  Reread current-settings file
   NAME s  Specify new airfoil name
   NINC    Increment name version number

   Z       Zoom    | (available in all menus)
   U       Unzoom  | 

 XFOIL   c>  
 Labeled airfoil file.  Name:  ONERA HOR12 AIRFOIL                             

 Number of input coordinate points: 121
 Counterclockwise ordering
 Max thickness =     0.119461  at x =   0.239
 Max camber    =     0.038354  at x =   0.487

  LE  x,y  =  -0.00001   0.00032  |   Chord =   1.00001
  TE  x,y  =   1.00000   0.00000  |

 Current airfoil nodes set from buffer airfoil nodes ( 121 )

 XFOIL   c>  
 XFOIL   c>  
 Blunt trailing edge.  Gap =  0.00904

 Paneling parameters used...
   Number of panel nodes       160
   Panel bunching parameter    1.000
   TE/LE panel density ratio   0.150
   Refined-area/LE panel density ratio    0.200
   Top    side refined area x/c limits  1.000 1.000
   Bottom side refined area x/c limits  1.000 1.000

 XFOIL   c>  
.OPERi   c>  
 Xtr/c     =  1.0000    top    side
 Xtr/c     =  1.0000    bottom side
 Ncrit     =    9.00   ( 0.070 % turb. level )
 Vacc      =  0.0100

 Klag  =  5.6000     Uxwt  =    1.00
 A     =  6.7000     B     =  0.7500       KCt = 0.01485
 CtiniK=  1.8000     CtiniX=  3.3000

..VPAR   c>  
..VPAR   c>  
.OPERi   c>  
 M  =    0.0000
 Re =    500000

.OPERv   c>  
.OPERv   c>  
.OPERv   c>  
 Polar  1 newly created for accumulation
 Airfoil archived with polar: ONERA HOR12 AIRFOIL                             

Enter  polar save filename  OR  <return> for no file   s>  
 New polar save file available

Enter  polar dump filename  OR  <return> for no file   s>  
 Polar dump file will NOT be written

 Polar accumulation enabled

.OPERva   c>   Calculating unit vorticity distributions ...
 Calculating wake trajectory ...
 Calculating source influence matrix ...

 Solving BL system ...

 Initializing BL ...
    side            1  ...
 MRCHUE: Inverse mode at  49     Hk =   4.055
 MRCHUE: Inverse mode at  50     Hk =   4.734
 MRCHUE: Inverse mode at  51     Hk =   5.400
 MRCHUE: Inverse mode at  52     Hk =   6.056
 MRCHUE: Inverse mode at  53     Hk =   6.703
 MRCHUE: Inverse mode at  54     Hk =   7.344
 MRCHUE: Inverse mode at  55     Hk =   7.982
 MRCHUE: Inverse mode at  56     Hk =   7.526
 MRCHUE: Inverse mode at  57     Hk =   4.821
 MRCHUE: Inverse mode at  58     Hk =   3.188
    side            2  ...
 MRCHUE: Inverse mode at  20     Hk =   3.810
 MRCHUE: Inverse mode at  21     Hk =   4.937
 MRCHUE: Inverse mode at  22     Hk =   6.072
 MRCHUE: Inverse mode at  23     Hk =   7.248
 MRCHUE: Inverse mode at  24     Hk =   8.504
 MRCHUE: Inverse mode at  25     Hk =   9.866
 MRCHUE: Inverse mode at  26     Hk =   4.630
 MRCHUE: Inverse mode at  27     Hk =   2.500

 Side 1  free  transition at x/c =  0.6940   56
 Side 2  free  transition at x/c =  0.0602   26

   1   rms: 0.2349E+00   max: -.1924E+01   T at   26  2   RLX: 0.260
       a = -4.000      CL =  0.0145
      Cm = -0.1071     CD =  0.01148   =>   CDf =  0.00707    CDp =  0.00441

 Side 1  free  transition at x/c =  0.7051   57
 Side 2  free  transition at x/c =  0.0656   26

   2   rms: 0.1788E+00   max: -.2028E+01   T at   26  2   RLX: 0.247
       a = -4.000      CL =  0.0136
      Cm = -0.1068     CD =  0.01111   =>   CDf =  0.00700    CDp =  0.00412

 Side 1  free  transition at x/c =  0.7128   57
 Side 2  free  transition at x/c =  0.0765   27

   3   rms: 0.1616E+00   max: -.1894E+01   T at   27  2   RLX: 0.264
       a = -4.000      CL =  0.0100
      Cm = -0.1060     CD =  0.01054   =>   CDf =  0.00705    CDp =  0.00349

 Side 1  free  transition at x/c =  0.7233   58
 Side 2  free  transition at x/c =  0.0930   29

   4   rms: 0.1573E+00   max: -.1170E+01   C at   29  2   RLX: 0.427
       a = -4.000      CL =  0.0094
      Cm = -0.1063     CD =  0.00964   =>   CDf =  0.00685    CDp =  0.00278

 Side 1  free  transition at x/c =  0.7372   59
 Side 2  free  transition at x/c =  0.1303   31

   5   rms: 0.5998E-01   max: -.7534E+00   C at   59  1   RLX: 0.664
       a = -4.000      CL =  0.0060
      Cm = -0.1059     CD =  0.00985   =>   CDf =  0.00659    CDp =  0.00326

 Side 1  free  transition at x/c =  0.7526   60
 Side 2  free  transition at x/c =  0.1272   31

   6   rms: 0.3165E-01   max: -.4229E+00   C at   60  1
       a = -4.000      CL =  0.0063
      Cm = -0.1053     CD =  0.00995   =>   CDf =  0.00653    CDp =  0.00342

 Side 1  free  transition at x/c =  0.7693   61
 Side 2  free  transition at x/c =  0.1233   31

   7   rms: 0.8980E-02   max: -.1471E+00   C at   61  1
       a = -4.000      CL =  0.0062
      Cm = -0.1053     CD =  0.01004   =>   CDf =  0.00645    CDp =  0.00359

 Side 1  free  transition at x/c =  0.7729   61
 Side 2  free  transition at x/c =  0.1235   31

   8   rms: 0.7670E-03   max: -.1295E-01   C at   61  1
       a = -4.000      CL =  0.0061
      Cm = -0.1053     CD =  0.01005   =>   CDf =  0.00641    CDp =  0.00364

 Side 1  free  transition at x/c =  0.7730   61
 Side 2  free  transition at x/c =  0.1235   31

   9   rms: 0.5575E-05   max: 0.9270E-04   C at   61  1
       a = -4.000      CL =  0.0061
      Cm = -0.1053     CD =  0.01005   =>   CDf =  0.00640    CDp =  0.00364
 plradd ia,ip,cpol            1           0  1.68468151E-02

 Point added to stored polar  1
 Point written to save file  hor12_Re500k.base.pol                           
 Dump file unspecified or not available
 Calculating wake trajectory ...
 Calculating source influence matrix ...

 Solving BL system ...

 Side 1  free  transition at x/c =  0.7730   61
 Side 2  free  transition at x/c =  0.1235   31

   1   rms: 0.9286E-01   max: 0.5043E+00   D at   31  2
       a = -3.500      CL =  0.0655
      Cm = -0.1058     CD =  0.00981   =>   CDf =  0.00641    CDp =  0.00340

 Side 1  free  transition at x/c =  0.7462   59
 Side 2  free  transition at x/c =  0.1341   32

   2   rms: 0.4163E-01   max: -.3612E+00   D at   31  2
       a = -3.500      CL =  0.0654
      Cm = -0.1057     CD =  0.00981   =>   CDf =  0.00664    CDp =  0.00317

 Side 1  free  transition at x/c =  0.7494   60
 Side 2  free  transition at x/c =  0.1461   32

   3   rms: 0.1627E-01   max: -.2489E+00   C at   32  2
       a = -3.500      CL =  0.0654
      Cm = -0.1057     CD =  0.00985   =>   CDf =  0.00651    CDp =  0.00334

 Side 1  free  transition at x/c =  0.7483   60
 Side 2  free  transition at x/c =  0.1401   32

   4   rms: 0.1188E-02   max: 0.1988E-01   D at   33  2
       a = -3.500      CL =  0.0653
      Cm = -0.1056     CD =  0.00991   =>   CDf =  0.00651    CDp =  0.00340

 Side 1  free  transition at x/c =  0.7482   60
 Side 2  free  transition at x/c =  0.1401   32

   5   rms: 0.8865E-05   max: -.1560E-03   D at   33  2
       a = -3.500      CL =  0.0653
      Cm = -0.1056     CD =  0.00991   =>   CDf =  0.00651    CDp =  0.00339
 plradd ia,ip,cpol            2           0  1.68468151E-02

 Point added to stored polar  1
 Point written to save file  hor12_Re500k.base.pol                           
 Dump file unspecified or not available
 Calculating wake trajectory ...
 Calculating source influence matrix ...

 Solving BL system ...

 Side 1  free  transition at x/c =  0.7482   60
 Side 2  free  transition at x/c =  0.1401   32

   1   rms: 0.9342E-01   max: 0.4353E+00   D at   32  2
       a = -3.000      CL =  0.1239
      Cm = -0.1059     CD =  0.00983   =>   CDf =  0.00655    CDp =  0.00328

 Side 1  free  transition at x/c =  0.7257   59
 Side 2  free  transition at x/c =  0.1574   32

   2   rms: 0.1549E-01   max: 0.2252E+00   D at   60  1
       a = -3.000      CL =  0.1248
      Cm = -0.1061     CD =  0.00975   =>   CDf =  0.00659    CDp =  0.00316

 Side 1  free  transition at x/c =  0.7252   59
 Side 2  free  transition at x/c =  0.1609   32

   3   rms: 0.1222E-02   max: 0.1831E-01   C at   59  1
       a = -3.000      CL =  0.1248
      Cm = -0.1060     CD =  0.00975   =>   CDf =  0.00656    CDp =  0.00319

 Side 1  free  transition at x/c =  0.7246   59
 Side 2  free  transition at x/c =  0.1609   32

   4   rms: 0.5925E-05   max: -.7728E-04   D at   59  1
       a = -3.000      CL =  0.1248
      Cm = -0.1060     CD =  0.00975   =>   CDf =  0.00657    CDp =  0.00319
 plradd ia,ip,cpol            3           0  1.68468151E-02

 Point added to stored polar  1
 Point written to save file  hor12_Re500k.base.pol                           
 Dump file unspecified or not available
 Calculating wake trajectory ...
 Calculating source influence matrix ...

 Solving BL system ...

 Side 1  free  transition at x/c =  0.7246   59
 Side 2  free  transition at x/c =  0.1609   32

   1   rms: 0.8569E-01   max: -.2909E+00   T at   32  2
       a = -2.500      CL =  0.1843
      Cm = -0.1064     CD =  0.00965   =>   CDf =  0.00660    CDp =  0.00306

 Side 1  free  transition at x/c =  0.7010   59
 Side 2  free  transition at x/c =  0.1839   33

   2   rms: 0.1688E-01   max: -.2425E+00   D at   59  1
       a = -2.500      CL =  0.1844
      Cm = -0.1065     CD =  0.00959   =>   CDf =  0.00666    CDp =  0.00293

 Side 1  free  transition at x/c =  0.7040   59
 Side 2  free  transition at x/c =  0.1867   33

   3   rms: 0.3412E-02   max: 0.5337E-01   C at   59  1
       a = -2.500      CL =  0.1844
      Cm = -0.1065     CD =  0.00961   =>   CDf =  0.00657    CDp =  0.00304

 Side 1  free  transition at x/c =  0.7027   59
 Side 2  free  transition at x/c =  0.1862   33

   4   rms: 0.6902E-04   max: -.1108E-02   D at   61  1
       a = -2.500      CL =  0.1844
      Cm = -0.1065     CD =  0.00962   =>   CDf =  0.00659    CDp =  0.00302
 plradd ia,ip,cpol            4           0  2.05140561E-02

 Point added to stored polar  1
 Point written to save file  hor12_Re500k.base.pol                           
 Dump file unspecified or not available
 Calculating wake trajectory ...
 Calculating source influence matrix ...

 Solving BL system ...

 Side 1  free  transition at x/c =  0.7027   59
 Side 2  free  transition at x/c =  0.1862   33

   1   rms: 0.9662E-01   max: -.6245E+00   C at   33  2   RLX: 0.801
       a = -2.000      CL =  0.2318
      Cm = -0.1068     CD =  0.00953   =>   CDf =  0.00659    CDp =  0.00294

 Side 1  free  transition at x/c =  0.6873   58
 Side 2  free  transition at x/c =  0.2046   34

   2   rms: 0.2498E-01   max: -.2273E+00   C at   34  2
       a = -2.000      CL =  0.2440
      Cm = -0.1069     CD =  0.00951   =>   CDf =  0.00664    CDp =  0.00287

 Side 1  free  transition at x/c =  0.6820   59
 Side 2  free  transition at x/c =  0.2137   34

   3   rms: 0.5740E-02   max: -.5963E-01   C at   34  2
       a = -2.000      CL =  0.2439
      Cm = -0.1069     CD =  0.00953   =>   CDf =  0.00665    CDp =  0.00288

 Side 1  free  transition at x/c =  0.6825   59
 Side 2  free  transition at x/c =  0.2154   34

   4   rms: 0.5811E-03   max: 0.6358E-02   D at    4  1
       a = -2.000      CL =  0.2438
      Cm = -0.1069     CD =  0.00954   =>   CDf =  0.00662    CDp =  0.00291

 Side 1  free  transition at x/c =  0.6825   59
 Side 2  free  transition at x/c =  0.2153   34

   5   rms: 0.1359E-05   max: -.9166E-05   C at   59  1
       a = -2.000      CL =  0.2438
      Cm = -0.1069     CD =  0.00954   =>   CDf =  0.00662    CDp =  0.00291
 plradd ia,ip,cpol            5           0  2.05140561E-02

 Point added to stored polar  1
 Point written to save file  hor12_Re500k.base.pol                           
 Dump file unspecified or not available
 Calculating wake trajectory ...
 Calculating source influence matrix ...

 Solving BL system ...

 Side 1  free  transition at x/c =  0.6825   59
 Side 2  free  transition at x/c =  0.2153   34

   1   rms: 0.1011E+00   max: 0.6253E+00   D at   34  2   RLX: 0.821
       a = -1.500      CL =  0.2922
      Cm = -0.1073     CD =  0.00950   =>   CDf =  0.00663    CDp =  0.00288

 Side 1  free  transition at x/c =  0.6665   58
 Side 2  free  transition at x/c =  0.2343   35

   2   rms: 0.3036E-01   max: -.2876E+00   D at   58  1
       a = -1.500      CL =  0.3034
      Cm = -0.1073     CD =  0.00942   =>   CDf =  0.00665    CDp =  0.00277

 Side 1  free  transition at x/c =  0.6631   57
 Side 2  free  transition at x/c =  0.2435   35

   3   rms: 0.7474E-02   max: -.1226E+00   C at   35  2
       a = -1.500      CL =  0.3034
      Cm = -0.1073     CD =  0.00948   =>   CDf =  0.00667    CDp =  0.00281

 Side 1  free  transition at x/c =  0.6618   57
 Side 2  free  transition at x/c =  0.2457   36

   4   rms: 0.2613E-02   max: -.3610E-01   D at   35  2
       a = -1.500      CL =  0.3034
      Cm = -0.1074     CD =  0.00945   =>   CDf =  0.00664    CDp =  0.00282

 Side 1  free  transition at x/c =  0.6619   57
 Side 2  free  transition at x/c =  0.2460   36

   5   rms: 0.1250E-03   max: 0.1610E-02   C at   36  2
       a = -1.500      CL =  0.3034
      Cm = -0.1074     CD =  0.00945   =>   CDf =  0.00663    CDp =  0.00283

 Side 1  free  transition at x/c =  0.6619   57
 Side 2  free  transition at x/c =  0.2460   36

   6   rms: 0.1082E-05   max: 0.8683E-05   C at   36  2
       a = -1.500      CL =  0.3034
      Cm = -0.1074     CD =  0.00945   =>   CDf =  0.00663    CDp =  0.00283
 plradd ia,ip,cpol            6           0  2.05140561E-02

 Point added to stored polar  1
 Point written to save file  hor12_Re500k.base.pol                           
 Dump file unspecified or not available
 Calculating wake trajectory ...
 Calculating source influence matrix ...

 Solving BL system ...

 Side 1  free  transition at x/c =  0.6619   57
 Side 2  free  transition at x/c =  0.2460   36

   1   rms: 0.1013E+00   max: 0.6593E+00   D at   36  2   RLX: 0.886
       a = -1.000      CL =  0.3567
      Cm = -0.1080     CD =  0.00924   =>   CDf =  0.00662    CDp =  0.00261

 Side 1  free  transition at x/c =  0.6414   57
 Side 2  free  transition at x/c =  0.2677   36

   2   rms: 0.2753E-01   max: -.2975E+00   C at   36  2
       a = -1.000      CL =  0.3630
      Cm = -0.1079     CD =  0.00933   =>   CDf =  0.00669    CDp =  0.00264

 Side 1  free  transition at x/c =  0.6417   57
 Side 2  free  transition at x/c =  0.2776   37

   3   rms: 0.1063E-01   max: -.1308E+00   C at   37  2
       a = -1.000      CL =  0.3630
      Cm = -0.1079     CD =  0.00935   =>   CDf =  0.00662    CDp =  0.00272

 Side 1  free  transition at x/c =  0.6412   57
 Side 2  free  transition at x/c =  0.2811   37

   4   rms: 0.1917E-02   max: 0.3208E-01   C at   37  2
       a = -1.000      CL =  0.3630
      Cm = -0.1079     CD =  0.00935   =>   CDf =  0.00658    CDp =  0.00277

 Side 1  free  transition at x/c =  0.6412   57
 Side 2  free  transition at x/c =  0.2803   37

   5   rms: 0.2022E-04   max: -.4320E-03   D at   38  2
       a = -1.000      CL =  0.3630
      Cm = -0.1079     CD =  0.00935   =>   CDf =  0.00659    CDp =  0.00276
 plradd ia,ip,cpol            7           0  0.22244647    

 Point added to stored polar  1
 Point written to save file  hor12_Re500k.base.pol                           
 Dump file unspecified or not available
 Calculating wake trajectory ...
 Calculating source influence matrix ...

 Solving BL system ...

 Side 1  free  transition at x/c =  0.6412   57
 Side 2  free  transition at x/c =  0.2803   37

   1   rms: 0.1070E+00   max: -.9571E+00   C at   37  2   RLX: 0.522
       a = -0.500      CL =  0.3942
      Cm = -0.1082     CD =  0.00927   =>   CDf =  0.00657    CDp =  0.00270

 Side 1  free  transition at x/c =  0.6301   57
 Side 2  free  transition at x/c =  0.2935   37

   2   rms: 0.7723E-01   max: -.5785E+00   C at   37  2   RLX: 0.864
       a = -0.500      CL =  0.4193
      Cm = -0.1085     CD =  0.00913   =>   CDf =  0.00669    CDp =  0.00244

 Side 1  free  transition at x/c =  0.6205   57
 Side 2  free  transition at x/c =  0.3220   38

   3   rms: 0.1556E-01   max: -.2278E+00   C at   38  2
       a = -0.500      CL =  0.4225
      Cm = -0.1083     CD =  0.00930   =>   CDf =  0.00659    CDp =  0.00271

 Side 1  free  transition at x/c =  0.6207   57
 Side 2  free  transition at x/c =  0.3312   39

   4   rms: 0.4783E-02   max: 0.8678E-01   C at   39  2
       a = -0.500      CL =  0.4225
      Cm = -0.1083     CD =  0.00928   =>   CDf =  0.00650    CDp =  0.00278

 Side 1  free  transition at x/c =  0.6206   57
 Side 2  free  transition at x/c =  0.3286   39

   5   rms: 0.8754E-04   max: -.1475E-02   D at   40  2
       a = -0.500      CL =  0.4225
      Cm = -0.1083     CD =  0.00928   =>   CDf =  0.00651    CDp =  0.00277
 plradd ia,ip,cpol            8           0  0.20747630    

 Point added to stored polar  1
 Point written to save file  hor12_Re500k.base.pol                           
 Dump file unspecified or not available
 Calculating wake trajectory ...
 Calculating source influence matrix ...

 Solving BL system ...

 Side 1  free  transition at x/c =  0.6206   57
 Side 2  free  transition at x/c =  0.3286   39

   1   rms: 0.1175E+00   max: -.1305E+01   C at   39  2   RLX: 0.383
       a =  0.000      CL =  0.4451
      Cm = -0.1085     CD =  0.00926   =>   CDf =  0.00652    CDp =  0.00274

 Side 1  free  transition at x/c =  0.6135   56
 Side 2  free  transition at x/c =  0.3461   40

   2   rms: 0.7378E-01   max: -.8300E+00   C at   40  2   RLX: 0.602
       a =  0.000      CL =  0.4678
      Cm = -0.1088     CD =  0.00921   =>   CDf =  0.00648    CDp =  0.00273

 Side 1  free  transition at x/c =  0.6038   57
 Side 2  free  transition at x/c =  0.3637   40

   3   rms: 0.3945E-01   max: -.5256E+00   C at   40  2   RLX: 0.951
       a =  0.000      CL =  0.4811
      Cm = -0.1088     CD =  0.00925   =>   CDf =  0.00650    CDp =  0.00274

 Side 1  free  transition at x/c =  0.6005   56
 Side 2  free  transition at x/c =  0.3822   41

   4   rms: 0.9802E-02   max: -.1746E+00   C at   41  2
       a =  0.000      CL =  0.4817
      Cm = -0.1088     CD =  0.00927   =>   CDf =  0.00646    CDp =  0.00280

 Side 1  free  transition at x/c =  0.6004   56
 Side 2  free  transition at x/c =  0.3883   41

   5   rms: 0.1566E-02   max: -.2965E-01   C at   41  2
       a =  0.000      CL =  0.4817
      Cm = -0.1087     CD =  0.00927   =>   CDf =  0.00645    CDp =  0.00283

 Side 1  free  transition at x/c =  0.6004   56
 Side 2  free  transition at x/c =  0.3888   41

   6   rms: 0.1449E-04   max: -.2484E-03   D at   43  2
       a =  0.000      CL =  0.4817
      Cm = -0.1087     CD =  0.00927   =>   CDf =  0.00644    CDp =  0.00283
 plradd ia,ip,cpol            9           0  0.20747630    

 Point added to stored polar  1
 Point written to save file  hor12_Re500k.base.pol                           
 Dump file unspecified or not available
 Calculating wake trajectory ...
 Calculating source influence matrix ...

 Solving BL system ...

 Side 1  free  transition at x/c =  0.6004   56
 Side 2  free  transition at x/c =  0.3888   41

   1   rms: 0.8909E-01   max: 0.3436E+00   D at   41  2
       a =  0.500      CL =  0.5414
      Cm = -0.1091     CD =  0.00926   =>   CDf =  0.00644    CDp =  0.00281

 Side 1  free  transition at x/c =  0.5757   55
 Side 2  free  transition at x/c =  0.4360   44

   2   rms: 0.1893E-01   max: -.1753E+00   D at   55  1
       a =  0.500      CL =  0.5408
      Cm = -0.1091     CD =  0.00929   =>   CDf =  0.00649    CDp =  0.00280

 Side 1  free  transition at x/c =  0.5807   55
 Side 2  free  transition at x/c =  0.4393   45

   3   rms: 0.2670E-02   max: -.3324E-01   D at   44  2
       a =  0.500      CL =  0.5408
      Cm = -0.1091     CD =  0.00931   =>   CDf =  0.00638    CDp =  0.00294

 Side 1  free  transition at x/c =  0.5795   55
 Side 2  free  transition at x/c =  0.4383   44

   4   rms: 0.2142E-03   max: 0.2772E-02   D at   45  2
       a =  0.500      CL =  0.5408
      Cm = -0.1091     CD =  0.00931   =>   CDf =  0.00638    CDp =  0.00293

 Side 1  free  transition at x/c =  0.5796   55
 Side 2  free  transition at x/c =  0.4382   44

   5   rms: 0.4487E-05   max: -.5486E-04   D at    4  2
       a =  0.500      CL =  0.5408
      Cm = -0.1091     CD =  0.00931   =>   CDf =  0.00638    CDp =  0.00293
 plradd ia,ip,cpol           10           0  0.19264431    

 Point added to stored polar  1
 Point written to save file  hor12_Re500k.base.pol                           
 Dump file unspecified or not available
 Calculating wake trajectory ...
 Calculating source influence matrix ...

 Solving BL system ...

 Side 1  free  transition at x/c =  0.5796   55
 Side 2  free  transition at x/c =  0.4382   44

   1   rms: 0.8616E-01   max: -.3111E+00   T at   44  2
       a =  1.000      CL =  0.5999
      Cm = -0.1093     CD =  0.00943   =>   CDf =  0.00633    CDp =  0.00311

 MRCHDU: Convergence failed at  46  side 2    Res =  0.2015E+01
 MRCHDU: Convergence failed at  47  side 2    Res =  0.1765E+01
 MRCHDU: Convergence failed at  48  side 2    Res =  0.3186E+01
 MRCHDU: Convergence failed at  49  side 2    Res =  0.6143E+01
 MRCHDU: Convergence failed at  50  side 2    Res =  0.7590E+01
 MRCHDU: Convergence failed at  51  side 2    Res =  0.6853E+01
 MRCHDU: Convergence failed at  52  side 2    Res =  0.5411E+01
 MRCHDU: Convergence failed at  53  side 2    Res =  0.4235E+01
 MRCHDU: Convergence failed at  54  side 2    Res =  0.3099E+01
 MRCHDU: Convergence failed at  55  side 2    Res =  0.2680E+01
 MRCHDU: Convergence failed at  56  side 2    Res =  0.2380E+01
 MRCHDU: Convergence failed at  57  side 2    Res =  0.2126E+01
 MRCHDU: Convergence failed at  58  side 2    Res =  0.1962E+01
 MRCHDU: Convergence failed at  59  side 2    Res =  0.1818E+01
 MRCHDU: Convergence failed at  60  side 2    Res =  0.1708E+01
 MRCHDU: Convergence failed at  61  side 2    Res =  0.1633E+01
 MRCHDU: Convergence failed at  62  side 2    Res =  0.1575E+01
 MRCHDU: Convergence failed at  63  side 2    Res =  0.1543E+01
 MRCHDU: Convergence failed at  64  side 2    Res =  0.1520E+01
 MRCHDU: Convergence failed at  65  side 2    Res =  0.1300E+01
 MRCHDU: Convergence failed at  66  side 2    Res =  0.1321E+01
 MRCHDU: Convergence failed at  67  side 2    Res =  0.1323E+01
 MRCHDU: Convergence failed at  68  side 2    Res =  0.1322E+01
 MRCHDU: Convergence failed at  69  side 2    Res =  0.1310E+01
 MRCHDU: Convergence failed at  70  side 2    Res =  0.1325E+01
 MRCHDU: Convergence failed at  71  side 2    Res =  0.1355E+01
 MRCHDU: Convergence failed at  72  side 2    Res =  0.1337E+01
 MRCHDU: Convergence failed at  73  side 2    Res =  0.1369E+01
 MRCHDU: Convergence failed at  74  side 2    Res =  0.1424E+01
 MRCHDU: Convergence failed at  75  side 2    Res =  0.1178E+01
 Side 1  free  transition at x/c =  0.5567   55
 Side 2  free  transition at x/c =  0.4776   46

   2   rms: 0.1746E+00   max: -.8309E+00   D at   52  2   RLX: 0.602
       a =  1.000      CL =  0.5841
      Cm = -0.1014     CD =  0.00841   =>   CDf =  0.00474    CDp =  0.00367

 Side 1  free  transition at x/c =  0.5582   55
 Side 2  free  transition at x/c =  0.4868   46

   3   rms: 0.2622E-01   max: 0.1534E+00   D at   48  2
       a =  1.000      CL =  0.5997
      Cm = -0.1094     CD =  0.00936   =>   CDf =  0.00644    CDp =  0.00292

 Side 1  free  transition at x/c =  0.5588   55
 Side 2  free  transition at x/c =  0.4744   46

   4   rms: 0.5179E-02   max: -.6909E-01   C at   46  2
       a =  1.000      CL =  0.5997
      Cm = -0.1094     CD =  0.00939   =>   CDf =  0.00637    CDp =  0.00302

 Side 1  free  transition at x/c =  0.5587   55
 Side 2  free  transition at x/c =  0.4762   46

   5   rms: 0.2380E-03   max: -.3724E-02   D at   47  2
       a =  1.000      CL =  0.5997
      Cm = -0.1094     CD =  0.00939   =>   CDf =  0.00635    CDp =  0.00304

 Side 1  free  transition at x/c =  0.5587   55
 Side 2  free  transition at x/c =  0.4761   46

   6   rms: 0.6994E-06   max: -.6368E-05   D at   46  2
       a =  1.000      CL =  0.5997
      Cm = -0.1094     CD =  0.00939   =>   CDf =  0.00635    CDp =  0.00304
 plradd ia,ip,cpol           11           0  0.19264431    

 Point added to stored polar  1
 Point written to save file  hor12_Re500k.base.pol                           
 Dump file unspecified or not available
 Calculating wake trajectory ...
 Calculating source influence matrix ...

 Solving BL system ...

 Side 1  free  transition at x/c =  0.5587   55
 Side 2  free  transition at x/c =  0.4761   46

   1   rms: 0.9619E-01   max: -.5556E+00   C at   46  2   RLX: 0.900
       a =  1.500      CL =  0.6524
      Cm = -0.1096     CD =  0.00946   =>   CDf =  0.00629    CDp =  0.00318

 Side 1  free  transition at x/c =  0.5406   55
 Side 2  free  transition at x/c =  0.4951   46

   2   rms: 0.2811E-01   max: -.2287E+00   T at   46  2
       a =  1.500      CL =  0.6584
      Cm = -0.1096     CD =  0.00949   =>   CDf =  0.00645    CDp =  0.00304

 Side 1  free  transition at x/c =  0.5384   55
 Side 2  free  transition at x/c =  0.5105   47

   3   rms: 0.3711E-02   max: 0.4722E-01   D at   47  2
       a =  1.500      CL =  0.6583
      Cm = -0.1096     CD =  0.00950   =>   CDf =  0.00635    CDp =  0.00315

 Side 1  free  transition at x/c =  0.5383   55
 Side 2  free  transition at x/c =  0.5091   47

   4   rms: 0.3022E-03   max: 0.4645E-02   C at   47  2
       a =  1.500      CL =  0.6583
      Cm = -0.1096     CD =  0.00950   =>   CDf =  0.00636    CDp =  0.00314

 Side 1  free  transition at x/c =  0.5383   55
 Side 2  free  transition at x/c =  0.5090   47

   5   rms: 0.1033E-05   max: -.1195E-04   D at   49  2
       a =  1.500      CL =  0.6583
      Cm = -0.1096     CD =  0.00950   =>   CDf =  0.00636    CDp =  0.00314
 plradd ia,ip,cpol           12           0  0.14902030    

 Point added to stored polar  1
 Point written to save file  hor12_Re500k.base.pol                           
 Dump file unspecified or not available
 Calculating wake trajectory ...
 Calculating source influence matrix ...

 Solving BL system ...

 Side 1  free  transition at x/c =  0.5383   55
 Side 2  free  transition at x/c =  0.5090   47

   1   rms: 0.9463E-01   max: -.5374E+00   C at   47  2   RLX: 0.930
       a =  2.000      CL =  0.7123
      Cm = -0.1098     CD =  0.00967   =>   CDf =  0.00628    CDp =  0.00339

 Side 1  free  transition at x/c =  0.5207   55
 Side 2  free  transition at x/c =  0.5322   47

   2   rms: 0.2707E-01   max: -.3095E+00   D at   55  1
       a =  2.000      CL =  0.7169
      Cm = -0.1099     CD =  0.00958   =>   CDf =  0.00640    CDp =  0.00318

 Side 1  free  transition at x/c =  0.5196   54
 Side 2  free  transition at x/c =  0.5441   48

   3   rms: 0.4127E-02   max: -.6923E-01   D at   47  2
       a =  2.000      CL =  0.7169
      Cm = -0.1099     CD =  0.00959   =>   CDf =  0.00632    CDp =  0.00327

 Side 1  free  transition at x/c =  0.5182   54
 Side 2  free  transition at x/c =  0.5443   48

   4   rms: 0.2577E-03   max: 0.4467E-02   C at   48  2
       a =  2.000      CL =  0.7169
      Cm = -0.1099     CD =  0.00959   =>   CDf =  0.00632    CDp =  0.00328

 Side 1  free  transition at x/c =  0.5182   54
 Side 2  free  transition at x/c =  0.5442   48

   5   rms: 0.1170E-05   max: 0.6481E-05   D at    4  1
       a =  2.000      CL =  0.7169
      Cm = -0.1099     CD =  0.00959   =>   CDf =  0.00632    CDp =  0.00328
 plradd ia,ip,cpol           13           0  0.14902030    

 Point added to stored polar  1
 Point written to save file  hor12_Re500k.base.pol                           
 Dump file unspecified or not available
 Calculating wake trajectory ...
 Calculating source influence matrix ...

 Solving BL system ...

 Side 1  free  transition at x/c =  0.5182   54
 Side 2  free  transition at x/c =  0.5442   48

   1   rms: 0.9289E-01   max: -.7495E+00   C at   48  2   RLX: 0.667
       a =  2.500      CL =  0.7562
      Cm = -0.1102     CD =  0.00959   =>   CDf =  0.00632    CDp =  0.00327

 Side 1  free  transition at x/c =  0.5020   53
 Side 2  free  transition at x/c =  0.5646   49

   2   rms: 0.3850E-01   max: -.4745E+00   C at   49  2
       a =  2.500      CL =  0.7754
      Cm = -0.1102     CD =  0.00966   =>   CDf =  0.00627    CDp =  0.00339

 Side 1  free  transition at x/c =  0.4969   54
 Side 2  free  transition at x/c =  0.5847   50

   3   rms: 0.2366E-01   max: -.3782E+00   C at   50  2
       a =  2.500      CL =  0.7753
      Cm = -0.1103     CD =  0.00962   =>   CDf =  0.00629    CDp =  0.00333

 Side 1  free  transition at x/c =  0.4973   54
 Side 2  free  transition at x/c =  0.5974   50

   4   rms: 0.3768E-02   max: 0.6770E-01   C at   50  2
       a =  2.500      CL =  0.7753
      Cm = -0.1103     CD =  0.00964   =>   CDf =  0.00618    CDp =  0.00346

 Side 1  free  transition at x/c =  0.4973   54
 Side 2  free  transition at x/c =  0.5948   50

   5   rms: 0.1180E-03   max: -.2298E-02   C at   50  2
       a =  2.500      CL =  0.7753
      Cm = -0.1103     CD =  0.00964   =>   CDf =  0.00619    CDp =  0.00345

 Side 1  free  transition at x/c =  0.4973   54
 Side 2  free  transition at x/c =  0.5948   50

   6   rms: 0.1964E-05   max: 0.3132E-04   C at   50  2
       a =  2.500      CL =  0.7753
      Cm = -0.1103     CD =  0.00964   =>   CDf =  0.00619    CDp =  0.00345
 plradd ia,ip,cpol           14           0  0.13491000    

 Point added to stored polar  1
 Point written to save file  hor12_Re500k.base.pol                           
 Dump file unspecified or not available
 Calculating wake trajectory ...
 Calculating source influence matrix ...

 Solving BL system ...

 Side 1  free  transition at x/c =  0.4973   54
 Side 2  free  transition at x/c =  0.5948   50

   1   rms: 0.1269E+00   max: -.1876E+01   C at   50  2   RLX: 0.267
       a =  3.000      CL =  0.7909
      Cm = -0.1103     CD =  0.00964   =>   CDf =  0.00619    CDp =  0.00345

 Side 1  free  transition at x/c =  0.4912   54
 Side 2  free  transition at x/c =  0.6123   51

   2   rms: 0.1245E+00   max: -.2115E+01   C at   51  2   RLX: 0.236
       a =  3.000      CL =  0.8009
      Cm = -0.1104     CD =  0.00969   =>   CDf =  0.00617    CDp =  0.00352

 Side 1  free  transition at x/c =  0.4879   53
 Side 2  free  transition at x/c =  0.6242   52

   3   rms: 0.1218E+00   max: -.2212E+01   C at   52  2   RLX: 0.226
       a =  3.000      CL =  0.8087
      Cm = -0.1106     CD =  0.00967   =>   CDf =  0.00617    CDp =  0.00350

 Side 1  free  transition at x/c =  0.4852   53
 Side 2  free  transition at x/c =  0.6342   53

   4   rms: 0.1074E+00   max: -.1912E+01   C at   53  2   RLX: 0.262
       a =  3.000      CL =  0.8155
      Cm = -0.1108     CD =  0.00966   =>   CDf =  0.00615    CDp =  0.00351

 Side 1  free  transition at x/c =  0.4826   53
 Side 2  free  transition at x/c =  0.6484   53

   5   rms: 0.9225E-01   max: -.1732E+01   C at   53  2   RLX: 0.289
       a =  3.000      CL =  0.8210
      Cm = -0.1108     CD =  0.00966   =>   CDf =  0.00609    CDp =  0.00357

 Side 1  free  transition at x/c =  0.4806   53
 Side 2  free  transition at x/c =  0.6687   55

   6   rms: 0.1337E+00   max: -.2563E+01   C at   55  2   RLX: 0.195
       a =  3.000      CL =  0.8235
      Cm = -0.1108     CD =  0.00960   =>   CDf =  0.00601    CDp =  0.00359

 Side 1  free  transition at x/c =  0.4796   53
 Side 2  free  transition at x/c =  0.6816   56

   7   rms: 0.1335E+00   max: -.2558E+01   C at   56  2   RLX: 0.195
       a =  3.000      CL =  0.8255
      Cm = -0.1109     CD =  0.00957   =>   CDf =  0.00596    CDp =  0.00361

 Side 1  free  transition at x/c =  0.4789   53
 Side 2  free  transition at x/c =  0.6993   57

   8   rms: 0.1552E+00   max: -.2930E+01   C at   57  2   RLX: 0.171
       a =  3.000      CL =  0.8267
      Cm = -0.1108     CD =  0.00953   =>   CDf =  0.00589    CDp =  0.00363

 Side 1  free  transition at x/c =  0.4784   53
 Side 2  free  transition at x/c =  0.7188   58

   9   rms: 0.1553E+00   max: -.2883E+01   C at   58  2   RLX: 0.173
       a =  3.000      CL =  0.8275
      Cm = -0.1107     CD =  0.00949   =>   CDf =  0.00584    CDp =  0.00365

 Side 1  free  transition at x/c =  0.4780   53
 Side 2  free  transition at x/c =  0.7394   59

  10   rms: 0.1372E+00   max: -.2494E+01   C at   59  2   RLX: 0.200
       a =  3.000      CL =  0.8283
      Cm = -0.1106     CD =  0.00944   =>   CDf =  0.00578    CDp =  0.00366

 Side 1  free  transition at x/c =  0.4776   53
 Side 2  free  transition at x/c =  0.7619   60

  11   rms: 0.9986E-01   max: -.1781E+01   C at   60  2   RLX: 0.281
       a =  3.000      CL =  0.8290
      Cm = -0.1104     CD =  0.00940   =>   CDf =  0.00573    CDp =  0.00367

 Side 1  free  transition at x/c =  0.4772   53
 Side 2  free  transition at x/c =  0.7920   62

  12   rms: 0.6898E-01   max: -.1235E+01   C at   62  2   RLX: 0.405
       a =  3.000      CL =  0.8292
      Cm = -0.1101     CD =  0.00933   =>   CDf =  0.00565    CDp =  0.00367

 Side 1  free  transition at x/c =  0.4768   53
 Side 2  free  transition at x/c =  0.8213   64

  13   rms: 0.4762E-01   max: -.8463E+00   C at   64  2   RLX: 0.591
       a =  3.000      CL =  0.8288
      Cm = -0.1096     CD =  0.00924   =>   CDf =  0.00557    CDp =  0.00367

 Side 1  free  transition at x/c =  0.4766   53
 Side 2  free  transition at x/c =  0.8493   66

  14   rms: 0.2928E-01   max: -.5154E+00   C at   66  2   RLX: 0.970
       a =  3.000      CL =  0.8272
      Cm = -0.1090     CD =  0.00915   =>   CDf =  0.00550    CDp =  0.00365

 Side 1  free  transition at x/c =  0.4766   53
 Side 2  free  transition at x/c =  0.8522   66

  15   rms: 0.1702E-01   max: -.2960E+00   C at   66  2
       a =  3.000      CL =  0.8276
      Cm = -0.1091     CD =  0.00917   =>   CDf =  0.00549    CDp =  0.00368

 Side 1  free  transition at x/c =  0.4765   53
 Side 2  free  transition at x/c =  0.8728   67

  16   rms: 0.1063E-01   max: 0.1758E+00   C at   67  2
       a =  3.000      CL =  0.8274
      Cm = -0.1091     CD =  0.00916   =>   CDf =  0.00545    CDp =  0.00371

 Side 1  free  transition at x/c =  0.4765   53
 Side 2  free  transition at x/c =  0.8665   67

  17   rms: 0.6323E-04   max: -.8464E-03   D at   71  2
       a =  3.000      CL =  0.8273
      Cm = -0.1090     CD =  0.00916   =>   CDf =  0.00546    CDp =  0.00370
 plradd ia,ip,cpol           15           0  0.13491000    

 Point added to stored polar  1
 Point written to save file  hor12_Re500k.base.pol                           
 Dump file unspecified or not available
 Calculating wake trajectory ...
 Calculating source influence matrix ...

 Solving BL system ...

 Side 1  free  transition at x/c =  0.4765   53
 Side 2  free  transition at x/c =  0.8664   67

   1   rms: 0.1499E+01   max: -.2585E+02   C at   67  2   RLX: 0.019
       a =  3.500      CL =  0.8270
      Cm = -0.1087     CD =  0.00910   =>   CDf =  0.00546    CDp =  0.00364

 Side 1  free  transition at x/c =  0.4763   53
 Side 2  free  transition at x/c =  0.8899   68

   2   rms: 0.2413E+01   max: -.3905E+02   C at   68  2   RLX: 0.013
       a =  3.500      CL =  0.8265
      Cm = -0.1084     CD =  0.00905   =>   CDf =  0.00542    CDp =  0.00363

 Side 1  free  transition at x/c =  0.4761   53
 Side 2  free  transition at x/c =  0.9140   70

   3   rms: 0.3510E+01   max: -.5614E+02   C at   70  2   RLX: 0.009
       a =  3.500      CL =  0.8261
      Cm = -0.1082     CD =  0.00900   =>   CDf =  0.00539    CDp =  0.00361

 Side 1  free  transition at x/c =  0.4760   53
 Side 2  free  transition at x/c =  0.9363   71

   4   rms: 0.5985E+01   max: -.8976E+02   C at   71  2   RLX: 0.006
       a =  3.500      CL =  0.8262
      Cm = -0.1081     CD =  0.00898   =>   CDf =  0.00538    CDp =  0.00360

 Side 1  free  transition at x/c =  0.4760   53
 Side 2  free  transition at x/c =  0.9568   73

   5   rms: 0.1654E+02   max: -.2473E+03   C at   73  2   RLX: 0.002
       a =  3.500      CL =  0.8264
      Cm = -0.1082     CD =  0.00896   =>   CDf =  0.00537    CDp =  0.00359

 Side 1  free  transition at x/c =  0.4759   53
 Side 2  free  transition at x/c =  0.9655   73

   6   rms: 0.1814E+02   max: -.2621E+03   C at   73  2   RLX: 0.002
       a =  3.500      CL =  0.8264
      Cm = -0.1082     CD =  0.00896   =>   CDf =  0.00537    CDp =  0.00359

 Side 1  free  transition at x/c =  0.4759   53
 Side 2  free  transition at x/c =  0.9729   74

   7   rms: 0.1518E+02   max: -.2456E+03   C at   74  2   RLX: 0.002
       a =  3.500      CL =  0.8265
      Cm = -0.1082     CD =  0.00895   =>   CDf =  0.00537    CDp =  0.00358

 Side 1  free  transition at x/c =  0.4758   53
 Side 2  free  transition at x/c =  0.9827   75

   8   rms: 0.1594E+02   max: -.3084E+03   C at   75  2   RLX: 0.002
       a =  3.500      CL =  0.8266
      Cm = -0.1082     CD =  0.00895   =>   CDf =  0.00537    CDp =  0.00358

 Side 1  free  transition at x/c =  0.4758   53
 Side 2  free  transition at x/c =  0.9918   75

   9   rms: 0.1816E+02   max: -.3505E+03   C at   75  2   RLX: 0.001
       a =  3.500      CL =  0.8267
      Cm = -0.1082     CD =  0.00895   =>   CDf =  0.00537    CDp =  0.00358

 Side 1  free  transition at x/c =  0.4758   53
 Side 2 forced transition at x/c =  0.9995   76

  10   rms: 0.1041E+00   max: -.7934E+00   n at   75  2   RLX: 0.630
       a =  3.500      CL =  0.8615
      Cm = -0.1083     CD =  0.00920   =>   CDf =  0.00528    CDp =  0.00391

 Side 1  free  transition at x/c =  0.4637   53
 Side 2 forced transition at x/c =  0.9995   75

  11   rms: 0.3184E-01   max: -.1802E+00   D at   53  1
       a =  3.500      CL =  0.8824
      Cm = -0.1085     CD =  0.00920   =>   CDf =  0.00544    CDp =  0.00376

 Side 1  free  transition at x/c =  0.4548   52
 Side 2 forced transition at x/c =  0.9995   75

  12   rms: 0.2794E-02   max: -.4421E-01   C at   52  1
       a =  3.500      CL =  0.8821
      Cm = -0.1084     CD =  0.00926   =>   CDf =  0.00551    CDp =  0.00375

 Side 1  free  transition at x/c =  0.4555   52
 Side 2 forced transition at x/c =  0.9995   75

  13   rms: 0.3584E-04   max: -.5574E-03   D at   54  1
       a =  3.500      CL =  0.8821
      Cm = -0.1084     CD =  0.00926   =>   CDf =  0.00550    CDp =  0.00377
 plradd ia,ip,cpol           16           0  0.10756676    

 Point added to stored polar  1
 Point written to save file  hor12_Re500k.base.pol                           
 Dump file unspecified or not available
 Calculating wake trajectory ...
 Calculating source influence matrix ...

 Solving BL system ...

 Side 1  free  transition at x/c =  0.4555   52
 Side 2 forced transition at x/c =  0.9995   75

   1   rms: 0.8617E-01   max: -.1557E+00   n at   73  2
       a =  4.000      CL =  0.9413
      Cm = -0.1088     CD =  0.00941   =>   CDf =  0.00550    CDp =  0.00391

 Side 1  free  transition at x/c =  0.4320   51
 Side 2 forced transition at x/c =  0.9995   75

   2   rms: 0.1454E-01   max: -.1692E+00   D at   51  1
       a =  4.000      CL =  0.9402
      Cm = -0.1087     CD =  0.00955   =>   CDf =  0.00563    CDp =  0.00393

 Side 1  free  transition at x/c =  0.4357   51
 Side 2 forced transition at x/c =  0.9995   75

   3   rms: 0.1675E-02   max: 0.2697E-01   C at   51  1
       a =  4.000      CL =  0.9402
      Cm = -0.1087     CD =  0.00957   =>   CDf =  0.00556    CDp =  0.00401

 Side 1  free  transition at x/c =  0.4349   51
 Side 2 forced transition at x/c =  0.9995   75

   4   rms: 0.1874E-04   max: -.2194E-03   D at   51  1
       a =  4.000      CL =  0.9402
      Cm = -0.1087     CD =  0.00957   =>   CDf =  0.00557    CDp =  0.00400
 plradd ia,ip,cpol           17           0  7.03709424E-02

 Point added to stored polar  1
 Point written to save file  hor12_Re500k.base.pol                           
 Dump file unspecified or not available
 Calculating wake trajectory ...
 Calculating source influence matrix ...

 Solving BL system ...

 Side 1  free  transition at x/c =  0.4349   51
 Side 2 forced transition at x/c =  0.9995   75

   1   rms: 0.8472E-01   max: -.1289E+00   n at   64  2
       a =  4.500      CL =  0.9983
      Cm = -0.1089     CD =  0.00986   =>   CDf =  0.00546    CDp =  0.00440

 Side 1  free  transition at x/c =  0.4111   51
 Side 2 forced transition at x/c =  0.9995   74

   2   rms: 0.2298E-01   max: -.3338E+00   D at   51  1
       a =  4.500      CL =  0.9978
      Cm = -0.1089     CD =  0.00988   =>   CDf =  0.00571    CDp =  0.00417

 Side 1  free  transition at x/c =  0.4158   51
 Side 2 forced transition at x/c =  0.9995   74

   3   rms: 0.5230E-02   max: 0.8570E-01   C at   51  1
       a =  4.500      CL =  0.9977
      Cm = -0.1089     CD =  0.00993   =>   CDf =  0.00562    CDp =  0.00431

 Side 1  free  transition at x/c =  0.4138   51
 Side 2 forced transition at x/c =  0.9995   74

   4   rms: 0.1449E-03   max: -.2156E-02   D at   52  1
       a =  4.500      CL =  0.9977
      Cm = -0.1089     CD =  0.00993   =>   CDf =  0.00565    CDp =  0.00429

 Side 1  free  transition at x/c =  0.4138   51
 Side 2 forced transition at x/c =  0.9995   74

   5   rms: 0.1067E-05   max: 0.5216E-05   C at   51  1
       a =  4.500      CL =  0.9977
      Cm = -0.1089     CD =  0.00993   =>   CDf =  0.00565    CDp =  0.00429
 plradd ia,ip,cpol           18           0  1.55350780E-02

 Point added to stored polar  1
 Point written to save file  hor12_Re500k.base.pol                           
 Dump file unspecified or not available
 Calculating wake trajectory ...
 Calculating source influence matrix ...

 Solving BL system ...

 Side 1  free  transition at x/c =  0.4138   51
 Side 2 forced transition at x/c =  0.9995   74

   1   rms: 0.8612E-01   max: 0.3635E+00   C at   51  1
       a =  5.000      CL =  1.0546
      Cm = -0.1090     CD =  0.01038   =>   CDf =  0.00553    CDp =  0.00485

 Side 1  free  transition at x/c =  0.3924   50
 Side 2 forced transition at x/c =  0.9995   73

   2   rms: 0.1202E-01   max: 0.2157E+00   D at   51  1
       a =  5.000      CL =  1.0544
      Cm = -0.1089     CD =  0.01038   =>   CDf =  0.00576    CDp =  0.00462

 Side 1  free  transition at x/c =  0.3929   51
 Side 2 forced transition at x/c =  0.9995   73

   3   rms: 0.4355E-02   max: -.5423E-01   D at   50  1
       a =  5.000      CL =  1.0546
      Cm = -0.1090     CD =  0.01035   =>   CDf =  0.00577    CDp =  0.00459

 Side 1  free  transition at x/c =  0.3932   51
 Side 2 forced transition at x/c =  0.9995   73

   4   rms: 0.3128E-03   max: -.4095E-02   D at   52  1
       a =  5.000      CL =  1.0545
      Cm = -0.1090     CD =  0.01036   =>   CDf =  0.00573    CDp =  0.00462

 Side 1  free  transition at x/c =  0.3931   51
 Side 2 forced transition at x/c =  0.9995   73

   5   rms: 0.1924E-05   max: -.2596E-04   D at   52  1
       a =  5.000      CL =  1.0545
      Cm = -0.1090     CD =  0.01036   =>   CDf =  0.00574    CDp =  0.00462
 plradd ia,ip,cpol           19           0  1.55350780E-02

 Point added to stored polar  1
 Point written to save file  hor12_Re500k.base.pol                           
 Dump file unspecified or not available
 Calculating wake trajectory ...
 Calculating source influence matrix ...

 Solving BL system ...

 Side 1  free  transition at x/c =  0.3931   51
 Side 2 forced transition at x/c =  0.9995   73

   1   rms: 0.9118E-01   max: -.5062E+00   D at   51  1   RLX: 0.988
       a =  5.500      CL =  1.1092
      Cm = -0.1089     CD =  0.01103   =>   CDf =  0.00574    CDp =  0.00529

 Side 1  free  transition at x/c =  0.3625   49
 Side 2 forced transition at x/c =  0.9995   73

   2   rms: 0.2823E-01   max: -.4016E+00   D at   49  1
       a =  5.500      CL =  1.1111
      Cm = -0.1090     CD =  0.01076   =>   CDf =  0.00589    CDp =  0.00487

 Side 1  free  transition at x/c =  0.3683   49
 Side 2 forced transition at x/c =  0.9995   73

   3   rms: 0.6802E-02   max: 0.1163E+00   C at   49  1
       a =  5.500      CL =  1.1111
      Cm = -0.1090     CD =  0.01076   =>   CDf =  0.00578    CDp =  0.00499

 Side 1  free  transition at x/c =  0.3657   49
 Side 2 forced transition at x/c =  0.9995   73

   4   rms: 0.2269E-03   max: -.3911E-02   D at   50  1
       a =  5.500      CL =  1.1110
      Cm = -0.1090     CD =  0.01077   =>   CDf =  0.00581    CDp =  0.00496

 Side 1  free  transition at x/c =  0.3657   49
 Side 2 forced transition at x/c =  0.9995   73

   5   rms: 0.1336E-05   max: -.6553E-05   D at   50  1
       a =  5.500      CL =  1.1110
      Cm = -0.1090     CD =  0.01077   =>   CDf =  0.00581    CDp =  0.00496
 plradd ia,ip,cpol           20           0  1.55350780E-02

 Point added to stored polar  1
 Point written to save file  hor12_Re500k.base.pol                           
 Dump file unspecified or not available
 Calculating wake trajectory ...
 Calculating source influence matrix ...

 Solving BL system ...

 Side 1  free  transition at x/c =  0.3657   49
 Side 2 forced transition at x/c =  0.9995   73

   1   rms: 0.8898E-01   max: 0.4865E+00   C at   49  1
       a =  6.000      CL =  1.1666
      Cm = -0.1090     CD =  0.01133   =>   CDf =  0.00566    CDp =  0.00567

 Side 1  free  transition at x/c =  0.3394   48
 Side 2 forced transition at x/c =  0.9995   72

   2   rms: 0.1600E-01   max: 0.2517E+00   D at   49  1
       a =  6.000      CL =  1.1668
      Cm = -0.1090     CD =  0.01126   =>   CDf =  0.00589    CDp =  0.00537

 Side 1  free  transition at x/c =  0.3411   48
 Side 2 forced transition at x/c =  0.9995   72

   3   rms: 0.1777E-02   max: 0.3060E-01   C at   48  1
       a =  6.000      CL =  1.1669
      Cm = -0.1090     CD =  0.01125   =>   CDf =  0.00587    CDp =  0.00538

 Side 1  free  transition at x/c =  0.3403   48
 Side 2 forced transition at x/c =  0.9995   72

   4   rms: 0.1747E-04   max: -.3635E-03   D at   49  1
       a =  6.000      CL =  1.1669
      Cm = -0.1090     CD =  0.01125   =>   CDf =  0.00587    CDp =  0.00537
 plradd ia,ip,cpol           21           0  1.55350780E-02

 Point added to stored polar  1
 Point written to save file  hor12_Re500k.base.pol                           
 Dump file unspecified or not available
 Calculating wake trajectory ...
 Calculating source influence matrix ...

 Solving BL system ...

 Side 1  free  transition at x/c =  0.3403   48
 Side 2 forced transition at x/c =  0.9995   72

   1   rms: 0.8238E-01   max: 0.3903E+00   C at   48  1
       a =  6.500      CL =  1.2230
      Cm = -0.1090     CD =  0.01167   =>   CDf =  0.00572    CDp =  0.00596

 Side 1  free  transition at x/c =  0.3103   47
 Side 2 forced transition at x/c =  0.9995   71

   2   rms: 0.1232E-01   max: 0.2104E+00   D at   48  1
       a =  6.500      CL =  1.2218
      Cm = -0.1089     CD =  0.01182   =>   CDf =  0.00600    CDp =  0.00582

 Side 1  free  transition at x/c =  0.3143   47
 Side 2 forced transition at x/c =  0.9995   71

   3   rms: 0.1045E-02   max: 0.1409E-01   C at   47  1
       a =  6.500      CL =  1.2218
      Cm = -0.1089     CD =  0.01182   =>   CDf =  0.00596    CDp =  0.00586

 Side 1  free  transition at x/c =  0.3137   47
 Side 2 forced transition at x/c =  0.9995   71

   4   rms: 0.9349E-05   max: -.1602E-03   C at   47  1
       a =  6.500      CL =  1.2218
      Cm = -0.1089     CD =  0.01182   =>   CDf =  0.00596    CDp =  0.00585
 plradd ia,ip,cpol           22           0  1.55350780E-02

 Point added to stored polar  1
 Point written to save file  hor12_Re500k.base.pol                           
 Dump file unspecified or not available
 Calculating wake trajectory ...
 Calculating source influence matrix ...

 Solving BL system ...

 Side 1  free  transition at x/c =  0.3137   47
 Side 2 forced transition at x/c =  0.9995   71

   1   rms: 0.7883E-01   max: -.3694E-01   n at   53  2
       a =  7.000      CL =  1.2782
      Cm = -0.1089     CD =  0.01216   =>   CDf =  0.00596    CDp =  0.00619

 Side 1  free  transition at x/c =  0.2825   45
 Side 2 forced transition at x/c =  0.9995   71

   2   rms: 0.8842E-02   max: -.1439E+00   C at   45  1
       a =  7.000      CL =  1.2758
      Cm = -0.1086     CD =  0.01247   =>   CDf =  0.00608    CDp =  0.00638

 Side 1  free  transition at x/c =  0.2877   46
 Side 2 forced transition at x/c =  0.9995   71

   3   rms: 0.1651E-02   max: -.2457E-01   D at   47  1
       a =  7.000      CL =  1.2763
      Cm = -0.1087     CD =  0.01240   =>   CDf =  0.00601    CDp =  0.00639

 Side 1  free  transition at x/c =  0.2869   46
 Side 2 forced transition at x/c =  0.9995   71

   4   rms: 0.2124E-04   max: -.4458E-03   D at   47  1
       a =  7.000      CL =  1.2763
      Cm = -0.1087     CD =  0.01240   =>   CDf =  0.00601    CDp =  0.00638
 plradd ia,ip,cpol           23           0  1.55350780E-02

 Point added to stored polar  1
 Point written to save file  hor12_Re500k.base.pol                           
 Dump file unspecified or not available
 Calculating wake trajectory ...
 Calculating source influence matrix ...

 Solving BL system ...

 Side 1  free  transition at x/c =  0.2869   46
 Side 2 forced transition at x/c =  0.9995   71

   1   rms: 0.9063E-01   max: 0.6832E+00   C at   46  1
       a =  7.500      CL =  1.3292
      Cm = -0.1084     CD =  0.01320   =>   CDf =  0.00583    CDp =  0.00736

 Side 1  free  transition at x/c =  0.2527   45
 Side 2 forced transition at x/c =  0.9995   70

   2   rms: 0.1734E-01   max: 0.2419E+00   D at   46  1
       a =  7.500      CL =  1.3295
      Cm = -0.1084     CD =  0.01309   =>   CDf =  0.00615    CDp =  0.00693

 Side 1  free  transition at x/c =  0.2570   45
 Side 2 forced transition at x/c =  0.9995   70

   3   rms: 0.3589E-02   max: 0.5820E-01   C at   45  1
       a =  7.500      CL =  1.3294
      Cm = -0.1084     CD =  0.01312   =>   CDf =  0.00608    CDp =  0.00703

 Side 1  free  transition at x/c =  0.2557   45
 Side 2 forced transition at x/c =  0.9995   70

   4   rms: 0.9785E-04   max: -.1974E-02   D at   46  1
       a =  7.500      CL =  1.3294
      Cm = -0.1084     CD =  0.01312   =>   CDf =  0.00610    CDp =  0.00702
 plradd ia,ip,cpol           24           0  4.22460493E-03

 Point added to stored polar  1
 Point written to save file  hor12_Re500k.base.pol                           
 Dump file unspecified or not available
 Calculating wake trajectory ...
 Calculating source influence matrix ...

 Solving BL system ...

 Side 1  free  transition at x/c =  0.2557   45
 Side 2 forced transition at x/c =  0.9995   70

   1   rms: 0.9738E-01   max: 0.8982E+00   C at   45  1   RLX: 0.894
       a =  8.000      CL =  1.3749
      Cm = -0.1079     CD =  0.01403   =>   CDf =  0.00610    CDp =  0.00793

 Side 1  free  transition at x/c =  0.2211   42
 Side 2 forced transition at x/c =  0.9995   70

   2   rms: 0.1823E-01   max: 0.1858E+00   D at   44  1
       a =  8.000      CL =  1.3807
      Cm = -0.1078     CD =  0.01401   =>   CDf =  0.00626    CDp =  0.00775

 Side 1  free  transition at x/c =  0.2199   42
 Side 2 forced transition at x/c =  0.9995   70

   3   rms: 0.8511E-03   max: 0.1410E-01   C at   42  1
       a =  8.000      CL =  1.3806
      Cm = -0.1078     CD =  0.01402   =>   CDf =  0.00623    CDp =  0.00779

 Side 1  free  transition at x/c =  0.2196   42
 Side 2 forced transition at x/c =  0.9995   70

   4   rms: 0.3038E-05   max: -.1732E-04   C at   70  2
       a =  8.000      CL =  1.3806
      Cm = -0.1078     CD =  0.01402   =>   CDf =  0.00623    CDp =  0.00779
 plradd ia,ip,cpol           25           0  4.22460493E-03

 Point added to stored polar  1
 Point written to save file  hor12_Re500k.base.pol                           
 Dump file unspecified or not available
 Calculating wake trajectory ...
 Calculating source influence matrix ...

 Solving BL system ...

 Side 1  free  transition at x/c =  0.2196   42
 Side 2 forced transition at x/c =  0.9995   70

   1   rms: 0.9010E-01   max: 0.9575E+00   C at   42  1
       a =  8.500      CL =  1.4322
      Cm = -0.1073     CD =  0.01484   =>   CDf =  0.00604    CDp =  0.00880

 Side 1  free  transition at x/c =  0.1717   40
 Side 2 forced transition at x/c =  0.9995   69

   2   rms: 0.1578E-01   max: -.2218E+00   C at   40  1
       a =  8.500      CL =  1.4289
      Cm = -0.1070     CD =  0.01520   =>   CDf =  0.00647    CDp =  0.00873

 Side 1  free  transition at x/c =  0.1760   40
 Side 2 forced transition at x/c =  0.9995   69

   3   rms: 0.1173E-02   max: 0.2159E-01   C at   40  1
       a =  8.500      CL =  1.4288
      Cm = -0.1069     CD =  0.01522   =>   CDf =  0.00643    CDp =  0.00878

 Side 1  free  transition at x/c =  0.1756   40
 Side 2 forced transition at x/c =  0.9995   69

   4   rms: 0.3170E-05   max: -.4114E-04   D at   42  1
       a =  8.500      CL =  1.4288
      Cm = -0.1069     CD =  0.01522   =>   CDf =  0.00644    CDp =  0.00878
 plradd ia,ip,cpol           26           0  4.22460493E-03

 Point added to stored polar  1
 Point written to save file  hor12_Re500k.base.pol                           
 Dump file unspecified or not available
 Calculating wake trajectory ...
 Calculating source influence matrix ...

 Solving BL system ...

 Side 1  free  transition at x/c =  0.1756   40
 Side 2 forced transition at x/c =  0.9995   69

   1   rms: 0.1019E+00   max: 0.1429E+01   C at   40  1
       a =  9.000      CL =  1.4775
      Cm = -0.1061     CD =  0.01633   =>   CDf =  0.00644    CDp =  0.00989

 Side 1  free  transition at x/c =  0.1196   36
 Side 2 forced transition at x/c =  0.9995   69

   2   rms: 0.1603E-01   max: -.2022E+00   C at   36  1
       a =  9.000      CL =  1.4718
      Cm = -0.1055     CD =  0.01692   =>   CDf =  0.00679    CDp =  0.01013

 Side 1  free  transition at x/c =  0.1187   36
 Side 2 forced transition at x/c =  0.9995   69

   3   rms: 0.1352E-02   max: 0.2888E-01   C at   36  1
       a =  9.000      CL =  1.4715
      Cm = -0.1054     CD =  0.01696   =>   CDf =  0.00678    CDp =  0.01018

 Side 1  free  transition at x/c =  0.1179   36
 Side 2 forced transition at x/c =  0.9995   69

   4   rms: 0.2497E-04   max: -.5600E-03   C at   36  1
       a =  9.000      CL =  1.4715
      Cm = -0.1054     CD =  0.01696   =>   CDf =  0.00678    CDp =  0.01018
 plradd ia,ip,cpol           27           0  4.22460493E-03

 Point added to stored polar  1
 Point written to save file  hor12_Re500k.base.pol                           
 Dump file unspecified or not available
 Calculating wake trajectory ...
 Calculating source influence matrix ...

 Solving BL system ...

 Side 1  free  transition at x/c =  0.1180   36
 Side 2 forced transition at x/c =  0.9995   69

   1   rms: 0.1441E+00   max: 0.2699E+01   C at   36  1   RLX: 0.556
       a =  9.500      CL =  1.4946
      Cm = -0.1045     CD =  0.01797   =>   CDf =  0.00657    CDp =  0.01140

 Side 1  free  transition at x/c =  0.0849   35
 Side 2 forced transition at x/c =  0.9995   68

   2   rms: 0.6398E-01   max: 0.6971E+00   C at   35  1   RLX: 0.863
       a =  9.500      CL =  1.5039
      Cm = -0.1031     CD =  0.01934   =>   CDf =  0.00702    CDp =  0.01232

 Side 1  free  transition at x/c =  0.0700   33
 Side 2 forced transition at x/c =  0.9995   68

   3   rms: 0.1418E-01   max: -.1550E+00   D at   35  1
       a =  9.500      CL =  1.5075
      Cm = -0.1030     CD =  0.01921   =>   CDf =  0.00713    CDp =  0.01208

 Side 1  free  transition at x/c =  0.0672   33
 Side 2 forced transition at x/c =  0.9995   68

   4   rms: 0.5214E-03   max: 0.1752E-02   U at   35  1
       a =  9.500      CL =  1.5074
      Cm = -0.1030     CD =  0.01921   =>   CDf =  0.00713    CDp =  0.01208

 Side 1  free  transition at x/c =  0.0672   33
 Side 2 forced transition at x/c =  0.9995   68

   5   rms: 0.1628E-05   max: 0.2182E-04   C at   33  1
       a =  9.500      CL =  1.5074
      Cm = -0.1030     CD =  0.01921   =>   CDf =  0.00713    CDp =  0.01208
 plradd ia,ip,cpol           28           0  1.05694802E-04

 Point added to stored polar  1
 Point written to save file  hor12_Re500k.base.pol                           
 Dump file unspecified or not available
 Calculating wake trajectory ...
 Calculating source influence matrix ...

 Solving BL system ...

 Side 1  free  transition at x/c =  0.0672   33
 Side 2 forced transition at x/c =  0.9995   68

   1   rms: 0.1045E+00   max: 0.1370E+01   C at   33  1   RLX: 0.932
       a = 10.000      CL =  1.5434
      Cm = -0.1009     CD =  0.02095   =>   CDf =  0.00714    CDp =  0.01381

 Side 1  free  transition at x/c =  0.0532   32
 Side 2 forced transition at x/c =  0.9995   68

   2   rms: 0.3667E-01   max: -.4958E+00   D at   32  1
       a = 10.000      CL =  1.5482
      Cm = -0.1010     CD =  0.02060   =>   CDf =  0.00709    CDp =  0.01351

 Side 1  free  transition at x/c =  0.0543   32
 Side 2 forced transition at x/c =  0.9995   68

   3   rms: 0.7441E-02   max: 0.8114E-01   C at   32  1
       a = 10.000      CL =  1.5449
      Cm = -0.1006     CD =  0.02096   =>   CDf =  0.00717    CDp =  0.01379

 Side 1  free  transition at x/c =  0.0532   32
 Side 2 forced transition at x/c =  0.9995   68

   4   rms: 0.1342E-03   max: -.1404E-02   D at   33  1
       a = 10.000      CL =  1.5448
      Cm = -0.1006     CD =  0.02096   =>   CDf =  0.00718    CDp =  0.01378

 Side 1  free  transition at x/c =  0.0532   32
 Side 2 forced transition at x/c =  0.9995   68

   5   rms: 0.6432E-06   max: -.4938E-05   C at   68  2
       a = 10.000      CL =  1.5448
      Cm = -0.1006     CD =  0.02096   =>   CDf =  0.00718    CDp =  0.01378
 plradd ia,ip,cpol           29           0  1.05694802E-04

 Point added to stored polar  1
 Point written to save file  hor12_Re500k.base.pol                           
 Dump file unspecified or not available

.OPERva   c>  
 Solving BL system ...

 Side 1  free  transition at x/c =  0.0532   32
 Side 2 forced transition at x/c =  0.9995   68

   1   rms: 0.2686E-06   max: -.1286E-05   D at   92  1
       a = 10.000      CL =  1.5448
      Cm = -0.1006     CD =  0.02096   =>   CDf =  0.00718    CDp =  0.01378
 plradd ia,ip,cpol           30         182  1.05694802E-04

 Point added to stored polar  1
 Point written to save file  hor12_Re500k.base.pol                           
 Dump file unspecified or not available
 Calculating wake trajectory ...
 Calculating source influence matrix ...

 Solving BL system ...

 Side 1  free  transition at x/c =  0.0532   32
 Side 2 forced transition at x/c =  0.9995   68

   1   rms: 0.4106E-01   max: -.1889E+00   D at   32  1
       a = 10.250      CL =  1.5624
      Cm = -0.0992     CD =  0.02193   =>   CDf =  0.00690    CDp =  0.01503

 Side 1  free  transition at x/c =  0.0499   32
 Side 2 forced transition at x/c =  0.9995   67

   2   rms: 0.5994E-02   max: -.8354E-01   T at    2  1
       a = 10.250      CL =  1.5614
      Cm = -0.0990     CD =  0.02191   =>   CDf =  0.00715    CDp =  0.01476

 Side 1  free  transition at x/c =  0.0497   32
 Side 2 forced transition at x/c =  0.9995   67

   3   rms: 0.1242E-02   max: -.1499E-01   D at    4  1
       a = 10.250      CL =  1.5614
      Cm = -0.0990     CD =  0.02192   =>   CDf =  0.00716    CDp =  0.01476

 Side 1  free  transition at x/c =  0.0497   32
 Side 2 forced transition at x/c =  0.9995   67

   4   rms: 0.1070E-05   max: -.9030E-05   D at    7  1
       a = 10.250      CL =  1.5614
      Cm = -0.0990     CD =  0.02192   =>   CDf =  0.00716    CDp =  0.01476
 plradd ia,ip,cpol           31           0  1.05694802E-04

 Point added to stored polar  1
 Point written to save file  hor12_Re500k.base.pol                           
 Dump file unspecified or not available
 Calculating wake trajectory ...
 Calculating source influence matrix ...

 Solving BL system ...

 Side 1  free  transition at x/c =  0.0497   32
 Side 2 forced transition at x/c =  0.9995   67

   1   rms: 0.3559E-01   max: 0.1165E+00   T at   32  1
       a = 10.500      CL =  1.5812
      Cm = -0.0979     CD =  0.02258   =>   CDf =  0.00716    CDp =  0.01542

 Side 1  free  transition at x/c =  0.0477   32
 Side 2 forced transition at x/c =  0.9995   67

   2   rms: 0.2524E-02   max: -.2827E-01   D at   32  1
       a = 10.500      CL =  1.5799
      Cm = -0.0978     CD =  0.02261   =>   CDf =  0.00709    CDp =  0.01553

 Side 1  free  transition at x/c =  0.0478   32
 Side 2 forced transition at x/c =  0.9995   67

   3   rms: 0.2044E-04   max: 0.1569E-03   T at   32  1
       a = 10.500      CL =  1.5799
      Cm = -0.0978     CD =  0.02262   =>   CDf =  0.00709    CDp =  0.01553
 plradd ia,ip,cpol           32           0  1.05694802E-04

 Point added to stored polar  1
 Point written to save file  hor12_Re500k.base.pol                           
 Dump file unspecified or not available
 Calculating wake trajectory ...
 Calculating source influence matrix ...

 Solving BL system ...

 Side 1  free  transition at x/c =  0.0478   32
 Side 2 forced transition at x/c =  0.9995   67

   1   rms: 0.3548E-01   max: 0.1181E+00   T at   32  1
       a = 10.750      CL =  1.5978
      Cm = -0.0964     CD =  0.02339   =>   CDf =  0.00709    CDp =  0.01630

 Side 1  free  transition at x/c =  0.0455   32
 Side 2 forced transition at x/c =  0.9995   67

   2   rms: 0.3060E-02   max: -.3027E-01   D at   32  1
       a = 10.750      CL =  1.5960
      Cm = -0.0962     CD =  0.02343   =>   CDf =  0.00704    CDp =  0.01639

 Side 1  free  transition at x/c =  0.0457   32
 Side 2 forced transition at x/c =  0.9995   67

   3   rms: 0.2484E-04   max: 0.1337E-03   C at   67  2
       a = 10.750      CL =  1.5960
      Cm = -0.0962     CD =  0.02343   =>   CDf =  0.00704    CDp =  0.01639
 plradd ia,ip,cpol           33           0  1.05694802E-04

 Point added to stored polar  1
 Point written to save file  hor12_Re500k.base.pol                           
 Dump file unspecified or not available
 Calculating wake trajectory ...
 Calculating source influence matrix ...

 Solving BL system ...

 Side 1  free  transition at x/c =  0.0457   32
 Side 2 forced transition at x/c =  0.9995   67

   1   rms: 0.3579E-01   max: -.1140E+00   D at   32  1
       a = 11.000      CL =  1.6110
      Cm = -0.0945     CD =  0.02435   =>   CDf =  0.00704    CDp =  0.01731

 Side 1  free  transition at x/c =  0.0437   32
 Side 2 forced transition at x/c =  0.9995   67

   2   rms: 0.2757E-02   max: 0.1091E-01   D at   72  2
       a = 11.000      CL =  1.6084
      Cm = -0.0941     CD =  0.02442   =>   CDf =  0.00702    CDp =  0.01740

 Side 1  free  transition at x/c =  0.0437   32
 Side 2 forced transition at x/c =  0.9995   67

   3   rms: 0.2409E-04   max: 0.4075E-03   D at   73  2
       a = 11.000      CL =  1.6084
      Cm = -0.0941     CD =  0.02442   =>   CDf =  0.00702    CDp =  0.01741
 plradd ia,ip,cpol           34           0  1.05694802E-04

 Point added to stored polar  1
 Point written to save file  hor12_Re500k.base.pol                           
 Dump file unspecified or not available
 Calculating wake trajectory ...
 Calculating source influence matrix ...

 Solving BL system ...

 Side 1  free  transition at x/c =  0.0437   32
 Side 2 forced transition at x/c =  0.9995   67

   1   rms: 0.3655E-01   max: 0.9981E-01   T at   32  1
       a = 11.250      CL =  1.6188
      Cm = -0.0918     CD =  0.02560   =>   CDf =  0.00702    CDp =  0.01858

 Side 1  free  transition at x/c =  0.0418   32
 Side 2 forced transition at x/c =  0.9995   67

   2   rms: 0.6093E-02   max: -.3116E-01   D at   32  1
       a = 11.250      CL =  1.6137
      Cm = -0.0912     CD =  0.02579   =>   CDf =  0.00696    CDp =  0.01883

 Side 1  free  transition at x/c =  0.0417   32
 Side 2 forced transition at x/c =  0.9995   67

   3   rms: 0.5129E-03   max: 0.2568E-02   D at   95  1
       a = 11.250      CL =  1.6132
      Cm = -0.0911     CD =  0.02577   =>   CDf =  0.00696    CDp =  0.01881

 Side 1  free  transition at x/c =  0.0418   32
 Side 2 forced transition at x/c =  0.9995   67

   4   rms: 0.5705E-05   max: -.5978E-04   C at   67  2
       a = 11.250      CL =  1.6132
      Cm = -0.0911     CD =  0.02577   =>   CDf =  0.00696    CDp =  0.01881
 plradd ia,ip,cpol           35           0  1.05694802E-04

 Point added to stored polar  1
 Point written to save file  hor12_Re500k.base.pol                           
 Dump file unspecified or not available
 Calculating wake trajectory ...
 Calculating source influence matrix ...

 Solving BL system ...

 Side 1  free  transition at x/c =  0.0417   32
 Side 2 forced transition at x/c =  0.9995   67

   1   rms: 0.3912E-01   max: 0.1269E+00   D at   88  1
       a = 11.500      CL =  1.6114
      Cm = -0.0870     CD =  0.02735   =>   CDf =  0.00662    CDp =  0.02073

 Side 1  free  transition at x/c =  0.0406   32
 Side 2 forced transition at x/c =  0.9995   66

   2   rms: 0.2960E-01   max: 0.3186E+00   D at    2  1
       a = 11.500      CL =  1.6225
      Cm = -0.0885     CD =  0.02657   =>   CDf =  0.00683    CDp =  0.01974

 Side 1  free  transition at x/c =  0.0409   32
 Side 2 forced transition at x/c =  0.9995   66

   3   rms: 0.1775E-02   max: 0.1278E-01   D at   32  1
       a = 11.500      CL =  1.6238
      Cm = -0.0887     CD =  0.02660   =>   CDf =  0.00687    CDp =  0.01973

 Side 1  free  transition at x/c =  0.0409   32
 Side 2 forced transition at x/c =  0.9995   66

   4   rms: 0.3499E-04   max: 0.2601E-03   D at   93  1
       a = 11.500      CL =  1.6238
      Cm = -0.0887     CD =  0.02660   =>   CDf =  0.00687    CDp =  0.01973
 plradd ia,ip,cpol           36           0  1.05694802E-04

 Point added to stored polar  1
 Point written to save file  hor12_Re500k.base.pol                           
 Dump file unspecified or not available
 Calculating wake trajectory ...
 Calculating source influence matrix ...

 Solving BL system ...

 Side 1  free  transition at x/c =  0.0409   32
 Side 2 forced transition at x/c =  0.9995   66

   1   rms: 0.3195E-01   max: 0.9811E-01   T at   32  1
       a = 11.750      CL =  1.6345
      Cm = -0.0866     CD =  0.02758   =>   CDf =  0.00687    CDp =  0.02071

 Side 1  free  transition at x/c =  0.0397   32
 Side 2 forced transition at x/c =  0.9995   66

   2   rms: 0.2633E-02   max: 0.2199E-01   D at   93  1
       a = 11.750      CL =  1.6327
      Cm = -0.0865     CD =  0.02766   =>   CDf =  0.00678    CDp =  0.02088

 Side 1  free  transition at x/c =  0.0398   32
 Side 2 forced transition at x/c =  0.9995   66

   3   rms: 0.9514E-04   max: 0.1339E-02   D at   91  1
       a = 11.750      CL =  1.6326
      Cm = -0.0865     CD =  0.02766   =>   CDf =  0.00678    CDp =  0.02088
 plradd ia,ip,cpol           37           0  1.05694802E-04

 Point added to stored polar  1
 Point written to save file  hor12_Re500k.base.pol                           
 Dump file unspecified or not available
 Calculating wake trajectory ...
 Calculating source influence matrix ...

 Solving BL system ...

 Side 1  free  transition at x/c =  0.0398   32
 Side 2 forced transition at x/c =  0.9995   66

   1   rms: 0.3287E-01   max: 0.9683E-01   T at   32  1
       a = 12.000      CL =  1.6424
      Cm = -0.0845     CD =  0.02885   =>   CDf =  0.00678    CDp =  0.02207

 Side 1  free  transition at x/c =  0.0385   32
 Side 2 forced transition at x/c =  0.9995   66

   2   rms: 0.2565E-02   max: 0.2345E-01   D at   90  1
       a = 12.000      CL =  1.6407
      Cm = -0.0845     CD =  0.02890   =>   CDf =  0.00671    CDp =  0.02220

 Side 1  free  transition at x/c =  0.0385   32
 Side 2 forced transition at x/c =  0.9995   66

   3   rms: 0.8341E-04   max: 0.1268E-02   D at   89  1
       a = 12.000      CL =  1.6407
      Cm = -0.0845     CD =  0.02890   =>   CDf =  0.00670    CDp =  0.02220
 plradd ia,ip,cpol           38           0  1.05694802E-04

 Point added to stored polar  1
 Point written to save file  hor12_Re500k.base.pol                           
 Dump file unspecified or not available
 Calculating wake trajectory ...
 Calculating source influence matrix ...

 Solving BL system ...

 Side 1  free  transition at x/c =  0.0385   32
 Side 2 forced transition at x/c =  0.9995   66

   1   rms: 0.3373E-01   max: 0.9475E-01   T at   32  1
       a = 12.250      CL =  1.6494
      Cm = -0.0827     CD =  0.03030   =>   CDf =  0.00670    CDp =  0.02359

 Side 1  free  transition at x/c =  0.0374   32
 Side 2 forced transition at x/c =  0.9995   66

   2   rms: 0.3019E-02   max: 0.2632E-01   D at   88  1
       a = 12.250      CL =  1.6474
      Cm = -0.0826     CD =  0.03038   =>   CDf =  0.00664    CDp =  0.02374

 Side 1  free  transition at x/c =  0.0374   32
 Side 2 forced transition at x/c =  0.9995   66

   3   rms: 0.9961E-04   max: 0.1720E-02   D at   87  1
       a = 12.250      CL =  1.6473
      Cm = -0.0826     CD =  0.03038   =>   CDf =  0.00663    CDp =  0.02375
 plradd ia,ip,cpol           39           0  1.05694802E-04

 Point added to stored polar  1
 Point written to save file  hor12_Re500k.base.pol                           
 Dump file unspecified or not available
 Calculating wake trajectory ...
 Calculating source influence matrix ...

 Solving BL system ...

 Side 1  free  transition at x/c =  0.0374   32
 Side 2 forced transition at x/c =  0.9995   66

   1   rms: 0.3514E-01   max: 0.1011E+00   D at   85  1
       a = 12.500      CL =  1.6548
      Cm = -0.0811     CD =  0.03205   =>   CDf =  0.00663    CDp =  0.02542

 Side 1  free  transition at x/c =  0.0362   32
 Side 2 forced transition at x/c =  0.9995   66

   2   rms: 0.4276E-02   max: 0.3333E-01   D at   86  1
       a = 12.500      CL =  1.6517
      Cm = -0.0810     CD =  0.03220   =>   CDf =  0.00658    CDp =  0.02562

 Side 1  free  transition at x/c =  0.0363   32
 Side 2 forced transition at x/c =  0.9995   66

   3   rms: 0.2218E-03   max: 0.3078E-02   D at   85  1
       a = 12.500      CL =  1.6516
      Cm = -0.0810     CD =  0.03219   =>   CDf =  0.00657    CDp =  0.02563

 Side 1  free  transition at x/c =  0.0363   32
 Side 2 forced transition at x/c =  0.9995   66

   4   rms: 0.8318E-05   max: -.1087E-03   C at   66  2
       a = 12.500      CL =  1.6516
      Cm = -0.0810     CD =  0.03219   =>   CDf =  0.00657    CDp =  0.02563
 plradd ia,ip,cpol           40           0  1.05694802E-04

 Point added to stored polar  1
 Point written to save file  hor12_Re500k.base.pol                           
 Dump file unspecified or not available
 Calculating wake trajectory ...
 Calculating source influence matrix ...

 Solving BL system ...

 Side 1  free  transition at x/c =  0.0363   32
 Side 2 forced transition at x/c =  0.9995   66

   1   rms: 0.3772E-01   max: 0.1202E+00   D at   83  1
       a = 12.750      CL =  1.6559
      Cm = -0.0797     CD =  0.03436   =>   CDf =  0.00657    CDp =  0.02778

 Side 1  free  transition at x/c =  0.0352   32
 Side 2 forced transition at x/c =  0.9995   66

   2   rms: 0.7354E-02   max: 0.5034E-01   D at   84  1
       a = 12.750      CL =  1.6509
      Cm = -0.0795     CD =  0.03469   =>   CDf =  0.00650    CDp =  0.02818

 Side 1  free  transition at x/c =  0.0352   32
 Side 2 forced transition at x/c =  0.9995   66

   3   rms: 0.3038E-03   max: 0.4831E-02   D at   83  1
       a = 12.750      CL =  1.6507
      Cm = -0.0795     CD =  0.03466   =>   CDf =  0.00649    CDp =  0.02817

 Side 1  free  transition at x/c =  0.0352   32
 Side 2 forced transition at x/c =  0.9995   66

   4   rms: 0.1056E-04   max: -.9221E-04   C at   66  2
       a = 12.750      CL =  1.6507
      Cm = -0.0795     CD =  0.03466   =>   CDf =  0.00649    CDp =  0.02817
 plradd ia,ip,cpol           41           0  1.05694802E-04

 Point added to stored polar  1
 Point written to save file  hor12_Re500k.base.pol                           
 Dump file unspecified or not available
 Calculating wake trajectory ...
 Calculating source influence matrix ...

 Solving BL system ...

 Side 1  free  transition at x/c =  0.0352   32
 Side 2 forced transition at x/c =  0.9995   66

   1   rms: 0.4416E-01   max: 0.1562E+00   D at   81  1
       a = 13.000      CL =  1.6490
      Cm = -0.0784     CD =  0.03774   =>   CDf =  0.00650    CDp =  0.03125

 Side 1  free  transition at x/c =  0.0343   31
 Side 2 forced transition at x/c =  0.9995   66

   2   rms: 0.9018E-02   max: -.8219E-01   D at   31  1
       a = 13.000      CL =  1.6506
      Cm = -0.0784     CD =  0.03721   =>   CDf =  0.00638    CDp =  0.03083

 Side 1  free  transition at x/c =  0.0343   31
 Side 2 forced transition at x/c =  0.9995   66

   3   rms: 0.1025E-02   max: -.4285E-02   D at   82  1
       a = 13.000      CL =  1.6512
      Cm = -0.0784     CD =  0.03718   =>   CDf =  0.00639    CDp =  0.03080

 Side 1  free  transition at x/c =  0.0343   31
 Side 2 forced transition at x/c =  0.9995   66

   4   rms: 0.6737E-04   max: -.3559E-03   D at   77  2
       a = 13.000      CL =  1.6513
      Cm = -0.0784     CD =  0.03719   =>   CDf =  0.00639    CDp =  0.03080
 plradd ia,ip,cpol           42           0  1.05694802E-04

 Point added to stored polar  1
 Point written to save file  hor12_Re500k.base.pol                           
 Dump file unspecified or not available
 Calculating wake trajectory ...
 Calculating source influence matrix ...

 Solving BL system ...

 Side 1  free  transition at x/c =  0.0343   31
 Side 2 forced transition at x/c =  0.9995   66

   1   rms: 0.3355E-01   max: 0.1117E+00   T at   31  1
       a = 13.250      CL =  1.6611
      Cm = -0.0779     CD =  0.03912   =>   CDf =  0.00600    CDp =  0.03312

 Side 1  free  transition at x/c =  0.0335   32
 Side 2 forced transition at x/c =  0.9995   65

   2   rms: 0.4731E-02   max: 0.2918E-01   D at   80  1
       a = 13.250      CL =  1.6577
      Cm = -0.0778     CD =  0.03926   =>   CDf =  0.00628    CDp =  0.03298

 Side 1  free  transition at x/c =  0.0335   32
 Side 2 forced transition at x/c =  0.9995   65

   3   rms: 0.3283E-03   max: -.1793E-02   D at    4  1
       a = 13.250      CL =  1.6575
      Cm = -0.0777     CD =  0.03925   =>   CDf =  0.00628    CDp =  0.03297

 Side 1  free  transition at x/c =  0.0335   32
 Side 2 forced transition at x/c =  0.9995   65

   4   rms: 0.1591E-04   max: -.1078E-03   C at   65  2
       a = 13.250      CL =  1.6575
      Cm = -0.0777     CD =  0.03924   =>   CDf =  0.00627    CDp =  0.03297
 plradd ia,ip,cpol           43           0  1.05694802E-04

 Point added to stored polar  1
 Point written to save file  hor12_Re500k.base.pol                           
 Dump file unspecified or not available
 Calculating wake trajectory ...
 Calculating source influence matrix ...

 Solving BL system ...

 Side 1  free  transition at x/c =  0.0335   32
 Side 2 forced transition at x/c =  0.9995   65

   1   rms: 0.3418E-01   max: 0.1019E+00   D at   78  1
       a = 13.500      CL =  1.6650
      Cm = -0.0773     CD =  0.04156   =>   CDf =  0.00628    CDp =  0.03529

 Side 1  free  transition at x/c =  0.0326   32
 Side 2 forced transition at x/c =  0.9995   65

   2   rms: 0.4754E-02   max: 0.3166E-01   D at   79  1
       a = 13.500      CL =  1.6616
      Cm = -0.0772     CD =  0.04166   =>   CDf =  0.00619    CDp =  0.03547

 Side 1  free  transition at x/c =  0.0327   32
 Side 2 forced transition at x/c =  0.9995   65

   3   rms: 0.1866E-03   max: 0.1809E-02   D at   78  1
       a = 13.500      CL =  1.6615
      Cm = -0.0772     CD =  0.04163   =>   CDf =  0.00618    CDp =  0.03545

 Side 1  free  transition at x/c =  0.0327   32
 Side 2 forced transition at x/c =  0.9995   65

   4   rms: 0.3762E-05   max: 0.2469E-04   D at   77  2
       a = 13.500      CL =  1.6615
      Cm = -0.0772     CD =  0.04163   =>   CDf =  0.00618    CDp =  0.03545
 plradd ia,ip,cpol           44           0  1.05694802E-04

 Point added to stored polar  1
 Point written to save file  hor12_Re500k.base.pol                           
 Dump file unspecified or not available
 Calculating wake trajectory ...
 Calculating source influence matrix ...

 Solving BL system ...

 Side 1  free  transition at x/c =  0.0327   32
 Side 2 forced transition at x/c =  0.9995   65

   1   rms: 0.3442E-01   max: 0.1051E+00   D at   76  1
       a = 13.750      CL =  1.6682
      Cm = -0.0770     CD =  0.04418   =>   CDf =  0.00618    CDp =  0.03800

 Side 1  free  transition at x/c =  0.0317   32
 Side 2 forced transition at x/c =  0.9995   65

   2   rms: 0.5246E-02   max: 0.3519E-01   D at   77  1
       a = 13.750      CL =  1.6644
      Cm = -0.0768     CD =  0.04425   =>   CDf =  0.00610    CDp =  0.03815

 Side 1  free  transition at x/c =  0.0318   32
 Side 2 forced transition at x/c =  0.9995   65

   3   rms: 0.2910E-03   max: 0.3275E-02   D at   77  2
       a = 13.750      CL =  1.6642
      Cm = -0.0768     CD =  0.04422   =>   CDf =  0.00609    CDp =  0.03813

 Side 1  free  transition at x/c =  0.0318   32
 Side 2 forced transition at x/c =  0.9995   65

   4   rms: 0.1197E-04   max: 0.8463E-04   D at   77  2
       a = 13.750      CL =  1.6642
      Cm = -0.0768     CD =  0.04422   =>   CDf =  0.00609    CDp =  0.03813
 plradd ia,ip,cpol           45           0  1.05694802E-04

 Point added to stored polar  1
 Point written to save file  hor12_Re500k.base.pol                           
 Dump file unspecified or not available
 Calculating wake trajectory ...
 Calculating source influence matrix ...

 Solving BL system ...

 Side 1  free  transition at x/c =  0.0318   32
 Side 2 forced transition at x/c =  0.9995   65

   1   rms: 0.3495E-01   max: 0.1129E+00   D at   75  1
       a = 14.000      CL =  1.6691
      Cm = -0.0767     CD =  0.04710   =>   CDf =  0.00609    CDp =  0.04100

 Side 1  free  transition at x/c =  0.0308   32
 Side 2 forced transition at x/c =  0.9995   65

   2   rms: 0.5704E-02   max: 0.3530E-01   D at   75  1
       a = 14.000      CL =  1.6649
      Cm = -0.0765     CD =  0.04717   =>   CDf =  0.00602    CDp =  0.04115

 Side 1  free  transition at x/c =  0.0310   32
 Side 2 forced transition at x/c =  0.9995   65

   3   rms: 0.2636E-03   max: 0.1709E-02   D at   78  2
       a = 14.000      CL =  1.6646
      Cm = -0.0765     CD =  0.04712   =>   CDf =  0.00601    CDp =  0.04112

 Side 1  free  transition at x/c =  0.0310   32
 Side 2 forced transition at x/c =  0.9995   65

   4   rms: 0.6364E-05   max: -.5068E-04   C at   65  2
       a = 14.000      CL =  1.6646
      Cm = -0.0765     CD =  0.04712   =>   CDf =  0.00601    CDp =  0.04112
 plradd ia,ip,cpol           46           0  1.05694802E-04

 Point added to stored polar  1
 Point written to save file  hor12_Re500k.base.pol                           
 Dump file unspecified or not available
 Calculating wake trajectory ...
 Calculating source influence matrix ...

 Solving BL system ...

 Side 1  free  transition at x/c =  0.0310   32
 Side 2 forced transition at x/c =  0.9995   65

   1   rms: 0.3579E-01   max: 0.1222E+00   D at   73  1   RLX: 0.985
       a = 14.250      CL =  1.6673
      Cm = -0.0766     CD =  0.05035   =>   CDf =  0.00601    CDp =  0.04434

 Side 1  free  transition at x/c =  0.0301   32
 Side 2 forced transition at x/c =  0.9995   65

   2   rms: 0.7607E-02   max: 0.4615E-01   D at   74  1
       a = 14.250      CL =  1.6620
      Cm = -0.0764     CD =  0.05060   =>   CDf =  0.00595    CDp =  0.04465

 Side 1  free  transition at x/c =  0.0302   32
 Side 2 forced transition at x/c =  0.9995   65

   3   rms: 0.6320E-03   max: 0.4341E-02   D at   73  1
       a = 14.250      CL =  1.6614
      Cm = -0.0764     CD =  0.05054   =>   CDf =  0.00593    CDp =  0.04461

 Side 1  free  transition at x/c =  0.0302   32
 Side 2 forced transition at x/c =  0.9995   65

   4   rms: 0.3101E-04   max: 0.2005E-03   D at   78  2
       a = 14.250      CL =  1.6614
      Cm = -0.0764     CD =  0.05054   =>   CDf =  0.00593    CDp =  0.04461
 plradd ia,ip,cpol           47           0  1.05694802E-04

 Point added to stored polar  1
 Point written to save file  hor12_Re500k.base.pol                           
 Dump file unspecified or not available
 Calculating wake trajectory ...
 Calculating source influence matrix ...

 Solving BL system ...

 Side 1  free  transition at x/c =  0.0302   32
 Side 2 forced transition at x/c =  0.9995   65

   1   rms: 0.3827E-01   max: 0.1422E+00   D at   71  1   RLX: 0.920
       a = 14.500      CL =  1.6602
      Cm = -0.0766     CD =  0.05424   =>   CDf =  0.00593    CDp =  0.04830

 Side 1  free  transition at x/c =  0.0294   32
 Side 2 forced transition at x/c =  0.9995   65

   2   rms: 0.1010E-01   max: 0.5971E-01   D at   72  1
       a = 14.500      CL =  1.6538
      Cm = -0.0764     CD =  0.05475   =>   CDf =  0.00587    CDp =  0.04888

 Side 1  free  transition at x/c =  0.0294   32
 Side 2 forced transition at x/c =  0.9995   65

   3   rms: 0.1116E-02   max: 0.8951E-02   D at   71  1
       a = 14.500      CL =  1.6530
      Cm = -0.0764     CD =  0.05465   =>   CDf =  0.00585    CDp =  0.04880

 Side 1  free  transition at x/c =  0.0294   32
 Side 2 forced transition at x/c =  0.9995   65

   4   rms: 0.4708E-04   max: 0.3514E-03   D at   78  2
       a = 14.500      CL =  1.6529
      Cm = -0.0764     CD =  0.05464   =>   CDf =  0.00584    CDp =  0.04880
 plradd ia,ip,cpol           48           0  1.05694802E-04

 Point added to stored polar  1
 Point written to save file  hor12_Re500k.base.pol                           
 Dump file unspecified or not available
 Calculating wake trajectory ...
 Calculating source influence matrix ...

 Solving BL system ...

 Side 1  free  transition at x/c =  0.0294   32
 Side 2 forced transition at x/c =  0.9995   65

   1   rms: 0.4222E-01   max: 0.1679E+00   D at   69  1   RLX: 0.853
       a = 14.750      CL =  1.6470
      Cm = -0.0768     CD =  0.05889   =>   CDf =  0.00585    CDp =  0.05304

 Side 1  free  transition at x/c =  0.0287   32
 Side 2 forced transition at x/c =  0.9995   65

   2   rms: 0.1226E-01   max: 0.6875E-01   D at   70  1
       a = 14.750      CL =  1.6394
      Cm = -0.0766     CD =  0.05969   =>   CDf =  0.00577    CDp =  0.05392

 Side 1  free  transition at x/c =  0.0287   31
 Side 2 forced transition at x/c =  0.9995   65

   3   rms: 0.1832E-02   max: 0.1013E-01   D at   69  1
       a = 14.750      CL =  1.6380
      Cm = -0.0765     CD =  0.05960   =>   CDf =  0.00575    CDp =  0.05385

 Side 1  free  transition at x/c =  0.0287   32
 Side 2 forced transition at x/c =  0.9995   65

   4   rms: 0.1077E-02   max: -.6616E-02   D at   31  1
       a = 14.750      CL =  1.6386
      Cm = -0.0764     CD =  0.05948   =>   CDf =  0.00574    CDp =  0.05373

 Side 1  free  transition at x/c =  0.0287   32
 Side 2 forced transition at x/c =  0.9995   65

   5   rms: 0.1110E-03   max: -.4496E-03   D at   79  2
       a = 14.750      CL =  1.6386
      Cm = -0.0764     CD =  0.05949   =>   CDf =  0.00574    CDp =  0.05374

 Side 1  free  transition at x/c =  0.0287   32
 Side 2 forced transition at x/c =  0.9995   65

   6   rms: 0.5044E-05   max: 0.4161E-04   C at   65  2
       a = 14.750      CL =  1.6386
      Cm = -0.0764     CD =  0.05949   =>   CDf =  0.00574    CDp =  0.05374
 plradd ia,ip,cpol           49           0  1.05694802E-04

 Point added to stored polar  1
 Point written to save file  hor12_Re500k.base.pol                           
 Dump file unspecified or not available
 Calculating wake trajectory ...
 Calculating source influence matrix ...

 Solving BL system ...

 Side 1  free  transition at x/c =  0.0287   32
 Side 2 forced transition at x/c =  0.9995   65

   1   rms: 0.4689E-01   max: 0.1881E+00   D at   68  1   RLX: 0.788
       a = 15.000      CL =  1.6285
      Cm = -0.0769     CD =  0.06418   =>   CDf =  0.00575    CDp =  0.05843

 Side 1  free  transition at x/c =  0.0282   31
 Side 2 forced transition at x/c =  0.9995   65

   2   rms: 0.1464E-01   max: -.1446E+00   D at   31  1
       a = 15.000      CL =  1.6354
      Cm = -0.0767     CD =  0.06309   =>   CDf =  0.00564    CDp =  0.05745

 Side 1  free  transition at x/c =  0.0283   31
 Side 2 forced transition at x/c =  0.9995   65

   3   rms: 0.3079E-02   max: -.1259E-01   D at   68  1
       a = 15.000      CL =  1.6375
      Cm = -0.0766     CD =  0.06276   =>   CDf =  0.00562    CDp =  0.05714

 Side 1  free  transition at x/c =  0.0283   31
 Side 2 forced transition at x/c =  0.9995   65

   4   rms: 0.4053E-03   max: -.1901E-02   D at   79  2
       a = 15.000      CL =  1.6378
      Cm = -0.0766     CD =  0.06279   =>   CDf =  0.00562    CDp =  0.05716

 Side 1  free  transition at x/c =  0.0282   31
 Side 2 forced transition at x/c =  0.9995   65

   5   rms: 0.3472E-04   max: -.1599E-03   D at   79  2
       a = 15.000      CL =  1.6378
      Cm = -0.0766     CD =  0.06279   =>   CDf =  0.00562    CDp =  0.05717
 plradd ia,ip,cpol           50           0  1.05694802E-04

 Point added to stored polar  1
 Point written to save file  hor12_Re500k.base.pol                           
 Dump file unspecified or not available
 Calculating wake trajectory ...
 Calculating source influence matrix ...

 Solving BL system ...

 Side 1  free  transition at x/c =  0.0282   31
 Side 2 forced transition at x/c =  0.9995   65

   1   rms: 0.3128E-01   max: 0.1125E+00   T at   31  1   RLX: 0.772
       a = 15.250      CL =  1.6405
      Cm = -0.0770     CD =  0.06556   =>   CDf =  0.00563    CDp =  0.05994

 Side 1  free  transition at x/c =  0.0277   31
 Side 2 forced transition at x/c =  0.9995   65

   2   rms: 0.9608E-02   max: 0.4734E-01   D at   67  1
       a = 15.250      CL =  1.6369
      Cm = -0.0770     CD =  0.06643   =>   CDf =  0.00554    CDp =  0.06090

 Side 1  free  transition at x/c =  0.0276   31
 Side 2 forced transition at x/c =  0.9995   65

   3   rms: 0.1793E-02   max: 0.8458E-02   D at   79  2
       a = 15.250      CL =  1.6355
      Cm = -0.0769     CD =  0.06636   =>   CDf =  0.00550    CDp =  0.06086

 Side 1  free  transition at x/c =  0.0277   31
 Side 2 forced transition at x/c =  0.9995   65

   4   rms: 0.1810E-03   max: 0.8860E-03   D at   79  2
       a = 15.250      CL =  1.6353
      Cm = -0.0769     CD =  0.06634   =>   CDf =  0.00550    CDp =  0.06084

 Side 1  free  transition at x/c =  0.0277   31
 Side 2 forced transition at x/c =  0.9995   65

   5   rms: 0.1553E-04   max: -.9273E-04   C at   65  2
       a = 15.250      CL =  1.6353
      Cm = -0.0769     CD =  0.06634   =>   CDf =  0.00550    CDp =  0.06084
 plradd ia,ip,cpol           51           0  1.05694802E-04

 Point added to stored polar  1
 Point written to save file  hor12_Re500k.base.pol                           
 Dump file unspecified or not available
 Calculating wake trajectory ...
 Calculating source influence matrix ...

 Solving BL system ...

 Side 1  free  transition at x/c =  0.0277   31
 Side 2 forced transition at x/c =  0.9995   65

   1   rms: 0.3129E-01   max: 0.1134E+00   D at   65  1   RLX: 0.735
       a = 15.500      CL =  1.6365
      Cm = -0.0773     CD =  0.06924   =>   CDf =  0.00507    CDp =  0.06417

 Side 1  free  transition at x/c =  0.0271   32
 Side 2 forced transition at x/c =  0.9995   64

   2   rms: 0.1110E-01   max: 0.5506E-01   D at   67  1
       a = 15.500      CL =  1.6330
      Cm = -0.0774     CD =  0.07033   =>   CDf =  0.00542    CDp =  0.06491

 Side 1  free  transition at x/c =  0.0270   32
 Side 2 forced transition at x/c =  0.9995   64

   3   rms: 0.1932E-02   max: 0.8489E-02   D at   79  2
       a = 15.500      CL =  1.6314
      Cm = -0.0773     CD =  0.07022   =>   CDf =  0.00539    CDp =  0.06483

 Side 1  free  transition at x/c =  0.0270   32
 Side 2 forced transition at x/c =  0.9995   64

   4   rms: 0.1706E-03   max: 0.8724E-03   D at   79  2
       a = 15.500      CL =  1.6313
      Cm = -0.0773     CD =  0.07020   =>   CDf =  0.00538    CDp =  0.06481

 Side 1  free  transition at x/c =  0.0270   32
 Side 2 forced transition at x/c =  0.9995   64

   5   rms: 0.1231E-04   max: -.8818E-04   C at   64  2
       a = 15.500      CL =  1.6313
      Cm = -0.0773     CD =  0.07019   =>   CDf =  0.00538    CDp =  0.06481
 plradd ia,ip,cpol           52           0  1.05694802E-04

 Point added to stored polar  1
 Point written to save file  hor12_Re500k.base.pol                           
 Dump file unspecified or not available
 Calculating wake trajectory ...
 Calculating source influence matrix ...

 Solving BL system ...

 Side 1  free  transition at x/c =  0.0270   32
 Side 2 forced transition at x/c =  0.9995   64

   1   rms: 0.3102E-01   max: 0.1144E+00   D at   65  1   RLX: 0.701
       a = 15.750      CL =  1.6320
      Cm = -0.0778     CD =  0.07312   =>   CDf =  0.00539    CDp =  0.06773

 Side 1  free  transition at x/c =  0.0265   32
 Side 2 forced transition at x/c =  0.9995   64

   2   rms: 0.1188E-01   max: 0.6225E-01   D at   66  1
       a = 15.750      CL =  1.6284
      Cm = -0.0780     CD =  0.07444   =>   CDf =  0.00532    CDp =  0.06912

 Side 1  free  transition at x/c =  0.0264   32
 Side 2 forced transition at x/c =  0.9995   64

   3   rms: 0.2058E-02   max: 0.9994E-02   D at   79  2
       a = 15.750      CL =  1.6267
      Cm = -0.0779     CD =  0.07427   =>   CDf =  0.00529    CDp =  0.06899

 Side 1  free  transition at x/c =  0.0264   32
 Side 2 forced transition at x/c =  0.9995   64

   4   rms: 0.1788E-03   max: 0.1026E-02   D at   79  2
       a = 15.750      CL =  1.6265
      Cm = -0.0779     CD =  0.07425   =>   CDf =  0.00528    CDp =  0.06896

 Side 1  free  transition at x/c =  0.0264   32
 Side 2 forced transition at x/c =  0.9995   64

   5   rms: 0.1483E-04   max: -.9842E-04   C at   64  2
       a = 15.750      CL =  1.6265
      Cm = -0.0779     CD =  0.07425   =>   CDf =  0.00528    CDp =  0.06896
 plradd ia,ip,cpol           53           0  1.05694802E-04

 Point added to stored polar  1
 Point written to save file  hor12_Re500k.base.pol                           
 Dump file unspecified or not available
 Calculating wake trajectory ...
 Calculating source influence matrix ...

 Solving BL system ...

 Side 1  free  transition at x/c =  0.0264   32
 Side 2 forced transition at x/c =  0.9995   64

   1   rms: 0.3149E-01   max: 0.1227E+00   D at   64  1   RLX: 0.669
       a = 16.000      CL =  1.6262
      Cm = -0.0786     CD =  0.07733   =>   CDf =  0.00529    CDp =  0.07204

 Side 1  free  transition at x/c =  0.0259   32
 Side 2 forced transition at x/c =  0.9995   64

   2   rms: 0.1222E-01   max: 0.5555E-01   D at   65  1
       a = 16.000      CL =  1.6227
      Cm = -0.0788     CD =  0.07874   =>   CDf =  0.00523    CDp =  0.07351

 Side 1  free  transition at x/c =  0.0258   32
 Side 2 forced transition at x/c =  0.9995   64

   3   rms: 0.2517E-02   max: 0.1502E-01   D at   79  2
       a = 16.000      CL =  1.6207
      Cm = -0.0787     CD =  0.07857   =>   CDf =  0.00520    CDp =  0.07338

 Side 1  free  transition at x/c =  0.0258   32
 Side 2 forced transition at x/c =  0.9995   64

   4   rms: 0.2611E-03   max: 0.1875E-02   D at   79  2
       a = 16.000      CL =  1.6205
      Cm = -0.0787     CD =  0.07854   =>   CDf =  0.00519    CDp =  0.07335

 Side 1  free  transition at x/c =  0.0258   32
 Side 2 forced transition at x/c =  0.9995   64

   5   rms: 0.2209E-04   max: -.1423E-03   C at   64  2
       a = 16.000      CL =  1.6205
      Cm = -0.0787     CD =  0.07854   =>   CDf =  0.00519    CDp =  0.07334
 plradd ia,ip,cpol           54           0  1.05694802E-04

 Point added to stored polar  1
 Point written to save file  hor12_Re500k.base.pol                           
 Dump file unspecified or not available

.OPERva   c>  
 Polar accumulation disabled

.OPERv   c>  
 XFOIL   c>  
 XFOIL   c>  