
 ===================================================
  XFOIL Version 6.99
  Copyright (C) 2000   Mark Drela, Harold Youngren

  This software comes with ABSOLUTELY NO WARRANTY,
    subject to the GNU General Public License.

  Caveat computor
 ===================================================

 File  xfoil.def  not found

   QUIT    Exit program

  .OPER    Direct operating point(s)
  .MDES    Complex mapping design routine
  .QDES    Surface speed design routine
  .GDES    Geometry design routine

   SAVE f  Write airfoil to labeled coordinate file
   PSAV f  Write airfoil to plain coordinate file
   ISAV f  Write airfoil to ISES coordinate file
   MSAV f  Write airfoil to MSES coordinate file
   REVE    Reverse written-airfoil node ordering

   LOAD f  Read buffer airfoil from coordinate file
   NACA i  Set NACA 4,5-digit airfoil and buffer airfoil
   INTE    Set buffer airfoil by interpolating two airfoils
   NORM    Buffer airfoil normalization toggle
   XYCM rr Change CM reference location, currently  0.25000 0.00000

   BEND    Display structural properties of current airfoil

   PCOP    Set current-airfoil panel nodes directly from buffer airfoil points
   PANE    Set current-airfoil panel nodes ( 160 ) based on curvature
  .PPAR    Show/change paneling

  .PLOP    Plotting options

   WDEF f  Write  current-settings file
   RDEF f  Reread current-settings file
   NAME s  Specify new airfoil name
   NINC    Increment name version number

   Z       Zoom    | (available in all menus)
   U       Unzoom  | 

 XFOIL   c>  
 Labeled airfoil file.  Name:  HQ 2.0/12 AIRFOIL                               

 Number of input coordinate points:  77
 Counterclockwise ordering
 Max thickness =     0.119731  at x =   0.350
 Max camber    =     0.019624  at x =   0.500

  LE  x,y  =  -0.00003   0.00063  |   Chord =   1.00003
  TE  x,y  =   1.00000   0.00000  |

 Current airfoil nodes set from buffer airfoil nodes (  77 )

 WARNING: Poor input coordinate distribution
          Excessive panel angle   44.6  at i =  39
          Repaneling with PANE and/or PPAR suggested
           (doing GDES,CADD before repaneling _may_
            improve excessively coarse LE spacing

 XFOIL   c>  
 XFOIL   c>  
 Sharp trailing edge

 Paneling parameters used...
   Number of panel nodes       160
   Panel bunching parameter    1.000
   TE/LE panel density ratio   0.150
   Refined-area/LE panel density ratio    0.200
   Top    side refined area x/c limits  1.000 1.000
   Bottom side refined area x/c limits  1.000 1.000

 XFOIL   c>  
.OPERi   c>  
 Xtr/c     =  1.0000    top    side
 Xtr/c     =  1.0000    bottom side
 Ncrit     =    9.00   ( 0.070 % turb. level )
 Vacc      =  0.0100

 Klag  =  5.6000     Uxwt  =    1.00
 A     =  6.7000     B     =  0.7500       KCt = 0.01485
 CtiniK=  1.8000     CtiniX=  3.3000

..VPAR   c>  
..VPAR   c>  
.OPERi   c>  
 M  =    0.0000
 Re =    400000

.OPERv   c>  
.OPERv   c>  
.OPERv   c>  
 Polar  1 newly created for accumulation
 Airfoil archived with polar: HQ 2.0/12 AIRFOIL                               

Enter  polar save filename  OR  <return> for no file   s>  
 New polar save file available

Enter  polar dump filename  OR  <return> for no file   s>  
 Polar dump file will NOT be written

 Polar accumulation enabled

.OPERva   c>   Calculating unit vorticity distributions ...
 Calculating wake trajectory ...
 Calculating source influence matrix ...

 Solving BL system ...

 Initializing BL ...
    side            1  ...
 MRCHUE: Inverse mode at  53     Hk =   4.305
 MRCHUE: Inverse mode at  54     Hk =   4.819
 MRCHUE: Inverse mode at  55     Hk =   5.324
 MRCHUE: Inverse mode at  56     Hk =   5.822
 MRCHUE: Inverse mode at  57     Hk =   6.316
 MRCHUE: Inverse mode at  58     Hk =   6.805
 MRCHUE: Inverse mode at  59     Hk =   7.290
 MRCHUE: Inverse mode at  60     Hk =   7.770
 MRCHUE: Inverse mode at  61     Hk =   8.248
 MRCHUE: Inverse mode at  62     Hk =   8.723
 MRCHUE: Inverse mode at  63     Hk =   9.198
 MRCHUE: Inverse mode at  64     Hk =   7.208
 MRCHUE: Inverse mode at  65     Hk =   5.691
 MRCHUE: Inverse mode at  66     Hk =   4.604
 MRCHUE: Inverse mode at  67     Hk =   3.755
 MRCHUE: Inverse mode at  68     Hk =   3.068
    side            2  ...
 MRCHUE: Inverse mode at  18     Hk =   4.501
 MRCHUE: Inverse mode at  19     Hk =   5.970
 MRCHUE: Inverse mode at  20     Hk =   7.486
 MRCHUE: Inverse mode at  21     Hk =   9.046
 MRCHUE: Inverse mode at  22     Hk =   8.261
 MRCHUE: Inverse mode at  23     Hk =   2.500

 Side 1  free  transition at x/c =  0.8267   64
 Side 2  free  transition at x/c =  0.0730   22

   1   rms: 0.1437E+00   max: -.1110E+01   T at   22  2   RLX: 0.450
       a = -4.000      CL = -0.1862
      Cm = -0.0580     CD =  0.01229   =>   CDf =  0.00681    CDp =  0.00549

 Side 1  free  transition at x/c =  0.8369   64
 Side 2  free  transition at x/c =  0.0872   23

   2   rms: 0.2090E+00   max: -.3320E+01   C at   23  2   RLX: 0.151
       a = -4.000      CL = -0.1847
      Cm = -0.0576     CD =  0.01223   =>   CDf =  0.00676    CDp =  0.00547

 Side 1  free  transition at x/c =  0.8438   65
 Side 2  free  transition at x/c =  0.0895   24

   3   rms: 0.1807E+00   max: -.1346E+01   C at   24  2   RLX: 0.372
       a = -4.000      CL = -0.1786
      Cm = -0.0591     CD =  0.01073   =>   CDf =  0.00682    CDp =  0.00390

 Side 1  free  transition at x/c =  0.8504   65
 Side 2  free  transition at x/c =  0.1315   27

   4   rms: 0.1303E+00   max: -.1292E+01   C at   27  2   RLX: 0.387
       a = -4.000      CL = -0.1731
      Cm = -0.0606     CD =  0.01039   =>   CDf =  0.00657    CDp =  0.00383

 Side 1  free  transition at x/c =  0.8583   66
 Side 2  free  transition at x/c =  0.1597   28

   5   rms: 0.3936E-01   max: -.3176E+00   T at   28  2
       a = -4.000      CL = -0.1531
      Cm = -0.0641     CD =  0.00998   =>   CDf =  0.00641    CDp =  0.00358

 Side 1  free  transition at x/c =  0.8654   66
 Side 2  free  transition at x/c =  0.2267   33

   6   rms: 0.5458E-01   max: -.9402E+00   C at   33  2   RLX: 0.532
       a = -4.000      CL = -0.1578
      Cm = -0.0643     CD =  0.00957   =>   CDf =  0.00612    CDp =  0.00346

 Side 1  free  transition at x/c =  0.8668   66
 Side 2  free  transition at x/c =  0.2327   33

   7   rms: 0.1391E-01   max: 0.2512E+00   D at   28  2
       a = -4.000      CL = -0.1527
      Cm = -0.0646     CD =  0.00954   =>   CDf =  0.00604    CDp =  0.00351

 Side 1  free  transition at x/c =  0.8679   66
 Side 2  free  transition at x/c =  0.2191   33

   8   rms: 0.5159E-02   max: -.6626E-01   D at   33  2
       a = -4.000      CL = -0.1520
      Cm = -0.0646     CD =  0.00965   =>   CDf =  0.00607    CDp =  0.00358

 Side 1  free  transition at x/c =  0.8678   66
 Side 2  free  transition at x/c =  0.2155   32

   9   rms: 0.1076E-02   max: 0.2139E-01   C at   32  2
       a = -4.000      CL = -0.1521
      Cm = -0.0646     CD =  0.00964   =>   CDf =  0.00608    CDp =  0.00356

 Side 1  free  transition at x/c =  0.8678   66
 Side 2  free  transition at x/c =  0.2150   32

  10   rms: 0.3730E-05   max: -.6342E-04   D at   34  2
       a = -4.000      CL = -0.1521
      Cm = -0.0646     CD =  0.00964   =>   CDf =  0.00608    CDp =  0.00356
 plradd ia,ip,cpol            1           0  2.64310371E-03

 Point added to stored polar  1
 Point written to save file  hq2012_Re400k.base.pol                          
 Dump file unspecified or not available
 Calculating wake trajectory ...
 Calculating source influence matrix ...

 Solving BL system ...

 Side 1  free  transition at x/c =  0.8678   66
 Side 2  free  transition at x/c =  0.2150   32

   1   rms: 0.1936E+00   max: -.3597E+01   C at   32  2   RLX: 0.139
       a = -3.500      CL = -0.1453
      Cm = -0.0645     CD =  0.00953   =>   CDf =  0.00608    CDp =  0.00345

 Side 1  free  transition at x/c =  0.8655   66
 Side 2  free  transition at x/c =  0.2319   33

   2   rms: 0.1643E+00   max: -.3058E+01   C at   33  2   RLX: 0.164
       a = -3.500      CL = -0.1382
      Cm = -0.0644     CD =  0.00942   =>   CDf =  0.00602    CDp =  0.00340

 Side 1  free  transition at x/c =  0.8633   66
 Side 2  free  transition at x/c =  0.2488   35

   3   rms: 0.1657E+00   max: -.2703E+01   C at   35  2   RLX: 0.185
       a = -3.500      CL = -0.1319
      Cm = -0.0643     CD =  0.00925   =>   CDf =  0.00597    CDp =  0.00328

 Side 1  free  transition at x/c =  0.8613   66
 Side 2  free  transition at x/c =  0.2624   35

   4   rms: 0.1043E+00   max: -.1862E+01   C at   35  2   RLX: 0.269
       a = -3.500      CL = -0.1233
      Cm = -0.0642     CD =  0.00922   =>   CDf =  0.00604    CDp =  0.00318

 Side 1  free  transition at x/c =  0.8592   67
 Side 2  free  transition at x/c =  0.2850   36

   5   rms: 0.1539E+00   max: -.2893E+01   C at   36  2   RLX: 0.173
       a = -3.500      CL = -0.1202
      Cm = -0.0641     CD =  0.00904   =>   CDf =  0.00585    CDp =  0.00319

 Side 1  free  transition at x/c =  0.8583   67
 Side 2  free  transition at x/c =  0.2945   37

   6   rms: 0.1271E+00   max: -.2335E+01   C at   37  2   RLX: 0.214
       a = -3.500      CL = -0.1164
      Cm = -0.0640     CD =  0.00896   =>   CDf =  0.00583    CDp =  0.00313

 Side 1  free  transition at x/c =  0.8573   67
 Side 2  free  transition at x/c =  0.3078   38

   7   rms: 0.1306E+00   max: -.2458E+01   C at   38  2   RLX: 0.203
       a = -3.500      CL = -0.1138
      Cm = -0.0640     CD =  0.00887   =>   CDf =  0.00577    CDp =  0.00310

 Side 1  free  transition at x/c =  0.8567   67
 Side 2  free  transition at x/c =  0.3221   38

   8   rms: 0.1449E+00   max: -.2817E+01   C at   38  2   RLX: 0.177
       a = -3.500      CL = -0.1120
      Cm = -0.0639     CD =  0.00882   =>   CDf =  0.00571    CDp =  0.00311

 Side 1  free  transition at x/c =  0.8562   67
 Side 2  free  transition at x/c =  0.3342   39

   9   rms: 0.1386E+00   max: -.2692E+01   C at   39  2   RLX: 0.186
       a = -3.500      CL = -0.1105
      Cm = -0.0639     CD =  0.00874   =>   CDf =  0.00566    CDp =  0.00308

 Side 1  free  transition at x/c =  0.8559   67
 Side 2  free  transition at x/c =  0.3463   40

  10   rms: 0.1219E+00   max: -.2375E+01   C at   40  2   RLX: 0.211
       a = -3.500      CL = -0.1093
      Cm = -0.0638     CD =  0.00868   =>   CDf =  0.00561    CDp =  0.00306

 Side 1  free  transition at x/c =  0.8555   67
 Side 2  free  transition at x/c =  0.3598   41

  11   rms: 0.9866E-01   max: -.1916E+01   C at   41  2   RLX: 0.261
       a = -3.500      CL = -0.1081
      Cm = -0.0638     CD =  0.00861   =>   CDf =  0.00556    CDp =  0.00305

 Side 1  free  transition at x/c =  0.8552   67
 Side 2  free  transition at x/c =  0.3752   42

  12   rms: 0.6624E-01   max: -.1279E+01   C at   42  2   RLX: 0.391
       a = -3.500      CL = -0.1070
      Cm = -0.0637     CD =  0.00854   =>   CDf =  0.00550    CDp =  0.00303

 Side 1  free  transition at x/c =  0.8549   67
 Side 2  free  transition at x/c =  0.3936   43

  13   rms: 0.2745E-01   max: -.5221E+00   C at   43  2   RLX: 0.958
       a = -3.500      CL = -0.1051
      Cm = -0.0636     CD =  0.00847   =>   CDf =  0.00544    CDp =  0.00302

 Side 1  free  transition at x/c =  0.8544   67
 Side 2  free  transition at x/c =  0.4224   45

  14   rms: 0.6255E-02   max: 0.1058E+00   C at   45  2
       a = -3.500      CL = -0.1053
      Cm = -0.0636     CD =  0.00843   =>   CDf =  0.00534    CDp =  0.00309

 Side 1  free  transition at x/c =  0.8543   67
 Side 2  free  transition at x/c =  0.4160   45

  15   rms: 0.1344E-02   max: -.2515E-01   C at   45  2
       a = -3.500      CL = -0.1052
      Cm = -0.0636     CD =  0.00844   =>   CDf =  0.00537    CDp =  0.00307

 Side 1  free  transition at x/c =  0.8543   67
 Side 2  free  transition at x/c =  0.4168   45

  16   rms: 0.3931E-05   max: -.6504E-04   C at   45  2
       a = -3.500      CL = -0.1052
      Cm = -0.0636     CD =  0.00844   =>   CDf =  0.00537    CDp =  0.00308
 plradd ia,ip,cpol            2           0  2.64310371E-03

 Point added to stored polar  1
 Point written to save file  hq2012_Re400k.base.pol                          
 Dump file unspecified or not available
 Calculating wake trajectory ...
 Calculating source influence matrix ...

 Solving BL system ...

 Side 1  free  transition at x/c =  0.8543   67
 Side 2  free  transition at x/c =  0.4168   45

   1   rms: 0.3163E+00   max: -.5816E+01   C at   45  2   RLX: 0.086
       a = -3.000      CL = -0.1011
      Cm = -0.0635     CD =  0.00836   =>   CDf =  0.00537    CDp =  0.00300

 Side 1  free  transition at x/c =  0.8535   66
 Side 2  free  transition at x/c =  0.4349   46

   2   rms: 0.2017E+00   max: -.3526E+01   C at   46  2   RLX: 0.142
       a = -3.000      CL = -0.0945
      Cm = -0.0634     CD =  0.00828   =>   CDf =  0.00531    CDp =  0.00298

 Side 1  free  transition at x/c =  0.8513   66
 Side 2  free  transition at x/c =  0.4648   48

   3   rms: 0.1142E+00   max: -.1684E+01   C at   48  2   RLX: 0.297
       a = -3.000      CL = -0.0832
      Cm = -0.0631     CD =  0.00818   =>   CDf =  0.00520    CDp =  0.00299

 Side 1  free  transition at x/c =  0.8474   66
 Side 2  free  transition at x/c =  0.5110   51

   4   rms: 0.5401E-01   max: 0.2784E+00   C at   52  2
       a = -3.000      CL = -0.0527
      Cm = -0.0629     CD =  0.00817   =>   CDf =  0.00508    CDp =  0.00309

 Side 1  free  transition at x/c =  0.8398   66
 Side 2  free  transition at x/c =  0.5742   56

   5   rms: 0.3411E-01   max: 0.4307E+00   C at   56  2
       a = -3.000      CL = -0.0539
      Cm = -0.0627     CD =  0.00801   =>   CDf =  0.00497    CDp =  0.00304

 Side 1  free  transition at x/c =  0.8410   66
 Side 2  free  transition at x/c =  0.5503   54

   6   rms: 0.7533E-02   max: -.9184E-01   D at   58  2
       a = -3.000      CL = -0.0542
      Cm = -0.0626     CD =  0.00801   =>   CDf =  0.00502    CDp =  0.00299

 Side 1  free  transition at x/c =  0.8409   66
 Side 2  free  transition at x/c =  0.5445   54

   7   rms: 0.1280E-02   max: -.1950E-01   C at   54  2
       a = -3.000      CL = -0.0542
      Cm = -0.0626     CD =  0.00802   =>   CDf =  0.00505    CDp =  0.00297

 Side 1  free  transition at x/c =  0.8409   66
 Side 2  free  transition at x/c =  0.5450   54

   8   rms: 0.1249E-04   max: -.2295E-03   D at   56  2
       a = -3.000      CL = -0.0542
      Cm = -0.0626     CD =  0.00802   =>   CDf =  0.00504    CDp =  0.00298
 plradd ia,ip,cpol            3           0  1.66904852E-02

 Point added to stored polar  1
 Point written to save file  hq2012_Re400k.base.pol                          
 Dump file unspecified or not available
 Calculating wake trajectory ...
 Calculating source influence matrix ...

 Solving BL system ...

 Side 1  free  transition at x/c =  0.8409   66
 Side 2  free  transition at x/c =  0.5450   54

   1   rms: 0.1230E+00   max: -.1336E+01   C at   54  2   RLX: 0.374
       a = -2.500      CL = -0.0345
      Cm = -0.0622     CD =  0.00795   =>   CDf =  0.00514    CDp =  0.00282

 Side 1  free  transition at x/c =  0.8372   66
 Side 2  free  transition at x/c =  0.5652   54

   2   rms: 0.7943E-01   max: -.8253E+00   T at    2  1   RLX: 0.606
       a = -2.500      CL = -0.0134
      Cm = -0.0623     CD =  0.00801   =>   CDf =  0.00507    CDp =  0.00293

 Side 1  free  transition at x/c =  0.8295   66
 Side 2  free  transition at x/c =  0.5906   56

   3   rms: 0.3391E-01   max: -.3123E+00   C at   56  2
       a = -2.500      CL = -0.0012
      Cm = -0.0616     CD =  0.00791   =>   CDf =  0.00502    CDp =  0.00289

 Side 1  free  transition at x/c =  0.8273   66
 Side 2  free  transition at x/c =  0.6011   56

   4   rms: 0.1372E-01   max: -.2171E+00   D at   57  2
       a = -2.500      CL = -0.0002
      Cm = -0.0619     CD =  0.00798   =>   CDf =  0.00508    CDp =  0.00290

 Side 1  free  transition at x/c =  0.8275   66
 Side 2  free  transition at x/c =  0.6098   57

   5   rms: 0.8978E-02   max: 0.1303E+00   C at   57  2
       a = -2.500      CL = -0.0006
      Cm = -0.0618     CD =  0.00795   =>   CDf =  0.00496    CDp =  0.00298

 Side 1  free  transition at x/c =  0.8275   66
 Side 2  free  transition at x/c =  0.6069   57

   6   rms: 0.7693E-03   max: -.1076E-01   D at   60  2
       a = -2.500      CL = -0.0007
      Cm = -0.0618     CD =  0.00795   =>   CDf =  0.00499    CDp =  0.00296

 Side 1  free  transition at x/c =  0.8275   66
 Side 2  free  transition at x/c =  0.6066   57

   7   rms: 0.4653E-05   max: -.7298E-04   D at   60  2
       a = -2.500      CL = -0.0007
      Cm = -0.0618     CD =  0.00795   =>   CDf =  0.00499    CDp =  0.00296
 plradd ia,ip,cpol            4           0  1.66904852E-02

 Point added to stored polar  1
 Point written to save file  hq2012_Re400k.base.pol                          
 Dump file unspecified or not available
 Calculating wake trajectory ...
 Calculating source influence matrix ...

 Solving BL system ...

 Side 1  free  transition at x/c =  0.8275   66
 Side 2  free  transition at x/c =  0.6066   57

   1   rms: 0.9887E-01   max: 0.5210E+00   D at   58  2
       a = -2.000      CL =  0.0534
      Cm = -0.0609     CD =  0.00793   =>   CDf =  0.00507    CDp =  0.00286

 Side 1  free  transition at x/c =  0.8161   66
 Side 2  free  transition at x/c =  0.6275   57

   2   rms: 0.3542E-01   max: -.3893E+00   D at   58  2
       a = -2.000      CL =  0.0548
      Cm = -0.0614     CD =  0.00807   =>   CDf =  0.00521    CDp =  0.00286

 Side 1  free  transition at x/c =  0.8133   66
 Side 2  free  transition at x/c =  0.6506   59

   3   rms: 0.1971E-01   max: 0.2581E+00   C at   59  2
       a = -2.000      CL =  0.0542
      Cm = -0.0612     CD =  0.00795   =>   CDf =  0.00500    CDp =  0.00295

 Side 1  free  transition at x/c =  0.8138   66
 Side 2  free  transition at x/c =  0.6441   58

   4   rms: 0.3609E-02   max: -.4696E-01   D at   61  2
       a = -2.000      CL =  0.0538
      Cm = -0.0611     CD =  0.00795   =>   CDf =  0.00504    CDp =  0.00291

 Side 1  free  transition at x/c =  0.8138   66
 Side 2  free  transition at x/c =  0.6418   58

   5   rms: 0.4361E-03   max: -.4819E-02   C at   58  2
       a = -2.000      CL =  0.0538
      Cm = -0.0611     CD =  0.00795   =>   CDf =  0.00504    CDp =  0.00291

 Side 1  free  transition at x/c =  0.8138   66
 Side 2  free  transition at x/c =  0.6419   58

   6   rms: 0.1523E-05   max: -.1314E-04   D at   60  2
       a = -2.000      CL =  0.0538
      Cm = -0.0611     CD =  0.00795   =>   CDf =  0.00504    CDp =  0.00291
 plradd ia,ip,cpol            5           0  1.66904852E-02

 Point added to stored polar  1
 Point written to save file  hq2012_Re400k.base.pol                          
 Dump file unspecified or not available
 Calculating wake trajectory ...
 Calculating source influence matrix ...

 Solving BL system ...

 Side 1  free  transition at x/c =  0.8138   66
 Side 2  free  transition at x/c =  0.6419   58

   1   rms: 0.8884E-01   max: -.3894E+00   T at   58  2
       a = -1.500      CL =  0.1091
      Cm = -0.0606     CD =  0.00802   =>   CDf =  0.00504    CDp =  0.00298

 Side 1  free  transition at x/c =  0.8013   65
 Side 2  free  transition at x/c =  0.6701   60

   2   rms: 0.1515E-01   max: 0.2128E+00   D at   60  2
       a = -1.500      CL =  0.1081
      Cm = -0.0604     CD =  0.00795   =>   CDf =  0.00506    CDp =  0.00289

 Side 1  free  transition at x/c =  0.7996   65
 Side 2  free  transition at x/c =  0.6721   60

   3   rms: 0.1569E-02   max: -.2076E-01   D at   61  2
       a = -1.500      CL =  0.1083
      Cm = -0.0604     CD =  0.00796   =>   CDf =  0.00508    CDp =  0.00289

 Side 1  free  transition at x/c =  0.7998   65
 Side 2  free  transition at x/c =  0.6727   60

   4   rms: 0.3146E-04   max: -.3288E-03   C at   60  2
       a = -1.500      CL =  0.1083
      Cm = -0.0604     CD =  0.00796   =>   CDf =  0.00507    CDp =  0.00289
 plradd ia,ip,cpol            6           0  2.21761130E-02

 Point added to stored polar  1
 Point written to save file  hq2012_Re400k.base.pol                          
 Dump file unspecified or not available
 Calculating wake trajectory ...
 Calculating source influence matrix ...

 Solving BL system ...

 Side 1  free  transition at x/c =  0.7998   65
 Side 2  free  transition at x/c =  0.6727   60

   1   rms: 0.8662E-01   max: -.3900E+00   T at   60  2
       a = -1.000      CL =  0.1635
      Cm = -0.0599     CD =  0.00802   =>   CDf =  0.00512    CDp =  0.00290

 Side 1  free  transition at x/c =  0.7835   65
 Side 2  free  transition at x/c =  0.6957   61

   2   rms: 0.2129E-01   max: -.2325E+00   D at   65  1
       a = -1.000      CL =  0.1628
      Cm = -0.0597     CD =  0.00794   =>   CDf =  0.00516    CDp =  0.00278

 Side 1  free  transition at x/c =  0.7840   65
 Side 2  free  transition at x/c =  0.6969   61

   3   rms: 0.1686E-02   max: 0.1767E-01   D at   61  2
       a = -1.000      CL =  0.1627
      Cm = -0.0597     CD =  0.00795   =>   CDf =  0.00512    CDp =  0.00283

 Side 1  free  transition at x/c =  0.7837   65
 Side 2  free  transition at x/c =  0.6969   61

   4   rms: 0.1878E-04   max: -.2701E-03   D at   67  1
       a = -1.000      CL =  0.1627
      Cm = -0.0597     CD =  0.00795   =>   CDf =  0.00513    CDp =  0.00282
 plradd ia,ip,cpol            7           0  0.16796547    

 Point added to stored polar  1
 Point written to save file  hq2012_Re400k.base.pol                          
 Dump file unspecified or not available
 Calculating wake trajectory ...
 Calculating source influence matrix ...

 Solving BL system ...

 Side 1  free  transition at x/c =  0.7837   65
 Side 2  free  transition at x/c =  0.6969   61

   1   rms: 0.8790E-01   max: -.4079E+00   T at   61  2
       a = -0.500      CL =  0.2172
      Cm = -0.0589     CD =  0.00795   =>   CDf =  0.00515    CDp =  0.00280

 Side 1  free  transition at x/c =  0.7713   65
 Side 2  free  transition at x/c =  0.7129   61

   2   rms: 0.2052E-01   max: -.1400E+00   T at   62  2
       a = -0.500      CL =  0.2173
      Cm = -0.0591     CD =  0.00793   =>   CDf =  0.00519    CDp =  0.00273

 Side 1  free  transition at x/c =  0.7676   65
 Side 2  free  transition at x/c =  0.7186   61

   3   rms: 0.4660E-02   max: -.4324E-01   D at   65  1
       a = -0.500      CL =  0.2174
      Cm = -0.0591     CD =  0.00795   =>   CDf =  0.00519    CDp =  0.00276

 Side 1  free  transition at x/c =  0.7682   65
 Side 2  free  transition at x/c =  0.7189   61

   4   rms: 0.1264E-03   max: 0.1082E-02   D at   65  1
       a = -0.500      CL =  0.2174
      Cm = -0.0591     CD =  0.00795   =>   CDf =  0.00518    CDp =  0.00278

 Side 1  free  transition at x/c =  0.7682   65
 Side 2  free  transition at x/c =  0.7188   61

   5   rms: 0.6258E-06   max: -.4675E-05   T at   61  2
       a = -0.500      CL =  0.2174
      Cm = -0.0591     CD =  0.00795   =>   CDf =  0.00518    CDp =  0.00278
 plradd ia,ip,cpol            8           0  0.15412243    

 Point added to stored polar  1
 Point written to save file  hq2012_Re400k.base.pol                          
 Dump file unspecified or not available
 Calculating wake trajectory ...
 Calculating source influence matrix ...

 Solving BL system ...

 Side 1  free  transition at x/c =  0.7682   65
 Side 2  free  transition at x/c =  0.7188   61

   1   rms: 0.8464E-01   max: -.3478E+00   T at   61  2
       a =  0.000      CL =  0.2734
      Cm = -0.0588     CD =  0.00804   =>   CDf =  0.00518    CDp =  0.00286

 MRCHDU: Convergence failed at  63  side 2    Res =  0.2140E+01
 MRCHDU: Convergence failed at  64  side 2    Res =  0.8591E+01
 MRCHDU: Convergence failed at  65  side 2    Res =  0.2961E+01
 MRCHDU: Convergence failed at  66  side 2    Res =  0.3431E+01
 MRCHDU: Convergence failed at  67  side 2    Res =  0.5402E+01
 MRCHDU: Convergence failed at  68  side 2    Res =  0.8295E+01
 MRCHDU: Convergence failed at  69  side 2    Res =  0.1195E+02
 MRCHDU: Convergence failed at  70  side 2    Res =  0.1769E+02
 MRCHDU: Convergence failed at  71  side 2    Res =  0.2312E+02
 MRCHDU: Convergence failed at  72  side 2    Res =  0.2704E+02
 MRCHDU: Convergence failed at  73  side 2    Res =  0.2669E+02
 MRCHDU: Convergence failed at  74  side 2    Res =  0.2377E+02
 MRCHDU: Convergence failed at  75  side 2    Res =  0.1983E+02
 MRCHDU: Convergence failed at  76  side 2    Res =  0.1770E+02
 MRCHDU: Convergence failed at  77  side 2    Res =  0.1597E+02
 MRCHDU: Convergence failed at  78  side 2    Res =  0.1432E+02
 MRCHDU: Convergence failed at  79  side 2    Res =  0.1190E+02
 MRCHDU: Convergence failed at  80  side 2    Res =  0.1065E+02
 MRCHDU: Convergence failed at  81  side 2    Res =  0.9056E+01
 Side 1  free  transition at x/c =  0.7552   64
 Side 2  free  transition at x/c =  0.7441   63

   2   rms: 0.1820E+00   max: 0.8840E+00   T at   71  2   RLX: 0.835
       a =  0.000      CL =  0.2918
      Cm = -0.0600     CD =  0.00710   =>   CDf =  0.00437    CDp =  0.00272

 Side 1  free  transition at x/c =  0.7529   64
 Side 2  free  transition at x/c =  0.7395   63

   3   rms: 0.3152E-01   max: -.3794E+00   D at   64  2
       a =  0.000      CL =  0.2707
      Cm = -0.0582     CD =  0.00798   =>   CDf =  0.00528    CDp =  0.00270

 Side 1  free  transition at x/c =  0.7526   64
 Side 2  free  transition at x/c =  0.7402   63

   4   rms: 0.2565E-02   max: 0.3324E-01   D at   65  2
       a =  0.000      CL =  0.2719
      Cm = -0.0584     CD =  0.00796   =>   CDf =  0.00520    CDp =  0.00277

 Side 1  free  transition at x/c =  0.7526   64
 Side 2  free  transition at x/c =  0.7400   63

   5   rms: 0.2467E-04   max: -.5647E-03   D at   65  2
       a =  0.000      CL =  0.2719
      Cm = -0.0584     CD =  0.00796   =>   CDf =  0.00519    CDp =  0.00277
 plradd ia,ip,cpol            9           0  0.15412243    

 Point added to stored polar  1
 Point written to save file  hq2012_Re400k.base.pol                          
 Dump file unspecified or not available
 Calculating wake trajectory ...
 Calculating source influence matrix ...

 Solving BL system ...

 Side 1  free  transition at x/c =  0.7526   64
 Side 2  free  transition at x/c =  0.7400   63

   1   rms: 0.8904E-01   max: -.4686E+00   T at   63  2
       a =  0.500      CL =  0.3263
      Cm = -0.0576     CD =  0.00801   =>   CDf =  0.00518    CDp =  0.00283

 Side 1  free  transition at x/c =  0.7366   63
 Side 2  free  transition at x/c =  0.7472   62

   2   rms: 0.5772E-01   max: -.5367E+00   D at   62  2   RLX: 0.932
       a =  0.500      CL =  0.3282
      Cm = -0.0584     CD =  0.00827   =>   CDf =  0.00531    CDp =  0.00296

 Side 1  free  transition at x/c =  0.7362   63
 Side 2  free  transition at x/c =  0.7634   63

   3   rms: 0.1670E-01   max: -.2099E+00   C at   63  2
       a =  0.500      CL =  0.3264
      Cm = -0.0578     CD =  0.00795   =>   CDf =  0.00524    CDp =  0.00271

 Side 1  free  transition at x/c =  0.7355   63
 Side 2  free  transition at x/c =  0.7553   63

   4   rms: 0.5819E-02   max: -.4978E-01   T at   64  2
       a =  0.500      CL =  0.3265
      Cm = -0.0579     CD =  0.00796   =>   CDf =  0.00524    CDp =  0.00272

 Side 1  free  transition at x/c =  0.7355   63
 Side 2  free  transition at x/c =  0.7570   63

   5   rms: 0.2672E-03   max: -.4644E-02   D at   65  2
       a =  0.500      CL =  0.3265
      Cm = -0.0579     CD =  0.00796   =>   CDf =  0.00522    CDp =  0.00274

 Side 1  free  transition at x/c =  0.7355   63
 Side 2  free  transition at x/c =  0.7570   63

   6   rms: 0.1719E-05   max: -.1146E-04   D at   65  2
       a =  0.500      CL =  0.3265
      Cm = -0.0579     CD =  0.00796   =>   CDf =  0.00522    CDp =  0.00274
 plradd ia,ip,cpol           10           0  0.14044718    

 Point added to stored polar  1
 Point written to save file  hq2012_Re400k.base.pol                          
 Dump file unspecified or not available
 Calculating wake trajectory ...
 Calculating source influence matrix ...

 Solving BL system ...

 Side 1  free  transition at x/c =  0.7355   63
 Side 2  free  transition at x/c =  0.7570   63

   1   rms: 0.8065E-01   max: -.2783E+00   T at   63  2
       a =  1.000      CL =  0.3804
      Cm = -0.0574     CD =  0.00788   =>   CDf =  0.00518    CDp =  0.00270

 Side 1  free  transition at x/c =  0.7132   63
 Side 2  free  transition at x/c =  0.7705   63

   2   rms: 0.2003E-01   max: -.1909E+00   D at   63  1
       a =  1.000      CL =  0.3812
      Cm = -0.0574     CD =  0.00792   =>   CDf =  0.00531    CDp =  0.00261

 Side 1  free  transition at x/c =  0.7186   63
 Side 2  free  transition at x/c =  0.7716   63

   3   rms: 0.2172E-02   max: 0.2178E-01   D at   64  1
       a =  1.000      CL =  0.3812
      Cm = -0.0575     CD =  0.00794   =>   CDf =  0.00521    CDp =  0.00274

 Side 1  free  transition at x/c =  0.7175   63
 Side 2  free  transition at x/c =  0.7715   63

   4   rms: 0.8767E-04   max: -.9131E-03   C at   63  1
       a =  1.000      CL =  0.3812
      Cm = -0.0575     CD =  0.00794   =>   CDf =  0.00522    CDp =  0.00273
 plradd ia,ip,cpol           11           0  0.14044718    

 Point added to stored polar  1
 Point written to save file  hq2012_Re400k.base.pol                          
 Dump file unspecified or not available
 Calculating wake trajectory ...
 Calculating source influence matrix ...

 Solving BL system ...

 Side 1  free  transition at x/c =  0.7175   63
 Side 2  free  transition at x/c =  0.7715   63

   1   rms: 0.7990E-01   max: -.2907E+00   T at   63  2
       a =  1.500      CL =  0.4355
      Cm = -0.0570     CD =  0.00791   =>   CDf =  0.00522    CDp =  0.00269

 Side 1  free  transition at x/c =  0.6966   62
 Side 2  free  transition at x/c =  0.7845   64

   2   rms: 0.1967E-01   max: -.2082E+00   D at   62  1
       a =  1.500      CL =  0.4359
      Cm = -0.0570     CD =  0.00792   =>   CDf =  0.00531    CDp =  0.00261

 Side 1  free  transition at x/c =  0.7004   62
 Side 2  free  transition at x/c =  0.7868   64

   3   rms: 0.2929E-02   max: 0.3292E-01   C at   62  1
       a =  1.500      CL =  0.4359
      Cm = -0.0570     CD =  0.00794   =>   CDf =  0.00519    CDp =  0.00275

 Side 1  free  transition at x/c =  0.6993   62
 Side 2  free  transition at x/c =  0.7866   64

   4   rms: 0.7395E-04   max: -.8946E-03   D at   64  1
       a =  1.500      CL =  0.4359
      Cm = -0.0570     CD =  0.00794   =>   CDf =  0.00521    CDp =  0.00274
 plradd ia,ip,cpol           12           0  0.12691621    

 Point added to stored polar  1
 Point written to save file  hq2012_Re400k.base.pol                          
 Dump file unspecified or not available
 Calculating wake trajectory ...
 Calculating source influence matrix ...

 Solving BL system ...

 Side 1  free  transition at x/c =  0.6993   62
 Side 2  free  transition at x/c =  0.7866   64

   1   rms: 0.8062E-01   max: -.2892E+00   T at   64  2
       a =  2.000      CL =  0.4901
      Cm = -0.0565     CD =  0.00794   =>   CDf =  0.00513    CDp =  0.00281

 Side 1  free  transition at x/c =  0.6798   62
 Side 2  free  transition at x/c =  0.8009   64

   2   rms: 0.1831E-01   max: -.2371E+00   D at   62  1
       a =  2.000      CL =  0.4901
      Cm = -0.0565     CD =  0.00794   =>   CDf =  0.00526    CDp =  0.00269

 Side 1  free  transition at x/c =  0.6816   62
 Side 2  free  transition at x/c =  0.8029   64

   3   rms: 0.2926E-02   max: 0.3489E-01   C at   62  1
       a =  2.000      CL =  0.4901
      Cm = -0.0565     CD =  0.00797   =>   CDf =  0.00518    CDp =  0.00279

 Side 1  free  transition at x/c =  0.6808   62
 Side 2  free  transition at x/c =  0.8028   64

   4   rms: 0.8646E-04   max: -.1435E-02   D at   64  1
       a =  2.000      CL =  0.4901
      Cm = -0.0565     CD =  0.00797   =>   CDf =  0.00519    CDp =  0.00277
 plradd ia,ip,cpol           13           0  0.12691621    

 Point added to stored polar  1
 Point written to save file  hq2012_Re400k.base.pol                          
 Dump file unspecified or not available
 Calculating wake trajectory ...
 Calculating source influence matrix ...

 Solving BL system ...

 Side 1  free  transition at x/c =  0.6808   62
 Side 2  free  transition at x/c =  0.8028   64

   1   rms: 0.8336E-01   max: -.2805E+00   T at   64  2
       a =  2.500      CL =  0.5441
      Cm = -0.0559     CD =  0.00804   =>   CDf =  0.00510    CDp =  0.00295

 Side 1  free  transition at x/c =  0.6598   61
 Side 2  free  transition at x/c =  0.8191   64
 idif Ue xi dudx           1  0.18679243      2.11381912E-03   88.367271    
 Uenew xinew           2  8.74338555E-04  9.89437103E-06

   2   rms: 0.4448E-01   max: -.6875E+00   D at    2  1   RLX: 0.727
       a =  2.500      CL =  0.5437
      Cm = -0.0558     CD =  0.00803   =>   CDf =  0.00529    CDp =  0.00274

 Side 1  free  transition at x/c =  0.6600   60
 Side 2  free  transition at x/c =  0.8202   65

   3   rms: 0.5445E-02   max: -.6521E-01   D at   61  1
       a =  2.500      CL =  0.5436
      Cm = -0.0558     CD =  0.00799   =>   CDf =  0.00516    CDp =  0.00283

 Side 1  free  transition at x/c =  0.6589   60
 Side 2  free  transition at x/c =  0.8206   65

   4   rms: 0.9084E-03   max: 0.1082E-01   D at    4  2
       a =  2.500      CL =  0.5436
      Cm = -0.0558     CD =  0.00799   =>   CDf =  0.00516    CDp =  0.00283

 Side 1  free  transition at x/c =  0.6588   60
 Side 2  free  transition at x/c =  0.8206   65

   5   rms: 0.1076E-04   max: -.1172E-03   D at    4  2
       a =  2.500      CL =  0.5436
      Cm = -0.0558     CD =  0.00799   =>   CDf =  0.00516    CDp =  0.00283
 plradd ia,ip,cpol           14           0  0.10026154    

 Point added to stored polar  1
 Point written to save file  hq2012_Re400k.base.pol                          
 Dump file unspecified or not available
 Calculating wake trajectory ...
 Calculating source influence matrix ...

 Solving BL system ...

 Side 1  free  transition at x/c =  0.6588   60
 Side 2  free  transition at x/c =  0.8206   65

   1   rms: 0.1525E+00   max: -.2455E+01   D at    2  2   RLX: 0.204
       a =  3.000      CL =  0.5545
      Cm = -0.0557     CD =  0.00800   =>   CDf =  0.00504    CDp =  0.00295

 Side 1  free  transition at x/c =  0.6536   61
 Side 2  free  transition at x/c =  0.8246   64

   2   rms: 0.7137E-01   max: -.2275E+00   T at   64  2
       a =  3.000      CL =  0.5978
      Cm = -0.0554     CD =  0.00812   =>   CDf =  0.00517    CDp =  0.00295

 Side 1  free  transition at x/c =  0.6328   59
 Side 2  free  transition at x/c =  0.8436   66

   3   rms: 0.1747E-01   max: -.2762E+00   D at   60  1
       a =  3.000      CL =  0.5963
      Cm = -0.0550     CD =  0.00804   =>   CDf =  0.00516    CDp =  0.00288

 Side 1  free  transition at x/c =  0.6351   60
 Side 2  free  transition at x/c =  0.8412   66

   4   rms: 0.2702E-02   max: 0.3508E-01   D at   60  1
       a =  3.000      CL =  0.5963
      Cm = -0.0550     CD =  0.00805   =>   CDf =  0.00514    CDp =  0.00291

 Side 1  free  transition at x/c =  0.6344   60
 Side 2  free  transition at x/c =  0.8407   66

   5   rms: 0.1594E-03   max: 0.1941E-02   C at   60  1
       a =  3.000      CL =  0.5963
      Cm = -0.0550     CD =  0.00805   =>   CDf =  0.00514    CDp =  0.00291

 Side 1  free  transition at x/c =  0.6344   60
 Side 2  free  transition at x/c =  0.8407   66

   6   rms: 0.6658E-06   max: 0.3629E-05   D at   63  1
       a =  3.000      CL =  0.5963
      Cm = -0.0550     CD =  0.00805   =>   CDf =  0.00514    CDp =  0.00291
 plradd ia,ip,cpol           15           0  7.45872483E-02

 Point added to stored polar  1
 Point written to save file  hq2012_Re400k.base.pol                          
 Dump file unspecified or not available
 Calculating wake trajectory ...
 Calculating source influence matrix ...

 Solving BL system ...

 Side 1  free  transition at x/c =  0.6344   60
 Side 2  free  transition at x/c =  0.8407   66

   1   rms: 0.8985E-01   max: -.3640E+00   C at   66  2
       a =  3.500      CL =  0.6469
      Cm = -0.0536     CD =  0.00812   =>   CDf =  0.00500    CDp =  0.00312

 Side 1  free  transition at x/c =  0.6048   58
 Side 2  free  transition at x/c =  0.8576   66

   2   rms: 0.2812E-01   max: 0.2983E+00   D at   60  1
       a =  3.500      CL =  0.6472
      Cm = -0.0538     CD =  0.00807   =>   CDf =  0.00513    CDp =  0.00295

 Side 1  free  transition at x/c =  0.6046   58
 Side 2  free  transition at x/c =  0.8657   66

   3   rms: 0.2888E-02   max: -.2963E-01   D at   68  2
       a =  3.500      CL =  0.6471
      Cm = -0.0538     CD =  0.00807   =>   CDf =  0.00505    CDp =  0.00302

 Side 1  free  transition at x/c =  0.6038   58
 Side 2  free  transition at x/c =  0.8642   66

   4   rms: 0.1521E-03   max: -.2082E-02   C at   66  2
       a =  3.500      CL =  0.6471
      Cm = -0.0538     CD =  0.00807   =>   CDf =  0.00506    CDp =  0.00301

 Side 1  free  transition at x/c =  0.6038   58
 Side 2  free  transition at x/c =  0.8643   66

   5   rms: 0.6068E-06   max: 0.7604E-05   C at   66  2
       a =  3.500      CL =  0.6471
      Cm = -0.0538     CD =  0.00807   =>   CDf =  0.00506    CDp =  0.00301
 plradd ia,ip,cpol           16           0  2.30048057E-02

 Point added to stored polar  1
 Point written to save file  hq2012_Re400k.base.pol                          
 Dump file unspecified or not available
 Calculating wake trajectory ...
 Calculating source influence matrix ...

 Solving BL system ...

 Side 1  free  transition at x/c =  0.6038   58
 Side 2  free  transition at x/c =  0.8643   66

   1   rms: 0.8325E-01   max: -.3666E+00   C at   66  2
       a =  4.000      CL =  0.6985
      Cm = -0.0528     CD =  0.00802   =>   CDf =  0.00506    CDp =  0.00296

 Side 1  free  transition at x/c =  0.5516   55
 Side 2  free  transition at x/c =  0.8911   68

   2   rms: 0.3298E-01   max: -.3926E+00   D at   56  1
       a =  4.000      CL =  0.6947
      Cm = -0.0519     CD =  0.00814   =>   CDf =  0.00517    CDp =  0.00297

 Side 1  free  transition at x/c =  0.5630   56
 Side 2  free  transition at x/c =  0.8975   68

   3   rms: 0.1072E-01   max: -.1738E+00   C at   68  2
       a =  4.000      CL =  0.6955
      Cm = -0.0520     CD =  0.00814   =>   CDf =  0.00503    CDp =  0.00311

 Side 1  free  transition at x/c =  0.5610   55
 Side 2  free  transition at x/c =  0.8987   69

   4   rms: 0.8438E-02   max: -.1428E+00   C at   69  2
       a =  4.000      CL =  0.6954
      Cm = -0.0520     CD =  0.00813   =>   CDf =  0.00504    CDp =  0.00309

 Side 1  free  transition at x/c =  0.5609   55
 Side 2  free  transition at x/c =  0.8995   69

   5   rms: 0.9197E-03   max: 0.1582E-01   C at   69  2
       a =  4.000      CL =  0.6955
      Cm = -0.0520     CD =  0.00814   =>   CDf =  0.00502    CDp =  0.00312

 Side 1  free  transition at x/c =  0.5609   55
 Side 2  free  transition at x/c =  0.8992   69

   6   rms: 0.3706E-05   max: -.5641E-04   D at   71  2
       a =  4.000      CL =  0.6955
      Cm = -0.0520     CD =  0.00814   =>   CDf =  0.00502    CDp =  0.00312
 plradd ia,ip,cpol           17           0  2.30048057E-02

 Point added to stored polar  1
 Point written to save file  hq2012_Re400k.base.pol                          
 Dump file unspecified or not available
 Calculating wake trajectory ...
 Calculating source influence matrix ...

 Solving BL system ...

 Side 1  free  transition at x/c =  0.5609   55
 Side 2  free  transition at x/c =  0.8992   69

   1   rms: 0.1045E+00   max: -.1189E+01   C at   69  2   RLX: 0.420
       a =  4.500      CL =  0.7164
      Cm = -0.0513     CD =  0.00808   =>   CDf =  0.00502    CDp =  0.00306

 Side 1  free  transition at x/c =  0.5315   53
 Side 2  free  transition at x/c =  0.9155   70

   2   rms: 0.8166E-01   max: -.1217E+01   C at   70  2   RLX: 0.411
       a =  4.500      CL =  0.7287
      Cm = -0.0512     CD =  0.00825   =>   CDf =  0.00493    CDp =  0.00332

 Side 1  free  transition at x/c =  0.5157   53
 Side 2  free  transition at x/c =  0.9275   70

   3   rms: 0.7101E-01   max: -.1123E+01   C at   70  2   RLX: 0.445
       a =  4.500      CL =  0.7382
      Cm = -0.0515     CD =  0.00835   =>   CDf =  0.00511    CDp =  0.00324

 Side 1  free  transition at x/c =  0.5044   53
 Side 2  free  transition at x/c =  0.9409   70

   4   rms: 0.4678E-01   max: -.7457E+00   C at   70  2   RLX: 0.671
       a =  4.500      CL =  0.7473
      Cm = -0.0520     CD =  0.00846   =>   CDf =  0.00510    CDp =  0.00335

 Side 1  free  transition at x/c =  0.4956   52
 Side 2  free  transition at x/c =  0.9799   73

   5   rms: 0.1808E-01   max: 0.1848E+00   C at   52  1
       a =  4.500      CL =  0.7614
      Cm = -0.0543     CD =  0.00849   =>   CDf =  0.00508    CDp =  0.00340

 Side 1  free  transition at x/c =  0.4842   51
 Side 2  free  transition at x/c =  0.9733   73

   6   rms: 0.2840E-02   max: -.3865E-01   C at   73  2
       a =  4.500      CL =  0.7610
      Cm = -0.0542     CD =  0.00850   =>   CDf =  0.00514    CDp =  0.00336

 Side 1  free  transition at x/c =  0.4852   51
 Side 2  free  transition at x/c =  0.9747   73

   7   rms: 0.3791E-04   max: -.6394E-03   C at   73  2
       a =  4.500      CL =  0.7610
      Cm = -0.0542     CD =  0.00850   =>   CDf =  0.00514    CDp =  0.00337
 plradd ia,ip,cpol           18           0  1.70896109E-02

 Point added to stored polar  1
 Point written to save file  hq2012_Re400k.base.pol                          
 Dump file unspecified or not available
 Calculating wake trajectory ...
 Calculating source influence matrix ...

 Solving BL system ...

 Side 1  free  transition at x/c =  0.4852   51
 Side 2  free  transition at x/c =  0.9747   73

   1   rms: 0.2225E+00   max: -.2851E+01   C at   73  2   RLX: 0.175
       a =  5.000      CL =  0.7764
      Cm = -0.0555     CD =  0.00861   =>   CDf =  0.00514    CDp =  0.00347

 Side 1  free  transition at x/c =  0.4618   50
 Side 2  free  transition at x/c =  0.9944   75

   2   rms: 0.3067E+00   max: 0.6893E+01   C at   75  2   RLX: 0.218
       a =  5.000      CL =  0.7906
      Cm = -0.0567     CD =  0.00897   =>   CDf =  0.00525    CDp =  0.00372

 Side 1  free  transition at x/c =  0.4407   48
 Side 2 forced transition at x/c =  1.0000   75

   3   rms: 0.7680E-01   max: 0.8711E+00   C at   48  1   RLX: 0.957
       a =  5.000      CL =  0.8086
      Cm = -0.0537     CD =  0.00927   =>   CDf =  0.00535    CDp =  0.00392

 Side 1  free  transition at x/c =  0.3778   44
 Side 2 forced transition at x/c =  1.0000   75

   4   rms: 0.1786E-01   max: -.2193E+00   C at   44  1
       a =  5.000      CL =  0.8087
      Cm = -0.0535     CD =  0.00949   =>   CDf =  0.00572    CDp =  0.00377

 Side 1  free  transition at x/c =  0.3832   44
 Side 2 forced transition at x/c =  1.0000   75

   5   rms: 0.2149E-02   max: 0.3385E-01   C at   44  1
       a =  5.000      CL =  0.8085
      Cm = -0.0534     CD =  0.00950   =>   CDf =  0.00565    CDp =  0.00385

 Side 1  free  transition at x/c =  0.3822   44
 Side 2 forced transition at x/c =  1.0000   75

   6   rms: 0.2472E-04   max: 0.2699E-03   D at   45  1
       a =  5.000      CL =  0.8085
      Cm = -0.0534     CD =  0.00950   =>   CDf =  0.00566    CDp =  0.00385
 plradd ia,ip,cpol           19           0  1.70896109E-02

 Point added to stored polar  1
 Point written to save file  hq2012_Re400k.base.pol                          
 Dump file unspecified or not available
 Calculating wake trajectory ...
 Calculating source influence matrix ...

 Solving BL system ...

 Side 1  free  transition at x/c =  0.3822   44
 Side 2 forced transition at x/c =  1.0000   75

   1   rms: 0.1489E+00   max: 0.2366E+01   C at   44  1   RLX: 0.634
       a =  5.500      CL =  0.8364
      Cm = -0.0524     CD =  0.01012   =>   CDf =  0.00548    CDp =  0.00463

 Side 1  free  transition at x/c =  0.3205   41
 Side 2 forced transition at x/c =  1.0000   74

   2   rms: 0.3297E-01   max: -.1985E+00   D at   41  1
       a =  5.500      CL =  0.8520
      Cm = -0.0518     CD =  0.01048   =>   CDf =  0.00600    CDp =  0.00448

 Side 1  free  transition at x/c =  0.3050   40
 Side 2 forced transition at x/c =  1.0000   74

   3   rms: 0.2899E-02   max: -.4879E-01   C at   40  1
       a =  5.500      CL =  0.8516
      Cm = -0.0517     CD =  0.01051   =>   CDf =  0.00606    CDp =  0.00445

 Side 1  free  transition at x/c =  0.3060   40
 Side 2 forced transition at x/c =  1.0000   74

   4   rms: 0.2268E-04   max: -.3289E-03   D at   42  1
       a =  5.500      CL =  0.8516
      Cm = -0.0517     CD =  0.01051   =>   CDf =  0.00605    CDp =  0.00446
 plradd ia,ip,cpol           20           0  9.07032471E-03

 Point added to stored polar  1
 Point written to save file  hq2012_Re400k.base.pol                          
 Dump file unspecified or not available
 Calculating wake trajectory ...
 Calculating source influence matrix ...

 Solving BL system ...

 Side 1  free  transition at x/c =  0.3060   40
 Side 2 forced transition at x/c =  1.0000   74

   1   rms: 0.1084E+00   max: 0.1433E+01   C at   40  1
       a =  6.000      CL =  0.8977
      Cm = -0.0504     CD =  0.01136   =>   CDf =  0.00605    CDp =  0.00531

 Side 1  free  transition at x/c =  0.2678   37
 Side 2 forced transition at x/c =  1.0000   74

   2   rms: 0.1695E-01   max: 0.2198E+00   D at   39  1
       a =  6.000      CL =  0.8970
      Cm = -0.0503     CD =  0.01135   =>   CDf =  0.00628    CDp =  0.00506

 Side 1  free  transition at x/c =  0.2698   38
 Side 2 forced transition at x/c =  1.0000   74

   3   rms: 0.7693E-02   max: -.8952E-01   D at   37  1
       a =  6.000      CL =  0.8974
      Cm = -0.0503     CD =  0.01131   =>   CDf =  0.00627    CDp =  0.00504

 Side 1  free  transition at x/c =  0.2707   38
 Side 2 forced transition at x/c =  1.0000   74

   4   rms: 0.1072E-02   max: 0.1520E-01   C at   38  1
       a =  6.000      CL =  0.8974
      Cm = -0.0503     CD =  0.01132   =>   CDf =  0.00622    CDp =  0.00510

 Side 1  free  transition at x/c =  0.2703   38
 Side 2 forced transition at x/c =  1.0000   74

   5   rms: 0.9573E-05   max: -.1291E-03   D at   39  1
       a =  6.000      CL =  0.8974
      Cm = -0.0503     CD =  0.01132   =>   CDf =  0.00623    CDp =  0.00510
 plradd ia,ip,cpol           21           0  9.07032471E-03

 Point added to stored polar  1
 Point written to save file  hq2012_Re400k.base.pol                          
 Dump file unspecified or not available
 Calculating wake trajectory ...
 Calculating source influence matrix ...

 Solving BL system ...

 Side 1  free  transition at x/c =  0.2703   38
 Side 2 forced transition at x/c =  1.0000   74

   1   rms: 0.9712E-01   max: 0.7200E+00   C at   38  1   RLX: 0.962
       a =  6.500      CL =  0.9395
      Cm = -0.0487     CD =  0.01229   =>   CDf =  0.00601    CDp =  0.00628

 Side 1  free  transition at x/c =  0.2418   37
 Side 2 forced transition at x/c =  1.0000   73

   2   rms: 0.2521E-01   max: -.3316E+00   D at   37  1
       a =  6.500      CL =  0.9441
      Cm = -0.0491     CD =  0.01204   =>   CDf =  0.00633    CDp =  0.00571

 Side 1  free  transition at x/c =  0.2432   37
 Side 2 forced transition at x/c =  1.0000   73

   3   rms: 0.3225E-02   max: 0.4523E-01   C at   37  1
       a =  6.500      CL =  0.9441
      Cm = -0.0491     CD =  0.01204   =>   CDf =  0.00628    CDp =  0.00576

 Side 1  free  transition at x/c =  0.2422   37
 Side 2 forced transition at x/c =  1.0000   73

   4   rms: 0.5310E-04   max: -.8456E-03   D at   38  1
       a =  6.500      CL =  0.9441
      Cm = -0.0491     CD =  0.01204   =>   CDf =  0.00629    CDp =  0.00575
 plradd ia,ip,cpol           22           0  9.07032471E-03

 Point added to stored polar  1
 Point written to save file  hq2012_Re400k.base.pol                          
 Dump file unspecified or not available
 Calculating wake trajectory ...
 Calculating source influence matrix ...

 Solving BL system ...

 Side 1  free  transition at x/c =  0.2422   37
 Side 2 forced transition at x/c =  1.0000   73

   1   rms: 0.9096E-01   max: 0.5363E+00   C at   37  1   RLX: 0.988
       a =  7.000      CL =  0.9879
      Cm = -0.0475     CD =  0.01295   =>   CDf =  0.00630    CDp =  0.00665

 Side 1  free  transition at x/c =  0.2165   35
 Side 2 forced transition at x/c =  1.0000   73

   2   rms: 0.2108E-01   max: 0.2755E+00   D at   36  1
       a =  7.000      CL =  0.9910
      Cm = -0.0478     CD =  0.01271   =>   CDf =  0.00633    CDp =  0.00637

 Side 1  free  transition at x/c =  0.2170   35
 Side 2 forced transition at x/c =  1.0000   73

   3   rms: 0.2610E-02   max: 0.4002E-01   C at   35  1
       a =  7.000      CL =  0.9912
      Cm = -0.0479     CD =  0.01269   =>   CDf =  0.00630    CDp =  0.00639

 Side 1  free  transition at x/c =  0.2160   35
 Side 2 forced transition at x/c =  1.0000   73

   4   rms: 0.4533E-04   max: -.6266E-03   D at   36  1
       a =  7.000      CL =  0.9911
      Cm = -0.0478     CD =  0.01270   =>   CDf =  0.00631    CDp =  0.00638
 plradd ia,ip,cpol           23           0  9.07032471E-03

 Point added to stored polar  1
 Point written to save file  hq2012_Re400k.base.pol                          
 Dump file unspecified or not available
 Calculating wake trajectory ...
 Calculating source influence matrix ...

 Solving BL system ...

 Side 1  free  transition at x/c =  0.2160   35
 Side 2 forced transition at x/c =  1.0000   73

   1   rms: 0.8848E-01   max: 0.5686E+00   C at   35  1
       a =  7.500      CL =  1.0367
      Cm = -0.0464     CD =  0.01348   =>   CDf =  0.00607    CDp =  0.00740

 Side 1  free  transition at x/c =  0.1789   33
 Side 2 forced transition at x/c =  1.0000   72

   2   rms: 0.2197E-01   max: 0.2359E+00   D at   35  1
       a =  7.500      CL =  1.0362
      Cm = -0.0464     CD =  0.01344   =>   CDf =  0.00643    CDp =  0.00700

 Side 1  free  transition at x/c =  0.1810   33
 Side 2 forced transition at x/c =  1.0000   72

   3   rms: 0.2766E-02   max: 0.4532E-01   C at   33  1
       a =  7.500      CL =  1.0360
      Cm = -0.0463     CD =  0.01346   =>   CDf =  0.00640    CDp =  0.00707

 Side 1  free  transition at x/c =  0.1798   33
 Side 2 forced transition at x/c =  1.0000   72

   4   rms: 0.4484E-04   max: -.5249E-03   D at   35  1
       a =  7.500      CL =  1.0359
      Cm = -0.0463     CD =  0.01347   =>   CDf =  0.00640    CDp =  0.00706
 plradd ia,ip,cpol           24           0  2.77626328E-04

 Point added to stored polar  1
 Point written to save file  hq2012_Re400k.base.pol                          
 Dump file unspecified or not available
 Calculating wake trajectory ...
 Calculating source influence matrix ...

 Solving BL system ...

 Side 1  free  transition at x/c =  0.1799   33
 Side 2 forced transition at x/c =  1.0000   72

   1   rms: 0.8889E-01   max: -.5052E+00   D at   33  1   RLX: 0.990
       a =  8.000      CL =  1.0833
      Cm = -0.0453     CD =  0.01406   =>   CDf =  0.00640    CDp =  0.00765

 Side 1  free  transition at x/c =  0.1184   29
 Side 2 forced transition at x/c =  1.0000   72

   2   rms: 0.2230E-01   max: -.2152E+00   D at   33  1
       a =  8.000      CL =  1.0744
      Cm = -0.0440     CD =  0.01466   =>   CDf =  0.00674    CDp =  0.00792

 Side 1  free  transition at x/c =  0.1188   29
 Side 2 forced transition at x/c =  1.0000   72

   3   rms: 0.3014E-02   max: 0.5633E-01   C at   29  1
       a =  8.000      CL =  1.0738
      Cm = -0.0439     CD =  0.01472   =>   CDf =  0.00673    CDp =  0.00799

 Side 1  free  transition at x/c =  0.1176   29
 Side 2 forced transition at x/c =  1.0000   72

   4   rms: 0.7854E-04   max: -.1342E-02   C at   29  1
       a =  8.000      CL =  1.0737
      Cm = -0.0439     CD =  0.01472   =>   CDf =  0.00674    CDp =  0.00798
 plradd ia,ip,cpol           25           0 -1.18388571E-05

 Point added to stored polar  1
 Point written to save file  hq2012_Re400k.base.pol                          
 Dump file unspecified or not available
 Calculating wake trajectory ...
 Calculating source influence matrix ...

 Solving BL system ...

 Side 1  free  transition at x/c =  0.1176   29
 Side 2 forced transition at x/c =  1.0000   72

   1   rms: 0.1450E+00   max: 0.2167E+01   C at   29  1   RLX: 0.490
       a =  8.500      CL =  1.0892
      Cm = -0.0424     CD =  0.01562   =>   CDf =  0.00675    CDp =  0.00887

 Side 1  free  transition at x/c =  0.0957   27
 Side 2 forced transition at x/c =  1.0000   72

   2   rms: 0.5468E-01   max: 0.4843E+00   C at   27  1
       a =  8.500      CL =  1.1092
      Cm = -0.0412     CD =  0.01617   =>   CDf =  0.00660    CDp =  0.00956

 Side 1  free  transition at x/c =  0.0779   27
 Side 2 forced transition at x/c =  1.0000   71

   3   rms: 0.6988E-02   max: 0.1385E-01   D at    2  2
       a =  8.500      CL =  1.1074
      Cm = -0.0409     CD =  0.01622   =>   CDf =  0.00697    CDp =  0.00924

 Side 1  free  transition at x/c =  0.0782   27
 Side 2 forced transition at x/c =  1.0000   71

   4   rms: 0.9280E-03   max: -.1093E-01   D at    4  1
       a =  8.500      CL =  1.1074
      Cm = -0.0409     CD =  0.01622   =>   CDf =  0.00697    CDp =  0.00924

 Side 1  free  transition at x/c =  0.0781   27
 Side 2 forced transition at x/c =  1.0000   71

   5   rms: 0.3298E-05   max: 0.1409E-04   D at   27  1
       a =  8.500      CL =  1.1074
      Cm = -0.0409     CD =  0.01622   =>   CDf =  0.00698    CDp =  0.00924
 plradd ia,ip,cpol           26           0 -1.18388571E-05

 Point added to stored polar  1
 Point written to save file  hq2012_Re400k.base.pol                          
 Dump file unspecified or not available
 Calculating wake trajectory ...
 Calculating source influence matrix ...

 Solving BL system ...

 Side 1  free  transition at x/c =  0.0781   27
 Side 2 forced transition at x/c =  1.0000   71

   1   rms: 0.1033E+00   max: -.7936E+00   D at   27  1   RLX: 0.630
       a =  9.000      CL =  1.1272
      Cm = -0.0389     CD =  0.01731   =>   CDf =  0.00698    CDp =  0.01033

 Side 1  free  transition at x/c =  0.0669   26
 Side 2 forced transition at x/c =  1.0000   71

   2   rms: 0.3571E-01   max: -.4294E+00   D at   26  1
       a =  9.000      CL =  1.1442
      Cm = -0.0383     CD =  0.01738   =>   CDf =  0.00696    CDp =  0.01042

 Side 1  free  transition at x/c =  0.0618   25
 Side 2 forced transition at x/c =  1.0000   71

   3   rms: 0.5872E-02   max: -.7137E-01   D at   26  1
       a =  9.000      CL =  1.1410
      Cm = -0.0378     CD =  0.01757   =>   CDf =  0.00702    CDp =  0.01056

 Side 1  free  transition at x/c =  0.0613   25
 Side 2 forced transition at x/c =  1.0000   71

   4   rms: 0.1221E-03   max: -.1454E-02   D at   26  1
       a =  9.000      CL =  1.1409
      Cm = -0.0378     CD =  0.01758   =>   CDf =  0.00703    CDp =  0.01056

 Side 1  free  transition at x/c =  0.0613   25
 Side 2 forced transition at x/c =  1.0000   71

   5   rms: 0.4084E-06   max: 0.4869E-05   C at   71  2
       a =  9.000      CL =  1.1409
      Cm = -0.0378     CD =  0.01758   =>   CDf =  0.00703    CDp =  0.01055
 plradd ia,ip,cpol           27           0 -1.18388571E-05

 Point added to stored polar  1
 Point written to save file  hq2012_Re400k.base.pol                          
 Dump file unspecified or not available
 Calculating wake trajectory ...
 Calculating source influence matrix ...

 Solving BL system ...

 Side 1  free  transition at x/c =  0.0613   25
 Side 2 forced transition at x/c =  1.0000   71

   1   rms: 0.7282E-01   max: 0.3156E+00   T at   25  1
       a =  9.500      CL =  1.1803
      Cm = -0.0355     CD =  0.01853   =>   CDf =  0.00703    CDp =  0.01151

 Side 1  free  transition at x/c =  0.0514   25
 Side 2 forced transition at x/c =  1.0000   71

   2   rms: 0.9904E-02   max: 0.4068E-01   D at   91  1
       a =  9.500      CL =  1.1710
      Cm = -0.0341     CD =  0.01885   =>   CDf =  0.00701    CDp =  0.01184

 Side 1  free  transition at x/c =  0.0521   25
 Side 2 forced transition at x/c =  1.0000   71

   3   rms: 0.4586E-03   max: 0.3551E-02   D at   90  1
       a =  9.500      CL =  1.1707
      Cm = -0.0341     CD =  0.01886   =>   CDf =  0.00700    CDp =  0.01186

 Side 1  free  transition at x/c =  0.0521   25
 Side 2 forced transition at x/c =  1.0000   71

   4   rms: 0.1636E-05   max: 0.2725E-04   C at   71  2
       a =  9.500      CL =  1.1707
      Cm = -0.0341     CD =  0.01886   =>   CDf =  0.00700    CDp =  0.01186
 plradd ia,ip,cpol           28           0 -1.18388571E-05

 Point added to stored polar  1
 Point written to save file  hq2012_Re400k.base.pol                          
 Dump file unspecified or not available
 Calculating wake trajectory ...
 Calculating source influence matrix ...

 Solving BL system ...

 Side 1  free  transition at x/c =  0.0521   25
 Side 2 forced transition at x/c =  1.0000   71

   1   rms: 0.8202E-01   max: 0.2526E+00   T at   25  1
       a = 10.000      CL =  1.1898
      Cm = -0.0288     CD =  0.02083   =>   CDf =  0.00700    CDp =  0.01382

 Side 1  free  transition at x/c =  0.0455   24
 Side 2 forced transition at x/c =  1.0000   71

   2   rms: 0.5653E-01   max: -.5173E+00   D at   24  1   RLX: 0.967
       a = 10.000      CL =  1.1992
      Cm = -0.0303     CD =  0.01983   =>   CDf =  0.00681    CDp =  0.01302

 Side 1  free  transition at x/c =  0.0470   24
 Side 2 forced transition at x/c =  1.0000   71

   3   rms: 0.6216E-02   max: 0.6642E-01   C at   24  1
       a = 10.000      CL =  1.2011
      Cm = -0.0305     CD =  0.02001   =>   CDf =  0.00687    CDp =  0.01314

 Side 1  free  transition at x/c =  0.0461   24
 Side 2 forced transition at x/c =  1.0000   71

   4   rms: 0.2666E-03   max: -.2081E-02   D at   25  1
       a = 10.000      CL =  1.2009
      Cm = -0.0305     CD =  0.02002   =>   CDf =  0.00688    CDp =  0.01314

 Side 1  free  transition at x/c =  0.0461   24
 Side 2 forced transition at x/c =  1.0000   71

   5   rms: 0.5124E-05   max: -.1543E-04   D at    6  2
       a = 10.000      CL =  1.2009
      Cm = -0.0305     CD =  0.02002   =>   CDf =  0.00688    CDp =  0.01314
 plradd ia,ip,cpol           29           0 -1.18388571E-05

 Point added to stored polar  1
 Point written to save file  hq2012_Re400k.base.pol                          
 Dump file unspecified or not available

.OPERva   c>  
 Solving BL system ...

 Side 1  free  transition at x/c =  0.0461   24
 Side 2 forced transition at x/c =  1.0000   71

   1   rms: 0.1099E-05   max: 0.1128E-04   D at    4  2
       a = 10.000      CL =  1.2009
      Cm = -0.0305     CD =  0.02002   =>   CDf =  0.00688    CDp =  0.01314
 plradd ia,ip,cpol           30         182 -1.18388571E-05

 Point added to stored polar  1
 Point written to save file  hq2012_Re400k.base.pol                          
 Dump file unspecified or not available
 Calculating wake trajectory ...
 Calculating source influence matrix ...

 Solving BL system ...

 Side 1  free  transition at x/c =  0.0461   24
 Side 2 forced transition at x/c =  1.0000   71

   1   rms: 0.3514E-01   max: -.1378E+00   D at   24  1
       a = 10.250      CL =  1.2167
      Cm = -0.0290     CD =  0.02063   =>   CDf =  0.00653    CDp =  0.01410

 Side 1  free  transition at x/c =  0.0434   25
 Side 2 forced transition at x/c =  1.0000   70

   2   rms: 0.4305E-02   max: -.4271E-01   T at    2  1
       a = 10.250      CL =  1.2146
      Cm = -0.0287     CD =  0.02070   =>   CDf =  0.00684    CDp =  0.01386

 Side 1  free  transition at x/c =  0.0433   25
 Side 2 forced transition at x/c =  1.0000   70

   3   rms: 0.1054E-02   max: -.1240E-01   D at    4  1
       a = 10.250      CL =  1.2145
      Cm = -0.0287     CD =  0.02070   =>   CDf =  0.00684    CDp =  0.01386

 Side 1  free  transition at x/c =  0.0433   25
 Side 2 forced transition at x/c =  1.0000   70

   4   rms: 0.1003E-05   max: 0.9091E-05   D at    8  1
       a = 10.250      CL =  1.2145
      Cm = -0.0287     CD =  0.02070   =>   CDf =  0.00684    CDp =  0.01386
 plradd ia,ip,cpol           31           0 -1.18388571E-05

 Point added to stored polar  1
 Point written to save file  hq2012_Re400k.base.pol                          
 Dump file unspecified or not available
 Calculating wake trajectory ...
 Calculating source influence matrix ...

 Solving BL system ...

 Side 1  free  transition at x/c =  0.0433   25
 Side 2 forced transition at x/c =  1.0000   70

   1   rms: 0.3630E-01   max: -.1444E+00   D at   25  1
       a = 10.500      CL =  1.2272
      Cm = -0.0268     CD =  0.02154   =>   CDf =  0.00684    CDp =  0.01469

 Side 1  free  transition at x/c =  0.0406   25
 Side 2 forced transition at x/c =  1.0000   70

   2   rms: 0.5270E-02   max: -.3366E-01   D at   25  1
       a = 10.500      CL =  1.2232
      Cm = -0.0263     CD =  0.02171   =>   CDf =  0.00681    CDp =  0.01490

 Side 1  free  transition at x/c =  0.0404   25
 Side 2 forced transition at x/c =  1.0000   70

   3   rms: 0.1382E-03   max: 0.1106E-02   D at   87  1
       a = 10.500      CL =  1.2232
      Cm = -0.0263     CD =  0.02171   =>   CDf =  0.00682    CDp =  0.01489

 Side 1  free  transition at x/c =  0.0404   25
 Side 2 forced transition at x/c =  1.0000   70

   4   rms: 0.3023E-05   max: -.1663E-04   C at   70  2
       a = 10.500      CL =  1.2232
      Cm = -0.0263     CD =  0.02171   =>   CDf =  0.00682    CDp =  0.01489
 plradd ia,ip,cpol           32           0 -1.18388571E-05

 Point added to stored polar  1
 Point written to save file  hq2012_Re400k.base.pol                          
 Dump file unspecified or not available
 Calculating wake trajectory ...
 Calculating source influence matrix ...

 Solving BL system ...

 Side 1  free  transition at x/c =  0.0404   25
 Side 2 forced transition at x/c =  1.0000   70

   1   rms: 0.4296E-01   max: 0.1133E+00   D at   80  1
       a = 10.750      CL =  1.2282
      Cm = -0.0236     CD =  0.02309   =>   CDf =  0.00682    CDp =  0.01627

 Side 1  free  transition at x/c =  0.0376   24
 Side 2 forced transition at x/c =  1.0000   70

   2   rms: 0.3443E-01   max: -.3436E+00   D at   24  1
       a = 10.750      CL =  1.2386
      Cm = -0.0249     CD =  0.02217   =>   CDf =  0.00670    CDp =  0.01547

 Side 1  free  transition at x/c =  0.0385   24
 Side 2 forced transition at x/c =  1.0000   70

   3   rms: 0.3414E-02   max: 0.3531E-01   D at   24  1
       a = 10.750      CL =  1.2403
      Cm = -0.0251     CD =  0.02222   =>   CDf =  0.00674    CDp =  0.01548

 Side 1  free  transition at x/c =  0.0382   24
 Side 2 forced transition at x/c =  1.0000   70

   4   rms: 0.1124E-03   max: 0.7627E-03   D at   85  1
       a = 10.750      CL =  1.2402
      Cm = -0.0251     CD =  0.02222   =>   CDf =  0.00673    CDp =  0.01548

 Side 1  free  transition at x/c =  0.0382   24
 Side 2 forced transition at x/c =  1.0000   70

   5   rms: 0.1501E-05   max: -.1293E-04   C at   70  2
       a = 10.750      CL =  1.2402
      Cm = -0.0251     CD =  0.02222   =>   CDf =  0.00673    CDp =  0.01548
 plradd ia,ip,cpol           33           0 -1.18388571E-05

 Point added to stored polar  1
 Point written to save file  hq2012_Re400k.base.pol                          
 Dump file unspecified or not available
 Calculating wake trajectory ...
 Calculating source influence matrix ...

 Solving BL system ...

 Side 1  free  transition at x/c =  0.0382   24
 Side 2 forced transition at x/c =  1.0000   70

   1   rms: 0.3415E-01   max: 0.1317E+00   T at   24  1
       a = 11.000      CL =  1.2573
      Cm = -0.0239     CD =  0.02278   =>   CDf =  0.00674    CDp =  0.01605

 Side 1  free  transition at x/c =  0.0362   24
 Side 2 forced transition at x/c =  1.0000   70

   2   rms: 0.3657E-02   max: 0.3477E-01   D at   24  1
       a = 11.000      CL =  1.2553
      Cm = -0.0237     CD =  0.02287   =>   CDf =  0.00667    CDp =  0.01620

 Side 1  free  transition at x/c =  0.0361   24
 Side 2 forced transition at x/c =  1.0000   70

   3   rms: 0.1245E-03   max: 0.7318E-03   D at   24  1
       a = 11.000      CL =  1.2552
      Cm = -0.0237     CD =  0.02286   =>   CDf =  0.00666    CDp =  0.01620

 Side 1  free  transition at x/c =  0.0361   24
 Side 2 forced transition at x/c =  1.0000   70

   4   rms: 0.3440E-05   max: -.1458E-04   C at   70  2
       a = 11.000      CL =  1.2552
      Cm = -0.0237     CD =  0.02286   =>   CDf =  0.00666    CDp =  0.01620
 plradd ia,ip,cpol           34           0 -1.18388571E-05

 Point added to stored polar  1
 Point written to save file  hq2012_Re400k.base.pol                          
 Dump file unspecified or not available
 Calculating wake trajectory ...
 Calculating source influence matrix ...

 Solving BL system ...

 Side 1  free  transition at x/c =  0.0361   24
 Side 2 forced transition at x/c =  1.0000   70

   1   rms: 0.3428E-01   max: -.1318E+00   D at   24  1
       a = 11.250      CL =  1.2709
      Cm = -0.0225     CD =  0.02354   =>   CDf =  0.00666    CDp =  0.01688

 Side 1  free  transition at x/c =  0.0334   24
 Side 2 forced transition at x/c =  1.0000   70

   2   rms: 0.3020E-02   max: -.1961E-01   D at   24  1
       a = 11.250      CL =  1.2688
      Cm = -0.0223     CD =  0.02362   =>   CDf =  0.00663    CDp =  0.01699

 Side 1  free  transition at x/c =  0.0335   24
 Side 2 forced transition at x/c =  1.0000   70

   3   rms: 0.7189E-04   max: -.3589E-03   D at   85  1
       a = 11.250      CL =  1.2688
      Cm = -0.0223     CD =  0.02362   =>   CDf =  0.00663    CDp =  0.01698
 plradd ia,ip,cpol           35           0 -1.18388571E-05

 Point added to stored polar  1
 Point written to save file  hq2012_Re400k.base.pol                          
 Dump file unspecified or not available
 Calculating wake trajectory ...
 Calculating source influence matrix ...

 Solving BL system ...

 Side 1  free  transition at x/c =  0.0335   24
 Side 2 forced transition at x/c =  1.0000   70

   1   rms: 0.3520E-01   max: -.1443E+00   D at   24  1
       a = 11.500      CL =  1.2809
      Cm = -0.0208     CD =  0.02458   =>   CDf =  0.00664    CDp =  0.01794

 Side 1  free  transition at x/c =  0.0312   24
 Side 2 forced transition at x/c =  1.0000   70

   2   rms: 0.5342E-02   max: 0.2783E-01   D at   83  1
       a = 11.500      CL =  1.2769
      Cm = -0.0204     CD =  0.02477   =>   CDf =  0.00659    CDp =  0.01818

 Side 1  free  transition at x/c =  0.0311   24
 Side 2 forced transition at x/c =  1.0000   70

   3   rms: 0.1441E-03   max: 0.1986E-02   D at   82  1
       a = 11.500      CL =  1.2769
      Cm = -0.0204     CD =  0.02477   =>   CDf =  0.00660    CDp =  0.01817

 Side 1  free  transition at x/c =  0.0311   24
 Side 2 forced transition at x/c =  1.0000   70

   4   rms: 0.1945E-05   max: -.3695E-04   C at   70  2
       a = 11.500      CL =  1.2769
      Cm = -0.0204     CD =  0.02477   =>   CDf =  0.00660    CDp =  0.01817
 plradd ia,ip,cpol           36           0 -1.18388571E-05

 Point added to stored polar  1
 Point written to save file  hq2012_Re400k.base.pol                          
 Dump file unspecified or not available
 Calculating wake trajectory ...
 Calculating source influence matrix ...

 Solving BL system ...

 Side 1  free  transition at x/c =  0.0311   24
 Side 2 forced transition at x/c =  1.0000   70

   1   rms: 0.4303E-01   max: 0.1216E+00   D at   77  1
       a = 11.750      CL =  1.2802
      Cm = -0.0181     CD =  0.02645   =>   CDf =  0.00660    CDp =  0.01986

 Side 1  free  transition at x/c =  0.0283   23
 Side 2 forced transition at x/c =  1.0000   70

   2   rms: 0.3543E-01   max: -.3455E+00   D at   23  1
       a = 11.750      CL =  1.2935
      Cm = -0.0193     CD =  0.02519   =>   CDf =  0.00646    CDp =  0.01873

 Side 1  free  transition at x/c =  0.0288   23
 Side 2 forced transition at x/c =  1.0000   70

   3   rms: 0.3521E-02   max: 0.4092E-01   C at   23  1
       a = 11.750      CL =  1.2943
      Cm = -0.0194     CD =  0.02531   =>   CDf =  0.00650    CDp =  0.01881

 Side 1  free  transition at x/c =  0.0284   23
 Side 2 forced transition at x/c =  1.0000   70

   4   rms: 0.1460E-03   max: 0.6519E-03   D at   81  1
       a = 11.750      CL =  1.2942
      Cm = -0.0194     CD =  0.02532   =>   CDf =  0.00650    CDp =  0.01881

 Side 1  free  transition at x/c =  0.0284   23
 Side 2 forced transition at x/c =  1.0000   70

   5   rms: 0.2800E-05   max: -.3742E-04   C at   70  2
       a = 11.750      CL =  1.2942
      Cm = -0.0194     CD =  0.02532   =>   CDf =  0.00650    CDp =  0.01881
 plradd ia,ip,cpol           37           0 -1.18388571E-05

 Point added to stored polar  1
 Point written to save file  hq2012_Re400k.base.pol                          
 Dump file unspecified or not available
 Calculating wake trajectory ...
 Calculating source influence matrix ...

 Solving BL system ...

 Side 1  free  transition at x/c =  0.0284   23
 Side 2 forced transition at x/c =  1.0000   70

   1   rms: 0.3495E-01   max: -.1505E+00   D at   23  1
       a = 12.000      CL =  1.3103
      Cm = -0.0185     CD =  0.02602   =>   CDf =  0.00608    CDp =  0.01994

 Side 1  free  transition at x/c =  0.0250   24
 Side 2 forced transition at x/c =  1.0000   69

   2   rms: 0.6177E-02   max: -.7737E-01   D at    2  1
       a = 12.000      CL =  1.3077
      Cm = -0.0183     CD =  0.02614   =>   CDf =  0.00645    CDp =  0.01969

 Side 1  free  transition at x/c =  0.0250   24
 Side 2 forced transition at x/c =  1.0000   69

   3   rms: 0.9529E-03   max: -.1129E-01   D at    4  1
       a = 12.000      CL =  1.3077
      Cm = -0.0183     CD =  0.02615   =>   CDf =  0.00646    CDp =  0.01969

 Side 1  free  transition at x/c =  0.0250   24
 Side 2 forced transition at x/c =  1.0000   69

   4   rms: 0.3013E-05   max: 0.2730E-04   D at   24  1
       a = 12.000      CL =  1.3077
      Cm = -0.0183     CD =  0.02615   =>   CDf =  0.00646    CDp =  0.01969
 plradd ia,ip,cpol           38           0 -1.18388571E-05

 Point added to stored polar  1
 Point written to save file  hq2012_Re400k.base.pol                          
 Dump file unspecified or not available
 Calculating wake trajectory ...
 Calculating source influence matrix ...

 Solving BL system ...

 Side 1  free  transition at x/c =  0.0250   24
 Side 2 forced transition at x/c =  1.0000   69

   1   rms: 0.4125E-01   max: -.3504E+00   D at   24  1
       a = 12.250      CL =  1.3195
      Cm = -0.0170     CD =  0.02726   =>   CDf =  0.00646    CDp =  0.02080

 Side 1  free  transition at x/c =  0.0213   23
 Side 2 forced transition at x/c =  1.0000   69

   2   rms: 0.1644E-01   max: -.1643E+00   D at   23  1
       a = 12.250      CL =  1.3207
      Cm = -0.0171     CD =  0.02699   =>   CDf =  0.00639    CDp =  0.02060

 Side 1  free  transition at x/c =  0.0203   23
 Side 2 forced transition at x/c =  1.0000   69

   3   rms: 0.1876E-02   max: 0.6165E-02   D at   81  1
       a = 12.250      CL =  1.3192
      Cm = -0.0170     CD =  0.02716   =>   CDf =  0.00643    CDp =  0.02073

 Side 1  free  transition at x/c =  0.0203   23
 Side 2 forced transition at x/c =  1.0000   69

   4   rms: 0.1397E-04   max: 0.1386E-03   D at   80  1
       a = 12.250      CL =  1.3192
      Cm = -0.0170     CD =  0.02716   =>   CDf =  0.00643    CDp =  0.02073
 plradd ia,ip,cpol           39           0 -1.18388571E-05

 Point added to stored polar  1
 Point written to save file  hq2012_Re400k.base.pol                          
 Dump file unspecified or not available
 Calculating wake trajectory ...
 Calculating source influence matrix ...

 Solving BL system ...

 Side 1  free  transition at x/c =  0.0203   23
 Side 2 forced transition at x/c =  1.0000   69

   1   rms: 0.4004E-01   max: -.2775E+00   D at   23  1
       a = 12.500      CL =  1.3311
      Cm = -0.0158     CD =  0.02829   =>   CDf =  0.00643    CDp =  0.02186

 Side 1  free  transition at x/c =  0.0156   22
 Side 2 forced transition at x/c =  1.0000   69

   2   rms: 0.1022E-01   max: -.1157E+00   D at   22  1
       a = 12.500      CL =  1.3264
      Cm = -0.0154     CD =  0.02852   =>   CDf =  0.00643    CDp =  0.02209

 Side 1  free  transition at x/c =  0.0160   22
 Side 2 forced transition at x/c =  1.0000   69

   3   rms: 0.4536E-03   max: 0.7057E-02   C at   22  1
       a = 12.500      CL =  1.3264
      Cm = -0.0154     CD =  0.02854   =>   CDf =  0.00644    CDp =  0.02210

 Side 1  free  transition at x/c =  0.0160   22
 Side 2 forced transition at x/c =  1.0000   69

   4   rms: 0.7531E-05   max: 0.2829E-04   D at   79  1
       a = 12.500      CL =  1.3264
      Cm = -0.0154     CD =  0.02854   =>   CDf =  0.00644    CDp =  0.02210
 plradd ia,ip,cpol           40           0 -1.18388571E-05

 Point added to stored polar  1
 Point written to save file  hq2012_Re400k.base.pol                          
 Dump file unspecified or not available
 Calculating wake trajectory ...
 Calculating source influence matrix ...

 Solving BL system ...

 Side 1  free  transition at x/c =  0.0160   22
 Side 2 forced transition at x/c =  1.0000   69

   1   rms: 0.4200E-01   max: 0.2177E+00   T at   22  1
       a = 12.750      CL =  1.3351
      Cm = -0.0141     CD =  0.03001   =>   CDf =  0.00644    CDp =  0.02357

 Side 1  free  transition at x/c =  0.0120   21
 Side 2 forced transition at x/c =  1.0000   69

   2   rms: 0.9992E-02   max: -.7810E-01   D at   21  1
       a = 12.750      CL =  1.3287
      Cm = -0.0137     CD =  0.03036   =>   CDf =  0.00644    CDp =  0.02392

 Side 1  free  transition at x/c =  0.0125   21
 Side 2 forced transition at x/c =  1.0000   69

   3   rms: 0.3440E-03   max: -.4027E-02   C at   21  1
       a = 12.750      CL =  1.3288
      Cm = -0.0137     CD =  0.03035   =>   CDf =  0.00645    CDp =  0.02390

 Side 1  free  transition at x/c =  0.0125   21
 Side 2 forced transition at x/c =  1.0000   69

   4   rms: 0.1105E-04   max: -.6277E-04   D at   78  2
       a = 12.750      CL =  1.3288
      Cm = -0.0137     CD =  0.03035   =>   CDf =  0.00645    CDp =  0.02391
 plradd ia,ip,cpol           41           0 -1.18388571E-05

 Point added to stored polar  1
 Point written to save file  hq2012_Re400k.base.pol                          
 Dump file unspecified or not available
 Calculating wake trajectory ...
 Calculating source influence matrix ...

 Solving BL system ...

 Side 1  free  transition at x/c =  0.0125   21
 Side 2 forced transition at x/c =  1.0000   69

   1   rms: 0.3502E-01   max: -.1622E+00   C at   21  1
       a = 13.000      CL =  1.3382
      Cm = -0.0126     CD =  0.03179   =>   CDf =  0.00645    CDp =  0.02534

 Side 1  free  transition at x/c =  0.0111   21
 Side 2 forced transition at x/c =  1.0000   69

   2   rms: 0.3621E-02   max: 0.2268E-01   D at   77  1
       a = 13.000      CL =  1.3356
      Cm = -0.0124     CD =  0.03186   =>   CDf =  0.00635    CDp =  0.02551

 Side 1  free  transition at x/c =  0.0112   21
 Side 2 forced transition at x/c =  1.0000   69

   3   rms: 0.5541E-04   max: 0.5618E-03   D at   79  2
       a = 13.000      CL =  1.3356
      Cm = -0.0124     CD =  0.03184   =>   CDf =  0.00634    CDp =  0.02550
 plradd ia,ip,cpol           42           0 -1.18388571E-05

 Point added to stored polar  1
 Point written to save file  hq2012_Re400k.base.pol                          
 Dump file unspecified or not available
 Calculating wake trajectory ...
 Calculating source influence matrix ...

 Solving BL system ...

 Side 1  free  transition at x/c =  0.0112   21
 Side 2 forced transition at x/c =  1.0000   69

   1   rms: 0.3802E-01   max: 0.1277E+00   T at   21  1   RLX: 0.960
       a = 13.250      CL =  1.3411
      Cm = -0.0113     CD =  0.03366   =>   CDf =  0.00634    CDp =  0.02731

 Side 1  free  transition at x/c =  0.0100   21
 Side 2 forced transition at x/c =  1.0000   69

   2   rms: 0.5046E-02   max: 0.3151E-01   D at   76  1
       a = 13.250      CL =  1.3386
      Cm = -0.0111     CD =  0.03375   =>   CDf =  0.00626    CDp =  0.02749

 Side 1  free  transition at x/c =  0.0101   21
 Side 2 forced transition at x/c =  1.0000   69

   3   rms: 0.1138E-03   max: 0.2042E-02   D at   75  1
       a = 13.250      CL =  1.3385
      Cm = -0.0111     CD =  0.03374   =>   CDf =  0.00626    CDp =  0.02748

 Side 1  free  transition at x/c =  0.0101   21
 Side 2 forced transition at x/c =  1.0000   69

   4   rms: 0.2017E-05   max: -.1780E-04   C at   69  2
       a = 13.250      CL =  1.3385
      Cm = -0.0111     CD =  0.03374   =>   CDf =  0.00626    CDp =  0.02748
 plradd ia,ip,cpol           43           0 -1.18388571E-05

 Point added to stored polar  1
 Point written to save file  hq2012_Re400k.base.pol                          
 Dump file unspecified or not available
 Calculating wake trajectory ...
 Calculating source influence matrix ...

 Solving BL system ...

 Side 1  free  transition at x/c =  0.0101   21
 Side 2 forced transition at x/c =  1.0000   69

   1   rms: 0.3862E-01   max: 0.1437E+00   T at   21  1   RLX: 0.913
       a = 13.500      CL =  1.3427
      Cm = -0.0102     CD =  0.03564   =>   CDf =  0.00626    CDp =  0.02938

 Side 1  free  transition at x/c =  0.0093   21
 Side 2 forced transition at x/c =  1.0000   69

   2   rms: 0.8559E-02   max: 0.4194E-01   D at   74  1
       a = 13.500      CL =  1.3384
      Cm = -0.0099     CD =  0.03607   =>   CDf =  0.00618    CDp =  0.02989

 Side 1  free  transition at x/c =  0.0092   21
 Side 2 forced transition at x/c =  1.0000   69

   3   rms: 0.6672E-03   max: 0.4241E-02   D at   74  1
       a = 13.500      CL =  1.3379
      Cm = -0.0098     CD =  0.03604   =>   CDf =  0.00617    CDp =  0.02987

 Side 1  free  transition at x/c =  0.0092   21
 Side 2 forced transition at x/c =  1.0000   69

   4   rms: 0.1176E-04   max: 0.1203E-03   D at   80  2
       a = 13.500      CL =  1.3379
      Cm = -0.0098     CD =  0.03603   =>   CDf =  0.00617    CDp =  0.02986
 plradd ia,ip,cpol           44           0 -1.18388571E-05

 Point added to stored polar  1
 Point written to save file  hq2012_Re400k.base.pol                          
 Dump file unspecified or not available
 Calculating wake trajectory ...
 Calculating source influence matrix ...

 Solving BL system ...

 Side 1  free  transition at x/c =  0.0092   21
 Side 2 forced transition at x/c =  1.0000   69

   1   rms: 0.4032E-01   max: 0.1313E+00   D at   70  1   RLX: 0.860
       a = 13.750      CL =  1.3385
      Cm = -0.0090     CD =  0.03831   =>   CDf =  0.00617    CDp =  0.03214

 Side 1  free  transition at x/c =  0.0089   20
 Side 2 forced transition at x/c =  1.0000   69

   2   rms: 0.6906E-02   max: -.7155E-01   D at   20  1
       a = 13.750      CL =  1.3391
      Cm = -0.0089     CD =  0.03827   =>   CDf =  0.00606    CDp =  0.03221

 Side 1  free  transition at x/c =  0.0089   20
 Side 2 forced transition at x/c =  1.0000   69

   3   rms: 0.1377E-03   max: 0.1745E-02   D at   72  1
       a = 13.750      CL =  1.3391
      Cm = -0.0089     CD =  0.03824   =>   CDf =  0.00605    CDp =  0.03219

 Side 1  free  transition at x/c =  0.0089   20
 Side 2 forced transition at x/c =  1.0000   69

   4   rms: 0.5678E-05   max: 0.3794E-04   C at   69  2
       a = 13.750      CL =  1.3391
      Cm = -0.0089     CD =  0.03824   =>   CDf =  0.00605    CDp =  0.03219
 plradd ia,ip,cpol           45           0 -1.18388571E-05

 Point added to stored polar  1
 Point written to save file  hq2012_Re400k.base.pol                          
 Dump file unspecified or not available
 Calculating wake trajectory ...
 Calculating source influence matrix ...

 Solving BL system ...

 Side 1  free  transition at x/c =  0.0089   20
 Side 2 forced transition at x/c =  1.0000   69

   1   rms: 0.3496E-01   max: 0.1121E+00   D at   69  1   RLX: 0.826
       a = 14.000      CL =  1.3423
      Cm = -0.0084     CD =  0.04022   =>   CDf =  0.00606    CDp =  0.03417

 Side 1  free  transition at x/c =  0.0088   20
 Side 2 forced transition at x/c =  1.0000   69

   2   rms: 0.7778E-02   max: 0.3843E-01   D at   71  1
       a = 14.000      CL =  1.3407
      Cm = -0.0082     CD =  0.04062   =>   CDf =  0.00595    CDp =  0.03467

 Side 1  free  transition at x/c =  0.0088   20
 Side 2 forced transition at x/c =  1.0000   69

   3   rms: 0.7123E-03   max: 0.4069E-02   D at   81  2
       a = 14.000      CL =  1.3401
      Cm = -0.0082     CD =  0.04057   =>   CDf =  0.00593    CDp =  0.03464

 Side 1  free  transition at x/c =  0.0088   20
 Side 2 forced transition at x/c =  1.0000   69

   4   rms: 0.1874E-04   max: 0.1743E-03   D at   81  2
       a = 14.000      CL =  1.3401
      Cm = -0.0082     CD =  0.04057   =>   CDf =  0.00593    CDp =  0.03464
 plradd ia,ip,cpol           46           0 -1.18388571E-05

 Point added to stored polar  1
 Point written to save file  hq2012_Re400k.base.pol                          
 Dump file unspecified or not available
 Calculating wake trajectory ...
 Calculating source influence matrix ...

 Solving BL system ...

 Side 1  free  transition at x/c =  0.0088   20
 Side 2 forced transition at x/c =  1.0000   69

   1   rms: 0.3565E-01   max: 0.1129E+00   D at   67  1   RLX: 0.789
       a = 14.250      CL =  1.3430
      Cm = -0.0079     CD =  0.04259   =>   CDf =  0.00593    CDp =  0.03666

 Side 1  free  transition at x/c =  0.0084   20
 Side 2 forced transition at x/c =  1.0000   69

   2   rms: 0.9270E-02   max: 0.4808E-01   D at   70  1
       a = 14.250      CL =  1.3410
      Cm = -0.0077     CD =  0.04315   =>   CDf =  0.00583    CDp =  0.03733

 Side 1  free  transition at x/c =  0.0083   20
 Side 2 forced transition at x/c =  1.0000   69

   3   rms: 0.9928E-03   max: 0.8245E-02   D at   81  2
       a = 14.250      CL =  1.3404
      Cm = -0.0076     CD =  0.04309   =>   CDf =  0.00580    CDp =  0.03729

 Side 1  free  transition at x/c =  0.0083   20
 Side 2 forced transition at x/c =  1.0000   69

   4   rms: 0.3288E-04   max: 0.4343E-03   D at   81  2
       a = 14.250      CL =  1.3403
      Cm = -0.0076     CD =  0.04308   =>   CDf =  0.00580    CDp =  0.03728
 plradd ia,ip,cpol           47           0 -1.18388571E-05

 Point added to stored polar  1
 Point written to save file  hq2012_Re400k.base.pol                          
 Dump file unspecified or not available
 Calculating wake trajectory ...
 Calculating source influence matrix ...

 Solving BL system ...

 Side 1  free  transition at x/c =  0.0083   20
 Side 2 forced transition at x/c =  1.0000   69

   1   rms: 0.3700E-01   max: 0.1281E+00   D at   66  1   RLX: 0.752
       a = 14.500      CL =  1.3411
      Cm = -0.0075     CD =  0.04538   =>   CDf =  0.00580    CDp =  0.03958

 Side 1  free  transition at x/c =  0.0082   20
 Side 2 forced transition at x/c =  1.0000   69

   2   rms: 0.1129E-01   max: 0.5234E-01   D at   68  1
       a = 14.500      CL =  1.3385
      Cm = -0.0074     CD =  0.04611   =>   CDf =  0.00570    CDp =  0.04041

 Side 1  free  transition at x/c =  0.0082   20
 Side 2 forced transition at x/c =  1.0000   69

   3   rms: 0.1247E-02   max: 0.6570E-02   D at   82  2
       a = 14.500      CL =  1.3376
      Cm = -0.0074     CD =  0.04602   =>   CDf =  0.00566    CDp =  0.04036

 Side 1  free  transition at x/c =  0.0082   20
 Side 2 forced transition at x/c =  1.0000   69

   4   rms: 0.4462E-04   max: 0.3861E-03   D at   82  2
       a = 14.500      CL =  1.3376
      Cm = -0.0074     CD =  0.04601   =>   CDf =  0.00566    CDp =  0.04035
 plradd ia,ip,cpol           48           0 -1.18388571E-05

 Point added to stored polar  1
 Point written to save file  hq2012_Re400k.base.pol                          
 Dump file unspecified or not available
 Calculating wake trajectory ...
 Calculating source influence matrix ...

 Solving BL system ...

 Side 1  free  transition at x/c =  0.0082   20
 Side 2 forced transition at x/c =  1.0000   69

   1   rms: 0.3685E-01   max: 0.1279E+00   D at   64  1   RLX: 0.718
       a = 14.750      CL =  1.3382
      Cm = -0.0074     CD =  0.04833   =>   CDf =  0.00567    CDp =  0.04266

 Side 1  free  transition at x/c =  0.0079   20
 Side 2 forced transition at x/c =  1.0000   69

   2   rms: 0.1234E-01   max: 0.6025E-01   D at   67  1
       a = 14.750      CL =  1.3356
      Cm = -0.0074     CD =  0.04924   =>   CDf =  0.00557    CDp =  0.04366

 Side 1  free  transition at x/c =  0.0078   20
 Side 2 forced transition at x/c =  1.0000   69

   3   rms: 0.1643E-02   max: 0.1115E-01   D at   66  1
       a = 14.750      CL =  1.3345
      Cm = -0.0074     CD =  0.04914   =>   CDf =  0.00554    CDp =  0.04361

 Side 1  free  transition at x/c =  0.0078   20
 Side 2 forced transition at x/c =  1.0000   69

   4   rms: 0.7180E-04   max: 0.6167E-03   D at   82  2
       a = 14.750      CL =  1.3344
      Cm = -0.0073     CD =  0.04913   =>   CDf =  0.00553    CDp =  0.04360
 plradd ia,ip,cpol           49           0 -1.18388571E-05

 Point added to stored polar  1
 Point written to save file  hq2012_Re400k.base.pol                          
 Dump file unspecified or not available
 Calculating wake trajectory ...
 Calculating source influence matrix ...

 Solving BL system ...

 Side 1  free  transition at x/c =  0.0078   20
 Side 2 forced transition at x/c =  1.0000   69

   1   rms: 0.3641E-01   max: 0.1328E+00   D at   63  1   RLX: 0.686
       a = 15.000      CL =  1.3344
      Cm = -0.0076     CD =  0.05156   =>   CDf =  0.00490    CDp =  0.04666

 Side 1  free  transition at x/c =  0.0077   21
 Side 2 forced transition at x/c =  1.0000   68

   2   rms: 0.1359E-01   max: 0.6241E-01   D at   66  1
       a = 15.000      CL =  1.3318
      Cm = -0.0077     CD =  0.05261   =>   CDf =  0.00543    CDp =  0.04718

 Side 1  free  transition at x/c =  0.0077   21
 Side 2 forced transition at x/c =  1.0000   68

   3   rms: 0.1833E-02   max: 0.1122E-01   D at   81  2
       a = 15.000      CL =  1.3306
      Cm = -0.0076     CD =  0.05249   =>   CDf =  0.00539    CDp =  0.04710

 Side 1  free  transition at x/c =  0.0077   21
 Side 2 forced transition at x/c =  1.0000   68

   4   rms: 0.7941E-04   max: 0.6345E-03   D at   81  2
       a = 15.000      CL =  1.3305
      Cm = -0.0076     CD =  0.05247   =>   CDf =  0.00539    CDp =  0.04708
 plradd ia,ip,cpol           50           0 -1.18388571E-05

 Point added to stored polar  1
 Point written to save file  hq2012_Re400k.base.pol                          
 Dump file unspecified or not available
 Calculating wake trajectory ...
 Calculating source influence matrix ...

 Solving BL system ...

 Side 1  free  transition at x/c =  0.0077   21
 Side 2 forced transition at x/c =  1.0000   68

   1   rms: 0.3646E-01   max: 0.1371E+00   D at   63  1   RLX: 0.656
       a = 15.250      CL =  1.3300
      Cm = -0.0081     CD =  0.05498   =>   CDf =  0.00539    CDp =  0.04960

 Side 1  free  transition at x/c =  0.0076   21
 Side 2 forced transition at x/c =  1.0000   68

   2   rms: 0.1451E-01   max: 0.6361E-01   D at   64  1
       a = 15.250      CL =  1.3274
      Cm = -0.0083     CD =  0.05624   =>   CDf =  0.00530    CDp =  0.05094

 Side 1  free  transition at x/c =  0.0077   21
 Side 2 forced transition at x/c =  1.0000   68

   3   rms: 0.2074E-02   max: 0.1035E-01   D at   82  2
       a = 15.250      CL =  1.3259
      Cm = -0.0082     CD =  0.05611   =>   CDf =  0.00525    CDp =  0.05086

 Side 1  free  transition at x/c =  0.0077   21
 Side 2 forced transition at x/c =  1.0000   68

   4   rms: 0.1077E-03   max: 0.8590E-03   D at   82  2
       a = 15.250      CL =  1.3258
      Cm = -0.0082     CD =  0.05608   =>   CDf =  0.00525    CDp =  0.05083

 Side 1  free  transition at x/c =  0.0077   21
 Side 2 forced transition at x/c =  1.0000   68

   5   rms: 0.2425E-05   max: -.4436E-04   C at   68  2
       a = 15.250      CL =  1.3258
      Cm = -0.0082     CD =  0.05608   =>   CDf =  0.00525    CDp =  0.05083
 plradd ia,ip,cpol           51           0 -1.18388571E-05

 Point added to stored polar  1
 Point written to save file  hq2012_Re400k.base.pol                          
 Dump file unspecified or not available
 Calculating wake trajectory ...
 Calculating source influence matrix ...

 Solving BL system ...

 Side 1  free  transition at x/c =  0.0077   21
 Side 2 forced transition at x/c =  1.0000   68

   1   rms: 0.3876E-01   max: 0.1496E+00   D at   61  1   RLX: 0.628
       a = 15.500      CL =  1.3244
      Cm = -0.0089     CD =  0.05889   =>   CDf =  0.00525    CDp =  0.05363

 Side 1  free  transition at x/c =  0.0075   21
 Side 2 forced transition at x/c =  1.0000   68

   2   rms: 0.1714E-01   max: 0.7904E-01   D at   63  1
       a = 15.500      CL =  1.3204
      Cm = -0.0093     CD =  0.06052   =>   CDf =  0.00517    CDp =  0.05535

 Side 1  free  transition at x/c =  0.0074   21
 Side 2 forced transition at x/c =  1.0000   68

   3   rms: 0.2925E-02   max: 0.1881E-01   D at   62  1
       a = 15.500      CL =  1.3185
      Cm = -0.0092     CD =  0.06034   =>   CDf =  0.00512    CDp =  0.05523

 Side 1  free  transition at x/c =  0.0075   21
 Side 2 forced transition at x/c =  1.0000   68

   4   rms: 0.1787E-03   max: 0.1589E-02   D at   82  2
       a = 15.500      CL =  1.3184
      Cm = -0.0092     CD =  0.06030   =>   CDf =  0.00511    CDp =  0.05518

 Side 1  free  transition at x/c =  0.0075   21
 Side 2 forced transition at x/c =  1.0000   68

   5   rms: 0.5034E-05   max: -.9222E-04   C at   68  2
       a = 15.500      CL =  1.3184
      Cm = -0.0092     CD =  0.06029   =>   CDf =  0.00511    CDp =  0.05518
 plradd ia,ip,cpol           52           0 -1.18388571E-05

 Point added to stored polar  1
 Point written to save file  hq2012_Re400k.base.pol                          
 Dump file unspecified or not available
 Calculating wake trajectory ...
 Calculating source influence matrix ...

 Solving BL system ...

 Side 1  free  transition at x/c =  0.0075   21
 Side 2 forced transition at x/c =  1.0000   68

   1   rms: 0.3914E-01   max: 0.1551E+00   D at   59  1   RLX: 0.600
       a = 15.750      CL =  1.3165
      Cm = -0.0101     CD =  0.06322   =>   CDf =  0.00512    CDp =  0.05810

 Side 1  free  transition at x/c =  0.0073   21
 Side 2 forced transition at x/c =  1.0000   68

   2   rms: 0.1888E-01   max: 0.8875E-01   D at   61  1
       a = 15.750      CL =  1.3119
      Cm = -0.0107     CD =  0.06516   =>   CDf =  0.00504    CDp =  0.06013

 Side 1  free  transition at x/c =  0.0073   21
 Side 2 forced transition at x/c =  1.0000   68

   3   rms: 0.3318E-02   max: 0.2043E-01   D at   60  1
       a = 15.750      CL =  1.3098
      Cm = -0.0106     CD =  0.06494   =>   CDf =  0.00498    CDp =  0.05997

 Side 1  free  transition at x/c =  0.0073   21
 Side 2 forced transition at x/c =  1.0000   68

   4   rms: 0.1999E-03   max: 0.1395E-02   D at   82  2
       a = 15.750      CL =  1.3096
      Cm = -0.0106     CD =  0.06489   =>   CDf =  0.00498    CDp =  0.05991

 Side 1  free  transition at x/c =  0.0073   21
 Side 2 forced transition at x/c =  1.0000   68

   5   rms: 0.5598E-05   max: -.7739E-04   C at   68  2
       a = 15.750      CL =  1.3096
      Cm = -0.0106     CD =  0.06489   =>   CDf =  0.00498    CDp =  0.05991
 plradd ia,ip,cpol           53           0 -1.18388571E-05

 Point added to stored polar  1
 Point written to save file  hq2012_Re400k.base.pol                          
 Dump file unspecified or not available
 Calculating wake trajectory ...
 Calculating source influence matrix ...

 Solving BL system ...

 Side 1  free  transition at x/c =  0.0073   21
 Side 2 forced transition at x/c =  1.0000   68

   1   rms: 0.3707E-01   max: 0.1491E+00   D at   57  1   RLX: 0.575
       a = 16.000      CL =  1.3085
      Cm = -0.0116     CD =  0.06777   =>   CDf =  0.00498    CDp =  0.06279

 Side 1  free  transition at x/c =  0.0073   21
 Side 2 forced transition at x/c =  1.0000   68

   2   rms: 0.1850E-01   max: 0.8630E-01   D at   59  1
       a = 16.000      CL =  1.3048
      Cm = -0.0124     CD =  0.06982   =>   CDf =  0.00490    CDp =  0.06492

 Side 1  free  transition at x/c =  0.0073   21
 Side 2 forced transition at x/c =  1.0000   68

   3   rms: 0.3498E-02   max: 0.1940E-01   D at   58  1
       a = 16.000      CL =  1.3025
      Cm = -0.0123     CD =  0.06957   =>   CDf =  0.00484    CDp =  0.06473

 Side 1  free  transition at x/c =  0.0073   21
 Side 2 forced transition at x/c =  1.0000   68

   4   rms: 0.2570E-03   max: 0.1927E-02   D at   83  2
       a = 16.000      CL =  1.3023
      Cm = -0.0123     CD =  0.06950   =>   CDf =  0.00483    CDp =  0.06467

 Side 1  free  transition at x/c =  0.0073   21
 Side 2 forced transition at x/c =  1.0000   68

   5   rms: 0.7292E-05   max: -.8165E-04   C at   68  2
       a = 16.000      CL =  1.3023
      Cm = -0.0123     CD =  0.06950   =>   CDf =  0.00483    CDp =  0.06466
 plradd ia,ip,cpol           54           0 -1.18388571E-05

 Point added to stored polar  1
 Point written to save file  hq2012_Re400k.base.pol                          
 Dump file unspecified or not available

.OPERva   c>  
 Polar accumulation disabled

.OPERv   c>  
 XFOIL   c>  
 XFOIL   c>  