
 ===================================================
  XFOIL Version 6.99
  Copyright (C) 2000   Mark Drela, Harold Youngren

  This software comes with ABSOLUTELY NO WARRANTY,
    subject to the GNU General Public License.

  Caveat computor
 ===================================================

 File  xfoil.def  not found

   QUIT    Exit program

  .OPER    Direct operating point(s)
  .MDES    Complex mapping design routine
  .QDES    Surface speed design routine
  .GDES    Geometry design routine

   SAVE f  Write airfoil to labeled coordinate file
   PSAV f  Write airfoil to plain coordinate file
   ISAV f  Write airfoil to ISES coordinate file
   MSAV f  Write airfoil to MSES coordinate file
   REVE    Reverse written-airfoil node ordering

   LOAD f  Read buffer airfoil from coordinate file
   NACA i  Set NACA 4,5-digit airfoil and buffer airfoil
   INTE    Set buffer airfoil by interpolating two airfoils
   NORM    Buffer airfoil normalization toggle
   XYCM rr Change CM reference location, currently  0.25000 0.00000

   BEND    Display structural properties of current airfoil

   PCOP    Set current-airfoil panel nodes directly from buffer airfoil points
   PANE    Set current-airfoil panel nodes ( 160 ) based on curvature
  .PPAR    Show/change paneling

  .PLOP    Plotting options

   WDEF f  Write  current-settings file
   RDEF f  Reread current-settings file
   NAME s  Specify new airfoil name
   NINC    Increment name version number

   Z       Zoom    | (available in all menus)
   U       Unzoom  | 

 XFOIL   c>  
 Labeled airfoil file.  Name:  HQ 3.5/18 AIRFOIL                               

 Number of input coordinate points:  39
 Counterclockwise ordering
 Max thickness =     0.180007  at x =   0.350
 Max camber    =     0.033659  at x =   0.500

  LE  x,y  =  -0.00020   0.00264  |   Chord =   1.00020
  TE  x,y  =   1.00000   0.00000  |

 Current airfoil nodes set from buffer airfoil nodes (  39 )

 WARNING: Poor input coordinate distribution
          Excessive panel angle   40.1  at i =  20
          Repaneling with PANE and/or PPAR suggested
           (doing GDES,CADD before repaneling _may_
            improve excessively coarse LE spacing

 XFOIL   c>  
 XFOIL   c>  
 Sharp trailing edge

 Paneling parameters used...
   Number of panel nodes       160
   Panel bunching parameter    1.000
   TE/LE panel density ratio   0.150
   Refined-area/LE panel density ratio    0.200
   Top    side refined area x/c limits  1.000 1.000
   Bottom side refined area x/c limits  1.000 1.000

 XFOIL   c>  
.OPERi   c>  
 Xtr/c     =  1.0000    top    side
 Xtr/c     =  1.0000    bottom side
 Ncrit     =    9.00   ( 0.070 % turb. level )
 Vacc      =  0.0100

 Klag  =  5.6000     Uxwt  =    1.00
 A     =  6.7000     B     =  0.7500       KCt = 0.01485
 CtiniK=  1.8000     CtiniX=  3.3000

..VPAR   c>  
..VPAR   c>  
.OPERi   c>  
 M  =    0.0000
 Re =    500000

.OPERv   c>  
.OPERv   c>  
.OPERv   c>  
 Polar  1 newly created for accumulation
 Airfoil archived with polar: HQ 3.5/18 AIRFOIL                               

Enter  polar save filename  OR  <return> for no file   s>  
 New polar save file available

Enter  polar dump filename  OR  <return> for no file   s>  
 Polar dump file will NOT be written

 Polar accumulation enabled

.OPERva   c>   Calculating unit vorticity distributions ...
 Calculating wake trajectory ...
 Calculating source influence matrix ...

 Solving BL system ...

 Initializing BL ...
    side            1  ...
 MRCHUE: Inverse mode at  28     Hk =   3.998
 MRCHUE: Inverse mode at  29     Hk =   4.920
 MRCHUE: Inverse mode at  30     Hk =   5.822
 MRCHUE: Inverse mode at  31     Hk =   6.717
 MRCHUE: Inverse mode at  32     Hk =   7.608
 MRCHUE: Inverse mode at  33     Hk =   8.502
 MRCHUE: Inverse mode at  34     Hk =   9.407
 MRCHUE: Inverse mode at  35     Hk =   8.720
 MRCHUE: Inverse mode at  36     Hk =   4.840
 MRCHUE: Inverse mode at  37     Hk =   2.833
 MRCHUE: Inverse mode at  83     Hk =   2.500
 MRCHUE: Inverse mode at  84     Hk =   2.500
 MRCHUE: Inverse mode at  85     Hk =   2.500
 MRCHUE: Inverse mode at  86     Hk =   2.500
 MRCHUE: Inverse mode at  87     Hk =   2.500
 MRCHUE: Inverse mode at  88     Hk =   2.500
 MRCHUE: Inverse mode at  89     Hk =   2.500
 MRCHUE: Inverse mode at  90     Hk =   2.500
 MRCHUE: Inverse mode at  91     Hk =   2.500
 MRCHUE: Inverse mode at  92     Hk =   2.500
 MRCHUE: Inverse mode at  93     Hk =   2.500
 MRCHUE: Inverse mode at  94     Hk =   2.500
 MRCHUE: Inverse mode at  95     Hk =   2.500
 MRCHUE: Inverse mode at  96     Hk =   2.500
 MRCHUE: Inverse mode at  97     Hk =   2.500
 MRCHUE: Convergence failed at  98  side 1    Res =  0.5194E+01
 MRCHUE: Inverse mode at  99     Hk =   2.500
 MRCHUE: Inverse mode at 100     Hk =   2.500
 MRCHUE: Inverse mode at 101     Hk =   2.500
 MRCHUE: Convergence failed at 102  side 1    Res =  0.5186E+01
 MRCHUE: Inverse mode at 103     Hk =   2.500
 MRCHUE: Inverse mode at 104     Hk =   2.500
 MRCHUE: Convergence failed at 105  side 1    Res =  0.7492E+01
    side            2  ...
 MRCHUE: Inverse mode at  57     Hk =   2.515

 MRCHDU: Convergence failed at  98  side 1    Res =  0.1396E+01
 MRCHDU: Convergence failed at  99  side 1    Res =  0.1460E+01
 MRCHDU: Convergence failed at 100  side 1    Res =  0.1523E+01
 MRCHDU: Convergence failed at 101  side 1    Res =  0.1587E+01
 MRCHDU: Convergence failed at 102  side 1    Res =  0.4574E+01
 MRCHDU: Convergence failed at 103  side 1    Res =  0.4474E+01
 MRCHDU: Convergence failed at 104  side 1    Res =  0.3984E+01
 MRCHDU: Convergence failed at 105  side 1    Res =  0.1653E+04
 Side 1  free  transition at x/c =  0.0121   35
 Side 2 forced transition at x/c =  1.0000   57

   1   rms: 0.7687E+00   max: 0.3282E+01   D at   59  2   RLX: 0.180
       a = 16.250      CL =  2.5327
      Cm = -0.2284     CD =  0.01048   =>   CDf =  0.00784    CDp =  0.00263

 MRCHDU: Convergence failed at  36  side 1    Res =  0.2029E+04
 MRCHDU: Convergence failed at  37  side 1    Res =  0.2530E+02
 MRCHDU: Convergence failed at  38  side 1    Res =  0.2408E+01
 MRCHDU: Convergence failed at  39  side 1    Res =  0.5522E+01
 MRCHDU: Convergence failed at  40  side 1    Res =  0.1164E+02
 MRCHDU: Convergence failed at  41  side 1    Res =  0.2163E+02
 MRCHDU: Convergence failed at  42  side 1    Res =  0.2668E+02
 MRCHDU: Convergence failed at  43  side 1    Res =  0.2726E+02
 MRCHDU: Convergence failed at  44  side 1    Res =  0.2808E+02
 MRCHDU: Convergence failed at  45  side 1    Res =  0.4216E+02
 MRCHDU: Convergence failed at  46  side 1    Res =  0.2183E+03
 MRCHDU: Convergence failed at  47  side 1    Res =  0.5142E+02
 MRCHDU: Convergence failed at  48  side 1    Res =  0.3074E+02
 MRCHDU: Convergence failed at  49  side 1    Res =  0.3089E+02
 MRCHDU: Convergence failed at  50  side 1    Res =  0.4454E+02
 MRCHDU: Convergence failed at  51  side 1    Res =  0.1209E+03
 MRCHDU: Convergence failed at  52  side 1    Res =  0.1321E+03
 MRCHDU: Convergence failed at  53  side 1    Res =  0.1636E+02
 MRCHDU: Convergence failed at  54  side 1    Res =  0.2171E+02
 MRCHDU: Convergence failed at  55  side 1    Res =  0.2656E+02
 MRCHDU: Convergence failed at  56  side 1    Res =  0.3124E+02
 MRCHDU: Convergence failed at  57  side 1    Res =  0.3987E+02
 MRCHDU: Convergence failed at  58  side 1    Res =  0.6653E+02
 MRCHDU: Convergence failed at  59  side 1    Res =  0.3281E+02
 MRCHDU: Convergence failed at  60  side 1    Res =  0.4511E+02
 MRCHDU: Convergence failed at  61  side 1    Res =  0.1170E+03
 MRCHDU: Convergence failed at  62  side 1    Res =  0.6101E+02
 MRCHDU: Convergence failed at  63  side 1    Res =  0.6435E+02
 MRCHDU: Convergence failed at  64  side 1    Res =  0.9760E+02
 MRCHDU: Convergence failed at  65  side 1    Res =  0.1529E+03
 MRCHDU: Convergence failed at  66  side 1    Res =  0.1129E+03
 MRCHDU: Convergence failed at  67  side 1    Res =  0.5839E+02
 MRCHDU: Convergence failed at  68  side 1    Res =  0.4010E+02
 MRCHDU: Convergence failed at  69  side 1    Res =  0.2999E+02
 MRCHDU: Convergence failed at  70  side 1    Res =  0.3171E+02
 MRCHDU: Convergence failed at  71  side 1    Res =  0.2891E+02
 MRCHDU: Convergence failed at  72  side 1    Res =  0.2792E+02
 MRCHDU: Convergence failed at  73  side 1    Res =  0.2696E+02
 MRCHDU: Convergence failed at  74  side 1    Res =  0.2768E+02
 MRCHDU: Convergence failed at  75  side 1    Res =  0.2631E+02
 MRCHDU: Convergence failed at  76  side 1    Res =  0.2552E+02
 MRCHDU: Convergence failed at  77  side 1    Res =  0.2940E+02
 MRCHDU: Convergence failed at  78  side 1    Res =  0.5123E+02
 MRCHDU: Convergence failed at  79  side 1    Res =  0.1142E+04
 MRCHDU: Convergence failed at  80  side 1    Res =  0.3787E+02
 MRCHDU: Convergence failed at  81  side 1    Res =  0.2619E+03
 MRCHDU: Convergence failed at  82  side 1    Res =  0.1945E+03
 MRCHDU: Convergence failed at  83  side 1    Res =  0.7696E+02
 MRCHDU: Convergence failed at  84  side 1    Res =  0.8371E+02
 MRCHDU: Convergence failed at  85  side 1    Res =  0.9182E+02
 MRCHDU: Convergence failed at  86  side 1    Res =  0.1017E+03
 MRCHDU: Convergence failed at  87  side 1    Res =  0.1139E+03
 MRCHDU: Convergence failed at  88  side 1    Res =  0.8565E+02
 MRCHDU: Convergence failed at  89  side 1    Res =  0.9754E+02
 MRCHDU: Convergence failed at  90  side 1    Res =  0.1123E+03
 MRCHDU: Convergence failed at  91  side 1    Res =  0.1310E+03
 MRCHDU: Convergence failed at  92  side 1    Res =  0.1554E+03
 MRCHDU: Convergence failed at  93  side 1    Res =  0.1884E+03
 MRCHDU: Convergence failed at  94  side 1    Res =  0.2347E+03
 MRCHDU: Convergence failed at  95  side 1    Res =  0.3051E+03
 MRCHDU: Convergence failed at  96  side 1    Res =  0.4258E+03
 MRCHDU: Convergence failed at  97  side 1    Res =  0.6786E+03
 MRCHDU: Convergence failed at  98  side 1    Res =  0.4482E+02
 MRCHDU: Convergence failed at  99  side 1    Res =  0.9769E+03
 MRCHDU: Convergence failed at 100  side 1    Res =  0.5370E+04
 MRCHDU: Convergence failed at 101  side 1    Res =  0.3447E+02
 MRCHDU: Convergence failed at 102  side 1    Res =  0.3320E+02
 MRCHDU: Convergence failed at 103  side 1    Res =  0.6250E+04
 MRCHDU: Convergence failed at 104  side 1    Res =  0.5385E+03
 MRCHDU: Convergence failed at 105  side 1    Res =  0.1289E+03
 Side 1  free  transition at x/c =  0.0142   36
 Side 2 forced transition at x/c =  1.0000   57
 idif Ue xi dudx           1  7.96946883E-02  1.13855600E-02   6.9996285    
 Uenew xinew           2  4.91390377E-03  7.02023506E-04

   2   rms: 0.2470E+01   max: 0.8000E+01   D at  105  1   RLX: 0.188
       a = 16.250      CL =  6.0905
      Cm = -1.4403     CD =  0.00148   =>   CDf = -0.00023    CDp =  0.00171

 MRCHDU: Convergence failed at  76  side 1    Res =  0.5407E-01
 Side 1  free  transition at x/c =  0.0174   36
 Side 2 forced transition at x/c =  1.0000   58

   3   rms: 0.1385E+01   max: -.3251E+01   D at    2  2   RLX: 0.111
       a = 16.250      CL =  4.7818
      Cm = -0.9986     CD =  0.01755   =>   CDf =  0.00895    CDp =  0.00860

 MRCHDU: Convergence failed at  57  side 1    Res =  0.7131E-03
 MRCHDU: Convergence failed at  76  side 1    Res =  0.6832E-01
 Side 1  free  transition at x/c =  0.0208   37
 Side 2 forced transition at x/c =  1.0000   58

   4   rms: 0.1171E+01   max: 0.2035E+01   D at   65  2   RLX: 0.138
       a = 16.250      CL =  4.2284
      Cm = -0.8161     CD =  0.02038   =>   CDf =  0.00859    CDp =  0.01179

 MRCHDU: Convergence failed at  76  side 1    Res =  0.3979E-01
 Side 1  free  transition at x/c =  0.0279   39
 Side 2 forced transition at x/c =  1.0000   58

   5   rms: 0.2664E+01   max: -.5494E+02   C at   39  1   RLX: 0.009
       a = 16.250      CL =  4.1762
      Cm = -0.7994     CD =  0.02171   =>   CDf =  0.00810    CDp =  0.01360

 MRCHDU: Convergence failed at  76  side 1    Res =  0.3434E-01
 Side 1  free  transition at x/c =  0.0284   39
 Side 2 forced transition at x/c =  1.0000   58

   6   rms: 0.4683E+01   max: -.7429E+02   C at   39  1   RLX: 0.007
       a = 16.250      CL =  4.1558
      Cm = -0.7924     CD =  0.02187   =>   CDf =  0.00801    CDp =  0.01386

 MRCHDU: Convergence failed at  76  side 1    Res =  0.3672E-01
 Side 1  free  transition at x/c =  0.0288   39
 Side 2 forced transition at x/c =  1.0000   58

   7   rms: 0.3374E+01   max: -.6723E+02   C at   39  1   RLX: 0.007
       a = 16.250      CL =  4.1357
      Cm = -0.7859     CD =  0.02201   =>   CDf =  0.00788    CDp =  0.01413

 MRCHDU: Convergence failed at  76  side 1    Res =  0.1924E-01
 Side 1  free  transition at x/c =  0.0281   39
 Side 2 forced transition at x/c =  1.0000   58

   8   rms: 0.1163E+01   max: 0.1509E+01   D at   67  2   RLX: 0.083
       a = 16.250      CL =  3.9095
      Cm = -0.7126     CD =  0.02342   =>   CDf =  0.00794    CDp =  0.01548

 MRCHDU: Convergence failed at  76  side 1    Res =  0.4165E-02
 Side 1  free  transition at x/c =  0.0329   40
 Side 2 forced transition at x/c =  1.0000   58

   9   rms: 0.2669E+01   max: -.5713E+02   C at   40  1   RLX: 0.009
       a = 16.250      CL =  3.8917
      Cm = -0.7024     CD =  0.02422   =>   CDf =  0.00745    CDp =  0.01676

 MRCHDU: Convergence failed at  76  side 1    Res =  0.2702E-02
 Side 1  free  transition at x/c =  0.0334   40
 Side 2 forced transition at x/c =  1.0000   58

  10   rms: 0.2798E+01   max: -.5836E+02   C at   40  1   RLX: 0.009
       a = 16.250      CL =  3.8688
      Cm = -0.6950     CD =  0.02439   =>   CDf =  0.00737    CDp =  0.01702

 Side 1  free  transition at x/c =  0.0326   40
 Side 2 forced transition at x/c =  1.0000   58
 idif Ue xi dudx           1  9.48105380E-02  1.17255449E-02   8.0858107    
 Uenew xinew           2  1.95180867E-02  2.41386890E-03

  11   rms: 0.9064E+00   max: 0.1257E+01   D at   68  2   RLX: 0.195
       a = 16.250      CL =  3.3879
      Cm = -0.5449     CD =  0.02711   =>   CDf =  0.00803    CDp =  0.01907

 Side 1  free  transition at x/c =  0.0418   41
 Side 2 forced transition at x/c =  1.0000   59

  12   rms: 0.1025E+01   max: -.1497E+02   C at   41  1   RLX: 0.033
       a = 16.250      CL =  3.3094
      Cm = -0.5215     CD =  0.02905   =>   CDf =  0.00709    CDp =  0.02197

 Side 1  free  transition at x/c =  0.0442   41
 Side 2 forced transition at x/c =  1.0000   59

  13   rms: 0.1953E+01   max: -.3345E+02   C at   41  1   RLX: 0.015
       a = 16.250      CL =  3.2825
      Cm = -0.5125     CD =  0.02946   =>   CDf =  0.00687    CDp =  0.02259

 Side 1  free  transition at x/c =  0.0447   41
 Side 2 forced transition at x/c =  1.0000   59

  14   rms: 0.2855E+01   max: -.5051E+02   C at   41  1   RLX: 0.010
       a = 16.250      CL =  3.2629
      Cm = -0.5064     CD =  0.02947   =>   CDf =  0.00682    CDp =  0.02265

 Side 1  free  transition at x/c =  0.0437   41
 Side 2 forced transition at x/c =  1.0000   59

  15   rms: 0.1717E+01   max: -.8182E+01   D at   62  1   RLX: 0.053
       a = 16.250      CL =  3.1916
      Cm = -0.4860     CD =  0.03081   =>   CDf =  0.00693    CDp =  0.02388

 Side 1  free  transition at x/c =  0.0448   41
 Side 2 forced transition at x/c =  1.0000   59

  16   rms: 0.1490E+01   max: -.6027E+01   D at   75  1   RLX: 0.083
       a = 16.250      CL =  3.0943
      Cm = -0.4492     CD =  0.02923   =>   CDf =  0.00712    CDp =  0.02211

 Side 1  free  transition at x/c =  0.0465   42
 Side 2 forced transition at x/c =  1.0000   59

  17   rms: 0.7042E+00   max: -.5955E+01   C at   42  1   RLX: 0.084
       a = 16.250      CL =  2.9611
      Cm = -0.4102     CD =  0.03086   =>   CDf =  0.00646    CDp =  0.02440

 Side 1  free  transition at x/c =  0.0587   43
 Side 2 forced transition at x/c =  1.0000   59

  18   rms: 0.3007E+01   max: -.6135E+02   C at   43  1   RLX: 0.008
       a = 16.250      CL =  2.9345
      Cm = -0.4028     CD =  0.03131   =>   CDf =  0.00587    CDp =  0.02543

 Side 1  free  transition at x/c =  0.0676   45
 Side 2 forced transition at x/c =  1.0000   59

  19   rms: 0.3301E+01   max: -.7911E+02   C at   45  1   RLX: 0.006
       a = 16.250      CL =  2.9258
      Cm = -0.4000     CD =  0.03134   =>   CDf =  0.00577    CDp =  0.02557

 Side 1  free  transition at x/c =  0.0802   46
 Side 2 forced transition at x/c =  1.0000   59

  20   rms: 0.4789E+01   max: -.9855E+02   C at   46  1   RLX: 0.005
       a = 16.250      CL =  2.9224
      Cm = -0.3981     CD =  0.03135   =>   CDf =  0.00553    CDp =  0.02582

 Side 1  free  transition at x/c =  0.0873   47
 Side 2 forced transition at x/c =  1.0000   59

  21   rms: 0.5775E+01   max: -.5022E+02   C at   47  1   RLX: 0.010
       a = 16.250      CL =  2.9148
      Cm = -0.3925     CD =  0.03107   =>   CDf =  0.00537    CDp =  0.02570

 Side 1  free  transition at x/c =  0.0846   46
 Side 2 forced transition at x/c =  1.0000   59

  22   rms: 0.4469E+01   max: -.1167E+02   D at   62  1   RLX: 0.027
       a = 16.250      CL =  2.8654
      Cm = -0.3870     CD =  0.03228   =>   CDf =  0.00516    CDp =  0.02711

 Side 1  free  transition at x/c =  0.0962   48
 Side 2 forced transition at x/c =  1.0000   59

  23   rms: 0.1356E+01   max: 0.7753E+01   D at   75  1   RLX: 0.131
       a = 16.250      CL =  2.7604
      Cm = -0.3347     CD =  0.03407   =>   CDf =  0.00516    CDp =  0.02891

 Side 1  free  transition at x/c =  0.0962   48
 Side 2 forced transition at x/c =  1.0000   59

  24   rms: 0.3594E+01   max: -.2296E+02   D at   49  1   RLX: 0.022
       a = 16.250      CL =  2.8035
      Cm = -0.3447     CD =  0.02888   =>   CDf =  0.00500    CDp =  0.02388

 MRCHDU: Convergence failed at  49  side 1    Res =  0.1719E+01
 MRCHDU: Convergence failed at  50  side 1    Res =  0.3310E+01
 Side 1  free  transition at x/c =  0.1000   48
 Side 2 forced transition at x/c =  1.0000   59

  25   rms: 0.5306E+00   max: 0.4160E+01   C at   48  1   RLX: 0.361
       a = 16.250      CL =  2.4738
      Cm = -0.2187     CD =  0.02821   =>   CDf =  0.00526    CDp =  0.02295

 MRCHDU: Convergence failed at  49  side 1    Res =  0.1890E+01
 MRCHDU: Convergence failed at  50  side 1    Res =  0.9632E+00
 MRCHDU: Convergence failed at  52  side 1    Res =  0.1924E+01
 MRCHDU: Convergence failed at  54  side 1    Res =  0.2971E+01
 MRCHDU: Convergence failed at  55  side 1    Res =  0.1439E+01
 MRCHDU: Convergence failed at  58  side 1    Res =  0.9979E+00
 MRCHDU: Convergence failed at  59  side 1    Res =  0.1129E+01
 MRCHDU: Convergence failed at  60  side 1    Res =  0.9323E+00
 MRCHDU: Convergence failed at  61  side 1    Res =  0.1951E+01
 Side 1  free  transition at x/c =  0.1705   53
 Side 2 forced transition at x/c =  1.0000   59

  26   rms: 0.4280E+00   max: -.1347E+01   D at   75  1   RLX: 0.355
       a = 16.250      CL =  2.4647
      Cm = -0.1508     CD =  0.02617   =>   CDf =  0.00505    CDp =  0.02112

 Side 1  free  transition at x/c =  0.1311   50
 Side 2 forced transition at x/c =  1.0000   59

  27   rms: 0.4614E+00   max: -.7450E+00   T at   65  2   RLX: 0.328
       a = 16.250      CL =  2.2331
      Cm = -0.1301     CD =  0.02699   =>   CDf =  0.00606    CDp =  0.02093

 Side 1  free  transition at x/c =  0.1328   50
 Side 2 forced transition at x/c =  1.0000   59
 idif Ue xi dudx           2  0.16419196      1.71146393E-02   9.5936556    
 Uenew xinew           3  8.61273557E-02  8.97753239E-03

  28   rms: 0.1955E+01   max: 0.7373E+01   D at   91  1   RLX: 0.164
       a = 16.250      CL =  1.9137
      Cm = -0.1101     CD =  0.04220   =>   CDf =  0.00654    CDp =  0.03567

 Side 1  free  transition at x/c =  0.1662   51
 Side 2 forced transition at x/c =  1.0000   61

  29   rms: 0.2909E+00   max: 0.8796E+00   D at   71  2   RLX: 0.314
       a = 16.250      CL =  1.7382
      Cm = -0.0600     CD =  0.04829   =>   CDf =  0.00552    CDp =  0.04277

 Side 1  free  transition at x/c =  0.1496   50
 Side 2 forced transition at x/c =  1.0000   61

  30   rms: 0.2075E+00   max: 0.8023E+00   D at   74  1   RLX: 0.465
       a = 16.250      CL =  1.5978
      Cm = -0.0431     CD =  0.05358   =>   CDf =  0.00559    CDp =  0.04799

 Side 1  free  transition at x/c =  0.1378   49
 Side 2 forced transition at x/c =  1.0000   61

  31   rms: 0.7051E-01   max: -.6393E+00   D at   49  1   RLX: 0.782
       a = 16.250      CL =  1.5233
      Cm = -0.0310     CD =  0.05258   =>   CDf =  0.00549    CDp =  0.04709

 Side 1  free  transition at x/c =  0.1285   48
 Side 2 forced transition at x/c =  1.0000   61
 idif Ue xi dudx           1  7.34032765E-02  6.39784336E-03   11.473128    
 Uenew xinew           2  1.81904557E-04  1.58548355E-05

  32   rms: 0.2734E-01   max: -.3042E+00   D at   49  1
       a = 16.250      CL =  1.4994
      Cm = -0.0284     CD =  0.05344   =>   CDf =  0.00577    CDp =  0.04767

 Side 1  free  transition at x/c =  0.1253   47
 Side 2 forced transition at x/c =  1.0000   62

  33   rms: 0.1750E-01   max: -.3038E+00   T at    2  2
       a = 16.250      CL =  1.4983
      Cm = -0.0283     CD =  0.05365   =>   CDf =  0.00548    CDp =  0.04817

 Side 1  free  transition at x/c =  0.1250   47
 Side 2 forced transition at x/c =  1.0000   62

  34   rms: 0.5283E-03   max: -.5852E-02   D at    4  2
       a = 16.250      CL =  1.4984
      Cm = -0.0283     CD =  0.05369   =>   CDf =  0.00549    CDp =  0.04820

 Side 1  free  transition at x/c =  0.1250   47
 Side 2 forced transition at x/c =  1.0000   62

  35   rms: 0.6883E-05   max: 0.9591E-04   C at   62  2
       a = 16.250      CL =  1.4984
      Cm = -0.0283     CD =  0.05370   =>   CDf =  0.00549    CDp =  0.04821
 plradd ia,ip,cpol            1           0 -2.27248893E-05

 Point added to stored polar  1
 Point written to save file  hq3518_Re500k.ext.pol                           
 Dump file unspecified or not available
 Calculating wake trajectory ...
 Calculating source influence matrix ...

 Solving BL system ...

 Side 1  free  transition at x/c =  0.1250   47
 Side 2 forced transition at x/c =  1.0000   62

   1   rms: 0.3053E-01   max: -.1535E+00   D at    3  2   RLX: 0.476
       a = 16.500      CL =  1.5022
      Cm = -0.0283     CD =  0.05474   =>   CDf =  0.00519    CDp =  0.04955

 Side 1  free  transition at x/c =  0.1234   48
 Side 2 forced transition at x/c =  1.0000   61

   2   rms: 0.1668E-01   max: 0.8134E-01   D at    2  1
       a = 16.500      CL =  1.5038
      Cm = -0.0282     CD =  0.05607   =>   CDf =  0.00548    CDp =  0.05059

 Side 1  free  transition at x/c =  0.1219   48
 Side 2 forced transition at x/c =  1.0000   61

   3   rms: 0.1820E-02   max: 0.9555E-02   D at   75  2
       a = 16.500      CL =  1.5024
      Cm = -0.0281     CD =  0.05600   =>   CDf =  0.00547    CDp =  0.05052

 Side 1  free  transition at x/c =  0.1219   48
 Side 2 forced transition at x/c =  1.0000   61

   4   rms: 0.1002E-03   max: 0.8151E-03   D at   75  2
       a = 16.500      CL =  1.5023
      Cm = -0.0281     CD =  0.05598   =>   CDf =  0.00547    CDp =  0.05051

 Side 1  free  transition at x/c =  0.1219   48
 Side 2 forced transition at x/c =  1.0000   61

   5   rms: 0.4184E-05   max: -.5951E-04   C at   61  2
       a = 16.500      CL =  1.5023
      Cm = -0.0281     CD =  0.05598   =>   CDf =  0.00547    CDp =  0.05051
 plradd ia,ip,cpol            2           0 -2.27248893E-05

 Point added to stored polar  1
 Point written to save file  hq3518_Re500k.ext.pol                           
 Dump file unspecified or not available
 Calculating wake trajectory ...
 Calculating source influence matrix ...

 Solving BL system ...

 Side 1  free  transition at x/c =  0.1219   48
 Side 2 forced transition at x/c =  1.0000   61

   1   rms: 0.2960E-01   max: -.1142E+00   D at   48  1   RLX: 0.464
       a = 16.750      CL =  1.5045
      Cm = -0.0280     CD =  0.05720   =>   CDf =  0.00547    CDp =  0.05172

 Side 1  free  transition at x/c =  0.1205   48
 Side 2 forced transition at x/c =  1.0000   61

   2   rms: 0.1601E-01   max: 0.6096E-01   D at   73  1
       a = 16.750      CL =  1.5058
      Cm = -0.0279     CD =  0.05854   =>   CDf =  0.00547    CDp =  0.05307

 Side 1  free  transition at x/c =  0.1190   47
 Side 2 forced transition at x/c =  1.0000   61

   3   rms: 0.3127E-02   max: -.3576E-01   C at   47  1
       a = 16.750      CL =  1.5066
      Cm = -0.0278     CD =  0.05819   =>   CDf =  0.00544    CDp =  0.05275

 Side 1  free  transition at x/c =  0.1192   47
 Side 2 forced transition at x/c =  1.0000   61

   4   rms: 0.3761E-03   max: -.1899E-02   D at   74  1
       a = 16.750      CL =  1.5069
      Cm = -0.0279     CD =  0.05817   =>   CDf =  0.00544    CDp =  0.05274

 Side 1  free  transition at x/c =  0.1192   47
 Side 2 forced transition at x/c =  1.0000   61

   5   rms: 0.3404E-04   max: -.2246E-03   D at   75  2
       a = 16.750      CL =  1.5069
      Cm = -0.0279     CD =  0.05818   =>   CDf =  0.00544    CDp =  0.05274
 plradd ia,ip,cpol            3           0  3.47867841E-04

 Point added to stored polar  1
 Point written to save file  hq3518_Re500k.ext.pol                           
 Dump file unspecified or not available
 Calculating wake trajectory ...
 Calculating source influence matrix ...

 Solving BL system ...

 Side 1  free  transition at x/c =  0.1192   47
 Side 2 forced transition at x/c =  1.0000   61

   1   rms: 0.2901E-01   max: -.1531E+00   C at   47  1   RLX: 0.456
       a = 17.000      CL =  1.5125
      Cm = -0.0279     CD =  0.05900   =>   CDf =  0.00544    CDp =  0.05356

 Side 1  free  transition at x/c =  0.1182   47
 Side 2 forced transition at x/c =  1.0000   61

   2   rms: 0.1535E-01   max: -.5160E-01   C at   47  1
       a = 17.000      CL =  1.5177
      Cm = -0.0279     CD =  0.06003   =>   CDf =  0.00539    CDp =  0.05465

 Side 1  free  transition at x/c =  0.1167   47
 Side 2 forced transition at x/c =  1.0000   61

   3   rms: 0.1464E-02   max: 0.9199E-02   D at   75  2
       a = 17.000      CL =  1.5165
      Cm = -0.0279     CD =  0.05997   =>   CDf =  0.00533    CDp =  0.05464

 Side 1  free  transition at x/c =  0.1168   47
 Side 2 forced transition at x/c =  1.0000   61

   4   rms: 0.7191E-04   max: 0.9457E-03   D at   75  2
       a = 17.000      CL =  1.5165
      Cm = -0.0279     CD =  0.05995   =>   CDf =  0.00533    CDp =  0.05463
 plradd ia,ip,cpol            4           0  3.47867841E-04

 Point added to stored polar  1
 Point written to save file  hq3518_Re500k.ext.pol                           
 Dump file unspecified or not available
 Calculating wake trajectory ...
 Calculating source influence matrix ...

 Solving BL system ...

 Side 1  free  transition at x/c =  0.1168   47
 Side 2 forced transition at x/c =  1.0000   61

   1   rms: 0.2830E-01   max: 0.7965E-01   T at   47  1   RLX: 0.447
       a = 17.250      CL =  1.5210
      Cm = -0.0279     CD =  0.06087   =>   CDf =  0.00533    CDp =  0.05554

 Side 1  free  transition at x/c =  0.1155   47
 Side 2 forced transition at x/c =  1.0000   61

   2   rms: 0.1561E-01   max: 0.5010E-01   D at   73  1
       a = 17.250      CL =  1.5251
      Cm = -0.0280     CD =  0.06206   =>   CDf =  0.00530    CDp =  0.05676

 Side 1  free  transition at x/c =  0.1136   47
 Side 2 forced transition at x/c =  1.0000   61

   3   rms: 0.1667E-02   max: -.8882E-02   C at   47  1
       a = 17.250      CL =  1.5239
      Cm = -0.0279     CD =  0.06198   =>   CDf =  0.00526    CDp =  0.05672

 Side 1  free  transition at x/c =  0.1138   47
 Side 2 forced transition at x/c =  1.0000   61

   4   rms: 0.6055E-04   max: 0.5317E-03   D at   75  2
       a = 17.250      CL =  1.5238
      Cm = -0.0279     CD =  0.06197   =>   CDf =  0.00526    CDp =  0.05671
 plradd ia,ip,cpol            5           0  3.47867841E-04

 Point added to stored polar  1
 Point written to save file  hq3518_Re500k.ext.pol                           
 Dump file unspecified or not available
 Calculating wake trajectory ...
 Calculating source influence matrix ...

 Solving BL system ...

 Side 1  free  transition at x/c =  0.1138   47
 Side 2 forced transition at x/c =  1.0000   61

   1   rms: 0.2838E-01   max: -.1003E+00   D at   47  1   RLX: 0.438
       a = 17.500      CL =  1.5271
      Cm = -0.0280     CD =  0.06304   =>   CDf =  0.00526    CDp =  0.05778

 Side 1  free  transition at x/c =  0.1122   47
 Side 2 forced transition at x/c =  1.0000   61

   2   rms: 0.1667E-01   max: -.7090E-01   D at   47  1
       a = 17.500      CL =  1.5286
      Cm = -0.0281     CD =  0.06463   =>   CDf =  0.00524    CDp =  0.05939

 Side 1  free  transition at x/c =  0.1104   47
 Side 2 forced transition at x/c =  1.0000   61

   3   rms: 0.2191E-02   max: 0.9985E-02   D at   75  2
       a = 17.500      CL =  1.5269
      Cm = -0.0280     CD =  0.06453   =>   CDf =  0.00523    CDp =  0.05930

 Side 1  free  transition at x/c =  0.1106   47
 Side 2 forced transition at x/c =  1.0000   61

   4   rms: 0.9901E-04   max: 0.7466E-03   D at   75  2
       a = 17.500      CL =  1.5268
      Cm = -0.0280     CD =  0.06451   =>   CDf =  0.00522    CDp =  0.05928
 plradd ia,ip,cpol            6           0  3.47867841E-04

 Point added to stored polar  1
 Point written to save file  hq3518_Re500k.ext.pol                           
 Dump file unspecified or not available
 Calculating wake trajectory ...
 Calculating source influence matrix ...

 Solving BL system ...

 Side 1  free  transition at x/c =  0.1106   47
 Side 2 forced transition at x/c =  1.0000   61

   1   rms: 0.3034E-01   max: -.1589E+00   D at   47  1   RLX: 0.427
       a = 17.750      CL =  1.5282
      Cm = -0.0281     CD =  0.06583   =>   CDf =  0.00523    CDp =  0.06060

 Side 1  free  transition at x/c =  0.1090   47
 Side 2 forced transition at x/c =  1.0000   61

   2   rms: 0.1806E-01   max: -.9157E-01   D at   47  1
       a = 17.750      CL =  1.5281
      Cm = -0.0282     CD =  0.06768   =>   CDf =  0.00523    CDp =  0.06245

 Side 1  free  transition at x/c =  0.1070   46
 Side 2 forced transition at x/c =  1.0000   61

   3   rms: 0.2336E-02   max: 0.1397E-01   D at   72  1
       a = 17.750      CL =  1.5267
      Cm = -0.0282     CD =  0.06749   =>   CDf =  0.00521    CDp =  0.06227

 Side 1  free  transition at x/c =  0.1070   46
 Side 2 forced transition at x/c =  1.0000   61

   4   rms: 0.1459E-03   max: 0.9709E-03   D at   76  2
       a = 17.750      CL =  1.5266
      Cm = -0.0281     CD =  0.06746   =>   CDf =  0.00521    CDp =  0.06225

 Side 1  free  transition at x/c =  0.1070   46
 Side 2 forced transition at x/c =  1.0000   61

   5   rms: 0.8435E-05   max: -.9561E-04   C at   61  2
       a = 17.750      CL =  1.5266
      Cm = -0.0281     CD =  0.06746   =>   CDf =  0.00521    CDp =  0.06225
 plradd ia,ip,cpol            7           0  3.47867841E-04

 Point added to stored polar  1
 Point written to save file  hq3518_Re500k.ext.pol                           
 Dump file unspecified or not available
 Calculating wake trajectory ...
 Calculating source influence matrix ...

 Solving BL system ...

 Side 1  free  transition at x/c =  0.1070   46
 Side 2 forced transition at x/c =  1.0000   61

   1   rms: 0.3078E-01   max: -.2052E+00   C at   46  1   RLX: 0.419
       a = 18.000      CL =  1.5313
      Cm = -0.0283     CD =  0.06831   =>   CDf =  0.00489    CDp =  0.06342

 Side 1  free  transition at x/c =  0.1058   47
 Side 2 forced transition at x/c =  1.0000   60

   2   rms: 0.1704E-01   max: 0.9343E-01   D at    2  1
       a = 18.000      CL =  1.5365
      Cm = -0.0284     CD =  0.06956   =>   CDf =  0.00516    CDp =  0.06440

 Side 1  free  transition at x/c =  0.1037   47
 Side 2 forced transition at x/c =  1.0000   60

   3   rms: 0.2074E-02   max: 0.9146E-02   D at   75  2
       a = 18.000      CL =  1.5348
      Cm = -0.0284     CD =  0.06953   =>   CDf =  0.00510    CDp =  0.06443

 Side 1  free  transition at x/c =  0.1038   47
 Side 2 forced transition at x/c =  1.0000   60

   4   rms: 0.1656E-03   max: 0.1109E-02   D at   75  2
       a = 18.000      CL =  1.5346
      Cm = -0.0284     CD =  0.06951   =>   CDf =  0.00510    CDp =  0.06441

 Side 1  free  transition at x/c =  0.1039   47
 Side 2 forced transition at x/c =  1.0000   60

   5   rms: 0.1154E-04   max: -.1542E-03   C at   60  2
       a = 18.000      CL =  1.5346
      Cm = -0.0284     CD =  0.06951   =>   CDf =  0.00510    CDp =  0.06441
 plradd ia,ip,cpol            8           0 -2.27248893E-05

 Point added to stored polar  1
 Point written to save file  hq3518_Re500k.ext.pol                           
 Dump file unspecified or not available

.OPERva   c>   Calculating wake trajectory ...
 Calculating source influence matrix ...

 Solving BL system ...

 Side 1  free  transition at x/c =  0.1039   47
 Side 2 forced transition at x/c =  1.0000   60

   1   rms: 0.2830E-01   max: -.1003E+00   D at   47  1   RLX: 0.411
       a = 18.250      CL =  1.5379
      Cm = -0.0285     CD =  0.07055   =>   CDf =  0.00510    CDp =  0.06545

 Side 1  free  transition at x/c =  0.1021   47
 Side 2 forced transition at x/c =  1.0000   60

   2   rms: 0.1705E-01   max: -.7113E-01   D at   47  1
       a = 18.250      CL =  1.5402
      Cm = -0.0288     CD =  0.07222   =>   CDf =  0.00508    CDp =  0.06714

 Side 1  free  transition at x/c =  0.0996   47
 Side 2 forced transition at x/c =  1.0000   60

   3   rms: 0.3699E-02   max: 0.2425E-01   D at   72  1
       a = 18.250      CL =  1.5374
      Cm = -0.0288     CD =  0.07229   =>   CDf =  0.00506    CDp =  0.06723

 Side 1  free  transition at x/c =  0.0999   47
 Side 2 forced transition at x/c =  1.0000   60

   4   rms: 0.2598E-03   max: 0.1917E-02   D at   75  2
       a = 18.250      CL =  1.5373
      Cm = -0.0287     CD =  0.07223   =>   CDf =  0.00505    CDp =  0.06719

 Side 1  free  transition at x/c =  0.1000   47
 Side 2 forced transition at x/c =  1.0000   60

   5   rms: 0.1063E-04   max: 0.1061E-03   D at   75  2
       a = 18.250      CL =  1.5373
      Cm = -0.0287     CD =  0.07223   =>   CDf =  0.00505    CDp =  0.06719
 plradd ia,ip,cpol            9           0 -2.27248893E-05

 Point added to stored polar  1
 Point written to save file  hq3518_Re500k.ext.pol                           
 Dump file unspecified or not available
 Calculating wake trajectory ...
 Calculating source influence matrix ...

 Solving BL system ...

 Side 1  free  transition at x/c =  0.1000   47
 Side 2 forced transition at x/c =  1.0000   60

   1   rms: 0.5994E-01   max: -.2810E+00   D at   47  1   RLX: 0.392
       a = 18.750      CL =  1.5386
      Cm = -0.0292     CD =  0.07503   =>   CDf =  0.00505    CDp =  0.06997

 Side 1  free  transition at x/c =  0.0968   47
 Side 2 forced transition at x/c =  1.0000   60

   2   rms: 0.3866E-01   max: 0.1860E+00   D at   71  1
       a = 18.750      CL =  1.5354
      Cm = -0.0300     CD =  0.07975   =>   CDf =  0.00505    CDp =  0.07470

 Side 1  free  transition at x/c =  0.0929   46
 Side 2 forced transition at x/c =  1.0000   60

   3   rms: 0.6642E-02   max: -.6350E-01   C at   46  1
       a = 18.750      CL =  1.5382
      Cm = -0.0297     CD =  0.07826   =>   CDf =  0.00494    CDp =  0.07332

 Side 1  free  transition at x/c =  0.0927   46
 Side 2 forced transition at x/c =  1.0000   60

   4   rms: 0.4610E-03   max: 0.2345E-02   C at   46  1
       a = 18.750      CL =  1.5385
      Cm = -0.0297     CD =  0.07825   =>   CDf =  0.00493    CDp =  0.07332

 Side 1  free  transition at x/c =  0.0927   46
 Side 2 forced transition at x/c =  1.0000   60

   5   rms: 0.5561E-04   max: -.3662E-03   D at   75  2
       a = 18.750      CL =  1.5385
      Cm = -0.0297     CD =  0.07826   =>   CDf =  0.00494    CDp =  0.07333
 plradd ia,ip,cpol           10           0 -2.27248893E-05

 Point added to stored polar  1
 Point written to save file  hq3518_Re500k.ext.pol                           
 Dump file unspecified or not available
 Calculating wake trajectory ...
 Calculating source influence matrix ...

 Solving BL system ...

 Side 1  free  transition at x/c =  0.0927   46
 Side 2 forced transition at x/c =  1.0000   60

   1   rms: 0.5512E-01   max: 0.2027E+00   D at   69  1   RLX: 0.377
       a = 19.250      CL =  1.5427
      Cm = -0.0302     CD =  0.08055   =>   CDf =  0.00494    CDp =  0.07561

 Side 1  free  transition at x/c =  0.0888   46
 Side 2 forced transition at x/c =  1.0000   60

   2   rms: 0.4025E-01   max: 0.2074E+00   D at   70  1
       a = 19.250      CL =  1.5381
      Cm = -0.0314     CD =  0.08603   =>   CDf =  0.00492    CDp =  0.08111

 Side 1  free  transition at x/c =  0.0839   45
 Side 2 forced transition at x/c =  1.0000   60

   3   rms: 0.6524E-02   max: 0.5427E-01   D at   69  1
       a = 19.250      CL =  1.5339
      Cm = -0.0313     CD =  0.08548   =>   CDf =  0.00486    CDp =  0.08062

 Side 1  free  transition at x/c =  0.0842   45
 Side 2 forced transition at x/c =  1.0000   60

   4   rms: 0.9753E-03   max: 0.7650E-02   D at   69  1
       a = 19.250      CL =  1.5332
      Cm = -0.0313     CD =  0.08543   =>   CDf =  0.00484    CDp =  0.08058

 Side 1  free  transition at x/c =  0.0843   45
 Side 2 forced transition at x/c =  1.0000   60

   5   rms: 0.1067E-03   max: 0.6320E-03   D at   76  2
       a = 19.250      CL =  1.5332
      Cm = -0.0313     CD =  0.08541   =>   CDf =  0.00484    CDp =  0.08057

 Side 1  free  transition at x/c =  0.0843   45
 Side 2 forced transition at x/c =  1.0000   60

   6   rms: 0.1061E-04   max: -.1319E-03   C at   60  2
       a = 19.250      CL =  1.5332
      Cm = -0.0313     CD =  0.08541   =>   CDf =  0.00484    CDp =  0.08057
 plradd ia,ip,cpol           11           0 -2.27248893E-05

 Point added to stored polar  1
 Point written to save file  hq3518_Re500k.ext.pol                           
 Dump file unspecified or not available
 Calculating wake trajectory ...
 Calculating source influence matrix ...

 Solving BL system ...

 Side 1  free  transition at x/c =  0.0843   45
 Side 2 forced transition at x/c =  1.0000   60

   1   rms: 0.5458E-01   max: 0.2053E+00   D at   68  1   RLX: 0.360
       a = 19.750      CL =  1.5366
      Cm = -0.0319     CD =  0.08778   =>   CDf =  0.00485    CDp =  0.08293

 Side 1  free  transition at x/c =  0.0798   45
 Side 2 forced transition at x/c =  1.0000   60

   2   rms: 0.4136E-01   max: 0.2057E+00   D at   68  1
       a = 19.750      CL =  1.5316
      Cm = -0.0334     CD =  0.09371   =>   CDf =  0.00446    CDp =  0.08926

 Side 1  free  transition at x/c =  0.0730   45
 Side 2 forced transition at x/c =  1.0000   59

   3   rms: 0.1111E-01   max: 0.8389E-01   D at   69  1
       a = 19.750      CL =  1.5241
      Cm = -0.0335     CD =  0.09364   =>   CDf =  0.00477    CDp =  0.08886

 Side 1  free  transition at x/c =  0.0740   45
 Side 2 forced transition at x/c =  1.0000   59

   4   rms: 0.1057E-02   max: 0.1029E-01   D at   75  2
       a = 19.750      CL =  1.5237
      Cm = -0.0334     CD =  0.09332   =>   CDf =  0.00475    CDp =  0.08858

 Side 1  free  transition at x/c =  0.0741   45
 Side 2 forced transition at x/c =  1.0000   59

   5   rms: 0.3582E-04   max: 0.3777E-03   D at   75  2
       a = 19.750      CL =  1.5237
      Cm = -0.0334     CD =  0.09331   =>   CDf =  0.00474    CDp =  0.08856
 plradd ia,ip,cpol           12           0 -2.27248893E-05

 Point added to stored polar  1
 Point written to save file  hq3518_Re500k.ext.pol                           
 Dump file unspecified or not available
 Calculating wake trajectory ...
 Calculating source influence matrix ...

 Solving BL system ...

 Side 1  free  transition at x/c =  0.0741   45
 Side 2 forced transition at x/c =  1.0000   59

   1   rms: 0.5792E-01   max: 0.2909E+00   C at   45  1   RLX: 0.342
       a = 20.250      CL =  1.5240
      Cm = -0.0342     CD =  0.09618   =>   CDf =  0.00475    CDp =  0.09143

 Side 1  free  transition at x/c =  0.0688   45
 Side 2 forced transition at x/c =  1.0000   59

   2   rms: 0.5272E-01   max: 0.2947E+00   D at   68  1
       a = 20.250      CL =  1.5071
      Cm = -0.0369     CD =  0.10486   =>   CDf =  0.00475    CDp =  0.10011

 Side 1  free  transition at x/c =  0.0634   44
 Side 2 forced transition at x/c =  1.0000   59

   3   rms: 0.6837E-02   max: 0.7475E-01   D at   67  1
       a = 20.250      CL =  1.5053
      Cm = -0.0364     CD =  0.10297   =>   CDf =  0.00465    CDp =  0.09831

 Side 1  free  transition at x/c =  0.0633   44
 Side 2 forced transition at x/c =  1.0000   59

   4   rms: 0.5674E-03   max: -.4576E-02   D at   67  1
       a = 20.250      CL =  1.5055
      Cm = -0.0364     CD =  0.10267   =>   CDf =  0.00465    CDp =  0.09801

 Side 1  free  transition at x/c =  0.0633   44
 Side 2 forced transition at x/c =  1.0000   59

   5   rms: 0.5952E-04   max: 0.3307E-03   C at   44  1
       a = 20.250      CL =  1.5055
      Cm = -0.0364     CD =  0.10267   =>   CDf =  0.00465    CDp =  0.09802
 plradd ia,ip,cpol           13           0 -2.27248893E-05

 Point added to stored polar  1
 Point written to save file  hq3518_Re500k.ext.pol                           
 Dump file unspecified or not available
 Calculating wake trajectory ...
 Calculating source influence matrix ...

 Solving BL system ...

 Side 1  free  transition at x/c =  0.0633   44
 Side 2 forced transition at x/c =  1.0000   59

   1   rms: 0.7060E-01   max: 0.6805E+00   C at   44  1   RLX: 0.322
       a = 20.750      CL =  1.5013
      Cm = -0.0376     CD =  0.10640   =>   CDf =  0.00466    CDp =  0.10174

 Side 1  free  transition at x/c =  0.0589   44
 Side 2 forced transition at x/c =  1.0000   59

   2   rms: 0.5663E-01   max: 0.3284E+00   D at   66  1
       a = 20.750      CL =  1.4803
      Cm = -0.0409     CD =  0.11639   =>   CDf =  0.00468    CDp =  0.11171

 Side 1  free  transition at x/c =  0.0539   43
 Side 2 forced transition at x/c =  1.0000   59

   3   rms: 0.7177E-02   max: 0.6180E-01   D at   65  1
       a = 20.750      CL =  1.4811
      Cm = -0.0403     CD =  0.11343   =>   CDf =  0.00457    CDp =  0.10885

 Side 1  free  transition at x/c =  0.0540   43
 Side 2 forced transition at x/c =  1.0000   59

   4   rms: 0.1253E-02   max: 0.1127E-01   D at   65  1
       a = 20.750      CL =  1.4805
      Cm = -0.0404     CD =  0.11336   =>   CDf =  0.00457    CDp =  0.10879

 Side 1  free  transition at x/c =  0.0541   43
 Side 2 forced transition at x/c =  1.0000   59

   5   rms: 0.1135E-03   max: -.6256E-03   C at   59  2
       a = 20.750      CL =  1.4804
      Cm = -0.0404     CD =  0.11333   =>   CDf =  0.00457    CDp =  0.10876

 Side 1  free  transition at x/c =  0.0541   43
 Side 2 forced transition at x/c =  1.0000   59

   6   rms: 0.7977E-05   max: -.7928E-04   C at   59  2
       a = 20.750      CL =  1.4804
      Cm = -0.0404     CD =  0.11333   =>   CDf =  0.00457    CDp =  0.10876
 plradd ia,ip,cpol           14           0 -2.27248893E-05

 Point added to stored polar  1
 Point written to save file  hq3518_Re500k.ext.pol                           
 Dump file unspecified or not available
 Calculating wake trajectory ...
 Calculating source influence matrix ...

 Solving BL system ...

 Side 1  free  transition at x/c =  0.0541   43
 Side 2 forced transition at x/c =  1.0000   59

   1   rms: 0.7562E-01   max: 0.5646E+00   C at   43  1   RLX: 0.304
       a = 21.250      CL =  1.4737
      Cm = -0.0419     CD =  0.11763   =>   CDf =  0.00458    CDp =  0.11305

 Side 1  free  transition at x/c =  0.0517   43
 Side 2 forced transition at x/c =  1.0000   59

   2   rms: 0.5375E-01   max: 0.3204E+00   D at   64  1
       a = 21.250      CL =  1.4566
      Cm = -0.0455     CD =  0.12739   =>   CDf =  0.00456    CDp =  0.12283

 Side 1  free  transition at x/c =  0.0480   42
 Side 2 forced transition at x/c =  1.0000   59

   3   rms: 0.7388E-02   max: 0.5246E-01   D at   63  1
       a = 21.250      CL =  1.4567
      Cm = -0.0450     CD =  0.12442   =>   CDf =  0.00445    CDp =  0.11997

 Side 1  free  transition at x/c =  0.0481   42
 Side 2 forced transition at x/c =  1.0000   59

   4   rms: 0.1160E-02   max: 0.1216E-01   D at   63  1
       a = 21.250      CL =  1.4561
      Cm = -0.0450     CD =  0.12423   =>   CDf =  0.00445    CDp =  0.11978

 Side 1  free  transition at x/c =  0.0481   42
 Side 2 forced transition at x/c =  1.0000   59

   5   rms: 0.1196E-03   max: -.6754E-03   C at   59  2
       a = 21.250      CL =  1.4560
      Cm = -0.0450     CD =  0.12420   =>   CDf =  0.00444    CDp =  0.11975

 Side 1  free  transition at x/c =  0.0482   42
 Side 2 forced transition at x/c =  1.0000   59

   6   rms: 0.1021E-04   max: 0.9026E-04   D at   76  2
       a = 21.250      CL =  1.4560
      Cm = -0.0450     CD =  0.12419   =>   CDf =  0.00444    CDp =  0.11975
 plradd ia,ip,cpol           15           0 -2.27248893E-05

 Point added to stored polar  1
 Point written to save file  hq3518_Re500k.ext.pol                           
 Dump file unspecified or not available
 Calculating wake trajectory ...
 Calculating source influence matrix ...

 Solving BL system ...

 Side 1  free  transition at x/c =  0.0482   42
 Side 2 forced transition at x/c =  1.0000   59

   1   rms: 0.7192E-01   max: 0.4336E+00   C at   42  1   RLX: 0.290
       a = 21.750      CL =  1.4501
      Cm = -0.0466     CD =  0.12842   =>   CDf =  0.00445    CDp =  0.12397

 Side 1  free  transition at x/c =  0.0465   42
 Side 2 forced transition at x/c =  1.0000   59

   2   rms: 0.5115E-01   max: 0.3119E+00   D at   62  1
       a = 21.750      CL =  1.4359
      Cm = -0.0506     CD =  0.13822   =>   CDf =  0.00442    CDp =  0.13380

 Side 1  free  transition at x/c =  0.0437   41
 Side 2 forced transition at x/c =  1.0000   59

   3   rms: 0.9136E-02   max: 0.7392E-01   D at   61  1
       a = 21.750      CL =  1.4328
      Cm = -0.0504     CD =  0.13578   =>   CDf =  0.00432    CDp =  0.13146

 Side 1  free  transition at x/c =  0.0439   41
 Side 2 forced transition at x/c =  1.0000   59

   4   rms: 0.2047E-02   max: 0.2049E-01   D at   61  1
       a = 21.750      CL =  1.4317
      Cm = -0.0504     CD =  0.13546   =>   CDf =  0.00431    CDp =  0.13115

 Side 1  free  transition at x/c =  0.0439   41
 Side 2 forced transition at x/c =  1.0000   59

   5   rms: 0.2410E-03   max: 0.1827E-02   D at   77  2
       a = 21.750      CL =  1.4316
      Cm = -0.0504     CD =  0.13538   =>   CDf =  0.00430    CDp =  0.13107

 Side 1  free  transition at x/c =  0.0439   41
 Side 2 forced transition at x/c =  1.0000   59

   6   rms: 0.2088E-04   max: 0.1839E-03   D at   77  2
       a = 21.750      CL =  1.4316
      Cm = -0.0504     CD =  0.13537   =>   CDf =  0.00430    CDp =  0.13106
 plradd ia,ip,cpol           16           0 -2.27248893E-05

 Point added to stored polar  1
 Point written to save file  hq3518_Re500k.ext.pol                           
 Dump file unspecified or not available
 Calculating wake trajectory ...
 Calculating source influence matrix ...

 Solving BL system ...

 Side 1  free  transition at x/c =  0.0439   41
 Side 2 forced transition at x/c =  1.0000   59

   1   rms: 0.6048E-01   max: 0.3543E+00   D at   60  1   RLX: 0.279
       a = 22.250      CL =  1.4282
      Cm = -0.0519     CD =  0.13899   =>   CDf =  0.00431    CDp =  0.13468

 Side 1  free  transition at x/c =  0.0427   41
 Side 2 forced transition at x/c =  1.0000   59

   2   rms: 0.4395E-01   max: 0.2598E+00   D at   60  1
       a = 22.250      CL =  1.4203
      Cm = -0.0557     CD =  0.14785   =>   CDf =  0.00427    CDp =  0.14358

 Side 1  free  transition at x/c =  0.0398   41
 Side 2 forced transition at x/c =  1.0000   59

   3   rms: 0.1451E-01   max: 0.1099E+00   D at   60  1
       a = 22.250      CL =  1.4119
      Cm = -0.0561     CD =  0.14687   =>   CDf =  0.00422    CDp =  0.14265

 Side 1  free  transition at x/c =  0.0404   41
 Side 2 forced transition at x/c =  1.0000   59

   4   rms: 0.1342E-02   max: -.8717E-02   C at   59  2
       a = 22.250      CL =  1.4115
      Cm = -0.0560     CD =  0.14599   =>   CDf =  0.00417    CDp =  0.14182

 Side 1  free  transition at x/c =  0.0404   41
 Side 2 forced transition at x/c =  1.0000   59

   5   rms: 0.7862E-04   max: 0.7593E-03   D at   76  2
       a = 22.250      CL =  1.4115
      Cm = -0.0560     CD =  0.14590   =>   CDf =  0.00417    CDp =  0.14173
 plradd ia,ip,cpol           17           0 -2.27248893E-05

 Point added to stored polar  1
 Point written to save file  hq3518_Re500k.ext.pol                           
 Dump file unspecified or not available

.OPERva   c>  
 Polar accumulation disabled

.OPERv   c>  
 XFOIL   c>  
 XFOIL   c>  