
 ===================================================
  XFOIL Version 6.99
  Copyright (C) 2000   Mark Drela, Harold Youngren

  This software comes with ABSOLUTELY NO WARRANTY,
    subject to the GNU General Public License.

  Caveat computor
 ===================================================

 File  xfoil.def  not found

   QUIT    Exit program

  .OPER    Direct operating point(s)
  .MDES    Complex mapping design routine
  .QDES    Surface speed design routine
  .GDES    Geometry design routine

   SAVE f  Write airfoil to labeled coordinate file
   PSAV f  Write airfoil to plain coordinate file
   ISAV f  Write airfoil to ISES coordinate file
   MSAV f  Write airfoil to MSES coordinate file
   REVE    Reverse written-airfoil node ordering

   LOAD f  Read buffer airfoil from coordinate file
   NACA i  Set NACA 4,5-digit airfoil and buffer airfoil
   INTE    Set buffer airfoil by interpolating two airfoils
   NORM    Buffer airfoil normalization toggle
   XYCM rr Change CM reference location, currently  0.25000 0.00000

   BEND    Display structural properties of current airfoil

   PCOP    Set current-airfoil panel nodes directly from buffer airfoil points
   PANE    Set current-airfoil panel nodes ( 160 ) based on curvature
  .PPAR    Show/change paneling

  .PLOP    Plotting options

   WDEF f  Write  current-settings file
   RDEF f  Reread current-settings file
   NAME s  Specify new airfoil name
   NINC    Increment name version number

   Z       Zoom    | (available in all menus)
   U       Unzoom  | 

 XFOIL   c>  
 Labeled airfoil file.  Name:   HAM-STD HS1-430 AIRFOIL                        

 Number of input coordinate points: 123
 Counterclockwise ordering
 Max thickness =     0.299964  at x =   0.340
 Max camber    =     0.029615  at x =   0.440

  LE  x,y  =   0.00000   0.00008  |   Chord =   1.00000
  TE  x,y  =   1.00000  -0.00056  |

 Current airfoil nodes set from buffer airfoil nodes ( 123 )

 XFOIL   c>  
 XFOIL   c>  
 Blunt trailing edge.  Gap =  0.04049

 Paneling parameters used...
   Number of panel nodes       160
   Panel bunching parameter    1.000
   TE/LE panel density ratio   0.150
   Refined-area/LE panel density ratio    0.200
   Top    side refined area x/c limits  1.000 1.000
   Bottom side refined area x/c limits  1.000 1.000

 XFOIL   c>  
.OPERi   c>  
 Xtr/c     =  1.0000    top    side
 Xtr/c     =  1.0000    bottom side
 Ncrit     =    9.00   ( 0.070 % turb. level )
 Vacc      =  0.0100

 Klag  =  5.6000     Uxwt  =    1.00
 A     =  6.7000     B     =  0.7500       KCt = 0.01485
 CtiniK=  1.8000     CtiniX=  3.3000

..VPAR   c>  
..VPAR   c>  
.OPERi   c>  
 M  =    0.0000
 Re =    500000

.OPERv   c>  
.OPERv   c>  
.OPERv   c>  
 Polar  1 newly created for accumulation
 Airfoil archived with polar: HAM-STD HS1-430 AIRFOIL                         

Enter  polar save filename  OR  <return> for no file   s>  
 New polar save file available

Enter  polar dump filename  OR  <return> for no file   s>  
 Polar dump file will NOT be written

 Polar accumulation enabled

.OPERva   c>   Calculating unit vorticity distributions ...
 Calculating wake trajectory ...
 Calculating source influence matrix ...

 Solving BL system ...

 Initializing BL ...
    side            1  ...
 MRCHUE: Inverse mode at  61     Hk =   3.800
 MRCHUE: Inverse mode at  62     Hk =   4.464
 MRCHUE: Convergence failed at  63  side 1    Res =  0.3634E+01
 MRCHUE: Inverse mode at  64     Hk =   5.078
 MRCHUE: Inverse mode at  65     Hk =   5.666
 MRCHUE: Inverse mode at  66     Hk =   6.228
 MRCHUE: Inverse mode at  67     Hk =   6.768
 MRCHUE: Inverse mode at  68     Hk =   7.297
 MRCHUE: Inverse mode at  69     Hk =   7.829
 MRCHUE: Inverse mode at  70     Hk =   8.379
 MRCHUE: Inverse mode at  71     Hk =   6.378
 MRCHUE: Inverse mode at  72     Hk =   4.308
 MRCHUE: Inverse mode at  73     Hk =   2.838
 MRCHUE: Inverse mode at 105     Hk =   2.500
 MRCHUE: Inverse mode at 106     Hk =   2.500
 MRCHUE: Inverse mode at 107     Hk =   2.500
 MRCHUE: Inverse mode at 108     Hk =   2.500
 MRCHUE: Inverse mode at 109     Hk =   2.500
 MRCHUE: Inverse mode at 110     Hk =   2.500
 MRCHUE: Inverse mode at 111     Hk =   2.500
 MRCHUE: Inverse mode at 112     Hk =   2.500
 MRCHUE: Convergence failed at 113  side 1    Res =  0.5348E+01
 MRCHUE: Inverse mode at 114     Hk =   2.500
 MRCHUE: Convergence failed at 115  side 1    Res =  0.8997E+01
 MRCHUE: Convergence failed at 116  side 1    Res =  0.7117E+01
    side            2  ...
 MRCHUE: Inverse mode at  41     Hk =   3.800
 MRCHUE: Inverse mode at  42     Hk =   4.641
 MRCHUE: Inverse mode at  43     Hk =   5.412
 MRCHUE: Convergence failed at  44  side 2    Res =  0.2642E+01
 MRCHUE: Convergence failed at  45  side 2    Res =  0.2851E+01
 MRCHUE: Inverse mode at  46     Hk =   5.833
 MRCHUE: Inverse mode at  48     Hk =   2.626
 MRCHUE: Inverse mode at  49     Hk =   2.505
 MRCHUE: Inverse mode at  50     Hk =   2.398

 MRCHDU: Convergence failed at 113  side 1    Res =  0.2131E+01
 MRCHDU: Convergence failed at 114  side 1    Res =  0.2147E+01
 MRCHDU: Convergence failed at 115  side 1    Res =  0.5121E+01
 MRCHDU: Convergence failed at 116  side 1    Res =  0.1007E+03
 MRCHDU: Convergence failed at  45  side 2    Res =  0.4772E+01
 MRCHDU: Convergence failed at  46  side 2    Res =  0.6377E+01
 Side 1  free  transition at x/c =  0.1957   71
 Side 2 forced transition at x/c =  1.0000   46

   1   rms: 0.1023E+01   max: -.7369E+01   C at   46  2   RLX: 0.068
       a = 16.250      CL =  2.7425
      Cm = -0.2359     CD =  0.00507   =>   CDf =  0.00892    CDp = -0.00386

 Side 1  free  transition at x/c =  0.1961   71
 Side 2 forced transition at x/c =  1.0000   46

   2   rms: 0.8810E+00   max: -.7683E+01   C at   46  2   RLX: 0.065
       a = 16.250      CL =  2.6943
      Cm = -0.2257     CD =  0.00601   =>   CDf =  0.00886    CDp = -0.00286

 Side 1  free  transition at x/c =  0.1965   71
 Side 2 forced transition at x/c =  1.0000   46
 idif Ue xi dudx           1  6.90755621E-02  7.78865814E-03   8.8687372    
 Uenew xinew           2  8.43779929E-03  9.51409340E-04

   3   rms: 0.7799E+00   max: -.4622E+01   C at   46  2   RLX: 0.108
       a = 16.250      CL =  2.6216
      Cm = -0.2110     CD =  0.00748   =>   CDf =  0.00916    CDp = -0.00168

 Side 1  free  transition at x/c =  0.1971   70
 Side 2 forced transition at x/c =  1.0000   47

   4   rms: 0.7704E+00   max: 0.3964E+01   D at   53  2   RLX: 0.133
       a = 16.250      CL =  2.5118
      Cm = -0.1895     CD =  0.00956   =>   CDf =  0.00873    CDp =  0.00083

 Side 1  free  transition at x/c =  0.1980   70
 Side 2 forced transition at x/c =  1.0000   47
 idif Ue xi dudx           1  9.86085162E-02  1.04404688E-02   9.4448357    
 Uenew xinew           2  3.63928601E-02  3.85320187E-03

   5   rms: 0.6951E+00   max: 0.3347E+01   D at   55  2   RLX: 0.255
       a = 16.250      CL =  2.3037
      Cm = -0.1498     CD =  0.01428   =>   CDf =  0.00898    CDp =  0.00530

 Side 1  free  transition at x/c =  0.2003   70
 Side 2 forced transition at x/c =  1.0000   48
 idif Ue xi dudx           2  0.16528545      1.63643360E-02   10.100346    
 Uenew xinew           3  0.10109486      1.00090504E-02

   6   rms: 0.6159E+00   max: 0.2753E+01   D at   54  2   RLX: 0.545
       a = 16.250      CL =  1.8794
      Cm = -0.0727     CD =  0.02628   =>   CDf =  0.00898    CDp =  0.01730

 MRCHDU: Convergence failed at  60  side 2    Res =  0.4509E+01
 MRCHDU: Convergence failed at  61  side 2    Res =  0.1715E+01
 MRCHDU: Convergence failed at  62  side 2    Res =  0.2665E+01
 Side 1  free  transition at x/c =  0.2045   68
 Side 2 forced transition at x/c =  1.0000   50
 idif Ue xi dudx           2  0.14566334      1.29982233E-02   11.206404    
 Uenew xinew           3  7.90509880E-02  7.05409050E-03

   7   rms: 0.2862E+00   max: 0.1798E+01   D at   59  2   RLX: 0.834
       a = 16.250      CL =  1.5617
      Cm = -0.0150     CD =  0.04468   =>   CDf =  0.00840    CDp =  0.03629

 Side 1  free  transition at x/c =  0.2101   67
 Side 2 forced transition at x/c =  1.0000   52
 idif Ue xi dudx           1  7.76288137E-02  6.30569458E-03   12.310906    
 Uenew xinew           2  8.66162404E-03  7.03573227E-04

   8   rms: 0.1749E+00   max: 0.9884E+00   D at   93  1
       a = 16.250      CL =  1.3834
      Cm =  0.0075     CD =  0.06198   =>   CDf =  0.00746    CDp =  0.05452

 Side 1  free  transition at x/c =  0.2102   66
 Side 2 forced transition at x/c =  1.0000   53

   9   rms: 0.1897E-01   max: -.1538E+00   D at   92  1
       a = 16.250      CL =  1.4090
      Cm =  0.0048     CD =  0.05740   =>   CDf =  0.00689    CDp =  0.05051

 Side 1  free  transition at x/c =  0.2097   66
 Side 2 forced transition at x/c =  1.0000   53

  10   rms: 0.1057E-02   max: 0.1287E-01   D at   89  1
       a = 16.250      CL =  1.4083
      Cm =  0.0048     CD =  0.05757   =>   CDf =  0.00695    CDp =  0.05063

 Side 1  free  transition at x/c =  0.2097   66
 Side 2 forced transition at x/c =  1.0000   53

  11   rms: 0.3020E-04   max: 0.3758E-03   C at   53  2
       a = 16.250      CL =  1.4083
      Cm =  0.0048     CD =  0.05756   =>   CDf =  0.00694    CDp =  0.05061
 plradd ia,ip,cpol            1           0  8.07262361E-02

 Point added to stored polar  1
 Point written to save file  hs1430_Re500k.ext.pol                           
 Dump file unspecified or not available
 Calculating wake trajectory ...
 Calculating source influence matrix ...

 Solving BL system ...

 Side 1  free  transition at x/c =  0.2097   66
 Side 2 forced transition at x/c =  1.0000   53

   1   rms: 0.2388E-01   max: 0.1042E+00   T at   66  1   RLX: 0.366
       a = 16.500      CL =  1.4137
      Cm =  0.0049     CD =  0.05801   =>   CDf =  0.00672    CDp =  0.05129

 Side 1  free  transition at x/c =  0.2092   67
 Side 2 forced transition at x/c =  1.0000   52

   2   rms: 0.1548E-01   max: 0.6708E-01   T at   67  1
       a = 16.500      CL =  1.4246
      Cm =  0.0049     CD =  0.05858   =>   CDf =  0.00695    CDp =  0.05164

 Side 1  free  transition at x/c =  0.2083   67
 Side 2 forced transition at x/c =  1.0000   52

   3   rms: 0.1636E-02   max: -.1182E-01   D at   90  1
       a = 16.500      CL =  1.4254
      Cm =  0.0049     CD =  0.05838   =>   CDf =  0.00696    CDp =  0.05141

 Side 1  free  transition at x/c =  0.2083   67
 Side 2 forced transition at x/c =  1.0000   52

   4   rms: 0.2004E-03   max: -.9603E-03   D at   90  1
       a = 16.500      CL =  1.4256
      Cm =  0.0049     CD =  0.05839   =>   CDf =  0.00697    CDp =  0.05142

 Side 1  free  transition at x/c =  0.2083   67
 Side 2 forced transition at x/c =  1.0000   52

   5   rms: 0.7568E-05   max: -.5950E-04   C at   52  2
       a = 16.500      CL =  1.4257
      Cm =  0.0049     CD =  0.05839   =>   CDf =  0.00697    CDp =  0.05142
 plradd ia,ip,cpol            2           0  8.07262361E-02

 Point added to stored polar  1
 Point written to save file  hs1430_Re500k.ext.pol                           
 Dump file unspecified or not available
 Calculating wake trajectory ...
 Calculating source influence matrix ...

 Solving BL system ...

 Side 1  free  transition at x/c =  0.2083   67
 Side 2 forced transition at x/c =  1.0000   52

   1   rms: 0.2541E-01   max: 0.1165E+00   T at   67  1   RLX: 0.363
       a = 16.750      CL =  1.4331
      Cm =  0.0048     CD =  0.05861   =>   CDf =  0.00697    CDp =  0.05164

 Side 1  free  transition at x/c =  0.2078   67
 Side 2 forced transition at x/c =  1.0000   52

   2   rms: 0.1727E-01   max: 0.7914E-01   T at   67  1
       a = 16.750      CL =  1.4489
      Cm =  0.0046     CD =  0.05870   =>   CDf =  0.00699    CDp =  0.05171

 Side 1  free  transition at x/c =  0.2070   67
 Side 2 forced transition at x/c =  1.0000   52

   3   rms: 0.3273E-02   max: -.2218E-01   D at   90  1
       a = 16.750      CL =  1.4516
      Cm =  0.0044     CD =  0.05836   =>   CDf =  0.00705    CDp =  0.05131

 Side 1  free  transition at x/c =  0.2070   67
 Side 2 forced transition at x/c =  1.0000   52

   4   rms: 0.3699E-03   max: -.1764E-02   D at   67  2
       a = 16.750      CL =  1.4520
      Cm =  0.0044     CD =  0.05838   =>   CDf =  0.00706    CDp =  0.05133

 Side 1  free  transition at x/c =  0.2070   67
 Side 2 forced transition at x/c =  1.0000   52

   5   rms: 0.1807E-04   max: -.1195E-03   D at   67  2
       a = 16.750      CL =  1.4520
      Cm =  0.0044     CD =  0.05839   =>   CDf =  0.00706    CDp =  0.05133
 plradd ia,ip,cpol            3           0  7.45841041E-02

 Point added to stored polar  1
 Point written to save file  hs1430_Re500k.ext.pol                           
 Dump file unspecified or not available
 Calculating wake trajectory ...
 Calculating source influence matrix ...

 Solving BL system ...

 Side 1  free  transition at x/c =  0.2070   67
 Side 2 forced transition at x/c =  1.0000   52

   1   rms: 0.3404E-01   max: 0.1507E+00   T at   67  1   RLX: 0.365
       a = 17.000      CL =  1.4649
      Cm =  0.0040     CD =  0.05805   =>   CDf =  0.00706    CDp =  0.05099

 Side 1  free  transition at x/c =  0.2065   66
 Side 2 forced transition at x/c =  1.0000   52

   2   rms: 0.2080E-01   max: 0.1073E+00   D at   89  1
       a = 17.000      CL =  1.4573
      Cm =  0.0051     CD =  0.06064   =>   CDf =  0.00711    CDp =  0.05354

 Side 1  free  transition at x/c =  0.2055   66
 Side 2 forced transition at x/c =  1.0000   52

   3   rms: 0.2790E-02   max: 0.1798E-01   C at   52  2
       a = 17.000      CL =  1.4593
      Cm =  0.0050     CD =  0.06007   =>   CDf =  0.00697    CDp =  0.05310

 Side 1  free  transition at x/c =  0.2055   66
 Side 2 forced transition at x/c =  1.0000   52

   4   rms: 0.2122E-03   max: -.1332E-02   D at   66  2
       a = 17.000      CL =  1.4596
      Cm =  0.0050     CD =  0.06011   =>   CDf =  0.00697    CDp =  0.05314

 Side 1  free  transition at x/c =  0.2055   66
 Side 2 forced transition at x/c =  1.0000   52

   5   rms: 0.6437E-05   max: -.5031E-04   D at   67  2
       a = 17.000      CL =  1.4596
      Cm =  0.0050     CD =  0.06011   =>   CDf =  0.00698    CDp =  0.05314
 plradd ia,ip,cpol            4           0  7.45841041E-02

 Point added to stored polar  1
 Point written to save file  hs1430_Re500k.ext.pol                           
 Dump file unspecified or not available
 Calculating wake trajectory ...
 Calculating source influence matrix ...

 Solving BL system ...

 Side 1  free  transition at x/c =  0.2055   66
 Side 2 forced transition at x/c =  1.0000   52

   1   rms: 0.2573E-01   max: 0.1256E+00   T at   66  1   RLX: 0.350
       a = 17.250      CL =  1.4597
      Cm =  0.0053     CD =  0.06111   =>   CDf =  0.00698    CDp =  0.05413

 Side 1  free  transition at x/c =  0.2049   66
 Side 2 forced transition at x/c =  1.0000   52

   2   rms: 0.1558E-01   max: 0.7537E-01   T at   66  1
       a = 17.250      CL =  1.4625
      Cm =  0.0057     CD =  0.06254   =>   CDf =  0.00693    CDp =  0.05561

 Side 1  free  transition at x/c =  0.2038   66
 Side 2 forced transition at x/c =  1.0000   52

   3   rms: 0.1892E-02   max: -.1342E-01   D at   67  1
       a = 17.250      CL =  1.4632
      Cm =  0.0057     CD =  0.06219   =>   CDf =  0.00686    CDp =  0.05533

 Side 1  free  transition at x/c =  0.2038   66
 Side 2 forced transition at x/c =  1.0000   52

   4   rms: 0.2449E-03   max: -.1058E-02   D at   89  1
       a = 17.250      CL =  1.4635
      Cm =  0.0057     CD =  0.06221   =>   CDf =  0.00686    CDp =  0.05534

 Side 1  free  transition at x/c =  0.2038   66
 Side 2 forced transition at x/c =  1.0000   52

   5   rms: 0.9794E-05   max: -.8405E-04   D at   67  2
       a = 17.250      CL =  1.4635
      Cm =  0.0057     CD =  0.06221   =>   CDf =  0.00686    CDp =  0.05534
 plradd ia,ip,cpol            5           0  7.45841041E-02

 Point added to stored polar  1
 Point written to save file  hs1430_Re500k.ext.pol                           
 Dump file unspecified or not available
 Calculating wake trajectory ...
 Calculating source influence matrix ...

 Solving BL system ...

 Side 1  free  transition at x/c =  0.2038   66
 Side 2 forced transition at x/c =  1.0000   52

   1   rms: 0.2330E-01   max: 0.1060E+00   T at   66  1   RLX: 0.345
       a = 17.500      CL =  1.4666
      Cm =  0.0058     CD =  0.06288   =>   CDf =  0.00662    CDp =  0.05626

 Side 1  free  transition at x/c =  0.2033   67
 Side 2 forced transition at x/c =  1.0000   51

   2   rms: 0.1665E-01   max: 0.1155E+00   T at    2  1
       a = 17.500      CL =  1.4730
      Cm =  0.0059     CD =  0.06400   =>   CDf =  0.00685    CDp =  0.05715

 Side 1  free  transition at x/c =  0.2022   67
 Side 2 forced transition at x/c =  1.0000   51

   3   rms: 0.1402E-02   max: -.8647E-02   D at   68  1
       a = 17.500      CL =  1.4732
      Cm =  0.0060     CD =  0.06376   =>   CDf =  0.00682    CDp =  0.05694

 Side 1  free  transition at x/c =  0.2023   67
 Side 2 forced transition at x/c =  1.0000   51

   4   rms: 0.2183E-03   max: -.1097E-02   D at   90  1
       a = 17.500      CL =  1.4734
      Cm =  0.0059     CD =  0.06376   =>   CDf =  0.00682    CDp =  0.05694

 Side 1  free  transition at x/c =  0.2023   67
 Side 2 forced transition at x/c =  1.0000   51

   5   rms: 0.1173E-04   max: -.8628E-04   D at   66  2
       a = 17.500      CL =  1.4734
      Cm =  0.0059     CD =  0.06377   =>   CDf =  0.00682    CDp =  0.05695
 plradd ia,ip,cpol            6           0  7.45841041E-02

 Point added to stored polar  1
 Point written to save file  hs1430_Re500k.ext.pol                           
 Dump file unspecified or not available
 Calculating wake trajectory ...
 Calculating source influence matrix ...

 Solving BL system ...

 Side 1  free  transition at x/c =  0.2023   67
 Side 2 forced transition at x/c =  1.0000   51

   1   rms: 0.2326E-01   max: 0.1010E+00   T at   67  1   RLX: 0.340
       a = 17.750      CL =  1.4778
      Cm =  0.0060     CD =  0.06429   =>   CDf =  0.00683    CDp =  0.05747

 Side 1  free  transition at x/c =  0.2018   67
 Side 2 forced transition at x/c =  1.0000   51

   2   rms: 0.1550E-01   max: 0.6641E-01   T at   67  1
       a = 17.750      CL =  1.4879
      Cm =  0.0059     CD =  0.06503   =>   CDf =  0.00682    CDp =  0.05821

 Side 1  free  transition at x/c =  0.2009   67
 Side 2 forced transition at x/c =  1.0000   51

   3   rms: 0.1940E-02   max: -.1421E-01   D at   90  1
       a = 17.750      CL =  1.4890
      Cm =  0.0059     CD =  0.06474   =>   CDf =  0.00683    CDp =  0.05790

 Side 1  free  transition at x/c =  0.2010   67
 Side 2 forced transition at x/c =  1.0000   51

   4   rms: 0.2750E-03   max: -.1270E-02   D at   90  1
       a = 17.750      CL =  1.4893
      Cm =  0.0059     CD =  0.06476   =>   CDf =  0.00684    CDp =  0.05792

 Side 1  free  transition at x/c =  0.2010   67
 Side 2 forced transition at x/c =  1.0000   51

   5   rms: 0.1417E-04   max: -.1068E-03   D at   66  2
       a = 17.750      CL =  1.4893
      Cm =  0.0059     CD =  0.06476   =>   CDf =  0.00684    CDp =  0.05792
 plradd ia,ip,cpol            7           0  7.45841041E-02

 Point added to stored polar  1
 Point written to save file  hs1430_Re500k.ext.pol                           
 Dump file unspecified or not available
 Calculating wake trajectory ...
 Calculating source influence matrix ...

 Solving BL system ...

 Side 1  free  transition at x/c =  0.2010   67
 Side 2 forced transition at x/c =  1.0000   51

   1   rms: 0.2480E-01   max: 0.1120E+00   T at   67  1   RLX: 0.338
       a = 18.000      CL =  1.4958
      Cm =  0.0058     CD =  0.06503   =>   CDf =  0.00684    CDp =  0.05818

 Side 1  free  transition at x/c =  0.2005   67
 Side 2 forced transition at x/c =  1.0000   51

   2   rms: 0.1742E-01   max: 0.7734E-01   T at   67  1
       a = 18.000      CL =  1.5112
      Cm =  0.0056     CD =  0.06520   =>   CDf =  0.00686    CDp =  0.05834

 Side 1  free  transition at x/c =  0.1999   67
 Side 2 forced transition at x/c =  1.0000   51

   3   rms: 0.2957E-02   max: -.1864E-01   D at   90  1
       a = 18.000      CL =  1.5139
      Cm =  0.0055     CD =  0.06482   =>   CDf =  0.00690    CDp =  0.05792

 Side 1  free  transition at x/c =  0.1998   67
 Side 2 forced transition at x/c =  1.0000   51

   4   rms: 0.3099E-03   max: -.1534E-02   D at   66  2
       a = 18.000      CL =  1.5143
      Cm =  0.0054     CD =  0.06485   =>   CDf =  0.00692    CDp =  0.05794

 Side 1  free  transition at x/c =  0.1998   67
 Side 2 forced transition at x/c =  1.0000   51

   5   rms: 0.1364E-04   max: -.1037E-03   D at   66  2
       a = 18.000      CL =  1.5143
      Cm =  0.0054     CD =  0.06486   =>   CDf =  0.00692    CDp =  0.05794
 plradd ia,ip,cpol            8           0  6.86333627E-02

 Point added to stored polar  1
 Point written to save file  hs1430_Re500k.ext.pol                           
 Dump file unspecified or not available

.OPERva   c>   Calculating wake trajectory ...
 Calculating source influence matrix ...

 Solving BL system ...

 Side 1  free  transition at x/c =  0.1998   67
 Side 2 forced transition at x/c =  1.0000   51

   1   rms: 0.3172E-01   max: 0.1349E+00   T at   67  1   RLX: 0.339
       a = 18.250      CL =  1.5252
      Cm =  0.0052     CD =  0.06462   =>   CDf =  0.00692    CDp =  0.05769

 Side 1  free  transition at x/c =  0.1995   66
 Side 2 forced transition at x/c =  1.0000   51

   2   rms: 0.3685E-01   max: 0.2117E+00   D at   90  1
       a = 18.250      CL =  1.4996
      Cm =  0.0066     CD =  0.06969   =>   CDf =  0.00692    CDp =  0.06277

 Side 1  free  transition at x/c =  0.1981   66
 Side 2 forced transition at x/c =  1.0000   51

   3   rms: 0.6558E-02   max: -.4053E-01   D at   91  1
       a = 18.250      CL =  1.5052
      Cm =  0.0065     CD =  0.06816   =>   CDf =  0.00669    CDp =  0.06148

 Side 1  free  transition at x/c =  0.1981   66
 Side 2 forced transition at x/c =  1.0000   51

   4   rms: 0.4522E-03   max: -.3316E-02   D at   66  2
       a = 18.250      CL =  1.5057
      Cm =  0.0064     CD =  0.06829   =>   CDf =  0.00671    CDp =  0.06159

 Side 1  free  transition at x/c =  0.1981   66
 Side 2 forced transition at x/c =  1.0000   51

   5   rms: 0.9193E-05   max: -.9285E-04   D at   66  2
       a = 18.250      CL =  1.5057
      Cm =  0.0064     CD =  0.06830   =>   CDf =  0.00671    CDp =  0.06159
 plradd ia,ip,cpol            9           0  6.86333627E-02

 Point added to stored polar  1
 Point written to save file  hs1430_Re500k.ext.pol                           
 Dump file unspecified or not available
 Calculating wake trajectory ...
 Calculating source influence matrix ...

 Solving BL system ...

 Side 1  free  transition at x/c =  0.1981   66
 Side 2 forced transition at x/c =  1.0000   51

   1   rms: 0.5098E-01   max: 0.2473E+00   D at   88  1   RLX: 0.316
       a = 18.750      CL =  1.5051
      Cm =  0.0067     CD =  0.07035   =>   CDf =  0.00646    CDp =  0.06389

 Side 1  free  transition at x/c =  0.1968   67
 Side 2 forced transition at x/c =  1.0000   50

   2   rms: 0.3328E-01   max: 0.1540E+00   D at   89  1
       a = 18.750      CL =  1.5067
      Cm =  0.0071     CD =  0.07419   =>   CDf =  0.00662    CDp =  0.06757

 Side 1  free  transition at x/c =  0.1943   67
 Side 2 forced transition at x/c =  1.0000   50

   3   rms: 0.8973E-02   max: -.6733E-01   D at   68  1
       a = 18.750      CL =  1.5101
      Cm =  0.0071     CD =  0.07296   =>   CDf =  0.00652    CDp =  0.06644

 Side 1  free  transition at x/c =  0.1947   67
 Side 2 forced transition at x/c =  1.0000   50

   4   rms: 0.1688E-02   max: -.7813E-02   D at   90  1
       a = 18.750      CL =  1.5120
      Cm =  0.0070     CD =  0.07298   =>   CDf =  0.00652    CDp =  0.06647

 Side 1  free  transition at x/c =  0.1947   67
 Side 2 forced transition at x/c =  1.0000   50

   5   rms: 0.9372E-04   max: -.6633E-03   D at   65  2
       a = 18.750      CL =  1.5121
      Cm =  0.0070     CD =  0.07301   =>   CDf =  0.00652    CDp =  0.06649
 plradd ia,ip,cpol           10           0  6.28934950E-02

 Point added to stored polar  1
 Point written to save file  hs1430_Re500k.ext.pol                           
 Dump file unspecified or not available
 Calculating wake trajectory ...
 Calculating source influence matrix ...

 Solving BL system ...

 Side 1  free  transition at x/c =  0.1947   67
 Side 2 forced transition at x/c =  1.0000   50

   1   rms: 0.4521E-01   max: 0.1714E+00   T at   67  1   RLX: 0.309
       a = 19.250      CL =  1.5181
      Cm =  0.0069     CD =  0.07427   =>   CDf =  0.00653    CDp =  0.06774

 Side 1  free  transition at x/c =  0.1939   67
 Side 2 forced transition at x/c =  1.0000   50

   2   rms: 0.3140E-01   max: 0.1178E+00   T at   67  1
       a = 19.250      CL =  1.5358
      Cm =  0.0066     CD =  0.07636   =>   CDf =  0.00652    CDp =  0.06984

 Side 1  free  transition at x/c =  0.1925   66
 Side 2 forced transition at x/c =  1.0000   50

   3   rms: 0.2397E-01   max: 0.1405E+00   D at   89  1
       a = 19.250      CL =  1.5155
      Cm =  0.0070     CD =  0.07888   =>   CDf =  0.00645    CDp =  0.07243

 Side 1  free  transition at x/c =  0.1911   66
 Side 2 forced transition at x/c =  1.0000   50

   4   rms: 0.1732E-02   max: -.1286E-01   D at   67  1
       a = 19.250      CL =  1.5160
      Cm =  0.0072     CD =  0.07815   =>   CDf =  0.00630    CDp =  0.07185

 Side 1  free  transition at x/c =  0.1912   66
 Side 2 forced transition at x/c =  1.0000   50

   5   rms: 0.2115E-03   max: -.9517E-03   D at   89  1
       a = 19.250      CL =  1.5162
      Cm =  0.0072     CD =  0.07815   =>   CDf =  0.00631    CDp =  0.07184

 Side 1  free  transition at x/c =  0.1912   66
 Side 2 forced transition at x/c =  1.0000   50

   6   rms: 0.1334E-04   max: -.9536E-04   D at   66  2
       a = 19.250      CL =  1.5162
      Cm =  0.0072     CD =  0.07816   =>   CDf =  0.00631    CDp =  0.07185
 plradd ia,ip,cpol           11           0  6.28934950E-02

 Point added to stored polar  1
 Point written to save file  hs1430_Re500k.ext.pol                           
 Dump file unspecified or not available
 Calculating wake trajectory ...
 Calculating source influence matrix ...

 Solving BL system ...

 Side 1  free  transition at x/c =  0.1912   66
 Side 2 forced transition at x/c =  1.0000   50

   1   rms: 0.5117E-01   max: 0.2601E+00   D at   87  1   RLX: 0.294
       a = 19.750      CL =  1.5156
      Cm =  0.0071     CD =  0.08030   =>   CDf =  0.00632    CDp =  0.07398

 Side 1  free  transition at x/c =  0.1897   66
 Side 2 forced transition at x/c =  1.0000   50

   2   rms: 0.3167E-01   max: 0.1363E+00   D at   87  1
       a = 19.750      CL =  1.5229
      Cm =  0.0068     CD =  0.08390   =>   CDf =  0.00598    CDp =  0.07792

 Side 1  free  transition at x/c =  0.1870   66
 Side 2 forced transition at x/c =  1.0000   49

   3   rms: 0.8071E-02   max: -.8074E-01   D at   68  1
       a = 19.750      CL =  1.5214
      Cm =  0.0069     CD =  0.08329   =>   CDf =  0.00613    CDp =  0.07716

 Side 1  free  transition at x/c =  0.1893   67
 Side 2 forced transition at x/c =  1.0000   49

   4   rms: 0.3214E-01   max: 0.2810E+00   D at   68  1
       a = 19.750      CL =  1.5135
      Cm =  0.0068     CD =  0.08498   =>   CDf =  0.00599    CDp =  0.07898

 Side 1  free  transition at x/c =  0.1873   67
 Side 2 forced transition at x/c =  1.0000   49

   5   rms: 0.9281E-02   max: -.6618E-01   D at   89  1
       a = 19.750      CL =  1.5193
      Cm =  0.0070     CD =  0.08324   =>   CDf =  0.00609    CDp =  0.07715

 Side 1  free  transition at x/c =  0.1874   67
 Side 2 forced transition at x/c =  1.0000   49

   6   rms: 0.1586E-02   max: -.7697E-02   D at   89  1
       a = 19.750      CL =  1.5211
      Cm =  0.0069     CD =  0.08336   =>   CDf =  0.00611    CDp =  0.07724

 Side 1  free  transition at x/c =  0.1874   67
 Side 2 forced transition at x/c =  1.0000   49

   7   rms: 0.9888E-04   max: -.7205E-03   D at   65  2
       a = 19.750      CL =  1.5212
      Cm =  0.0069     CD =  0.08338   =>   CDf =  0.00612    CDp =  0.07727
 plradd ia,ip,cpol           12           0  6.28934950E-02

 Point added to stored polar  1
 Point written to save file  hs1430_Re500k.ext.pol                           
 Dump file unspecified or not available
 Calculating wake trajectory ...
 Calculating source influence matrix ...

 Solving BL system ...

 Side 1  free  transition at x/c =  0.1874   67
 Side 2 forced transition at x/c =  1.0000   49

   1   rms: 0.4597E-01   max: 0.1969E+00   D at   88  1   RLX: 0.286
       a = 20.250      CL =  1.5241
      Cm =  0.0066     CD =  0.08506   =>   CDf =  0.00613    CDp =  0.07893

 Side 1  free  transition at x/c =  0.1867   66
 Side 2 forced transition at x/c =  1.0000   49

   2   rms: 0.4672E-01   max: -.3492E+00   C at   66  1
       a = 20.250      CL =  1.5259
      Cm =  0.0063     CD =  0.08976   =>   CDf =  0.00608    CDp =  0.08368

 Side 1  free  transition at x/c =  0.1795   65
 Side 2 forced transition at x/c =  1.0000   49

   3   rms: 0.3417E-01   max: -.3406E+00   D at   69  1
       a = 20.250      CL =  1.5125
      Cm =  0.0067     CD =  0.08994   =>   CDf =  0.00594    CDp =  0.08399

 Side 1  free  transition at x/c =  0.1822   66
 Side 2 forced transition at x/c =  1.0000   49

   4   rms: 0.1300E-01   max: 0.6529E-01   D at   70  1
       a = 20.250      CL =  1.5243
      Cm =  0.0064     CD =  0.08857   =>   CDf =  0.00590    CDp =  0.08267

 Side 1  free  transition at x/c =  0.1823   66
 Side 2 forced transition at x/c =  1.0000   49

   5   rms: 0.1928E-02   max: -.1041E-01   D at   88  1
       a = 20.250      CL =  1.5262
      Cm =  0.0063     CD =  0.08867   =>   CDf =  0.00588    CDp =  0.08279

 Side 1  free  transition at x/c =  0.1822   66
 Side 2 forced transition at x/c =  1.0000   49

   6   rms: 0.1369E-03   max: -.9523E-03   D at   65  2
       a = 20.250      CL =  1.5263
      Cm =  0.0063     CD =  0.08871   =>   CDf =  0.00588    CDp =  0.08283

 Side 1  free  transition at x/c =  0.1822   66
 Side 2 forced transition at x/c =  1.0000   49

   7   rms: 0.6863E-05   max: -.4650E-04   D at   65  2
       a = 20.250      CL =  1.5263
      Cm =  0.0063     CD =  0.08872   =>   CDf =  0.00588    CDp =  0.08283
 plradd ia,ip,cpol           13           0  5.73856197E-02

 Point added to stored polar  1
 Point written to save file  hs1430_Re500k.ext.pol                           
 Dump file unspecified or not available
 Calculating wake trajectory ...
 Calculating source influence matrix ...

 Solving BL system ...

 Side 1  free  transition at x/c =  0.1822   66
 Side 2 forced transition at x/c =  1.0000   49

   1   rms: 0.4730E-01   max: 0.2342E+00   D at   87  1   RLX: 0.276
       a = 20.750      CL =  1.5276
      Cm =  0.0059     CD =  0.09065   =>   CDf =  0.00590    CDp =  0.08475

 Side 1  free  transition at x/c =  0.1811   65
 Side 2 forced transition at x/c =  1.0000   49

   2   rms: 0.3162E-01   max: 0.1349E+00   D at   87  1
       a = 20.750      CL =  1.5372
      Cm =  0.0051     CD =  0.09445   =>   CDf =  0.00586    CDp =  0.08859

 Side 1  free  transition at x/c =  0.1781   65
 Side 2 forced transition at x/c =  1.0000   49

   3   rms: 0.9058E-02   max: -.8963E-01   D at   68  1
       a = 20.750      CL =  1.5336
      Cm =  0.0052     CD =  0.09401   =>   CDf =  0.00579    CDp =  0.08823

 Side 1  free  transition at x/c =  0.1788   65
 Side 2 forced transition at x/c =  1.0000   49

   4   rms: 0.9377E-03   max: -.5386E-02   D at   88  1
       a = 20.750      CL =  1.5345
      Cm =  0.0052     CD =  0.09383   =>   CDf =  0.00575    CDp =  0.08807

 Side 1  free  transition at x/c =  0.1787   65
 Side 2 forced transition at x/c =  1.0000   49

   5   rms: 0.7749E-04   max: -.4985E-03   D at   65  2
       a = 20.750      CL =  1.5346
      Cm =  0.0052     CD =  0.09386   =>   CDf =  0.00576    CDp =  0.08810
 plradd ia,ip,cpol           14           0  5.73856197E-02

 Point added to stored polar  1
 Point written to save file  hs1430_Re500k.ext.pol                           
 Dump file unspecified or not available
 Calculating wake trajectory ...
 Calculating source influence matrix ...

 Solving BL system ...

 Side 1  free  transition at x/c =  0.1787   65
 Side 2 forced transition at x/c =  1.0000   49

   1   rms: 0.4996E-01   max: 0.2663E+00   D at   86  1   RLX: 0.267
       a = 21.250      CL =  1.5346
      Cm =  0.0047     CD =  0.09598   =>   CDf =  0.00577    CDp =  0.09021

 Side 1  free  transition at x/c =  0.1779   65
 Side 2 forced transition at x/c =  1.0000   49

   2   rms: 0.3490E-01   max: 0.1649E+00   D at   86  1
       a = 21.250      CL =  1.5405
      Cm =  0.0035     CD =  0.10060   =>   CDf =  0.00549    CDp =  0.09511

 Side 1  free  transition at x/c =  0.1757   66
 Side 2 forced transition at x/c =  1.0000   48

   3   rms: 0.3676E-02   max: 0.3645E-01   D at   87  1
       a = 21.250      CL =  1.5402
      Cm =  0.0037     CD =  0.09939   =>   CDf =  0.00571    CDp =  0.09368

 Side 1  free  transition at x/c =  0.1759   66
 Side 2 forced transition at x/c =  1.0000   48

   4   rms: 0.9952E-03   max: 0.9084E-02   D at   87  1
       a = 21.250      CL =  1.5393
      Cm =  0.0037     CD =  0.09954   =>   CDf =  0.00569    CDp =  0.09385

 Side 1  free  transition at x/c =  0.1759   66
 Side 2 forced transition at x/c =  1.0000   48

   5   rms: 0.9886E-04   max: 0.4321E-03   D at   64  2
       a = 21.250      CL =  1.5392
      Cm =  0.0037     CD =  0.09953   =>   CDf =  0.00569    CDp =  0.09384
 plradd ia,ip,cpol           15           0  5.21243922E-02

 Point added to stored polar  1
 Point written to save file  hs1430_Re500k.ext.pol                           
 Dump file unspecified or not available
 Calculating wake trajectory ...
 Calculating source influence matrix ...

 Solving BL system ...

 Side 1  free  transition at x/c =  0.1759   66
 Side 2 forced transition at x/c =  1.0000   48

   1   rms: 0.5537E-01   max: 0.3094E+00   D at   86  1   RLX: 0.258
       a = 21.750      CL =  1.5375
      Cm =  0.0032     CD =  0.10184   =>   CDf =  0.00570    CDp =  0.09614

 Side 1  free  transition at x/c =  0.1752   65
 Side 2 forced transition at x/c =  1.0000   48

   2   rms: 0.3471E-01   max: 0.1714E+00   D at   86  1
       a = 21.750      CL =  1.5421
      Cm =  0.0020     CD =  0.10650   =>   CDf =  0.00568    CDp =  0.10082

 Side 1  free  transition at x/c =  0.1728   65
 Side 2 forced transition at x/c =  1.0000   48

   3   rms: 0.2909E-02   max: 0.2488E-01   D at   86  1
       a = 21.750      CL =  1.5403
      Cm =  0.0023     CD =  0.10538   =>   CDf =  0.00567    CDp =  0.09971

 Side 1  free  transition at x/c =  0.1728   65
 Side 2 forced transition at x/c =  1.0000   48

   4   rms: 0.6652E-03   max: 0.6464E-02   D at   86  1
       a = 21.750      CL =  1.5397
      Cm =  0.0023     CD =  0.10545   =>   CDf =  0.00566    CDp =  0.09979

 Side 1  free  transition at x/c =  0.1728   65
 Side 2 forced transition at x/c =  1.0000   48

   5   rms: 0.6980E-04   max: 0.3263E-03   D at   86  1
       a = 21.750      CL =  1.5397
      Cm =  0.0023     CD =  0.10544   =>   CDf =  0.00566    CDp =  0.09978
 plradd ia,ip,cpol           16           0  5.21243922E-02

 Point added to stored polar  1
 Point written to save file  hs1430_Re500k.ext.pol                           
 Dump file unspecified or not available
 Calculating wake trajectory ...
 Calculating source influence matrix ...

 Solving BL system ...

 Side 1  free  transition at x/c =  0.1728   65
 Side 2 forced transition at x/c =  1.0000   48

   1   rms: 0.5070E-01   max: 0.2844E+00   D at   85  1   RLX: 0.250
       a = 22.250      CL =  1.5386
      Cm =  0.0018     CD =  0.10753   =>   CDf =  0.00567    CDp =  0.10185

 Side 1  free  transition at x/c =  0.1721   65
 Side 2 forced transition at x/c =  1.0000   48

   2   rms: 0.3576E-01   max: 0.1832E+00   D at   85  1
       a = 22.250      CL =  1.5403
      Cm =  0.0005     CD =  0.11268   =>   CDf =  0.00567    CDp =  0.10701

 Side 1  free  transition at x/c =  0.1699   64
 Side 2 forced transition at x/c =  1.0000   48

   3   rms: 0.9736E-02   max: -.8058E-01   D at   86  1
       a = 22.250      CL =  1.5472
      Cm =  0.0011     CD =  0.10978   =>   CDf =  0.00574    CDp =  0.10403

 Side 1  free  transition at x/c =  0.1699   64
 Side 2 forced transition at x/c =  1.0000   48

   4   rms: 0.1215E-02   max: -.5429E-02   D at   86  1
       a = 22.250      CL =  1.5485
      Cm =  0.0010     CD =  0.10998   =>   CDf =  0.00577    CDp =  0.10421

 Side 1  free  transition at x/c =  0.1699   64
 Side 2 forced transition at x/c =  1.0000   48

   5   rms: 0.7801E-04   max: -.5604E-03   D at   65  2
       a = 22.250      CL =  1.5486
      Cm =  0.0010     CD =  0.11001   =>   CDf =  0.00577    CDp =  0.10423
 plradd ia,ip,cpol           17           0  5.21243922E-02

 Point added to stored polar  1
 Point written to save file  hs1430_Re500k.ext.pol                           
 Dump file unspecified or not available

.OPERva   c>  
 Polar accumulation disabled

.OPERv   c>  
 XFOIL   c>  
 XFOIL   c>  