
 ===================================================
  XFOIL Version 6.99
  Copyright (C) 2000   Mark Drela, Harold Youngren

  This software comes with ABSOLUTELY NO WARRANTY,
    subject to the GNU General Public License.

  Caveat computor
 ===================================================

 File  xfoil.def  not found

   QUIT    Exit program

  .OPER    Direct operating point(s)
  .MDES    Complex mapping design routine
  .QDES    Surface speed design routine
  .GDES    Geometry design routine

   SAVE f  Write airfoil to labeled coordinate file
   PSAV f  Write airfoil to plain coordinate file
   ISAV f  Write airfoil to ISES coordinate file
   MSAV f  Write airfoil to MSES coordinate file
   REVE    Reverse written-airfoil node ordering

   LOAD f  Read buffer airfoil from coordinate file
   NACA i  Set NACA 4,5-digit airfoil and buffer airfoil
   INTE    Set buffer airfoil by interpolating two airfoils
   NORM    Buffer airfoil normalization toggle
   XYCM rr Change CM reference location, currently  0.25000 0.00000

   BEND    Display structural properties of current airfoil

   PCOP    Set current-airfoil panel nodes directly from buffer airfoil points
   PANE    Set current-airfoil panel nodes ( 160 ) based on curvature
  .PPAR    Show/change paneling

  .PLOP    Plotting options

   WDEF f  Write  current-settings file
   RDEF f  Reread current-settings file
   NAME s  Specify new airfoil name
   NINC    Increment name version number

   Z       Zoom    | (available in all menus)
   U       Unzoom  | 

 XFOIL   c>  
 Labeled airfoil file.  Name:   LOCKHEED L-188 ROOT AIRFOIL                    

 Number of input coordinate points:  91
 Counterclockwise ordering
 Max thickness =     0.139852  at x =   0.413
 Max camber    =     0.019940  at x =   0.517

  LE  x,y  =  -0.00000   0.00005  |   Chord =   1.00000
  TE  x,y  =   1.00000   0.00000  |

 Current airfoil nodes set from buffer airfoil nodes (  91 )

 XFOIL   c>  
 XFOIL   c>  
 Blunt trailing edge.  Gap =  0.00280

 Paneling parameters used...
   Number of panel nodes       160
   Panel bunching parameter    1.000
   TE/LE panel density ratio   0.150
   Refined-area/LE panel density ratio    0.200
   Top    side refined area x/c limits  1.000 1.000
   Bottom side refined area x/c limits  1.000 1.000

 XFOIL   c>  
.OPERi   c>  
 Xtr/c     =  1.0000    top    side
 Xtr/c     =  1.0000    bottom side
 Ncrit     =    9.00   ( 0.070 % turb. level )
 Vacc      =  0.0100

 Klag  =  5.6000     Uxwt  =    1.00
 A     =  6.7000     B     =  0.7500       KCt = 0.01485
 CtiniK=  1.8000     CtiniX=  3.3000

..VPAR   c>  
..VPAR   c>  
.OPERi   c>  
 M  =    0.0000
 Re =    400000

.OPERv   c>  
.OPERv   c>  
.OPERv   c>  
 Polar  1 newly created for accumulation
 Airfoil archived with polar: LOCKHEED L-188 ROOT AIRFOIL                     

Enter  polar save filename  OR  <return> for no file   s>  
 New polar save file available

Enter  polar dump filename  OR  <return> for no file   s>  
 Polar dump file will NOT be written

 Polar accumulation enabled

.OPERva   c>   Calculating unit vorticity distributions ...
 Calculating wake trajectory ...
 Calculating source influence matrix ...

 Solving BL system ...

 Initializing BL ...
    side            1  ...
 MRCHUE: Inverse mode at  32     Hk =   4.251
 MRCHUE: Inverse mode at  33     Hk =   5.072
 MRCHUE: Inverse mode at  34     Hk =   5.893
 MRCHUE: Inverse mode at  35     Hk =   6.728
 MRCHUE: Inverse mode at  36     Hk =   7.586
 MRCHUE: Inverse mode at  37     Hk =   8.479
 MRCHUE: Inverse mode at  38     Hk =   9.418
 MRCHUE: Inverse mode at  39     Hk =   7.436
 MRCHUE: Inverse mode at  40     Hk =   3.775
 MRCHUE: Inverse mode at  41     Hk =   2.500
 MRCHUE: Inverse mode at  42     Hk =   2.500
 MRCHUE: Inverse mode at  85     Hk =   2.500
 MRCHUE: Inverse mode at  86     Hk =   2.500
 MRCHUE: Inverse mode at  87     Hk =   2.500
 MRCHUE: Inverse mode at  88     Hk =   2.500
 MRCHUE: Inverse mode at  89     Hk =   2.500
 MRCHUE: Inverse mode at  90     Hk =   2.500
 MRCHUE: Inverse mode at  91     Hk =   2.500
 MRCHUE: Inverse mode at  92     Hk =   2.500
 MRCHUE: Inverse mode at  93     Hk =   2.500
 MRCHUE: Inverse mode at  94     Hk =   2.500
 MRCHUE: Inverse mode at  95     Hk =   2.500
 MRCHUE: Inverse mode at  96     Hk =   2.500
 MRCHUE: Inverse mode at  97     Hk =   2.500
 MRCHUE: Convergence failed at  98  side 1    Res =  0.4823E+01
 MRCHUE: Inverse mode at  99     Hk =   2.500
 MRCHUE: Inverse mode at 100     Hk =   2.500
 MRCHUE: Inverse mode at 101     Hk =   2.500
 MRCHUE: Convergence failed at 102  side 1    Res =  0.4783E+01
 MRCHUE: Inverse mode at 103     Hk =   2.500
 MRCHUE: Convergence failed at 104  side 1    Res =  0.7143E+01
    side            2  ...
 MRCHUE: Inverse mode at  57     Hk =   3.800
 MRCHUE: Inverse mode at  58     Hk =   3.999

 MRCHDU: Convergence failed at  98  side 1    Res =  0.1403E+01
 MRCHDU: Convergence failed at  99  side 1    Res =  0.1446E+01
 MRCHDU: Convergence failed at 100  side 1    Res =  0.1489E+01
 MRCHDU: Convergence failed at 101  side 1    Res =  0.1531E+01
 MRCHDU: Convergence failed at 102  side 1    Res =  0.4665E+01
 MRCHDU: Convergence failed at 103  side 1    Res =  0.4619E+01
 MRCHDU: Convergence failed at 104  side 1    Res =  0.2258E+03
 Side 1  free  transition at x/c =  0.0277   39
 Side 2 forced transition at x/c =  1.0000   58

   1   rms: 0.8017E+00   max: -.7125E+01   C at   58  2   RLX: 0.070
       a = 16.250      CL =  2.3355
      Cm = -0.1526     CD =  0.01066   =>   CDf =  0.00481    CDp =  0.00585

 Side 1  free  transition at x/c =  0.0278   39
 Side 2 forced transition at x/c =  1.0000   58

   2   rms: 0.6538E+00   max: -.6211E+01   C at   58  2   RLX: 0.081
       a = 16.250      CL =  2.2934
      Cm = -0.1438     CD =  0.01206   =>   CDf =  0.00498    CDp =  0.00709

 Side 1  free  transition at x/c =  0.0278   39
 Side 2 forced transition at x/c =  1.0000   58

   3   rms: 0.5828E+00   max: -.4985E+01   C at   58  2   RLX: 0.100
       a = 16.250      CL =  2.2489
      Cm = -0.1354     CD =  0.01394   =>   CDf =  0.00510    CDp =  0.00885

 Side 1  free  transition at x/c =  0.0277   39
 Side 2 forced transition at x/c =  1.0000   58

   4   rms: 0.5285E+00   max: -.3879E+01   C at   58  2   RLX: 0.129
       a = 16.250      CL =  2.1940
      Cm = -0.1255     CD =  0.01649   =>   CDf =  0.00521    CDp =  0.01128

 Side 1  free  transition at x/c =  0.0277   39
 Side 2 forced transition at x/c =  1.0000   58

   5   rms: 0.4899E+00   max: -.2861E+01   C at   58  2   RLX: 0.175
       a = 16.250      CL =  2.1173
      Cm = -0.1122     CD =  0.02007   =>   CDf =  0.00533    CDp =  0.01474

 Side 1  free  transition at x/c =  0.0278   39
 Side 2 forced transition at x/c =  1.0000   58
 idif Ue xi dudx           1  9.88906100E-02  1.23487711E-02   8.0081339    
 Uenew xinew           2  2.35892516E-02  2.94566154E-03

   6   rms: 0.4968E+00   max: -.2206E+01   C at   58  2   RLX: 0.227
       a = 16.250      CL =  2.0061
      Cm = -0.0951     CD =  0.02496   =>   CDf =  0.00592    CDp =  0.01905

 Side 1  free  transition at x/c =  0.0282   38
 Side 2 forced transition at x/c =  1.0000   59
 idif Ue xi dudx           1  0.10892884      1.20484829E-02   9.0408754    
 Uenew xinew           2  3.41303870E-02  3.77511978E-03

   7   rms: 0.4543E+00   max: 0.1328E+01   D at   70  2   RLX: 0.575
       a = 16.250      CL =  1.7178
      Cm = -0.0487     CD =  0.03684   =>   CDf =  0.00607    CDp =  0.03078

 Side 1  free  transition at x/c =  0.0298   38
 Side 2 forced transition at x/c =  1.0000   60
 idif Ue xi dudx           1  0.10513421      1.02322102E-02   10.274829    
 Uenew xinew           2  3.03359851E-02  2.95245647E-03

   8   rms: 0.3057E+00   max: 0.1246E+01   D at   68  2   RLX: 0.637
       a = 16.250      CL =  1.5083
      Cm = -0.0174     CD =  0.04950   =>   CDf =  0.00651    CDp =  0.04299

 Side 1  free  transition at x/c =  0.0323   37
 Side 2 forced transition at x/c =  1.0000   61
 idif Ue xi dudx           1  8.03557560E-02  6.90138340E-03   11.643427    
 Uenew xinew           2  5.49094658E-03  4.71591949E-04

   9   rms: 0.1128E+00   max: 0.4220E+00   D at   73  2
       a = 16.250      CL =  1.3818
      Cm =  0.0018     CD =  0.05790   =>   CDf =  0.00607    CDp =  0.05183

 Side 1  free  transition at x/c =  0.0332   36
 Side 2 forced transition at x/c =  1.0000   62

  10   rms: 0.7005E-02   max: -.7943E-01   D at   74  2
       a = 16.250      CL =  1.3862
      Cm =  0.0011     CD =  0.05779   =>   CDf =  0.00585    CDp =  0.05194

 Side 1  free  transition at x/c =  0.0331   36
 Side 2 forced transition at x/c =  1.0000   62

  11   rms: 0.8907E-03   max: 0.5586E-02   D at    4  2
       a = 16.250      CL =  1.3868
      Cm =  0.0010     CD =  0.05780   =>   CDf =  0.00585    CDp =  0.05194

 Side 1  free  transition at x/c =  0.0331   36
 Side 2 forced transition at x/c =  1.0000   62

  12   rms: 0.3055E-04   max: -.2543E-03   D at   77  2
       a = 16.250      CL =  1.3868
      Cm =  0.0010     CD =  0.05780   =>   CDf =  0.00585    CDp =  0.05195
 plradd ia,ip,cpol            1           0  2.41365633E-03

 Point added to stored polar  1
 Point written to save file  l188root_Re400k.ext.pol                         
 Dump file unspecified or not available
 Calculating wake trajectory ...
 Calculating source influence matrix ...

 Solving BL system ...

 Side 1  free  transition at x/c =  0.0331   36
 Side 2 forced transition at x/c =  1.0000   62

   1   rms: 0.2917E-01   max: 0.1013E+00   T at   36  1   RLX: 0.575
       a = 16.500      CL =  1.3891
      Cm =  0.0011     CD =  0.05942   =>   CDf =  0.00546    CDp =  0.05396

 Side 1  free  transition at x/c =  0.0327   37
 Side 2 forced transition at x/c =  1.0000   61

   2   rms: 0.1506E-01   max: 0.1415E+00   T at    2  1
       a = 16.500      CL =  1.3889
      Cm =  0.0011     CD =  0.06060   =>   CDf =  0.00577    CDp =  0.05483

 Side 1  free  transition at x/c =  0.0325   37
 Side 2 forced transition at x/c =  1.0000   61

   3   rms: 0.1200E-02   max: 0.9889E-02   D at   76  2
       a = 16.500      CL =  1.3879
      Cm =  0.0012     CD =  0.06048   =>   CDf =  0.00571    CDp =  0.05477

 Side 1  free  transition at x/c =  0.0325   37
 Side 2 forced transition at x/c =  1.0000   61

   4   rms: 0.3614E-04   max: 0.4780E-03   D at   76  2
       a = 16.500      CL =  1.3879
      Cm =  0.0012     CD =  0.06046   =>   CDf =  0.00571    CDp =  0.05475
 plradd ia,ip,cpol            2           0  2.41365633E-03

 Point added to stored polar  1
 Point written to save file  l188root_Re400k.ext.pol                         
 Dump file unspecified or not available
 Calculating wake trajectory ...
 Calculating source influence matrix ...

 Solving BL system ...

 Side 1  free  transition at x/c =  0.0325   37
 Side 2 forced transition at x/c =  1.0000   61

   1   rms: 0.2892E-01   max: 0.9499E-01   T at   37  1   RLX: 0.556
       a = 16.750      CL =  1.3897
      Cm =  0.0012     CD =  0.06213   =>   CDf =  0.00571    CDp =  0.05642

 Side 1  free  transition at x/c =  0.0321   37
 Side 2 forced transition at x/c =  1.0000   61

   2   rms: 0.1282E-01   max: 0.4665E-01   D at   77  1
       a = 16.750      CL =  1.3896
      Cm =  0.0012     CD =  0.06338   =>   CDf =  0.00564    CDp =  0.05774

 Side 1  free  transition at x/c =  0.0319   37
 Side 2 forced transition at x/c =  1.0000   61

   3   rms: 0.1174E-02   max: 0.6768E-02   D at   76  2
       a = 16.750      CL =  1.3886
      Cm =  0.0013     CD =  0.06323   =>   CDf =  0.00559    CDp =  0.05764

 Side 1  free  transition at x/c =  0.0319   37
 Side 2 forced transition at x/c =  1.0000   61

   4   rms: 0.3224E-04   max: 0.1716E-03   D at   76  2
       a = 16.750      CL =  1.3886
      Cm =  0.0013     CD =  0.06322   =>   CDf =  0.00559    CDp =  0.05763
 plradd ia,ip,cpol            3           0  2.41365633E-03

 Point added to stored polar  1
 Point written to save file  l188root_Re400k.ext.pol                         
 Dump file unspecified or not available
 Calculating wake trajectory ...
 Calculating source influence matrix ...

 Solving BL system ...

 Side 1  free  transition at x/c =  0.0319   37
 Side 2 forced transition at x/c =  1.0000   61

   1   rms: 0.2847E-01   max: 0.9220E-01   D at   73  1   RLX: 0.540
       a = 17.000      CL =  1.3905
      Cm =  0.0011     CD =  0.06485   =>   CDf =  0.00559    CDp =  0.05926

 Side 1  free  transition at x/c =  0.0316   37
 Side 2 forced transition at x/c =  1.0000   61

   2   rms: 0.1319E-01   max: 0.4965E-01   D at   76  1
       a = 17.000      CL =  1.3904
      Cm =  0.0011     CD =  0.06620   =>   CDf =  0.00554    CDp =  0.06067

 Side 1  free  transition at x/c =  0.0314   37
 Side 2 forced transition at x/c =  1.0000   61

   3   rms: 0.1304E-02   max: 0.6755E-02   D at   77  2
       a = 17.000      CL =  1.3892
      Cm =  0.0012     CD =  0.06606   =>   CDf =  0.00549    CDp =  0.06058

 Side 1  free  transition at x/c =  0.0314   37
 Side 2 forced transition at x/c =  1.0000   61

   4   rms: 0.2834E-04   max: 0.2528E-03   D at   77  2
       a = 17.000      CL =  1.3892
      Cm =  0.0012     CD =  0.06605   =>   CDf =  0.00549    CDp =  0.06056
 plradd ia,ip,cpol            4           0  2.41365633E-03

 Point added to stored polar  1
 Point written to save file  l188root_Re400k.ext.pol                         
 Dump file unspecified or not available
 Calculating wake trajectory ...
 Calculating source influence matrix ...

 Solving BL system ...

 Side 1  free  transition at x/c =  0.0314   37
 Side 2 forced transition at x/c =  1.0000   61

   1   rms: 0.2818E-01   max: 0.9318E-01   T at   37  1   RLX: 0.524
       a = 17.250      CL =  1.3909
      Cm =  0.0010     CD =  0.06770   =>   CDf =  0.00549    CDp =  0.06221

 Side 1  free  transition at x/c =  0.0311   37
 Side 2 forced transition at x/c =  1.0000   61

   2   rms: 0.1337E-01   max: 0.4697E-01   D at   75  1
       a = 17.250      CL =  1.3911
      Cm =  0.0008     CD =  0.06910   =>   CDf =  0.00545    CDp =  0.06365

 Side 1  free  transition at x/c =  0.0309   37
 Side 2 forced transition at x/c =  1.0000   61

   3   rms: 0.1464E-02   max: 0.8032E-02   D at   77  2
       a = 17.250      CL =  1.3899
      Cm =  0.0009     CD =  0.06895   =>   CDf =  0.00541    CDp =  0.06354

 Side 1  free  transition at x/c =  0.0309   37
 Side 2 forced transition at x/c =  1.0000   61

   4   rms: 0.3523E-04   max: 0.4086E-03   D at   77  2
       a = 17.250      CL =  1.3899
      Cm =  0.0009     CD =  0.06893   =>   CDf =  0.00541    CDp =  0.06352
 plradd ia,ip,cpol            5           0  2.41365633E-03

 Point added to stored polar  1
 Point written to save file  l188root_Re400k.ext.pol                         
 Dump file unspecified or not available
 Calculating wake trajectory ...
 Calculating source influence matrix ...

 Solving BL system ...

 Side 1  free  transition at x/c =  0.0309   37
 Side 2 forced transition at x/c =  1.0000   61

   1   rms: 0.2789E-01   max: 0.9450E-01   T at   37  1   RLX: 0.509
       a = 17.500      CL =  1.3916
      Cm =  0.0007     CD =  0.07056   =>   CDf =  0.00541    CDp =  0.06515

 Side 1  free  transition at x/c =  0.0307   37
 Side 2 forced transition at x/c =  1.0000   61

   2   rms: 0.1349E-01   max: 0.4447E-01   T at   37  1
       a = 17.500      CL =  1.3921
      Cm =  0.0006     CD =  0.07198   =>   CDf =  0.00538    CDp =  0.06660

 Side 1  free  transition at x/c =  0.0305   37
 Side 2 forced transition at x/c =  1.0000   61

   3   rms: 0.1758E-02   max: 0.8995E-02   D at   77  2
       a = 17.500      CL =  1.3907
      Cm =  0.0006     CD =  0.07185   =>   CDf =  0.00535    CDp =  0.06651

 Side 1  free  transition at x/c =  0.0305   37
 Side 2 forced transition at x/c =  1.0000   61

   4   rms: 0.6898E-04   max: 0.6633E-03   D at   77  2
       a = 17.500      CL =  1.3906
      Cm =  0.0006     CD =  0.07183   =>   CDf =  0.00534    CDp =  0.06649
 plradd ia,ip,cpol            6           0  2.41365633E-03

 Point added to stored polar  1
 Point written to save file  l188root_Re400k.ext.pol                         
 Dump file unspecified or not available
 Calculating wake trajectory ...
 Calculating source influence matrix ...

 Solving BL system ...

 Side 1  free  transition at x/c =  0.0305   37
 Side 2 forced transition at x/c =  1.0000   61

   1   rms: 0.2769E-01   max: 0.1007E+00   T at   37  1   RLX: 0.494
       a = 17.750      CL =  1.3922
      Cm =  0.0004     CD =  0.07344   =>   CDf =  0.00535    CDp =  0.06809

 Side 1  free  transition at x/c =  0.0303   37
 Side 2 forced transition at x/c =  1.0000   61

   2   rms: 0.1388E-01   max: 0.5152E-01   T at   37  1
       a = 17.750      CL =  1.3928
      Cm =  0.0003     CD =  0.07493   =>   CDf =  0.00532    CDp =  0.06960

 Side 1  free  transition at x/c =  0.0301   37
 Side 2 forced transition at x/c =  1.0000   61

   3   rms: 0.2006E-02   max: 0.1314E-01   D at   77  2
       a = 17.750      CL =  1.3910
      Cm =  0.0004     CD =  0.07479   =>   CDf =  0.00530    CDp =  0.06950

 Side 1  free  transition at x/c =  0.0301   37
 Side 2 forced transition at x/c =  1.0000   61

   4   rms: 0.6747E-04   max: 0.9325E-03   D at   77  2
       a = 17.750      CL =  1.3910
      Cm =  0.0004     CD =  0.07477   =>   CDf =  0.00529    CDp =  0.06948
 plradd ia,ip,cpol            7           0  1.51295378E-03

 Point added to stored polar  1
 Point written to save file  l188root_Re400k.ext.pol                         
 Dump file unspecified or not available
 Calculating wake trajectory ...
 Calculating source influence matrix ...

 Solving BL system ...

 Side 1  free  transition at x/c =  0.0301   37
 Side 2 forced transition at x/c =  1.0000   61

   1   rms: 0.2808E-01   max: 0.1150E+00   T at   37  1   RLX: 0.481
       a = 18.000      CL =  1.3924
      Cm =  0.0003     CD =  0.07634   =>   CDf =  0.00530    CDp =  0.07104

 Side 1  free  transition at x/c =  0.0299   37
 Side 2 forced transition at x/c =  1.0000   61

   2   rms: 0.1556E-01   max: 0.6614E-01   T at   37  1
       a = 18.000      CL =  1.3919
      Cm =  0.0004     CD =  0.07802   =>   CDf =  0.00527    CDp =  0.07275

 Side 1  free  transition at x/c =  0.0296   37
 Side 2 forced transition at x/c =  1.0000   61

   3   rms: 0.3350E-02   max: 0.1121E-01   D at   77  2
       a = 18.000      CL =  1.3891
      Cm =  0.0005     CD =  0.07803   =>   CDf =  0.00523    CDp =  0.07280

 Side 1  free  transition at x/c =  0.0296   37
 Side 2 forced transition at x/c =  1.0000   61

   4   rms: 0.2648E-03   max: 0.1112E-02   D at   77  2
       a = 18.000      CL =  1.3889
      Cm =  0.0005     CD =  0.07800   =>   CDf =  0.00523    CDp =  0.07277

 Side 1  free  transition at x/c =  0.0296   37
 Side 2 forced transition at x/c =  1.0000   61

   5   rms: 0.1304E-04   max: 0.8611E-04   D at   77  2
       a = 18.000      CL =  1.3889
      Cm =  0.0005     CD =  0.07799   =>   CDf =  0.00523    CDp =  0.07276
 plradd ia,ip,cpol            8           0  1.51295378E-03

 Point added to stored polar  1
 Point written to save file  l188root_Re400k.ext.pol                         
 Dump file unspecified or not available

.OPERva   c>   Calculating wake trajectory ...
 Calculating source influence matrix ...

 Solving BL system ...

 Side 1  free  transition at x/c =  0.0296   37
 Side 2 forced transition at x/c =  1.0000   61

   1   rms: 0.3729E-01   max: 0.1587E+00   T at   37  1   RLX: 0.466
       a = 18.250      CL =  1.3890
      Cm =  0.0007     CD =  0.07967   =>   CDf =  0.00523    CDp =  0.07443

 Side 1  free  transition at x/c =  0.0294   36
 Side 2 forced transition at x/c =  1.0000   61

   2   rms: 0.2357E-01   max: 0.1112E+00   D at   73  1
       a = 18.250      CL =  1.3836
      Cm = -0.0007     CD =  0.08291   =>   CDf =  0.00516    CDp =  0.07775

 Side 1  free  transition at x/c =  0.0293   36
 Side 2 forced transition at x/c =  1.0000   61

   3   rms: 0.3740E-02   max: 0.2786E-01   D at   72  1
       a = 18.250      CL =  1.3809
      Cm = -0.0005     CD =  0.08240   =>   CDf =  0.00505    CDp =  0.07734

 Side 1  free  transition at x/c =  0.0293   36
 Side 2 forced transition at x/c =  1.0000   61

   4   rms: 0.1912E-03   max: 0.1642E-02   D at   78  2
       a = 18.250      CL =  1.3807
      Cm = -0.0005     CD =  0.08233   =>   CDf =  0.00506    CDp =  0.07727

 Side 1  free  transition at x/c =  0.0293   36
 Side 2 forced transition at x/c =  1.0000   61

   5   rms: 0.5027E-05   max: -.4619E-04   C at   61  2
       a = 18.250      CL =  1.3807
      Cm = -0.0005     CD =  0.08232   =>   CDf =  0.00506    CDp =  0.07727
 plradd ia,ip,cpol            9           0  1.51295378E-03

 Point added to stored polar  1
 Point written to save file  l188root_Re400k.ext.pol                         
 Dump file unspecified or not available
 Calculating wake trajectory ...
 Calculating source influence matrix ...

 Solving BL system ...

 Side 1  free  transition at x/c =  0.0293   36
 Side 2 forced transition at x/c =  1.0000   61

   1   rms: 0.6331E-01   max: 0.2654E+00   D at   69  1   RLX: 0.435
       a = 18.750      CL =  1.3762
      Cm = -0.0019     CD =  0.08696   =>   CDf =  0.00464    CDp =  0.08232

 Side 1  free  transition at x/c =  0.0291   37
 Side 2 forced transition at x/c =  1.0000   60

   2   rms: 0.3961E-01   max: 0.1766E+00   D at   72  1
       a = 18.750      CL =  1.3659
      Cm = -0.0041     CD =  0.09311   =>   CDf =  0.00488    CDp =  0.08823

 Side 1  free  transition at x/c =  0.0288   37
 Side 2 forced transition at x/c =  1.0000   60

   3   rms: 0.7737E-02   max: 0.5501E-01   D at   71  1
       a = 18.750      CL =  1.3601
      Cm = -0.0039     CD =  0.09243   =>   CDf =  0.00466    CDp =  0.08777

 Side 1  free  transition at x/c =  0.0289   37
 Side 2 forced transition at x/c =  1.0000   60

   4   rms: 0.4721E-03   max: 0.6656E-02   D at   77  2
       a = 18.750      CL =  1.3599
      Cm = -0.0039     CD =  0.09224   =>   CDf =  0.00466    CDp =  0.08758

 Side 1  free  transition at x/c =  0.0289   37
 Side 2 forced transition at x/c =  1.0000   60

   5   rms: 0.1433E-04   max: 0.2292E-03   D at   77  2
       a = 18.750      CL =  1.3599
      Cm = -0.0039     CD =  0.09224   =>   CDf =  0.00466    CDp =  0.08758
 plradd ia,ip,cpol           10           0  1.51295378E-03

 Point added to stored polar  1
 Point written to save file  l188root_Re400k.ext.pol                         
 Dump file unspecified or not available
 Calculating wake trajectory ...
 Calculating source influence matrix ...

 Solving BL system ...

 Side 1  free  transition at x/c =  0.0289   37
 Side 2 forced transition at x/c =  1.0000   60

   1   rms: 0.6734E-01   max: 0.2969E+00   D at   67  1   RLX: 0.406
       a = 19.250      CL =  1.3535
      Cm = -0.0058     CD =  0.09738   =>   CDf =  0.00467    CDp =  0.09270

 Side 1  free  transition at x/c =  0.0286   37
 Side 2 forced transition at x/c =  1.0000   60

   2   rms: 0.4361E-01   max: 0.2019E+00   D at   69  1
       a = 19.250      CL =  1.3400
      Cm = -0.0089     CD =  0.10495   =>   CDf =  0.00451    CDp =  0.10044

 Side 1  free  transition at x/c =  0.0283   37
 Side 2 forced transition at x/c =  1.0000   60

   3   rms: 0.9677E-02   max: 0.6972E-01   D at   68  1
       a = 19.250      CL =  1.3332
      Cm = -0.0089     CD =  0.10406   =>   CDf =  0.00428    CDp =  0.09978

 Side 1  free  transition at x/c =  0.0284   37
 Side 2 forced transition at x/c =  1.0000   60

   4   rms: 0.5276E-03   max: 0.6989E-02   D at   67  1
       a = 19.250      CL =  1.3329
      Cm = -0.0088     CD =  0.10378   =>   CDf =  0.00428    CDp =  0.09950

 Side 1  free  transition at x/c =  0.0284   37
 Side 2 forced transition at x/c =  1.0000   60

   5   rms: 0.3162E-04   max: -.1106E-03   D at   79  2
       a = 19.250      CL =  1.3330
      Cm = -0.0088     CD =  0.10377   =>   CDf =  0.00428    CDp =  0.09949
 plradd ia,ip,cpol           11           0  1.51295378E-03

 Point added to stored polar  1
 Point written to save file  l188root_Re400k.ext.pol                         
 Dump file unspecified or not available
 Calculating wake trajectory ...
 Calculating source influence matrix ...

 Solving BL system ...

 Side 1  free  transition at x/c =  0.0284   37
 Side 2 forced transition at x/c =  1.0000   60

   1   rms: 0.7350E-01   max: 0.3341E+00   D at   64  1   RLX: 0.379
       a = 19.750      CL =  1.3250
      Cm = -0.0113     CD =  0.10956   =>   CDf =  0.00429    CDp =  0.10527

 Side 1  free  transition at x/c =  0.0282   37
 Side 2 forced transition at x/c =  1.0000   60

   2   rms: 0.5081E-01   max: 0.2407E+00   D at   66  1
       a = 19.750      CL =  1.3079
      Cm = -0.0160     CD =  0.11924   =>   CDf =  0.00414    CDp =  0.11510

 Side 1  free  transition at x/c =  0.0279   37
 Side 2 forced transition at x/c =  1.0000   60

   3   rms: 0.1398E-01   max: 0.9175E-01   D at   65  1
       a = 19.750      CL =  1.2991
      Cm = -0.0161     CD =  0.11815   =>   CDf =  0.00391    CDp =  0.11424

 Side 1  free  transition at x/c =  0.0280   37
 Side 2 forced transition at x/c =  1.0000   60

   4   rms: 0.9435E-03   max: 0.7650E-02   D at   78  2
       a = 19.750      CL =  1.2987
      Cm = -0.0160     CD =  0.11755   =>   CDf =  0.00390    CDp =  0.11365

 Side 1  free  transition at x/c =  0.0280   37
 Side 2 forced transition at x/c =  1.0000   60

   5   rms: 0.1093E-03   max: -.3007E-03   D at   62  1
       a = 19.750      CL =  1.2987
      Cm = -0.0160     CD =  0.11753   =>   CDf =  0.00390    CDp =  0.11363

 Side 1  free  transition at x/c =  0.0280   37
 Side 2 forced transition at x/c =  1.0000   60

   6   rms: 0.1156E-04   max: -.7327E-04   D at   77  2
       a = 19.750      CL =  1.2987
      Cm = -0.0160     CD =  0.11753   =>   CDf =  0.00390    CDp =  0.11363
 plradd ia,ip,cpol           12           0  1.51295378E-03

 Point added to stored polar  1
 Point written to save file  l188root_Re400k.ext.pol                         
 Dump file unspecified or not available
 Calculating wake trajectory ...
 Calculating source influence matrix ...

 Solving BL system ...

 Side 1  free  transition at x/c =  0.0280   37
 Side 2 forced transition at x/c =  1.0000   60

   1   rms: 0.8360E-01   max: 0.3869E+00   D at   61  1   RLX: 0.353
       a = 20.250      CL =  1.2893
      Cm = -0.0192     CD =  0.12418   =>   CDf =  0.00391    CDp =  0.12026

 Side 1  free  transition at x/c =  0.0278   37
 Side 2 forced transition at x/c =  1.0000   60

   2   rms: 0.6454E-01   max: 0.3031E+00   D at   62  1
       a = 20.250      CL =  1.2660
      Cm = -0.0260     CD =  0.13715   =>   CDf =  0.00377    CDp =  0.13338

 Side 1  free  transition at x/c =  0.0276   37
 Side 2 forced transition at x/c =  1.0000   60

   3   rms: 0.2716E-01   max: 0.1626E+00   D at   61  1
       a = 20.250      CL =  1.2510
      Cm = -0.0271     CD =  0.13684   =>   CDf =  0.00352    CDp =  0.13332

 Side 1  free  transition at x/c =  0.0278   37
 Side 2 forced transition at x/c =  1.0000   60

   4   rms: 0.2736E-02   max: 0.2008E-01   D at   59  1
       a = 20.250      CL =  1.2494
      Cm = -0.0269     CD =  0.13566   =>   CDf =  0.00347    CDp =  0.13219

 Side 1  free  transition at x/c =  0.0278   37
 Side 2 forced transition at x/c =  1.0000   60

   5   rms: 0.2571E-03   max: -.1256E-02   D at   60  1
       a = 20.250      CL =  1.2495
      Cm = -0.0269     CD =  0.13548   =>   CDf =  0.00347    CDp =  0.13201

 Side 1  free  transition at x/c =  0.0278   37
 Side 2 forced transition at x/c =  1.0000   60

   6   rms: 0.4960E-04   max: -.1888E-03   D at   80  2
       a = 20.250      CL =  1.2495
      Cm = -0.0269     CD =  0.13549   =>   CDf =  0.00347    CDp =  0.13201
 plradd ia,ip,cpol           13           0  1.51295378E-03

 Point added to stored polar  1
 Point written to save file  l188root_Re400k.ext.pol                         
 Dump file unspecified or not available
 Calculating wake trajectory ...
 Calculating source influence matrix ...

 Solving BL system ...

 Side 1  free  transition at x/c =  0.0278   37
 Side 2 forced transition at x/c =  1.0000   60

   1   rms: 0.1327E+00   max: 0.5964E+00   D at   57  1   RLX: 0.324
       a = 20.750      CL =  1.2337
      Cm = -0.0319     CD =  0.14515   =>   CDf =  0.00349    CDp =  0.14166

 Side 1  free  transition at x/c =  0.0277   37
 Side 2 forced transition at x/c =  1.0000   60
 idif Ue xi dudx           1  9.50310081E-02  9.35614109E-03   10.157073    
 Uenew xinew           2  2.10900176E-02  2.07638741E-03

   2   rms: 0.1441E+00   max: 0.6291E+00   D at   57  1
       a = 20.750      CL =  1.1775
      Cm = -0.0469     CD =  0.17360   =>   CDf =  0.00367    CDp =  0.16993

 Side 1  free  transition at x/c =  0.0278   36
 Side 2 forced transition at x/c =  1.0000   61

   3   rms: 0.2106E+00   max: -.8219E+00   D at   49  1   RLX: 0.608
       a = 20.750      CL =  1.2344
      Cm = -0.0348     CD =  0.13843   =>   CDf =  0.00264    CDp =  0.13579

 Side 1  free  transition at x/c =  0.0274   37
 Side 2 forced transition at x/c =  1.0000   60
 idif Ue xi dudx           1  0.10382658      1.01724863E-02   10.206608    
 Uenew xinew           2  2.95249876E-02  2.89273262E-03

   4   rms: 0.1608E+00   max: 0.7885E+00   D at   56  1
       a = 20.750      CL =  1.1631
      Cm = -0.0488     CD =  0.17368   =>   CDf =  0.00360    CDp =  0.17007

 Side 1  free  transition at x/c =  0.0279   36
 Side 2 forced transition at x/c =  1.0000   61

   5   rms: 0.1347E+00   max: -.5587E+00   D at   48  1   RLX: 0.895
       a = 20.750      CL =  1.2106
      Cm = -0.0363     CD =  0.14478   =>   CDf =  0.00291    CDp =  0.14188

 Side 1  free  transition at x/c =  0.0276   36
 Side 2 forced transition at x/c =  1.0000   61

   6   rms: 0.2627E+00   max: 0.1252E+01   D at    3  2   RLX: 0.932
       a = 20.750      CL =  1.1211
      Cm = -0.0591     CD =  0.19300   =>   CDf =  0.00317    CDp =  0.18983

 Side 1  free  transition at x/c =  0.0284   36
 Side 2 forced transition at x/c =  1.0000   61

   7   rms: 0.1105E+00   max: -.4718E+00   D at   46  1
       a = 20.750      CL =  1.1575
      Cm = -0.0451     CD =  0.15932   =>   CDf =  0.00279    CDp =  0.15653

 Side 1  free  transition at x/c =  0.0283   36
 Side 2 forced transition at x/c =  1.0000   61

   8   rms: 0.2291E+00   max: -.8908E+00   D at   49  1   RLX: 0.561
       a = 20.750      CL =  1.2184
      Cm = -0.0358     CD =  0.14288   =>   CDf =  0.00264    CDp =  0.14024

 Side 1  free  transition at x/c =  0.0277   37
 Side 2 forced transition at x/c =  1.0000   60
 idif Ue xi dudx           1  8.03692192E-02  7.94804096E-03   10.111828    
 Uenew xinew           2  6.75760582E-03  6.68287277E-04

   9   rms: 0.2483E+00   max: -.2677E+01   D at    2  1   RLX: 0.187
       a = 20.750      CL =  1.2250
      Cm = -0.0450     CD =  0.16202   =>   CDf =  0.00354    CDp =  0.15848

 Side 1  free  transition at x/c =  0.0278   36
 Side 2 forced transition at x/c =  1.0000   61

  10   rms: 0.4941E+00   max: 0.1971E+01   D at   54  1   RLX: 0.307
       a = 20.750      CL =  1.1620
      Cm = -0.0574     CD =  0.18392   =>   CDf =  0.00312    CDp =  0.18080

 Side 1  free  transition at x/c =  0.0283   36
 Side 2 forced transition at x/c =  1.0000   61

  11   rms: 0.1147E+00   max: -.5234E+00   D at   47  1   RLX: 0.955
       a = 20.750      CL =  1.1799
      Cm = -0.0413     CD =  0.15127   =>   CDf =  0.00284    CDp =  0.14843

 Side 1  free  transition at x/c =  0.0280   36
 Side 2 forced transition at x/c =  1.0000   61

  12   rms: 0.1663E+01   max: -.6655E+01   D at   52  1   RLX: 0.075
       a = 20.750      CL =  1.2531
      Cm = -0.0352     CD =  0.14219   =>   CDf =  0.00271    CDp =  0.13947

 Side 1  free  transition at x/c =  0.0276   37
 Side 2 forced transition at x/c =  1.0000   60
 idif Ue xi dudx           1  9.10394341E-02  8.98098946E-03   10.136905    
 Uenew xinew           2  1.72452647E-02  1.70123577E-03

  13   rms: 0.1324E+00   max: 0.6065E+00   D at   56  1
       a = 20.750      CL =  1.1832
      Cm = -0.0440     CD =  0.16335   =>   CDf =  0.00368    CDp =  0.15966

 Side 1  free  transition at x/c =  0.0278   36
 Side 2 forced transition at x/c =  1.0000   61

  14   rms: 0.2740E+00   max: -.1043E+01   D at   50  1   RLX: 0.480
       a = 20.750      CL =  1.2439
      Cm = -0.0332     CD =  0.13649   =>   CDf =  0.00267    CDp =  0.13382

 Side 1  free  transition at x/c =  0.0273   37
 Side 2 forced transition at x/c =  1.0000   60
 idif Ue xi dudx           1  9.21461433E-02  9.08732414E-03   10.140075    
 Uenew xinew           2  1.83288995E-02  1.80757046E-03

  15   rms: 0.1374E+00   max: 0.6795E+00   D at   56  1
       a = 20.750      CL =  1.1822
      Cm = -0.0450     CD =  0.16704   =>   CDf =  0.00365    CDp =  0.16339

 Side 1  free  transition at x/c =  0.0277   36
 Side 2 forced transition at x/c =  1.0000   61

  16   rms: 0.1983E+00   max: -.7738E+00   D at   49  1   RLX: 0.646
       a = 20.750      CL =  1.2384
      Cm = -0.0337     CD =  0.13804   =>   CDf =  0.00265    CDp =  0.13540

 Side 1  free  transition at x/c =  0.0274   37
 Side 2 forced transition at x/c =  1.0000   60
 idif Ue xi dudx           1  9.66408849E-02  9.50312614E-03   10.169378    
 Uenew xinew           2  2.26103161E-02  2.22337246E-03

  17   rms: 0.1455E+00   max: 0.7178E+00   D at   56  1
       a = 20.750      CL =  1.1749
      Cm = -0.0464     CD =  0.16947   =>   CDf =  0.00363    CDp =  0.16585

 Side 1  free  transition at x/c =  0.0278   36
 Side 2 forced transition at x/c =  1.0000   61

  18   rms: 0.1558E+00   max: -.6296E+00   D at   49  1   RLX: 0.794
       a = 20.750      CL =  1.2257
      Cm = -0.0346     CD =  0.14107   =>   CDf =  0.00262    CDp =  0.13845

 Side 1  free  transition at x/c =  0.0275   37
 Side 2 forced transition at x/c =  1.0000   60
 idif Ue xi dudx           1  0.11864682      1.15455389E-02   10.276422    
 Uenew xinew           2  4.38370071E-02  4.26578522E-03

  19   rms: 0.2203E+00   max: 0.1014E+01   D at   56  1   RLX: 0.955
       a = 20.750      CL =  1.1417
      Cm = -0.0545     CD =  0.18426   =>   CDf =  0.00357    CDp =  0.18069

 Side 1  free  transition at x/c =  0.0282   36
 Side 2 forced transition at x/c =  1.0000   61

  20   rms: 0.1125E+00   max: -.4880E+00   D at   47  1
       a = 20.750      CL =  1.1804
      Cm = -0.0408     CD =  0.15270   =>   CDf =  0.00284    CDp =  0.14986

 Side 1  free  transition at x/c =  0.0280   36
 Side 2 forced transition at x/c =  1.0000   61
 idif Ue xi dudx           1  0.11960845      1.04734898E-02   11.420114    
 Uenew xinew           2  4.61794958E-02  4.04369831E-03

  21   rms: 0.2311E+01   max: 0.9357E+01   D at   52  1   RLX: 0.160
       a = 20.750      CL =  1.0681
      Cm = -0.0791     CD =  0.23497   =>   CDf =  0.00337    CDp =  0.23160

 MRCHDU: Convergence failed at  43  side 1    Res =  0.2981E+01
 MRCHDU: Convergence failed at  44  side 1    Res =  0.2290E+01
 MRCHDU: Convergence failed at  45  side 1    Res =  0.2369E+02
 MRCHDU: Convergence failed at  46  side 1    Res =  0.2909E+01
 MRCHDU: Convergence failed at  47  side 1    Res =  0.1912E+01
 MRCHDU: Convergence failed at  48  side 1    Res =  0.5143E+01
 MRCHDU: Convergence failed at  49  side 1    Res =  0.4926E+01
 MRCHDU: Convergence failed at  50  side 1    Res =  0.1448E+01
 MRCHDU: Convergence failed at  51  side 1    Res =  0.3317E+01
 Side 1  free  transition at x/c =  0.0291   35
 Side 2 forced transition at x/c =  1.0000   62
 idif Ue xi dudx           1  8.35582614E-02  6.99508190E-03   11.945287    
 Uenew xinew           2  1.53107317E-02  1.28173828E-03

  22   rms: 0.1970E+01   max: 0.1073E+02   D at   40  1   RLX: 0.140
       a = 20.750      CL =  1.3345
      Cm = -0.1500     CD =  0.20119   =>   CDf =  0.00309    CDp =  0.19810

 Side 1  free  transition at x/c =  0.0286   34
 Side 2 forced transition at x/c =  1.0000   63

  23   rms: 0.4365E+00   max: 0.1605E+01   D at   50  1   RLX: 0.854
       a = 20.750      CL =  1.2191
      Cm = -0.0323     CD =  0.14558   =>   CDf =  0.00254    CDp =  0.14304

 MRCHDU: Convergence failed at  49  side 1    Res =  0.1685E+01
 MRCHDU: Convergence failed at  50  side 1    Res =  0.1498E+01
 MRCHDU: Convergence failed at  51  side 1    Res =  0.2972E+01
 MRCHDU: Convergence failed at  52  side 1    Res =  0.6262E+01
 MRCHDU: Convergence failed at  53  side 1    Res =  0.5120E+01
 MRCHDU: Convergence failed at  54  side 1    Res =  0.9460E+01
 MRCHDU: Convergence failed at  55  side 1    Res =  0.1501E+02
 MRCHDU: Convergence failed at  56  side 1    Res =  0.4518E+02
 MRCHDU: Convergence failed at  57  side 1    Res =  0.1114E+03
 MRCHDU: Convergence failed at  58  side 1    Res =  0.1243E+02
 MRCHDU: Convergence failed at  59  side 1    Res =  0.5532E+01
 MRCHDU: Convergence failed at  60  side 1    Res =  0.3863E+01
 MRCHDU: Convergence failed at  61  side 1    Res =  0.5378E+01
 MRCHDU: Convergence failed at  62  side 1    Res =  0.6506E+01
 MRCHDU: Convergence failed at  63  side 1    Res =  0.8127E+01
 MRCHDU: Convergence failed at  64  side 1    Res =  0.1080E+02
 MRCHDU: Convergence failed at  65  side 1    Res =  0.1784E+02
 MRCHDU: Convergence failed at  66  side 1    Res =  0.2622E+02
 MRCHDU: Convergence failed at  67  side 1    Res =  0.7266E+02
 MRCHDU: Convergence failed at  68  side 1    Res =  0.2550E+02
 MRCHDU: Convergence failed at  69  side 1    Res =  0.1281E+02
 MRCHDU: Convergence failed at  70  side 1    Res =  0.7274E+01
 MRCHDU: Convergence failed at  71  side 1    Res =  0.5697E+01
 MRCHDU: Convergence failed at  72  side 1    Res =  0.4591E+01
 MRCHDU: Convergence failed at  73  side 1    Res =  0.5684E+01
 MRCHDU: Convergence failed at  74  side 1    Res =  0.6137E+01
 MRCHDU: Convergence failed at  75  side 1    Res =  0.6664E+01
 MRCHDU: Convergence failed at  76  side 1    Res =  0.8294E+01
 MRCHDU: Convergence failed at  77  side 1    Res =  0.8750E+01
 MRCHDU: Convergence failed at  78  side 1    Res =  0.9463E+01
 MRCHDU: Convergence failed at  79  side 1    Res =  0.1098E+02
 MRCHDU: Convergence failed at  80  side 1    Res =  0.1329E+02
 MRCHDU: Convergence failed at  81  side 1    Res =  0.2170E+02
 MRCHDU: Convergence failed at  82  side 1    Res =  0.3409E+02
 MRCHDU: Convergence failed at  83  side 1    Res =  0.8145E+02
 MRCHDU: Convergence failed at  84  side 1    Res =  0.5258E+02
 MRCHDU: Convergence failed at  85  side 1    Res =  0.2698E+02
 MRCHDU: Convergence failed at  86  side 1    Res =  0.1819E+02
 MRCHDU: Convergence failed at  87  side 1    Res =  0.1377E+02
 MRCHDU: Convergence failed at  88  side 1    Res =  0.1113E+02
 MRCHDU: Convergence failed at  89  side 1    Res =  0.8198E+01
 MRCHDU: Convergence failed at  90  side 1    Res =  0.7195E+01
 MRCHDU: Convergence failed at  91  side 1    Res =  0.6441E+01
 MRCHDU: Convergence failed at  92  side 1    Res =  0.5892E+01
 MRCHDU: Convergence failed at  93  side 1    Res =  0.5731E+01
 MRCHDU: Convergence failed at  94  side 1    Res =  0.5410E+01
 MRCHDU: Convergence failed at  95  side 1    Res =  0.5065E+01
 MRCHDU: Convergence failed at  96  side 1    Res =  0.4752E+01
 MRCHDU: Convergence failed at  97  side 1    Res =  0.5188E+01
 MRCHDU: Convergence failed at  98  side 1    Res =  0.5614E+01
 MRCHDU: Convergence failed at  99  side 1    Res =  0.5754E+01
 MRCHDU: Convergence failed at 100  side 1    Res =  0.5878E+01
 MRCHDU: Convergence failed at 101  side 1    Res =  0.5999E+01
 Side 1  free  transition at x/c =  0.0248   35
 Side 2 forced transition at x/c =  1.0000   61

  24   rms: 0.2896E+01   max: 0.8282E+01   D at   48  1   RLX: 0.153
       a = 20.750      CL =  2.2300
      Cm = -0.3907     CD =  0.13095   =>   CDf =  0.00273    CDp =  0.12822

 Side 1  free  transition at x/c =  0.0458   40
 Side 2 forced transition at x/c =  1.0000   61

  25   rms: 0.1857E+01   max: 0.7797E+01   T at   40  1   RLX: 0.169
       a = 20.750      CL =  2.2245
      Cm = -0.3474     CD =  0.07651   =>   CDf =  0.00681    CDp =  0.06970

 Side 1  free  transition at x/c =  0.0422   40
 Side 2 forced transition at x/c =  1.0000   60

  26   rms: 0.1763E+01   max: 0.1797E+02   T at   40  1   RLX: 0.083
       a = 20.750      CL =  2.2818
      Cm = -0.3269     CD =  0.04609   =>   CDf =  0.00733    CDp =  0.03876

 Side 1  free  transition at x/c =  0.0347   40
 Side 2 forced transition at x/c =  1.0000   59

  27   rms: 0.1140E+01   max: 0.4477E+01   T at   40  1   RLX: 0.335
       a = 20.750      CL =  2.3695
      Cm = -0.2495     CD =  0.07327   =>   CDf =  0.00494    CDp =  0.06833

 MRCHDU: Convergence failed at  47  side 1    Res =  0.3002E+01
 MRCHDU: Convergence failed at  48  side 1    Res =  0.3825E+01
 MRCHDU: Convergence failed at  49  side 1    Res =  0.6092E+01
 MRCHDU: Convergence failed at  50  side 1    Res =  0.1079E+02
 MRCHDU: Convergence failed at  51  side 1    Res =  0.5503E+01
 MRCHDU: Convergence failed at  52  side 1    Res =  0.5666E+01
 MRCHDU: Convergence failed at  53  side 1    Res =  0.7246E+01
 MRCHDU: Convergence failed at  54  side 1    Res =  0.9953E+01
 MRCHDU: Convergence failed at  55  side 1    Res =  0.1419E+02
 MRCHDU: Convergence failed at  56  side 1    Res =  0.2265E+02
 MRCHDU: Convergence failed at  57  side 1    Res =  0.4321E+02
 MRCHDU: Convergence failed at  58  side 1    Res =  0.1799E+03
 MRCHDU: Convergence failed at  59  side 1    Res =  0.1007E+03
 MRCHDU: Convergence failed at  60  side 1    Res =  0.4434E+02
 MRCHDU: Convergence failed at  61  side 1    Res =  0.2432E+02
 MRCHDU: Convergence failed at  62  side 1    Res =  0.1648E+02
 MRCHDU: Convergence failed at  63  side 1    Res =  0.1573E+02
 MRCHDU: Convergence failed at  64  side 1    Res =  0.1531E+02
 MRCHDU: Convergence failed at  65  side 1    Res =  0.1502E+02
 MRCHDU: Convergence failed at  66  side 1    Res =  0.1475E+02
 MRCHDU: Convergence failed at  67  side 1    Res =  0.1451E+02
 MRCHDU: Convergence failed at  68  side 1    Res =  0.1438E+02
 MRCHDU: Convergence failed at  69  side 1    Res =  0.1439E+02
 MRCHDU: Convergence failed at  70  side 1    Res =  0.1446E+02
 MRCHDU: Convergence failed at  71  side 1    Res =  0.1319E+02
 MRCHDU: Convergence failed at  72  side 1    Res =  0.1480E+02
 MRCHDU: Convergence failed at  73  side 1    Res =  0.1652E+02
 MRCHDU: Convergence failed at  74  side 1    Res =  0.1834E+02
 MRCHDU: Convergence failed at  75  side 1    Res =  0.2339E+02
 MRCHDU: Convergence failed at  76  side 1    Res =  0.2421E+02
 MRCHDU: Convergence failed at  77  side 1    Res =  0.1746E+02
 MRCHDU: Convergence failed at  78  side 1    Res =  0.2247E+02
 MRCHDU: Convergence failed at  79  side 1    Res =  0.2539E+02
 MRCHDU: Convergence failed at  80  side 1    Res =  0.1205E+02
 MRCHDU: Convergence failed at  81  side 1    Res =  0.1145E+02
 MRCHDU: Convergence failed at  82  side 1    Res =  0.2893E+02
 MRCHDU: Convergence failed at  83  side 1    Res =  0.3130E+02
 MRCHDU: Convergence failed at  84  side 1    Res =  0.3171E+02
 MRCHDU: Convergence failed at  85  side 1    Res =  0.3423E+02
 MRCHDU: Convergence failed at  86  side 1    Res =  0.2472E+02
 MRCHDU: Convergence failed at  87  side 1    Res =  0.2622E+02
 MRCHDU: Convergence failed at  88  side 1    Res =  0.2832E+02
 MRCHDU: Convergence failed at  89  side 1    Res =  0.3027E+02
 MRCHDU: Convergence failed at  90  side 1    Res =  0.3113E+02
 MRCHDU: Convergence failed at  91  side 1    Res =  0.3389E+02
 MRCHDU: Convergence failed at  92  side 1    Res =  0.4140E+02
 MRCHDU: Convergence failed at  93  side 1    Res =  0.4692E+02
 MRCHDU: Convergence failed at  94  side 1    Res =  0.5459E+02
 MRCHDU: Convergence failed at  95  side 1    Res =  0.7339E+02
 MRCHDU: Convergence failed at  96  side 1    Res =  0.6370E+02
 MRCHDU: Convergence failed at  97  side 1    Res =  0.1163E+03
 MRCHDU: Convergence failed at  98  side 1    Res =  0.8522E+02
 MRCHDU: Convergence failed at  99  side 1    Res =  0.1333E+03
 MRCHDU: Convergence failed at 100  side 1    Res =  0.8877E+02
 MRCHDU: Convergence failed at 101  side 1    Res =  0.1089E+03
 MRCHDU: Convergence failed at 102  side 1    Res =  0.8964E+02
 MRCHDU: Convergence failed at 103  side 1    Res =  0.1065E+03
 MRCHDU: Convergence failed at 104  side 1    Res =  0.1235E+04
 MRCHDU: Convergence failed at  60  side 2    Res =  0.2042E+01
 MRCHDU: Convergence failed at  61  side 2    Res =  0.5633E+01
 MRCHDU: Convergence failed at  62  side 2    Res =  0.1438E+02
 MRCHDU: Convergence failed at  63  side 2    Res =  0.1476E+02
 MRCHDU: Convergence failed at  64  side 2    Res =  0.4368E+01
 MRCHDU: Convergence failed at  65  side 2    Res =  0.1715E+01
 MRCHDU: Convergence failed at  66  side 2    Res =  0.1504E+01
 MRCHDU: Convergence failed at  67  side 2    Res =  0.2011E+01
 MRCHDU: Convergence failed at  68  side 2    Res =  0.1665E+01
 MRCHDU: Convergence failed at  69  side 2    Res =  0.1418E+01
 MRCHDU: Convergence failed at  70  side 2    Res =  0.1260E+01
 MRCHDU: Convergence failed at  71  side 2    Res =  0.9336E+00
 Side 1  free  transition at x/c =  0.0281   39
 Side 2 forced transition at x/c =  1.0000   58

  28   rms: 0.2003E+01   max: 0.5230E+01   D at   71  2   RLX: 0.126
       a = 20.750      CL =  4.3159
      Cm = -0.9876     CD =  0.03195   =>   CDf =  0.00159    CDp =  0.03036

 Side 1  free  transition at x/c =  0.0260   39
 Side 2 forced transition at x/c =  1.0000   58

  29   rms: 0.1067E+01   max: 0.5357E+01   T at   39  1   RLX: 0.280
       a = 20.750      CL =  3.4856
      Cm = -0.5811     CD =  0.05155   =>   CDf =  0.00201    CDp =  0.04954

 Side 1  free  transition at x/c =  0.0218   39
 Side 2 forced transition at x/c =  1.0000   57
 idif Ue xi dudx           1  0.10560853      1.51027441E-02   6.9926715    
 Uenew xinew           2  3.12421713E-02  4.46784496E-03

  30   rms: 0.1824E+01   max: 0.9184E+01   C at   57  2   RLX: 0.163
       a = 20.750      CL =  3.2383
      Cm = -0.5430     CD =  0.09120   =>   CDf =  0.00177    CDp =  0.08943

 MRCHDU: Convergence failed at  76  side 1    Res =  0.3491E+01
 Side 1  free  transition at x/c =  0.0219   38
 Side 2 forced transition at x/c =  1.0000   58

  31   rms: 0.1044E+01   max: -.9087E+01   C at   58  2   RLX: 0.055
       a = 20.750      CL =  3.1629
      Cm = -0.5554     CD =  0.08374   =>   CDf =  0.00149    CDp =  0.08225

 Side 1  free  transition at x/c =  0.0218   38
 Side 2 forced transition at x/c =  1.0000   58
 idif Ue xi dudx           1  6.74449429E-02  9.44268703E-03   7.1425581    
 Uenew xinew           2  2.82684487E-04  3.95774841E-05

  32   rms: 0.1428E+01   max: -.6557E+01   C at   58  2   RLX: 0.076
       a = 20.750      CL =  2.9859
      Cm = -0.5235     CD =  0.09673   =>   CDf =  0.00178    CDp =  0.09495

 Side 1  free  transition at x/c =  0.0219   37
 Side 2 forced transition at x/c =  1.0000   59

  33   rms: 0.6618E+01   max: -.1131E+03   T at    2  2   RLX: 0.004
       a = 20.750      CL =  2.9750
      Cm = -0.5230     CD =  0.09624   =>   CDf =  0.00163    CDp =  0.09461

 Side 1  free  transition at x/c =  0.0219   37
 Side 2 forced transition at x/c =  1.0000   59
 idif Ue xi dudx           1  7.30622709E-02  9.04619694E-03   8.0765734    
 Uenew xinew           2  6.24184916E-03  7.72833824E-04

  34   rms: 0.1411E+01   max: 0.3523E+01   D at   61  2   RLX: 0.164
       a = 20.750      CL =  2.6047
      Cm = -0.4596     CD =  0.12488   =>   CDf =  0.00189    CDp =  0.12300

 Side 1  free  transition at x/c =  0.0221   36
 Side 2 forced transition at x/c =  1.0000   60

  35   rms: 0.1187E+01   max: -.5806E+01   D at    2  2   RLX: 0.086
       a = 20.750      CL =  2.4593
      Cm = -0.4366     CD =  0.13608   =>   CDf =  0.00187    CDp =  0.13421

 Side 1  free  transition at x/c =  0.0223   36
 Side 2 forced transition at x/c =  1.0000   60
 idif Ue xi dudx           1  9.59002078E-02  1.00505352E-02   9.5418015    
 Uenew xinew           2  2.64382474E-02  2.77078152E-03

  36   rms: 0.9455E+00   max: -.2981E+01   T at   36  1   RLX: 0.168
       a = 20.750      CL =  2.1637
      Cm = -0.3770     CD =  0.15362   =>   CDf =  0.00218    CDp =  0.15143

 Side 1  free  transition at x/c =  0.0225   35
 Side 2 forced transition at x/c =  1.0000   61
 idif Ue xi dudx           1  0.12325102      1.15280151E-02   10.691435    
 Uenew xinew           2  5.45073263E-02  5.09822369E-03

  37   rms: 0.7178E+00   max: 0.9309E+00   D at   75  2   RLX: 0.365
       a = 20.750      CL =  1.6560
      Cm = -0.2679     CD =  0.18858   =>   CDf =  0.00233    CDp =  0.18625

 MRCHDU: Convergence failed at  34  side 1    Res =  0.1562E+00
 Side 1  free  transition at x/c =  0.0373   37
 Side 2 forced transition at x/c =  1.0000   62
 idif Ue xi dudx           2  0.16841224      1.37698650E-02   12.230493    
 Uenew xinew           3  9.85352248E-02  8.05652142E-03

  38   rms: 0.5102E+00   max: 0.2836E+01   T at   37  1   RLX: 0.529
       a = 20.750      CL =  1.0599
      Cm = -0.1244     CD =  0.25091   =>   CDf =  0.00265    CDp =  0.24826

 Side 1  free  transition at x/c =  0.0329   34
 Side 2 forced transition at x/c =  1.0000   64
 idif Ue xi dudx           1  8.57722759E-02  5.51652908E-03   15.548232    
 Uenew xinew           2  1.41977621E-02  9.13143158E-04

  39   rms: 0.9026E-01   max: 0.5410E+00   D at   35  1
       a = 20.750      CL =  0.9328
      Cm = -0.0907     CD =  0.26473   =>   CDf =  0.00274    CDp =  0.26199

 Side 1  free  transition at x/c =  0.0333   33
 Side 2 forced transition at x/c =  1.0000   65

  40   rms: 0.2198E-01   max: -.2290E+00   D at   33  1
       a = 20.750      CL =  0.9419
      Cm = -0.0908     CD =  0.24700   =>   CDf =  0.00276    CDp =  0.24424

 Side 1  free  transition at x/c =  0.0339   33
 Side 2 forced transition at x/c =  1.0000   65

  41   rms: 0.4994E-01   max: -.3097E+00   T at   34  1
       a = 20.750      CL =  0.9349
      Cm = -0.0926     CD =  0.24314   =>   CDf =  0.00276    CDp =  0.24037

 Side 1  free  transition at x/c =  0.0333   33
 Side 2 forced transition at x/c =  1.0000   65

  42   rms: 0.2613E+00   max: -.2731E+01   T at   33  1   RLX: 0.183
       a = 20.750      CL =  0.9503
      Cm = -0.0945     CD =  0.24475   =>   CDf =  0.00278    CDp =  0.24198

 Side 1  free  transition at x/c =  0.0326   33
 Side 2 forced transition at x/c =  1.0000   65

  43   rms: 0.5403E-01   max: -.4702E+00   D at   33  1
       a = 20.750      CL =  0.9407
      Cm = -0.0931     CD =  0.25503   =>   CDf =  0.00277    CDp =  0.25226

 Side 1  free  transition at x/c =  0.0324   33
 Side 2 forced transition at x/c =  1.0000   65

  44   rms: 0.2221E-01   max: -.2498E+00   D at   33  1
       a = 20.750      CL =  0.9400
      Cm = -0.0925     CD =  0.25232   =>   CDf =  0.00276    CDp =  0.24955

 Side 1  free  transition at x/c =  0.0331   33
 Side 2 forced transition at x/c =  1.0000   65

  45   rms: 0.4448E-01   max: -.5773E+00   T at   33  1   RLX: 0.866
       a = 20.750      CL =  0.9405
      Cm = -0.0906     CD =  0.24287   =>   CDf =  0.00276    CDp =  0.24011

 Side 1  free  transition at x/c =  0.0329   33
 Side 2 forced transition at x/c =  1.0000   65

  46   rms: 0.3841E-01   max: -.3846E+00   D at   33  1
       a = 20.750      CL =  0.9418
      Cm = -0.0923     CD =  0.25280   =>   CDf =  0.00276    CDp =  0.25003

 Side 1  free  transition at x/c =  0.0330   33
 Side 2 forced transition at x/c =  1.0000   65

  47   rms: 0.1760E-01   max: -.1644E+00   D at   33  1
       a = 20.750      CL =  0.9412
      Cm = -0.0918     CD =  0.25032   =>   CDf =  0.00276    CDp =  0.24756

 Side 1  free  transition at x/c =  0.0336   33
 Side 2 forced transition at x/c =  1.0000   65

  48   rms: 0.2931E-01   max: 0.2466E+00   T at   33  1
       a = 20.750      CL =  0.9376
      Cm = -0.0929     CD =  0.24804   =>   CDf =  0.00276    CDp =  0.24528

 Side 1  free  transition at x/c =  0.0329   33
 Side 2 forced transition at x/c =  1.0000   65

  49   rms: 0.2884E-01   max: -.3192E+00   T at   33  1
       a = 20.750      CL =  0.9368
      Cm = -0.0914     CD =  0.24146   =>   CDf =  0.00277    CDp =  0.23869

 Side 1  free  transition at x/c =  0.0337   33
 Side 2 forced transition at x/c =  1.0000   65

  50   rms: 0.1250E+00   max: 0.9007E+00   T at   33  1   RLX: 0.581
       a = 20.750      CL =  0.9387
      Cm = -0.0969     CD =  0.25266   =>   CDf =  0.00277    CDp =  0.24988

 Side 1  free  transition at x/c =  0.0317   33
 Side 2 forced transition at x/c =  1.0000   65

  51   rms: 0.6691E-01   max: -.3752E+00   D at   34  1
       a = 20.750      CL =  0.9222
      Cm = -0.0934     CD =  0.22918   =>   CDf =  0.00278    CDp =  0.22640

 Side 1  free  transition at x/c =  0.0328   33
 Side 2 forced transition at x/c =  1.0000   65

  52   rms: 0.4773E-01   max: -.2906E+00   T at   33  1
       a = 20.750      CL =  0.9356
      Cm = -0.0916     CD =  0.23877   =>   CDf =  0.00280    CDp =  0.23597

 Side 1  free  transition at x/c =  0.0337   33
 Side 2 forced transition at x/c =  1.0000   65

  53   rms: 0.3856E-01   max: -.2885E+00   T at   34  1
       a = 20.750      CL =  0.9351
      Cm = -0.0930     CD =  0.24397   =>   CDf =  0.00278    CDp =  0.24120

 Side 1  free  transition at x/c =  0.0328   33
 Side 2 forced transition at x/c =  1.0000   65

  54   rms: 0.3168E-01   max: -.2636E+00   T at   33  1
       a = 20.750      CL =  0.9349
      Cm = -0.0917     CD =  0.23933   =>   CDf =  0.00278    CDp =  0.23656

 Side 1  free  transition at x/c =  0.0337   33
 Side 2 forced transition at x/c =  1.0000   65

  55   rms: 0.3925E-01   max: 0.3038E+00   T at   33  1
       a = 20.750      CL =  0.9352
      Cm = -0.0931     CD =  0.24390   =>   CDf =  0.00278    CDp =  0.24112

 Side 1  free  transition at x/c =  0.0328   33
 Side 2 forced transition at x/c =  1.0000   65

  56   rms: 0.3180E-01   max: -.2482E+00   T at   33  1
       a = 20.750      CL =  0.9345
      Cm = -0.0919     CD =  0.23934   =>   CDf =  0.00278    CDp =  0.23657

 Side 1  free  transition at x/c =  0.0336   33
 Side 2 forced transition at x/c =  1.0000   65

  57   rms: 0.3439E-01   max: 0.2886E+00   T at   33  1
       a = 20.750      CL =  0.9356
      Cm = -0.0930     CD =  0.24403   =>   CDf =  0.00278    CDp =  0.24125

 Side 1  free  transition at x/c =  0.0328   33
 Side 2 forced transition at x/c =  1.0000   65

  58   rms: 0.3042E-01   max: -.2720E+00   T at   33  1
       a = 20.750      CL =  0.9352
      Cm = -0.0917     CD =  0.23994   =>   CDf =  0.00278    CDp =  0.23716

 Side 1  free  transition at x/c =  0.0337   33
 Side 2 forced transition at x/c =  1.0000   65

  59   rms: 0.3965E-01   max: 0.3098E+00   T at   33  1
       a = 20.750      CL =  0.9352
      Cm = -0.0932     CD =  0.24403   =>   CDf =  0.00278    CDp =  0.24125

 Side 1  free  transition at x/c =  0.0327   33
 Side 2 forced transition at x/c =  1.0000   65

  60   rms: 0.3194E-01   max: -.2444E+00   T at   33  1
       a = 20.750      CL =  0.9343
      Cm = -0.0919     CD =  0.23929   =>   CDf =  0.00278    CDp =  0.23652

 Side 1  free  transition at x/c =  0.0336   33
 Side 2 forced transition at x/c =  1.0000   65

  61   rms: 0.3386E-01   max: 0.2937E+00   T at   33  1
       a = 20.750      CL =  0.9356
      Cm = -0.0930     CD =  0.24408   =>   CDf =  0.00278    CDp =  0.24130

 Side 1  free  transition at x/c =  0.0328   33
 Side 2 forced transition at x/c =  1.0000   65

  62   rms: 0.3006E-01   max: -.2684E+00   T at   33  1
       a = 20.750      CL =  0.9352
      Cm = -0.0918     CD =  0.24020   =>   CDf =  0.00278    CDp =  0.23743

 Side 1  free  transition at x/c =  0.0336   33
 Side 2 forced transition at x/c =  1.0000   65

  63   rms: 0.3776E-01   max: 0.3015E+00   T at   33  1
       a = 20.750      CL =  0.9353
      Cm = -0.0931     CD =  0.24397   =>   CDf =  0.00278    CDp =  0.24119

 Side 1  free  transition at x/c =  0.0328   33
 Side 2 forced transition at x/c =  1.0000   65

  64   rms: 0.3127E-01   max: -.2537E+00   T at   33  1
       a = 20.750      CL =  0.9347
      Cm = -0.0919     CD =  0.23959   =>   CDf =  0.00278    CDp =  0.23681

 Side 1  free  transition at x/c =  0.0336   33
 Side 2 forced transition at x/c =  1.0000   65

  65   rms: 0.3514E-01   max: 0.2906E+00   T at   33  1
       a = 20.750      CL =  0.9355
      Cm = -0.0930     CD =  0.24398   =>   CDf =  0.00278    CDp =  0.24120

 Side 1  free  transition at x/c =  0.0328   33
 Side 2 forced transition at x/c =  1.0000   65

  66   rms: 0.3061E-01   max: -.2686E+00   T at   33  1
       a = 20.750      CL =  0.9351
      Cm = -0.0918     CD =  0.23997   =>   CDf =  0.00278    CDp =  0.23719

 Side 1  free  transition at x/c =  0.0336   33
 Side 2 forced transition at x/c =  1.0000   65

  67   rms: 0.3884E-01   max: 0.3054E+00   T at   33  1
       a = 20.750      CL =  0.9352
      Cm = -0.0931     CD =  0.24397   =>   CDf =  0.00278    CDp =  0.24119

 Side 1  free  transition at x/c =  0.0328   33
 Side 2 forced transition at x/c =  1.0000   65

  68   rms: 0.3164E-01   max: -.2484E+00   T at   33  1
       a = 20.750      CL =  0.9345
      Cm = -0.0919     CD =  0.23944   =>   CDf =  0.00278    CDp =  0.23666

 Side 1  free  transition at x/c =  0.0336   33
 Side 2 forced transition at x/c =  1.0000   65

  69   rms: 0.3430E-01   max: 0.2901E+00   T at   33  1
       a = 20.750      CL =  0.9356
      Cm = -0.0930     CD =  0.24405   =>   CDf =  0.00278    CDp =  0.24127

 Side 1  free  transition at x/c =  0.0328   33
 Side 2 forced transition at x/c =  1.0000   65

  70   rms: 0.3034E-01   max: -.2711E+00   T at   33  1
       a = 20.750      CL =  0.9352
      Cm = -0.0917     CD =  0.24005   =>   CDf =  0.00278    CDp =  0.23728

 Side 1  free  transition at x/c =  0.0336   33
 Side 2 forced transition at x/c =  1.0000   65

  71   rms: 0.3910E-01   max: 0.3070E+00   T at   33  1
       a = 20.750      CL =  0.9352
      Cm = -0.0932     CD =  0.24399   =>   CDf =  0.00278    CDp =  0.24121

 Side 1  free  transition at x/c =  0.0327   33
 Side 2 forced transition at x/c =  1.0000   65

  72   rms: 0.3170E-01   max: -.2465E+00   T at   33  1
       a = 20.750      CL =  0.9345
      Cm = -0.0919     CD =  0.23937   =>   CDf =  0.00278    CDp =  0.23660

 Side 1  free  transition at x/c =  0.0336   33
 Side 2 forced transition at x/c =  1.0000   65

  73   rms: 0.3402E-01   max: 0.2909E+00   T at   33  1
       a = 20.750      CL =  0.9356
      Cm = -0.0930     CD =  0.24408   =>   CDf =  0.00278    CDp =  0.24131

 Side 1  free  transition at x/c =  0.0328   33
 Side 2 forced transition at x/c =  1.0000   65

  74   rms: 0.3020E-01   max: -.2708E+00   T at   33  1
       a = 20.750      CL =  0.9352
      Cm = -0.0918     CD =  0.24009   =>   CDf =  0.00278    CDp =  0.23731

 Side 1  free  transition at x/c =  0.0336   33
 Side 2 forced transition at x/c =  1.0000   65

  75   rms: 0.3878E-01   max: 0.3058E+00   T at   33  1
       a = 20.750      CL =  0.9352
      Cm = -0.0931     CD =  0.24398   =>   CDf =  0.00278    CDp =  0.24120

 Side 1  free  transition at x/c =  0.0328   33
 Side 2 forced transition at x/c =  1.0000   65

  76   rms: 0.3159E-01   max: -.2481E+00   T at   33  1
       a = 20.750      CL =  0.9345
      Cm = -0.0919     CD =  0.23948   =>   CDf =  0.00278    CDp =  0.23670

 Side 1  free  transition at x/c =  0.0336   33
 Side 2 forced transition at x/c =  1.0000   65

  77   rms: 0.3423E-01   max: 0.2904E+00   T at   33  1
       a = 20.750      CL =  0.9356
      Cm = -0.0930     CD =  0.24406   =>   CDf =  0.00278    CDp =  0.24128

 Side 1  free  transition at x/c =  0.0328   33
 Side 2 forced transition at x/c =  1.0000   65

  78   rms: 0.3029E-01   max: -.2706E+00   T at   33  1
       a = 20.750      CL =  0.9352
      Cm = -0.0918     CD =  0.24011   =>   CDf =  0.00278    CDp =  0.23734

 Side 1  free  transition at x/c =  0.0336   33
 Side 2 forced transition at x/c =  1.0000   65

  79   rms: 0.3893E-01   max: 0.3064E+00   T at   33  1
       a = 20.750      CL =  0.9352
      Cm = -0.0932     CD =  0.24398   =>   CDf =  0.00278    CDp =  0.24120

 Side 1  free  transition at x/c =  0.0328   33
 Side 2 forced transition at x/c =  1.0000   65

  80   rms: 0.3169E-01   max: -.2481E+00   T at   33  1
       a = 20.750      CL =  0.9344
      Cm = -0.0919     CD =  0.23936   =>   CDf =  0.00278    CDp =  0.23658

 Side 1  free  transition at x/c =  0.0336   33
 Side 2 forced transition at x/c =  1.0000   65

  81   rms: 0.3422E-01   max: 0.2905E+00   T at   33  1
       a = 20.750      CL =  0.9356
      Cm = -0.0930     CD =  0.24405   =>   CDf =  0.00278    CDp =  0.24128

 Side 1  free  transition at x/c =  0.0328   33
 Side 2 forced transition at x/c =  1.0000   65

  82   rms: 0.3029E-01   max: -.2706E+00   T at   33  1
       a = 20.750      CL =  0.9352
      Cm = -0.0918     CD =  0.24011   =>   CDf =  0.00278    CDp =  0.23733

 Side 1  free  transition at x/c =  0.0336   33
 Side 2 forced transition at x/c =  1.0000   65

  83   rms: 0.3890E-01   max: 0.3062E+00   T at   33  1
       a = 20.750      CL =  0.9352
      Cm = -0.0932     CD =  0.24398   =>   CDf =  0.00278    CDp =  0.24120

 Side 1  free  transition at x/c =  0.0328   33
 Side 2 forced transition at x/c =  1.0000   65

  84   rms: 0.3167E-01   max: -.2482E+00   T at   33  1
       a = 20.750      CL =  0.9345
      Cm = -0.0919     CD =  0.23938   =>   CDf =  0.00278    CDp =  0.23661

 Side 1  free  transition at x/c =  0.0336   33
 Side 2 forced transition at x/c =  1.0000   65

  85   rms: 0.3423E-01   max: 0.2904E+00   T at   33  1
       a = 20.750      CL =  0.9356
      Cm = -0.0930     CD =  0.24405   =>   CDf =  0.00278    CDp =  0.24127

 Side 1  free  transition at x/c =  0.0328   33
 Side 2 forced transition at x/c =  1.0000   65

  86   rms: 0.3032E-01   max: -.2711E+00   T at   33  1
       a = 20.750      CL =  0.9352
      Cm = -0.0917     CD =  0.24010   =>   CDf =  0.00278    CDp =  0.23732

 Side 1  free  transition at x/c =  0.0336   33
 Side 2 forced transition at x/c =  1.0000   65

  87   rms: 0.3904E-01   max: 0.3068E+00   T at   33  1
       a = 20.750      CL =  0.9352
      Cm = -0.0932     CD =  0.24398   =>   CDf =  0.00278    CDp =  0.24120

 Side 1  free  transition at x/c =  0.0327   33
 Side 2 forced transition at x/c =  1.0000   65

  88   rms: 0.3171E-01   max: -.2474E+00   T at   33  1
       a = 20.750      CL =  0.9344
      Cm = -0.0919     CD =  0.23938   =>   CDf =  0.00278    CDp =  0.23661

 Side 1  free  transition at x/c =  0.0336   33
 Side 2 forced transition at x/c =  1.0000   65

  89   rms: 0.3410E-01   max: 0.2907E+00   T at   33  1
       a = 20.750      CL =  0.9356
      Cm = -0.0930     CD =  0.24407   =>   CDf =  0.00278    CDp =  0.24129

 Side 1  free  transition at x/c =  0.0328   33
 Side 2 forced transition at x/c =  1.0000   65

  90   rms: 0.3024E-01   max: -.2707E+00   T at   33  1
       a = 20.750      CL =  0.9352
      Cm = -0.0918     CD =  0.24009   =>   CDf =  0.00278    CDp =  0.23731

 Side 1  free  transition at x/c =  0.0336   33
 Side 2 forced transition at x/c =  1.0000   65

  91   rms: 0.3890E-01   max: 0.3063E+00   T at   33  1
       a = 20.750      CL =  0.9352
      Cm = -0.0931     CD =  0.24398   =>   CDf =  0.00278    CDp =  0.24120

 Side 1  free  transition at x/c =  0.0328   33
 Side 2 forced transition at x/c =  1.0000   65

  92   rms: 0.3168E-01   max: -.2483E+00   T at   33  1
       a = 20.750      CL =  0.9345
      Cm = -0.0919     CD =  0.23939   =>   CDf =  0.00278    CDp =  0.23661

 Side 1  free  transition at x/c =  0.0336   33
 Side 2 forced transition at x/c =  1.0000   65

  93   rms: 0.3422E-01   max: 0.2903E+00   T at   33  1
       a = 20.750      CL =  0.9356
      Cm = -0.0930     CD =  0.24405   =>   CDf =  0.00278    CDp =  0.24127

 Side 1  free  transition at x/c =  0.0328   33
 Side 2 forced transition at x/c =  1.0000   65

  94   rms: 0.3031E-01   max: -.2712E+00   T at   33  1
       a = 20.750      CL =  0.9352
      Cm = -0.0917     CD =  0.24010   =>   CDf =  0.00278    CDp =  0.23733

 Side 1  free  transition at x/c =  0.0336   33
 Side 2 forced transition at x/c =  1.0000   65

  95   rms: 0.3904E-01   max: 0.3068E+00   T at   33  1
       a = 20.750      CL =  0.9352
      Cm = -0.0932     CD =  0.24399   =>   CDf =  0.00278    CDp =  0.24121

 Side 1  free  transition at x/c =  0.0327   33
 Side 2 forced transition at x/c =  1.0000   65

  96   rms: 0.3169E-01   max: -.2471E+00   T at   33  1
       a = 20.750      CL =  0.9344
      Cm = -0.0919     CD =  0.23939   =>   CDf =  0.00278    CDp =  0.23661

 Side 1  free  transition at x/c =  0.0336   33
 Side 2 forced transition at x/c =  1.0000   65

  97   rms: 0.3409E-01   max: 0.2908E+00   T at   33  1
       a = 20.750      CL =  0.9356
      Cm = -0.0930     CD =  0.24407   =>   CDf =  0.00278    CDp =  0.24130

 Side 1  free  transition at x/c =  0.0328   33
 Side 2 forced transition at x/c =  1.0000   65

  98   rms: 0.3022E-01   max: -.2705E+00   T at   33  1
       a = 20.750      CL =  0.9352
      Cm = -0.0918     CD =  0.24009   =>   CDf =  0.00278    CDp =  0.23732

 Side 1  free  transition at x/c =  0.0336   33
 Side 2 forced transition at x/c =  1.0000   65

  99   rms: 0.3879E-01   max: 0.3058E+00   T at   33  1
       a = 20.750      CL =  0.9352
      Cm = -0.0931     CD =  0.24398   =>   CDf =  0.00278    CDp =  0.24120

 Side 1  free  transition at x/c =  0.0328   33
 Side 2 forced transition at x/c =  1.0000   65

 100   rms: 0.3159E-01   max: -.2480E+00   T at   33  1
       a = 20.750      CL =  0.9345
      Cm = -0.0919     CD =  0.23948   =>   CDf =  0.00278    CDp =  0.23670

 Side 1  free  transition at x/c =  0.0336   33
 Side 2 forced transition at x/c =  1.0000   65

 101   rms: 0.3423E-01   max: 0.2905E+00   T at   33  1
       a = 20.750      CL =  0.9356
      Cm = -0.0930     CD =  0.24406   =>   CDf =  0.00278    CDp =  0.24128

 Side 1  free  transition at x/c =  0.0328   33
 Side 2 forced transition at x/c =  1.0000   65

 102   rms: 0.3031E-01   max: -.2709E+00   T at   33  1
       a = 20.750      CL =  0.9352
      Cm = -0.0917     CD =  0.24010   =>   CDf =  0.00278    CDp =  0.23732

 Side 1  free  transition at x/c =  0.0336   33
 Side 2 forced transition at x/c =  1.0000   65

 103   rms: 0.3898E-01   max: 0.3066E+00   T at   33  1
       a = 20.750      CL =  0.9352
      Cm = -0.0932     CD =  0.24398   =>   CDf =  0.00278    CDp =  0.24121

 Side 1  free  transition at x/c =  0.0328   33
 Side 2 forced transition at x/c =  1.0000   65

 104   rms: 0.3170E-01   max: -.2478E+00   T at   33  1
       a = 20.750      CL =  0.9344
      Cm = -0.0919     CD =  0.23937   =>   CDf =  0.00278    CDp =  0.23659

 Side 1  free  transition at x/c =  0.0336   33
 Side 2 forced transition at x/c =  1.0000   65

 105   rms: 0.3419E-01   max: 0.2906E+00   T at   33  1
       a = 20.750      CL =  0.9356
      Cm = -0.0930     CD =  0.24406   =>   CDf =  0.00278    CDp =  0.24128

 Side 1  free  transition at x/c =  0.0328   33
 Side 2 forced transition at x/c =  1.0000   65

 106   rms: 0.3028E-01   max: -.2705E+00   T at   33  1
       a = 20.750      CL =  0.9352
      Cm = -0.0918     CD =  0.24008   =>   CDf =  0.00278    CDp =  0.23731

 Side 1  free  transition at x/c =  0.0336   33
 Side 2 forced transition at x/c =  1.0000   65

 107   rms: 0.3886E-01   max: 0.3061E+00   T at   33  1
       a = 20.750      CL =  0.9352
      Cm = -0.0931     CD =  0.24398   =>   CDf =  0.00278    CDp =  0.24121

 Side 1  free  transition at x/c =  0.0328   33
 Side 2 forced transition at x/c =  1.0000   65

 108   rms: 0.3165E-01   max: -.2484E+00   T at   33  1
       a = 20.750      CL =  0.9345
      Cm = -0.0919     CD =  0.23941   =>   CDf =  0.00278    CDp =  0.23663

 Side 1  free  transition at x/c =  0.0336   33
 Side 2 forced transition at x/c =  1.0000   65

 109   rms: 0.3426E-01   max: 0.2904E+00   T at   33  1
       a = 20.750      CL =  0.9356
      Cm = -0.0930     CD =  0.24405   =>   CDf =  0.00278    CDp =  0.24127

 Side 1  free  transition at x/c =  0.0328   33
 Side 2 forced transition at x/c =  1.0000   65

 110   rms: 0.3032E-01   max: -.2709E+00   T at   33  1
       a = 20.750      CL =  0.9352
      Cm = -0.0918     CD =  0.24010   =>   CDf =  0.00278    CDp =  0.23732

 Side 1  free  transition at x/c =  0.0336   33
 Side 2 forced transition at x/c =  1.0000   65

 111   rms: 0.3900E-01   max: 0.3066E+00   T at   33  1
       a = 20.750      CL =  0.9352
      Cm = -0.0932     CD =  0.24398   =>   CDf =  0.00278    CDp =  0.24120

 Side 1  free  transition at x/c =  0.0328   33
 Side 2 forced transition at x/c =  1.0000   65

 112   rms: 0.3169E-01   max: -.2476E+00   T at   33  1
       a = 20.750      CL =  0.9344
      Cm = -0.0919     CD =  0.23937   =>   CDf =  0.00278    CDp =  0.23659

 Side 1  free  transition at x/c =  0.0336   33
 Side 2 forced transition at x/c =  1.0000   65

 113   rms: 0.3413E-01   max: 0.2904E+00   T at   33  1
       a = 20.750      CL =  0.9356
      Cm = -0.0930     CD =  0.24406   =>   CDf =  0.00278    CDp =  0.24129

 Side 1  free  transition at x/c =  0.0328   33
 Side 2 forced transition at x/c =  1.0000   65

 114   rms: 0.3027E-01   max: -.2711E+00   T at   33  1
       a = 20.750      CL =  0.9352
      Cm = -0.0917     CD =  0.24011   =>   CDf =  0.00278    CDp =  0.23734

 Side 1  free  transition at x/c =  0.0336   33
 Side 2 forced transition at x/c =  1.0000   65

 115   rms: 0.3901E-01   max: 0.3068E+00   T at   33  1
       a = 20.750      CL =  0.9352
      Cm = -0.0932     CD =  0.24398   =>   CDf =  0.00278    CDp =  0.24121

 Side 1  free  transition at x/c =  0.0327   33
 Side 2 forced transition at x/c =  1.0000   65

 116   rms: 0.3169E-01   max: -.2473E+00   T at   33  1
       a = 20.750      CL =  0.9345
      Cm = -0.0919     CD =  0.23940   =>   CDf =  0.00278    CDp =  0.23662

 Side 1  free  transition at x/c =  0.0336   33
 Side 2 forced transition at x/c =  1.0000   65

 117   rms: 0.3410E-01   max: 0.2908E+00   T at   33  1
       a = 20.750      CL =  0.9356
      Cm = -0.0930     CD =  0.24407   =>   CDf =  0.00278    CDp =  0.24129

 Side 1  free  transition at x/c =  0.0328   33
 Side 2 forced transition at x/c =  1.0000   65

 118   rms: 0.3023E-01   max: -.2706E+00   T at   33  1
       a = 20.750      CL =  0.9352
      Cm = -0.0918     CD =  0.24008   =>   CDf =  0.00278    CDp =  0.23731

 Side 1  free  transition at x/c =  0.0336   33
 Side 2 forced transition at x/c =  1.0000   65

 119   rms: 0.3879E-01   max: 0.3058E+00   T at   33  1
       a = 20.750      CL =  0.9352
      Cm = -0.0931     CD =  0.24398   =>   CDf =  0.00278    CDp =  0.24120

 Side 1  free  transition at x/c =  0.0328   33
 Side 2 forced transition at x/c =  1.0000   65

 120   rms: 0.3158E-01   max: -.2481E+00   T at   33  1
       a = 20.750      CL =  0.9345
      Cm = -0.0919     CD =  0.23949   =>   CDf =  0.00278    CDp =  0.23671

 Side 1  free  transition at x/c =  0.0336   33
 Side 2 forced transition at x/c =  1.0000   65

 121   rms: 0.3422E-01   max: 0.2904E+00   T at   33  1
       a = 20.750      CL =  0.9356
      Cm = -0.0930     CD =  0.24406   =>   CDf =  0.00278    CDp =  0.24128

 Side 1  free  transition at x/c =  0.0328   33
 Side 2 forced transition at x/c =  1.0000   65

 122   rms: 0.3030E-01   max: -.2710E+00   T at   33  1
       a = 20.750      CL =  0.9352
      Cm = -0.0917     CD =  0.24010   =>   CDf =  0.00278    CDp =  0.23733

 Side 1  free  transition at x/c =  0.0336   33
 Side 2 forced transition at x/c =  1.0000   65

 123   rms: 0.3901E-01   max: 0.3067E+00   T at   33  1
       a = 20.750      CL =  0.9352
      Cm = -0.0932     CD =  0.24398   =>   CDf =  0.00278    CDp =  0.24120

 Side 1  free  transition at x/c =  0.0328   33
 Side 2 forced transition at x/c =  1.0000   65

 124   rms: 0.3169E-01   max: -.2473E+00   T at   33  1
       a = 20.750      CL =  0.9344
      Cm = -0.0919     CD =  0.23940   =>   CDf =  0.00278    CDp =  0.23662

 Side 1  free  transition at x/c =  0.0336   33
 Side 2 forced transition at x/c =  1.0000   65

 125   rms: 0.3411E-01   max: 0.2908E+00   T at   33  1
       a = 20.750      CL =  0.9356
      Cm = -0.0930     CD =  0.24407   =>   CDf =  0.00278    CDp =  0.24129

 Side 1  free  transition at x/c =  0.0328   33
 Side 2 forced transition at x/c =  1.0000   65

 126   rms: 0.3024E-01   max: -.2706E+00   T at   33  1
       a = 20.750      CL =  0.9352
      Cm = -0.0918     CD =  0.24008   =>   CDf =  0.00278    CDp =  0.23731

 Side 1  free  transition at x/c =  0.0336   33
 Side 2 forced transition at x/c =  1.0000   65

 127   rms: 0.3884E-01   max: 0.3060E+00   T at   33  1
       a = 20.750      CL =  0.9352
      Cm = -0.0931     CD =  0.24399   =>   CDf =  0.00278    CDp =  0.24121

 Side 1  free  transition at x/c =  0.0328   33
 Side 2 forced transition at x/c =  1.0000   65

 128   rms: 0.3165E-01   max: -.2485E+00   T at   33  1
       a = 20.750      CL =  0.9345
      Cm = -0.0919     CD =  0.23941   =>   CDf =  0.00278    CDp =  0.23664

 Side 1  free  transition at x/c =  0.0336   33
 Side 2 forced transition at x/c =  1.0000   65

 129   rms: 0.3427E-01   max: 0.2904E+00   T at   33  1
       a = 20.750      CL =  0.9356
      Cm = -0.0930     CD =  0.24405   =>   CDf =  0.00278    CDp =  0.24127

 Side 1  free  transition at x/c =  0.0328   33
 Side 2 forced transition at x/c =  1.0000   65

 130   rms: 0.3033E-01   max: -.2711E+00   T at   33  1
       a = 20.750      CL =  0.9352
      Cm = -0.0917     CD =  0.24009   =>   CDf =  0.00278    CDp =  0.23731

 Side 1  free  transition at x/c =  0.0336   33
 Side 2 forced transition at x/c =  1.0000   65

 131   rms: 0.3906E-01   max: 0.3069E+00   T at   33  1
       a = 20.750      CL =  0.9352
      Cm = -0.0932     CD =  0.24398   =>   CDf =  0.00278    CDp =  0.24120

 Side 1  free  transition at x/c =  0.0327   33
 Side 2 forced transition at x/c =  1.0000   65

 132   rms: 0.3171E-01   max: -.2470E+00   T at   33  1
       a = 20.750      CL =  0.9344
      Cm = -0.0919     CD =  0.23938   =>   CDf =  0.00278    CDp =  0.23660

 Side 1  free  transition at x/c =  0.0336   33
 Side 2 forced transition at x/c =  1.0000   65

 133   rms: 0.3405E-01   max: 0.2905E+00   T at   33  1
       a = 20.750      CL =  0.9356
      Cm = -0.0930     CD =  0.24407   =>   CDf =  0.00278    CDp =  0.24129

 Side 1  free  transition at x/c =  0.0328   33
 Side 2 forced transition at x/c =  1.0000   65

 134   rms: 0.3021E-01   max: -.2708E+00   T at   33  1
       a = 20.750      CL =  0.9352
      Cm = -0.0918     CD =  0.24011   =>   CDf =  0.00278    CDp =  0.23734

 Side 1  free  transition at x/c =  0.0336   33
 Side 2 forced transition at x/c =  1.0000   65

 135   rms: 0.3891E-01   max: 0.3064E+00   T at   33  1
       a = 20.750      CL =  0.9352
      Cm = -0.0931     CD =  0.24398   =>   CDf =  0.00278    CDp =  0.24121

 Side 1  free  transition at x/c =  0.0328   33
 Side 2 forced transition at x/c =  1.0000   65

 136   rms: 0.3168E-01   max: -.2482E+00   T at   33  1
       a = 20.750      CL =  0.9344
      Cm = -0.0919     CD =  0.23936   =>   CDf =  0.00278    CDp =  0.23659

 Side 1  free  transition at x/c =  0.0336   33
 Side 2 forced transition at x/c =  1.0000   65

 137   rms: 0.3424E-01   max: 0.2907E+00   T at   33  1
       a = 20.750      CL =  0.9356
      Cm = -0.0930     CD =  0.24405   =>   CDf =  0.00278    CDp =  0.24127

 Side 1  free  transition at x/c =  0.0328   33
 Side 2 forced transition at x/c =  1.0000   65

 138   rms: 0.3031E-01   max: -.2707E+00   T at   33  1
       a = 20.750      CL =  0.9352
      Cm = -0.0918     CD =  0.24006   =>   CDf =  0.00278    CDp =  0.23729

 Side 1  free  transition at x/c =  0.0336   33
 Side 2 forced transition at x/c =  1.0000   65

 139   rms: 0.3892E-01   max: 0.3063E+00   T at   33  1
       a = 20.750      CL =  0.9352
      Cm = -0.0932     CD =  0.24398   =>   CDf =  0.00278    CDp =  0.24120

 Side 1  free  transition at x/c =  0.0328   33
 Side 2 forced transition at x/c =  1.0000   65

 140   rms: 0.3169E-01   max: -.2483E+00   T at   33  1
       a = 20.750      CL =  0.9344
      Cm = -0.0919     CD =  0.23937   =>   CDf =  0.00278    CDp =  0.23659

 Side 1  free  transition at x/c =  0.0336   33
 Side 2 forced transition at x/c =  1.0000   65

 141   rms: 0.3423E-01   max: 0.2904E+00   T at   33  1
       a = 20.750      CL =  0.9356
      Cm = -0.0930     CD =  0.24405   =>   CDf =  0.00278    CDp =  0.24127

 Side 1  free  transition at x/c =  0.0328   33
 Side 2 forced transition at x/c =  1.0000   65

 142   rms: 0.3032E-01   max: -.2711E+00   T at   33  1
       a = 20.750      CL =  0.9352
      Cm = -0.0917     CD =  0.24009   =>   CDf =  0.00278    CDp =  0.23732

 Side 1  free  transition at x/c =  0.0336   33
 Side 2 forced transition at x/c =  1.0000   65

 143   rms: 0.3903E-01   max: 0.3068E+00   T at   33  1
       a = 20.750      CL =  0.9352
      Cm = -0.0932     CD =  0.24398   =>   CDf =  0.00278    CDp =  0.24120

 Side 1  free  transition at x/c =  0.0327   33
 Side 2 forced transition at x/c =  1.0000   65

 144   rms: 0.3170E-01   max: -.2472E+00   T at   33  1
       a = 20.750      CL =  0.9344
      Cm = -0.0919     CD =  0.23939   =>   CDf =  0.00278    CDp =  0.23661

 Side 1  free  transition at x/c =  0.0336   33
 Side 2 forced transition at x/c =  1.0000   65

 145   rms: 0.3409E-01   max: 0.2906E+00   T at   33  1
       a = 20.750      CL =  0.9356
      Cm = -0.0930     CD =  0.24407   =>   CDf =  0.00278    CDp =  0.24129

 Side 1  free  transition at x/c =  0.0328   33
 Side 2 forced transition at x/c =  1.0000   65

 146   rms: 0.3025E-01   max: -.2710E+00   T at   33  1
       a = 20.750      CL =  0.9352
      Cm = -0.0917     CD =  0.24009   =>   CDf =  0.00278    CDp =  0.23731

 Side 1  free  transition at x/c =  0.0336   33
 Side 2 forced transition at x/c =  1.0000   65

 147   rms: 0.3892E-01   max: 0.3063E+00   T at   33  1
       a = 20.750      CL =  0.9352
      Cm = -0.0932     CD =  0.24398   =>   CDf =  0.00278    CDp =  0.24120

 Side 1  free  transition at x/c =  0.0328   33
 Side 2 forced transition at x/c =  1.0000   65

 148   rms: 0.3169E-01   max: -.2482E+00   T at   33  1
       a = 20.750      CL =  0.9344
      Cm = -0.0919     CD =  0.23937   =>   CDf =  0.00278    CDp =  0.23659

 Side 1  free  transition at x/c =  0.0336   33
 Side 2 forced transition at x/c =  1.0000   65

 149   rms: 0.3424E-01   max: 0.2906E+00   T at   33  1
       a = 20.750      CL =  0.9356
      Cm = -0.0930     CD =  0.24406   =>   CDf =  0.00278    CDp =  0.24128

 Side 1  free  transition at x/c =  0.0328   33
 Side 2 forced transition at x/c =  1.0000   65

 150   rms: 0.3029E-01   max: -.2704E+00   T at   33  1
       a = 20.750      CL =  0.9352
      Cm = -0.0918     CD =  0.24011   =>   CDf =  0.00278    CDp =  0.23734

 Side 1  free  transition at x/c =  0.0336   33
 Side 2 forced transition at x/c =  1.0000   65

 151   rms: 0.3889E-01   max: 0.3062E+00   T at   33  1
       a = 20.750      CL =  0.9352
      Cm = -0.0931     CD =  0.24398   =>   CDf =  0.00278    CDp =  0.24120

 Side 1  free  transition at x/c =  0.0328   33
 Side 2 forced transition at x/c =  1.0000   65

 152   rms: 0.3166E-01   max: -.2482E+00   T at   33  1
       a = 20.750      CL =  0.9345
      Cm = -0.0919     CD =  0.23939   =>   CDf =  0.00278    CDp =  0.23662

 Side 1  free  transition at x/c =  0.0336   33
 Side 2 forced transition at x/c =  1.0000   65

 153   rms: 0.3421E-01   max: 0.2903E+00   T at   33  1
       a = 20.750      CL =  0.9356
      Cm = -0.0930     CD =  0.24406   =>   CDf =  0.00278    CDp =  0.24128

 Side 1  free  transition at x/c =  0.0328   33
 Side 2 forced transition at x/c =  1.0000   65

 154   rms: 0.3031E-01   max: -.2711E+00   T at   33  1
       a = 20.750      CL =  0.9352
      Cm = -0.0917     CD =  0.24010   =>   CDf =  0.00278    CDp =  0.23733

 Side 1  free  transition at x/c =  0.0336   33
 Side 2 forced transition at x/c =  1.0000   65

 155   rms: 0.3902E-01   max: 0.3067E+00   T at   33  1
       a = 20.750      CL =  0.9352
      Cm = -0.0932     CD =  0.24398   =>   CDf =  0.00278    CDp =  0.24121
 VISCAL:  Convergence failed
 Calculating wake trajectory ...
 Calculating source influence matrix ...

 Solving BL system ...

 Side 1  free  transition at x/c =  0.0328   33
 Side 2 forced transition at x/c =  1.0000   65

   1   rms: 0.6558E-01   max: 0.1291E+01   T at   33  1   RLX: 0.270
       a = 21.250      CL =  0.9547
      Cm = -0.1001     CD =  0.25297   =>   CDf =  0.00278    CDp =  0.25020

 Side 1  free  transition at x/c =  0.0318   33
 Side 2 forced transition at x/c =  1.0000   65

   2   rms: 0.3126E-01   max: 0.3370E+00   T at   33  1
       a = 21.250      CL =  0.9503
      Cm = -0.0972     CD =  0.25048   =>   CDf =  0.00277    CDp =  0.24771

 Side 1  free  transition at x/c =  0.0308   33
 Side 2 forced transition at x/c =  1.0000   65

   3   rms: 0.1134E-01   max: -.6297E-01   D at   34  1
       a = 21.250      CL =  0.9519
      Cm = -0.0969     CD =  0.25074   =>   CDf =  0.00261    CDp =  0.24813

 Side 1  free  transition at x/c =  0.0309   34
 Side 2 forced transition at x/c =  1.0000   64

   4   rms: 0.4800E-02   max: 0.5840E-01   D at    2  1
       a = 21.250      CL =  0.9533
      Cm = -0.0969     CD =  0.25302   =>   CDf =  0.00276    CDp =  0.25026

 Side 1  free  transition at x/c =  0.0309   34
 Side 2 forced transition at x/c =  1.0000   64

   5   rms: 0.5451E-03   max: -.4194E-02   D at    4  1
       a = 21.250      CL =  0.9534
      Cm = -0.0970     CD =  0.25372   =>   CDf =  0.00275    CDp =  0.25096

 Side 1  free  transition at x/c =  0.0309   34
 Side 2 forced transition at x/c =  1.0000   64

   6   rms: 0.1784E-04   max: -.1834E-03   D at   85  2
       a = 21.250      CL =  0.9534
      Cm = -0.0970     CD =  0.25377   =>   CDf =  0.00275    CDp =  0.25101
 plradd ia,ip,cpol           14           0  8.33756698E-04

 Point added to stored polar  1
 Point written to save file  l188root_Re400k.ext.pol                         
 Dump file unspecified or not available
 Calculating wake trajectory ...
 Calculating source influence matrix ...

 Solving BL system ...

 Side 1  free  transition at x/c =  0.0309   34
 Side 2 forced transition at x/c =  1.0000   64

   1   rms: 0.4256E-01   max: 0.5019E+00   T at   34  1   RLX: 0.265
       a = 21.750      CL =  0.9562
      Cm = -0.0980     CD =  0.25632   =>   CDf =  0.00275    CDp =  0.25357

 Side 1  free  transition at x/c =  0.0305   34
 Side 2 forced transition at x/c =  1.0000   64

   2   rms: 0.3380E-01   max: 0.3391E+00   T at   34  1
       a = 21.750      CL =  0.9713
      Cm = -0.1004     CD =  0.26114   =>   CDf =  0.00275    CDp =  0.25839

 Side 1  free  transition at x/c =  0.0298   34
 Side 2 forced transition at x/c =  1.0000   64

   3   rms: 0.3076E-01   max: -.1649E+00   D at   34  1
       a = 21.750      CL =  0.9666
      Cm = -0.1001     CD =  0.25148   =>   CDf =  0.00274    CDp =  0.24874

 Side 1  free  transition at x/c =  0.0300   34
 Side 2 forced transition at x/c =  1.0000   64

   4   rms: 0.1159E-01   max: -.4269E-01   D at   85  2
       a = 21.750      CL =  0.9701
      Cm = -0.0999     CD =  0.25489   =>   CDf =  0.00274    CDp =  0.25215

 Side 1  free  transition at x/c =  0.0300   34
 Side 2 forced transition at x/c =  1.0000   64

   5   rms: 0.2912E-02   max: -.1617E-01   D at   85  2
       a = 21.750      CL =  0.9714
      Cm = -0.0999     CD =  0.25788   =>   CDf =  0.00274    CDp =  0.25514

 Side 1  free  transition at x/c =  0.0300   34
 Side 2 forced transition at x/c =  1.0000   64

   6   rms: 0.2987E-03   max: -.2308E-02   D at   85  2
       a = 21.750      CL =  0.9715
      Cm = -0.0999     CD =  0.25838   =>   CDf =  0.00274    CDp =  0.25565

 Side 1  free  transition at x/c =  0.0300   34
 Side 2 forced transition at x/c =  1.0000   64

   7   rms: 0.1146E-04   max: -.1089E-03   D at   85  2
       a = 21.750      CL =  0.9715
      Cm = -0.0999     CD =  0.25841   =>   CDf =  0.00273    CDp =  0.25568
 plradd ia,ip,cpol           15           0  8.33756698E-04

 Point added to stored polar  1
 Point written to save file  l188root_Re400k.ext.pol                         
 Dump file unspecified or not available
 Calculating wake trajectory ...
 Calculating source influence matrix ...

 Solving BL system ...

 Side 1  free  transition at x/c =  0.0300   34
 Side 2 forced transition at x/c =  1.0000   64

   1   rms: 0.6306E-01   max: 0.4470E+00   T at   34  1   RLX: 0.260
       a = 22.250      CL =  0.9747
      Cm = -0.1004     CD =  0.25996   =>   CDf =  0.00273    CDp =  0.25722

 Side 1  free  transition at x/c =  0.0298   34
 Side 2 forced transition at x/c =  1.0000   64

   2   rms: 0.5219E-01   max: 0.3145E+00   T at   34  1
       a = 22.250      CL =  0.9923
      Cm = -0.1012     CD =  0.26212   =>   CDf =  0.00256    CDp =  0.25956

 Side 1  free  transition at x/c =  0.0295   35
 Side 2 forced transition at x/c =  1.0000   63
 idif Ue xi dudx           1  6.95500895E-02  5.20169735E-03   13.370653    
 Uenew xinew           2  1.22411991E-03  9.15527344E-05

   3   rms: 0.4210E-01   max: -.2412E+00   T at    2  1
       a = 22.250      CL =  0.9882
      Cm = -0.1005     CD =  0.25030   =>   CDf =  0.00286    CDp =  0.24744

 Side 1  free  transition at x/c =  0.0295   34
 Side 2 forced transition at x/c =  1.0000   64

   4   rms: 0.2281E-01   max: 0.3262E+00   D at    2  2
       a = 22.250      CL =  0.9933
      Cm = -0.1004     CD =  0.26023   =>   CDf =  0.00254    CDp =  0.25768

 Side 1  free  transition at x/c =  0.0295   35
 Side 2 forced transition at x/c =  1.0000   63

   5   rms: 0.2565E-02   max: 0.1701E-01   D at    3  2
       a = 22.250      CL =  0.9941
      Cm = -0.1004     CD =  0.26245   =>   CDf =  0.00270    CDp =  0.25975

 Side 1  free  transition at x/c =  0.0295   35
 Side 2 forced transition at x/c =  1.0000   63

   6   rms: 0.5569E-03   max: -.7018E-02   D at    4  1
       a = 22.250      CL =  0.9941
      Cm = -0.1004     CD =  0.26255   =>   CDf =  0.00270    CDp =  0.25985

 Side 1  free  transition at x/c =  0.0295   35
 Side 2 forced transition at x/c =  1.0000   63

   7   rms: 0.1301E-04   max: -.5607E-04   T at   35  1
       a = 22.250      CL =  0.9941
      Cm = -0.1004     CD =  0.26253   =>   CDf =  0.00270    CDp =  0.25983
 plradd ia,ip,cpol           16           0  3.65055952E-04

 Point added to stored polar  1
 Point written to save file  l188root_Re400k.ext.pol                         
 Dump file unspecified or not available

.OPERva   c>  
 Polar accumulation disabled

.OPERv   c>  
 XFOIL   c>  
 XFOIL   c>  