
 ===================================================
  XFOIL Version 6.99
  Copyright (C) 2000   Mark Drela, Harold Youngren

  This software comes with ABSOLUTELY NO WARRANTY,
    subject to the GNU General Public License.

  Caveat computor
 ===================================================

 File  xfoil.def  not found

   QUIT    Exit program

  .OPER    Direct operating point(s)
  .MDES    Complex mapping design routine
  .QDES    Surface speed design routine
  .GDES    Geometry design routine

   SAVE f  Write airfoil to labeled coordinate file
   PSAV f  Write airfoil to plain coordinate file
   ISAV f  Write airfoil to ISES coordinate file
   MSAV f  Write airfoil to MSES coordinate file
   REVE    Reverse written-airfoil node ordering

   LOAD f  Read buffer airfoil from coordinate file
   NACA i  Set NACA 4,5-digit airfoil and buffer airfoil
   INTE    Set buffer airfoil by interpolating two airfoils
   NORM    Buffer airfoil normalization toggle
   XYCM rr Change CM reference location, currently  0.25000 0.00000

   BEND    Display structural properties of current airfoil

   PCOP    Set current-airfoil panel nodes directly from buffer airfoil points
   PANE    Set current-airfoil panel nodes ( 160 ) based on curvature
  .PPAR    Show/change paneling

  .PLOP    Plotting options

   WDEF f  Write  current-settings file
   RDEF f  Reread current-settings file
   NAME s  Specify new airfoil name
   NINC    Increment name version number

   Z       Zoom    | (available in all menus)
   U       Unzoom  | 

 XFOIL   c>  
 Labeled airfoil file.  Name:  MH 106  13.07%                                  

 Number of input coordinate points:  68
 Counterclockwise ordering
 Max thickness =     0.130668  at x =   0.274
 Max camber    =     0.010068  at x =   0.266

  LE  x,y  =  -0.00000  -0.00005  |   Chord =   1.00000
  TE  x,y  =   1.00000   0.00000  |

 Current airfoil nodes set from buffer airfoil nodes (  68 )

 XFOIL   c>  
 XFOIL   c>  
 Sharp trailing edge

 Paneling parameters used...
   Number of panel nodes       160
   Panel bunching parameter    1.000
   TE/LE panel density ratio   0.150
   Refined-area/LE panel density ratio    0.200
   Top    side refined area x/c limits  1.000 1.000
   Bottom side refined area x/c limits  1.000 1.000

 XFOIL   c>  
.OPERi   c>  
 Xtr/c     =  1.0000    top    side
 Xtr/c     =  1.0000    bottom side
 Ncrit     =    9.00   ( 0.070 % turb. level )
 Vacc      =  0.0100

 Klag  =  5.6000     Uxwt  =    1.00
 A     =  6.7000     B     =  0.7500       KCt = 0.01485
 CtiniK=  1.8000     CtiniX=  3.3000

..VPAR   c>  
..VPAR   c>  
.OPERi   c>  
 M  =    0.0000
 Re =    500000

.OPERv   c>  
.OPERv   c>  
.OPERv   c>  
 Polar  1 newly created for accumulation
 Airfoil archived with polar: MH 106  13.07%                                  

Enter  polar save filename  OR  <return> for no file   s>  
 New polar save file available

Enter  polar dump filename  OR  <return> for no file   s>  
 Polar dump file will NOT be written

 Polar accumulation enabled

.OPERva   c>   Calculating unit vorticity distributions ...
 Calculating wake trajectory ...
 Calculating source influence matrix ...

 Solving BL system ...

 Initializing BL ...
    side            1  ...
 MRCHUE: Inverse mode at  41     Hk =   4.315
 MRCHUE: Inverse mode at  42     Hk =   4.943
 MRCHUE: Inverse mode at  43     Hk =   5.559
 MRCHUE: Inverse mode at  44     Hk =   6.164
 MRCHUE: Inverse mode at  45     Hk =   6.762
 MRCHUE: Inverse mode at  46     Hk =   7.353
 MRCHUE: Inverse mode at  47     Hk =   7.077
 MRCHUE: Inverse mode at  48     Hk =   4.488
 MRCHUE: Inverse mode at  49     Hk =   2.866
    side            2  ...
 MRCHUE: Inverse mode at  33     Hk =   4.275
 MRCHUE: Inverse mode at  34     Hk =   5.177
 MRCHUE: Inverse mode at  35     Hk =   6.054
 MRCHUE: Inverse mode at  36     Hk =   6.911
 MRCHUE: Inverse mode at  37     Hk =   3.206
 MRCHUE: Inverse mode at  87     Hk =   2.500

 Side 1  free  transition at x/c =  0.5978   47
 Side 2  free  transition at x/c =  0.2623   37

   1   rms: 0.2253E+00   max: -.1498E+01   T at   37  2   RLX: 0.334
       a = -4.000      CL = -0.4831
      Cm =  0.0220     CD =  0.00949   =>   CDf =  0.00715    CDp =  0.00234

 MRCHDU: Convergence failed at  49  side 1    Res =  0.9580E+01
 Side 1  free  transition at x/c =  0.6135   48
 Side 2  free  transition at x/c =  0.2742   37

   2   rms: 0.1026E+00   max: -.9562E+00   T at   37  2   RLX: 0.523
       a = -4.000      CL = -0.4574
      Cm =  0.0165     CD =  0.00990   =>   CDf =  0.00698    CDp =  0.00291

 Side 1  free  transition at x/c =  0.6449   50
 Side 2  free  transition at x/c =  0.2943   39

   3   rms: 0.2107E+00   max: -.3481E+01   C at   50  1   RLX: 0.144
       a = -4.000      CL = -0.4515
      Cm =  0.0149     CD =  0.00904   =>   CDf =  0.00641    CDp =  0.00263

 Side 1  free  transition at x/c =  0.6435   50
 Side 2  free  transition at x/c =  0.2991   39

   4   rms: 0.9755E-01   max: -.1455E+01   C at   39  2   RLX: 0.344
       a = -4.000      CL = -0.4457
      Cm =  0.0139     CD =  0.00917   =>   CDf =  0.00656    CDp =  0.00261

 Side 1  free  transition at x/c =  0.6586   51
 Side 2  free  transition at x/c =  0.3061   40

   5   rms: 0.7958E-01   max: -.6564E+00   C at   40  2   RLX: 0.762
       a = -4.000      CL = -0.4357
      Cm =  0.0118     CD =  0.00889   =>   CDf =  0.00663    CDp =  0.00226

 Side 1  free  transition at x/c =  0.6927   55
 Side 2  free  transition at x/c =  0.3302   40

   6   rms: 0.7215E-01   max: -.1202E+01   T at    2  1   RLX: 0.416
       a = -4.000      CL = -0.4298
      Cm =  0.0104     CD =  0.00918   =>   CDf =  0.00616    CDp =  0.00301

 Side 1  free  transition at x/c =  0.6928   55
 Side 2  free  transition at x/c =  0.3352   41

   7   rms: 0.1957E-01   max: -.2160E+00   C at   41  2
       a = -4.000      CL = -0.4256
      Cm =  0.0098     CD =  0.00898   =>   CDf =  0.00610    CDp =  0.00288

 Side 1  free  transition at x/c =  0.6928   55
 Side 2  free  transition at x/c =  0.3426   41

   8   rms: 0.1669E-02   max: -.2258E-01   C at   41  2
       a = -4.000      CL = -0.4251
      Cm =  0.0097     CD =  0.00903   =>   CDf =  0.00601    CDp =  0.00302

 Side 1  free  transition at x/c =  0.6925   55
 Side 2  free  transition at x/c =  0.3429   41

   9   rms: 0.1464E-04   max: 0.2473E-03   C at   41  2
       a = -4.000      CL = -0.4251
      Cm =  0.0097     CD =  0.00903   =>   CDf =  0.00601    CDp =  0.00302
 plradd ia,ip,cpol            1           0  6.98413351E-04

 Point added to stored polar  1
 Point written to save file  mh106_Re500k.base.pol                           
 Dump file unspecified or not available
 Calculating wake trajectory ...
 Calculating source influence matrix ...

 Solving BL system ...

 Side 1  free  transition at x/c =  0.6925   55
 Side 2  free  transition at x/c =  0.3428   41

   1   rms: 0.1046E+00   max: 0.9026E+00   C at   55  1   RLX: 0.731
       a = -3.500      CL = -0.3873
      Cm =  0.0104     CD =  0.00895   =>   CDf =  0.00601    CDp =  0.00294

 Side 1  free  transition at x/c =  0.6631   53
 Side 2  free  transition at x/c =  0.3757   43

   2   rms: 0.3731E-01   max: -.4826E+00   C at   43  2
       a = -3.500      CL = -0.3742
      Cm =  0.0108     CD =  0.00877   =>   CDf =  0.00604    CDp =  0.00274

 Side 1  free  transition at x/c =  0.6535   52
 Side 2  free  transition at x/c =  0.3837   44

   3   rms: 0.1490E-01   max: -.2116E+00   C at   44  2
       a = -3.500      CL = -0.3737
      Cm =  0.0107     CD =  0.00878   =>   CDf =  0.00611    CDp =  0.00267

 Side 1  free  transition at x/c =  0.6532   52
 Side 2  free  transition at x/c =  0.3900   44

   4   rms: 0.1674E-02   max: -.2578E-01   C at   44  2
       a = -3.500      CL = -0.3736
      Cm =  0.0107     CD =  0.00880   =>   CDf =  0.00606    CDp =  0.00275

 Side 1  free  transition at x/c =  0.6532   52
 Side 2  free  transition at x/c =  0.3898   44

   5   rms: 0.1326E-04   max: 0.2428E-03   C at   44  2
       a = -3.500      CL = -0.3736
      Cm =  0.0107     CD =  0.00880   =>   CDf =  0.00605    CDp =  0.00275
 plradd ia,ip,cpol            2           0  6.98413351E-04

 Point added to stored polar  1
 Point written to save file  mh106_Re500k.base.pol                           
 Dump file unspecified or not available
 Calculating wake trajectory ...
 Calculating source influence matrix ...

 Solving BL system ...

 Side 1  free  transition at x/c =  0.6532   52
 Side 2  free  transition at x/c =  0.3898   44

   1   rms: 0.9327E-01   max: 0.6790E+00   C at   52  1
       a = -3.000      CL = -0.3198
      Cm =  0.0113     CD =  0.00872   =>   CDf =  0.00618    CDp =  0.00254

 Side 1  free  transition at x/c =  0.6181   51
 Side 2  free  transition at x/c =  0.4172   45

   2   rms: 0.2255E-01   max: -.2837E+00   C at   45  2
       a = -3.000      CL = -0.3213
      Cm =  0.0116     CD =  0.00860   =>   CDf =  0.00621    CDp =  0.00239

 Side 1  free  transition at x/c =  0.6201   51
 Side 2  free  transition at x/c =  0.4238   46

   3   rms: 0.9619E-02   max: -.1331E+00   C at   46  2
       a = -3.000      CL = -0.3212
      Cm =  0.0115     CD =  0.00860   =>   CDf =  0.00616    CDp =  0.00244

 Side 1  free  transition at x/c =  0.6190   51
 Side 2  free  transition at x/c =  0.4263   46

   4   rms: 0.6172E-03   max: -.1030E-01   D at   47  2
       a = -3.000      CL = -0.3211
      Cm =  0.0115     CD =  0.00861   =>   CDf =  0.00613    CDp =  0.00249

 Side 1  free  transition at x/c =  0.6189   51
 Side 2  free  transition at x/c =  0.4261   46

   5   rms: 0.2627E-05   max: -.4438E-04   D at   47  2
       a = -3.000      CL = -0.3211
      Cm =  0.0115     CD =  0.00861   =>   CDf =  0.00613    CDp =  0.00249
 plradd ia,ip,cpol            3           0  6.98413351E-04

 Point added to stored polar  1
 Point written to save file  mh106_Re500k.base.pol                           
 Dump file unspecified or not available
 Calculating wake trajectory ...
 Calculating source influence matrix ...

 Solving BL system ...

 Side 1  free  transition at x/c =  0.6189   51
 Side 2  free  transition at x/c =  0.4261   46

   1   rms: 0.1026E+00   max: -.8166E+00   C at   46  2   RLX: 0.612
       a = -2.500      CL = -0.2896
      Cm =  0.0121     CD =  0.00849   =>   CDf =  0.00613    CDp =  0.00236

 Side 1  free  transition at x/c =  0.6003   49
 Side 2  free  transition at x/c =  0.4423   47

   2   rms: 0.4588E-01   max: -.4464E+00   C at   47  2
       a = -2.500      CL = -0.2681
      Cm =  0.0122     CD =  0.00836   =>   CDf =  0.00624    CDp =  0.00212

 Side 1  free  transition at x/c =  0.5864   49
 Side 2  free  transition at x/c =  0.4604   48

   3   rms: 0.1184E-01   max: -.1796E+00   C at   48  2
       a = -2.500      CL = -0.2685
      Cm =  0.0123     CD =  0.00843   =>   CDf =  0.00623    CDp =  0.00220

 Side 1  free  transition at x/c =  0.5880   49
 Side 2  free  transition at x/c =  0.4651   48

   4   rms: 0.1275E-02   max: -.2268E-01   C at   48  2
       a = -2.500      CL = -0.2685
      Cm =  0.0123     CD =  0.00844   =>   CDf =  0.00618    CDp =  0.00226

 Side 1  free  transition at x/c =  0.5879   49
 Side 2  free  transition at x/c =  0.4655   48

   5   rms: 0.1093E-04   max: -.1541E-03   D at   50  2
       a = -2.500      CL = -0.2685
      Cm =  0.0123     CD =  0.00844   =>   CDf =  0.00618    CDp =  0.00226
 plradd ia,ip,cpol            4           0  6.98413351E-04

 Point added to stored polar  1
 Point written to save file  mh106_Re500k.base.pol                           
 Dump file unspecified or not available
 Calculating wake trajectory ...
 Calculating source influence matrix ...

 Solving BL system ...

 Side 1  free  transition at x/c =  0.5879   49
 Side 2  free  transition at x/c =  0.4654   48

   1   rms: 0.9324E-01   max: 0.6209E+00   C at   49  1
       a = -2.000      CL = -0.2147
      Cm =  0.0129     CD =  0.00846   =>   CDf =  0.00628    CDp =  0.00218

 Side 1  free  transition at x/c =  0.5614   48
 Side 2  free  transition at x/c =  0.5012   50

   2   rms: 0.2663E-01   max: -.3369E+00   C at   50  2
       a = -2.000      CL = -0.2163
      Cm =  0.0132     CD =  0.00823   =>   CDf =  0.00625    CDp =  0.00197

 Side 1  free  transition at x/c =  0.5603   48
 Side 2  free  transition at x/c =  0.5096   50

   3   rms: 0.2991E-02   max: -.4566E-01   C at   50  2
       a = -2.000      CL = -0.2160
      Cm =  0.0131     CD =  0.00826   =>   CDf =  0.00618    CDp =  0.00208

 Side 1  free  transition at x/c =  0.5597   48
 Side 2  free  transition at x/c =  0.5100   50

   4   rms: 0.5327E-04   max: 0.8357E-03   C at   50  2
       a = -2.000      CL = -0.2160
      Cm =  0.0131     CD =  0.00826   =>   CDf =  0.00618    CDp =  0.00208
 plradd ia,ip,cpol            5           0  0.10611227    

 Point added to stored polar  1
 Point written to save file  mh106_Re500k.base.pol                           
 Dump file unspecified or not available
 Calculating wake trajectory ...
 Calculating source influence matrix ...

 Solving BL system ...

 Side 1  free  transition at x/c =  0.5597   48
 Side 2  free  transition at x/c =  0.5100   50

   1   rms: 0.9421E-01   max: -.7192E+00   C at   50  2   RLX: 0.695
       a = -1.500      CL = -0.1787
      Cm =  0.0136     CD =  0.00825   =>   CDf =  0.00618    CDp =  0.00207

 Side 1  free  transition at x/c =  0.5439   47
 Side 2  free  transition at x/c =  0.5395   52

   2   rms: 0.3122E-01   max: -.2360E+00   D at   47  1
       a = -1.500      CL = -0.1622
      Cm =  0.0137     CD =  0.00819   =>   CDf =  0.00624    CDp =  0.00195

 Side 1  free  transition at x/c =  0.5367   46
 Side 2  free  transition at x/c =  0.5682   54

   3   rms: 0.1508E-01   max: -.2617E+00   C at   54  2
       a = -1.500      CL = -0.1642
      Cm =  0.0141     CD =  0.00803   =>   CDf =  0.00615    CDp =  0.00188

 Side 1  free  transition at x/c =  0.5358   46
 Side 2  free  transition at x/c =  0.5627   54

   4   rms: 0.1593E-02   max: -.2620E-01   C at   54  2
       a = -1.500      CL = -0.1640
      Cm =  0.0141     CD =  0.00806   =>   CDf =  0.00611    CDp =  0.00195

 Side 1  free  transition at x/c =  0.5358   46
 Side 2  free  transition at x/c =  0.5634   54

   5   rms: 0.1562E-04   max: -.3149E-03   D at   56  2
       a = -1.500      CL = -0.1640
      Cm =  0.0141     CD =  0.00806   =>   CDf =  0.00610    CDp =  0.00195
 plradd ia,ip,cpol            6           0  0.11964859    

 Point added to stored polar  1
 Point written to save file  mh106_Re500k.base.pol                           
 Dump file unspecified or not available
 Calculating wake trajectory ...
 Calculating source influence matrix ...

 Solving BL system ...

 Side 1  free  transition at x/c =  0.5358   46
 Side 2  free  transition at x/c =  0.5634   54

   1   rms: 0.1056E+00   max: -.1285E+01   C at   54  2   RLX: 0.389
       a = -1.000      CL = -0.1437
      Cm =  0.0144     CD =  0.00798   =>   CDf =  0.00617    CDp =  0.00181

 Side 1  free  transition at x/c =  0.5267   46
 Side 2  free  transition at x/c =  0.5822   54

   2   rms: 0.6731E-01   max: -.6056E+00   C at   54  2   RLX: 0.826
       a = -1.000      CL = -0.1162
      Cm =  0.0146     CD =  0.00794   =>   CDf =  0.00614    CDp =  0.00180

 Side 1  free  transition at x/c =  0.5148   46
 Side 2  free  transition at x/c =  0.6147   57

   3   rms: 0.2157E-01   max: -.3278E+00   C at   57  2
       a = -1.000      CL = -0.1126
      Cm =  0.0151     CD =  0.00785   =>   CDf =  0.00610    CDp =  0.00175

 Side 1  free  transition at x/c =  0.5148   46
 Side 2  free  transition at x/c =  0.6245   57

   4   rms: 0.2783E-02   max: -.5176E-01   C at   57  2
       a = -1.000      CL = -0.1125
      Cm =  0.0151     CD =  0.00787   =>   CDf =  0.00601    CDp =  0.00186

 Side 1  free  transition at x/c =  0.5147   46
 Side 2  free  transition at x/c =  0.6259   57

   5   rms: 0.2401E-04   max: 0.3020E-03   C at   57  2
       a = -1.000      CL = -0.1125
      Cm =  0.0151     CD =  0.00787   =>   CDf =  0.00600    CDp =  0.00187
 plradd ia,ip,cpol            7           0  0.13332716    

 Point added to stored polar  1
 Point written to save file  mh106_Re500k.base.pol                           
 Dump file unspecified or not available
 Calculating wake trajectory ...
 Calculating source influence matrix ...

 Solving BL system ...

 Side 1  free  transition at x/c =  0.5147   46
 Side 2  free  transition at x/c =  0.6259   57

   1   rms: 0.1044E+00   max: -.1209E+01   C at   57  2   RLX: 0.414
       a = -0.500      CL = -0.0910
      Cm =  0.0155     CD =  0.00786   =>   CDf =  0.00600    CDp =  0.00185

 Side 1  free  transition at x/c =  0.5076   45
 Side 2  free  transition at x/c =  0.6507   59

   2   rms: 0.6690E-01   max: -.9101E+00   C at   59  2   RLX: 0.549
       a = -0.500      CL = -0.0745
      Cm =  0.0159     CD =  0.00773   =>   CDf =  0.00596    CDp =  0.00178

 Side 1  free  transition at x/c =  0.5003   45
 Side 2  free  transition at x/c =  0.6676   60

   3   rms: 0.3203E-01   max: -.4476E+00   C at   60  2
       a = -0.500      CL = -0.0609
      Cm =  0.0162     CD =  0.00774   =>   CDf =  0.00599    CDp =  0.00174

 Side 1  free  transition at x/c =  0.4968   45
 Side 2  free  transition at x/c =  0.6906   61

   4   rms: 0.5536E-02   max: -.7724E-01   C at   61  2
       a = -0.500      CL = -0.0613
      Cm =  0.0163     CD =  0.00771   =>   CDf =  0.00590    CDp =  0.00182

 Side 1  free  transition at x/c =  0.4966   45
 Side 2  free  transition at x/c =  0.6924   61

   5   rms: 0.5734E-03   max: 0.6157E-02   D at    4  1
       a = -0.500      CL = -0.0613
      Cm =  0.0163     CD =  0.00771   =>   CDf =  0.00587    CDp =  0.00184

 Side 1  free  transition at x/c =  0.4966   45
 Side 2  free  transition at x/c =  0.6925   61

   6   rms: 0.7930E-06   max: -.8891E-05   C at   61  2
       a = -0.500      CL = -0.0613
      Cm =  0.0163     CD =  0.00771   =>   CDf =  0.00587    CDp =  0.00184
 plradd ia,ip,cpol            8           0  0.23753279    

 Point added to stored polar  1
 Point written to save file  mh106_Re500k.base.pol                           
 Dump file unspecified or not available
 Calculating wake trajectory ...
 Calculating source influence matrix ...

 Solving BL system ...

 Side 1  free  transition at x/c =  0.4966   45
 Side 2  free  transition at x/c =  0.6925   61

   1   rms: 0.1110E+00   max: -.1472E+01   C at   61  2   RLX: 0.340
       a =  0.000      CL = -0.0439
      Cm =  0.0168     CD =  0.00761   =>   CDf =  0.00587    CDp =  0.00174

 Side 1  free  transition at x/c =  0.4903   45
 Side 2  free  transition at x/c =  0.7105   62

   2   rms: 0.6768E-01   max: -.8049E+00   C at   62  2   RLX: 0.621
       a =  0.000      CL = -0.0223
      Cm =  0.0171     CD =  0.00762   =>   CDf =  0.00584    CDp =  0.00178

 Side 1  free  transition at x/c =  0.4837   45
 Side 2  free  transition at x/c =  0.7357   64

   3   rms: 0.3491E-01   max: -.5286E+00   C at   64  2   RLX: 0.946
       a =  0.000      CL = -0.0110
      Cm =  0.0176     CD =  0.00758   =>   CDf =  0.00581    CDp =  0.00177

 Side 1  free  transition at x/c =  0.4815   44
 Side 2  free  transition at x/c =  0.7521   65

   4   rms: 0.1142E-01   max: -.2021E+00   C at   65  2
       a =  0.000      CL = -0.0100
      Cm =  0.0176     CD =  0.00757   =>   CDf =  0.00576    CDp =  0.00181

 Side 1  free  transition at x/c =  0.4809   44
 Side 2  free  transition at x/c =  0.7596   65

   5   rms: 0.5482E-03   max: -.9132E-02   C at   65  2
       a =  0.000      CL = -0.0100
      Cm =  0.0176     CD =  0.00758   =>   CDf =  0.00571    CDp =  0.00187

 Side 1  free  transition at x/c =  0.4809   44
 Side 2  free  transition at x/c =  0.7597   65

   6   rms: 0.3457E-05   max: 0.5934E-04   C at   65  2
       a =  0.000      CL = -0.0100
      Cm =  0.0176     CD =  0.00758   =>   CDf =  0.00571    CDp =  0.00187
 plradd ia,ip,cpol            9           0  0.22352856    

 Point added to stored polar  1
 Point written to save file  mh106_Re500k.base.pol                           
 Dump file unspecified or not available
 Calculating wake trajectory ...
 Calculating source influence matrix ...

 Solving BL system ...

 Side 1  free  transition at x/c =  0.4809   44
 Side 2  free  transition at x/c =  0.7597   65

   1   rms: 0.9422E-01   max: -.1016E+01   C at   65  2   RLX: 0.492
       a =  0.500      CL =  0.0160
      Cm =  0.0181     CD =  0.00752   =>   CDf =  0.00572    CDp =  0.00179

 Side 1  free  transition at x/c =  0.4724   45
 Side 2  free  transition at x/c =  0.7899   66

   2   rms: 0.5760E-01   max: -.5236E+00   D at    2  1   RLX: 0.955
       a =  0.500      CL =  0.0409
      Cm =  0.0188     CD =  0.00753   =>   CDf =  0.00564    CDp =  0.00189

 Side 1  free  transition at x/c =  0.4673   44
 Side 2  free  transition at x/c =  0.8195   68

   3   rms: 0.4622E-02   max: -.5073E-01   C at   68  2
       a =  0.500      CL =  0.0423
      Cm =  0.0188     CD =  0.00751   =>   CDf =  0.00559    CDp =  0.00192

 Side 1  free  transition at x/c =  0.4669   44
 Side 2  free  transition at x/c =  0.8226   69

   4   rms: 0.3648E-02   max: -.6258E-01   C at   69  2
       a =  0.500      CL =  0.0423
      Cm =  0.0188     CD =  0.00751   =>   CDf =  0.00559    CDp =  0.00192

 Side 1  free  transition at x/c =  0.4669   44
 Side 2  free  transition at x/c =  0.8233   69

   5   rms: 0.7714E-04   max: 0.1142E-02   C at   69  2
       a =  0.500      CL =  0.0423
      Cm =  0.0188     CD =  0.00751   =>   CDf =  0.00557    CDp =  0.00194
 plradd ia,ip,cpol           10           0  0.20952894    

 Point added to stored polar  1
 Point written to save file  mh106_Re500k.base.pol                           
 Dump file unspecified or not available
 Calculating wake trajectory ...
 Calculating source influence matrix ...

 Solving BL system ...

 Side 1  free  transition at x/c =  0.4669   44
 Side 2  free  transition at x/c =  0.8232   69

   1   rms: 0.1031E+00   max: -.1171E+01   C at   69  2   RLX: 0.427
       a =  1.000      CL =  0.0658
      Cm =  0.0191     CD =  0.00744   =>   CDf =  0.00557    CDp =  0.00187

 Side 1  free  transition at x/c =  0.4607   44
 Side 2  free  transition at x/c =  0.8410   70

   2   rms: 0.5403E-01   max: -.5270E+00   C at   70  2   RLX: 0.949
       a =  1.000      CL =  0.0949
      Cm =  0.0196     CD =  0.00748   =>   CDf =  0.00554    CDp =  0.00194

 Side 1  free  transition at x/c =  0.4541   45
 Side 2  free  transition at x/c =  0.8725   71

   3   rms: 0.1332E-01   max: -.1413E+00   D at    2  1
       a =  1.000      CL =  0.0986
      Cm =  0.0192     CD =  0.00754   =>   CDf =  0.00550    CDp =  0.00204

 Side 1  free  transition at x/c =  0.4543   45
 Side 2  free  transition at x/c =  0.8779   71

   4   rms: 0.1700E-02   max: -.2589E-01   C at   71  2
       a =  1.000      CL =  0.0983
      Cm =  0.0193     CD =  0.00755   =>   CDf =  0.00548    CDp =  0.00207

 Side 1  free  transition at x/c =  0.4543   45
 Side 2  free  transition at x/c =  0.8788   71

   5   rms: 0.1344E-04   max: -.1622E-03   D at   74  2
       a =  1.000      CL =  0.0983
      Cm =  0.0193     CD =  0.00755   =>   CDf =  0.00547    CDp =  0.00208
 plradd ia,ip,cpol           11           0  0.19555408    

 Point added to stored polar  1
 Point written to save file  mh106_Re500k.base.pol                           
 Dump file unspecified or not available
 Calculating wake trajectory ...
 Calculating source influence matrix ...

 Solving BL system ...

 Side 1  free  transition at x/c =  0.4543   45
 Side 2  free  transition at x/c =  0.8788   71

   1   rms: 0.8731E-01   max: -.4792E+00   C at   71  2
       a =  1.500      CL =  0.1526
      Cm =  0.0200     CD =  0.00779   =>   CDf =  0.00547    CDp =  0.00232

 Side 1  free  transition at x/c =  0.4439   44
 Side 2  free  transition at x/c =  0.9197   74

   2   rms: 0.2458E-01   max: -.2446E+00   D at   44  1
       a =  1.500      CL =  0.1627
      Cm =  0.0180     CD =  0.00766   =>   CDf =  0.00543    CDp =  0.00223

 Side 1  free  transition at x/c =  0.4426   44
 Side 2  free  transition at x/c =  0.9195   74

   3   rms: 0.1699E-02   max: -.1612E-01   D at   45  1
       a =  1.500      CL =  0.1630
      Cm =  0.0179     CD =  0.00771   =>   CDf =  0.00542    CDp =  0.00229

 Side 1  free  transition at x/c =  0.4422   44
 Side 2  free  transition at x/c =  0.9189   74

   4   rms: 0.3116E-04   max: -.4797E-03   D at   45  1
       a =  1.500      CL =  0.1630
      Cm =  0.0179     CD =  0.00771   =>   CDf =  0.00543    CDp =  0.00228
 plradd ia,ip,cpol           12           0  0.16777205    

 Point added to stored polar  1
 Point written to save file  mh106_Re500k.base.pol                           
 Dump file unspecified or not available
 Calculating wake trajectory ...
 Calculating source influence matrix ...

 Solving BL system ...

 Side 1  free  transition at x/c =  0.4422   44
 Side 2  free  transition at x/c =  0.9189   74

   1   rms: 0.9191E-01   max: 0.2791E+00   D at   76  2
       a =  2.000      CL =  0.2291
      Cm =  0.0161     CD =  0.00799   =>   CDf =  0.00541    CDp =  0.00257

 Side 1  free  transition at x/c =  0.4320   44
 Side 2  free  transition at x/c =  0.9430   75

   2   rms: 0.1641E-01   max: -.1701E+00   D at   44  1
       a =  2.000      CL =  0.2333
      Cm =  0.0152     CD =  0.00796   =>   CDf =  0.00548    CDp =  0.00248

 Side 1  free  transition at x/c =  0.4307   44
 Side 2  free  transition at x/c =  0.9437   75

   3   rms: 0.5281E-03   max: -.6311E-02   D at   45  1
       a =  2.000      CL =  0.2332
      Cm =  0.0152     CD =  0.00798   =>   CDf =  0.00546    CDp =  0.00252

 Side 1  free  transition at x/c =  0.4307   44
 Side 2  free  transition at x/c =  0.9437   75

   4   rms: 0.2225E-05   max: 0.1558E-04   C at   44  1
       a =  2.000      CL =  0.2332
      Cm =  0.0152     CD =  0.00798   =>   CDf =  0.00546    CDp =  0.00252
 plradd ia,ip,cpol           13           0  0.14036226    

 Point added to stored polar  1
 Point written to save file  mh106_Re500k.base.pol                           
 Dump file unspecified or not available
 Calculating wake trajectory ...
 Calculating source influence matrix ...

 Solving BL system ...

 Side 1  free  transition at x/c =  0.4307   44
 Side 2  free  transition at x/c =  0.9437   75

   1   rms: 0.9553E-01   max: 0.2813E+00   D at   77  2
       a =  2.500      CL =  0.3098
      Cm =  0.0111     CD =  0.00826   =>   CDf =  0.00543    CDp =  0.00283

 Side 1  free  transition at x/c =  0.4192   44
 Side 2  free  transition at x/c =  0.9544   75

   2   rms: 0.3021E-01   max: -.1887E+00   D at   77  2
       a =  2.500      CL =  0.3064
      Cm =  0.0118     CD =  0.00825   =>   CDf =  0.00555    CDp =  0.00271

 Side 1  free  transition at x/c =  0.4195   44
 Side 2  free  transition at x/c =  0.9583   75

   3   rms: 0.3767E-02   max: -.3084E-01   D at   76  2
       a =  2.500      CL =  0.3061
      Cm =  0.0119     CD =  0.00829   =>   CDf =  0.00551    CDp =  0.00278

 Side 1  free  transition at x/c =  0.4193   44
 Side 2  free  transition at x/c =  0.9589   75

   4   rms: 0.9736E-04   max: 0.1033E-02   D at   77  2
       a =  2.500      CL =  0.3061
      Cm =  0.0119     CD =  0.00829   =>   CDf =  0.00551    CDp =  0.00278
 plradd ia,ip,cpol           14           0  0.12684458    

 Point added to stored polar  1
 Point written to save file  mh106_Re500k.base.pol                           
 Dump file unspecified or not available
 Calculating wake trajectory ...
 Calculating source influence matrix ...

 Solving BL system ...

 Side 1  free  transition at x/c =  0.4193   44
 Side 2  free  transition at x/c =  0.9589   75

   1   rms: 0.9468E-01   max: 0.2261E+00   D at   77  2
       a =  3.000      CL =  0.3858
      Cm =  0.0071     CD =  0.00853   =>   CDf =  0.00551    CDp =  0.00302

 Side 1  free  transition at x/c =  0.4071   43
 Side 2  free  transition at x/c =  0.9663   75

   2   rms: 0.2750E-01   max: -.2109E+00   T at   75  2
       a =  3.000      CL =  0.3676
      Cm =  0.0109     CD =  0.00865   =>   CDf =  0.00562    CDp =  0.00304

 Side 1  free  transition at x/c =  0.4091   43
 Side 2  free  transition at x/c =  0.9795   76

   3   rms: 0.3935E-01   max: 0.4325E+00   D at   78  2
       a =  3.000      CL =  0.3803
      Cm =  0.0082     CD =  0.00855   =>   CDf =  0.00560    CDp =  0.00295

 Side 1  free  transition at x/c =  0.4085   43
 Side 2  free  transition at x/c =  0.9697   76

   4   rms: 0.4168E-02   max: -.5192E-01   D at   76  2
       a =  3.000      CL =  0.3796
      Cm =  0.0083     CD =  0.00862   =>   CDf =  0.00559    CDp =  0.00303

 Side 1  free  transition at x/c =  0.4085   43
 Side 2  free  transition at x/c =  0.9705   76

   5   rms: 0.1137E-03   max: 0.9344E-03   D at   78  2
       a =  3.000      CL =  0.3796
      Cm =  0.0083     CD =  0.00862   =>   CDf =  0.00559    CDp =  0.00303

 Side 1  free  transition at x/c =  0.4085   43
 Side 2  free  transition at x/c =  0.9705   76

   6   rms: 0.1031E-05   max: 0.7628E-05   D at    4  2
       a =  3.000      CL =  0.3796
      Cm =  0.0083     CD =  0.00862   =>   CDf =  0.00559    CDp =  0.00303
 plradd ia,ip,cpol           15           0  8.74871761E-02

 Point added to stored polar  1
 Point written to save file  mh106_Re500k.base.pol                           
 Dump file unspecified or not available
 Calculating wake trajectory ...
 Calculating source influence matrix ...

 Solving BL system ...

 Side 1  free  transition at x/c =  0.4085   43
 Side 2  free  transition at x/c =  0.9705   76

   1   rms: 0.9591E-01   max: 0.1801E+00   D at   77  2
       a =  3.500      CL =  0.4627
      Cm =  0.0027     CD =  0.00873   =>   CDf =  0.00552    CDp =  0.00321

 Side 1  free  transition at x/c =  0.3946   43
 Side 2  free  transition at x/c =  0.9756   75

   2   rms: 0.2581E-01   max: -.3015E+00   D at   44  1
       a =  3.500      CL =  0.4561
      Cm =  0.0039     CD =  0.00894   =>   CDf =  0.00567    CDp =  0.00327

 Side 1  free  transition at x/c =  0.3974   44
 Side 2  free  transition at x/c =  0.9793   75

   3   rms: 0.4468E-02   max: 0.8175E-01   D at   44  1
       a =  3.500      CL =  0.4559
      Cm =  0.0040     CD =  0.00885   =>   CDf =  0.00561    CDp =  0.00324

 Side 1  free  transition at x/c =  0.3970   44
 Side 2  free  transition at x/c =  0.9797   75

   4   rms: 0.4538E-03   max: 0.4922E-02   D at   44  1
       a =  3.500      CL =  0.4559
      Cm =  0.0040     CD =  0.00884   =>   CDf =  0.00559    CDp =  0.00325

 Side 1  free  transition at x/c =  0.3969   44
 Side 2  free  transition at x/c =  0.9797   75

   5   rms: 0.2143E-05   max: -.1989E-04   T at   75  2
       a =  3.500      CL =  0.4559
      Cm =  0.0040     CD =  0.00884   =>   CDf =  0.00559    CDp =  0.00325
 plradd ia,ip,cpol           16           0  7.49932155E-02

 Point added to stored polar  1
 Point written to save file  mh106_Re500k.base.pol                           
 Dump file unspecified or not available
 Calculating wake trajectory ...
 Calculating source influence matrix ...

 Solving BL system ...

 Side 1  free  transition at x/c =  0.3969   44
 Side 2  free  transition at x/c =  0.9797   75

   1   rms: 0.8931E-01   max: 0.3570E+00   C at   75  2
       a =  4.000      CL =  0.5206
      Cm =  0.0022     CD =  0.00927   =>   CDf =  0.00551    CDp =  0.00377

 Side 1  free  transition at x/c =  0.3857   44
 Side 2  free  transition at x/c =  0.9935   75

   2   rms: 0.3572E-01   max: 0.3349E+00   D at   76  2
       a =  4.000      CL =  0.5348
      Cm = -0.0009     CD =  0.00889   =>   CDf =  0.00560    CDp =  0.00329

 Side 1  free  transition at x/c =  0.3845   44
 Side 2  free  transition at x/c =  0.9866   75

   3   rms: 0.2276E-02   max: -.2642E-01   D at   76  2
       a =  4.000      CL =  0.5342
      Cm = -0.0007     CD =  0.00901   =>   CDf =  0.00557    CDp =  0.00344

 Side 1  free  transition at x/c =  0.3843   44
 Side 2  free  transition at x/c =  0.9870   75

   4   rms: 0.2611E-04   max: -.5018E-03   D at   45  1
       a =  4.000      CL =  0.5342
      Cm = -0.0007     CD =  0.00901   =>   CDf =  0.00558    CDp =  0.00343
 plradd ia,ip,cpol           17           0  5.16629927E-02

 Point added to stored polar  1
 Point written to save file  mh106_Re500k.base.pol                           
 Dump file unspecified or not available
 Calculating wake trajectory ...
 Calculating source influence matrix ...

 Solving BL system ...

 Side 1  free  transition at x/c =  0.3843   44
 Side 2  free  transition at x/c =  0.9870   75

   1   rms: 0.9342E-01   max: -.2095E+00   T at   75  2
       a =  4.500      CL =  0.6118
      Cm = -0.0055     CD =  0.00922   =>   CDf =  0.00547    CDp =  0.00376

 Side 1  free  transition at x/c =  0.3723   44
 Side 2  free  transition at x/c =  0.9940   75

   2   rms: 0.2215E-01   max: -.2108E+00   D at   44  1
       a =  4.500      CL =  0.6110
      Cm = -0.0053     CD =  0.00914   =>   CDf =  0.00557    CDp =  0.00357

 Side 1  free  transition at x/c =  0.3714   44
 Side 2  free  transition at x/c =  0.9949   75

   3   rms: 0.1331E-02   max: -.1346E-01   D at   45  1
       a =  4.500      CL =  0.6111
      Cm = -0.0053     CD =  0.00917   =>   CDf =  0.00555    CDp =  0.00362

 Side 1  free  transition at x/c =  0.3712   44
 Side 2  free  transition at x/c =  0.9947   75

   4   rms: 0.1100E-04   max: -.1260E-03   D at   45  1
       a =  4.500      CL =  0.6111
      Cm = -0.0053     CD =  0.00917   =>   CDf =  0.00555    CDp =  0.00362
 plradd ia,ip,cpol           18           0  4.12404016E-02

 Point added to stored polar  1
 Point written to save file  mh106_Re500k.base.pol                           
 Dump file unspecified or not available
 Calculating wake trajectory ...
 Calculating source influence matrix ...

 Solving BL system ...

 Side 1  free  transition at x/c =  0.3712   44
 Side 2  free  transition at x/c =  0.9947   75

   1   rms: 0.9476E-01   max: -.2595E+00   T at   75  2
       a =  5.000      CL =  0.6924
      Cm = -0.0109     CD =  0.00925   =>   CDf =  0.00555    CDp =  0.00370

 Side 1  free  transition at x/c =  0.3563   43
 Side 2 forced transition at x/c =  1.0000   75

   2   rms: 0.2683E-01   max: -.2623E+00   D at   43  1
       a =  5.000      CL =  0.6850
      Cm = -0.0094     CD =  0.00924   =>   CDf =  0.00556    CDp =  0.00368

 Side 1  free  transition at x/c =  0.3577   43
 Side 2 forced transition at x/c =  1.0000   75

   3   rms: 0.2024E-02   max: 0.2142E-01   C at   43  1
       a =  5.000      CL =  0.6852
      Cm = -0.0094     CD =  0.00926   =>   CDf =  0.00551    CDp =  0.00375

 Side 1  free  transition at x/c =  0.3571   43
 Side 2 forced transition at x/c =  1.0000   75

   4   rms: 0.4072E-04   max: -.6253E-03   D at   44  1
       a =  5.000      CL =  0.6852
      Cm = -0.0094     CD =  0.00926   =>   CDf =  0.00552    CDp =  0.00374
 plradd ia,ip,cpol           19           0  3.20119374E-02

 Point added to stored polar  1
 Point written to save file  mh106_Re500k.base.pol                           
 Dump file unspecified or not available
 Calculating wake trajectory ...
 Calculating source influence matrix ...

 Solving BL system ...

 Side 1  free  transition at x/c =  0.3571   43
 Side 2 forced transition at x/c =  1.0000   75

   1   rms: 0.7536E-01   max: -.1468E+00   D at   67  2
       a =  5.500      CL =  0.7317
      Cm = -0.0078     CD =  0.00940   =>   CDf =  0.00537    CDp =  0.00403

 Side 1  free  transition at x/c =  0.3428   43
 Side 2 forced transition at x/c =  1.0000   74

   2   rms: 0.2055E-01   max: -.2277E+00   D at   43  1
       a =  5.500      CL =  0.7318
      Cm = -0.0078     CD =  0.00936   =>   CDf =  0.00552    CDp =  0.00384

 Side 1  free  transition at x/c =  0.3439   43
 Side 2 forced transition at x/c =  1.0000   74

   3   rms: 0.1782E-02   max: 0.2012E-01   C at   43  1
       a =  5.500      CL =  0.7319
      Cm = -0.0078     CD =  0.00938   =>   CDf =  0.00546    CDp =  0.00392

 Side 1  free  transition at x/c =  0.3434   43
 Side 2 forced transition at x/c =  1.0000   74

   4   rms: 0.2366E-04   max: -.3240E-03   D at   44  1
       a =  5.500      CL =  0.7319
      Cm = -0.0078     CD =  0.00938   =>   CDf =  0.00547    CDp =  0.00391
 plradd ia,ip,cpol           20           0  2.42651850E-02

 Point added to stored polar  1
 Point written to save file  mh106_Re500k.base.pol                           
 Dump file unspecified or not available
 Calculating wake trajectory ...
 Calculating source influence matrix ...

 Solving BL system ...

 Side 1  free  transition at x/c =  0.3434   43
 Side 2 forced transition at x/c =  1.0000   74

   1   rms: 0.7572E-01   max: 0.2749E+00   T at   43  1
       a =  6.000      CL =  0.7788
      Cm = -0.0063     CD =  0.00952   =>   CDf =  0.00547    CDp =  0.00405

 Side 1  free  transition at x/c =  0.3267   42
 Side 2 forced transition at x/c =  1.0000   74

   2   rms: 0.2107E-01   max: -.2584E+00   D at   42  1
       a =  6.000      CL =  0.7788
      Cm = -0.0062     CD =  0.00951   =>   CDf =  0.00547    CDp =  0.00404

 Side 1  free  transition at x/c =  0.3283   42
 Side 2 forced transition at x/c =  1.0000   74

   3   rms: 0.2725E-02   max: 0.3587E-01   C at   42  1
       a =  6.000      CL =  0.7788
      Cm = -0.0062     CD =  0.00954   =>   CDf =  0.00541    CDp =  0.00413

 Side 1  free  transition at x/c =  0.3275   42
 Side 2 forced transition at x/c =  1.0000   74

   4   rms: 0.5718E-04   max: -.8167E-03   D at   43  1
       a =  6.000      CL =  0.7788
      Cm = -0.0062     CD =  0.00954   =>   CDf =  0.00543    CDp =  0.00412
 plradd ia,ip,cpol           21           0  1.80575270E-02

 Point added to stored polar  1
 Point written to save file  mh106_Re500k.base.pol                           
 Dump file unspecified or not available
 Calculating wake trajectory ...
 Calculating source influence matrix ...

 Solving BL system ...

 Side 1  free  transition at x/c =  0.3275   42
 Side 2 forced transition at x/c =  1.0000   74

   1   rms: 0.7727E-01   max: -.3459E+00   D at   42  1
       a =  6.500      CL =  0.8256
      Cm = -0.0046     CD =  0.00976   =>   CDf =  0.00524    CDp =  0.00452

 Side 1  free  transition at x/c =  0.3066   41
 Side 2 forced transition at x/c =  1.0000   73

   2   rms: 0.1278E-01   max: 0.1991E+00   D at   42  1
       a =  6.500      CL =  0.8254
      Cm = -0.0046     CD =  0.00979   =>   CDf =  0.00543    CDp =  0.00436

 Side 1  free  transition at x/c =  0.3080   42
 Side 2 forced transition at x/c =  1.0000   73

   3   rms: 0.7715E-03   max: -.1064E-01   D at   41  1
       a =  6.500      CL =  0.8254
      Cm = -0.0046     CD =  0.00979   =>   CDf =  0.00541    CDp =  0.00438

 Side 1  free  transition at x/c =  0.3077   41
 Side 2 forced transition at x/c =  1.0000   73

   4   rms: 0.2190E-03   max: -.3933E-02   C at   41  1
       a =  6.500      CL =  0.8255
      Cm = -0.0046     CD =  0.00978   =>   CDf =  0.00541    CDp =  0.00437

 Side 1  free  transition at x/c =  0.3077   41
 Side 2 forced transition at x/c =  1.0000   73

   5   rms: 0.7571E-06   max: -.4064E-05   D at   42  1
       a =  6.500      CL =  0.8255
      Cm = -0.0046     CD =  0.00978   =>   CDf =  0.00541    CDp =  0.00438
 plradd ia,ip,cpol           22           0  9.53733362E-03

 Point added to stored polar  1
 Point written to save file  mh106_Re500k.base.pol                           
 Dump file unspecified or not available
 Calculating wake trajectory ...
 Calculating source influence matrix ...

 Solving BL system ...

 Side 1  free  transition at x/c =  0.3077   41
 Side 2 forced transition at x/c =  1.0000   73

   1   rms: 0.7609E-01   max: -.3539E+00   C at   41  1
       a =  7.000      CL =  0.8746
      Cm = -0.0033     CD =  0.00985   =>   CDf =  0.00541    CDp =  0.00445

 Side 1  free  transition at x/c =  0.2739   39
 Side 2 forced transition at x/c =  1.0000   73

   2   rms: 0.1581E-01   max: -.2230E+00   C at   39  1
       a =  7.000      CL =  0.8720
      Cm = -0.0030     CD =  0.01008   =>   CDf =  0.00545    CDp =  0.00464

 Side 1  free  transition at x/c =  0.2807   40
 Side 2 forced transition at x/c =  1.0000   73

   3   rms: 0.2510E-02   max: 0.3235E-01   C at   40  1
       a =  7.000      CL =  0.8720
      Cm = -0.0030     CD =  0.01010   =>   CDf =  0.00539    CDp =  0.00471

 Side 1  free  transition at x/c =  0.2795   39
 Side 2 forced transition at x/c =  1.0000   73

   4   rms: 0.4677E-04   max: -.7965E-03   D at   41  1
       a =  7.000      CL =  0.8720
      Cm = -0.0030     CD =  0.01010   =>   CDf =  0.00540    CDp =  0.00470
 plradd ia,ip,cpol           23           0  2.75825132E-05

 Point added to stored polar  1
 Point written to save file  mh106_Re500k.base.pol                           
 Dump file unspecified or not available
 Calculating wake trajectory ...
 Calculating source influence matrix ...

 Solving BL system ...

 Side 1  free  transition at x/c =  0.2795   39
 Side 2 forced transition at x/c =  1.0000   73

   1   rms: 0.7544E-01   max: -.2673E+00   D at   39  1
       a =  7.500      CL =  0.9203
      Cm = -0.0016     CD =  0.01031   =>   CDf =  0.00518    CDp =  0.00512

 Side 1  free  transition at x/c =  0.2324   37
 Side 2 forced transition at x/c =  1.0000   72

   2   rms: 0.1831E-01   max: -.2596E+00   C at   37  1
       a =  7.500      CL =  0.9163
      Cm = -0.0012     CD =  0.01067   =>   CDf =  0.00554    CDp =  0.00513

 Side 1  free  transition at x/c =  0.2386   38
 Side 2 forced transition at x/c =  1.0000   72

   3   rms: 0.1843E-02   max: -.2642E-01   D at   37  1
       a =  7.500      CL =  0.9162
      Cm = -0.0012     CD =  0.01068   =>   CDf =  0.00549    CDp =  0.00519

 Side 1  free  transition at x/c =  0.2381   38
 Side 2 forced transition at x/c =  1.0000   72

   4   rms: 0.4095E-04   max: 0.6388E-03   C at   38  1
       a =  7.500      CL =  0.9162
      Cm = -0.0012     CD =  0.01068   =>   CDf =  0.00549    CDp =  0.00519
 plradd ia,ip,cpol           24           0  2.75825132E-05

 Point added to stored polar  1
 Point written to save file  mh106_Re500k.base.pol                           
 Dump file unspecified or not available
 Calculating wake trajectory ...
 Calculating source influence matrix ...

 Solving BL system ...

 Side 1  free  transition at x/c =  0.2381   38
 Side 2 forced transition at x/c =  1.0000   72

   1   rms: 0.1137E+00   max: 0.1195E+01   C at   38  1   RLX: 0.636
       a =  8.000      CL =  0.9415
      Cm =  0.0003     CD =  0.01137   =>   CDf =  0.00549    CDp =  0.00588

 Side 1  free  transition at x/c =  0.2074   35
 Side 2 forced transition at x/c =  1.0000   72

   2   rms: 0.3361E-01   max: -.1960E+00   D at   35  1
       a =  8.000      CL =  0.9587
      Cm =  0.0009     CD =  0.01148   =>   CDf =  0.00561    CDp =  0.00587

 Side 1  free  transition at x/c =  0.1886   34
 Side 2 forced transition at x/c =  1.0000   72

   3   rms: 0.6962E-02   max: -.1225E+00   C at   34  1
       a =  8.000      CL =  0.9574
      Cm =  0.0010     CD =  0.01160   =>   CDf =  0.00567    CDp =  0.00593

 Side 1  free  transition at x/c =  0.1911   34
 Side 2 forced transition at x/c =  1.0000   72

   4   rms: 0.1383E-03   max: -.2132E-02   D at   36  1
       a =  8.000      CL =  0.9573
      Cm =  0.0010     CD =  0.01160   =>   CDf =  0.00565    CDp =  0.00595

 Side 1  free  transition at x/c =  0.1911   34
 Side 2 forced transition at x/c =  1.0000   72

   5   rms: 0.7855E-06   max: -.8659E-05   C at   34  1
       a =  8.000      CL =  0.9573
      Cm =  0.0010     CD =  0.01160   =>   CDf =  0.00565    CDp =  0.00595
 plradd ia,ip,cpol           25           0  2.75825132E-05

 Point added to stored polar  1
 Point written to save file  mh106_Re500k.base.pol                           
 Dump file unspecified or not available
 Calculating wake trajectory ...
 Calculating source influence matrix ...

 Solving BL system ...

 Side 1  free  transition at x/c =  0.1911   34
 Side 2 forced transition at x/c =  1.0000   72

   1   rms: 0.1040E+00   max: 0.1393E+01   C at   34  1   RLX: 0.923
       a =  8.500      CL =  0.9954
      Cm =  0.0030     CD =  0.01247   =>   CDf =  0.00565    CDp =  0.00682

 Side 1  free  transition at x/c =  0.1525   31
 Side 2 forced transition at x/c =  1.0000   72

   2   rms: 0.1677E-01   max: -.1929E+00   C at   31  1
       a =  8.500      CL =  0.9969
      Cm =  0.0034     CD =  0.01265   =>   CDf =  0.00582    CDp =  0.00683

 Side 1  free  transition at x/c =  0.1516   31
 Side 2 forced transition at x/c =  1.0000   72

   3   rms: 0.1478E-02   max: 0.2944E-01   C at   31  1
       a =  8.500      CL =  0.9967
      Cm =  0.0034     CD =  0.01267   =>   CDf =  0.00579    CDp =  0.00688

 Side 1  free  transition at x/c =  0.1510   31
 Side 2 forced transition at x/c =  1.0000   72

   4   rms: 0.9886E-05   max: -.1732E-03   C at   31  1
       a =  8.500      CL =  0.9967
      Cm =  0.0034     CD =  0.01267   =>   CDf =  0.00580    CDp =  0.00687
 plradd ia,ip,cpol           26           0  2.75825132E-05

 Point added to stored polar  1
 Point written to save file  mh106_Re500k.base.pol                           
 Dump file unspecified or not available
 Calculating wake trajectory ...
 Calculating source influence matrix ...

 Solving BL system ...

 Side 1  free  transition at x/c =  0.1510   31
 Side 2 forced transition at x/c =  1.0000   72

   1   rms: 0.9017E-01   max: 0.9819E+00   C at   31  1
       a =  9.000      CL =  1.0380
      Cm =  0.0056     CD =  0.01357   =>   CDf =  0.00555    CDp =  0.00802

 Side 1  free  transition at x/c =  0.1161   30
 Side 2 forced transition at x/c =  1.0000   71

   2   rms: 0.2093E-01   max: -.2314E+00   D at   30  1
       a =  9.000      CL =  1.0352
      Cm =  0.0059     CD =  0.01377   =>   CDf =  0.00590    CDp =  0.00787

 Side 1  free  transition at x/c =  0.1187   30
 Side 2 forced transition at x/c =  1.0000   71

   3   rms: 0.2782E-02   max: 0.4181E-01   C at   30  1
       a =  9.000      CL =  1.0348
      Cm =  0.0059     CD =  0.01380   =>   CDf =  0.00588    CDp =  0.00792

 Side 1  free  transition at x/c =  0.1178   30
 Side 2 forced transition at x/c =  1.0000   71

   4   rms: 0.3346E-04   max: -.4276E-03   D at   31  1
       a =  9.000      CL =  1.0348
      Cm =  0.0059     CD =  0.01380   =>   CDf =  0.00589    CDp =  0.00791
 plradd ia,ip,cpol           27           0  2.75825132E-05

 Point added to stored polar  1
 Point written to save file  mh106_Re500k.base.pol                           
 Dump file unspecified or not available
 Calculating wake trajectory ...
 Calculating source influence matrix ...

 Solving BL system ...

 Side 1  free  transition at x/c =  0.1178   30
 Side 2 forced transition at x/c =  1.0000   71

   1   rms: 0.1031E+00   max: 0.9248E+00   C at   30  1   RLX: 0.649
       a =  9.500      CL =  1.0575
      Cm =  0.0078     CD =  0.01472   =>   CDf =  0.00589    CDp =  0.00883

 Side 1  free  transition at x/c =  0.1002   28
 Side 2 forced transition at x/c =  1.0000   71

   2   rms: 0.3237E-01   max: -.2545E+00   C at   28  1
       a =  9.500      CL =  1.0731
      Cm =  0.0084     CD =  0.01486   =>   CDf =  0.00598    CDp =  0.00888

 Side 1  free  transition at x/c =  0.0913   28
 Side 2 forced transition at x/c =  1.0000   71

   3   rms: 0.3191E-02   max: 0.3330E-01   D at   29  1
       a =  9.500      CL =  1.0715
      Cm =  0.0086     CD =  0.01497   =>   CDf =  0.00597    CDp =  0.00900

 Side 1  free  transition at x/c =  0.0918   28
 Side 2 forced transition at x/c =  1.0000   71

   4   rms: 0.5124E-04   max: -.8501E-03   D at   29  1
       a =  9.500      CL =  1.0715
      Cm =  0.0086     CD =  0.01497   =>   CDf =  0.00596    CDp =  0.00901
 plradd ia,ip,cpol           28           0  2.75825132E-05

 Point added to stored polar  1
 Point written to save file  mh106_Re500k.base.pol                           
 Dump file unspecified or not available
 Calculating wake trajectory ...
 Calculating source influence matrix ...

 Solving BL system ...

 Side 1  free  transition at x/c =  0.0918   28
 Side 2 forced transition at x/c =  1.0000   71

   1   rms: 0.9502E-01   max: -.7200E+00   D at   28  1   RLX: 0.694
       a = 10.000      CL =  1.0949
      Cm =  0.0107     CD =  0.01599   =>   CDf =  0.00596    CDp =  0.01002

 Side 1  free  transition at x/c =  0.0775   27
 Side 2 forced transition at x/c =  1.0000   71

   2   rms: 0.3241E-01   max: -.3133E+00   D at   28  1
       a = 10.000      CL =  1.1053
      Cm =  0.0115     CD =  0.01634   =>   CDf =  0.00602    CDp =  0.01032

 Side 1  free  transition at x/c =  0.0714   26
 Side 2 forced transition at x/c =  1.0000   71

   3   rms: 0.7677E-02   max: -.9242E-01   D at   26  1
       a = 10.000      CL =  1.1066
      Cm =  0.0114     CD =  0.01618   =>   CDf =  0.00598    CDp =  0.01020

 Side 1  free  transition at x/c =  0.0715   26
 Side 2 forced transition at x/c =  1.0000   71

   4   rms: 0.2904E-03   max: 0.4964E-02   C at   26  1
       a = 10.000      CL =  1.1065
      Cm =  0.0114     CD =  0.01620   =>   CDf =  0.00599    CDp =  0.01020

 Side 1  free  transition at x/c =  0.0714   26
 Side 2 forced transition at x/c =  1.0000   71

   5   rms: 0.1533E-05   max: -.6176E-05   D at   27  1
       a = 10.000      CL =  1.1065
      Cm =  0.0114     CD =  0.01620   =>   CDf =  0.00599    CDp =  0.01020
 plradd ia,ip,cpol           29           0  2.75825132E-05

 Point added to stored polar  1
 Point written to save file  mh106_Re500k.base.pol                           
 Dump file unspecified or not available

.OPERva   c>  
 Solving BL system ...

 Side 1  free  transition at x/c =  0.0714   26
 Side 2 forced transition at x/c =  1.0000   71

   1   rms: 0.3588E-06   max: 0.1801E-05   C at   26  1
       a = 10.000      CL =  1.1065
      Cm =  0.0114     CD =  0.01620   =>   CDf =  0.00599    CDp =  0.01020
 plradd ia,ip,cpol           30         182  2.75825132E-05

 Point added to stored polar  1
 Point written to save file  mh106_Re500k.base.pol                           
 Dump file unspecified or not available
 Calculating wake trajectory ...
 Calculating source influence matrix ...

 Solving BL system ...

 Side 1  free  transition at x/c =  0.0714   26
 Side 2 forced transition at x/c =  1.0000   71

   1   rms: 0.3979E-01   max: -.2231E+00   D at   26  1
       a = 10.250      CL =  1.1244
      Cm =  0.0128     CD =  0.01679   =>   CDf =  0.00572    CDp =  0.01107

 Side 1  free  transition at x/c =  0.0623   26
 Side 2 forced transition at x/c =  1.0000   70

   2   rms: 0.5427E-02   max: -.6462E-01   C at   26  1
       a = 10.250      CL =  1.1221
      Cm =  0.0130     CD =  0.01691   =>   CDf =  0.00601    CDp =  0.01091

 Side 1  free  transition at x/c =  0.0625   26
 Side 2 forced transition at x/c =  1.0000   70

   3   rms: 0.7269E-03   max: -.8637E-02   D at    4  1
       a = 10.250      CL =  1.1220
      Cm =  0.0130     CD =  0.01692   =>   CDf =  0.00601    CDp =  0.01091

 Side 1  free  transition at x/c =  0.0625   26
 Side 2 forced transition at x/c =  1.0000   70

   4   rms: 0.5913E-06   max: 0.6215E-05   C at   26  1
       a = 10.250      CL =  1.1220
      Cm =  0.0130     CD =  0.01692   =>   CDf =  0.00601    CDp =  0.01091
 plradd ia,ip,cpol           31           0  2.75825132E-05

 Point added to stored polar  1
 Point written to save file  mh106_Re500k.base.pol                           
 Dump file unspecified or not available
 Calculating wake trajectory ...
 Calculating source influence matrix ...

 Solving BL system ...

 Side 1  free  transition at x/c =  0.0625   26
 Side 2 forced transition at x/c =  1.0000   70

   1   rms: 0.3710E-01   max: -.2061E+00   C at   26  1
       a = 10.500      CL =  1.1418
      Cm =  0.0142     CD =  0.01733   =>   CDf =  0.00601    CDp =  0.01133

 Side 1  free  transition at x/c =  0.0544   26
 Side 2 forced transition at x/c =  1.0000   70

   2   rms: 0.4729E-02   max: 0.2386E-01   D at   27  1
       a = 10.500      CL =  1.1382
      Cm =  0.0146     CD =  0.01755   =>   CDf =  0.00600    CDp =  0.01155

 Side 1  free  transition at x/c =  0.0549   26
 Side 2 forced transition at x/c =  1.0000   70

   3   rms: 0.7755E-04   max: -.7404E-03   D at   27  1
       a = 10.500      CL =  1.1382
      Cm =  0.0146     CD =  0.01756   =>   CDf =  0.00600    CDp =  0.01156
 plradd ia,ip,cpol           32           0  2.75825132E-05

 Point added to stored polar  1
 Point written to save file  mh106_Re500k.base.pol                           
 Dump file unspecified or not available
 Calculating wake trajectory ...
 Calculating source influence matrix ...

 Solving BL system ...

 Side 1  free  transition at x/c =  0.0549   26
 Side 2 forced transition at x/c =  1.0000   70

   1   rms: 0.4566E-01   max: -.3653E+00   D at   26  1
       a = 10.750      CL =  1.1514
      Cm =  0.0164     CD =  0.01846   =>   CDf =  0.00600    CDp =  0.01246

 Side 1  free  transition at x/c =  0.0484   25
 Side 2 forced transition at x/c =  1.0000   70

   2   rms: 0.1436E-01   max: -.1561E+00   D at   25  1
       a = 10.750      CL =  1.1539
      Cm =  0.0162     CD =  0.01818   =>   CDf =  0.00595    CDp =  0.01223

 Side 1  free  transition at x/c =  0.0481   25
 Side 2 forced transition at x/c =  1.0000   70

   3   rms: 0.9877E-03   max: 0.1130E-01   C at   25  1
       a = 10.750      CL =  1.1532
      Cm =  0.0162     CD =  0.01825   =>   CDf =  0.00598    CDp =  0.01227

 Side 1  free  transition at x/c =  0.0480   25
 Side 2 forced transition at x/c =  1.0000   70

   4   rms: 0.4639E-05   max: -.4141E-04   D at   26  1
       a = 10.750      CL =  1.1532
      Cm =  0.0162     CD =  0.01825   =>   CDf =  0.00598    CDp =  0.01226
 plradd ia,ip,cpol           33           0  2.75825132E-05

 Point added to stored polar  1
 Point written to save file  mh106_Re500k.base.pol                           
 Dump file unspecified or not available
 Calculating wake trajectory ...
 Calculating source influence matrix ...

 Solving BL system ...

 Side 1  free  transition at x/c =  0.0480   25
 Side 2 forced transition at x/c =  1.0000   70

   1   rms: 0.3945E-01   max: -.2503E+00   D at   25  1
       a = 11.000      CL =  1.1682
      Cm =  0.0178     CD =  0.01896   =>   CDf =  0.00598    CDp =  0.01298

 Side 1  free  transition at x/c =  0.0410   24
 Side 2 forced transition at x/c =  1.0000   70

   2   rms: 0.4810E-02   max: -.2353E-01   C at   24  1
       a = 11.000      CL =  1.1641
      Cm =  0.0183     CD =  0.01915   =>   CDf =  0.00601    CDp =  0.01314

 Side 1  free  transition at x/c =  0.0411   24
 Side 2 forced transition at x/c =  1.0000   70

   3   rms: 0.5126E-04   max: 0.3793E-03   C at   70  2
       a = 11.000      CL =  1.1642
      Cm =  0.0183     CD =  0.01915   =>   CDf =  0.00601    CDp =  0.01314
 plradd ia,ip,cpol           34           0  2.75825132E-05

 Point added to stored polar  1
 Point written to save file  mh106_Re500k.base.pol                           
 Dump file unspecified or not available
 Calculating wake trajectory ...
 Calculating source influence matrix ...

 Solving BL system ...

 Side 1  free  transition at x/c =  0.0411   24
 Side 2 forced transition at x/c =  1.0000   70

   1   rms: 0.3781E-01   max: -.3540E+00   C at   24  1
       a = 11.250      CL =  1.1822
      Cm =  0.0196     CD =  0.01960   =>   CDf =  0.00601    CDp =  0.01359

 Side 1  free  transition at x/c =  0.0361   24
 Side 2 forced transition at x/c =  1.0000   70

   2   rms: 0.5057E-02   max: 0.1519E-01   D at   78  2
       a = 11.250      CL =  1.1778
      Cm =  0.0201     CD =  0.01982   =>   CDf =  0.00596    CDp =  0.01386

 Side 1  free  transition at x/c =  0.0362   24
 Side 2 forced transition at x/c =  1.0000   70

   3   rms: 0.5637E-04   max: 0.4178E-03   C at   70  2
       a = 11.250      CL =  1.1779
      Cm =  0.0201     CD =  0.01982   =>   CDf =  0.00597    CDp =  0.01386
 plradd ia,ip,cpol           35           0  8.46966650E-05

 Point added to stored polar  1
 Point written to save file  mh106_Re500k.base.pol                           
 Dump file unspecified or not available
 Calculating wake trajectory ...
 Calculating source influence matrix ...

 Solving BL system ...

 Side 1  free  transition at x/c =  0.0362   24
 Side 2 forced transition at x/c =  1.0000   70

   1   rms: 0.4208E-01   max: -.3038E+00   D at   24  1
       a = 11.500      CL =  1.1880
      Cm =  0.0221     CD =  0.02079   =>   CDf =  0.00597    CDp =  0.01482

 Side 1  free  transition at x/c =  0.0314   23
 Side 2 forced transition at x/c =  1.0000   70

   2   rms: 0.7341E-02   max: -.7109E-01   D at   24  1
       a = 11.500      CL =  1.1856
      Cm =  0.0224     CD =  0.02079   =>   CDf =  0.00595    CDp =  0.01484

 Side 1  free  transition at x/c =  0.0313   23
 Side 2 forced transition at x/c =  1.0000   70

   3   rms: 0.2192E-03   max: 0.2748E-02   C at   23  1
       a = 11.500      CL =  1.1855
      Cm =  0.0225     CD =  0.02081   =>   CDf =  0.00596    CDp =  0.01485

 Side 1  free  transition at x/c =  0.0313   23
 Side 2 forced transition at x/c =  1.0000   70

   4   rms: 0.1714E-05   max: 0.1007E-04   C at   23  1
       a = 11.500      CL =  1.1855
      Cm =  0.0225     CD =  0.02081   =>   CDf =  0.00596    CDp =  0.01485
 plradd ia,ip,cpol           36           0  8.46966650E-05

 Point added to stored polar  1
 Point written to save file  mh106_Re500k.base.pol                           
 Dump file unspecified or not available
 Calculating wake trajectory ...
 Calculating source influence matrix ...

 Solving BL system ...

 Side 1  free  transition at x/c =  0.0313   23
 Side 2 forced transition at x/c =  1.0000   70

   1   rms: 0.3535E-01   max: -.1724E+00   C at   23  1
       a = 11.750      CL =  1.1987
      Cm =  0.0242     CD =  0.02150   =>   CDf =  0.00596    CDp =  0.01553

 Side 1  free  transition at x/c =  0.0277   23
 Side 2 forced transition at x/c =  1.0000   70

   2   rms: 0.6281E-02   max: 0.2779E-01   D at   92  1
       a = 11.750      CL =  1.1930
      Cm =  0.0249     CD =  0.02165   =>   CDf =  0.00591    CDp =  0.01574

 Side 1  free  transition at x/c =  0.0280   23
 Side 2 forced transition at x/c =  1.0000   70

   3   rms: 0.5014E-03   max: 0.2831E-02   D at   23  1
       a = 11.750      CL =  1.1925
      Cm =  0.0250     CD =  0.02164   =>   CDf =  0.00591    CDp =  0.01573

 Side 1  free  transition at x/c =  0.0280   23
 Side 2 forced transition at x/c =  1.0000   70

   4   rms: 0.9044E-05   max: -.6627E-04   D at   23  1
       a = 11.750      CL =  1.1925
      Cm =  0.0250     CD =  0.02164   =>   CDf =  0.00591    CDp =  0.01573
 plradd ia,ip,cpol           37           0  8.46966650E-05

 Point added to stored polar  1
 Point written to save file  mh106_Re500k.base.pol                           
 Dump file unspecified or not available
 Calculating wake trajectory ...
 Calculating source influence matrix ...

 Solving BL system ...

 Side 1  free  transition at x/c =  0.0280   23
 Side 2 forced transition at x/c =  1.0000   70

   1   rms: 0.3864E-01   max: -.2412E+00   D at   23  1
       a = 12.000      CL =  1.1951
      Cm =  0.0282     CD =  0.02264   =>   CDf =  0.00591    CDp =  0.01673

 Side 1  free  transition at x/c =  0.0245   23
 Side 2 forced transition at x/c =  1.0000   70

   2   rms: 0.9338E-02   max: 0.5287E-01   D at   90  1
       a = 12.000      CL =  1.1882
      Cm =  0.0287     CD =  0.02291   =>   CDf =  0.00590    CDp =  0.01701

 Side 1  free  transition at x/c =  0.0245   23
 Side 2 forced transition at x/c =  1.0000   70

   3   rms: 0.5015E-03   max: 0.6210E-02   D at   88  1
       a = 12.000      CL =  1.1883
      Cm =  0.0287     CD =  0.02291   =>   CDf =  0.00590    CDp =  0.01701

 Side 1  free  transition at x/c =  0.0245   23
 Side 2 forced transition at x/c =  1.0000   70

   4   rms: 0.1479E-04   max: 0.1103E-03   D at   87  1
       a = 12.000      CL =  1.1883
      Cm =  0.0287     CD =  0.02291   =>   CDf =  0.00590    CDp =  0.01701
 plradd ia,ip,cpol           38           0  8.46966650E-05

 Point added to stored polar  1
 Point written to save file  mh106_Re500k.base.pol                           
 Dump file unspecified or not available
 Calculating wake trajectory ...
 Calculating source influence matrix ...

 Solving BL system ...

 Side 1  free  transition at x/c =  0.0245   23
 Side 2 forced transition at x/c =  1.0000   70

   1   rms: 0.5278E-01   max: 0.1695E+00   D at   81  1
       a = 12.250      CL =  1.1798
      Cm =  0.0321     CD =  0.02482   =>   CDf =  0.00590    CDp =  0.01891

 Side 1  free  transition at x/c =  0.0220   22
 Side 2 forced transition at x/c =  1.0000   70

   2   rms: 0.3694E-01   max: -.3837E+00   D at   22  1
       a = 12.250      CL =  1.1942
      Cm =  0.0307     CD =  0.02371   =>   CDf =  0.00577    CDp =  0.01794

 Side 1  free  transition at x/c =  0.0226   22
 Side 2 forced transition at x/c =  1.0000   70

   3   rms: 0.5202E-02   max: 0.6545E-01   C at   22  1
       a = 12.250      CL =  1.1931
      Cm =  0.0306     CD =  0.02401   =>   CDf =  0.00582    CDp =  0.01819

 Side 1  free  transition at x/c =  0.0222   22
 Side 2 forced transition at x/c =  1.0000   70

   4   rms: 0.3044E-03   max: 0.1401E-02   D at   82  1
       a = 12.250      CL =  1.1930
      Cm =  0.0306     CD =  0.02400   =>   CDf =  0.00582    CDp =  0.01819

 Side 1  free  transition at x/c =  0.0222   22
 Side 2 forced transition at x/c =  1.0000   70

   5   rms: 0.2411E-05   max: -.1555E-04   C at   70  2
       a = 12.250      CL =  1.1930
      Cm =  0.0306     CD =  0.02400   =>   CDf =  0.00582    CDp =  0.01819
 plradd ia,ip,cpol           39           0  8.46966650E-05

 Point added to stored polar  1
 Point written to save file  mh106_Re500k.base.pol                           
 Dump file unspecified or not available
 Calculating wake trajectory ...
 Calculating source influence matrix ...

 Solving BL system ...

 Side 1  free  transition at x/c =  0.0222   22
 Side 2 forced transition at x/c =  1.0000   70

   1   rms: 0.4009E-01   max: -.1702E+00   D at   22  1
       a = 12.500      CL =  1.1981
      Cm =  0.0321     CD =  0.02537   =>   CDf =  0.00542    CDp =  0.01995

 Side 1  free  transition at x/c =  0.0195   23
 Side 2 forced transition at x/c =  1.0000   69

   2   rms: 0.1296E-01   max: -.1665E+00   T at    2  1
       a = 12.500      CL =  1.1937
      Cm =  0.0320     CD =  0.02566   =>   CDf =  0.00578    CDp =  0.01988

 Side 1  free  transition at x/c =  0.0199   23
 Side 2 forced transition at x/c =  1.0000   69

   3   rms: 0.8755E-03   max: -.9136E-02   D at    4  1
       a = 12.500      CL =  1.1936
      Cm =  0.0320     CD =  0.02566   =>   CDf =  0.00576    CDp =  0.01989

 Side 1  free  transition at x/c =  0.0199   23
 Side 2 forced transition at x/c =  1.0000   69

   4   rms: 0.1972E-04   max: 0.9269E-04   D at   23  1
       a = 12.500      CL =  1.1936
      Cm =  0.0320     CD =  0.02566   =>   CDf =  0.00576    CDp =  0.01989
 plradd ia,ip,cpol           40           0  8.46966650E-05

 Point added to stored polar  1
 Point written to save file  mh106_Re500k.base.pol                           
 Dump file unspecified or not available
 Calculating wake trajectory ...
 Calculating source influence matrix ...

 Solving BL system ...

 Side 1  free  transition at x/c =  0.0199   23
 Side 2 forced transition at x/c =  1.0000   69

   1   rms: 0.5072E-01   max: -.1987E+00   D at   23  1
       a = 12.750      CL =  1.1935
      Cm =  0.0327     CD =  0.02788   =>   CDf =  0.00577    CDp =  0.02211

 Side 1  free  transition at x/c =  0.0180   22
 Side 2 forced transition at x/c =  1.0000   69

   2   rms: 0.1112E-01   max: 0.7035E-01   D at   76  1
       a = 12.750      CL =  1.1892
      Cm =  0.0325     CD =  0.02820   =>   CDf =  0.00569    CDp =  0.02251

 Side 1  free  transition at x/c =  0.0179   22
 Side 2 forced transition at x/c =  1.0000   69

   3   rms: 0.8264E-03   max: 0.1057E-01   D at   74  1
       a = 12.750      CL =  1.1888
      Cm =  0.0325     CD =  0.02819   =>   CDf =  0.00569    CDp =  0.02250

 Side 1  free  transition at x/c =  0.0179   22
 Side 2 forced transition at x/c =  1.0000   69

   4   rms: 0.5834E-04   max: 0.2702E-03   C at   22  1
       a = 12.750      CL =  1.1888
      Cm =  0.0325     CD =  0.02818   =>   CDf =  0.00569    CDp =  0.02249
 plradd ia,ip,cpol           41           0  8.46966650E-05

 Point added to stored polar  1
 Point written to save file  mh106_Re500k.base.pol                           
 Dump file unspecified or not available
 Calculating wake trajectory ...
 Calculating source influence matrix ...

 Solving BL system ...

 Side 1  free  transition at x/c =  0.0179   22
 Side 2 forced transition at x/c =  1.0000   69

   1   rms: 0.4105E-01   max: -.2456E+00   C at   22  1
       a = 13.000      CL =  1.1978
      Cm =  0.0325     CD =  0.02997   =>   CDf =  0.00569    CDp =  0.02428

 Side 1  free  transition at x/c =  0.0163   22
 Side 2 forced transition at x/c =  1.0000   69

   2   rms: 0.1063E-01   max: 0.5848E-01   D at   72  1
       a = 13.000      CL =  1.1922
      Cm =  0.0324     CD =  0.03038   =>   CDf =  0.00560    CDp =  0.02478

 Side 1  free  transition at x/c =  0.0163   22
 Side 2 forced transition at x/c =  1.0000   69

   3   rms: 0.9057E-03   max: 0.8531E-02   D at   70  1
       a = 13.000      CL =  1.1917
      Cm =  0.0325     CD =  0.03034   =>   CDf =  0.00558    CDp =  0.02476

 Side 1  free  transition at x/c =  0.0164   22
 Side 2 forced transition at x/c =  1.0000   69

   4   rms: 0.5101E-04   max: 0.2687E-03   D at   76  2
       a = 13.000      CL =  1.1917
      Cm =  0.0325     CD =  0.03034   =>   CDf =  0.00558    CDp =  0.02476
 plradd ia,ip,cpol           42           0  8.46966650E-05

 Point added to stored polar  1
 Point written to save file  mh106_Re500k.base.pol                           
 Dump file unspecified or not available
 Calculating wake trajectory ...
 Calculating source influence matrix ...

 Solving BL system ...

 Side 1  free  transition at x/c =  0.0164   22
 Side 2 forced transition at x/c =  1.0000   69

   1   rms: 0.4584E-01   max: 0.1573E+00   T at   22  1
       a = 13.250      CL =  1.1966
      Cm =  0.0320     CD =  0.03288   =>   CDf =  0.00558    CDp =  0.02729

 Side 1  free  transition at x/c =  0.0146   22
 Side 2 forced transition at x/c =  1.0000   69

   2   rms: 0.9819E-02   max: 0.5830E-01   D at   68  1
       a = 13.250      CL =  1.1914
      Cm =  0.0320     CD =  0.03310   =>   CDf =  0.00552    CDp =  0.02758

 Side 1  free  transition at x/c =  0.0148   22
 Side 2 forced transition at x/c =  1.0000   69

   3   rms: 0.4715E-03   max: 0.5099E-02   D at   67  1
       a = 13.250      CL =  1.1910
      Cm =  0.0320     CD =  0.03305   =>   CDf =  0.00551    CDp =  0.02754

 Side 1  free  transition at x/c =  0.0148   22
 Side 2 forced transition at x/c =  1.0000   69

   4   rms: 0.7112E-05   max: -.3919E-04   C at   69  2
       a = 13.250      CL =  1.1910
      Cm =  0.0320     CD =  0.03305   =>   CDf =  0.00551    CDp =  0.02754
 plradd ia,ip,cpol           43           0  8.46966650E-05

 Point added to stored polar  1
 Point written to save file  mh106_Re500k.base.pol                           
 Dump file unspecified or not available
 Calculating wake trajectory ...
 Calculating source influence matrix ...

 Solving BL system ...

 Side 1  free  transition at x/c =  0.0148   22
 Side 2 forced transition at x/c =  1.0000   69

   1   rms: 0.5113E-01   max: -.1941E+00   D at   22  1
       a = 13.500      CL =  1.1924
      Cm =  0.0310     CD =  0.03632   =>   CDf =  0.00551    CDp =  0.03081

 Side 1  free  transition at x/c =  0.0134   22
 Side 2 forced transition at x/c =  1.0000   69

   2   rms: 0.1826E-01   max: 0.9402E-01   D at   65  1
       a = 13.500      CL =  1.1825
      Cm =  0.0309     CD =  0.03704   =>   CDf =  0.00544    CDp =  0.03160

 Side 1  free  transition at x/c =  0.0133   22
 Side 2 forced transition at x/c =  1.0000   69

   3   rms: 0.1079E-02   max: 0.9909E-02   D at   63  1
       a = 13.500      CL =  1.1820
      Cm =  0.0310     CD =  0.03686   =>   CDf =  0.00543    CDp =  0.03143

 Side 1  free  transition at x/c =  0.0134   22
 Side 2 forced transition at x/c =  1.0000   69

   4   rms: 0.4391E-04   max: 0.1821E-03   C at   22  1
       a = 13.500      CL =  1.1820
      Cm =  0.0310     CD =  0.03687   =>   CDf =  0.00543    CDp =  0.03143
 plradd ia,ip,cpol           44           0  8.46966650E-05

 Point added to stored polar  1
 Point written to save file  mh106_Re500k.base.pol                           
 Dump file unspecified or not available
 Calculating wake trajectory ...
 Calculating source influence matrix ...

 Solving BL system ...

 Side 1  free  transition at x/c =  0.0134   22
 Side 2 forced transition at x/c =  1.0000   69

   1   rms: 0.6871E-01   max: 0.2505E+00   D at   62  1
       a = 13.750      CL =  1.1719
      Cm =  0.0290     CD =  0.04215   =>   CDf =  0.00544    CDp =  0.03672

 Side 1  free  transition at x/c =  0.0125   21
 Side 2 forced transition at x/c =  1.0000   69

   2   rms: 0.2442E-01   max: -.2426E+00   D at   21  1
       a = 13.750      CL =  1.1773
      Cm =  0.0303     CD =  0.03995   =>   CDf =  0.00528    CDp =  0.03467

 Side 1  free  transition at x/c =  0.0129   21
 Side 2 forced transition at x/c =  1.0000   69

   3   rms: 0.5663E-02   max: 0.2755E-01   T at   21  1
       a = 13.750      CL =  1.1804
      Cm =  0.0303     CD =  0.03982   =>   CDf =  0.00532    CDp =  0.03449

 Side 1  free  transition at x/c =  0.0127   21
 Side 2 forced transition at x/c =  1.0000   69

   4   rms: 0.5061E-03   max: 0.2382E-02   T at   21  1
       a = 13.750      CL =  1.1808
      Cm =  0.0303     CD =  0.03987   =>   CDf =  0.00533    CDp =  0.03454

 Side 1  free  transition at x/c =  0.0127   21
 Side 2 forced transition at x/c =  1.0000   69

   5   rms: 0.1107E-04   max: 0.9906E-04   C at   69  2
       a = 13.750      CL =  1.1808
      Cm =  0.0303     CD =  0.03987   =>   CDf =  0.00533    CDp =  0.03455
 plradd ia,ip,cpol           45           0  8.46966650E-05

 Point added to stored polar  1
 Point written to save file  mh106_Re500k.base.pol                           
 Dump file unspecified or not available
 Calculating wake trajectory ...
 Calculating source influence matrix ...

 Solving BL system ...

 Side 1  free  transition at x/c =  0.0127   21
 Side 2 forced transition at x/c =  1.0000   69

   1   rms: 0.4397E-01   max: 0.1610E+00   T at   21  1
       a = 14.000      CL =  1.1836
      Cm =  0.0290     CD =  0.04331   =>   CDf =  0.00533    CDp =  0.03798

 Side 1  free  transition at x/c =  0.0115   21
 Side 2 forced transition at x/c =  1.0000   69

   2   rms: 0.1037E-01   max: 0.5327E-01   D at   59  1
       a = 14.000      CL =  1.1770
      Cm =  0.0292     CD =  0.04339   =>   CDf =  0.00523    CDp =  0.03817

 Side 1  free  transition at x/c =  0.0117   21
 Side 2 forced transition at x/c =  1.0000   69

   3   rms: 0.8213E-03   max: 0.4273E-02   D at   79  2
       a = 14.000      CL =  1.1764
      Cm =  0.0293     CD =  0.04331   =>   CDf =  0.00522    CDp =  0.03809

 Side 1  free  transition at x/c =  0.0117   21
 Side 2 forced transition at x/c =  1.0000   69

   4   rms: 0.1667E-04   max: -.1362E-03   C at   69  2
       a = 14.000      CL =  1.1764
      Cm =  0.0293     CD =  0.04330   =>   CDf =  0.00522    CDp =  0.03808
 plradd ia,ip,cpol           46           0  8.46966650E-05

 Point added to stored polar  1
 Point written to save file  mh106_Re500k.base.pol                           
 Dump file unspecified or not available
 Calculating wake trajectory ...
 Calculating source influence matrix ...

 Solving BL system ...

 Side 1  free  transition at x/c =  0.0117   21
 Side 2 forced transition at x/c =  1.0000   69

   1   rms: 0.4316E-01   max: 0.1754E+00   T at   21  1   RLX: 0.983
       a = 14.250      CL =  1.1784
      Cm =  0.0280     CD =  0.04689   =>   CDf =  0.00522    CDp =  0.04167

 Side 1  free  transition at x/c =  0.0105   21
 Side 2 forced transition at x/c =  1.0000   69

   2   rms: 0.1080E-01   max: -.5161E-01   T at   21  1
       a = 14.250      CL =  1.1719
      Cm =  0.0282     CD =  0.04692   =>   CDf =  0.00515    CDp =  0.04177

 Side 1  free  transition at x/c =  0.0107   21
 Side 2 forced transition at x/c =  1.0000   69

   3   rms: 0.7096E-03   max: 0.4423E-02   D at   79  2
       a = 14.250      CL =  1.1713
      Cm =  0.0282     CD =  0.04683   =>   CDf =  0.00514    CDp =  0.04169

 Side 1  free  transition at x/c =  0.0108   21
 Side 2 forced transition at x/c =  1.0000   69

   4   rms: 0.2783E-04   max: -.1116E-03   D at   82  2
       a = 14.250      CL =  1.1713
      Cm =  0.0282     CD =  0.04683   =>   CDf =  0.00514    CDp =  0.04169
 plradd ia,ip,cpol           47           0  8.46966650E-05

 Point added to stored polar  1
 Point written to save file  mh106_Re500k.base.pol                           
 Dump file unspecified or not available
 Calculating wake trajectory ...
 Calculating source influence matrix ...

 Solving BL system ...

 Side 1  free  transition at x/c =  0.0108   21
 Side 2 forced transition at x/c =  1.0000   69

   1   rms: 0.4519E-01   max: 0.1667E+00   D at   55  1   RLX: 0.915
       a = 14.500      CL =  1.1696
      Cm =  0.0267     CD =  0.05081   =>   CDf =  0.00515    CDp =  0.04566

 Side 1  free  transition at x/c =  0.0101   21
 Side 2 forced transition at x/c =  1.0000   69

   2   rms: 0.1261E-01   max: 0.6460E-01   D at   55  1
       a = 14.500      CL =  1.1626
      Cm =  0.0268     CD =  0.05117   =>   CDf =  0.00508    CDp =  0.04609

 Side 1  free  transition at x/c =  0.0102   21
 Side 2 forced transition at x/c =  1.0000   69

   3   rms: 0.1164E-02   max: 0.6825E-02   D at   80  2
       a = 14.500      CL =  1.1618
      Cm =  0.0269     CD =  0.05097   =>   CDf =  0.00506    CDp =  0.04591

 Side 1  free  transition at x/c =  0.0102   21
 Side 2 forced transition at x/c =  1.0000   69

   4   rms: 0.3592E-04   max: 0.3608E-03   D at   80  2
       a = 14.500      CL =  1.1618
      Cm =  0.0269     CD =  0.05096   =>   CDf =  0.00506    CDp =  0.04590
 plradd ia,ip,cpol           48           0  8.46966650E-05

 Point added to stored polar  1
 Point written to save file  mh106_Re500k.base.pol                           
 Dump file unspecified or not available
 Calculating wake trajectory ...
 Calculating source influence matrix ...

 Solving BL system ...

 Side 1  free  transition at x/c =  0.0102   21
 Side 2 forced transition at x/c =  1.0000   69

   1   rms: 0.4813E-01   max: 0.1893E+00   D at   53  1   RLX: 0.848
       a = 14.750      CL =  1.1566
      Cm =  0.0252     CD =  0.05540   =>   CDf =  0.00507    CDp =  0.05033

 Side 1  free  transition at x/c =  0.0098   21
 Side 2 forced transition at x/c =  1.0000   69

   2   rms: 0.1312E-01   max: 0.6589E-01   D at   53  1
       a = 14.750      CL =  1.1501
      Cm =  0.0253     CD =  0.05579   =>   CDf =  0.00499    CDp =  0.05080

 Side 1  free  transition at x/c =  0.0098   21
 Side 2 forced transition at x/c =  1.0000   69

   3   rms: 0.1249E-02   max: 0.6140E-02   D at   81  2
       a = 14.750      CL =  1.1494
      Cm =  0.0254     CD =  0.05548   =>   CDf =  0.00496    CDp =  0.05052

 Side 1  free  transition at x/c =  0.0099   21
 Side 2 forced transition at x/c =  1.0000   69

   4   rms: 0.6472E-04   max: 0.2818E-03   T at   21  1
       a = 14.750      CL =  1.1495
      Cm =  0.0254     CD =  0.05548   =>   CDf =  0.00496    CDp =  0.05051
 plradd ia,ip,cpol           49           0  8.46966650E-05

 Point added to stored polar  1
 Point written to save file  mh106_Re500k.base.pol                           
 Dump file unspecified or not available
 Calculating wake trajectory ...
 Calculating source influence matrix ...

 Solving BL system ...

 Side 1  free  transition at x/c =  0.0099   21
 Side 2 forced transition at x/c =  1.0000   69

   1   rms: 0.5980E-01   max: 0.2417E+00   D at   51  1   RLX: 0.781
       a = 15.000      CL =  1.1376
      Cm =  0.0233     CD =  0.06087   =>   CDf =  0.00497    CDp =  0.05591

 Side 1  free  transition at x/c =  0.0094   20
 Side 2 forced transition at x/c =  1.0000   69

   2   rms: 0.1184E-01   max: -.9590E-01   D at   20  1
       a = 15.000      CL =  1.1361
      Cm =  0.0237     CD =  0.06043   =>   CDf =  0.00487    CDp =  0.05556

 Side 1  free  transition at x/c =  0.0093   20
 Side 2 forced transition at x/c =  1.0000   69

   3   rms: 0.7366E-03   max: 0.9596E-02   D at   81  2
       a = 15.000      CL =  1.1357
      Cm =  0.0238     CD =  0.06023   =>   CDf =  0.00486    CDp =  0.05538

 Side 1  free  transition at x/c =  0.0093   20
 Side 2 forced transition at x/c =  1.0000   69

   4   rms: 0.6865E-04   max: 0.2954E-03   T at   20  1
       a = 15.000      CL =  1.1357
      Cm =  0.0238     CD =  0.06023   =>   CDf =  0.00486    CDp =  0.05538
 plradd ia,ip,cpol           50           0  8.46966650E-05

 Point added to stored polar  1
 Point written to save file  mh106_Re500k.base.pol                           
 Dump file unspecified or not available
 Calculating wake trajectory ...
 Calculating source influence matrix ...

 Solving BL system ...

 Side 1  free  transition at x/c =  0.0093   20
 Side 2 forced transition at x/c =  1.0000   69

   1   rms: 0.3785E-01   max: 0.1460E+00   D at   50  1   RLX: 0.747
       a = 15.250      CL =  1.1346
      Cm =  0.0225     CD =  0.06370   =>   CDf =  0.00486    CDp =  0.05884

 Side 1  free  transition at x/c =  0.0090   20
 Side 2 forced transition at x/c =  1.0000   69

   2   rms: 0.1379E-01   max: 0.6317E-01   D at   50  1
       a = 15.250      CL =  1.1294
      Cm =  0.0222     CD =  0.06472   =>   CDf =  0.00478    CDp =  0.05994

 Side 1  free  transition at x/c =  0.0090   20
 Side 2 forced transition at x/c =  1.0000   69

   3   rms: 0.2519E-02   max: -.1035E-01   C at   69  2
       a = 15.250      CL =  1.1275
      Cm =  0.0224     CD =  0.06448   =>   CDf =  0.00475    CDp =  0.05973

 Side 1  free  transition at x/c =  0.0090   20
 Side 2 forced transition at x/c =  1.0000   69

   4   rms: 0.1743E-03   max: -.1255E-02   C at   69  2
       a = 15.250      CL =  1.1274
      Cm =  0.0224     CD =  0.06443   =>   CDf =  0.00475    CDp =  0.05969

 Side 1  free  transition at x/c =  0.0090   20
 Side 2 forced transition at x/c =  1.0000   69

   5   rms: 0.4399E-05   max: -.5070E-04   C at   69  2
       a = 15.250      CL =  1.1274
      Cm =  0.0224     CD =  0.06443   =>   CDf =  0.00475    CDp =  0.05968
 plradd ia,ip,cpol           51           0  8.46966650E-05

 Point added to stored polar  1
 Point written to save file  mh106_Re500k.base.pol                           
 Dump file unspecified or not available
 Calculating wake trajectory ...
 Calculating source influence matrix ...

 Solving BL system ...

 Side 1  free  transition at x/c =  0.0090   20
 Side 2 forced transition at x/c =  1.0000   69

   1   rms: 0.3460E-01   max: 0.1380E+00   D at   48  1   RLX: 0.709
       a = 15.500      CL =  1.1269
      Cm =  0.0211     CD =  0.06774   =>   CDf =  0.00475    CDp =  0.06299

 Side 1  free  transition at x/c =  0.0089   20
 Side 2 forced transition at x/c =  1.0000   69

   2   rms: 0.1307E-01   max: 0.6258E-01   D at   49  1
       a = 15.500      CL =  1.1231
      Cm =  0.0207     CD =  0.06884   =>   CDf =  0.00468    CDp =  0.06416

 Side 1  free  transition at x/c =  0.0089   20
 Side 2 forced transition at x/c =  1.0000   69

   3   rms: 0.2429E-02   max: 0.1090E-01   D at   82  2
       a = 15.500      CL =  1.1213
      Cm =  0.0209     CD =  0.06857   =>   CDf =  0.00465    CDp =  0.06391

 Side 1  free  transition at x/c =  0.0089   20
 Side 2 forced transition at x/c =  1.0000   69

   4   rms: 0.1675E-03   max: 0.1443E-02   D at   82  2
       a = 15.500      CL =  1.1212
      Cm =  0.0209     CD =  0.06852   =>   CDf =  0.00465    CDp =  0.06386

 Side 1  free  transition at x/c =  0.0089   20
 Side 2 forced transition at x/c =  1.0000   69

   5   rms: 0.3569E-05   max: -.3468E-04   C at   69  2
       a = 15.500      CL =  1.1212
      Cm =  0.0209     CD =  0.06852   =>   CDf =  0.00465    CDp =  0.06386
 plradd ia,ip,cpol           52           0  8.46966650E-05

 Point added to stored polar  1
 Point written to save file  mh106_Re500k.base.pol                           
 Dump file unspecified or not available
 Calculating wake trajectory ...
 Calculating source influence matrix ...

 Solving BL system ...

 Side 1  free  transition at x/c =  0.0089   20
 Side 2 forced transition at x/c =  1.0000   69

   1   rms: 0.3645E-01   max: 0.1493E+00   D at   47  1   RLX: 0.674
       a = 15.750      CL =  1.1196
      Cm =  0.0195     CD =  0.07201   =>   CDf =  0.00466    CDp =  0.06735

 Side 1  free  transition at x/c =  0.0086   20
 Side 2 forced transition at x/c =  1.0000   69

   2   rms: 0.1563E-01   max: 0.7626E-01   D at   48  1
       a = 15.750      CL =  1.1147
      Cm =  0.0189     CD =  0.07352   =>   CDf =  0.00459    CDp =  0.06893

 Side 1  free  transition at x/c =  0.0085   20
 Side 2 forced transition at x/c =  1.0000   69

   3   rms: 0.2766E-02   max: -.1412E-01   C at   69  2
       a = 15.750      CL =  1.1126
      Cm =  0.0192     CD =  0.07311   =>   CDf =  0.00455    CDp =  0.06856

 Side 1  free  transition at x/c =  0.0086   20
 Side 2 forced transition at x/c =  1.0000   69

   4   rms: 0.1442E-03   max: -.1533E-02   C at   69  2
       a = 15.750      CL =  1.1125
      Cm =  0.0192     CD =  0.07304   =>   CDf =  0.00455    CDp =  0.06849

 Side 1  free  transition at x/c =  0.0086   20
 Side 2 forced transition at x/c =  1.0000   69

   5   rms: 0.8922E-05   max: -.2904E-04   D at   84  2
       a = 15.750      CL =  1.1125
      Cm =  0.0192     CD =  0.07304   =>   CDf =  0.00455    CDp =  0.06849
 plradd ia,ip,cpol           53           0  8.46966650E-05

 Point added to stored polar  1
 Point written to save file  mh106_Re500k.base.pol                           
 Dump file unspecified or not available
 Calculating wake trajectory ...
 Calculating source influence matrix ...

 Solving BL system ...

 Side 1  free  transition at x/c =  0.0086   20
 Side 2 forced transition at x/c =  1.0000   69

   1   rms: 0.3512E-01   max: 0.1428E+00   D at   46  1   RLX: 0.642
       a = 16.000      CL =  1.1117
      Cm =  0.0178     CD =  0.07637   =>   CDf =  0.00456    CDp =  0.07181

 Side 1  free  transition at x/c =  0.0082   20
 Side 2 forced transition at x/c =  1.0000   69

   2   rms: 0.1564E-01   max: 0.7639E-01   D at   47  1
       a = 16.000      CL =  1.1075
      Cm =  0.0172     CD =  0.07804   =>   CDf =  0.00450    CDp =  0.07354

 Side 1  free  transition at x/c =  0.0081   20
 Side 2 forced transition at x/c =  1.0000   69

   3   rms: 0.2906E-02   max: -.1529E-01   C at   69  2
       a = 16.000      CL =  1.1053
      Cm =  0.0174     CD =  0.07758   =>   CDf =  0.00447    CDp =  0.07311

 Side 1  free  transition at x/c =  0.0081   20
 Side 2 forced transition at x/c =  1.0000   69

   4   rms: 0.1480E-03   max: -.1801E-02   C at   69  2
       a = 16.000      CL =  1.1052
      Cm =  0.0174     CD =  0.07750   =>   CDf =  0.00447    CDp =  0.07304

 Side 1  free  transition at x/c =  0.0081   20
 Side 2 forced transition at x/c =  1.0000   69

   5   rms: 0.1575E-04   max: -.5499E-04   D at   85  2
       a = 16.000      CL =  1.1052
      Cm =  0.0174     CD =  0.07750   =>   CDf =  0.00447    CDp =  0.07303
 plradd ia,ip,cpol           54           0  8.46966650E-05

 Point added to stored polar  1
 Point written to save file  mh106_Re500k.base.pol                           
 Dump file unspecified or not available

.OPERva   c>  
 Polar accumulation disabled

.OPERv   c>  
 XFOIL   c>  
 XFOIL   c>  