
 ===================================================
  XFOIL Version 6.99
  Copyright (C) 2000   Mark Drela, Harold Youngren

  This software comes with ABSOLUTELY NO WARRANTY,
    subject to the GNU General Public License.

  Caveat computor
 ===================================================

 File  xfoil.def  not found

   QUIT    Exit program

  .OPER    Direct operating point(s)
  .MDES    Complex mapping design routine
  .QDES    Surface speed design routine
  .GDES    Geometry design routine

   SAVE f  Write airfoil to labeled coordinate file
   PSAV f  Write airfoil to plain coordinate file
   ISAV f  Write airfoil to ISES coordinate file
   MSAV f  Write airfoil to MSES coordinate file
   REVE    Reverse written-airfoil node ordering

   LOAD f  Read buffer airfoil from coordinate file
   NACA i  Set NACA 4,5-digit airfoil and buffer airfoil
   INTE    Set buffer airfoil by interpolating two airfoils
   NORM    Buffer airfoil normalization toggle
   XYCM rr Change CM reference location, currently  0.25000 0.00000

   BEND    Display structural properties of current airfoil

   PCOP    Set current-airfoil panel nodes directly from buffer airfoil points
   PANE    Set current-airfoil panel nodes ( 160 ) based on curvature
  .PPAR    Show/change paneling

  .PLOP    Plotting options

   WDEF f  Write  current-settings file
   RDEF f  Reread current-settings file
   NAME s  Specify new airfoil name
   NINC    Increment name version number

   Z       Zoom    | (available in all menus)
   U       Unzoom  | 

 XFOIL   c>  
 Labeled airfoil file.  Name:  MH 201  13.08%                                  

 Number of input coordinate points:  67
 Counterclockwise ordering
 Max thickness =     0.130801  at x =   0.363
 Max camber    =     0.026002  at x =   0.459

  LE  x,y  =  -0.00000  -0.00007  |   Chord =   1.00000
  TE  x,y  =   1.00000   0.00000  |

 Current airfoil nodes set from buffer airfoil nodes (  67 )

 XFOIL   c>  
 XFOIL   c>  
 Sharp trailing edge

 Paneling parameters used...
   Number of panel nodes       160
   Panel bunching parameter    1.000
   TE/LE panel density ratio   0.150
   Refined-area/LE panel density ratio    0.200
   Top    side refined area x/c limits  1.000 1.000
   Bottom side refined area x/c limits  1.000 1.000

 XFOIL   c>  
.OPERi   c>  
 Xtr/c     =  1.0000    top    side
 Xtr/c     =  1.0000    bottom side
 Ncrit     =    9.00   ( 0.070 % turb. level )
 Vacc      =  0.0100

 Klag  =  5.6000     Uxwt  =    1.00
 A     =  6.7000     B     =  0.7500       KCt = 0.01485
 CtiniK=  1.8000     CtiniX=  3.3000

..VPAR   c>  
..VPAR   c>  
.OPERi   c>  
 M  =    0.0000
 Re =    500000

.OPERv   c>  
.OPERv   c>  
.OPERv   c>  
 Polar  1 newly created for accumulation
 Airfoil archived with polar: MH 201  13.08%                                  

Enter  polar save filename  OR  <return> for no file   s>  
 New polar save file available

Enter  polar dump filename  OR  <return> for no file   s>  
 Polar dump file will NOT be written

 Polar accumulation enabled

.OPERva   c>   Calculating unit vorticity distributions ...
 Calculating wake trajectory ...
 Calculating source influence matrix ...

 Solving BL system ...

 Initializing BL ...
    side            1  ...
 MRCHUE: Inverse mode at  56     Hk =   4.147
 MRCHUE: Inverse mode at  57     Hk =   4.768
 MRCHUE: Inverse mode at  58     Hk =   5.379
 MRCHUE: Inverse mode at  59     Hk =   5.983
 MRCHUE: Inverse mode at  60     Hk =   6.580
 MRCHUE: Inverse mode at  61     Hk =   7.172
 MRCHUE: Inverse mode at  62     Hk =   7.760
 MRCHUE: Inverse mode at  63     Hk =   8.345
 MRCHUE: Inverse mode at  64     Hk =   8.926
 MRCHUE: Inverse mode at  65     Hk =   8.805
 MRCHUE: Inverse mode at  66     Hk =   6.240
 MRCHUE: Inverse mode at  67     Hk =   4.744
 MRCHUE: Inverse mode at  68     Hk =   3.674
 MRCHUE: Inverse mode at  69     Hk =   2.853
    side            2  ...
 MRCHUE: Inverse mode at  10     Hk =   4.208
 MRCHUE: Inverse mode at  11     Hk =   5.379
 MRCHUE: Inverse mode at  12     Hk =   6.367
 MRCHUE: Inverse mode at  13     Hk =   7.298
 MRCHUE: Inverse mode at  14     Hk =   8.223
 MRCHUE: Inverse mode at  15     Hk =   9.177
 MRCHUE: Inverse mode at  16     Hk =  10.189
 MRCHUE: Inverse mode at  17     Hk =   6.367
 MRCHUE: Inverse mode at  18     Hk =   3.105
 MRCHUE: Inverse mode at  77     Hk =   2.500
 MRCHUE: Inverse mode at  78     Hk =   2.500
 MRCHUE: Inverse mode at  79     Hk =   2.500
 MRCHUE: Inverse mode at  80     Hk =   2.500
 MRCHUE: Inverse mode at  81     Hk =   2.500
 MRCHUE: Inverse mode at  82     Hk =   2.500
 MRCHUE: Inverse mode at  83     Hk =   2.500

 Side 1  free  transition at x/c =  0.8370   65
 Side 2  free  transition at x/c =  0.0182   17

   1   rms: 0.2806E+00   max: -.3124E+01   T at   17  2   RLX: 0.160
       a = -4.000      CL =  0.0517
      Cm = -0.1136     CD =  0.01240   =>   CDf =  0.00651    CDp =  0.00589

 Side 1  free  transition at x/c =  0.8438   66
 Side 2  free  transition at x/c =  0.0208   17

   2   rms: 0.2437E+00   max: -.4018E+01   T at   17  2   RLX: 0.124
       a = -4.000      CL =  0.0498
      Cm = -0.1132     CD =  0.01202   =>   CDf =  0.00657    CDp =  0.00545

 Side 1  free  transition at x/c =  0.8463   66
 Side 2  free  transition at x/c =  0.0246   18

   3   rms: 0.3155E+00   max: -.3688E+01   T at   18  2   RLX: 0.136
       a = -4.000      CL =  0.0447
      Cm = -0.1123     CD =  0.01096   =>   CDf =  0.00663    CDp =  0.00433

 Side 1  free  transition at x/c =  0.8491   66
 Side 2  free  transition at x/c =  0.0305   19

   4   rms: 0.4916E+00   max: -.9198E+01   C at   19  2   RLX: 0.054
       a = -4.000      CL =  0.0438
      Cm = -0.1117     CD =  0.01090   =>   CDf =  0.00662    CDp =  0.00428

 Side 1  free  transition at x/c =  0.8502   66
 Side 2  free  transition at x/c =  0.0322   19

   5   rms: 0.2547E+00   max: -.3304E+01   T at   19  2   RLX: 0.151
       a = -4.000      CL =  0.0414
      Cm = -0.1109     CD =  0.01084   =>   CDf =  0.00662    CDp =  0.00422

 Side 1  free  transition at x/c =  0.8535   66
 Side 2  free  transition at x/c =  0.0396   20

   6   rms: 0.2002E+00   max: -.2436E+01   T at   20  2   RLX: 0.205
       a = -4.000      CL =  0.0405
      Cm = -0.1101     CD =  0.01061   =>   CDf =  0.00660    CDp =  0.00402

 Side 1  free  transition at x/c =  0.8588   67
 Side 2  free  transition at x/c =  0.0513   22

   7   rms: 0.3193E+00   max: -.5131E+01   C at   22  2   RLX: 0.097
       a = -4.000      CL =  0.0402
      Cm = -0.1100     CD =  0.01011   =>   CDf =  0.00653    CDp =  0.00358

 Side 1  free  transition at x/c =  0.8599   67
 Side 2  free  transition at x/c =  0.0656   23

   8   rms: 0.8872E+00   max: -.2102E+02   C at   23  2   RLX: 0.024
       a = -4.000      CL =  0.0404
      Cm = -0.1097     CD =  0.01002   =>   CDf =  0.00643    CDp =  0.00359

 Side 1  free  transition at x/c =  0.8602   67
 Side 2  free  transition at x/c =  0.0696   23

   9   rms: 0.1431E+01   max: -.3382E+02   C at   23  2   RLX: 0.015
       a = -4.000      CL =  0.0398
      Cm = -0.1097     CD =  0.00996   =>   CDf =  0.00637    CDp =  0.00359

 Side 1  free  transition at x/c =  0.8603   67
 Side 2  free  transition at x/c =  0.0713   23

  10   rms: 0.1289E+01   max: -.2987E+02   C at   23  2   RLX: 0.017
       a = -4.000      CL =  0.0393
      Cm = -0.1096     CD =  0.00991   =>   CDf =  0.00634    CDp =  0.00357

 Side 1  free  transition at x/c =  0.8605   67
 Side 2  free  transition at x/c =  0.0705   23

  11   rms: 0.1776E+00   max: -.2375E+01   C at   23  2   RLX: 0.210
       a = -4.000      CL =  0.0358
      Cm = -0.1084     CD =  0.00981   =>   CDf =  0.00637    CDp =  0.00345

 Side 1  free  transition at x/c =  0.8628   67
 Side 2  free  transition at x/c =  0.1864   31

  12   rms: 0.1716E+00   max: -.3386E+01   C at   31  2   RLX: 0.148
       a = -4.000      CL =  0.0333
      Cm = -0.1078     CD =  0.00915   =>   CDf =  0.00585    CDp =  0.00331

 Side 1  free  transition at x/c =  0.8643   67
 Side 2  free  transition at x/c =  0.2293   34

  13   rms: 0.1104E+00   max: -.1839E+01   C at   34  2   RLX: 0.272
       a = -4.000      CL =  0.0277
      Cm = -0.1073     CD =  0.00885   =>   CDf =  0.00566    CDp =  0.00319

 Side 1  free  transition at x/c =  0.8670   67
 Side 2  free  transition at x/c =  0.2705   37

  14   rms: 0.1174E+00   max: -.2281E+01   C at   37  2   RLX: 0.219
       a = -4.000      CL =  0.0236
      Cm = -0.1071     CD =  0.00859   =>   CDf =  0.00547    CDp =  0.00311

 Side 1  free  transition at x/c =  0.8688   67
 Side 2  free  transition at x/c =  0.2797   37

  15   rms: 0.7494E-01   max: -.1483E+01   C at   37  2   RLX: 0.337
       a = -4.000      CL =  0.0213
      Cm = -0.1069     CD =  0.00851   =>   CDf =  0.00542    CDp =  0.00309

 Side 1  free  transition at x/c =  0.8709   68
 Side 2  free  transition at x/c =  0.2867   38
 idif Ue xi dudx           1  0.14601776      2.68411636E-03   54.400681    
 Uenew xinew           2  1.93254976E-03  3.55243683E-05

  16   rms: 0.2758E-01   max: -.3494E+00   C at   38  2
       a = -4.000      CL =  0.0120
      Cm = -0.1056     CD =  0.00832   =>   CDf =  0.00535    CDp =  0.00297

 Side 1  free  transition at x/c =  0.8757   67
 Side 2  free  transition at x/c =  0.2825   39

  17   rms: 0.9141E-02   max: -.1591E+00   C at   39  2
       a = -4.000      CL =  0.0119
      Cm = -0.1055     CD =  0.00845   =>   CDf =  0.00535    CDp =  0.00310

 Side 1  free  transition at x/c =  0.8750   67
 Side 2  free  transition at x/c =  0.2866   39

  18   rms: 0.8737E-03   max: 0.1260E-01   C at   39  2
       a = -4.000      CL =  0.0120
      Cm = -0.1055     CD =  0.00845   =>   CDf =  0.00533    CDp =  0.00312

 Side 1  free  transition at x/c =  0.8750   67
 Side 2  free  transition at x/c =  0.2863   39

  19   rms: 0.8132E-05   max: -.1605E-03   C at   39  2
       a = -4.000      CL =  0.0120
      Cm = -0.1055     CD =  0.00845   =>   CDf =  0.00533    CDp =  0.00312
 plradd ia,ip,cpol            1           0  8.71286727E-04

 Point added to stored polar  1
 Point written to save file  mh201_Re500k.base.pol                           
 Dump file unspecified or not available
 Calculating wake trajectory ...
 Calculating source influence matrix ...

 Solving BL system ...

 Side 1  free  transition at x/c =  0.8750   67
 Side 2  free  transition at x/c =  0.2863   39

   1   rms: 0.3830E+00   max: -.7566E+01   C at   39  2   RLX: 0.066
       a = -3.500      CL =  0.0156
      Cm = -0.1056     CD =  0.00835   =>   CDf =  0.00539    CDp =  0.00296

 Side 1  free  transition at x/c =  0.8743   68
 Side 2  free  transition at x/c =  0.2976   39

   2   rms: 0.3593E+00   max: -.5827E+01   C at   39  2   RLX: 0.086
       a = -3.500      CL =  0.0206
      Cm = -0.1058     CD =  0.00826   =>   CDf =  0.00531    CDp =  0.00295

 Side 1  free  transition at x/c =  0.8734   68
 Side 2  free  transition at x/c =  0.3115   39

   3   rms: 0.2927E+00   max: -.5866E+01   C at   39  2   RLX: 0.085
       a = -3.500      CL =  0.0254
      Cm = -0.1059     CD =  0.00823   =>   CDf =  0.00526    CDp =  0.00297

 Side 1  free  transition at x/c =  0.8726   68
 Side 2  free  transition at x/c =  0.3264   40

   4   rms: 0.3434E+00   max: -.6964E+01   C at   40  2   RLX: 0.072
       a = -3.500      CL =  0.0287
      Cm = -0.1060     CD =  0.00814   =>   CDf =  0.00521    CDp =  0.00293

 Side 1  free  transition at x/c =  0.8721   68
 Side 2  free  transition at x/c =  0.3374   41

   5   rms: 0.3109E+00   max: -.6231E+01   C at   41  2   RLX: 0.080
       a = -3.500      CL =  0.0324
      Cm = -0.1062     CD =  0.00807   =>   CDf =  0.00517    CDp =  0.00290

 Side 1  free  transition at x/c =  0.8715   68
 Side 2  free  transition at x/c =  0.3489   42

   6   rms: 0.2800E+00   max: -.5422E+01   C at   42  2   RLX: 0.092
       a = -3.500      CL =  0.0363
      Cm = -0.1064     CD =  0.00800   =>   CDf =  0.00514    CDp =  0.00286

 Side 1  free  transition at x/c =  0.8709   68
 Side 2  free  transition at x/c =  0.3609   43

   7   rms: 0.2514E+00   max: -.4546E+01   C at   43  2   RLX: 0.110
       a = -3.500      CL =  0.0406
      Cm = -0.1066     CD =  0.00792   =>   CDf =  0.00510    CDp =  0.00281

 Side 1  free  transition at x/c =  0.8703   67
 Side 2  free  transition at x/c =  0.3747   43

   8   rms: 0.2000E+00   max: -.3968E+01   C at   43  2   RLX: 0.126
       a = -3.500      CL =  0.0440
      Cm = -0.1066     CD =  0.00788   =>   CDf =  0.00505    CDp =  0.00283

 Side 1  free  transition at x/c =  0.8693   67
 Side 2  free  transition at x/c =  0.3901   44

   9   rms: 0.2095E+00   max: -.4169E+01   C at   44  2   RLX: 0.120
       a = -3.500      CL =  0.0466
      Cm = -0.1065     CD =  0.00780   =>   CDf =  0.00499    CDp =  0.00281

 Side 1  free  transition at x/c =  0.8684   67
 Side 2  free  transition at x/c =  0.4031   45

  10   rms: 0.1764E+00   max: -.3495E+01   C at   45  2   RLX: 0.143
       a = -3.500      CL =  0.0496
      Cm = -0.1065     CD =  0.00773   =>   CDf =  0.00494    CDp =  0.00279

 Side 1  free  transition at x/c =  0.8676   67
 Side 2  free  transition at x/c =  0.4175   46

  11   rms: 0.1383E+00   max: -.2706E+01   C at   46  2   RLX: 0.185
       a = -3.500      CL =  0.0528
      Cm = -0.1065     CD =  0.00765   =>   CDf =  0.00489    CDp =  0.00276

 Side 1  free  transition at x/c =  0.8666   67
 Side 2  free  transition at x/c =  0.4348   47

  12   rms: 0.1020E+00   max: -.1971E+01   C at   47  2   RLX: 0.254
       a = -3.500      CL =  0.0564
      Cm = -0.1065     CD =  0.00757   =>   CDf =  0.00483    CDp =  0.00274

 Side 1  free  transition at x/c =  0.8656   67
 Side 2  free  transition at x/c =  0.4550   49

  13   rms: 0.8552E-01   max: -.1542E+01   C at   49  2   RLX: 0.324
       a = -3.500      CL =  0.0596
      Cm = -0.1065     CD =  0.00745   =>   CDf =  0.00477    CDp =  0.00268

 Side 1  free  transition at x/c =  0.8647   67
 Side 2  free  transition at x/c =  0.4689   49

  14   rms: 0.4503E-01   max: -.8513E+00   C at   49  2   RLX: 0.587
       a = -3.500      CL =  0.0641
      Cm = -0.1065     CD =  0.00743   =>   CDf =  0.00473    CDp =  0.00270

 Side 1  free  transition at x/c =  0.8636   67
 Side 2  free  transition at x/c =  0.4950   51

  15   rms: 0.1991E-01   max: -.3724E+00   C at   51  2
       a = -3.500      CL =  0.0667
      Cm = -0.1064     CD =  0.00731   =>   CDf =  0.00462    CDp =  0.00269

 Side 1  free  transition at x/c =  0.8629   67
 Side 2  free  transition at x/c =  0.5078   52

  16   rms: 0.2990E-02   max: -.5854E-01   C at   52  2
       a = -3.500      CL =  0.0667
      Cm = -0.1064     CD =  0.00731   =>   CDf =  0.00459    CDp =  0.00272

 Side 1  free  transition at x/c =  0.8629   67
 Side 2  free  transition at x/c =  0.5098   52

  17   rms: 0.4354E-04   max: -.8584E-03   C at   52  2
       a = -3.500      CL =  0.0667
      Cm = -0.1064     CD =  0.00731   =>   CDf =  0.00458    CDp =  0.00273
 plradd ia,ip,cpol            2           0  8.71286727E-04

 Point added to stored polar  1
 Point written to save file  mh201_Re500k.base.pol                           
 Dump file unspecified or not available
 Calculating wake trajectory ...
 Calculating source influence matrix ...

 Solving BL system ...

 Side 1  free  transition at x/c =  0.8629   67
 Side 2  free  transition at x/c =  0.5098   52

   1   rms: 0.2307E+00   max: -.4142E+01   C at   52  2   RLX: 0.121
       a = -3.000      CL =  0.0734
      Cm = -0.1065     CD =  0.00723   =>   CDf =  0.00458    CDp =  0.00265

 Side 1  free  transition at x/c =  0.8614   67
 Side 2  free  transition at x/c =  0.5275   53

   2   rms: 0.1762E+00   max: -.3053E+01   C at   53  2   RLX: 0.164
       a = -3.000      CL =  0.0818
      Cm = -0.1066     CD =  0.00717   =>   CDf =  0.00453    CDp =  0.00264

 Side 1  free  transition at x/c =  0.8597   67
 Side 2  free  transition at x/c =  0.5540   55

   3   rms: 0.1694E+00   max: -.2899E+01   C at   55  2   RLX: 0.172
       a = -3.000      CL =  0.0886
      Cm = -0.1065     CD =  0.00707   =>   CDf =  0.00444    CDp =  0.00263

 Side 1  free  transition at x/c =  0.8583   67
 Side 2  free  transition at x/c =  0.5751   56

   4   rms: 0.8803E-01   max: -.1082E+01   C at   56  2   RLX: 0.462
       a = -3.000      CL =  0.1058
      Cm = -0.1069     CD =  0.00703   =>   CDf =  0.00444    CDp =  0.00259

 Side 1  free  transition at x/c =  0.8555   68
 Side 2  free  transition at x/c =  0.6362   59

   5   rms: 0.4874E-01   max: -.3875E+00   T at    2  1
       a = -3.000      CL =  0.1247
      Cm = -0.1068     CD =  0.00703   =>   CDf =  0.00420    CDp =  0.00283

 Side 1  free  transition at x/c =  0.8527   67
 Side 2  free  transition at x/c =  0.6422   59

   6   rms: 0.1639E-01   max: -.2536E+00   D at   60  2
       a = -3.000      CL =  0.1232
      Cm = -0.1066     CD =  0.00701   =>   CDf =  0.00433    CDp =  0.00268

 Side 1  free  transition at x/c =  0.8515   67
 Side 2  free  transition at x/c =  0.6490   60

   7   rms: 0.9893E-02   max: 0.1502E+00   C at   60  2
       a = -3.000      CL =  0.1230
      Cm = -0.1065     CD =  0.00700   =>   CDf =  0.00421    CDp =  0.00279

 Side 1  free  transition at x/c =  0.8515   67
 Side 2  free  transition at x/c =  0.6451   60

   8   rms: 0.5401E-03   max: -.8359E-02   D at   63  2
       a = -3.000      CL =  0.1230
      Cm = -0.1065     CD =  0.00701   =>   CDf =  0.00424    CDp =  0.00276

 Side 1  free  transition at x/c =  0.8515   67
 Side 2  free  transition at x/c =  0.6449   60

   9   rms: 0.1940E-05   max: -.3370E-04   D at   63  2
       a = -3.000      CL =  0.1230
      Cm = -0.1065     CD =  0.00701   =>   CDf =  0.00425    CDp =  0.00276
 plradd ia,ip,cpol            3           0  8.71286727E-04

 Point added to stored polar  1
 Point written to save file  mh201_Re500k.base.pol                           
 Dump file unspecified or not available
 Calculating wake trajectory ...
 Calculating source influence matrix ...

 Solving BL system ...

 Side 1  free  transition at x/c =  0.8515   67
 Side 2  free  transition at x/c =  0.6449   60

   1   rms: 0.1082E+00   max: -.8118E+00   C at   60  2   RLX: 0.616
       a = -2.500      CL =  0.1554
      Cm = -0.1059     CD =  0.00703   =>   CDf =  0.00425    CDp =  0.00278

 Side 1  free  transition at x/c =  0.8424   67
 Side 2  free  transition at x/c =  0.6634   61

   2   rms: 0.4294E-01   max: -.3012E+00   T at   61  2
       a = -2.500      CL =  0.1813
      Cm = -0.1069     CD =  0.00714   =>   CDf =  0.00437    CDp =  0.00277

 Side 1  free  transition at x/c =  0.8398   67
 Side 2  free  transition at x/c =  0.6931   63

   3   rms: 0.1895E-01   max: 0.2400E+00   C at   63  2
       a = -2.500      CL =  0.1810
      Cm = -0.1067     CD =  0.00710   =>   CDf =  0.00427    CDp =  0.00282

 Side 1  free  transition at x/c =  0.8399   67
 Side 2  free  transition at x/c =  0.6889   63

   4   rms: 0.3324E-02   max: -.4321E-01   D at   66  2
       a = -2.500      CL =  0.1809
      Cm = -0.1067     CD =  0.00713   =>   CDf =  0.00434    CDp =  0.00280

 Side 1  free  transition at x/c =  0.8399   67
 Side 2  free  transition at x/c =  0.6883   62

   5   rms: 0.6930E-03   max: 0.1222E-01   D at   63  2
       a = -2.500      CL =  0.1808
      Cm = -0.1067     CD =  0.00713   =>   CDf =  0.00434    CDp =  0.00279

 Side 1  free  transition at x/c =  0.8399   67
 Side 2  free  transition at x/c =  0.6880   62

   6   rms: 0.5682E-05   max: 0.6620E-04   D at   65  2
       a = -2.500      CL =  0.1808
      Cm = -0.1067     CD =  0.00713   =>   CDf =  0.00434    CDp =  0.00279
 plradd ia,ip,cpol            4           0  8.71286727E-04

 Point added to stored polar  1
 Point written to save file  mh201_Re500k.base.pol                           
 Dump file unspecified or not available
 Calculating wake trajectory ...
 Calculating source influence matrix ...

 Solving BL system ...

 Side 1  free  transition at x/c =  0.8399   67
 Side 2  free  transition at x/c =  0.6880   62

   1   rms: 0.9799E-01   max: 0.5134E+00   C at   62  2
       a = -2.000      CL =  0.2448
      Cm = -0.1083     CD =  0.00739   =>   CDf =  0.00438    CDp =  0.00302

 MRCHDU: Convergence failed at  64  side 2    Res =  0.1571E+01
 MRCHDU: Convergence failed at  65  side 2    Res =  0.2519E+01
 MRCHDU: Convergence failed at  66  side 2    Res =  0.4581E+01
 MRCHDU: Convergence failed at  67  side 2    Res =  0.7947E+01
 MRCHDU: Convergence failed at  68  side 2    Res =  0.1231E+02
 MRCHDU: Convergence failed at  69  side 2    Res =  0.1674E+02
 MRCHDU: Convergence failed at  70  side 2    Res =  0.1958E+02
 MRCHDU: Convergence failed at  71  side 2    Res =  0.2025E+02
 MRCHDU: Convergence failed at  72  side 2    Res =  0.1946E+02
 MRCHDU: Convergence failed at  73  side 2    Res =  0.1798E+02
 MRCHDU: Convergence failed at  74  side 2    Res =  0.1620E+02
 MRCHDU: Convergence failed at  75  side 2    Res =  0.1468E+02
 MRCHDU: Convergence failed at  76  side 2    Res =  0.1355E+02
 MRCHDU: Convergence failed at  77  side 2    Res =  0.1276E+02
 MRCHDU: Convergence failed at  78  side 2    Res =  0.1231E+02
 MRCHDU: Convergence failed at  79  side 2    Res =  0.1239E+02
 MRCHDU: Convergence failed at  80  side 2    Res =  0.1316E+02
 MRCHDU: Convergence failed at  81  side 2    Res =  0.1440E+02
 MRCHDU: Convergence failed at  82  side 2    Res =  0.1676E+02
 MRCHDU: Convergence failed at  83  side 2    Res =  0.1344E+02
 Side 1  free  transition at x/c =  0.8294   67
 Side 2  free  transition at x/c =  0.7204   64

   2   rms: 0.2132E+00   max: 0.1105E+01   T at   82  2
       a = -2.000      CL =  0.2084
      Cm = -0.0986     CD =  0.00660   =>   CDf =  0.00379    CDp =  0.00281

 Side 1  free  transition at x/c =  0.8265   67
 Side 2  free  transition at x/c =  0.7014   62

   3   rms: 0.4916E-01   max: -.4076E+00   D at   63  2
       a = -2.000      CL =  0.2366
      Cm = -0.1065     CD =  0.00733   =>   CDf =  0.00446    CDp =  0.00287

 Side 1  free  transition at x/c =  0.8272   67
 Side 2  free  transition at x/c =  0.7175   63

   4   rms: 0.1227E-01   max: 0.1781E+00   D at   64  2
       a = -2.000      CL =  0.2357
      Cm = -0.1061     CD =  0.00729   =>   CDf =  0.00441    CDp =  0.00288

 Side 1  free  transition at x/c =  0.8273   67
 Side 2  free  transition at x/c =  0.7110   63

   5   rms: 0.3458E-02   max: -.3960E-01   D at   64  2
       a = -2.000      CL =  0.2360
      Cm = -0.1062     CD =  0.00728   =>   CDf =  0.00441    CDp =  0.00287

 Side 1  free  transition at x/c =  0.8273   67
 Side 2  free  transition at x/c =  0.7121   63

   6   rms: 0.8162E-04   max: -.1055E-02   D at   66  2
       a = -2.000      CL =  0.2360
      Cm = -0.1062     CD =  0.00728   =>   CDf =  0.00440    CDp =  0.00288
 plradd ia,ip,cpol            5           0  0.31461307    

 Point added to stored polar  1
 Point written to save file  mh201_Re500k.base.pol                           
 Dump file unspecified or not available
 Calculating wake trajectory ...
 Calculating source influence matrix ...

 Solving BL system ...

 Side 1  free  transition at x/c =  0.8273   67
 Side 2  free  transition at x/c =  0.7121   63

   1   rms: 0.8838E-01   max: -.3575E+00   T at   63  2
       a = -1.500      CL =  0.2946
      Cm = -0.1064     CD =  0.00749   =>   CDf =  0.00442    CDp =  0.00306

 Side 1  free  transition at x/c =  0.8164   67
 Side 2  free  transition at x/c =  0.7279   63

   2   rms: 0.1118E-01   max: -.1316E+00   D at   67  1
       a = -1.500      CL =  0.2917
      Cm = -0.1059     CD =  0.00744   =>   CDf =  0.00450    CDp =  0.00294

 Side 1  free  transition at x/c =  0.8146   67
 Side 2  free  transition at x/c =  0.7302   63

   3   rms: 0.1156E-02   max: -.1015E-01   D at   67  1
       a = -1.500      CL =  0.2919
      Cm = -0.1059     CD =  0.00744   =>   CDf =  0.00449    CDp =  0.00295

 Side 1  free  transition at x/c =  0.8147   67
 Side 2  free  transition at x/c =  0.7303   63

   4   rms: 0.5828E-05   max: -.5105E-04   D at   69  1
       a = -1.500      CL =  0.2919
      Cm = -0.1059     CD =  0.00744   =>   CDf =  0.00449    CDp =  0.00296
 plradd ia,ip,cpol            6           0  0.28405464    

 Point added to stored polar  1
 Point written to save file  mh201_Re500k.base.pol                           
 Dump file unspecified or not available
 Calculating wake trajectory ...
 Calculating source influence matrix ...

 Solving BL system ...

 Side 1  free  transition at x/c =  0.8147   67
 Side 2  free  transition at x/c =  0.7303   63

   1   rms: 0.8376E-01   max: -.3306E+00   T at   63  2
       a = -1.000      CL =  0.3486
      Cm = -0.1059     CD =  0.00760   =>   CDf =  0.00450    CDp =  0.00310

 Side 1  free  transition at x/c =  0.8020   67
 Side 2  free  transition at x/c =  0.7453   63

   2   rms: 0.1457E-01   max: 0.1643E+00   D at   64  2
       a = -1.000      CL =  0.3478
      Cm = -0.1057     CD =  0.00758   =>   CDf =  0.00457    CDp =  0.00301

 Side 1  free  transition at x/c =  0.8022   67
 Side 2  free  transition at x/c =  0.7448   63

   3   rms: 0.1260E-02   max: 0.1610E-01   D at   64  2
       a = -1.000      CL =  0.3475
      Cm = -0.1056     CD =  0.00759   =>   CDf =  0.00456    CDp =  0.00303

 Side 1  free  transition at x/c =  0.8020   67
 Side 2  free  transition at x/c =  0.7446   63

   4   rms: 0.6238E-05   max: 0.5326E-04   D at    4  1
       a = -1.000      CL =  0.3475
      Cm = -0.1056     CD =  0.00759   =>   CDf =  0.00456    CDp =  0.00303
 plradd ia,ip,cpol            7           0  0.23864439    

 Point added to stored polar  1
 Point written to save file  mh201_Re500k.base.pol                           
 Dump file unspecified or not available
 Calculating wake trajectory ...
 Calculating source influence matrix ...

 Solving BL system ...

 Side 1  free  transition at x/c =  0.8020   67
 Side 2  free  transition at x/c =  0.7446   63

   1   rms: 0.8157E-01   max: -.3067E+00   T at   63  2
       a = -0.500      CL =  0.4023
      Cm = -0.1052     CD =  0.00771   =>   CDf =  0.00456    CDp =  0.00315

 Side 1  free  transition at x/c =  0.7873   66
 Side 2  free  transition at x/c =  0.7559   64

   2   rms: 0.1163E-01   max: -.1296E+00   D at   66  1
       a = -0.500      CL =  0.4033
      Cm = -0.1054     CD =  0.00770   =>   CDf =  0.00467    CDp =  0.00303

 Side 1  free  transition at x/c =  0.7892   66
 Side 2  free  transition at x/c =  0.7568   64

   3   rms: 0.8658E-03   max: 0.8118E-02   D at   67  1
       a = -0.500      CL =  0.4031
      Cm = -0.1053     CD =  0.00771   =>   CDf =  0.00463    CDp =  0.00308

 Side 1  free  transition at x/c =  0.7888   66
 Side 2  free  transition at x/c =  0.7568   64

   4   rms: 0.7824E-05   max: -.7982E-04   D at   66  1
       a = -0.500      CL =  0.4031
      Cm = -0.1053     CD =  0.00771   =>   CDf =  0.00463    CDp =  0.00308
 plradd ia,ip,cpol            8           0  0.20876239    

 Point added to stored polar  1
 Point written to save file  mh201_Re500k.base.pol                           
 Dump file unspecified or not available
 Calculating wake trajectory ...
 Calculating source influence matrix ...

 Solving BL system ...

 Side 1  free  transition at x/c =  0.7888   66
 Side 2  free  transition at x/c =  0.7568   64

   1   rms: 0.8028E-01   max: -.3035E+00   T at   64  2
       a =  0.000      CL =  0.4553
      Cm = -0.1043     CD =  0.00780   =>   CDf =  0.00461    CDp =  0.00319

 Side 1  free  transition at x/c =  0.7721   66
 Side 2  free  transition at x/c =  0.7676   64

   2   rms: 0.2690E-01   max: -.1559E+00   T at   64  2
       a =  0.000      CL =  0.4584
      Cm = -0.1050     CD =  0.00780   =>   CDf =  0.00476    CDp =  0.00305

 Side 1  free  transition at x/c =  0.7752   66
 Side 2  free  transition at x/c =  0.7698   64

   3   rms: 0.2722E-02   max: -.2809E-01   D at   66  2
       a =  0.000      CL =  0.4582
      Cm = -0.1049     CD =  0.00784   =>   CDf =  0.00469    CDp =  0.00315

 Side 1  free  transition at x/c =  0.7747   66
 Side 2  free  transition at x/c =  0.7696   64

   4   rms: 0.3611E-04   max: -.6147E-03   D at   66  2
       a =  0.000      CL =  0.4582
      Cm = -0.1049     CD =  0.00784   =>   CDf =  0.00470    CDp =  0.00315
 plradd ia,ip,cpol            9           0  0.17934625    

 Point added to stored polar  1
 Point written to save file  mh201_Re500k.base.pol                           
 Dump file unspecified or not available
 Calculating wake trajectory ...
 Calculating source influence matrix ...

 Solving BL system ...

 Side 1  free  transition at x/c =  0.7747   66
 Side 2  free  transition at x/c =  0.7696   64

   1   rms: 0.8122E-01   max: -.3787E+00   T at   64  2
       a =  0.500      CL =  0.5078
      Cm = -0.1033     CD =  0.00788   =>   CDf =  0.00466    CDp =  0.00322

 Side 1  free  transition at x/c =  0.7559   66
 Side 2  free  transition at x/c =  0.7759   63

   2   rms: 0.4368E-01   max: -.3309E+00   D at   63  2
       a =  0.500      CL =  0.5131
      Cm = -0.1046     CD =  0.00799   =>   CDf =  0.00475    CDp =  0.00323

 Side 1  free  transition at x/c =  0.7599   66
 Side 2  free  transition at x/c =  0.7809   63

   3   rms: 0.3978E-02   max: 0.4713E-01   D at   64  2
       a =  0.500      CL =  0.5122
      Cm = -0.1043     CD =  0.00795   =>   CDf =  0.00473    CDp =  0.00322

 Side 1  free  transition at x/c =  0.7593   66
 Side 2  free  transition at x/c =  0.7800   63

   4   rms: 0.4859E-04   max: -.5446E-03   D at   64  2
       a =  0.500      CL =  0.5122
      Cm = -0.1043     CD =  0.00795   =>   CDf =  0.00473    CDp =  0.00322
 plradd ia,ip,cpol           10           0  0.15057242    

 Point added to stored polar  1
 Point written to save file  mh201_Re500k.base.pol                           
 Dump file unspecified or not available
 Calculating wake trajectory ...
 Calculating source influence matrix ...

 Solving BL system ...

 Side 1  free  transition at x/c =  0.7593   66
 Side 2  free  transition at x/c =  0.7800   63

   1   rms: 0.7988E-01   max: -.3012E+00   T at   63  2
       a =  1.000      CL =  0.5659
      Cm = -0.1039     CD =  0.00800   =>   CDf =  0.00473    CDp =  0.00326

 Side 1  free  transition at x/c =  0.7386   65
 Side 2  free  transition at x/c =  0.7901   64

   2   rms: 0.2426E-01   max: 0.2278E+00   D at   64  2
       a =  1.000      CL =  0.5665
      Cm = -0.1039     CD =  0.00798   =>   CDf =  0.00481    CDp =  0.00318

 Side 1  free  transition at x/c =  0.7433   65
 Side 2  free  transition at x/c =  0.7880   64

   3   rms: 0.2052E-02   max: 0.2117E-01   D at   65  2
       a =  1.000      CL =  0.5661
      Cm = -0.1038     CD =  0.00800   =>   CDf =  0.00475    CDp =  0.00326

 Side 1  free  transition at x/c =  0.7425   65
 Side 2  free  transition at x/c =  0.7878   64

   4   rms: 0.4344E-04   max: -.4775E-03   C at   65  1
       a =  1.000      CL =  0.5661
      Cm = -0.1038     CD =  0.00800   =>   CDf =  0.00475    CDp =  0.00325
 plradd ia,ip,cpol           11           0  0.12271314    

 Point added to stored polar  1
 Point written to save file  mh201_Re500k.base.pol                           
 Dump file unspecified or not available
 Calculating wake trajectory ...
 Calculating source influence matrix ...

 Solving BL system ...

 Side 1  free  transition at x/c =  0.7425   65
 Side 2  free  transition at x/c =  0.7878   64

   1   rms: 0.7804E-01   max: -.2404E+00   T at   64  2
       a =  1.500      CL =  0.6175
      Cm = -0.1028     CD =  0.00802   =>   CDf =  0.00469    CDp =  0.00333

 Side 1  free  transition at x/c =  0.7199   65
 Side 2  free  transition at x/c =  0.7944   63

   2   rms: 0.2231E-01   max: -.2201E+00   D at   65  1
       a =  1.500      CL =  0.6201
      Cm = -0.1033     CD =  0.00807   =>   CDf =  0.00484    CDp =  0.00322

 Side 1  free  transition at x/c =  0.7249   65
 Side 2  free  transition at x/c =  0.7959   63

   3   rms: 0.3024E-02   max: 0.3679E-01   C at   65  1
       a =  1.500      CL =  0.6199
      Cm = -0.1033     CD =  0.00807   =>   CDf =  0.00476    CDp =  0.00331

 Side 1  free  transition at x/c =  0.7236   65
 Side 2  free  transition at x/c =  0.7958   63

   4   rms: 0.8974E-04   max: -.1058E-02   D at   65  1
       a =  1.500      CL =  0.6199
      Cm = -0.1033     CD =  0.00808   =>   CDf =  0.00478    CDp =  0.00330
 plradd ia,ip,cpol           12           0  0.10925206    

 Point added to stored polar  1
 Point written to save file  mh201_Re500k.base.pol                           
 Dump file unspecified or not available
 Calculating wake trajectory ...
 Calculating source influence matrix ...

 Solving BL system ...

 Side 1  free  transition at x/c =  0.7236   65
 Side 2  free  transition at x/c =  0.7958   63

   1   rms: 0.8097E-01   max: -.2613E+00   T at   63  2
       a =  2.000      CL =  0.6744
      Cm = -0.1031     CD =  0.00814   =>   CDf =  0.00478    CDp =  0.00336

 Side 1  free  transition at x/c =  0.6998   64
 Side 2  free  transition at x/c =  0.8055   64

   2   rms: 0.2709E-01   max: -.3041E+00   D at   64  1
       a =  2.000      CL =  0.6732
      Cm = -0.1027     CD =  0.00811   =>   CDf =  0.00485    CDp =  0.00326

 Side 1  free  transition at x/c =  0.7044   64
 Side 2  free  transition at x/c =  0.8032   64

   3   rms: 0.6544E-02   max: 0.9091E-01   C at   64  1
       a =  2.000      CL =  0.6728
      Cm = -0.1026     CD =  0.00814   =>   CDf =  0.00477    CDp =  0.00337

 Side 1  free  transition at x/c =  0.7024   64
 Side 2  free  transition at x/c =  0.8029   64

   4   rms: 0.3221E-03   max: -.5414E-02   D at   66  1
       a =  2.000      CL =  0.6728
      Cm = -0.1026     CD =  0.00814   =>   CDf =  0.00481    CDp =  0.00334

 Side 1  free  transition at x/c =  0.7023   64
 Side 2  free  transition at x/c =  0.8029   64

   5   rms: 0.3638E-05   max: 0.1828E-04   T at   64  2
       a =  2.000      CL =  0.6728
      Cm = -0.1026     CD =  0.00814   =>   CDf =  0.00481    CDp =  0.00333
 plradd ia,ip,cpol           13           0  8.36642012E-02

 Point added to stored polar  1
 Point written to save file  mh201_Re500k.base.pol                           
 Dump file unspecified or not available
 Calculating wake trajectory ...
 Calculating source influence matrix ...

 Solving BL system ...

 Side 1  free  transition at x/c =  0.7023   64
 Side 2  free  transition at x/c =  0.8029   64

   1   rms: 0.8316E-01   max: -.2475E+00   T at   64  2
       a =  2.500      CL =  0.7249
      Cm = -0.1016     CD =  0.00829   =>   CDf =  0.00471    CDp =  0.00357

 Side 1  free  transition at x/c =  0.6768   63
 Side 2  free  transition at x/c =  0.8093   63

   2   rms: 0.2052E-01   max: 0.2271E+00   D at   64  1
       a =  2.500      CL =  0.7249
      Cm = -0.1018     CD =  0.00827   =>   CDf =  0.00483    CDp =  0.00343

 Side 1  free  transition at x/c =  0.6770   63
 Side 2  free  transition at x/c =  0.8109   63

   3   rms: 0.1666E-02   max: 0.1915E-01   C at   63  1
       a =  2.500      CL =  0.7249
      Cm = -0.1018     CD =  0.00825   =>   CDf =  0.00482    CDp =  0.00343

 Side 1  free  transition at x/c =  0.6764   63
 Side 2  free  transition at x/c =  0.8108   63

   4   rms: 0.1023E-04   max: -.1260E-03   C at   63  1
       a =  2.500      CL =  0.7249
      Cm = -0.1018     CD =  0.00825   =>   CDf =  0.00483    CDp =  0.00342
 plradd ia,ip,cpol           14           0  7.17799887E-02

 Point added to stored polar  1
 Point written to save file  mh201_Re500k.base.pol                           
 Dump file unspecified or not available
 Calculating wake trajectory ...
 Calculating source influence matrix ...

 Solving BL system ...

 Side 1  free  transition at x/c =  0.6764   63
 Side 2  free  transition at x/c =  0.8108   63

   1   rms: 0.8268E-01   max: -.2409E+00   T at   63  2
       a =  3.000      CL =  0.7775
      Cm = -0.1012     CD =  0.00837   =>   CDf =  0.00483    CDp =  0.00354

 Side 1  free  transition at x/c =  0.6390   61
 Side 2  free  transition at x/c =  0.8182   64

   2   rms: 0.1946E-01   max: 0.2756E+00   D at   62  1
       a =  3.000      CL =  0.7754
      Cm = -0.1007     CD =  0.00838   =>   CDf =  0.00496    CDp =  0.00342

 Side 1  free  transition at x/c =  0.6456   61
 Side 2  free  transition at x/c =  0.8172   64

   3   rms: 0.4996E-02   max: 0.8802E-01   C at   61  1
       a =  3.000      CL =  0.7757
      Cm = -0.1007     CD =  0.00837   =>   CDf =  0.00487    CDp =  0.00351

 Side 1  free  transition at x/c =  0.6431   61
 Side 2  free  transition at x/c =  0.8171   64

   4   rms: 0.8427E-04   max: -.9943E-03   D at   61  1
       a =  3.000      CL =  0.7758
      Cm = -0.1007     CD =  0.00838   =>   CDf =  0.00489    CDp =  0.00348
 plradd ia,ip,cpol           15           0  6.07302822E-02

 Point added to stored polar  1
 Point written to save file  mh201_Re500k.base.pol                           
 Dump file unspecified or not available
 Calculating wake trajectory ...
 Calculating source influence matrix ...

 Solving BL system ...

 Side 1  free  transition at x/c =  0.6431   61
 Side 2  free  transition at x/c =  0.8171   64

   1   rms: 0.8705E-01   max: 0.6488E+00   C at   61  1
       a =  3.500      CL =  0.8235
      Cm = -0.0990     CD =  0.00858   =>   CDf =  0.00476    CDp =  0.00382

 Side 1  free  transition at x/c =  0.5946   59
 Side 2  free  transition at x/c =  0.8224   63

   2   rms: 0.2586E-01   max: 0.2608E+00   D at   61  1
       a =  3.500      CL =  0.8238
      Cm = -0.0991     CD =  0.00861   =>   CDf =  0.00507    CDp =  0.00354

 Side 1  free  transition at x/c =  0.6010   59
 Side 2  free  transition at x/c =  0.8233   63

   3   rms: 0.4606E-02   max: 0.7111E-01   C at   59  1
       a =  3.500      CL =  0.8239
      Cm = -0.0992     CD =  0.00863   =>   CDf =  0.00499    CDp =  0.00365

 Side 1  free  transition at x/c =  0.5989   59
 Side 2  free  transition at x/c =  0.8232   63

   4   rms: 0.1304E-03   max: -.2787E-02   D at   61  1
       a =  3.500      CL =  0.8239
      Cm = -0.0992     CD =  0.00863   =>   CDf =  0.00500    CDp =  0.00363

 Side 1  free  transition at x/c =  0.5988   59
 Side 2  free  transition at x/c =  0.8232   63

   5   rms: 0.1795E-05   max: -.2908E-04   C at   59  1
       a =  3.500      CL =  0.8239
      Cm = -0.0992     CD =  0.00863   =>   CDf =  0.00500    CDp =  0.00363
 plradd ia,ip,cpol           16           0  5.06923161E-02

 Point added to stored polar  1
 Point written to save file  mh201_Re500k.base.pol                           
 Dump file unspecified or not available
 Calculating wake trajectory ...
 Calculating source influence matrix ...

 Solving BL system ...

 Side 1  free  transition at x/c =  0.5988   59
 Side 2  free  transition at x/c =  0.8232   63

   1   rms: 0.9552E-01   max: 0.1029E+01   C at   59  1
       a =  4.000      CL =  0.8707
      Cm = -0.0975     CD =  0.00901   =>   CDf =  0.00485    CDp =  0.00416

 Side 1  free  transition at x/c =  0.5407   56
 Side 2  free  transition at x/c =  0.8292   62

   2   rms: 0.2156E-01   max: -.2178E+00   C at   56  1
       a =  4.000      CL =  0.8708
      Cm = -0.0976     CD =  0.00908   =>   CDf =  0.00528    CDp =  0.00381

 Side 1  free  transition at x/c =  0.5464   57
 Side 2  free  transition at x/c =  0.8297   63

   3   rms: 0.4493E-02   max: -.5736E-01   D at   62  2
       a =  4.000      CL =  0.8707
      Cm = -0.0976     CD =  0.00909   =>   CDf =  0.00524    CDp =  0.00384

 Side 1  free  transition at x/c =  0.5461   56
 Side 2  free  transition at x/c =  0.8297   63

   4   rms: 0.3141E-03   max: 0.3958E-02   D at   63  2
       a =  4.000      CL =  0.8707
      Cm = -0.0976     CD =  0.00909   =>   CDf =  0.00522    CDp =  0.00386

 Side 1  free  transition at x/c =  0.5461   56
 Side 2  free  transition at x/c =  0.8296   63

   5   rms: 0.7005E-06   max: -.3959E-05   D at   58  1
       a =  4.000      CL =  0.8707
      Cm = -0.0976     CD =  0.00909   =>   CDf =  0.00522    CDp =  0.00386
 plradd ia,ip,cpol           17           0  4.17983346E-02

 Point added to stored polar  1
 Point written to save file  mh201_Re500k.base.pol                           
 Dump file unspecified or not available
 Calculating wake trajectory ...
 Calculating source influence matrix ...

 Solving BL system ...

 Side 1  free  transition at x/c =  0.5461   56
 Side 2  free  transition at x/c =  0.8296   63

   1   rms: 0.8786E-01   max: 0.8033E+00   C at   56  1
       a =  4.500      CL =  0.9187
      Cm = -0.0961     CD =  0.00931   =>   CDf =  0.00523    CDp =  0.00408

 Side 1  free  transition at x/c =  0.4801   52
 Side 2  free  transition at x/c =  0.8352   63

   2   rms: 0.2111E-01   max: -.2691E+00   C at   52  1
       a =  4.500      CL =  0.9132
      Cm = -0.0951     CD =  0.00962   =>   CDf =  0.00548    CDp =  0.00413

 Side 1  free  transition at x/c =  0.4913   53
 Side 2  free  transition at x/c =  0.8352   63

   3   rms: 0.4074E-02   max: 0.6931E-01   C at   53  1
       a =  4.500      CL =  0.9142
      Cm = -0.0953     CD =  0.00959   =>   CDf =  0.00538    CDp =  0.00420

 Side 1  free  transition at x/c =  0.4892   53
 Side 2  free  transition at x/c =  0.8351   63

   4   rms: 0.7797E-04   max: -.1517E-02   D at   55  1
       a =  4.500      CL =  0.9141
      Cm = -0.0953     CD =  0.00959   =>   CDf =  0.00540    CDp =  0.00419
 plradd ia,ip,cpol           18           0  3.40924636E-02

 Point added to stored polar  1
 Point written to save file  mh201_Re500k.base.pol                           
 Dump file unspecified or not available
 Calculating wake trajectory ...
 Calculating source influence matrix ...

 Solving BL system ...

 Side 1  free  transition at x/c =  0.4892   53
 Side 2  free  transition at x/c =  0.8351   63

   1   rms: 0.1083E+00   max: 0.1448E+01   C at   53  1   RLX: 0.870
       a =  5.000      CL =  0.9504
      Cm = -0.0931     CD =  0.01017   =>   CDf =  0.00522    CDp =  0.00496

 Side 1  free  transition at x/c =  0.4339   50
 Side 2  free  transition at x/c =  0.8401   62

   2   rms: 0.2160E-01   max: 0.1732E+00   D at   53  1
       a =  5.000      CL =  0.9577
      Cm = -0.0932     CD =  0.01021   =>   CDf =  0.00564    CDp =  0.00457

 Side 1  free  transition at x/c =  0.4311   50
 Side 2  free  transition at x/c =  0.8416   62

   3   rms: 0.1109E-02   max: 0.1188E-01   C at   50  1
       a =  5.000      CL =  0.9574
      Cm = -0.0931     CD =  0.01023   =>   CDf =  0.00561    CDp =  0.00462

 Side 1  free  transition at x/c =  0.4307   50
 Side 2  free  transition at x/c =  0.8415   62

   4   rms: 0.7552E-05   max: -.1307E-03   C at   50  1
       a =  5.000      CL =  0.9574
      Cm = -0.0931     CD =  0.01023   =>   CDf =  0.00562    CDp =  0.00462
 plradd ia,ip,cpol           19           0  2.75715608E-02

 Point added to stored polar  1
 Point written to save file  mh201_Re500k.base.pol                           
 Dump file unspecified or not available
 Calculating wake trajectory ...
 Calculating source influence matrix ...

 Solving BL system ...

 Side 1  free  transition at x/c =  0.4307   50
 Side 2  free  transition at x/c =  0.8415   62

   1   rms: 0.1073E+00   max: 0.1476E+01   C at   50  1   RLX: 0.965
       a =  5.500      CL =  1.0007
      Cm = -0.0915     CD =  0.01088   =>   CDf =  0.00562    CDp =  0.00527

 Side 1  free  transition at x/c =  0.3707   46
 Side 2  free  transition at x/c =  0.8483   63

   2   rms: 0.1958E-01   max: -.2199E+00   C at   46  1
       a =  5.500      CL =  0.9994
      Cm = -0.0909     CD =  0.01092   =>   CDf =  0.00588    CDp =  0.00504

 Side 1  free  transition at x/c =  0.3758   46
 Side 2  free  transition at x/c =  0.8477   63

   3   rms: 0.2010E-02   max: 0.3488E-01   C at   46  1
       a =  5.500      CL =  0.9994
      Cm = -0.0909     CD =  0.01094   =>   CDf =  0.00583    CDp =  0.00511

 Side 1  free  transition at x/c =  0.3747   46
 Side 2  free  transition at x/c =  0.8476   63

   4   rms: 0.2323E-04   max: -.3262E-03   C at   46  1
       a =  5.500      CL =  0.9994
      Cm = -0.0909     CD =  0.01094   =>   CDf =  0.00583    CDp =  0.00511
 plradd ia,ip,cpol           20           0  2.21357699E-02

 Point added to stored polar  1
 Point written to save file  mh201_Re500k.base.pol                           
 Dump file unspecified or not available
 Calculating wake trajectory ...
 Calculating source influence matrix ...

 Solving BL system ...

 Side 1  free  transition at x/c =  0.3747   46
 Side 2  free  transition at x/c =  0.8476   63

   1   rms: 0.9432E-01   max: 0.1134E+01   C at   46  1
       a =  6.000      CL =  1.0446
      Cm = -0.0891     CD =  0.01144   =>   CDf =  0.00562    CDp =  0.00582

 Side 1  free  transition at x/c =  0.3166   44
 Side 2  free  transition at x/c =  0.8532   62

   2   rms: 0.2316E-01   max: -.2720E+00   C at   44  1
       a =  6.000      CL =  1.0412
      Cm = -0.0886     CD =  0.01161   =>   CDf =  0.00607    CDp =  0.00554

 Side 1  free  transition at x/c =  0.3244   44
 Side 2  free  transition at x/c =  0.8541   62

   3   rms: 0.2886E-02   max: 0.4878E-01   C at   44  1
       a =  6.000      CL =  1.0407
      Cm = -0.0885     CD =  0.01166   =>   CDf =  0.00599    CDp =  0.00567

 Side 1  free  transition at x/c =  0.3231   44
 Side 2  free  transition at x/c =  0.8540   62

   4   rms: 0.3908E-04   max: -.5451E-03   D at   46  1
       a =  6.000      CL =  1.0407
      Cm = -0.0885     CD =  0.01166   =>   CDf =  0.00600    CDp =  0.00566
 plradd ia,ip,cpol           21           0  1.76384728E-02

 Point added to stored polar  1
 Point written to save file  mh201_Re500k.base.pol                           
 Dump file unspecified or not available
 Calculating wake trajectory ...
 Calculating source influence matrix ...

 Solving BL system ...

 Side 1  free  transition at x/c =  0.3231   44
 Side 2  free  transition at x/c =  0.8540   62

   1   rms: 0.1041E+00   max: 0.1414E+01   C at   44  1   RLX: 0.934
       a =  6.500      CL =  1.0804
      Cm = -0.0866     CD =  0.01237   =>   CDf =  0.00577    CDp =  0.00660

 Side 1  free  transition at x/c =  0.2769   42
 Side 2  free  transition at x/c =  0.8600   62

   2   rms: 0.1886E-01   max: 0.1750E+00   D at   44  1
       a =  6.500      CL =  1.0824
      Cm = -0.0864     CD =  0.01242   =>   CDf =  0.00620    CDp =  0.00622

 Side 1  free  transition at x/c =  0.2773   42
 Side 2  free  transition at x/c =  0.8612   62

   3   rms: 0.1963E-02   max: 0.3247E-01   C at   42  1
       a =  6.500      CL =  1.0821
      Cm = -0.0863     CD =  0.01244   =>   CDf =  0.00615    CDp =  0.00629

 Side 1  free  transition at x/c =  0.2765   42
 Side 2  free  transition at x/c =  0.8611   62

   4   rms: 0.2383E-04   max: -.2606E-03   C at   42  1
       a =  6.500      CL =  1.0821
      Cm = -0.0863     CD =  0.01244   =>   CDf =  0.00616    CDp =  0.00628
 plradd ia,ip,cpol           22           0  1.39153441E-02

 Point added to stored polar  1
 Point written to save file  mh201_Re500k.base.pol                           
 Dump file unspecified or not available
 Calculating wake trajectory ...
 Calculating source influence matrix ...

 Solving BL system ...

 Side 1  free  transition at x/c =  0.2766   42
 Side 2  free  transition at x/c =  0.8611   62

   1   rms: 0.9919E-01   max: 0.1270E+01   C at   42  1   RLX: 0.957
       a =  7.000      CL =  1.1199
      Cm = -0.0838     CD =  0.01315   =>   CDf =  0.00616    CDp =  0.00699

 Side 1  free  transition at x/c =  0.2348   39
 Side 2  free  transition at x/c =  0.8672   62

   2   rms: 0.1825E-01   max: 0.1814E+00   D at   41  1
       a =  7.000      CL =  1.1206
      Cm = -0.0836     CD =  0.01324   =>   CDf =  0.00632    CDp =  0.00691

 Side 1  free  transition at x/c =  0.2362   39
 Side 2  free  transition at x/c =  0.8681   62

   3   rms: 0.1916E-02   max: 0.3735E-01   C at   39  1
       a =  7.000      CL =  1.1204
      Cm = -0.0835     CD =  0.01325   =>   CDf =  0.00628    CDp =  0.00696

 Side 1  free  transition at x/c =  0.2353   39
 Side 2  free  transition at x/c =  0.8680   62

   4   rms: 0.2372E-04   max: -.2337E-03   D at   41  1
       a =  7.000      CL =  1.1204
      Cm = -0.0835     CD =  0.01325   =>   CDf =  0.00629    CDp =  0.00696
 plradd ia,ip,cpol           23           0  1.08210417E-02

 Point added to stored polar  1
 Point written to save file  mh201_Re500k.base.pol                           
 Dump file unspecified or not available
 Calculating wake trajectory ...
 Calculating source influence matrix ...

 Solving BL system ...

 Side 1  free  transition at x/c =  0.2353   39
 Side 2  free  transition at x/c =  0.8681   62

   1   rms: 0.8815E-01   max: 0.9428E+00   C at   39  1
       a =  7.500      CL =  1.1624
      Cm = -0.0814     CD =  0.01392   =>   CDf =  0.00603    CDp =  0.00789

 Side 1  free  transition at x/c =  0.1962   38
 Side 2  free  transition at x/c =  0.8754   62

   2   rms: 0.1979E-01   max: 0.2069E+00   D at   39  1
       a =  7.500      CL =  1.1576
      Cm = -0.0806     CD =  0.01403   =>   CDf =  0.00645    CDp =  0.00758

 Side 1  free  transition at x/c =  0.2000   38
 Side 2  free  transition at x/c =  0.8767   62

   3   rms: 0.2401E-02   max: -.3818E-01   D at   39  1
       a =  7.500      CL =  1.1570
      Cm = -0.0805     CD =  0.01406   =>   CDf =  0.00638    CDp =  0.00768

 Side 1  free  transition at x/c =  0.1993   38
 Side 2  free  transition at x/c =  0.8765   62

   4   rms: 0.4803E-04   max: -.7365E-03   D at   39  1
       a =  7.500      CL =  1.1570
      Cm = -0.0805     CD =  0.01406   =>   CDf =  0.00639    CDp =  0.00767
 plradd ia,ip,cpol           24           0  8.26027896E-03

 Point added to stored polar  1
 Point written to save file  mh201_Re500k.base.pol                           
 Dump file unspecified or not available
 Calculating wake trajectory ...
 Calculating source influence matrix ...

 Solving BL system ...

 Side 1  free  transition at x/c =  0.1993   38
 Side 2  free  transition at x/c =  0.8765   62

   1   rms: 0.9147E-01   max: 0.9472E+00   C at   38  1   RLX: 0.949
       a =  8.000      CL =  1.1876
      Cm = -0.0767     CD =  0.01488   =>   CDf =  0.00639    CDp =  0.00849

 Side 1  free  transition at x/c =  0.1718   36
 Side 2  free  transition at x/c =  0.8840   62

   2   rms: 0.1904E-01   max: 0.1757E+00   D at   37  1
       a =  8.000      CL =  1.1910
      Cm = -0.0770     CD =  0.01491   =>   CDf =  0.00645    CDp =  0.00846

 Side 1  free  transition at x/c =  0.1697   36
 Side 2  free  transition at x/c =  0.8858   62

   3   rms: 0.1219E-02   max: 0.1603E-01   C at   36  1
       a =  8.000      CL =  1.1907
      Cm = -0.0769     CD =  0.01492   =>   CDf =  0.00645    CDp =  0.00847

 Side 1  free  transition at x/c =  0.1693   36
 Side 2  free  transition at x/c =  0.8856   62

   4   rms: 0.1920E-04   max: -.1375E-03   C at   36  1
       a =  8.000      CL =  1.1907
      Cm = -0.0769     CD =  0.01492   =>   CDf =  0.00645    CDp =  0.00847
 plradd ia,ip,cpol           25           0  6.15427317E-03

 Point added to stored polar  1
 Point written to save file  mh201_Re500k.base.pol                           
 Dump file unspecified or not available
 Calculating wake trajectory ...
 Calculating source influence matrix ...

 Solving BL system ...

 Side 1  free  transition at x/c =  0.1693   36
 Side 2  free  transition at x/c =  0.8856   62

   1   rms: 0.9229E-01   max: 0.8199E+00   C at   36  1   RLX: 0.806
       a =  8.500      CL =  1.2177
      Cm = -0.0742     CD =  0.01581   =>   CDf =  0.00617    CDp =  0.00963

 Side 1  free  transition at x/c =  0.1486   35
 Side 2  free  transition at x/c =  0.8944   62

   2   rms: 0.2377E-01   max: 0.1800E+00   D at   36  1
       a =  8.500      CL =  1.2236
      Cm = -0.0733     CD =  0.01581   =>   CDf =  0.00650    CDp =  0.00931

 Side 1  free  transition at x/c =  0.1435   35
 Side 2  free  transition at x/c =  0.8965   62

   3   rms: 0.9785E-03   max: 0.8992E-02   D at   36  1
       a =  8.500      CL =  1.2232
      Cm = -0.0733     CD =  0.01583   =>   CDf =  0.00647    CDp =  0.00936

 Side 1  free  transition at x/c =  0.1434   35
 Side 2  free  transition at x/c =  0.8967   62

   4   rms: 0.5141E-05   max: 0.7436E-04   C at   35  1
       a =  8.500      CL =  1.2232
      Cm = -0.0733     CD =  0.01583   =>   CDf =  0.00647    CDp =  0.00936
 plradd ia,ip,cpol           26           0  3.03636841E-03

 Point added to stored polar  1
 Point written to save file  mh201_Re500k.base.pol                           
 Dump file unspecified or not available
 Calculating wake trajectory ...
 Calculating source influence matrix ...

 Solving BL system ...

 Side 1  free  transition at x/c =  0.1434   35
 Side 2  free  transition at x/c =  0.8967   62

   1   rms: 0.8492E-01   max: 0.6750E+00   C at   35  1   RLX: 0.995
       a =  9.000      CL =  1.2553
      Cm = -0.0697     CD =  0.01684   =>   CDf =  0.00647    CDp =  0.01037

 Side 1  free  transition at x/c =  0.1217   33
 Side 2  free  transition at x/c =  0.9079   63

   2   rms: 0.1957E-01   max: 0.2265E+00   D at   34  1
       a =  9.000      CL =  1.2529
      Cm = -0.0693     CD =  0.01687   =>   CDf =  0.00654    CDp =  0.01033

 Side 1  free  transition at x/c =  0.1219   33
 Side 2  free  transition at x/c =  0.9108   63

   3   rms: 0.1328E-02   max: 0.1952E-01   C at   33  1
       a =  9.000      CL =  1.2530
      Cm = -0.0693     CD =  0.01685   =>   CDf =  0.00649    CDp =  0.01037

 Side 1  free  transition at x/c =  0.1216   33
 Side 2  free  transition at x/c =  0.9106   63

   4   rms: 0.1544E-04   max: -.1547E-03   C at   33  1
       a =  9.000      CL =  1.2530
      Cm = -0.0693     CD =  0.01685   =>   CDf =  0.00649    CDp =  0.01036
 plradd ia,ip,cpol           27           0  3.03636841E-03

 Point added to stored polar  1
 Point written to save file  mh201_Re500k.base.pol                           
 Dump file unspecified or not available
 Calculating wake trajectory ...
 Calculating source influence matrix ...

 Solving BL system ...

 Side 1  free  transition at x/c =  0.1216   33
 Side 2  free  transition at x/c =  0.9106   63

   1   rms: 0.7372E-01   max: -.3060E+00   C at   63  2
       a =  9.500      CL =  1.2875
      Cm = -0.0659     CD =  0.01752   =>   CDf =  0.00619    CDp =  0.01133

 Side 1  free  transition at x/c =  0.1040   33
 Side 2  free  transition at x/c =  0.9264   63

   2   rms: 0.2150E-01   max: -.2423E+00   C at   63  2
       a =  9.500      CL =  1.2807
      Cm = -0.0650     CD =  0.01776   =>   CDf =  0.00644    CDp =  0.01132

 Side 1  free  transition at x/c =  0.1052   33
 Side 2  free  transition at x/c =  0.9320   63

   3   rms: 0.3497E-02   max: -.5826E-01   C at   63  2
       a =  9.500      CL =  1.2804
      Cm = -0.0649     CD =  0.01780   =>   CDf =  0.00641    CDp =  0.01139

 Side 1  free  transition at x/c =  0.1049   33
 Side 2  free  transition at x/c =  0.9325   63

   4   rms: 0.6312E-04   max: -.7630E-03   D at   65  2
       a =  9.500      CL =  1.2803
      Cm = -0.0649     CD =  0.01780   =>   CDf =  0.00641    CDp =  0.01139
 plradd ia,ip,cpol           28           0  1.52968481E-04

 Point added to stored polar  1
 Point written to save file  mh201_Re500k.base.pol                           
 Dump file unspecified or not available
 Calculating wake trajectory ...
 Calculating source influence matrix ...

 Solving BL system ...

 Side 1  free  transition at x/c =  0.1049   33
 Side 2  free  transition at x/c =  0.9325   63

   1   rms: 0.8182E-01   max: -.6682E+00   C at   63  2   RLX: 0.748
       a = 10.000      CL =  1.3018
      Cm = -0.0619     CD =  0.01851   =>   CDf =  0.00641    CDp =  0.01210

 Side 1  free  transition at x/c =  0.0938   32
 Side 2  free  transition at x/c =  0.9569   65

   2   rms: 0.2116E+00   max: -.3779E+01   C at   65  2   RLX: 0.132
       a = 10.000      CL =  1.3028
      Cm = -0.0625     CD =  0.01860   =>   CDf =  0.00637    CDp =  0.01224

 Side 1  free  transition at x/c =  0.0935   32
 Side 2  free  transition at x/c =  0.9571   65

   3   rms: 0.4399E-01   max: -.6874E+00   C at   65  2   RLX: 0.727
       a = 10.000      CL =  1.3061
      Cm = -0.0613     CD =  0.01870   =>   CDf =  0.00637    CDp =  0.01233

 Side 1  free  transition at x/c =  0.0916   32
 Side 2 forced transition at x/c =  1.0000   69

   4   rms: 0.9850E-02   max: -.1153E+00   D at   65  2
       a = 10.000      CL =  1.3102
      Cm = -0.0615     CD =  0.01887   =>   CDf =  0.00633    CDp =  0.01254

 Side 1  free  transition at x/c =  0.0902   32
 Side 2 forced transition at x/c =  1.0000   69

   5   rms: 0.5436E-03   max: 0.5084E-02   D at   64  2
       a = 10.000      CL =  1.3097
      Cm = -0.0614     CD =  0.01888   =>   CDf =  0.00634    CDp =  0.01254

 Side 1  free  transition at x/c =  0.0903   32
 Side 2 forced transition at x/c =  1.0000   69

   6   rms: 0.5596E-05   max: -.2750E-04   D at   32  1
       a = 10.000      CL =  1.3097
      Cm = -0.0614     CD =  0.01888   =>   CDf =  0.00634    CDp =  0.01254
 plradd ia,ip,cpol           29           0  1.52968481E-04

 Point added to stored polar  1
 Point written to save file  mh201_Re500k.base.pol                           
 Dump file unspecified or not available

.OPERva   c>  
 Solving BL system ...

 Side 1  free  transition at x/c =  0.0903   32
 Side 2 forced transition at x/c =  1.0000   69

   1   rms: 0.9028E-06   max: -.2908E-05   D at   66  2
       a = 10.000      CL =  1.3097
      Cm = -0.0614     CD =  0.01888   =>   CDf =  0.00634    CDp =  0.01254
 plradd ia,ip,cpol           30         182  1.52968481E-04

 Point added to stored polar  1
 Point written to save file  mh201_Re500k.base.pol                           
 Dump file unspecified or not available
 Calculating wake trajectory ...
 Calculating source influence matrix ...

 Solving BL system ...

 Side 1  free  transition at x/c =  0.0903   32
 Side 2 forced transition at x/c =  1.0000   69

   1   rms: 0.4252E-01   max: -.2305E+00   D at   32  1
       a = 10.250      CL =  1.3283
      Cm = -0.0607     CD =  0.01960   =>   CDf =  0.00634    CDp =  0.01326

 Side 1  free  transition at x/c =  0.0828   31
 Side 2 forced transition at x/c =  1.0000   69

   2   rms: 0.5198E-02   max: -.5888E-01   C at   31  1
       a = 10.250      CL =  1.3254
      Cm = -0.0603     CD =  0.01971   =>   CDf =  0.00638    CDp =  0.01333

 Side 1  free  transition at x/c =  0.0830   31
 Side 2 forced transition at x/c =  1.0000   69

   3   rms: 0.9568E-04   max: -.8447E-03   D at   32  1
       a = 10.250      CL =  1.3254
      Cm = -0.0603     CD =  0.01971   =>   CDf =  0.00637    CDp =  0.01334
 plradd ia,ip,cpol           31           0  1.52968481E-04

 Point added to stored polar  1
 Point written to save file  mh201_Re500k.base.pol                           
 Dump file unspecified or not available
 Calculating wake trajectory ...
 Calculating source influence matrix ...

 Solving BL system ...

 Side 1  free  transition at x/c =  0.0830   31
 Side 2 forced transition at x/c =  1.0000   69

   1   rms: 0.4005E-01   max: -.2265E+00   C at   31  1
       a = 10.500      CL =  1.3471
      Cm = -0.0599     CD =  0.02018   =>   CDf =  0.00637    CDp =  0.01381

 Side 1  free  transition at x/c =  0.0765   31
 Side 2 forced transition at x/c =  1.0000   69

   2   rms: 0.4488E-02   max: -.2937E-01   C at   31  1
       a = 10.500      CL =  1.3435
      Cm = -0.0594     CD =  0.02036   =>   CDf =  0.00635    CDp =  0.01401

 Side 1  free  transition at x/c =  0.0770   31
 Side 2 forced transition at x/c =  1.0000   69

   3   rms: 0.8165E-04   max: -.7022E-03   D at   31  1
       a = 10.500      CL =  1.3435
      Cm = -0.0594     CD =  0.02036   =>   CDf =  0.00634    CDp =  0.01402
 plradd ia,ip,cpol           32           0  1.52968481E-04

 Point added to stored polar  1
 Point written to save file  mh201_Re500k.base.pol                           
 Dump file unspecified or not available
 Calculating wake trajectory ...
 Calculating source influence matrix ...

 Solving BL system ...

 Side 1  free  transition at x/c =  0.0770   31
 Side 2 forced transition at x/c =  1.0000   69

   1   rms: 0.4128E-01   max: -.2576E+00   D at   31  1
       a = 10.750      CL =  1.3595
      Cm = -0.0583     CD =  0.02119   =>   CDf =  0.00602    CDp =  0.01517

 Side 1  free  transition at x/c =  0.0712   31
 Side 2 forced transition at x/c =  1.0000   68
 idif Ue xi dudx           1  0.10310637      6.49762154E-03   15.868325    
 Uenew xinew           2  6.90452871E-04  4.35113907E-05

   2   rms: 0.1642E-01   max: -.2702E+00   D at    2  1
       a = 10.750      CL =  1.3569
      Cm = -0.0579     CD =  0.02128   =>   CDf =  0.00667    CDp =  0.01461

 Side 1  free  transition at x/c =  0.0711   30
 Side 2 forced transition at x/c =  1.0000   69

   3   rms: 0.7799E-03   max: -.1038E-01   D at    3  1
       a = 10.750      CL =  1.3569
      Cm = -0.0579     CD =  0.02128   =>   CDf =  0.00635    CDp =  0.01493

 Side 1  free  transition at x/c =  0.0710   30
 Side 2 forced transition at x/c =  1.0000   69

   4   rms: 0.4009E-03   max: 0.4582E-02   D at    4  2
       a = 10.750      CL =  1.3569
      Cm = -0.0579     CD =  0.02128   =>   CDf =  0.00635    CDp =  0.01493

 Side 1  free  transition at x/c =  0.0710   30
 Side 2 forced transition at x/c =  1.0000   69

   5   rms: 0.2842E-05   max: -.3239E-04   D at    4  2
       a = 10.750      CL =  1.3569
      Cm = -0.0579     CD =  0.02128   =>   CDf =  0.00635    CDp =  0.01493
 plradd ia,ip,cpol           33           0  1.52968481E-04

 Point added to stored polar  1
 Point written to save file  mh201_Re500k.base.pol                           
 Dump file unspecified or not available
 Calculating wake trajectory ...
 Calculating source influence matrix ...

 Solving BL system ...

 Side 1  free  transition at x/c =  0.0710   30
 Side 2 forced transition at x/c =  1.0000   69

   1   rms: 0.3877E-01   max: -.2210E+00   C at   30  1
       a = 11.000      CL =  1.3767
      Cm = -0.0572     CD =  0.02182   =>   CDf =  0.00603    CDp =  0.01580

 Side 1  free  transition at x/c =  0.0659   31
 Side 2 forced transition at x/c =  1.0000   68

   2   rms: 0.4621E-02   max: -.3106E-01   D at    3  1
       a = 11.000      CL =  1.3734
      Cm = -0.0568     CD =  0.02199   =>   CDf =  0.00630    CDp =  0.01569

 Side 1  free  transition at x/c =  0.0661   31
 Side 2 forced transition at x/c =  1.0000   68

   3   rms: 0.6348E-03   max: -.7463E-02   D at    4  1
       a = 11.000      CL =  1.3734
      Cm = -0.0568     CD =  0.02199   =>   CDf =  0.00630    CDp =  0.01569

 Side 1  free  transition at x/c =  0.0661   31
 Side 2 forced transition at x/c =  1.0000   68

   4   rms: 0.1786E-05   max: 0.9299E-05   D at   31  1
       a = 11.000      CL =  1.3734
      Cm = -0.0568     CD =  0.02199   =>   CDf =  0.00630    CDp =  0.01569
 plradd ia,ip,cpol           34           0  1.52968481E-04

 Point added to stored polar  1
 Point written to save file  mh201_Re500k.base.pol                           
 Dump file unspecified or not available
 Calculating wake trajectory ...
 Calculating source influence matrix ...

 Solving BL system ...

 Side 1  free  transition at x/c =  0.0661   31
 Side 2 forced transition at x/c =  1.0000   68

   1   rms: 0.3899E-01   max: -.2208E+00   D at   31  1
       a = 11.250      CL =  1.3880
      Cm = -0.0556     CD =  0.02288   =>   CDf =  0.00630    CDp =  0.01658

 Side 1  free  transition at x/c =  0.0610   31
 Side 2 forced transition at x/c =  1.0000   68

   2   rms: 0.5647E-02   max: -.2829E-01   D at   31  1
       a = 11.250      CL =  1.3833
      Cm = -0.0550     CD =  0.02314   =>   CDf =  0.00632    CDp =  0.01682

 Side 1  free  transition at x/c =  0.0607   30
 Side 2 forced transition at x/c =  1.0000   68

   3   rms: 0.1804E-03   max: -.1816E-02   C at   30  1
       a = 11.250      CL =  1.3833
      Cm = -0.0550     CD =  0.02313   =>   CDf =  0.00632    CDp =  0.01680

 Side 1  free  transition at x/c =  0.0607   30
 Side 2 forced transition at x/c =  1.0000   68

   4   rms: 0.4905E-05   max: -.1887E-04   C at   30  1
       a = 11.250      CL =  1.3833
      Cm = -0.0550     CD =  0.02313   =>   CDf =  0.00632    CDp =  0.01680
 plradd ia,ip,cpol           35           0  1.52968481E-04

 Point added to stored polar  1
 Point written to save file  mh201_Re500k.base.pol                           
 Dump file unspecified or not available
 Calculating wake trajectory ...
 Calculating source influence matrix ...

 Solving BL system ...

 Side 1  free  transition at x/c =  0.0607   30
 Side 2 forced transition at x/c =  1.0000   68

   1   rms: 0.3854E-01   max: -.3243E+00   C at   30  1   RLX: 0.985
       a = 11.500      CL =  1.4027
      Cm = -0.0544     CD =  0.02364   =>   CDf =  0.00633    CDp =  0.01732

 Side 1  free  transition at x/c =  0.0573   30
 Side 2 forced transition at x/c =  1.0000   68

   2   rms: 0.3797E-02   max: 0.1801E-01   D at   85  1
       a = 11.500      CL =  1.3996
      Cm = -0.0540     CD =  0.02384   =>   CDf =  0.00624    CDp =  0.01760

 Side 1  free  transition at x/c =  0.0571   30
 Side 2 forced transition at x/c =  1.0000   68

   3   rms: 0.8026E-04   max: 0.1069E-02   D at   77  2
       a = 11.500      CL =  1.3996
      Cm = -0.0540     CD =  0.02384   =>   CDf =  0.00624    CDp =  0.01760
 plradd ia,ip,cpol           36           0  1.52968481E-04

 Point added to stored polar  1
 Point written to save file  mh201_Re500k.base.pol                           
 Dump file unspecified or not available
 Calculating wake trajectory ...
 Calculating source influence matrix ...

 Solving BL system ...

 Side 1  free  transition at x/c =  0.0571   30
 Side 2 forced transition at x/c =  1.0000   68

   1   rms: 0.3659E-01   max: -.1614E+00   D at   30  1   RLX: 0.951
       a = 11.750      CL =  1.4133
      Cm = -0.0528     CD =  0.02471   =>   CDf =  0.00624    CDp =  0.01847

 Side 1  free  transition at x/c =  0.0528   30
 Side 2 forced transition at x/c =  1.0000   68

   2   rms: 0.3382E-02   max: 0.2352E-01   D at   84  1
       a = 11.750      CL =  1.4109
      Cm = -0.0525     CD =  0.02490   =>   CDf =  0.00625    CDp =  0.01865

 Side 1  free  transition at x/c =  0.0529   30
 Side 2 forced transition at x/c =  1.0000   68

   3   rms: 0.5913E-04   max: 0.8810E-03   D at   84  1
       a = 11.750      CL =  1.4109
      Cm = -0.0525     CD =  0.02490   =>   CDf =  0.00624    CDp =  0.01866
 plradd ia,ip,cpol           37           0  1.52968481E-04

 Point added to stored polar  1
 Point written to save file  mh201_Re500k.base.pol                           
 Dump file unspecified or not available
 Calculating wake trajectory ...
 Calculating source influence matrix ...

 Solving BL system ...

 Side 1  free  transition at x/c =  0.0529   30
 Side 2 forced transition at x/c =  1.0000   68

   1   rms: 0.4042E-01   max: -.2222E+00   D at   30  1   RLX: 0.910
       a = 12.000      CL =  1.4187
      Cm = -0.0509     CD =  0.02616   =>   CDf =  0.00624    CDp =  0.01992

 Side 1  free  transition at x/c =  0.0497   29
 Side 2 forced transition at x/c =  1.0000   68

   2   rms: 0.1190E-01   max: -.1155E+00   C at   29  1
       a = 12.000      CL =  1.4216
      Cm = -0.0509     CD =  0.02599   =>   CDf =  0.00619    CDp =  0.01981

 Side 1  free  transition at x/c =  0.0494   29
 Side 2 forced transition at x/c =  1.0000   68

   3   rms: 0.6494E-03   max: 0.7070E-02   D at   29  1
       a = 12.000      CL =  1.4213
      Cm = -0.0509     CD =  0.02604   =>   CDf =  0.00618    CDp =  0.01986

 Side 1  free  transition at x/c =  0.0493   29
 Side 2 forced transition at x/c =  1.0000   68

   4   rms: 0.1390E-04   max: 0.5490E-04   D at   78  2
       a = 12.000      CL =  1.4213
      Cm = -0.0509     CD =  0.02604   =>   CDf =  0.00618    CDp =  0.01986
 plradd ia,ip,cpol           38           0  1.52968481E-04

 Point added to stored polar  1
 Point written to save file  mh201_Re500k.base.pol                           
 Dump file unspecified or not available
 Calculating wake trajectory ...
 Calculating source influence matrix ...

 Solving BL system ...

 Side 1  free  transition at x/c =  0.0493   29
 Side 2 forced transition at x/c =  1.0000   68

   1   rms: 0.3561E-01   max: 0.1653E+00   T at   29  1   RLX: 0.891
       a = 12.250      CL =  1.4350
      Cm = -0.0500     CD =  0.02682   =>   CDf =  0.00580    CDp =  0.02102

 Side 1  free  transition at x/c =  0.0460   30
 Side 2 forced transition at x/c =  1.0000   67

   2   rms: 0.4626E-02   max: -.5178E-01   D at   30  1
       a = 12.250      CL =  1.4340
      Cm = -0.0497     CD =  0.02705   =>   CDf =  0.00613    CDp =  0.02093

 Side 1  free  transition at x/c =  0.0458   30
 Side 2 forced transition at x/c =  1.0000   67

   3   rms: 0.3945E-03   max: -.4223E-02   D at    4  1
       a = 12.250      CL =  1.4339
      Cm = -0.0497     CD =  0.02705   =>   CDf =  0.00612    CDp =  0.02093

 Side 1  free  transition at x/c =  0.0458   30
 Side 2 forced transition at x/c =  1.0000   67

   4   rms: 0.4612E-05   max: -.4553E-04   C at   67  2
       a = 12.250      CL =  1.4339
      Cm = -0.0497     CD =  0.02705   =>   CDf =  0.00612    CDp =  0.02093
 plradd ia,ip,cpol           39           0  1.52968481E-04

 Point added to stored polar  1
 Point written to save file  mh201_Re500k.base.pol                           
 Dump file unspecified or not available
 Calculating wake trajectory ...
 Calculating source influence matrix ...

 Solving BL system ...

 Side 1  free  transition at x/c =  0.0458   30
 Side 2 forced transition at x/c =  1.0000   67

   1   rms: 0.3733E-01   max: -.2053E+00   D at   30  1   RLX: 0.859
       a = 12.500      CL =  1.4434
      Cm = -0.0485     CD =  0.02811   =>   CDf =  0.00612    CDp =  0.02199

 Side 1  free  transition at x/c =  0.0428   30
 Side 2 forced transition at x/c =  1.0000   67

   2   rms: 0.8178E-02   max: 0.3652E-01   D at   83  1
       a = 12.500      CL =  1.4402
      Cm = -0.0479     CD =  0.02859   =>   CDf =  0.00612    CDp =  0.02247

 Side 1  free  transition at x/c =  0.0422   30
 Side 2 forced transition at x/c =  1.0000   67

   3   rms: 0.8107E-03   max: 0.6177E-02   D at   82  1
       a = 12.500      CL =  1.4396
      Cm = -0.0479     CD =  0.02860   =>   CDf =  0.00612    CDp =  0.02248

 Side 1  free  transition at x/c =  0.0422   30
 Side 2 forced transition at x/c =  1.0000   67

   4   rms: 0.1812E-04   max: 0.1515E-03   D at   78  2
       a = 12.500      CL =  1.4396
      Cm = -0.0479     CD =  0.02860   =>   CDf =  0.00612    CDp =  0.02248
 plradd ia,ip,cpol           40           0  1.52968481E-04

 Point added to stored polar  1
 Point written to save file  mh201_Re500k.base.pol                           
 Dump file unspecified or not available
 Calculating wake trajectory ...
 Calculating source influence matrix ...

 Solving BL system ...

 Side 1  free  transition at x/c =  0.0422   30
 Side 2 forced transition at x/c =  1.0000   67

   1   rms: 0.4537E-01   max: 0.1454E+00   D at   79  1   RLX: 0.810
       a = 12.750      CL =  1.4390
      Cm = -0.0461     CD =  0.03044   =>   CDf =  0.00612    CDp =  0.02432

 Side 1  free  transition at x/c =  0.0399   29
 Side 2 forced transition at x/c =  1.0000   67

   2   rms: 0.2614E-01   max: -.2778E+00   D at   29  1
       a = 12.750      CL =  1.4510
      Cm = -0.0467     CD =  0.02964   =>   CDf =  0.00602    CDp =  0.02362

 Side 1  free  transition at x/c =  0.0400   29
 Side 2 forced transition at x/c =  1.0000   67

   3   rms: 0.2191E-02   max: 0.2329E-01   D at   29  1
       a = 12.750      CL =  1.4515
      Cm = -0.0467     CD =  0.02971   =>   CDf =  0.00602    CDp =  0.02369

 Side 1  free  transition at x/c =  0.0397   29
 Side 2 forced transition at x/c =  1.0000   67

   4   rms: 0.7942E-04   max: 0.4052E-03   D at   81  1
       a = 12.750      CL =  1.4514
      Cm = -0.0467     CD =  0.02971   =>   CDf =  0.00602    CDp =  0.02369
 plradd ia,ip,cpol           41           0  1.52968481E-04

 Point added to stored polar  1
 Point written to save file  mh201_Re500k.base.pol                           
 Dump file unspecified or not available
 Calculating wake trajectory ...
 Calculating source influence matrix ...

 Solving BL system ...

 Side 1  free  transition at x/c =  0.0397   29
 Side 2 forced transition at x/c =  1.0000   67

   1   rms: 0.3511E-01   max: 0.1684E+00   T at   29  1   RLX: 0.806
       a = 13.000      CL =  1.4618
      Cm = -0.0459     CD =  0.03064   =>   CDf =  0.00602    CDp =  0.02462

 Side 1  free  transition at x/c =  0.0371   29
 Side 2 forced transition at x/c =  1.0000   67

   2   rms: 0.7129E-02   max: -.7500E-01   D at   29  1
       a = 13.000      CL =  1.4614
      Cm = -0.0455     CD =  0.03102   =>   CDf =  0.00599    CDp =  0.02503

 Side 1  free  transition at x/c =  0.0367   29
 Side 2 forced transition at x/c =  1.0000   67

   3   rms: 0.4039E-03   max: 0.3529E-02   D at   78  2
       a = 13.000      CL =  1.4611
      Cm = -0.0455     CD =  0.03101   =>   CDf =  0.00598    CDp =  0.02503

 Side 1  free  transition at x/c =  0.0367   29
 Side 2 forced transition at x/c =  1.0000   67

   4   rms: 0.1147E-04   max: -.9838E-04   C at   67  2
       a = 13.000      CL =  1.4611
      Cm = -0.0455     CD =  0.03101   =>   CDf =  0.00598    CDp =  0.02503
 plradd ia,ip,cpol           42           0  1.52968481E-04

 Point added to stored polar  1
 Point written to save file  mh201_Re500k.base.pol                           
 Dump file unspecified or not available
 Calculating wake trajectory ...
 Calculating source influence matrix ...

 Solving BL system ...

 Side 1  free  transition at x/c =  0.0367   29
 Side 2 forced transition at x/c =  1.0000   67

   1   rms: 0.3753E-01   max: -.2183E+00   D at   29  1   RLX: 0.776
       a = 13.250      CL =  1.4676
      Cm = -0.0446     CD =  0.03225   =>   CDf =  0.00598    CDp =  0.02627

 Side 1  free  transition at x/c =  0.0345   29
 Side 2 forced transition at x/c =  1.0000   67

   2   rms: 0.1351E-01   max: 0.6402E-01   D at   80  1
       a = 13.250      CL =  1.4623
      Cm = -0.0438     CD =  0.03313   =>   CDf =  0.00597    CDp =  0.02716

 Side 1  free  transition at x/c =  0.0339   28
 Side 2 forced transition at x/c =  1.0000   67

   3   rms: 0.3412E-02   max: -.3338E-01   D at   28  1
       a = 13.250      CL =  1.4634
      Cm = -0.0438     CD =  0.03294   =>   CDf =  0.00595    CDp =  0.02699

 Side 1  free  transition at x/c =  0.0340   28
 Side 2 forced transition at x/c =  1.0000   67

   4   rms: 0.2503E-03   max: -.1069E-02   C at   28  1
       a = 13.250      CL =  1.4636
      Cm = -0.0439     CD =  0.03294   =>   CDf =  0.00595    CDp =  0.02699

 Side 1  free  transition at x/c =  0.0339   28
 Side 2 forced transition at x/c =  1.0000   67

   5   rms: 0.9937E-05   max: 0.1089E-03   C at   67  2
       a = 13.250      CL =  1.4636
      Cm = -0.0439     CD =  0.03294   =>   CDf =  0.00595    CDp =  0.02699
 plradd ia,ip,cpol           43           0  1.52968481E-04

 Point added to stored polar  1
 Point written to save file  mh201_Re500k.base.pol                           
 Dump file unspecified or not available
 Calculating wake trajectory ...
 Calculating source influence matrix ...

 Solving BL system ...

 Side 1  free  transition at x/c =  0.0339   28
 Side 2 forced transition at x/c =  1.0000   67

   1   rms: 0.3650E-01   max: -.3050E+00   C at   28  1   RLX: 0.755
       a = 13.500      CL =  1.4757
      Cm = -0.0434     CD =  0.03365   =>   CDf =  0.00596    CDp =  0.02769

 Side 1  free  transition at x/c =  0.0322   28
 Side 2 forced transition at x/c =  1.0000   67

   2   rms: 0.8641E-02   max: 0.3587E-01   T at   28  1
       a = 13.500      CL =  1.4756
      Cm = -0.0430     CD =  0.03418   =>   CDf =  0.00588    CDp =  0.02830

 Side 1  free  transition at x/c =  0.0317   28
 Side 2 forced transition at x/c =  1.0000   67

   3   rms: 0.5610E-03   max: 0.3482E-02   D at   79  2
       a = 13.500      CL =  1.4753
      Cm = -0.0430     CD =  0.03416   =>   CDf =  0.00585    CDp =  0.02831

 Side 1  free  transition at x/c =  0.0317   28
 Side 2 forced transition at x/c =  1.0000   67

   4   rms: 0.9971E-05   max: -.1883E-03   C at   67  2
       a = 13.500      CL =  1.4753
      Cm = -0.0430     CD =  0.03416   =>   CDf =  0.00585    CDp =  0.02831
 plradd ia,ip,cpol           44           0  1.52968481E-04

 Point added to stored polar  1
 Point written to save file  mh201_Re500k.base.pol                           
 Dump file unspecified or not available
 Calculating wake trajectory ...
 Calculating source influence matrix ...

 Solving BL system ...

 Side 1  free  transition at x/c =  0.0317   28
 Side 2 forced transition at x/c =  1.0000   67

   1   rms: 0.3527E-01   max: 0.1747E+00   T at   28  1   RLX: 0.731
       a = 13.750      CL =  1.4839
      Cm = -0.0424     CD =  0.03516   =>   CDf =  0.00585    CDp =  0.02931

 Side 1  free  transition at x/c =  0.0296   28
 Side 2 forced transition at x/c =  1.0000   67

   2   rms: 0.9645E-02   max: -.8243E-01   D at   28  1
       a = 13.750      CL =  1.4832
      Cm = -0.0420     CD =  0.03578   =>   CDf =  0.00584    CDp =  0.02994

 Side 1  free  transition at x/c =  0.0292   28
 Side 2 forced transition at x/c =  1.0000   67

   3   rms: 0.8421E-03   max: 0.7270E-02   D at   79  2
       a = 13.750      CL =  1.4827
      Cm = -0.0420     CD =  0.03577   =>   CDf =  0.00583    CDp =  0.02994

 Side 1  free  transition at x/c =  0.0292   28
 Side 2 forced transition at x/c =  1.0000   67

   4   rms: 0.3214E-04   max: 0.3755E-03   D at   79  2
       a = 13.750      CL =  1.4827
      Cm = -0.0420     CD =  0.03576   =>   CDf =  0.00583    CDp =  0.02994
 plradd ia,ip,cpol           45           0  1.52968481E-04

 Point added to stored polar  1
 Point written to save file  mh201_Re500k.base.pol                           
 Dump file unspecified or not available
 Calculating wake trajectory ...
 Calculating source influence matrix ...

 Solving BL system ...

 Side 1  free  transition at x/c =  0.0292   28
 Side 2 forced transition at x/c =  1.0000   67

   1   rms: 0.3870E-01   max: -.2282E+00   D at   28  1   RLX: 0.702
       a = 14.000      CL =  1.4860
      Cm = -0.0412     CD =  0.03726   =>   CDf =  0.00583    CDp =  0.03143

 Side 1  free  transition at x/c =  0.0275   27
 Side 2 forced transition at x/c =  1.0000   67

   2   rms: 0.1137E-01   max: -.1106E+00   C at   27  1
       a = 14.000      CL =  1.4872
      Cm = -0.0409     CD =  0.03773   =>   CDf =  0.00580    CDp =  0.03192

 Side 1  free  transition at x/c =  0.0269   27
 Side 2 forced transition at x/c =  1.0000   67

   3   rms: 0.1446E-02   max: 0.7004E-02   C at   27  1
       a = 14.000      CL =  1.4861
      Cm = -0.0408     CD =  0.03779   =>   CDf =  0.00577    CDp =  0.03202

 Side 1  free  transition at x/c =  0.0269   27
 Side 2 forced transition at x/c =  1.0000   67

   4   rms: 0.6960E-04   max: 0.4103E-03   D at   79  2
       a = 14.000      CL =  1.4860
      Cm = -0.0408     CD =  0.03778   =>   CDf =  0.00577    CDp =  0.03201
 plradd ia,ip,cpol           46           0  1.52968481E-04

 Point added to stored polar  1
 Point written to save file  mh201_Re500k.base.pol                           
 Dump file unspecified or not available
 Calculating wake trajectory ...
 Calculating source influence matrix ...

 Solving BL system ...

 Side 1  free  transition at x/c =  0.0269   27
 Side 2 forced transition at x/c =  1.0000   67

   1   rms: 0.3405E-01   max: -.1764E+00   C at   27  1   RLX: 0.684
       a = 14.250      CL =  1.4941
      Cm = -0.0404     CD =  0.03878   =>   CDf =  0.00528    CDp =  0.03350

 Side 1  free  transition at x/c =  0.0255   28
 Side 2 forced transition at x/c =  1.0000   66

   2   rms: 0.1119E-01   max: 0.5733E-01   T at    2  1
       a = 14.250      CL =  1.4950
      Cm = -0.0401     CD =  0.03942   =>   CDf =  0.00569    CDp =  0.03372

 Side 1  free  transition at x/c =  0.0250   28
 Side 2 forced transition at x/c =  1.0000   66

   3   rms: 0.9983E-03   max: 0.4938E-02   D at   77  1
       a = 14.250      CL =  1.4944
      Cm = -0.0401     CD =  0.03941   =>   CDf =  0.00567    CDp =  0.03374

 Side 1  free  transition at x/c =  0.0250   28
 Side 2 forced transition at x/c =  1.0000   66

   4   rms: 0.3138E-04   max: 0.2855E-03   D at   79  2
       a = 14.250      CL =  1.4944
      Cm = -0.0401     CD =  0.03940   =>   CDf =  0.00566    CDp =  0.03374
 plradd ia,ip,cpol           47           0  1.52968481E-04

 Point added to stored polar  1
 Point written to save file  mh201_Re500k.base.pol                           
 Dump file unspecified or not available
 Calculating wake trajectory ...
 Calculating source influence matrix ...

 Solving BL system ...

 Side 1  free  transition at x/c =  0.0250   28
 Side 2 forced transition at x/c =  1.0000   66

   1   rms: 0.3494E-01   max: -.1772E+00   D at   28  1   RLX: 0.663
       a = 14.500      CL =  1.5003
      Cm = -0.0397     CD =  0.04059   =>   CDf =  0.00567    CDp =  0.03493

 Side 1  free  transition at x/c =  0.0235   28
 Side 2 forced transition at x/c =  1.0000   66

   2   rms: 0.1230E-01   max: -.7004E-01   D at   28  1
       a = 14.500      CL =  1.4994
      Cm = -0.0394     CD =  0.04149   =>   CDf =  0.00565    CDp =  0.03584

 Side 1  free  transition at x/c =  0.0231   28
 Side 2 forced transition at x/c =  1.0000   66

   3   rms: 0.1484E-02   max: 0.8961E-02   D at   76  1
       a = 14.500      CL =  1.4984
      Cm = -0.0393     CD =  0.04149   =>   CDf =  0.00563    CDp =  0.03585

 Side 1  free  transition at x/c =  0.0231   28
 Side 2 forced transition at x/c =  1.0000   66

   4   rms: 0.5753E-04   max: 0.5276E-03   D at   79  2
       a = 14.500      CL =  1.4984
      Cm = -0.0393     CD =  0.04148   =>   CDf =  0.00563    CDp =  0.03585
 plradd ia,ip,cpol           48           0  1.52968481E-04

 Point added to stored polar  1
 Point written to save file  mh201_Re500k.base.pol                           
 Dump file unspecified or not available
 Calculating wake trajectory ...
 Calculating source influence matrix ...

 Solving BL system ...

 Side 1  free  transition at x/c =  0.0231   28
 Side 2 forced transition at x/c =  1.0000   66

   1   rms: 0.3864E-01   max: -.1797E+00   D at   28  1   RLX: 0.636
       a = 14.750      CL =  1.4989
      Cm = -0.0388     CD =  0.04326   =>   CDf =  0.00563    CDp =  0.03763

 Side 1  free  transition at x/c =  0.0220   27
 Side 2 forced transition at x/c =  1.0000   66

   2   rms: 0.1301E-01   max: -.1203E+00   C at   27  1
       a = 14.750      CL =  1.5018
      Cm = -0.0386     CD =  0.04376   =>   CDf =  0.00559    CDp =  0.03817

 Side 1  free  transition at x/c =  0.0215   27
 Side 2 forced transition at x/c =  1.0000   66

   3   rms: 0.1998E-02   max: 0.9404E-02   C at   27  1
       a = 14.750      CL =  1.5004
      Cm = -0.0386     CD =  0.04384   =>   CDf =  0.00555    CDp =  0.03829

 Side 1  free  transition at x/c =  0.0215   27
 Side 2 forced transition at x/c =  1.0000   66

   4   rms: 0.1327E-03   max: 0.8232E-03   D at   79  2
       a = 14.750      CL =  1.5003
      Cm = -0.0385     CD =  0.04383   =>   CDf =  0.00555    CDp =  0.03829

 Side 1  free  transition at x/c =  0.0215   27
 Side 2 forced transition at x/c =  1.0000   66

   5   rms: 0.6395E-05   max: -.7648E-04   C at   66  2
       a = 14.750      CL =  1.5003
      Cm = -0.0385     CD =  0.04383   =>   CDf =  0.00555    CDp =  0.03828
 plradd ia,ip,cpol           49           0  1.52968481E-04

 Point added to stored polar  1
 Point written to save file  mh201_Re500k.base.pol                           
 Dump file unspecified or not available
 Calculating wake trajectory ...
 Calculating source influence matrix ...

 Solving BL system ...

 Side 1  free  transition at x/c =  0.0215   27
 Side 2 forced transition at x/c =  1.0000   66

   1   rms: 0.3342E-01   max: 0.1618E+00   T at   27  1   RLX: 0.622
       a = 15.000      CL =  1.5065
      Cm = -0.0383     CD =  0.04496   =>   CDf =  0.00555    CDp =  0.03941

 Side 1  free  transition at x/c =  0.0204   27
 Side 2 forced transition at x/c =  1.0000   66

   2   rms: 0.1262E-01   max: -.5617E-01   D at   27  1
       a = 15.000      CL =  1.5076
      Cm = -0.0381     CD =  0.04583   =>   CDf =  0.00549    CDp =  0.04035

 Side 1  free  transition at x/c =  0.0199   27
 Side 2 forced transition at x/c =  1.0000   66

   3   rms: 0.1530E-02   max: 0.7747E-02   D at   74  1
       a = 15.000      CL =  1.5065
      Cm = -0.0381     CD =  0.04582   =>   CDf =  0.00545    CDp =  0.04037

 Side 1  free  transition at x/c =  0.0199   27
 Side 2 forced transition at x/c =  1.0000   66

   4   rms: 0.7338E-04   max: 0.5287E-03   D at   79  2
       a = 15.000      CL =  1.5065
      Cm = -0.0381     CD =  0.04582   =>   CDf =  0.00545    CDp =  0.04036
 plradd ia,ip,cpol           50           0  1.52968481E-04

 Point added to stored polar  1
 Point written to save file  mh201_Re500k.base.pol                           
 Dump file unspecified or not available
 Calculating wake trajectory ...
 Calculating source influence matrix ...

 Solving BL system ...

 Side 1  free  transition at x/c =  0.0199   27
 Side 2 forced transition at x/c =  1.0000   66

   1   rms: 0.3375E-01   max: -.1278E+00   D at   27  1   RLX: 0.602
       a = 15.250      CL =  1.5099
      Cm = -0.0379     CD =  0.04727   =>   CDf =  0.00545    CDp =  0.04182

 Side 1  free  transition at x/c =  0.0191   27
 Side 2 forced transition at x/c =  1.0000   66

   2   rms: 0.1447E-01   max: 0.5692E-01   D at   73  1
       a = 15.250      CL =  1.5091
      Cm = -0.0377     CD =  0.04844   =>   CDf =  0.00542    CDp =  0.04302

 Side 1  free  transition at x/c =  0.0186   27
 Side 2 forced transition at x/c =  1.0000   66

   3   rms: 0.1984E-02   max: 0.1091E-01   D at   73  1
       a = 15.250      CL =  1.5078
      Cm = -0.0377     CD =  0.04842   =>   CDf =  0.00539    CDp =  0.04303

 Side 1  free  transition at x/c =  0.0187   27
 Side 2 forced transition at x/c =  1.0000   66

   4   rms: 0.9049E-04   max: 0.7969E-03   D at   80  2
       a = 15.250      CL =  1.5077
      Cm = -0.0377     CD =  0.04840   =>   CDf =  0.00539    CDp =  0.04302
 plradd ia,ip,cpol           51           0  1.52968481E-04

 Point added to stored polar  1
 Point written to save file  mh201_Re500k.base.pol                           
 Dump file unspecified or not available
 Calculating wake trajectory ...
 Calculating source influence matrix ...

 Solving BL system ...

 Side 1  free  transition at x/c =  0.0187   27
 Side 2 forced transition at x/c =  1.0000   66

   1   rms: 0.3666E-01   max: -.1668E+00   D at   27  1   RLX: 0.580
       a = 15.500      CL =  1.5084
      Cm = -0.0376     CD =  0.05020   =>   CDf =  0.00539    CDp =  0.04481

 Side 1  free  transition at x/c =  0.0179   27
 Side 2 forced transition at x/c =  1.0000   66

   2   rms: 0.1947E-01   max: 0.8633E-01   D at   72  1
       a = 15.500      CL =  1.5035
      Cm = -0.0375     CD =  0.05203   =>   CDf =  0.00535    CDp =  0.04668

 Side 1  free  transition at x/c =  0.0175   26
 Side 2 forced transition at x/c =  1.0000   66

   3   rms: 0.3026E-02   max: -.2943E-01   D at   26  1
       a = 15.500      CL =  1.5038
      Cm = -0.0374     CD =  0.05168   =>   CDf =  0.00531    CDp =  0.04638

 Side 1  free  transition at x/c =  0.0175   26
 Side 2 forced transition at x/c =  1.0000   66

   4   rms: 0.2268E-03   max: -.7491E-03   D at   72  1
       a = 15.500      CL =  1.5039
      Cm = -0.0374     CD =  0.05168   =>   CDf =  0.00531    CDp =  0.04637

 Side 1  free  transition at x/c =  0.0175   26
 Side 2 forced transition at x/c =  1.0000   66

   5   rms: 0.2076E-04   max: 0.2245E-03   C at   66  2
       a = 15.500      CL =  1.5039
      Cm = -0.0374     CD =  0.05168   =>   CDf =  0.00531    CDp =  0.04637
 plradd ia,ip,cpol           52           0  1.52968481E-04

 Point added to stored polar  1
 Point written to save file  mh201_Re500k.base.pol                           
 Dump file unspecified or not available
 Calculating wake trajectory ...
 Calculating source influence matrix ...

 Solving BL system ...

 Side 1  free  transition at x/c =  0.0175   26
 Side 2 forced transition at x/c =  1.0000   66

   1   rms: 0.3208E-01   max: -.1611E+00   C at   26  1   RLX: 0.562
       a = 15.750      CL =  1.5077
      Cm = -0.0374     CD =  0.05310   =>   CDf =  0.00531    CDp =  0.04779

 Side 1  free  transition at x/c =  0.0170   26
 Side 2 forced transition at x/c =  1.0000   66

   2   rms: 0.1511E-01   max: 0.5790E-01   D at   71  1
       a = 15.750      CL =  1.5076
      Cm = -0.0375     CD =  0.05445   =>   CDf =  0.00524    CDp =  0.04921

 Side 1  free  transition at x/c =  0.0166   26
 Side 2 forced transition at x/c =  1.0000   66

   3   rms: 0.1980E-02   max: 0.1108E-01   D at   80  2
       a = 15.750      CL =  1.5062
      Cm = -0.0374     CD =  0.05440   =>   CDf =  0.00518    CDp =  0.04922

 Side 1  free  transition at x/c =  0.0167   26
 Side 2 forced transition at x/c =  1.0000   66

   4   rms: 0.1353E-03   max: 0.8921E-03   D at   80  2
       a = 15.750      CL =  1.5061
      Cm = -0.0374     CD =  0.05438   =>   CDf =  0.00518    CDp =  0.04921

 Side 1  free  transition at x/c =  0.0167   26
 Side 2 forced transition at x/c =  1.0000   66

   5   rms: 0.7357E-05   max: -.9208E-04   C at   66  2
       a = 15.750      CL =  1.5061
      Cm = -0.0374     CD =  0.05438   =>   CDf =  0.00518    CDp =  0.04921
 plradd ia,ip,cpol           53           0  1.52968481E-04

 Point added to stored polar  1
 Point written to save file  mh201_Re500k.base.pol                           
 Dump file unspecified or not available
 Calculating wake trajectory ...
 Calculating source influence matrix ...

 Solving BL system ...

 Side 1  free  transition at x/c =  0.0167   26
 Side 2 forced transition at x/c =  1.0000   66

   1   rms: 0.3275E-01   max: 0.1133E+00   T at   26  1   RLX: 0.545
       a = 16.000      CL =  1.5082
      Cm = -0.0375     CD =  0.05604   =>   CDf =  0.00518    CDp =  0.05086

 Side 1  free  transition at x/c =  0.0161   26
 Side 2 forced transition at x/c =  1.0000   66

   2   rms: 0.1566E-01   max: 0.5972E-01   D at   69  1
       a = 16.000      CL =  1.5081
      Cm = -0.0376     CD =  0.05748   =>   CDf =  0.00512    CDp =  0.05237

 Side 1  free  transition at x/c =  0.0157   26
 Side 2 forced transition at x/c =  1.0000   66

   3   rms: 0.2376E-02   max: 0.1391E-01   D at   69  1
       a = 16.000      CL =  1.5065
      Cm = -0.0376     CD =  0.05745   =>   CDf =  0.00507    CDp =  0.05238

 Side 1  free  transition at x/c =  0.0157   26
 Side 2 forced transition at x/c =  1.0000   66

   4   rms: 0.1579E-03   max: 0.1015E-02   D at   81  2
       a = 16.000      CL =  1.5064
      Cm = -0.0376     CD =  0.05743   =>   CDf =  0.00506    CDp =  0.05236

 Side 1  free  transition at x/c =  0.0157   26
 Side 2 forced transition at x/c =  1.0000   66

   5   rms: 0.8037E-05   max: -.8748E-04   C at   66  2
       a = 16.000      CL =  1.5064
      Cm = -0.0376     CD =  0.05743   =>   CDf =  0.00506    CDp =  0.05236
 plradd ia,ip,cpol           54           0  1.52968481E-04

 Point added to stored polar  1
 Point written to save file  mh201_Re500k.base.pol                           
 Dump file unspecified or not available

.OPERva   c>  
 Polar accumulation disabled

.OPERv   c>  
 XFOIL   c>  
 XFOIL   c>  