
 ===================================================
  XFOIL Version 6.99
  Copyright (C) 2000   Mark Drela, Harold Youngren

  This software comes with ABSOLUTELY NO WARRANTY,
    subject to the GNU General Public License.

  Caveat computor
 ===================================================

 File  xfoil.def  not found

   QUIT    Exit program

  .OPER    Direct operating point(s)
  .MDES    Complex mapping design routine
  .QDES    Surface speed design routine
  .GDES    Geometry design routine

   SAVE f  Write airfoil to labeled coordinate file
   PSAV f  Write airfoil to plain coordinate file
   ISAV f  Write airfoil to ISES coordinate file
   MSAV f  Write airfoil to MSES coordinate file
   REVE    Reverse written-airfoil node ordering

   LOAD f  Read buffer airfoil from coordinate file
   NACA i  Set NACA 4,5-digit airfoil and buffer airfoil
   INTE    Set buffer airfoil by interpolating two airfoils
   NORM    Buffer airfoil normalization toggle
   XYCM rr Change CM reference location, currently  0.25000 0.00000

   BEND    Display structural properties of current airfoil

   PCOP    Set current-airfoil panel nodes directly from buffer airfoil points
   PANE    Set current-airfoil panel nodes ( 160 ) based on curvature
  .PPAR    Show/change paneling

  .PLOP    Plotting options

   WDEF f  Write  current-settings file
   RDEF f  Reread current-settings file
   NAME s  Specify new airfoil name
   NINC    Increment name version number

   Z       Zoom    | (available in all menus)
   U       Unzoom  | 

 XFOIL   c>  
 Labeled airfoil file.  Name:  MI-VAWT1                                        

 Number of input coordinate points: 260
 Counterclockwise ordering
 Max thickness =     0.210000  at x =   0.308
 Max camber    =     0.003391  at x =   0.258

  LE  x,y  =  -0.00000   0.00087  |   Chord =   0.99999
  TE  x,y  =   0.99999  -0.00029  |

 Current airfoil nodes set from buffer airfoil nodes ( 260 )

 XFOIL   c>  
 XFOIL   c>  
 Blunt trailing edge.  Gap =  0.01976

 Paneling parameters used...
   Number of panel nodes       160
   Panel bunching parameter    1.000
   TE/LE panel density ratio   0.150
   Refined-area/LE panel density ratio    0.200
   Top    side refined area x/c limits  1.000 1.000
   Bottom side refined area x/c limits  1.000 1.000

 XFOIL   c>  
.OPERi   c>  
 Xtr/c     =  1.0000    top    side
 Xtr/c     =  1.0000    bottom side
 Ncrit     =    9.00   ( 0.070 % turb. level )
 Vacc      =  0.0100

 Klag  =  5.6000     Uxwt  =    1.00
 A     =  6.7000     B     =  0.7500       KCt = 0.01485
 CtiniK=  1.8000     CtiniX=  3.3000

..VPAR   c>  
..VPAR   c>  
.OPERi   c>  
 M  =    0.0000
 Re =    300000

.OPERv   c>  
.OPERv   c>  
.OPERv   c>  
 Polar  1 newly created for accumulation
 Airfoil archived with polar: MI-VAWT1                                        

Enter  polar save filename  OR  <return> for no file   s>  
 New polar save file available

Enter  polar dump filename  OR  <return> for no file   s>  
 Polar dump file will NOT be written

 Polar accumulation enabled

.OPERva   c>   Calculating unit vorticity distributions ...
 Calculating wake trajectory ...
 Calculating source influence matrix ...

 Solving BL system ...

 Initializing BL ...
    side            1  ...
 MRCHUE: Inverse mode at  32     Hk =   3.800
 MRCHUE: Inverse mode at  39     Hk =   3.800
 MRCHUE: Inverse mode at  40     Hk =   4.513
 MRCHUE: Inverse mode at  41     Hk =   5.200
 MRCHUE: Inverse mode at  42     Hk =   5.870
 MRCHUE: Inverse mode at  43     Hk =   6.528
 MRCHUE: Inverse mode at  44     Hk =   7.180
 MRCHUE: Inverse mode at  45     Hk =   7.830
 MRCHUE: Inverse mode at  46     Hk =   8.482
 MRCHUE: Inverse mode at  47     Hk =   9.140
 MRCHUE: Inverse mode at  48     Hk =   7.041
 MRCHUE: Inverse mode at  49     Hk =   4.792
 MRCHUE: Inverse mode at  50     Hk =   3.316
 MRCHUE: Inverse mode at  87     Hk =   2.500
 MRCHUE: Inverse mode at  88     Hk =   2.500
 MRCHUE: Inverse mode at  89     Hk =   2.500
 MRCHUE: Inverse mode at  90     Hk =   2.500
 MRCHUE: Inverse mode at  91     Hk =   2.500
 MRCHUE: Inverse mode at  92     Hk =   2.500
 MRCHUE: Inverse mode at  93     Hk =   2.500
 MRCHUE: Inverse mode at  94     Hk =   2.500
 MRCHUE: Inverse mode at  95     Hk =   2.500
 MRCHUE: Inverse mode at  96     Hk =   2.500
 MRCHUE: Convergence failed at  97  side 1    Res =  0.5327E+01
 MRCHUE: Inverse mode at  98     Hk =   2.500
 MRCHUE: Inverse mode at  99     Hk =   2.500
 MRCHUE: Inverse mode at 100     Hk =   2.500
 MRCHUE: Inverse mode at 101     Hk =   2.500
 MRCHUE: Inverse mode at 102     Hk =   2.500
 MRCHUE: Inverse mode at 103     Hk =   2.500
 MRCHUE: Convergence failed at 104  side 1    Res =  0.4124E+01
 MRCHUE: Inverse mode at 105     Hk =   2.500
 MRCHUE: Inverse mode at 106     Hk =   2.500
    side            2  ...
 MRCHUE: Inverse mode at  42     Hk =   3.800
 MRCHUE: Inverse mode at  43     Hk =   4.523
 MRCHUE: Inverse mode at  44     Hk =   5.191
 MRCHUE: Inverse mode at  45     Hk =   5.802
 MRCHUE: Inverse mode at  46     Hk =   6.355
 MRCHUE: Inverse mode at  47     Hk =   6.857
 MRCHUE: Inverse mode at  48     Hk =   7.315
 MRCHUE: Inverse mode at  49     Hk =   7.737
 MRCHUE: Inverse mode at  50     Hk =   8.124
 MRCHUE: Inverse mode at  51     Hk =   8.478
 MRCHUE: Inverse mode at  52     Hk =   8.800
 MRCHUE: Inverse mode at  53     Hk =   9.095
 MRCHUE: Inverse mode at  54     Hk =   9.367
 MRCHUE: Inverse mode at  55     Hk =   8.540
 MRCHUE: Inverse mode at  56     Hk =   7.895
 MRCHUE: Inverse mode at  58     Hk =   3.025
 MRCHUE: Inverse mode at  59     Hk =   2.920
 MRCHUE: Inverse mode at  60     Hk =   2.817

 MRCHDU: Convergence failed at  97  side 1    Res =  0.1358E+01
 MRCHDU: Convergence failed at  98  side 1    Res =  0.1434E+01
 MRCHDU: Convergence failed at  99  side 1    Res =  0.1502E+01
 MRCHDU: Convergence failed at 100  side 1    Res =  0.1627E+01
 MRCHDU: Convergence failed at 101  side 1    Res =  0.1686E+01
 MRCHDU: Convergence failed at 102  side 1    Res =  0.1743E+01
 MRCHDU: Convergence failed at 103  side 1    Res =  0.1797E+01
 MRCHDU: Convergence failed at 104  side 1    Res =  0.3305E+01
 MRCHDU: Convergence failed at 105  side 1    Res =  0.3281E+01
 MRCHDU: Convergence failed at 106  side 1    Res =  0.3247E+01
 Side 1  free  transition at x/c =  0.0495   48
 Side 2  free  transition at x/c =  0.9858   55
 idif Ue xi dudx           1  5.47298789E-02  6.78515434E-03   8.0661211    
 Uenew xinew           2  4.17604018E-03  5.17725945E-04

   1   rms: 0.5077E+00   max: -.4297E+01   T at   55  2   RLX: 0.116
       a = 16.250      CL =  2.2469
      Cm = -0.1417     CD =  0.01666   =>   CDf =  0.00895    CDp =  0.00772

 Side 1  free  transition at x/c =  0.0513   47
 Side 2 forced transition at x/c =  1.0000   57

   2   rms: 0.9333E+00   max: -.5742E+01   D at   56  2   RLX: 0.087
       a = 16.250      CL =  2.1583
      Cm = -0.1220     CD =  0.01776   =>   CDf =  0.00859    CDp =  0.00917

 Side 1  free  transition at x/c =  0.0534   48
 Side 2 forced transition at x/c =  1.0000   57

   3   rms: 0.9043E+00   max: -.7346E+01   D at   56  2   RLX: 0.068
       a = 16.250      CL =  2.1141
      Cm = -0.1154     CD =  0.01759   =>   CDf =  0.00814    CDp =  0.00945

 Side 1  free  transition at x/c =  0.0549   48
 Side 2 forced transition at x/c =  1.0000   57
 idif Ue xi dudx           1  5.50666116E-02  6.47234917E-03   8.5079794    
 Uenew xinew           2  4.53259470E-03  5.32746315E-04

   4   rms: 0.6489E+00   max: -.5867E+01   C at   57  2   RLX: 0.085
       a = 16.250      CL =  2.0581
      Cm = -0.1043     CD =  0.01909   =>   CDf =  0.00854    CDp =  0.01054

 Side 1  free  transition at x/c =  0.0569   47
 Side 2 forced transition at x/c =  1.0000   58

   5   rms: 0.5917E+00   max: -.6363E+01   C at   58  2   RLX: 0.079
       a = 16.250      CL =  2.0151
      Cm = -0.0962     CD =  0.02078   =>   CDf =  0.00829    CDp =  0.01249

 Side 1  free  transition at x/c =  0.0592   48
 Side 2 forced transition at x/c =  1.0000   58

   6   rms: 0.4759E+00   max: -.5438E+01   C at   58  2   RLX: 0.092
       a = 16.250      CL =  1.9817
      Cm = -0.0868     CD =  0.02100   =>   CDf =  0.00770    CDp =  0.01330

 Side 1  free  transition at x/c =  0.0615   48
 Side 2 forced transition at x/c =  1.0000   58

   7   rms: 0.5498E+00   max: -.5593E+01   C at   58  2   RLX: 0.089
       a = 16.250      CL =  1.9453
      Cm = -0.0833     CD =  0.02320   =>   CDf =  0.00768    CDp =  0.01552

 Side 1  free  transition at x/c =  0.0643   49
 Side 2 forced transition at x/c =  1.0000   58

   8   rms: 0.3291E+00   max: -.3379E+01   C at   58  2   RLX: 0.148
       a = 16.250      CL =  1.9094
      Cm = -0.0717     CD =  0.02474   =>   CDf =  0.00749    CDp =  0.01726

 Side 1  free  transition at x/c =  0.0676   49
 Side 2 forced transition at x/c =  1.0000   58
 idif Ue xi dudx           1  5.71753792E-02  6.29401207E-03   9.0840912    
 Uenew xinew           2  6.02746615E-03  6.63518906E-04

   9   rms: 0.4877E+00   max: -.3567E+01   C at   58  2   RLX: 0.140
       a = 16.250      CL =  1.8642
      Cm = -0.0722     CD =  0.02890   =>   CDf =  0.00804    CDp =  0.02086

 Side 1  free  transition at x/c =  0.0729   49
 Side 2 forced transition at x/c =  1.0000   59

  10   rms: 0.4118E+00   max: -.2585E+01   C at   59  2   RLX: 0.193
       a = 16.250      CL =  1.7926
      Cm = -0.0611     CD =  0.03372   =>   CDf =  0.00743    CDp =  0.02630

 MRCHDU: Convergence failed at  51  side 1    Res =  0.1637E+01
 MRCHDU: Convergence failed at  52  side 1    Res =  0.3311E+02
 MRCHDU: Convergence failed at  53  side 1    Res =  0.9913E+01
 MRCHDU: Convergence failed at  54  side 1    Res =  0.7490E+01
 MRCHDU: Convergence failed at  55  side 1    Res =  0.7305E+01
 MRCHDU: Convergence failed at  56  side 1    Res =  0.8044E+01
 MRCHDU: Convergence failed at  57  side 1    Res =  0.1025E+02
 MRCHDU: Convergence failed at  58  side 1    Res =  0.1390E+02
 MRCHDU: Convergence failed at  59  side 1    Res =  0.1868E+02
 MRCHDU: Convergence failed at  60  side 1    Res =  0.3055E+02
 MRCHDU: Convergence failed at  61  side 1    Res =  0.7633E+02
 MRCHDU: Convergence failed at  62  side 1    Res =  0.1542E+03
 MRCHDU: Convergence failed at  63  side 1    Res =  0.4198E+02
 MRCHDU: Convergence failed at  64  side 1    Res =  0.2290E+02
 MRCHDU: Convergence failed at  65  side 1    Res =  0.1011E+02
 MRCHDU: Convergence failed at  66  side 1    Res =  0.1374E+02
 MRCHDU: Convergence failed at  67  side 1    Res =  0.1949E+02
 MRCHDU: Convergence failed at  68  side 1    Res =  0.2755E+02
 MRCHDU: Convergence failed at  69  side 1    Res =  0.4193E+02
 MRCHDU: Convergence failed at  70  side 1    Res =  0.7899E+02
 MRCHDU: Convergence failed at  71  side 1    Res =  0.3456E+03
 MRCHDU: Convergence failed at  72  side 1    Res =  0.1673E+03
 MRCHDU: Convergence failed at  73  side 1    Res =  0.6572E+02
 MRCHDU: Convergence failed at  74  side 1    Res =  0.4178E+02
 MRCHDU: Convergence failed at  75  side 1    Res =  0.2985E+02
 MRCHDU: Convergence failed at  76  side 1    Res =  0.2706E+02
 MRCHDU: Convergence failed at  77  side 1    Res =  0.2088E+02
 MRCHDU: Convergence failed at  78  side 1    Res =  0.1577E+02
 MRCHDU: Convergence failed at  79  side 1    Res =  0.2614E+02
 MRCHDU: Convergence failed at  80  side 1    Res =  0.9618E+02
 MRCHDU: Convergence failed at  81  side 1    Res =  0.6066E+02
 MRCHDU: Convergence failed at  82  side 1    Res =  0.2254E+02
 MRCHDU: Convergence failed at  83  side 1    Res =  0.3660E+02
 MRCHDU: Convergence failed at  84  side 1    Res =  0.1689E+03
 MRCHDU: Convergence failed at  85  side 1    Res =  0.6194E+02
 MRCHDU: Convergence failed at  86  side 1    Res =  0.2498E+02
 MRCHDU: Convergence failed at  87  side 1    Res =  0.2470E+02
 MRCHDU: Convergence failed at  88  side 1    Res =  0.2572E+02
 MRCHDU: Convergence failed at  89  side 1    Res =  0.4076E+02
 MRCHDU: Convergence failed at  90  side 1    Res =  0.4322E+03
 MRCHDU: Convergence failed at  91  side 1    Res =  0.2146E+04
 MRCHDU: Convergence failed at  92  side 1    Res =  0.4550E+02
 MRCHDU: Convergence failed at  93  side 1    Res =  0.3179E+02
 MRCHDU: Convergence failed at  94  side 1    Res =  0.3501E+02
 MRCHDU: Convergence failed at  95  side 1    Res =  0.3853E+02
 MRCHDU: Convergence failed at  96  side 1    Res =  0.4214E+02
 MRCHDU: Convergence failed at  97  side 1    Res =  0.4627E+02
 MRCHDU: Convergence failed at  98  side 1    Res =  0.5113E+02
 MRCHDU: Convergence failed at  99  side 1    Res =  0.5679E+02
 MRCHDU: Convergence failed at 100  side 1    Res =  0.6298E+02
 MRCHDU: Convergence failed at 101  side 1    Res =  0.6941E+02
 MRCHDU: Convergence failed at 102  side 1    Res =  0.7586E+02
 MRCHDU: Convergence failed at 103  side 1    Res =  0.1088E+03
 Side 1  free  transition at x/c =  0.0807   51
 Side 2 forced transition at x/c =  1.0000   59

  11   rms: 0.1832E+01   max: 0.5707E+01   D at   99  1   RLX: 0.263
       a = 16.250      CL =  3.8048
      Cm = -0.7919     CD =  0.00714   =>   CDf =  0.00233    CDp =  0.00482

 MRCHDU: Convergence failed at  68  side 2    Res =  0.2035E+01
 Side 1  free  transition at x/c =  0.0810   51
 Side 2 forced transition at x/c =  1.0000   59

  12   rms: 0.6839E+00   max: -.9085E+00   U at  103  1   RLX: 0.293
       a = 16.250      CL =  2.9827
      Cm = -0.4413     CD =  0.02514   =>   CDf =  0.01051    CDp =  0.01463

 Side 1  free  transition at x/c =  0.0832   52
 Side 2 forced transition at x/c =  1.0000   58

  13   rms: 0.5291E+00   max: -.6393E+00   U at  104  1   RLX: 0.284
       a = 16.250      CL =  2.6832
      Cm = -0.3135     CD =  0.02502   =>   CDf =  0.00972    CDp =  0.01530

 Side 1  free  transition at x/c =  0.0855   52
 Side 2 forced transition at x/c =  1.0000   58

  14   rms: 0.7158E+00   max: -.1438E+01   C at   58  2   RLX: 0.173
       a = 16.250      CL =  2.4872
      Cm = -0.2568     CD =  0.02676   =>   CDf =  0.00919    CDp =  0.01757

 MRCHDU: Convergence failed at  76  side 1    Res =  0.1083E+01
 MRCHDU: Convergence failed at  77  side 1    Res =  0.7415E+00
 MRCHDU: Convergence failed at  78  side 1    Res =  0.9340E+00
 MRCHDU: Convergence failed at  79  side 1    Res =  0.4177E+01
 MRCHDU: Convergence failed at  80  side 1    Res =  0.9361E+00
 MRCHDU: Convergence failed at  81  side 1    Res =  0.2347E+01
 Side 1  free  transition at x/c =  0.0913   53
 Side 2 forced transition at x/c =  1.0000   58

  15   rms: 0.4414E+00   max: -.3999E+00   U at  104  1   RLX: 0.481
       a = 16.250      CL =  2.3081
      Cm = -0.1615     CD =  0.02375   =>   CDf =  0.01092    CDp =  0.01282

 MRCHDU: Convergence failed at  84  side 1    Res =  0.5294E+01
 MRCHDU: Convergence failed at  85  side 1    Res =  0.1059E+01
 MRCHDU: Convergence failed at  86  side 1    Res =  0.1634E+01
 MRCHDU: Convergence failed at  87  side 1    Res =  0.2123E+02
 MRCHDU: Convergence failed at  88  side 1    Res =  0.1301E+01
 MRCHDU: Convergence failed at  89  side 1    Res =  0.1239E+01
 MRCHDU: Convergence failed at  90  side 1    Res =  0.3907E+01
 MRCHDU: Convergence failed at  91  side 1    Res =  0.1431E+02
 MRCHDU: Convergence failed at  92  side 1    Res =  0.2272E+01
 MRCHDU: Convergence failed at  93  side 1    Res =  0.8151E+02
 MRCHDU: Convergence failed at  94  side 1    Res =  0.3081E+01
 MRCHDU: Convergence failed at  95  side 1    Res =  0.2266E+01
 MRCHDU: Convergence failed at  96  side 1    Res =  0.1865E+01
 MRCHDU: Convergence failed at  97  side 1    Res =  0.1583E+01
 MRCHDU: Convergence failed at  98  side 1    Res =  0.1331E+01
 MRCHDU: Convergence failed at  99  side 1    Res =  0.1454E+01
 MRCHDU: Convergence failed at 100  side 1    Res =  0.1582E+01
 MRCHDU: Convergence failed at 101  side 1    Res =  0.1698E+01
 MRCHDU: Convergence failed at 102  side 1    Res =  0.1794E+01
 MRCHDU: Convergence failed at 103  side 1    Res =  0.1868E+01
 MRCHDU: Convergence failed at 104  side 1    Res =  0.1908E+01
 Side 1  free  transition at x/c =  0.0945   54
 Side 2 forced transition at x/c =  1.0000   58

  16   rms: 0.5490E+00   max: 0.1081E+01   T at   60  2   RLX: 0.509
       a = 16.250      CL =  2.3728
      Cm = -0.2147     CD =  0.01300   =>   CDf =  0.01216    CDp =  0.00084

 Side 1  free  transition at x/c =  0.0914   53
 Side 2 forced transition at x/c =  1.0000   58

  17   rms: 0.3401E+00   max: 0.8091E+00   T at   59  2
       a = 16.250      CL =  1.9815
      Cm = -0.0427     CD =  0.02538   =>   CDf =  0.00970    CDp =  0.01568

 MRCHDU: Convergence failed at  89  side 1    Res =  0.1476E+01
 MRCHDU: Convergence failed at  90  side 1    Res =  0.2021E+01
 MRCHDU: Convergence failed at  91  side 1    Res =  0.2347E+01
 MRCHDU: Convergence failed at  92  side 1    Res =  0.2617E+01
 MRCHDU: Convergence failed at  93  side 1    Res =  0.2732E+01
 MRCHDU: Convergence failed at  94  side 1    Res =  0.2716E+01
 MRCHDU: Convergence failed at  95  side 1    Res =  0.2638E+01
 MRCHDU: Convergence failed at  96  side 1    Res =  0.2529E+01
 MRCHDU: Convergence failed at  97  side 1    Res =  0.2496E+01
 MRCHDU: Convergence failed at  98  side 1    Res =  0.2739E+01
 MRCHDU: Convergence failed at  99  side 1    Res =  0.2927E+01
 MRCHDU: Convergence failed at 100  side 1    Res =  0.3092E+01
 MRCHDU: Convergence failed at 101  side 1    Res =  0.3268E+01
 MRCHDU: Convergence failed at 102  side 1    Res =  0.3379E+01
 MRCHDU: Convergence failed at 103  side 1    Res =  0.3482E+01
 MRCHDU: Convergence failed at 104  side 1    Res =  0.3660E+01
 Side 1  free  transition at x/c =  0.0909   53
 Side 2 forced transition at x/c =  1.0000   58

  18   rms: 0.3438E+00   max: 0.1387E+01   D at   66  2   RLX: 0.581
       a = 16.250      CL =  1.9502
      Cm = -0.0714     CD =  0.02591   =>   CDf =  0.00738    CDp =  0.01852

 Side 1  free  transition at x/c =  0.0939   54
 Side 2 forced transition at x/c =  1.0000   58
 idif Ue xi dudx           1  8.61963704E-02  9.28604603E-03   9.2823544    
 Uenew xinew           2  3.39321382E-02  3.65555286E-03

  19   rms: 0.6078E+00   max: 0.2213E+01   D at  101  1   RLX: 0.368
       a = 16.250      CL =  1.7547
      Cm = -0.0511     CD =  0.03708   =>   CDf =  0.00750    CDp =  0.02958

 Side 1  free  transition at x/c =  0.0989   53
 Side 2 forced transition at x/c =  1.0000   59
 idif Ue xi dudx           1  9.06533971E-02  9.13929939E-03   9.9190750    
 Uenew xinew           2  3.75698544E-02  3.78763676E-03

  20   rms: 0.1953E+00   max: 0.9273E+00   D at   69  2   RLX: 0.725
       a = 16.250      CL =  1.5607
      Cm = -0.0153     CD =  0.05082   =>   CDf =  0.00741    CDp =  0.04341

 MRCHDU: Convergence failed at  54  side 1    Res =  0.2055E+01
 MRCHDU: Convergence failed at  55  side 1    Res =  0.4267E+01
 MRCHDU: Convergence failed at  56  side 1    Res =  0.1572E+02
 MRCHDU: Convergence failed at  57  side 1    Res =  0.1329E+04
 MRCHDU: Convergence failed at  58  side 1    Res =  0.3395E+02
 MRCHDU: Convergence failed at  59  side 1    Res =  0.2831E+02
 MRCHDU: Convergence failed at  60  side 1    Res =  0.3297E+02
 MRCHDU: Convergence failed at  61  side 1    Res =  0.5272E+02
 MRCHDU: Convergence failed at  62  side 1    Res =  0.1774E+03
 MRCHDU: Convergence failed at  63  side 1    Res =  0.9203E+02
 MRCHDU: Convergence failed at  64  side 1    Res =  0.4046E+02
 MRCHDU: Convergence failed at  65  side 1    Res =  0.2548E+02
 MRCHDU: Convergence failed at  66  side 1    Res =  0.1957E+02
 MRCHDU: Convergence failed at  67  side 1    Res =  0.1146E+02
 MRCHDU: Convergence failed at  68  side 1    Res =  0.1458E+02
 MRCHDU: Convergence failed at  69  side 1    Res =  0.1806E+02
 MRCHDU: Convergence failed at  70  side 1    Res =  0.2479E+02
 MRCHDU: Convergence failed at  71  side 1    Res =  0.3248E+02
 MRCHDU: Convergence failed at  72  side 1    Res =  0.4593E+02
 MRCHDU: Convergence failed at  73  side 1    Res =  0.8916E+02
 MRCHDU: Convergence failed at  74  side 1    Res =  0.2146E+04
 MRCHDU: Convergence failed at  75  side 1    Res =  0.8425E+02
 MRCHDU: Convergence failed at  76  side 1    Res =  0.4595E+02
 MRCHDU: Convergence failed at  77  side 1    Res =  0.2810E+02
 MRCHDU: Convergence failed at  78  side 1    Res =  0.1812E+02
 MRCHDU: Convergence failed at  79  side 1    Res =  0.3173E+02
 MRCHDU: Convergence failed at  80  side 1    Res =  0.5826E+03
 MRCHDU: Convergence failed at  81  side 1    Res =  0.4610E+02
 MRCHDU: Convergence failed at  82  side 1    Res =  0.3412E+02
 MRCHDU: Convergence failed at  83  side 1    Res =  0.4883E+02
 MRCHDU: Convergence failed at  84  side 1    Res =  0.7390E+03
 MRCHDU: Convergence failed at  85  side 1    Res =  0.2423E+02
 MRCHDU: Convergence failed at  86  side 1    Res =  0.2876E+02
 MRCHDU: Convergence failed at  87  side 1    Res =  0.3891E+03
 MRCHDU: Convergence failed at  88  side 1    Res =  0.5315E+03
 MRCHDU: Convergence failed at  89  side 1    Res =  0.5119E+02
 MRCHDU: Convergence failed at  90  side 1    Res =  0.6279E+03
 MRCHDU: Convergence failed at  91  side 1    Res =  0.4861E+02
 MRCHDU: Convergence failed at  92  side 1    Res =  0.5836E+03
 MRCHDU: Convergence failed at  93  side 1    Res =  0.2837E+03
 MRCHDU: Convergence failed at  94  side 1    Res =  0.2835E+03
 MRCHDU: Convergence failed at  95  side 1    Res =  0.1928E+03
 MRCHDU: Convergence failed at  96  side 1    Res =  0.1490E+03
 MRCHDU: Convergence failed at  97  side 1    Res =  0.1228E+03
 MRCHDU: Convergence failed at  98  side 1    Res =  0.1055E+03
 MRCHDU: Convergence failed at  99  side 1    Res =  0.9386E+02
 MRCHDU: Convergence failed at 100  side 1    Res =  0.8593E+02
 MRCHDU: Convergence failed at 101  side 1    Res =  0.8035E+02
 MRCHDU: Convergence failed at 102  side 1    Res =  0.6552E+02
 MRCHDU: Convergence failed at  72  side 2    Res =  0.3331E+01
 MRCHDU: Convergence failed at  73  side 2    Res =  0.9310E+01
 MRCHDU: Convergence failed at  74  side 2    Res =  0.3263E+01
 Side 1  free  transition at x/c =  0.1079   54
 Side 2 forced transition at x/c =  1.0000   60

  21   rms: 0.1845E+01   max: 0.6128E+01   D at   97  1   RLX: 0.245
       a = 16.250      CL =  3.3921
      Cm = -0.6964     CD =  0.00956   =>   CDf =  0.00270    CDp =  0.00686

 Side 1  free  transition at x/c =  0.1007   53
 Side 2 forced transition at x/c =  1.0000   60

  22   rms: 0.6456E+00   max: -.8789E+00   U at  102  1   RLX: 0.389
       a = 16.250      CL =  2.6055
      Cm = -0.3327     CD =  0.02996   =>   CDf =  0.00832    CDp =  0.02164

 Side 1  free  transition at x/c =  0.0973   53
 Side 2 forced transition at x/c =  1.0000   59

  23   rms: 0.5113E+00   max: -.5306E+00   U at  103  1   RLX: 0.193
       a = 16.250      CL =  2.4748
      Cm = -0.2708     CD =  0.03075   =>   CDf =  0.00729    CDp =  0.02346

 Side 1  free  transition at x/c =  0.0969   54
 Side 2 forced transition at x/c =  1.0000   58

  24   rms: 0.3668E+00   max: -.3910E+00   U at  104  1   RLX: 0.243
       a = 16.250      CL =  2.3232
      Cm = -0.2090     CD =  0.03174   =>   CDf =  0.00753    CDp =  0.02421

 MRCHDU: Convergence failed at  65  side 1    Res =  0.6977E+00
 Side 1  free  transition at x/c =  0.0972   54
 Side 2 forced transition at x/c =  1.0000   58
 idif Ue xi dudx           1  8.82127136E-02  9.31060314E-03   9.4744358    
 Uenew xinew           2  3.48669663E-02  3.68010998E-03

  25   rms: 0.4771E+00   max: 0.2476E+01   D at   97  1   RLX: 0.372
       a = 16.250      CL =  2.0112
      Cm = -0.1272     CD =  0.03959   =>   CDf =  0.00818    CDp =  0.03141

 Side 1  free  transition at x/c =  0.1027   54
 Side 2 forced transition at x/c =  1.0000   59
 idif Ue xi dudx           1  6.00352250E-02  6.16908073E-03   9.7316322    
 Uenew xinew           2  7.95481261E-03  8.17418098E-04

  26   rms: 0.2722E+00   max: 0.1462E+01   D at   96  1   RLX: 0.464
       a = 16.250      CL =  1.7956
      Cm = -0.0696     CD =  0.04563   =>   CDf =  0.00816    CDp =  0.03746

 Side 1  free  transition at x/c =  0.1042   53
 Side 2 forced transition at x/c =  1.0000   60
 idif Ue xi dudx           1  6.05488978E-02  5.75435162E-03   10.522280    
 Uenew xinew           2  6.98549440E-03  6.63876534E-04

  27   rms: 0.2459E+00   max: 0.9616E+00   D at   80  1   RLX: 0.691
       a = 16.250      CL =  1.5412
      Cm = -0.0251     CD =  0.05662   =>   CDf =  0.00755    CDp =  0.04907

 Side 1  free  transition at x/c =  0.1079   53
 Side 2 forced transition at x/c =  1.0000   61

  28   rms: 0.6538E-01   max: -.4208E+00   D at   66  1
       a = 16.250      CL =  1.4490
      Cm = -0.0066     CD =  0.06009   =>   CDf =  0.00665    CDp =  0.05345

 Side 1  free  transition at x/c =  0.1095   53
 Side 2 forced transition at x/c =  1.0000   61

  29   rms: 0.6701E-02   max: 0.6309E-01   D at   75  2
       a = 16.250      CL =  1.4506
      Cm = -0.0064     CD =  0.05954   =>   CDf =  0.00631    CDp =  0.05323

 Side 1  free  transition at x/c =  0.1092   53
 Side 2 forced transition at x/c =  1.0000   61

  30   rms: 0.5769E-03   max: -.4772E-02   D at   75  2
       a = 16.250      CL =  1.4511
      Cm = -0.0064     CD =  0.05961   =>   CDf =  0.00633    CDp =  0.05327

 Side 1  free  transition at x/c =  0.1092   53
 Side 2 forced transition at x/c =  1.0000   61

  31   rms: 0.3032E-04   max: -.1962E-03   D at   75  2
       a = 16.250      CL =  1.4511
      Cm = -0.0064     CD =  0.05961   =>   CDf =  0.00633    CDp =  0.05328
 plradd ia,ip,cpol            1           0  1.38463350E-02

 Point added to stored polar  1
 Point written to save file  mi-vawt1_Re300k.ext.pol                         
 Dump file unspecified or not available
 Calculating wake trajectory ...
 Calculating source influence matrix ...

 Solving BL system ...

 Side 1  free  transition at x/c =  0.1092   53
 Side 2 forced transition at x/c =  1.0000   61

   1   rms: 0.2690E-01   max: 0.8451E-01   D at   78  1   RLX: 0.709
       a = 16.500      CL =  1.4562
      Cm = -0.0067     CD =  0.06142   =>   CDf =  0.00634    CDp =  0.05508

 Side 1  free  transition at x/c =  0.1078   53
 Side 2 forced transition at x/c =  1.0000   61

   2   rms: 0.7761E-02   max: 0.4347E-01   T at   53  1
       a = 16.500      CL =  1.4596
      Cm = -0.0063     CD =  0.06151   =>   CDf =  0.00638    CDp =  0.05514

 Side 1  free  transition at x/c =  0.1072   52
 Side 2 forced transition at x/c =  1.0000   61

   3   rms: 0.7761E-03   max: 0.8628E-02   D at   53  1
       a = 16.500      CL =  1.4592
      Cm = -0.0063     CD =  0.06155   =>   CDf =  0.00641    CDp =  0.05513

 Side 1  free  transition at x/c =  0.1072   52
 Side 2 forced transition at x/c =  1.0000   61

   4   rms: 0.4600E-04   max: 0.2468E-03   D at   76  2
       a = 16.500      CL =  1.4592
      Cm = -0.0063     CD =  0.06154   =>   CDf =  0.00641    CDp =  0.05514
 plradd ia,ip,cpol            2           0  1.38463350E-02

 Point added to stored polar  1
 Point written to save file  mi-vawt1_Re300k.ext.pol                         
 Dump file unspecified or not available
 Calculating wake trajectory ...
 Calculating source influence matrix ...

 Solving BL system ...

 Side 1  free  transition at x/c =  0.1072   52
 Side 2 forced transition at x/c =  1.0000   61

   1   rms: 0.2983E-01   max: 0.1395E+00   T at   52  1   RLX: 0.681
       a = 16.750      CL =  1.4604
      Cm = -0.0071     CD =  0.06405   =>   CDf =  0.00641    CDp =  0.05763

 Side 1  free  transition at x/c =  0.1057   52
 Side 2 forced transition at x/c =  1.0000   61

   2   rms: 0.8679E-02   max: 0.4294E-01   D at   79  1
       a = 16.750      CL =  1.4597
      Cm = -0.0072     CD =  0.06487   =>   CDf =  0.00627    CDp =  0.05860

 Side 1  free  transition at x/c =  0.1051   52
 Side 2 forced transition at x/c =  1.0000   61

   3   rms: 0.4592E-03   max: 0.5973E-02   D at   76  2
       a = 16.750      CL =  1.4593
      Cm = -0.0071     CD =  0.06473   =>   CDf =  0.00623    CDp =  0.05850

 Side 1  free  transition at x/c =  0.1051   52
 Side 2 forced transition at x/c =  1.0000   61

   4   rms: 0.2843E-04   max: -.1088E-03   D at   77  1
       a = 16.750      CL =  1.4594
      Cm = -0.0071     CD =  0.06473   =>   CDf =  0.00623    CDp =  0.05850
 plradd ia,ip,cpol            3           0  1.38463350E-02

 Point added to stored polar  1
 Point written to save file  mi-vawt1_Re300k.ext.pol                         
 Dump file unspecified or not available
 Calculating wake trajectory ...
 Calculating source influence matrix ...

 Solving BL system ...

 Side 1  free  transition at x/c =  0.1051   52
 Side 2 forced transition at x/c =  1.0000   61

   1   rms: 0.2721E-01   max: 0.1189E+00   T at   52  1   RLX: 0.656
       a = 17.000      CL =  1.4618
      Cm = -0.0077     CD =  0.06692   =>   CDf =  0.00591    CDp =  0.06101

 Side 1  free  transition at x/c =  0.1035   53
 Side 2 forced transition at x/c =  1.0000   60

   2   rms: 0.9003E-02   max: 0.3411E-01   T at   53  1
       a = 17.000      CL =  1.4624
      Cm = -0.0078     CD =  0.06771   =>   CDf =  0.00617    CDp =  0.06154

 Side 1  free  transition at x/c =  0.1029   53
 Side 2 forced transition at x/c =  1.0000   60

   3   rms: 0.6940E-03   max: 0.3903E-02   D at   75  2
       a = 17.000      CL =  1.4617
      Cm = -0.0077     CD =  0.06761   =>   CDf =  0.00614    CDp =  0.06147

 Side 1  free  transition at x/c =  0.1029   53
 Side 2 forced transition at x/c =  1.0000   60

   4   rms: 0.3166E-04   max: -.1527E-03   D at   77  1
       a = 17.000      CL =  1.4617
      Cm = -0.0077     CD =  0.06760   =>   CDf =  0.00614    CDp =  0.06147
 plradd ia,ip,cpol            4           0  1.38463350E-02

 Point added to stored polar  1
 Point written to save file  mi-vawt1_Re300k.ext.pol                         
 Dump file unspecified or not available
 Calculating wake trajectory ...
 Calculating source influence matrix ...

 Solving BL system ...

 Side 1  free  transition at x/c =  0.1029   53
 Side 2 forced transition at x/c =  1.0000   60

   1   rms: 0.2670E-01   max: 0.1242E+00   T at   53  1   RLX: 0.633
       a = 17.250      CL =  1.4643
      Cm = -0.0083     CD =  0.06969   =>   CDf =  0.00615    CDp =  0.06354

 Side 1  free  transition at x/c =  0.1016   53
 Side 2 forced transition at x/c =  1.0000   60

   2   rms: 0.9413E-02   max: 0.3424E-01   D at   77  1
       a = 17.250      CL =  1.4648
      Cm = -0.0084     CD =  0.07060   =>   CDf =  0.00613    CDp =  0.06447

 Side 1  free  transition at x/c =  0.1010   53
 Side 2 forced transition at x/c =  1.0000   60

   3   rms: 0.5164E-03   max: -.4031E-02   D at   79  1
       a = 17.250      CL =  1.4646
      Cm = -0.0083     CD =  0.07040   =>   CDf =  0.00612    CDp =  0.06428

 Side 1  free  transition at x/c =  0.1010   53
 Side 2 forced transition at x/c =  1.0000   60

   4   rms: 0.6280E-04   max: -.2890E-03   D at   75  2
       a = 17.250      CL =  1.4646
      Cm = -0.0083     CD =  0.07041   =>   CDf =  0.00612    CDp =  0.06429
 plradd ia,ip,cpol            5           0  1.38463350E-02

 Point added to stored polar  1
 Point written to save file  mi-vawt1_Re300k.ext.pol                         
 Dump file unspecified or not available
 Calculating wake trajectory ...
 Calculating source influence matrix ...

 Solving BL system ...

 Side 1  free  transition at x/c =  0.1010   53
 Side 2 forced transition at x/c =  1.0000   60

   1   rms: 0.2611E-01   max: -.9384E-01   D at   54  1   RLX: 0.613
       a = 17.500      CL =  1.4686
      Cm = -0.0086     CD =  0.07210   =>   CDf =  0.00613    CDp =  0.06597

 Side 1  free  transition at x/c =  0.0998   53
 Side 2 forced transition at x/c =  1.0000   60

   2   rms: 0.1102E-01   max: 0.6580E-01   T at   53  1
       a = 17.500      CL =  1.4739
      Cm = -0.0081     CD =  0.07213   =>   CDf =  0.00617    CDp =  0.06597

 Side 1  free  transition at x/c =  0.0991   52
 Side 2 forced transition at x/c =  1.0000   60

   3   rms: 0.8652E-02   max: 0.4946E-01   D at   79  1
       a = 17.500      CL =  1.4689
      Cm = -0.0088     CD =  0.07322   =>   CDf =  0.00617    CDp =  0.06705

 Side 1  free  transition at x/c =  0.0990   52
 Side 2 forced transition at x/c =  1.0000   60

   4   rms: 0.5523E-03   max: 0.3827E-02   D at   75  2
       a = 17.500      CL =  1.4685
      Cm = -0.0087     CD =  0.07303   =>   CDf =  0.00611    CDp =  0.06692

 Side 1  free  transition at x/c =  0.0990   52
 Side 2 forced transition at x/c =  1.0000   60

   5   rms: 0.3993E-04   max: 0.1900E-03   D at   76  2
       a = 17.500      CL =  1.4685
      Cm = -0.0087     CD =  0.07303   =>   CDf =  0.00611    CDp =  0.06691
 plradd ia,ip,cpol            6           0  1.38463350E-02

 Point added to stored polar  1
 Point written to save file  mi-vawt1_Re300k.ext.pol                         
 Dump file unspecified or not available
 Calculating wake trajectory ...
 Calculating source influence matrix ...

 Solving BL system ...

 Side 1  free  transition at x/c =  0.0990   52
 Side 2 forced transition at x/c =  1.0000   60

   1   rms: 0.3076E-01   max: 0.1439E+00   D at   77  1   RLX: 0.587
       a = 17.750      CL =  1.4670
      Cm = -0.0097     CD =  0.07580   =>   CDf =  0.00612    CDp =  0.06968

 Side 1  free  transition at x/c =  0.0976   52
 Side 2 forced transition at x/c =  1.0000   60

   2   rms: 0.1140E-01   max: 0.5284E-01   D at   77  1
       a = 17.750      CL =  1.4656
      Cm = -0.0101     CD =  0.07718   =>   CDf =  0.00600    CDp =  0.07118

 Side 1  free  transition at x/c =  0.0968   52
 Side 2 forced transition at x/c =  1.0000   60

   3   rms: 0.7368E-03   max: 0.6010E-02   D at   76  2
       a = 17.750      CL =  1.4650
      Cm = -0.0099     CD =  0.07691   =>   CDf =  0.00595    CDp =  0.07096

 Side 1  free  transition at x/c =  0.0968   52
 Side 2 forced transition at x/c =  1.0000   60

   4   rms: 0.7482E-04   max: -.2714E-03   D at   76  1
       a = 17.750      CL =  1.4651
      Cm = -0.0099     CD =  0.07690   =>   CDf =  0.00595    CDp =  0.07096
 plradd ia,ip,cpol            7           0  1.38463350E-02

 Point added to stored polar  1
 Point written to save file  mi-vawt1_Re300k.ext.pol                         
 Dump file unspecified or not available
 Calculating wake trajectory ...
 Calculating source influence matrix ...

 Solving BL system ...

 Side 1  free  transition at x/c =  0.0968   52
 Side 2 forced transition at x/c =  1.0000   60

   1   rms: 0.2692E-01   max: 0.1223E+00   T at   52  1   RLX: 0.567
       a = 18.000      CL =  1.4659
      Cm = -0.0107     CD =  0.07919   =>   CDf =  0.00595    CDp =  0.07323

 Side 1  free  transition at x/c =  0.0955   52
 Side 2 forced transition at x/c =  1.0000   60

   2   rms: 0.1153E-01   max: 0.5118E-01   D at   77  1
       a = 18.000      CL =  1.4652
      Cm = -0.0112     CD =  0.08066   =>   CDf =  0.00591    CDp =  0.07475

 Side 1  free  transition at x/c =  0.0947   52
 Side 2 forced transition at x/c =  1.0000   60

   3   rms: 0.1062E-02   max: 0.9617E-02   D at   76  2
       a = 18.000      CL =  1.4642
      Cm = -0.0110     CD =  0.08040   =>   CDf =  0.00588    CDp =  0.07452

 Side 1  free  transition at x/c =  0.0947   52
 Side 2 forced transition at x/c =  1.0000   60

   4   rms: 0.8704E-04   max: -.5168E-03   D at   77  1
       a = 18.000      CL =  1.4643
      Cm = -0.0110     CD =  0.08039   =>   CDf =  0.00587    CDp =  0.07451
 plradd ia,ip,cpol            8           0  1.38463350E-02

 Point added to stored polar  1
 Point written to save file  mi-vawt1_Re300k.ext.pol                         
 Dump file unspecified or not available

.OPERva   c>   Calculating wake trajectory ...
 Calculating source influence matrix ...

 Solving BL system ...

 Side 1  free  transition at x/c =  0.0947   52
 Side 2 forced transition at x/c =  1.0000   60

   1   rms: 0.2652E-01   max: 0.1092E+00   D at   75  1   RLX: 0.548
       a = 18.250      CL =  1.4652
      Cm = -0.0117     CD =  0.08253   =>   CDf =  0.00554    CDp =  0.07698

 Side 1  free  transition at x/c =  0.0936   53
 Side 2 forced transition at x/c =  1.0000   59

   2   rms: 0.1206E-01   max: -.4610E-01   D at   54  1
       a = 18.250      CL =  1.4664
      Cm = -0.0120     CD =  0.08370   =>   CDf =  0.00587    CDp =  0.07783

 Side 1  free  transition at x/c =  0.0929   53
 Side 2 forced transition at x/c =  1.0000   59

   3   rms: 0.1293E-02   max: -.9827E-02   D at   78  1
       a = 18.250      CL =  1.4667
      Cm = -0.0118     CD =  0.08327   =>   CDf =  0.00588    CDp =  0.07739

 Side 1  free  transition at x/c =  0.0929   53
 Side 2 forced transition at x/c =  1.0000   59

   4   rms: 0.1042E-03   max: -.6974E-03   D at   75  2
       a = 18.250      CL =  1.4668
      Cm = -0.0118     CD =  0.08330   =>   CDf =  0.00589    CDp =  0.07741

 Side 1  free  transition at x/c =  0.0929   53
 Side 2 forced transition at x/c =  1.0000   59

   5   rms: 0.3702E-05   max: 0.3189E-04   C at   59  2
       a = 18.250      CL =  1.4668
      Cm = -0.0118     CD =  0.08330   =>   CDf =  0.00589    CDp =  0.07741
 plradd ia,ip,cpol            9           0  1.38463350E-02

 Point added to stored polar  1
 Point written to save file  mi-vawt1_Re300k.ext.pol                         
 Dump file unspecified or not available
 Calculating wake trajectory ...
 Calculating source influence matrix ...

 Solving BL system ...

 Side 1  free  transition at x/c =  0.0929   53
 Side 2 forced transition at x/c =  1.0000   59

   1   rms: 0.5169E-01   max: -.2177E+00   D at   54  1   RLX: 0.523
       a = 18.750      CL =  1.4751
      Cm = -0.0122     CD =  0.08585   =>   CDf =  0.00590    CDp =  0.07995

 Side 1  free  transition at x/c =  0.0911   52
 Side 2 forced transition at x/c =  1.0000   59

   2   rms: 0.4779E-01   max: 0.2708E+00   D at   77  1
       a = 18.750      CL =  1.4552
      Cm = -0.0158     CD =  0.09403   =>   CDf =  0.00585    CDp =  0.08818

 Side 1  free  transition at x/c =  0.0882   52
 Side 2 forced transition at x/c =  1.0000   59

   3   rms: 0.6666E-02   max: -.4711E-01   D at   53  1
       a = 18.750      CL =  1.4548
      Cm = -0.0150     CD =  0.09190   =>   CDf =  0.00564    CDp =  0.08626

 Side 1  free  transition at x/c =  0.0887   52
 Side 2 forced transition at x/c =  1.0000   59

   4   rms: 0.1496E-02   max: -.7189E-02   D at   76  1
       a = 18.750      CL =  1.4561
      Cm = -0.0149     CD =  0.09182   =>   CDf =  0.00562    CDp =  0.08620

 Side 1  free  transition at x/c =  0.0886   52
 Side 2 forced transition at x/c =  1.0000   59

   5   rms: 0.1424E-03   max: -.7885E-03   D at   75  2
       a = 18.750      CL =  1.4562
      Cm = -0.0149     CD =  0.09185   =>   CDf =  0.00563    CDp =  0.08623

 Side 1  free  transition at x/c =  0.0886   52
 Side 2 forced transition at x/c =  1.0000   59

   6   rms: 0.9682E-05   max: 0.1072E-03   C at   59  2
       a = 18.750      CL =  1.4562
      Cm = -0.0149     CD =  0.09185   =>   CDf =  0.00563    CDp =  0.08623
 plradd ia,ip,cpol           10           0  1.38463350E-02

 Point added to stored polar  1
 Point written to save file  mi-vawt1_Re300k.ext.pol                         
 Dump file unspecified or not available
 Calculating wake trajectory ...
 Calculating source influence matrix ...

 Solving BL system ...

 Side 1  free  transition at x/c =  0.0886   52
 Side 2 forced transition at x/c =  1.0000   59

   1   rms: 0.5398E-01   max: 0.2480E+00   D at   74  1   RLX: 0.478
       a = 19.250      CL =  1.4551
      Cm = -0.0167     CD =  0.09642   =>   CDf =  0.00564    CDp =  0.09078

 Side 1  free  transition at x/c =  0.0866   52
 Side 2 forced transition at x/c =  1.0000   59

   2   rms: 0.2593E-01   max: -.1111E+00   D at   53  1
       a = 19.250      CL =  1.4557
      Cm = -0.0179     CD =  0.09980   =>   CDf =  0.00562    CDp =  0.09418

 Side 1  free  transition at x/c =  0.0851   51
 Side 2 forced transition at x/c =  1.0000   59

   3   rms: 0.7031E-02   max: 0.6471E-01   D at   52  1
       a = 19.250      CL =  1.4512
      Cm = -0.0180     CD =  0.09979   =>   CDf =  0.00559    CDp =  0.09420

 Side 1  free  transition at x/c =  0.0847   51
 Side 2 forced transition at x/c =  1.0000   59

   4   rms: 0.3569E-03   max: 0.3118E-02   D at   76  2
       a = 19.250      CL =  1.4510
      Cm = -0.0179     CD =  0.09963   =>   CDf =  0.00554    CDp =  0.09409

 Side 1  free  transition at x/c =  0.0847   51
 Side 2 forced transition at x/c =  1.0000   59

   5   rms: 0.3659E-04   max: 0.2290E-03   D at   76  2
       a = 19.250      CL =  1.4510
      Cm = -0.0179     CD =  0.09963   =>   CDf =  0.00554    CDp =  0.09409
 plradd ia,ip,cpol           11           0  1.38463350E-02

 Point added to stored polar  1
 Point written to save file  mi-vawt1_Re300k.ext.pol                         
 Dump file unspecified or not available
 Calculating wake trajectory ...
 Calculating source influence matrix ...

 Solving BL system ...

 Side 1  free  transition at x/c =  0.0847   51
 Side 2 forced transition at x/c =  1.0000   59

   1   rms: 0.6691E-01   max: 0.3514E+00   D at   73  1   RLX: 0.444
       a = 19.750      CL =  1.4431
      Cm = -0.0204     CD =  0.10555   =>   CDf =  0.00556    CDp =  0.10000

 Side 1  free  transition at x/c =  0.0824   51
 Side 2 forced transition at x/c =  1.0000   59

   2   rms: 0.3049E-01   max: 0.1559E+00   D at   74  1
       a = 19.750      CL =  1.4374
      Cm = -0.0227     CD =  0.11064   =>   CDf =  0.00507    CDp =  0.10557

 Side 1  free  transition at x/c =  0.0802   52
 Side 2 forced transition at x/c =  1.0000   58

   3   rms: 0.5667E-02   max: -.5664E-01   D at   52  1
       a = 19.750      CL =  1.4355
      Cm = -0.0223     CD =  0.10925   =>   CDf =  0.00536    CDp =  0.10389

 Side 1  free  transition at x/c =  0.0806   52
 Side 2 forced transition at x/c =  1.0000   58

   4   rms: 0.1465E-02   max: -.7306E-02   D at   74  1
       a = 19.750      CL =  1.4364
      Cm = -0.0222     CD =  0.10909   =>   CDf =  0.00533    CDp =  0.10377

 Side 1  free  transition at x/c =  0.0805   52
 Side 2 forced transition at x/c =  1.0000   58

   5   rms: 0.1747E-03   max: -.8959E-03   D at   75  2
       a = 19.750      CL =  1.4366
      Cm = -0.0222     CD =  0.10913   =>   CDf =  0.00533    CDp =  0.10380

 Side 1  free  transition at x/c =  0.0805   52
 Side 2 forced transition at x/c =  1.0000   58

   6   rms: 0.1572E-04   max: -.9323E-04   D at   75  2
       a = 19.750      CL =  1.4366
      Cm = -0.0222     CD =  0.10913   =>   CDf =  0.00533    CDp =  0.10380
 plradd ia,ip,cpol           12           0  1.38463350E-02

 Point added to stored polar  1
 Point written to save file  mi-vawt1_Re300k.ext.pol                         
 Dump file unspecified or not available
 Calculating wake trajectory ...
 Calculating source influence matrix ...

 Solving BL system ...

 Side 1  free  transition at x/c =  0.0805   52
 Side 2 forced transition at x/c =  1.0000   58

   1   rms: 0.5295E-01   max: 0.2305E+00   D at   73  1   RLX: 0.422
       a = 20.250      CL =  1.4359
      Cm = -0.0240     CD =  0.11331   =>   CDf =  0.00535    CDp =  0.10796

 Side 1  free  transition at x/c =  0.0791   51
 Side 2 forced transition at x/c =  1.0000   58

   2   rms: 0.4618E-01   max: 0.2434E+00   D at   72  1
       a = 20.250      CL =  1.4188
      Cm = -0.0280     CD =  0.12207   =>   CDf =  0.00537    CDp =  0.11670

 Side 1  free  transition at x/c =  0.0758   51
 Side 2 forced transition at x/c =  1.0000   58

   3   rms: 0.1038E-01   max: -.1013E+00   D at   52  1
       a = 20.250      CL =  1.4201
      Cm = -0.0269     CD =  0.11878   =>   CDf =  0.00516    CDp =  0.11362

 Side 1  free  transition at x/c =  0.0764   51
 Side 2 forced transition at x/c =  1.0000   58

   4   rms: 0.2210E-02   max: -.9129E-02   D at   72  1
       a = 20.250      CL =  1.4218
      Cm = -0.0268     CD =  0.11871   =>   CDf =  0.00515    CDp =  0.11356

 Side 1  free  transition at x/c =  0.0764   51
 Side 2 forced transition at x/c =  1.0000   58

   5   rms: 0.2338E-03   max: -.1236E-02   D at   75  2
       a = 20.250      CL =  1.4221
      Cm = -0.0268     CD =  0.11877   =>   CDf =  0.00516    CDp =  0.11362

 Side 1  free  transition at x/c =  0.0764   51
 Side 2 forced transition at x/c =  1.0000   58

   6   rms: 0.1666E-04   max: -.1074E-03   D at   75  2
       a = 20.250      CL =  1.4221
      Cm = -0.0268     CD =  0.11878   =>   CDf =  0.00516    CDp =  0.11362
 plradd ia,ip,cpol           13           0  1.38463350E-02

 Point added to stored polar  1
 Point written to save file  mi-vawt1_Re300k.ext.pol                         
 Dump file unspecified or not available
 Calculating wake trajectory ...
 Calculating source influence matrix ...

 Solving BL system ...

 Side 1  free  transition at x/c =  0.0764   51
 Side 2 forced transition at x/c =  1.0000   58

   1   rms: 0.5505E-01   max: 0.2790E+00   D at   71  1   RLX: 0.395
       a = 20.750      CL =  1.4188
      Cm = -0.0290     CD =  0.12346   =>   CDf =  0.00517    CDp =  0.11828

 Side 1  free  transition at x/c =  0.0747   51
 Side 2 forced transition at x/c =  1.0000   58

   2   rms: 0.3070E-01   max: 0.1406E+00   D at   71  1
       a = 20.750      CL =  1.4166
      Cm = -0.0317     CD =  0.12890   =>   CDf =  0.00515    CDp =  0.12375

 Side 1  free  transition at x/c =  0.0730   50
 Side 2 forced transition at x/c =  1.0000   58

   3   rms: 0.4085E-02   max: -.3149E-01   D at   72  1
       a = 20.750      CL =  1.4158
      Cm = -0.0310     CD =  0.12699   =>   CDf =  0.00514    CDp =  0.12185

 Side 1  free  transition at x/c =  0.0728   50
 Side 2 forced transition at x/c =  1.0000   58

   4   rms: 0.4360E-03   max: -.1487E-02   D at   72  1
       a = 20.750      CL =  1.4161
      Cm = -0.0310     CD =  0.12701   =>   CDf =  0.00513    CDp =  0.12188

 Side 1  free  transition at x/c =  0.0728   50
 Side 2 forced transition at x/c =  1.0000   58

   5   rms: 0.2858E-04   max: -.2383E-03   D at   75  2
       a = 20.750      CL =  1.4161
      Cm = -0.0310     CD =  0.12703   =>   CDf =  0.00513    CDp =  0.12190
 plradd ia,ip,cpol           14           0  1.38463350E-02

 Point added to stored polar  1
 Point written to save file  mi-vawt1_Re300k.ext.pol                         
 Dump file unspecified or not available
 Calculating wake trajectory ...
 Calculating source influence matrix ...

 Solving BL system ...

 Side 1  free  transition at x/c =  0.0728   50
 Side 2 forced transition at x/c =  1.0000   58

   1   rms: 0.7297E-01   max: 0.3973E+00   D at   70  1   RLX: 0.371
       a = 21.250      CL =  1.4071
      Cm = -0.0339     CD =  0.13303   =>   CDf =  0.00514    CDp =  0.12789

 Side 1  free  transition at x/c =  0.0711   50
 Side 2 forced transition at x/c =  1.0000   58

   2   rms: 0.3479E-01   max: 0.1847E+00   D at   70  1
       a = 21.250      CL =  1.4003
      Cm = -0.0374     CD =  0.13982   =>   CDf =  0.00501    CDp =  0.13481

 Side 1  free  transition at x/c =  0.0689   50
 Side 2 forced transition at x/c =  1.0000   58

   3   rms: 0.6622E-02   max: -.5508E-01   D at   50  1
       a = 21.250      CL =  1.3996
      Cm = -0.0368     CD =  0.13729   =>   CDf =  0.00495    CDp =  0.13233

 Side 1  free  transition at x/c =  0.0692   50
 Side 2 forced transition at x/c =  1.0000   58

   4   rms: 0.1694E-02   max: -.8836E-02   D at   70  1
       a = 21.250      CL =  1.4007
      Cm = -0.0366     CD =  0.13701   =>   CDf =  0.00493    CDp =  0.13208

 Side 1  free  transition at x/c =  0.0692   50
 Side 2 forced transition at x/c =  1.0000   58

   5   rms: 0.2441E-03   max: -.1176E-02   D at   76  2
       a = 21.250      CL =  1.4009
      Cm = -0.0366     CD =  0.13707   =>   CDf =  0.00493    CDp =  0.13214

 Side 1  free  transition at x/c =  0.0692   50
 Side 2 forced transition at x/c =  1.0000   58

   6   rms: 0.2470E-04   max: -.1528E-03   D at   76  2
       a = 21.250      CL =  1.4010
      Cm = -0.0366     CD =  0.13708   =>   CDf =  0.00493    CDp =  0.13215
 plradd ia,ip,cpol           15           0  1.15201883E-02

 Point added to stored polar  1
 Point written to save file  mi-vawt1_Re300k.ext.pol                         
 Dump file unspecified or not available
 Calculating wake trajectory ...
 Calculating source influence matrix ...

 Solving BL system ...

 Side 1  free  transition at x/c =  0.0692   50
 Side 2 forced transition at x/c =  1.0000   58

   1   rms: 0.4845E-01   max: 0.2155E+00   D at   69  1   RLX: 0.358
       a = 21.750      CL =  1.4009
      Cm = -0.0384     CD =  0.14077   =>   CDf =  0.00495    CDp =  0.13582

 Side 1  free  transition at x/c =  0.0681   50
 Side 2 forced transition at x/c =  1.0000   58

   2   rms: 0.3247E-01   max: 0.1756E+00   T at   50  1
       a = 21.750      CL =  1.4176
      Cm = -0.0390     CD =  0.14193   =>   CDf =  0.00464    CDp =  0.13728

 Side 1  free  transition at x/c =  0.0666   50
 Side 2 forced transition at x/c =  1.0000   57

   3   rms: 0.3375E-01   max: 0.1820E+00   D at   71  1
       a = 21.750      CL =  1.3964
      Cm = -0.0419     CD =  0.14706   =>   CDf =  0.00497    CDp =  0.14209

 Side 1  free  transition at x/c =  0.0662   50
 Side 2 forced transition at x/c =  1.0000   57

   4   rms: 0.2559E-02   max: 0.2403E-01   D at   70  1
       a = 21.750      CL =  1.3955
      Cm = -0.0416     CD =  0.14563   =>   CDf =  0.00485    CDp =  0.14079

 Side 1  free  transition at x/c =  0.0662   50
 Side 2 forced transition at x/c =  1.0000   57

   5   rms: 0.2805E-03   max: 0.1633E-02   D at   74  2
       a = 21.750      CL =  1.3953
      Cm = -0.0416     CD =  0.14549   =>   CDf =  0.00485    CDp =  0.14064

 Side 1  free  transition at x/c =  0.0662   50
 Side 2 forced transition at x/c =  1.0000   57

   6   rms: 0.1547E-04   max: 0.8012E-04   D at   78  2
       a = 21.750      CL =  1.3953
      Cm = -0.0416     CD =  0.14549   =>   CDf =  0.00485    CDp =  0.14064
 plradd ia,ip,cpol           16           0  1.15201883E-02

 Point added to stored polar  1
 Point written to save file  mi-vawt1_Re300k.ext.pol                         
 Dump file unspecified or not available
 Calculating wake trajectory ...
 Calculating source influence matrix ...

 Solving BL system ...

 Side 1  free  transition at x/c =  0.0662   50
 Side 2 forced transition at x/c =  1.0000   57

   1   rms: 0.6006E-01   max: 0.3250E+00   D at   69  1   RLX: 0.339
       a = 22.250      CL =  1.3906
      Cm = -0.0440     CD =  0.15044   =>   CDf =  0.00486    CDp =  0.14557

 Side 1  free  transition at x/c =  0.0651   50
 Side 2 forced transition at x/c =  1.0000   57

   2   rms: 0.3049E-01   max: 0.1429E+00   D at   69  1
       a = 22.250      CL =  1.3910
      Cm = -0.0474     CD =  0.15647   =>   CDf =  0.00479    CDp =  0.15167

 Side 1  free  transition at x/c =  0.0633   50
 Side 2 forced transition at x/c =  1.0000   57

   3   rms: 0.7517E-02   max: -.5720E-01   D at   50  1
       a = 22.250      CL =  1.3914
      Cm = -0.0467     CD =  0.15356   =>   CDf =  0.00477    CDp =  0.14879

 Side 1  free  transition at x/c =  0.0635   50
 Side 2 forced transition at x/c =  1.0000   57

   4   rms: 0.1959E-02   max: -.9139E-02   D at   69  1
       a = 22.250      CL =  1.3927
      Cm = -0.0466     CD =  0.15332   =>   CDf =  0.00476    CDp =  0.14856

 Side 1  free  transition at x/c =  0.0635   50
 Side 2 forced transition at x/c =  1.0000   57

   5   rms: 0.2611E-03   max: -.1291E-02   D at   75  2
       a = 22.250      CL =  1.3930
      Cm = -0.0466     CD =  0.15342   =>   CDf =  0.00477    CDp =  0.14866

 Side 1  free  transition at x/c =  0.0635   50
 Side 2 forced transition at x/c =  1.0000   57

   6   rms: 0.2771E-04   max: -.1570E-03   D at   75  2
       a = 22.250      CL =  1.3930
      Cm = -0.0466     CD =  0.15344   =>   CDf =  0.00477    CDp =  0.14867
 plradd ia,ip,cpol           17           0  1.15201883E-02

 Point added to stored polar  1
 Point written to save file  mi-vawt1_Re300k.ext.pol                         
 Dump file unspecified or not available

.OPERva   c>  
 Polar accumulation disabled

.OPERv   c>  
 XFOIL   c>  
 XFOIL   c>  