
 ===================================================
  XFOIL Version 6.99
  Copyright (C) 2000   Mark Drela, Harold Youngren

  This software comes with ABSOLUTELY NO WARRANTY,
    subject to the GNU General Public License.

  Caveat computor
 ===================================================

 File  xfoil.def  not found

   QUIT    Exit program

  .OPER    Direct operating point(s)
  .MDES    Complex mapping design routine
  .QDES    Surface speed design routine
  .GDES    Geometry design routine

   SAVE f  Write airfoil to labeled coordinate file
   PSAV f  Write airfoil to plain coordinate file
   ISAV f  Write airfoil to ISES coordinate file
   MSAV f  Write airfoil to MSES coordinate file
   REVE    Reverse written-airfoil node ordering

   LOAD f  Read buffer airfoil from coordinate file
   NACA i  Set NACA 4,5-digit airfoil and buffer airfoil
   INTE    Set buffer airfoil by interpolating two airfoils
   NORM    Buffer airfoil normalization toggle
   XYCM rr Change CM reference location, currently  0.25000 0.00000

   BEND    Display structural properties of current airfoil

   PCOP    Set current-airfoil panel nodes directly from buffer airfoil points
   PANE    Set current-airfoil panel nodes ( 160 ) based on curvature
  .PPAR    Show/change paneling

  .PLOP    Plotting options

   WDEF f  Write  current-settings file
   RDEF f  Reread current-settings file
   NAME s  Specify new airfoil name
   NINC    Increment name version number

   Z       Zoom    | (available in all menus)
   U       Unzoom  | 

 XFOIL   c>  
 Labeled airfoil file.  Name:  NACA 2414                                       

 Number of input coordinate points:  61
 Counterclockwise ordering
 Max thickness =     0.140092  at x =   0.299
 Max camber    =     0.018767  at x =   0.448

  LE  x,y  =  -0.00010   0.00203  |   Chord =   1.00010
  TE  x,y  =   1.00000   0.00000  |

 Current airfoil nodes set from buffer airfoil nodes (  61 )

 XFOIL   c>  
 XFOIL   c>  
 Blunt trailing edge.  Gap =  0.00294

 Paneling parameters used...
   Number of panel nodes       160
   Panel bunching parameter    1.000
   TE/LE panel density ratio   0.150
   Refined-area/LE panel density ratio    0.200
   Top    side refined area x/c limits  1.000 1.000
   Bottom side refined area x/c limits  1.000 1.000

 XFOIL   c>  
.OPERi   c>  
 Xtr/c     =  1.0000    top    side
 Xtr/c     =  1.0000    bottom side
 Ncrit     =    9.00   ( 0.070 % turb. level )
 Vacc      =  0.0100

 Klag  =  5.6000     Uxwt  =    1.00
 A     =  6.7000     B     =  0.7500       KCt = 0.01485
 CtiniK=  1.8000     CtiniX=  3.3000

..VPAR   c>  
..VPAR   c>  
.OPERi   c>  
 M  =    0.0000
 Re =    600000

.OPERv   c>  
.OPERv   c>  
.OPERv   c>  
 Polar  1 newly created for accumulation
 Airfoil archived with polar: NACA 2414                                       

Enter  polar save filename  OR  <return> for no file   s>  
 New polar save file available

Enter  polar dump filename  OR  <return> for no file   s>  
 Polar dump file will NOT be written

 Polar accumulation enabled

.OPERva   c>   Calculating unit vorticity distributions ...
 Calculating wake trajectory ...
 Calculating source influence matrix ...

 Solving BL system ...

 Initializing BL ...
    side            1  ...
 MRCHUE: Inverse mode at  59     Hk =   4.229
 MRCHUE: Inverse mode at  60     Hk =   4.921
 MRCHUE: Inverse mode at  61     Hk =   5.602
 MRCHUE: Inverse mode at  62     Hk =   6.273
 MRCHUE: Inverse mode at  63     Hk =   6.938
 MRCHUE: Inverse mode at  64     Hk =   7.597
 MRCHUE: Inverse mode at  65     Hk =   4.550
 MRCHUE: Inverse mode at  66     Hk =   2.657
    side            2  ...
 MRCHUE: Inverse mode at  35     Hk =   4.942
 MRCHUE: Inverse mode at  36     Hk =   6.240
 MRCHUE: Inverse mode at  37     Hk =   7.546
 MRCHUE: Inverse mode at  38     Hk =   3.062
 MRCHUE: Inverse mode at  86     Hk =   2.500

 Side 1  free  transition at x/c =  0.8211   65
 Side 2  free  transition at x/c =  0.1526   38

   1   rms: 0.1691E+00   max: -.1423E+01   T at   65  1   RLX: 0.351
       a = -4.000      CL = -0.2252
      Cm = -0.0480     CD =  0.00812   =>   CDf =  0.00648    CDp =  0.00164

 Side 1  free  transition at x/c =  0.8314   65
 Side 2  free  transition at x/c =  0.1608   38

   2   rms: 0.1110E+00   max: -.8815E+00   T at   65  1   RLX: 0.567
       a = -4.000      CL = -0.1967
      Cm = -0.0539     CD =  0.00889   =>   CDf =  0.00642    CDp =  0.00247

 Side 1  free  transition at x/c =  0.8633   67
 Side 2  free  transition at x/c =  0.1768   39

   3   rms: 0.6344E-01   max: 0.5223E+00   D at   67  1
       a = -4.000      CL = -0.1900
      Cm = -0.0559     CD =  0.00891   =>   CDf =  0.00613    CDp =  0.00278

 Side 1  free  transition at x/c =  0.8771   68
 Side 2  free  transition at x/c =  0.2208   42

   4   rms: 0.2207E-01   max: 0.3891E+00   C at   42  2
       a = -4.000      CL = -0.1883
      Cm = -0.0564     CD =  0.00877   =>   CDf =  0.00581    CDp =  0.00296

 Side 1  free  transition at x/c =  0.8816   68
 Side 2  free  transition at x/c =  0.2123   42

   5   rms: 0.1838E-02   max: -.2340E-01   D at   43  2
       a = -4.000      CL = -0.1877
      Cm = -0.0565     CD =  0.00879   =>   CDf =  0.00581    CDp =  0.00298

 Side 1  free  transition at x/c =  0.8811   68
 Side 2  free  transition at x/c =  0.2117   41

   6   rms: 0.8861E-04   max: -.1683E-02   C at   41  2
       a = -4.000      CL = -0.1877
      Cm = -0.0565     CD =  0.00879   =>   CDf =  0.00582    CDp =  0.00297
 plradd ia,ip,cpol            1           0  1.88588854E-02

 Point added to stored polar  1
 Point written to save file  n2414_Re600k.base.pol                           
 Dump file unspecified or not available
 Calculating wake trajectory ...
 Calculating source influence matrix ...

 Solving BL system ...

 Side 1  free  transition at x/c =  0.8811   68
 Side 2  free  transition at x/c =  0.2117   41

   1   rms: 0.8314E-01   max: 0.3209E+00   D at   41  2
       a = -3.500      CL = -0.1325
      Cm = -0.0560     CD =  0.00859   =>   CDf =  0.00585    CDp =  0.00274

 Side 1  free  transition at x/c =  0.8594   68
 Side 2  free  transition at x/c =  0.2440   42

   2   rms: 0.1861E-01   max: -.2193E+00   C at   42  2
       a = -3.500      CL = -0.1333
      Cm = -0.0559     CD =  0.00846   =>   CDf =  0.00583    CDp =  0.00263

 Side 1  free  transition at x/c =  0.8614   68
 Side 2  free  transition at x/c =  0.2523   43

   3   rms: 0.3204E-02   max: 0.3935E-01   C at   68  1
       a = -3.500      CL = -0.1337
      Cm = -0.0559     CD =  0.00841   =>   CDf =  0.00572    CDp =  0.00270

 Side 1  free  transition at x/c =  0.8604   68
 Side 2  free  transition at x/c =  0.2511   43

   4   rms: 0.1095E-03   max: 0.1639E-02   C at   43  2
       a = -3.500      CL = -0.1337
      Cm = -0.0559     CD =  0.00842   =>   CDf =  0.00573    CDp =  0.00269

 Side 1  free  transition at x/c =  0.8603   68
 Side 2  free  transition at x/c =  0.2510   43

   5   rms: 0.7547E-06   max: -.3640E-05   D at   70  1
       a = -3.500      CL = -0.1337
      Cm = -0.0559     CD =  0.00842   =>   CDf =  0.00573    CDp =  0.00269
 plradd ia,ip,cpol            2           0  1.88588854E-02

 Point added to stored polar  1
 Point written to save file  n2414_Re600k.base.pol                           
 Dump file unspecified or not available
 Calculating wake trajectory ...
 Calculating source influence matrix ...

 Solving BL system ...

 Side 1  free  transition at x/c =  0.8603   68
 Side 2  free  transition at x/c =  0.2510   43

   1   rms: 0.1053E+00   max: -.1050E+01   C at   43  2   RLX: 0.476
       a = -3.000      CL = -0.1081
      Cm = -0.0556     CD =  0.00822   =>   CDf =  0.00576    CDp =  0.00247

 Side 1  free  transition at x/c =  0.8507   68
 Side 2  free  transition at x/c =  0.2627   42

   2   rms: 0.1087E+00   max: -.1707E+01   T at    2  1   RLX: 0.293
       a = -3.000      CL = -0.0985
      Cm = -0.0556     CD =  0.00837   =>   CDf =  0.00579    CDp =  0.00258

 Side 1  free  transition at x/c =  0.8464   68
 Side 2  free  transition at x/c =  0.2734   43

   3   rms: 0.4447E-01   max: -.6526E+00   C at   43  2   RLX: 0.766
       a = -3.000      CL = -0.0842
      Cm = -0.0554     CD =  0.00812   =>   CDf =  0.00570    CDp =  0.00242

 Side 1  free  transition at x/c =  0.8390   68
 Side 2  free  transition at x/c =  0.2840   44

   4   rms: 0.1931E-01   max: -.2567E+00   C at   44  2
       a = -3.000      CL = -0.0796
      Cm = -0.0553     CD =  0.00808   =>   CDf =  0.00572    CDp =  0.00236

 Side 1  free  transition at x/c =  0.8382   68
 Side 2  free  transition at x/c =  0.2938   44

   5   rms: 0.2154E-02   max: -.4390E-01   C at   44  2
       a = -3.000      CL = -0.0794
      Cm = -0.0553     CD =  0.00811   =>   CDf =  0.00567    CDp =  0.00244

 Side 1  free  transition at x/c =  0.8382   68
 Side 2  free  transition at x/c =  0.2946   44

   6   rms: 0.1471E-04   max: 0.2164E-03   C at   44  2
       a = -3.000      CL = -0.0794
      Cm = -0.0553     CD =  0.00811   =>   CDf =  0.00567    CDp =  0.00245
 plradd ia,ip,cpol            3           0  2.20948327E-02

 Point added to stored polar  1
 Point written to save file  n2414_Re600k.base.pol                           
 Dump file unspecified or not available
 Calculating wake trajectory ...
 Calculating source influence matrix ...

 Solving BL system ...

 Side 1  free  transition at x/c =  0.8382   68
 Side 2  free  transition at x/c =  0.2946   44

   1   rms: 0.9627E-01   max: -.9255E+00   C at   44  2   RLX: 0.540
       a = -2.500      CL = -0.0494
      Cm = -0.0551     CD =  0.00803   =>   CDf =  0.00567    CDp =  0.00236

 Side 1  free  transition at x/c =  0.8266   67
 Side 2  free  transition at x/c =  0.3149   45

   2   rms: 0.4044E-01   max: -.1828E+00   D at   67  1
       a = -2.500      CL = -0.0241
      Cm = -0.0549     CD =  0.00796   =>   CDf =  0.00567    CDp =  0.00229

 Side 1  free  transition at x/c =  0.8129   67
 Side 2  free  transition at x/c =  0.3441   46

   3   rms: 0.4879E-02   max: -.5825E-01   C at   67  1
       a = -2.500      CL = -0.0253
      Cm = -0.0548     CD =  0.00782   =>   CDf =  0.00558    CDp =  0.00224

 Side 1  free  transition at x/c =  0.8134   67
 Side 2  free  transition at x/c =  0.3440   46

   4   rms: 0.3450E-03   max: 0.4186E-02   C at   46  2
       a = -2.500      CL = -0.0253
      Cm = -0.0548     CD =  0.00782   =>   CDf =  0.00556    CDp =  0.00226

 Side 1  free  transition at x/c =  0.8133   67
 Side 2  free  transition at x/c =  0.3439   46

   5   rms: 0.9784E-06   max: -.4541E-05   C at   46  2
       a = -2.500      CL = -0.0253
      Cm = -0.0548     CD =  0.00782   =>   CDf =  0.00556    CDp =  0.00226
 plradd ia,ip,cpol            4           0  2.56840400E-02

 Point added to stored polar  1
 Point written to save file  n2414_Re600k.base.pol                           
 Dump file unspecified or not available
 Calculating wake trajectory ...
 Calculating source influence matrix ...

 Solving BL system ...

 Side 1  free  transition at x/c =  0.8133   67
 Side 2  free  transition at x/c =  0.3439   46

   1   rms: 0.1050E+00   max: -.1320E+01   C at   46  2   RLX: 0.379
       a = -2.000      CL = -0.0048
      Cm = -0.0546     CD =  0.00772   =>   CDf =  0.00556    CDp =  0.00216

 Side 1  free  transition at x/c =  0.8021   66
 Side 2  free  transition at x/c =  0.3589   47

   2   rms: 0.7048E-01   max: -.9123E+00   C at   47  2   RLX: 0.548
       a = -2.000      CL =  0.0138
      Cm = -0.0543     CD =  0.00764   =>   CDf =  0.00559    CDp =  0.00205

 Side 1  free  transition at x/c =  0.7923   66
 Side 2  free  transition at x/c =  0.3704   48

   3   rms: 0.4460E-01   max: -.4627E+00   C at   48  2
       a = -2.000      CL =  0.0282
      Cm = -0.0541     CD =  0.00750   =>   CDf =  0.00562    CDp =  0.00187

 Side 1  free  transition at x/c =  0.7861   66
 Side 2  free  transition at x/c =  0.4055   49

   4   rms: 0.1257E-01   max: -.2466E+00   C at   49  2
       a = -2.000      CL =  0.0285
      Cm = -0.0541     CD =  0.00754   =>   CDf =  0.00550    CDp =  0.00205

 Side 1  free  transition at x/c =  0.7866   66
 Side 2  free  transition at x/c =  0.4011   49

   5   rms: 0.7848E-03   max: -.1427E-01   C at   49  2
       a = -2.000      CL =  0.0286
      Cm = -0.0541     CD =  0.00756   =>   CDf =  0.00547    CDp =  0.00209

 Side 1  free  transition at x/c =  0.7866   66
 Side 2  free  transition at x/c =  0.4013   49

   6   rms: 0.7660E-05   max: 0.1587E-03   C at   49  2
       a = -2.000      CL =  0.0286
      Cm = -0.0541     CD =  0.00756   =>   CDf =  0.00547    CDp =  0.00209
 plradd ia,ip,cpol            5           0  3.40991020E-02

 Point added to stored polar  1
 Point written to save file  n2414_Re600k.base.pol                           
 Dump file unspecified or not available
 Calculating wake trajectory ...
 Calculating source influence matrix ...

 Solving BL system ...

 Side 1  free  transition at x/c =  0.7866   66
 Side 2  free  transition at x/c =  0.4013   49

   1   rms: 0.1128E+00   max: -.1585E+01   C at   49  2   RLX: 0.316
       a = -1.500      CL =  0.0456
      Cm = -0.0539     CD =  0.00752   =>   CDf =  0.00548    CDp =  0.00203

 Side 1  free  transition at x/c =  0.7788   66
 Side 2  free  transition at x/c =  0.4195   49

   2   rms: 0.8233E-01   max: -.1275E+01   C at   49  2   RLX: 0.392
       a = -1.500      CL =  0.0603
      Cm = -0.0538     CD =  0.00742   =>   CDf =  0.00543    CDp =  0.00199

 Side 1  free  transition at x/c =  0.7694   66
 Side 2  free  transition at x/c =  0.4363   50

   3   rms: 0.5638E-01   max: -.9474E+00   C at   50  2   RLX: 0.528
       a = -1.500      CL =  0.0718
      Cm = -0.0536     CD =  0.00739   =>   CDf =  0.00542    CDp =  0.00197

 Side 1  free  transition at x/c =  0.7643   65
 Side 2  free  transition at x/c =  0.4524   51

   4   rms: 0.3341E-01   max: -.6176E+00   C at   51  2   RLX: 0.810
       a = -1.500      CL =  0.0802
      Cm = -0.0535     CD =  0.00730   =>   CDf =  0.00538    CDp =  0.00192

 Side 1  free  transition at x/c =  0.7588   65
 Side 2  free  transition at x/c =  0.4691   52

   5   rms: 0.1098E-01   max: -.2209E+00   C at   52  2
       a = -1.500      CL =  0.0819
      Cm = -0.0534     CD =  0.00727   =>   CDf =  0.00533    CDp =  0.00195

 Side 1  free  transition at x/c =  0.7581   65
 Side 2  free  transition at x/c =  0.4766   52

   6   rms: 0.1418E-02   max: -.3053E-01   C at   52  2
       a = -1.500      CL =  0.0819
      Cm = -0.0534     CD =  0.00728   =>   CDf =  0.00530    CDp =  0.00198

 Side 1  free  transition at x/c =  0.7581   65
 Side 2  free  transition at x/c =  0.4775   52

   7   rms: 0.3458E-05   max: -.3867E-04   D at   54  2
       a = -1.500      CL =  0.0819
      Cm = -0.0534     CD =  0.00728   =>   CDf =  0.00530    CDp =  0.00198
 plradd ia,ip,cpol            6           0  3.90364788E-02

 Point added to stored polar  1
 Point written to save file  n2414_Re600k.base.pol                           
 Dump file unspecified or not available
 Calculating wake trajectory ...
 Calculating source influence matrix ...

 Solving BL system ...

 Side 1  free  transition at x/c =  0.7581   65
 Side 2  free  transition at x/c =  0.4775   52

   1   rms: 0.1183E+00   max: -.1807E+01   C at   52  2   RLX: 0.277
       a = -1.000      CL =  0.0968
      Cm = -0.0533     CD =  0.00724   =>   CDf =  0.00530    CDp =  0.00194

 Side 1  free  transition at x/c =  0.7493   64
 Side 2  free  transition at x/c =  0.5034   54

   2   rms: 0.9720E-01   max: -.1578E+01   C at   54  2   RLX: 0.317
       a = -1.000      CL =  0.1085
      Cm = -0.0529     CD =  0.00713   =>   CDf =  0.00526    CDp =  0.00187

 Side 1  free  transition at x/c =  0.7420   65
 Side 2  free  transition at x/c =  0.5155   54

   3   rms: 0.6921E-01   max: -.8721E+00   C at   54  2   RLX: 0.573
       a = -1.000      CL =  0.1236
      Cm = -0.0528     CD =  0.00707   =>   CDf =  0.00527    CDp =  0.00180

 Side 1  free  transition at x/c =  0.7335   65
 Side 2  free  transition at x/c =  0.5333   54

   4   rms: 0.2502E-01   max: -.3542E+00   C at   54  2
       a = -1.000      CL =  0.1355
      Cm = -0.0527     CD =  0.00715   =>   CDf =  0.00526    CDp =  0.00190

 Side 1  free  transition at x/c =  0.7291   64
 Side 2  free  transition at x/c =  0.5695   56

   5   rms: 0.1322E-01   max: -.2501E+00   C at   56  2
       a = -1.000      CL =  0.1344
      Cm = -0.0525     CD =  0.00702   =>   CDf =  0.00515    CDp =  0.00187

 Side 1  free  transition at x/c =  0.7286   64
 Side 2  free  transition at x/c =  0.5619   56

   6   rms: 0.1869E-02   max: -.3521E-01   C at   56  2
       a = -1.000      CL =  0.1347
      Cm = -0.0526     CD =  0.00705   =>   CDf =  0.00513    CDp =  0.00192

 Side 1  free  transition at x/c =  0.7286   64
 Side 2  free  transition at x/c =  0.5628   56

   7   rms: 0.2573E-04   max: 0.4567E-03   C at   56  2
       a = -1.000      CL =  0.1346
      Cm = -0.0526     CD =  0.00705   =>   CDf =  0.00513    CDp =  0.00192
 plradd ia,ip,cpol            7           0  5.07100150E-02

 Point added to stored polar  1
 Point written to save file  n2414_Re600k.base.pol                           
 Dump file unspecified or not available
 Calculating wake trajectory ...
 Calculating source influence matrix ...

 Solving BL system ...

 Side 1  free  transition at x/c =  0.7286   64
 Side 2  free  transition at x/c =  0.5628   56

   1   rms: 0.1201E+00   max: -.1830E+01   C at   56  2   RLX: 0.273
       a = -0.500      CL =  0.1493
      Cm = -0.0524     CD =  0.00699   =>   CDf =  0.00513    CDp =  0.00186

 Side 1  free  transition at x/c =  0.7187   64
 Side 2  free  transition at x/c =  0.5825   57

   2   rms: 0.8244E-01   max: -.1145E+01   C at   57  2   RLX: 0.437
       a = -0.500      CL =  0.1661
      Cm = -0.0521     CD =  0.00700   =>   CDf =  0.00510    CDp =  0.00189

 Side 1  free  transition at x/c =  0.7102   63
 Side 2  free  transition at x/c =  0.6068   58

   3   rms: 0.3963E-01   max: -.4332E+00   C at   58  2
       a = -0.500      CL =  0.1887
      Cm = -0.0519     CD =  0.00694   =>   CDf =  0.00505    CDp =  0.00189

 Side 1  free  transition at x/c =  0.6957   63
 Side 2  free  transition at x/c =  0.6478   60

   4   rms: 0.6507E-02   max: 0.7781E-01   C at   60  2
       a = -0.500      CL =  0.1871
      Cm = -0.0516     CD =  0.00691   =>   CDf =  0.00500    CDp =  0.00191

 Side 1  free  transition at x/c =  0.6970   64
 Side 2  free  transition at x/c =  0.6430   59

   5   rms: 0.4648E-02   max: -.6882E-01   C at   64  1
       a = -0.500      CL =  0.1872
      Cm = -0.0516     CD =  0.00690   =>   CDf =  0.00502    CDp =  0.00188

 Side 1  free  transition at x/c =  0.6979   64
 Side 2  free  transition at x/c =  0.6428   59

   6   rms: 0.4031E-03   max: 0.6131E-02   C at   64  1
       a = -0.500      CL =  0.1873
      Cm = -0.0516     CD =  0.00690   =>   CDf =  0.00499    CDp =  0.00191

 Side 1  free  transition at x/c =  0.6977   64
 Side 2  free  transition at x/c =  0.6428   59

   7   rms: 0.2320E-05   max: -.3278E-04   D at   65  1
       a = -0.500      CL =  0.1873
      Cm = -0.0516     CD =  0.00690   =>   CDf =  0.00499    CDp =  0.00191
 plradd ia,ip,cpol            8           0  0.21707091    

 Point added to stored polar  1
 Point written to save file  n2414_Re600k.base.pol                           
 Dump file unspecified or not available
 Calculating wake trajectory ...
 Calculating source influence matrix ...

 Solving BL system ...

 Side 1  free  transition at x/c =  0.6977   64
 Side 2  free  transition at x/c =  0.6428   59

   1   rms: 0.1042E+00   max: -.1186E+01   C at   59  2   RLX: 0.422
       a =  0.000      CL =  0.2096
      Cm = -0.0512     CD =  0.00694   =>   CDf =  0.00499    CDp =  0.00194

 Side 1  free  transition at x/c =  0.6852   63
 Side 2  free  transition at x/c =  0.6770   61

   2   rms: 0.6370E-01   max: -.8312E+00   C at   61  2   RLX: 0.602
       a =  0.000      CL =  0.2275
      Cm = -0.0507     CD =  0.00682   =>   CDf =  0.00490    CDp =  0.00191

 Side 1  free  transition at x/c =  0.6745   62
 Side 2  free  transition at x/c =  0.6986   62

   3   rms: 0.2191E-01   max: -.2207E+00   C at   62  2
       a =  0.000      CL =  0.2405
      Cm = -0.0507     CD =  0.00682   =>   CDf =  0.00490    CDp =  0.00192

 Side 1  free  transition at x/c =  0.6655   62
 Side 2  free  transition at x/c =  0.7172   63

   4   rms: 0.5695E-02   max: -.9882E-01   C at   63  2
       a =  0.000      CL =  0.2397
      Cm = -0.0506     CD =  0.00679   =>   CDf =  0.00488    CDp =  0.00191

 Side 1  free  transition at x/c =  0.6666   62
 Side 2  free  transition at x/c =  0.7170   63

   5   rms: 0.5800E-04   max: 0.8210E-03   C at   63  2
       a =  0.000      CL =  0.2397
      Cm = -0.0506     CD =  0.00680   =>   CDf =  0.00485    CDp =  0.00194
 plradd ia,ip,cpol            9           0  0.18611525    

 Point added to stored polar  1
 Point written to save file  n2414_Re600k.base.pol                           
 Dump file unspecified or not available
 Calculating wake trajectory ...
 Calculating source influence matrix ...

 Solving BL system ...

 Side 1  free  transition at x/c =  0.6666   62
 Side 2  free  transition at x/c =  0.7170   63

   1   rms: 0.9994E-01   max: -.1039E+01   C at   63  2   RLX: 0.481
       a =  0.500      CL =  0.2652
      Cm = -0.0501     CD =  0.00683   =>   CDf =  0.00482    CDp =  0.00201

 Side 1  free  transition at x/c =  0.6521   62
 Side 2  free  transition at x/c =  0.7502   64

   2   rms: 0.4596E-01   max: -.2562E+00   C at   64  2
       a =  0.500      CL =  0.2932
      Cm = -0.0497     CD =  0.00682   =>   CDf =  0.00482    CDp =  0.00200

 Side 1  free  transition at x/c =  0.6349   61
 Side 2  free  transition at x/c =  0.7951   67

   3   rms: 0.8416E-02   max: 0.1142E+00   C at   67  2
       a =  0.500      CL =  0.2916
      Cm = -0.0493     CD =  0.00676   =>   CDf =  0.00473    CDp =  0.00203

 Side 1  free  transition at x/c =  0.6362   61
 Side 2  free  transition at x/c =  0.7881   66

   4   rms: 0.1085E-02   max: 0.1679E-01   C at   66  2
       a =  0.500      CL =  0.2915
      Cm = -0.0493     CD =  0.00675   =>   CDf =  0.00473    CDp =  0.00203

 Side 1  free  transition at x/c =  0.6361   61
 Side 2  free  transition at x/c =  0.7873   66

   5   rms: 0.6572E-05   max: -.9946E-04   C at   66  2
       a =  0.500      CL =  0.2915
      Cm = -0.0493     CD =  0.00675   =>   CDf =  0.00473    CDp =  0.00202
 plradd ia,ip,cpol           10           0  0.17108697    

 Point added to stored polar  1
 Point written to save file  n2414_Re600k.base.pol                           
 Dump file unspecified or not available
 Calculating wake trajectory ...
 Calculating source influence matrix ...

 Solving BL system ...

 Side 1  free  transition at x/c =  0.6361   61
 Side 2  free  transition at x/c =  0.7873   66

   1   rms: 0.9946E-01   max: -.1107E+01   C at   66  2   RLX: 0.452
       a =  1.000      CL =  0.3152
      Cm = -0.0488     CD =  0.00676   =>   CDf =  0.00469    CDp =  0.00207

 Side 1  free  transition at x/c =  0.6215   61
 Side 2  free  transition at x/c =  0.8128   67

   2   rms: 0.5893E-01   max: -.7473E+00   C at   67  2   RLX: 0.669
       a =  1.000      CL =  0.3338
      Cm = -0.0481     CD =  0.00673   =>   CDf =  0.00473    CDp =  0.00200

 Side 1  free  transition at x/c =  0.6096   61
 Side 2  free  transition at x/c =  0.8290   67

   3   rms: 0.1864E-01   max: -.1584E+00   C at   67  2
       a =  1.000      CL =  0.3439
      Cm = -0.0482     CD =  0.00687   =>   CDf =  0.00478    CDp =  0.00210

 Side 1  free  transition at x/c =  0.6067   60
 Side 2  free  transition at x/c =  0.8613   69

   4   rms: 0.1831E-01   max: 0.3534E+00   C at   69  2
       a =  1.000      CL =  0.3427
      Cm = -0.0478     CD =  0.00680   =>   CDf =  0.00462    CDp =  0.00219

 Side 1  free  transition at x/c =  0.6065   60
 Side 2  free  transition at x/c =  0.8513   69

   5   rms: 0.7627E-03   max: -.1116E-01   D at   71  2
       a =  1.000      CL =  0.3427
      Cm = -0.0478     CD =  0.00681   =>   CDf =  0.00466    CDp =  0.00215

 Side 1  free  transition at x/c =  0.6065   60
 Side 2  free  transition at x/c =  0.8511   69

   6   rms: 0.3550E-05   max: -.5977E-04   D at   71  2
       a =  1.000      CL =  0.3427
      Cm = -0.0478     CD =  0.00681   =>   CDf =  0.00466    CDp =  0.00215
 plradd ia,ip,cpol           11           0  0.15643421    

 Point added to stored polar  1
 Point written to save file  n2414_Re600k.base.pol                           
 Dump file unspecified or not available
 Calculating wake trajectory ...
 Calculating source influence matrix ...

 Solving BL system ...

 Side 1  free  transition at x/c =  0.6065   60
 Side 2  free  transition at x/c =  0.8511   69

   1   rms: 0.9871E-01   max: -.1087E+01   C at   69  2   RLX: 0.460
       a =  1.500      CL =  0.3665
      Cm = -0.0470     CD =  0.00677   =>   CDf =  0.00466    CDp =  0.00211

 Side 1  free  transition at x/c =  0.5908   60
 Side 2  free  transition at x/c =  0.8668   70

   2   rms: 0.5957E-01   max: -.6537E+00   C at   70  2   RLX: 0.765
       a =  1.500      CL =  0.3873
      Cm = -0.0465     CD =  0.00689   =>   CDf =  0.00471    CDp =  0.00218

 Side 1  free  transition at x/c =  0.5822   60
 Side 2  free  transition at x/c =  0.8833   69

   3   rms: 0.2170E-01   max: -.3064E+00   D at   69  2
       a =  1.500      CL =  0.3950
      Cm = -0.0467     CD =  0.00697   =>   CDf =  0.00477    CDp =  0.00220

 Side 1  free  transition at x/c =  0.5778   60
 Side 2  free  transition at x/c =  0.9337   72

   4   rms: 0.2682E-01   max: -.3111E+00   C at   72  2
       a =  1.500      CL =  0.4000
      Cm = -0.0473     CD =  0.00694   =>   CDf =  0.00459    CDp =  0.00235

 Side 1  free  transition at x/c =  0.5777   60
 Side 2  free  transition at x/c =  0.8958   70

   5   rms: 0.1950E-01   max: -.3299E+00   D at   71  2
       a =  1.500      CL =  0.3940
      Cm = -0.0462     CD =  0.00693   =>   CDf =  0.00466    CDp =  0.00227

 Side 1  free  transition at x/c =  0.5782   60
 Side 2  free  transition at x/c =  0.9094   71

   6   rms: 0.7173E-02   max: 0.1138E+00   C at   71  2
       a =  1.500      CL =  0.3939
      Cm = -0.0461     CD =  0.00693   =>   CDf =  0.00461    CDp =  0.00232

 Side 1  free  transition at x/c =  0.5782   60
 Side 2  free  transition at x/c =  0.9058   71

   7   rms: 0.3692E-03   max: -.4707E-02   D at   73  2
       a =  1.500      CL =  0.3940
      Cm = -0.0462     CD =  0.00693   =>   CDf =  0.00462    CDp =  0.00231

 Side 1  free  transition at x/c =  0.5782   60
 Side 2  free  transition at x/c =  0.9056   71

   8   rms: 0.1186E-05   max: -.1022E-04   D at   74  2
       a =  1.500      CL =  0.3940
      Cm = -0.0462     CD =  0.00693   =>   CDf =  0.00462    CDp =  0.00231
 plradd ia,ip,cpol           12           0  0.14221859    

 Point added to stored polar  1
 Point written to save file  n2414_Re600k.base.pol                           
 Dump file unspecified or not available
 Calculating wake trajectory ...
 Calculating source influence matrix ...

 Solving BL system ...

 Side 1  free  transition at x/c =  0.5782   60
 Side 2  free  transition at x/c =  0.9056   71

   1   rms: 0.9788E-01   max: -.7128E+00   C at   71  2   RLX: 0.702
       a =  2.000      CL =  0.4305
      Cm = -0.0451     CD =  0.00708   =>   CDf =  0.00462    CDp =  0.00245

 Side 1  free  transition at x/c =  0.5589   59
 Side 2  free  transition at x/c =  0.9263   72

   2   rms: 0.2984E-01   max: -.2056E+00   T at   72  2
       a =  2.000      CL =  0.4445
      Cm = -0.0444     CD =  0.00715   =>   CDf =  0.00469    CDp =  0.00246

 Side 1  free  transition at x/c =  0.5523   58
 Side 2  free  transition at x/c =  0.9508   73

   3   rms: 0.1178E-01   max: 0.1667E+00   C at   73  2
       a =  2.000      CL =  0.4479
      Cm = -0.0451     CD =  0.00717   =>   CDf =  0.00468    CDp =  0.00249

 Side 1  free  transition at x/c =  0.5516   58
 Side 2  free  transition at x/c =  0.9459   73

   4   rms: 0.1151E-02   max: -.9497E-02   D at   77  2
       a =  2.000      CL =  0.4491
      Cm = -0.0454     CD =  0.00718   =>   CDf =  0.00468    CDp =  0.00250

 Side 1  free  transition at x/c =  0.5515   58
 Side 2  free  transition at x/c =  0.9452   73

   5   rms: 0.2721E-04   max: -.3724E-03   C at   73  2
       a =  2.000      CL =  0.4491
      Cm = -0.0454     CD =  0.00718   =>   CDf =  0.00468    CDp =  0.00250
 plradd ia,ip,cpol           13           0  0.10319985    

 Point added to stored polar  1
 Point written to save file  n2414_Re600k.base.pol                           
 Dump file unspecified or not available
 Calculating wake trajectory ...
 Calculating source influence matrix ...

 Solving BL system ...

 Side 1  free  transition at x/c =  0.5515   58
 Side 2  free  transition at x/c =  0.9452   73

   1   rms: 0.8905E-01   max: 0.2996E+00   D at   74  2
       a =  2.500      CL =  0.5095
      Cm = -0.0458     CD =  0.00737   =>   CDf =  0.00467    CDp =  0.00270

 Side 1  free  transition at x/c =  0.5207   58
 Side 2  free  transition at x/c =  0.9676   73

   2   rms: 0.2309E-01   max: -.2770E+00   D at   58  1
       a =  2.500      CL =  0.5060
      Cm = -0.0452     CD =  0.00745   =>   CDf =  0.00484    CDp =  0.00261

 Side 1  free  transition at x/c =  0.5264   58
 Side 2  free  transition at x/c =  0.9782   74

   3   rms: 0.2599E-01   max: 0.3177E+00   C at   74  2
       a =  2.500      CL =  0.5119
      Cm = -0.0465     CD =  0.00745   =>   CDf =  0.00476    CDp =  0.00268

 Side 1  free  transition at x/c =  0.5242   58
 Side 2  free  transition at x/c =  0.9712   74

   4   rms: 0.1185E-02   max: -.1800E-01   D at   74  2
       a =  2.500      CL =  0.5127
      Cm = -0.0467     CD =  0.00748   =>   CDf =  0.00478    CDp =  0.00270

 Side 1  free  transition at x/c =  0.5241   58
 Side 2  free  transition at x/c =  0.9707   74

   5   rms: 0.8512E-04   max: -.7568E-03   C at   74  2
       a =  2.500      CL =  0.5127
      Cm = -0.0467     CD =  0.00748   =>   CDf =  0.00478    CDp =  0.00270
 plradd ia,ip,cpol           14           0  8.12583864E-02

 Point added to stored polar  1
 Point written to save file  n2414_Re600k.base.pol                           
 Dump file unspecified or not available
 Calculating wake trajectory ...
 Calculating source influence matrix ...

 Solving BL system ...

 Side 1  free  transition at x/c =  0.5241   58
 Side 2  free  transition at x/c =  0.9707   74

   1   rms: 0.1021E+00   max: 0.5390E+00   C at   58  1
       a =  3.000      CL =  0.5870
      Cm = -0.0505     CD =  0.00789   =>   CDf =  0.00477    CDp =  0.00312

 Side 1  free  transition at x/c =  0.4954   57
 Side 2  free  transition at x/c =  0.9804   73

   2   rms: 0.2952E-01   max: 0.2674E+00   D at   58  1
       a =  3.000      CL =  0.5734
      Cm = -0.0475     CD =  0.00784   =>   CDf =  0.00492    CDp =  0.00292

 Side 1  free  transition at x/c =  0.4989   57
 Side 2  free  transition at x/c =  0.9962   75

   3   rms: 0.4657E-01   max: 0.8545E+00   C at   75  2
       a =  3.000      CL =  0.5814
      Cm = -0.0493     CD =  0.00777   =>   CDf =  0.00489    CDp =  0.00287

 Side 1  free  transition at x/c =  0.4971   57
 Side 2  free  transition at x/c =  0.9887   74

   4   rms: 0.1131E-01   max: 0.1184E+00   D at   75  2
       a =  3.000      CL =  0.5887
      Cm = -0.0509     CD =  0.00780   =>   CDf =  0.00490    CDp =  0.00290

 Side 1  free  transition at x/c =  0.4962   57
 Side 2  free  transition at x/c =  0.9822   74

   5   rms: 0.5954E-02   max: -.6635E-01   D at   75  2
       a =  3.000      CL =  0.5873
      Cm = -0.0506     CD =  0.00781   =>   CDf =  0.00490    CDp =  0.00291

 Side 1  free  transition at x/c =  0.4964   57
 Side 2  free  transition at x/c =  0.9839   74

   6   rms: 0.1810E-03   max: -.2488E-02   D at   74  2
       a =  3.000      CL =  0.5873
      Cm = -0.0506     CD =  0.00781   =>   CDf =  0.00490    CDp =  0.00291

 Side 1  free  transition at x/c =  0.4964   57
 Side 2  free  transition at x/c =  0.9839   74

   7   rms: 0.7216E-06   max: 0.5059E-05   D at    4  2
       a =  3.000      CL =  0.5873
      Cm = -0.0506     CD =  0.00781   =>   CDf =  0.00490    CDp =  0.00291
 plradd ia,ip,cpol           15           0  5.53755127E-02

 Point added to stored polar  1
 Point written to save file  n2414_Re600k.base.pol                           
 Dump file unspecified or not available
 Calculating wake trajectory ...
 Calculating source influence matrix ...

 Solving BL system ...

 Side 1  free  transition at x/c =  0.4964   57
 Side 2  free  transition at x/c =  0.9839   74

   1   rms: 0.1002E+00   max: 0.2263E+00   D at   75  2
       a =  3.500      CL =  0.6699
      Cm = -0.0564     CD =  0.00808   =>   CDf =  0.00488    CDp =  0.00320

 Side 1  free  transition at x/c =  0.4633   56
 Side 2  free  transition at x/c =  0.9900   73

   2   rms: 0.1597E-01   max: 0.2369E+00   D at   57  1
       a =  3.500      CL =  0.6647
      Cm = -0.0553     CD =  0.00817   =>   CDf =  0.00508    CDp =  0.00309

 Side 1  free  transition at x/c =  0.4675   57
 Side 2  free  transition at x/c =  0.9931   73

   3   rms: 0.4164E-02   max: -.5356E-01   D at   56  1
       a =  3.500      CL =  0.6646
      Cm = -0.0553     CD =  0.00817   =>   CDf =  0.00506    CDp =  0.00311

 Side 1  free  transition at x/c =  0.4678   57
 Side 2  free  transition at x/c =  0.9934   74

   4   rms: 0.3393E-02   max: 0.4745E-01   D at   73  2
       a =  3.500      CL =  0.6646
      Cm = -0.0553     CD =  0.00817   =>   CDf =  0.00504    CDp =  0.00313

 Side 1  free  transition at x/c =  0.4677   57
 Side 2  free  transition at x/c =  0.9933   74

   5   rms: 0.4297E-04   max: 0.4564E-03   T at   74  2
       a =  3.500      CL =  0.6646
      Cm = -0.0553     CD =  0.00817   =>   CDf =  0.00504    CDp =  0.00313
 plradd ia,ip,cpol           16           0  3.69483307E-02

 Point added to stored polar  1
 Point written to save file  n2414_Re600k.base.pol                           
 Dump file unspecified or not available
 Calculating wake trajectory ...
 Calculating source influence matrix ...

 Solving BL system ...

 Side 1  free  transition at x/c =  0.4677   57
 Side 2  free  transition at x/c =  0.9933   74

   1   rms: 0.1060E+00   max: -.5511E+00   D at   57  1   RLX: 0.907
       a =  4.000      CL =  0.7380
      Cm = -0.0604     CD =  0.00862   =>   CDf =  0.00501    CDp =  0.00361

 Side 1  free  transition at x/c =  0.4363   56
 Side 2 forced transition at x/c =  1.0000   73

   2   rms: 0.2250E-01   max: 0.2561E+00   D at   57  1
       a =  4.000      CL =  0.7464
      Cm = -0.0610     CD =  0.00849   =>   CDf =  0.00516    CDp =  0.00332

 Side 1  free  transition at x/c =  0.4372   56
 Side 2 forced transition at x/c =  1.0000   73

   3   rms: 0.2872E-02   max: 0.4664E-01   C at   56  1
       a =  4.000      CL =  0.7465
      Cm = -0.0610     CD =  0.00848   =>   CDf =  0.00513    CDp =  0.00335

 Side 1  free  transition at x/c =  0.4359   56
 Side 2 forced transition at x/c =  1.0000   73

   4   rms: 0.4464E-04   max: -.8696E-03   D at   57  1
       a =  4.000      CL =  0.7465
      Cm = -0.0610     CD =  0.00848   =>   CDf =  0.00514    CDp =  0.00334
 plradd ia,ip,cpol           17           0  2.77686976E-02

 Point added to stored polar  1
 Point written to save file  n2414_Re600k.base.pol                           
 Dump file unspecified or not available
 Calculating wake trajectory ...
 Calculating source influence matrix ...

 Solving BL system ...

 Side 1  free  transition at x/c =  0.4359   56
 Side 2 forced transition at x/c =  1.0000   73

   1   rms: 0.8709E-01   max: 0.5235E+00   C at   56  1
       a =  4.500      CL =  0.7885
      Cm = -0.0585     CD =  0.00885   =>   CDf =  0.00511    CDp =  0.00374

 Side 1  free  transition at x/c =  0.4072   55
 Side 2 forced transition at x/c =  1.0000   72

   2   rms: 0.1584E-01   max: 0.2327E+00   D at   56  1
       a =  4.500      CL =  0.7899
      Cm = -0.0587     CD =  0.00875   =>   CDf =  0.00525    CDp =  0.00349

 Side 1  free  transition at x/c =  0.4091   55
 Side 2 forced transition at x/c =  1.0000   72

   3   rms: 0.1847E-02   max: 0.3068E-01   C at   55  1
       a =  4.500      CL =  0.7901
      Cm = -0.0587     CD =  0.00874   =>   CDf =  0.00523    CDp =  0.00352

 Side 1  free  transition at x/c =  0.4082   55
 Side 2 forced transition at x/c =  1.0000   72

   4   rms: 0.1960E-04   max: -.4100E-03   D at   56  1
       a =  4.500      CL =  0.7901
      Cm = -0.0587     CD =  0.00874   =>   CDf =  0.00523    CDp =  0.00351
 plradd ia,ip,cpol           18           0  2.04303265E-02

 Point added to stored polar  1
 Point written to save file  n2414_Re600k.base.pol                           
 Dump file unspecified or not available
 Calculating wake trajectory ...
 Calculating source influence matrix ...

 Solving BL system ...

 Side 1  free  transition at x/c =  0.4082   55
 Side 2 forced transition at x/c =  1.0000   72

   1   rms: 0.8072E-01   max: 0.5303E+00   C at   55  1
       a =  5.000      CL =  0.8341
      Cm = -0.0564     CD =  0.00903   =>   CDf =  0.00523    CDp =  0.00379

 Side 1  free  transition at x/c =  0.3723   53
 Side 2 forced transition at x/c =  1.0000   72

   2   rms: 0.1401E-01   max: 0.2215E+00   D at   54  1
       a =  5.000      CL =  0.8330
      Cm = -0.0562     CD =  0.00909   =>   CDf =  0.00540    CDp =  0.00369

 Side 1  free  transition at x/c =  0.3775   53
 Side 2 forced transition at x/c =  1.0000   72

   3   rms: 0.1556E-02   max: -.2752E-01   D at   54  1
       a =  5.000      CL =  0.8330
      Cm = -0.0562     CD =  0.00909   =>   CDf =  0.00535    CDp =  0.00374

 Side 1  free  transition at x/c =  0.3767   53
 Side 2 forced transition at x/c =  1.0000   72

   4   rms: 0.1451E-04   max: -.3118E-03   D at   54  1
       a =  5.000      CL =  0.8330
      Cm = -0.0562     CD =  0.00909   =>   CDf =  0.00536    CDp =  0.00374
 plradd ia,ip,cpol           19           0  1.73175558E-02

 Point added to stored polar  1
 Point written to save file  n2414_Re600k.base.pol                           
 Dump file unspecified or not available
 Calculating wake trajectory ...
 Calculating source influence matrix ...

 Solving BL system ...

 Side 1  free  transition at x/c =  0.3767   53
 Side 2 forced transition at x/c =  1.0000   72

   1   rms: 0.8042E-01   max: 0.5792E+00   C at   53  1
       a =  5.500      CL =  0.8775
      Cm = -0.0539     CD =  0.00940   =>   CDf =  0.00531    CDp =  0.00409

 Side 1  free  transition at x/c =  0.3373   52
 Side 2 forced transition at x/c =  1.0000   71

   2   rms: 0.1423E-01   max: 0.2106E+00   D at   53  1
       a =  5.500      CL =  0.8757
      Cm = -0.0536     CD =  0.00950   =>   CDf =  0.00553    CDp =  0.00397

 Side 1  free  transition at x/c =  0.3429   52
 Side 2 forced transition at x/c =  1.0000   71

   3   rms: 0.1526E-02   max: -.2831E-01   D at   53  1
       a =  5.500      CL =  0.8756
      Cm = -0.0536     CD =  0.00951   =>   CDf =  0.00549    CDp =  0.00403

 Side 1  free  transition at x/c =  0.3422   52
 Side 2 forced transition at x/c =  1.0000   71

   4   rms: 0.1902E-04   max: -.3810E-03   D at   53  1
       a =  5.500      CL =  0.8756
      Cm = -0.0536     CD =  0.00951   =>   CDf =  0.00549    CDp =  0.00403
 plradd ia,ip,cpol           20           0  1.45293558E-02

 Point added to stored polar  1
 Point written to save file  n2414_Re600k.base.pol                           
 Dump file unspecified or not available
 Calculating wake trajectory ...
 Calculating source influence matrix ...

 Solving BL system ...

 Side 1  free  transition at x/c =  0.3422   52
 Side 2 forced transition at x/c =  1.0000   71

   1   rms: 0.8355E-01   max: 0.7828E+00   C at   52  1
       a =  6.000      CL =  0.9196
      Cm = -0.0513     CD =  0.00992   =>   CDf =  0.00549    CDp =  0.00443

 Side 1  free  transition at x/c =  0.2993   50
 Side 2 forced transition at x/c =  1.0000   71

   2   rms: 0.1561E-01   max: 0.2229E+00   D at   51  1
       a =  6.000      CL =  0.9182
      Cm = -0.0511     CD =  0.01001   =>   CDf =  0.00571    CDp =  0.00430

 Side 1  free  transition at x/c =  0.3054   50
 Side 2 forced transition at x/c =  1.0000   71

   3   rms: 0.2108E-02   max: -.4009E-01   D at   51  1
       a =  6.000      CL =  0.9178
      Cm = -0.0510     CD =  0.01003   =>   CDf =  0.00564    CDp =  0.00439

 Side 1  free  transition at x/c =  0.3047   50
 Side 2 forced transition at x/c =  1.0000   71

   4   rms: 0.4754E-04   max: -.9406E-03   D at   51  1
       a =  6.000      CL =  0.9178
      Cm = -0.0510     CD =  0.01003   =>   CDf =  0.00565    CDp =  0.00439
 plradd ia,ip,cpol           21           0  1.45293558E-02

 Point added to stored polar  1
 Point written to save file  n2414_Re600k.base.pol                           
 Dump file unspecified or not available
 Calculating wake trajectory ...
 Calculating source influence matrix ...

 Solving BL system ...

 Side 1  free  transition at x/c =  0.3047   50
 Side 2 forced transition at x/c =  1.0000   71

   1   rms: 0.9374E-01   max: 0.1090E+01   C at   50  1   RLX: 0.992
       a =  6.500      CL =  0.9588
      Cm = -0.0483     CD =  0.01065   =>   CDf =  0.00558    CDp =  0.00507

 Side 1  free  transition at x/c =  0.2616   48
 Side 2 forced transition at x/c =  1.0000   70

   2   rms: 0.1660E-01   max: -.1858E+00   C at   48  1
       a =  6.500      CL =  0.9590
      Cm = -0.0483     CD =  0.01068   =>   CDf =  0.00587    CDp =  0.00481

 Side 1  free  transition at x/c =  0.2650   49
 Side 2 forced transition at x/c =  1.0000   70

   3   rms: 0.1437E-02   max: -.1921E-01   D at   50  1
       a =  6.500      CL =  0.9588
      Cm = -0.0483     CD =  0.01070   =>   CDf =  0.00584    CDp =  0.00486

 Side 1  free  transition at x/c =  0.2645   48
 Side 2 forced transition at x/c =  1.0000   70

   4   rms: 0.1810E-03   max: -.2626E-02   D at   49  1
       a =  6.500      CL =  0.9589
      Cm = -0.0483     CD =  0.01069   =>   CDf =  0.00584    CDp =  0.00485

 Side 1  free  transition at x/c =  0.2644   48
 Side 2 forced transition at x/c =  1.0000   70

   5   rms: 0.5320E-06   max: -.7203E-05   C at   48  1
       a =  6.500      CL =  0.9589
      Cm = -0.0483     CD =  0.01069   =>   CDf =  0.00584    CDp =  0.00485
 plradd ia,ip,cpol           22           0  1.20353298E-02

 Point added to stored polar  1
 Point written to save file  n2414_Re600k.base.pol                           
 Dump file unspecified or not available
 Calculating wake trajectory ...
 Calculating source influence matrix ...

 Solving BL system ...

 Side 1  free  transition at x/c =  0.2644   48
 Side 2 forced transition at x/c =  1.0000   70

   1   rms: 0.8173E-01   max: 0.7348E+00   C at   48  1
       a =  7.000      CL =  1.0048
      Cm = -0.0464     CD =  0.01114   =>   CDf =  0.00577    CDp =  0.00537

 Side 1  free  transition at x/c =  0.2181   47
 Side 2 forced transition at x/c =  1.0000   69

   2   rms: 0.1545E-01   max: 0.1994E+00   D at   48  1
       a =  7.000      CL =  1.0016
      Cm = -0.0459     CD =  0.01137   =>   CDf =  0.00609    CDp =  0.00528

 Side 1  free  transition at x/c =  0.2251   47
 Side 2 forced transition at x/c =  1.0000   69

   3   rms: 0.2937E-02   max: 0.5407E-01   C at   47  1
       a =  7.000      CL =  1.0012
      Cm = -0.0459     CD =  0.01140   =>   CDf =  0.00601    CDp =  0.00539

 Side 1  free  transition at x/c =  0.2239   47
 Side 2 forced transition at x/c =  1.0000   69

   4   rms: 0.4679E-04   max: -.8814E-03   D at   48  1
       a =  7.000      CL =  1.0012
      Cm = -0.0459     CD =  0.01140   =>   CDf =  0.00602    CDp =  0.00538
 plradd ia,ip,cpol           23           0  7.81880319E-03

 Point added to stored polar  1
 Point written to save file  n2414_Re600k.base.pol                           
 Dump file unspecified or not available
 Calculating wake trajectory ...
 Calculating source influence matrix ...

 Solving BL system ...

 Side 1  free  transition at x/c =  0.2239   47
 Side 2 forced transition at x/c =  1.0000   69

   1   rms: 0.9969E-01   max: 0.1284E+01   C at   47  1   RLX: 0.906
       a =  7.500      CL =  1.0390
      Cm = -0.0437     CD =  0.01216   =>   CDf =  0.00602    CDp =  0.00615

 Side 1  free  transition at x/c =  0.1874   45
 Side 2 forced transition at x/c =  1.0000   69

   2   rms: 0.1429E-01   max: -.1250E+00   D at   47  1
       a =  7.500      CL =  1.0428
      Cm = -0.0435     CD =  0.01224   =>   CDf =  0.00623    CDp =  0.00602

 Side 1  free  transition at x/c =  0.1859   44
 Side 2 forced transition at x/c =  1.0000   69

   3   rms: 0.4459E-03   max: 0.7443E-02   C at   44  1
       a =  7.500      CL =  1.0428
      Cm = -0.0435     CD =  0.01224   =>   CDf =  0.00622    CDp =  0.00602

 Side 1  free  transition at x/c =  0.1857   44
 Side 2 forced transition at x/c =  1.0000   69

   4   rms: 0.2265E-05   max: -.4327E-04   C at   44  1
       a =  7.500      CL =  1.0428
      Cm = -0.0435     CD =  0.01224   =>   CDf =  0.00622    CDp =  0.00602
 plradd ia,ip,cpol           24           0  7.81880319E-03

 Point added to stored polar  1
 Point written to save file  n2414_Re600k.base.pol                           
 Dump file unspecified or not available
 Calculating wake trajectory ...
 Calculating source influence matrix ...

 Solving BL system ...

 Side 1  free  transition at x/c =  0.1857   44
 Side 2 forced transition at x/c =  1.0000   69

   1   rms: 0.8172E-01   max: 0.7428E+00   C at   44  1
       a =  8.000      CL =  1.0889
      Cm = -0.0418     CD =  0.01283   =>   CDf =  0.00613    CDp =  0.00670

 Side 1  free  transition at x/c =  0.1486   43
 Side 2 forced transition at x/c =  1.0000   68

   2   rms: 0.1277E-01   max: -.1762E+00   C at   43  1
       a =  8.000      CL =  1.0846
      Cm = -0.0412     CD =  0.01311   =>   CDf =  0.00641    CDp =  0.00670

 Side 1  free  transition at x/c =  0.1515   43
 Side 2 forced transition at x/c =  1.0000   68

   3   rms: 0.1274E-02   max: 0.2241E-01   C at   43  1
       a =  8.000      CL =  1.0844
      Cm = -0.0412     CD =  0.01312   =>   CDf =  0.00638    CDp =  0.00674

 Side 1  free  transition at x/c =  0.1510   43
 Side 2 forced transition at x/c =  1.0000   68

   4   rms: 0.8773E-05   max: -.1514E-03   D at   44  1
       a =  8.000      CL =  1.0844
      Cm = -0.0412     CD =  0.01312   =>   CDf =  0.00638    CDp =  0.00674
 plradd ia,ip,cpol           25           0  6.06322614E-03

 Point added to stored polar  1
 Point written to save file  n2414_Re600k.base.pol                           
 Dump file unspecified or not available
 Calculating wake trajectory ...
 Calculating source influence matrix ...

 Solving BL system ...

 Side 1  free  transition at x/c =  0.1510   43
 Side 2 forced transition at x/c =  1.0000   68

   1   rms: 0.9219E-01   max: 0.1125E+01   C at   43  1
       a =  8.500      CL =  1.1268
      Cm = -0.0390     CD =  0.01399   =>   CDf =  0.00628    CDp =  0.00772

 Side 1  free  transition at x/c =  0.1225   42
 Side 2 forced transition at x/c =  1.0000   67

   2   rms: 0.1299E-01   max: 0.1563E+00   D at   43  1
       a =  8.500      CL =  1.1249
      Cm = -0.0388     CD =  0.01407   =>   CDf =  0.00653    CDp =  0.00754

 Side 1  free  transition at x/c =  0.1227   42
 Side 2 forced transition at x/c =  1.0000   67

   3   rms: 0.1297E-02   max: 0.2310E-01   C at   42  1
       a =  8.500      CL =  1.1249
      Cm = -0.0388     CD =  0.01407   =>   CDf =  0.00652    CDp =  0.00755

 Side 1  free  transition at x/c =  0.1222   42
 Side 2 forced transition at x/c =  1.0000   67

   4   rms: 0.1070E-04   max: -.1524E-03   C at   42  1
       a =  8.500      CL =  1.1249
      Cm = -0.0388     CD =  0.01407   =>   CDf =  0.00653    CDp =  0.00754
 plradd ia,ip,cpol           26           0  6.06322614E-03

 Point added to stored polar  1
 Point written to save file  n2414_Re600k.base.pol                           
 Dump file unspecified or not available
 Calculating wake trajectory ...
 Calculating source influence matrix ...

 Solving BL system ...

 Side 1  free  transition at x/c =  0.1223   42
 Side 2 forced transition at x/c =  1.0000   67

   1   rms: 0.9049E-01   max: 0.9588E+00   C at   42  1   RLX: 0.938
       a =  9.000      CL =  1.1626
      Cm = -0.0365     CD =  0.01501   =>   CDf =  0.00653    CDp =  0.00848

 Side 1  free  transition at x/c =  0.1013   40
 Side 2 forced transition at x/c =  1.0000   67

   2   rms: 0.1494E-01   max: 0.1726E+00   D at   41  1
       a =  9.000      CL =  1.1639
      Cm = -0.0362     CD =  0.01508   =>   CDf =  0.00666    CDp =  0.00842

 Side 1  free  transition at x/c =  0.1000   40
 Side 2 forced transition at x/c =  1.0000   67

   3   rms: 0.1019E-02   max: 0.1982E-01   C at   40  1
       a =  9.000      CL =  1.1639
      Cm = -0.0362     CD =  0.01508   =>   CDf =  0.00664    CDp =  0.00844

 Side 1  free  transition at x/c =  0.0996   40
 Side 2 forced transition at x/c =  1.0000   67

   4   rms: 0.1022E-04   max: -.1760E-03   C at   40  1
       a =  9.000      CL =  1.1639
      Cm = -0.0362     CD =  0.01508   =>   CDf =  0.00664    CDp =  0.00843
 plradd ia,ip,cpol           27           0  4.54063248E-03

 Point added to stored polar  1
 Point written to save file  n2414_Re600k.base.pol                           
 Dump file unspecified or not available
 Calculating wake trajectory ...
 Calculating source influence matrix ...

 Solving BL system ...

 Side 1  free  transition at x/c =  0.0996   40
 Side 2 forced transition at x/c =  1.0000   67

   1   rms: 0.8132E-01   max: 0.6339E+00   C at   40  1
       a =  9.500      CL =  1.2042
      Cm = -0.0338     CD =  0.01601   =>   CDf =  0.00650    CDp =  0.00951

 Side 1  free  transition at x/c =  0.0825   40
 Side 2 forced transition at x/c =  1.0000   66

   2   rms: 0.1082E-01   max: 0.1676E+00   D at   40  1
       a =  9.500      CL =  1.2006
      Cm = -0.0333     CD =  0.01615   =>   CDf =  0.00676    CDp =  0.00939

 Side 1  free  transition at x/c =  0.0829   40
 Side 2 forced transition at x/c =  1.0000   66

   3   rms: 0.1412E-02   max: -.2016E-01   D at   40  1
       a =  9.500      CL =  1.2006
      Cm = -0.0333     CD =  0.01615   =>   CDf =  0.00673    CDp =  0.00942

 Side 1  free  transition at x/c =  0.0826   40
 Side 2 forced transition at x/c =  1.0000   66

   4   rms: 0.4733E-04   max: -.6681E-03   D at   40  1
       a =  9.500      CL =  1.2005
      Cm = -0.0333     CD =  0.01615   =>   CDf =  0.00673    CDp =  0.00942
 plradd ia,ip,cpol           28           0  4.54063248E-03

 Point added to stored polar  1
 Point written to save file  n2414_Re600k.base.pol                           
 Dump file unspecified or not available
 Calculating wake trajectory ...
 Calculating source influence matrix ...

 Solving BL system ...

 Side 1  free  transition at x/c =  0.0826   40
 Side 2 forced transition at x/c =  1.0000   66

   1   rms: 0.8605E-01   max: -.6200E+00   D at   40  1   RLX: 0.806
       a = 10.000      CL =  1.2260
      Cm = -0.0304     CD =  0.01729   =>   CDf =  0.00674    CDp =  0.01055

 Side 1  free  transition at x/c =  0.0726   39
 Side 2 forced transition at x/c =  1.0000   66

   2   rms: 0.2399E-01   max: -.2351E+00   D at   40  1
       a = 10.000      CL =  1.2319
      Cm = -0.0295     CD =  0.01731   =>   CDf =  0.00680    CDp =  0.01051

 Side 1  free  transition at x/c =  0.0708   38
 Side 2 forced transition at x/c =  1.0000   66

   3   rms: 0.4485E-02   max: -.6802E-01   C at   38  1
       a = 10.000      CL =  1.2331
      Cm = -0.0297     CD =  0.01722   =>   CDf =  0.00676    CDp =  0.01045

 Side 1  free  transition at x/c =  0.0708   38
 Side 2 forced transition at x/c =  1.0000   66

   4   rms: 0.1109E-03   max: 0.1872E-02   C at   38  1
       a = 10.000      CL =  1.2331
      Cm = -0.0297     CD =  0.01722   =>   CDf =  0.00676    CDp =  0.01046

 Side 1  free  transition at x/c =  0.0708   38
 Side 2 forced transition at x/c =  1.0000   66

   5   rms: 0.8368E-06   max: -.2767E-05   T at   96  1
       a = 10.000      CL =  1.2331
      Cm = -0.0297     CD =  0.01722   =>   CDf =  0.00676    CDp =  0.01046
 plradd ia,ip,cpol           29           0  4.54063248E-03

 Point added to stored polar  1
 Point written to save file  n2414_Re600k.base.pol                           
 Dump file unspecified or not available

.OPERva   c>  
 Solving BL system ...

 Side 1  free  transition at x/c =  0.0708   38
 Side 2 forced transition at x/c =  1.0000   66

   1   rms: 0.5824E-06   max: 0.2770E-05   D at   38  1
       a = 10.000      CL =  1.2331
      Cm = -0.0297     CD =  0.01722   =>   CDf =  0.00676    CDp =  0.01046
 plradd ia,ip,cpol           30         182  4.54063248E-03

 Point added to stored polar  1
 Point written to save file  n2414_Re600k.base.pol                           
 Dump file unspecified or not available
 Calculating wake trajectory ...
 Calculating source influence matrix ...

 Solving BL system ...

 Side 1  free  transition at x/c =  0.0708   38
 Side 2 forced transition at x/c =  1.0000   66

   1   rms: 0.3538E-01   max: 0.1406E+00   T at   38  1
       a = 10.250      CL =  1.2516
      Cm = -0.0283     CD =  0.01764   =>   CDf =  0.00657    CDp =  0.01107

 Side 1  free  transition at x/c =  0.0659   39
 Side 2 forced transition at x/c =  1.0000   65

   2   rms: 0.3854E-02   max: -.3293E-01   C at   39  1
       a = 10.250      CL =  1.2492
      Cm = -0.0279     CD =  0.01775   =>   CDf =  0.00676    CDp =  0.01099

 Side 1  free  transition at x/c =  0.0663   39
 Side 2 forced transition at x/c =  1.0000   65

   3   rms: 0.4644E-03   max: -.5521E-02   D at    4  1
       a = 10.250      CL =  1.2492
      Cm = -0.0279     CD =  0.01775   =>   CDf =  0.00675    CDp =  0.01100

 Side 1  free  transition at x/c =  0.0663   39
 Side 2 forced transition at x/c =  1.0000   65

   4   rms: 0.6828E-06   max: -.5693E-05   D at    4  1
       a = 10.250      CL =  1.2492
      Cm = -0.0279     CD =  0.01775   =>   CDf =  0.00675    CDp =  0.01100
 plradd ia,ip,cpol           31           0  4.54063248E-03

 Point added to stored polar  1
 Point written to save file  n2414_Re600k.base.pol                           
 Dump file unspecified or not available
 Calculating wake trajectory ...
 Calculating source influence matrix ...

 Solving BL system ...

 Side 1  free  transition at x/c =  0.0663   39
 Side 2 forced transition at x/c =  1.0000   65

   1   rms: 0.3828E-01   max: -.2226E+00   D at   39  1
       a = 10.500      CL =  1.2641
      Cm = -0.0260     CD =  0.01841   =>   CDf =  0.00675    CDp =  0.01165

 Side 1  free  transition at x/c =  0.0624   38
 Side 2 forced transition at x/c =  1.0000   65

   2   rms: 0.5102E-02   max: -.5871E-01   C at   38  1
       a = 10.500      CL =  1.2635
      Cm = -0.0260     CD =  0.01839   =>   CDf =  0.00676    CDp =  0.01164

 Side 1  free  transition at x/c =  0.0622   38
 Side 2 forced transition at x/c =  1.0000   65

   3   rms: 0.1455E-03   max: 0.1747E-02   C at   38  1
       a = 10.500      CL =  1.2635
      Cm = -0.0260     CD =  0.01840   =>   CDf =  0.00676    CDp =  0.01165

 Side 1  free  transition at x/c =  0.0622   38
 Side 2 forced transition at x/c =  1.0000   65

   4   rms: 0.9174E-06   max: -.2864E-05   T at   96  1
       a = 10.500      CL =  1.2635
      Cm = -0.0260     CD =  0.01840   =>   CDf =  0.00676    CDp =  0.01165
 plradd ia,ip,cpol           32           0  4.54063248E-03

 Point added to stored polar  1
 Point written to save file  n2414_Re600k.base.pol                           
 Dump file unspecified or not available
 Calculating wake trajectory ...
 Calculating source influence matrix ...

 Solving BL system ...

 Side 1  free  transition at x/c =  0.0622   38
 Side 2 forced transition at x/c =  1.0000   65

   1   rms: 0.3519E-01   max: 0.1487E+00   T at   38  1
       a = 10.750      CL =  1.2816
      Cm = -0.0246     CD =  0.01888   =>   CDf =  0.00676    CDp =  0.01212

 Side 1  free  transition at x/c =  0.0583   38
 Side 2 forced transition at x/c =  1.0000   65

   2   rms: 0.3892E-02   max: -.3419E-01   D at   38  1
       a = 10.750      CL =  1.2794
      Cm = -0.0243     CD =  0.01898   =>   CDf =  0.00674    CDp =  0.01224

 Side 1  free  transition at x/c =  0.0586   38
 Side 2 forced transition at x/c =  1.0000   65

   3   rms: 0.5211E-04   max: -.6452E-03   D at   39  1
       a = 10.750      CL =  1.2794
      Cm = -0.0243     CD =  0.01898   =>   CDf =  0.00674    CDp =  0.01225
 plradd ia,ip,cpol           33           0  4.54063248E-03

 Point added to stored polar  1
 Point written to save file  n2414_Re600k.base.pol                           
 Dump file unspecified or not available
 Calculating wake trajectory ...
 Calculating source influence matrix ...

 Solving BL system ...

 Side 1  free  transition at x/c =  0.0586   38
 Side 2 forced transition at x/c =  1.0000   65

   1   rms: 0.3714E-01   max: -.1912E+00   D at   38  1
       a = 11.000      CL =  1.2942
      Cm = -0.0226     CD =  0.01968   =>   CDf =  0.00674    CDp =  0.01295

 Side 1  free  transition at x/c =  0.0553   37
 Side 2 forced transition at x/c =  1.0000   65

   2   rms: 0.3389E-02   max: -.2403E-01   D at   38  1
       a = 11.000      CL =  1.2915
      Cm = -0.0223     CD =  0.01980   =>   CDf =  0.00675    CDp =  0.01304

 Side 1  free  transition at x/c =  0.0552   37
 Side 2 forced transition at x/c =  1.0000   65

   3   rms: 0.4437E-04   max: 0.6443E-03   D at   71  2
       a = 11.000      CL =  1.2915
      Cm = -0.0223     CD =  0.01980   =>   CDf =  0.00675    CDp =  0.01304
 plradd ia,ip,cpol           34           0  3.24746105E-03

 Point added to stored polar  1
 Point written to save file  n2414_Re600k.base.pol                           
 Dump file unspecified or not available
 Calculating wake trajectory ...
 Calculating source influence matrix ...

 Solving BL system ...

 Side 1  free  transition at x/c =  0.0552   37
 Side 2 forced transition at x/c =  1.0000   65

   1   rms: 0.3545E-01   max: -.2022E+00   C at   37  1
       a = 11.250      CL =  1.3100
      Cm = -0.0211     CD =  0.02028   =>   CDf =  0.00651    CDp =  0.01377

 Side 1  free  transition at x/c =  0.0525   38
 Side 2 forced transition at x/c =  1.0000   64

   2   rms: 0.3079E-02   max: -.1697E-01   D at    3  1
       a = 11.250      CL =  1.3077
      Cm = -0.0208     CD =  0.02039   =>   CDf =  0.00670    CDp =  0.01369

 Side 1  free  transition at x/c =  0.0526   38
 Side 2 forced transition at x/c =  1.0000   64

   3   rms: 0.4545E-03   max: -.5371E-02   D at    4  1
       a = 11.250      CL =  1.3077
      Cm = -0.0208     CD =  0.02039   =>   CDf =  0.00669    CDp =  0.01369

 Side 1  free  transition at x/c =  0.0526   38
 Side 2 forced transition at x/c =  1.0000   64

   4   rms: 0.5879E-06   max: -.3397E-05   T at   38  1
       a = 11.250      CL =  1.3077
      Cm = -0.0208     CD =  0.02039   =>   CDf =  0.00669    CDp =  0.01369
 plradd ia,ip,cpol           35           0  3.24746105E-03

 Point added to stored polar  1
 Point written to save file  n2414_Re600k.base.pol                           
 Dump file unspecified or not available
 Calculating wake trajectory ...
 Calculating source influence matrix ...

 Solving BL system ...

 Side 1  free  transition at x/c =  0.0526   38
 Side 2 forced transition at x/c =  1.0000   64

   1   rms: 0.3533E-01   max: 0.1385E+00   T at   38  1
       a = 11.500      CL =  1.3227
      Cm = -0.0193     CD =  0.02111   =>   CDf =  0.00669    CDp =  0.01442

 Side 1  free  transition at x/c =  0.0499   38
 Side 2 forced transition at x/c =  1.0000   64

   2   rms: 0.2748E-02   max: 0.1551E-01   D at   92  1
       a = 11.500      CL =  1.3205
      Cm = -0.0190     CD =  0.02120   =>   CDf =  0.00669    CDp =  0.01450

 Side 1  free  transition at x/c =  0.0500   38
 Side 2 forced transition at x/c =  1.0000   64

   3   rms: 0.4761E-04   max: 0.8973E-03   D at   92  1
       a = 11.500      CL =  1.3205
      Cm = -0.0190     CD =  0.02120   =>   CDf =  0.00669    CDp =  0.01451
 plradd ia,ip,cpol           36           0  3.24746105E-03

 Point added to stored polar  1
 Point written to save file  n2414_Re600k.base.pol                           
 Dump file unspecified or not available
 Calculating wake trajectory ...
 Calculating source influence matrix ...

 Solving BL system ...

 Side 1  free  transition at x/c =  0.0500   38
 Side 2 forced transition at x/c =  1.0000   64

   1   rms: 0.3735E-01   max: -.1690E+00   D at   38  1
       a = 11.750      CL =  1.3317
      Cm = -0.0172     CD =  0.02219   =>   CDf =  0.00669    CDp =  0.01550

 Side 1  free  transition at x/c =  0.0480   37
 Side 2 forced transition at x/c =  1.0000   64

   2   rms: 0.7317E-02   max: -.7463E-01   D at   38  1
       a = 11.750      CL =  1.3318
      Cm = -0.0172     CD =  0.02211   =>   CDf =  0.00665    CDp =  0.01546

 Side 1  free  transition at x/c =  0.0478   37
 Side 2 forced transition at x/c =  1.0000   64

   3   rms: 0.1937E-03   max: -.2085E-02   D at   38  1
       a = 11.750      CL =  1.3317
      Cm = -0.0172     CD =  0.02213   =>   CDf =  0.00666    CDp =  0.01547

 Side 1  free  transition at x/c =  0.0478   37
 Side 2 forced transition at x/c =  1.0000   64

   4   rms: 0.1579E-05   max: 0.4473E-05   D at   71  2
       a = 11.750      CL =  1.3317
      Cm = -0.0172     CD =  0.02213   =>   CDf =  0.00666    CDp =  0.01547
 plradd ia,ip,cpol           37           0  3.24746105E-03

 Point added to stored polar  1
 Point written to save file  n2414_Re600k.base.pol                           
 Dump file unspecified or not available
 Calculating wake trajectory ...
 Calculating source influence matrix ...

 Solving BL system ...

 Side 1  free  transition at x/c =  0.0478   37
 Side 2 forced transition at x/c =  1.0000   64

   1   rms: 0.3412E-01   max: 0.1392E+00   T at   37  1
       a = 12.000      CL =  1.3474
      Cm = -0.0159     CD =  0.02285   =>   CDf =  0.00666    CDp =  0.01620

 Side 1  free  transition at x/c =  0.0457   37
 Side 2 forced transition at x/c =  1.0000   64

   2   rms: 0.2941E-02   max: -.3317E-01   D at   37  1
       a = 12.000      CL =  1.3458
      Cm = -0.0157     CD =  0.02291   =>   CDf =  0.00660    CDp =  0.01631

 Side 1  free  transition at x/c =  0.0458   37
 Side 2 forced transition at x/c =  1.0000   64

   3   rms: 0.4666E-04   max: 0.2687E-03   D at   90  1
       a = 12.000      CL =  1.3458
      Cm = -0.0157     CD =  0.02291   =>   CDf =  0.00660    CDp =  0.01631
 plradd ia,ip,cpol           38           0  3.24746105E-03

 Point added to stored polar  1
 Point written to save file  n2414_Re600k.base.pol                           
 Dump file unspecified or not available
 Calculating wake trajectory ...
 Calculating source influence matrix ...

 Solving BL system ...

 Side 1  free  transition at x/c =  0.0458   37
 Side 2 forced transition at x/c =  1.0000   64

   1   rms: 0.3458E-01   max: 0.1350E+00   T at   37  1
       a = 12.250      CL =  1.3594
      Cm = -0.0143     CD =  0.02381   =>   CDf =  0.00633    CDp =  0.01748

 Side 1  free  transition at x/c =  0.0438   38
 Side 2 forced transition at x/c =  1.0000   63

   2   rms: 0.3699E-02   max: -.2338E-01   T at   38  1
       a = 12.250      CL =  1.3570
      Cm = -0.0141     CD =  0.02390   =>   CDf =  0.00658    CDp =  0.01732

 Side 1  free  transition at x/c =  0.0440   38
 Side 2 forced transition at x/c =  1.0000   63

   3   rms: 0.4750E-03   max: -.5690E-02   D at    4  1
       a = 12.250      CL =  1.3570
      Cm = -0.0141     CD =  0.02390   =>   CDf =  0.00658    CDp =  0.01733

 Side 1  free  transition at x/c =  0.0440   38
 Side 2 forced transition at x/c =  1.0000   63

   4   rms: 0.8575E-06   max: -.5454E-05   C at   63  2
       a = 12.250      CL =  1.3570
      Cm = -0.0141     CD =  0.02390   =>   CDf =  0.00658    CDp =  0.01733
 plradd ia,ip,cpol           39           0  3.24746105E-03

 Point added to stored polar  1
 Point written to save file  n2414_Re600k.base.pol                           
 Dump file unspecified or not available
 Calculating wake trajectory ...
 Calculating source influence matrix ...

 Solving BL system ...

 Side 1  free  transition at x/c =  0.0440   38
 Side 2 forced transition at x/c =  1.0000   63

   1   rms: 0.3639E-01   max: -.1437E+00   D at   38  1
       a = 12.500      CL =  1.3672
      Cm = -0.0125     CD =  0.02508   =>   CDf =  0.00658    CDp =  0.01850

 Side 1  free  transition at x/c =  0.0423   37
 Side 2 forced transition at x/c =  1.0000   63

   2   rms: 0.4968E-02   max: -.4113E-01   D at   38  1
       a = 12.500      CL =  1.3640
      Cm = -0.0123     CD =  0.02523   =>   CDf =  0.00655    CDp =  0.01868

 Side 1  free  transition at x/c =  0.0422   37
 Side 2 forced transition at x/c =  1.0000   63

   3   rms: 0.7708E-04   max: 0.1100E-02   D at   89  1
       a = 12.500      CL =  1.3640
      Cm = -0.0123     CD =  0.02523   =>   CDf =  0.00655    CDp =  0.01868
 plradd ia,ip,cpol           40           0  3.24746105E-03

 Point added to stored polar  1
 Point written to save file  n2414_Re600k.base.pol                           
 Dump file unspecified or not available
 Calculating wake trajectory ...
 Calculating source influence matrix ...

 Solving BL system ...

 Side 1  free  transition at x/c =  0.0422   37
 Side 2 forced transition at x/c =  1.0000   63

   1   rms: 0.3392E-01   max: -.1742E+00   C at   37  1
       a = 12.750      CL =  1.3796
      Cm = -0.0113     CD =  0.02605   =>   CDf =  0.00655    CDp =  0.01950

 Side 1  free  transition at x/c =  0.0407   37
 Side 2 forced transition at x/c =  1.0000   63

   2   rms: 0.2996E-02   max: 0.1893E-01   D at   89  1
       a = 12.750      CL =  1.3771
      Cm = -0.0111     CD =  0.02617   =>   CDf =  0.00648    CDp =  0.01969

 Side 1  free  transition at x/c =  0.0407   37
 Side 2 forced transition at x/c =  1.0000   63

   3   rms: 0.2927E-04   max: -.2202E-03   D at   75  2
       a = 12.750      CL =  1.3771
      Cm = -0.0111     CD =  0.02617   =>   CDf =  0.00647    CDp =  0.01969
 plradd ia,ip,cpol           41           0  3.24746105E-03

 Point added to stored polar  1
 Point written to save file  n2414_Re600k.base.pol                           
 Dump file unspecified or not available
 Calculating wake trajectory ...
 Calculating source influence matrix ...

 Solving BL system ...

 Side 1  free  transition at x/c =  0.0407   37
 Side 2 forced transition at x/c =  1.0000   63

   1   rms: 0.3359E-01   max: 0.1306E+00   T at   37  1
       a = 13.000      CL =  1.3899
      Cm = -0.0099     CD =  0.02724   =>   CDf =  0.00648    CDp =  0.02076

 Side 1  free  transition at x/c =  0.0391   37
 Side 2 forced transition at x/c =  1.0000   63

   2   rms: 0.3651E-02   max: -.3566E-01   D at   37  1
       a = 13.000      CL =  1.3880
      Cm = -0.0098     CD =  0.02730   =>   CDf =  0.00643    CDp =  0.02088

 Side 1  free  transition at x/c =  0.0393   37
 Side 2 forced transition at x/c =  1.0000   63

   3   rms: 0.7370E-04   max: -.3882E-03   D at   75  2
       a = 13.000      CL =  1.3880
      Cm = -0.0098     CD =  0.02730   =>   CDf =  0.00642    CDp =  0.02088
 plradd ia,ip,cpol           42           0  3.24746105E-03

 Point added to stored polar  1
 Point written to save file  n2414_Re600k.base.pol                           
 Dump file unspecified or not available
 Calculating wake trajectory ...
 Calculating source influence matrix ...

 Solving BL system ...

 Side 1  free  transition at x/c =  0.0393   37
 Side 2 forced transition at x/c =  1.0000   63

   1   rms: 0.3450E-01   max: 0.1255E+00   T at   37  1
       a = 13.250      CL =  1.3987
      Cm = -0.0087     CD =  0.02860   =>   CDf =  0.00643    CDp =  0.02217

 Side 1  free  transition at x/c =  0.0379   37
 Side 2 forced transition at x/c =  1.0000   63

   2   rms: 0.4130E-02   max: 0.3299E-01   D at   87  1
       a = 13.250      CL =  1.3955
      Cm = -0.0085     CD =  0.02876   =>   CDf =  0.00640    CDp =  0.02236

 Side 1  free  transition at x/c =  0.0379   37
 Side 2 forced transition at x/c =  1.0000   63

   3   rms: 0.9249E-04   max: 0.1647E-02   D at   73  2
       a = 13.250      CL =  1.3954
      Cm = -0.0085     CD =  0.02875   =>   CDf =  0.00640    CDp =  0.02235
 plradd ia,ip,cpol           43           0  3.24746105E-03

 Point added to stored polar  1
 Point written to save file  n2414_Re600k.base.pol                           
 Dump file unspecified or not available
 Calculating wake trajectory ...
 Calculating source influence matrix ...

 Solving BL system ...

 Side 1  free  transition at x/c =  0.0379   37
 Side 2 forced transition at x/c =  1.0000   63

   1   rms: 0.3705E-01   max: 0.1165E+00   D at   84  1   RLX: 0.999
       a = 13.500      CL =  1.4012
      Cm = -0.0072     CD =  0.03054   =>   CDf =  0.00608    CDp =  0.02446

 Side 1  free  transition at x/c =  0.0368   37
 Side 2 forced transition at x/c =  1.0000   62

   2   rms: 0.5099E-02   max: -.3968E-01   D at   38  1
       a = 13.500      CL =  1.3985
      Cm = -0.0070     CD =  0.03061   =>   CDf =  0.00634    CDp =  0.02426

 Side 1  free  transition at x/c =  0.0368   37
 Side 2 forced transition at x/c =  1.0000   62

   3   rms: 0.4923E-03   max: -.5779E-02   D at    4  1
       a = 13.500      CL =  1.3985
      Cm = -0.0070     CD =  0.03061   =>   CDf =  0.00634    CDp =  0.02427

 Side 1  free  transition at x/c =  0.0368   37
 Side 2 forced transition at x/c =  1.0000   62

   4   rms: 0.1468E-05   max: 0.1395E-04   D at   86  1
       a = 13.500      CL =  1.3985
      Cm = -0.0070     CD =  0.03061   =>   CDf =  0.00634    CDp =  0.02427
 plradd ia,ip,cpol           44           0  3.24746105E-03

 Point added to stored polar  1
 Point written to save file  n2414_Re600k.base.pol                           
 Dump file unspecified or not available
 Calculating wake trajectory ...
 Calculating source influence matrix ...

 Solving BL system ...

 Side 1  free  transition at x/c =  0.0368   37
 Side 2 forced transition at x/c =  1.0000   62

   1   rms: 0.3291E-01   max: -.1410E+00   C at   37  1   RLX: 0.961
       a = 13.750      CL =  1.4108
      Cm = -0.0063     CD =  0.03182   =>   CDf =  0.00634    CDp =  0.02548

 Side 1  free  transition at x/c =  0.0358   37
 Side 2 forced transition at x/c =  1.0000   62

   2   rms: 0.3333E-02   max: 0.2134E-01   D at   85  1
       a = 13.750      CL =  1.4087
      Cm = -0.0062     CD =  0.03198   =>   CDf =  0.00626    CDp =  0.02573

 Side 1  free  transition at x/c =  0.0358   37
 Side 2 forced transition at x/c =  1.0000   62

   3   rms: 0.2273E-03   max: 0.2149E-02   D at   85  1
       a = 13.750      CL =  1.4085
      Cm = -0.0061     CD =  0.03198   =>   CDf =  0.00625    CDp =  0.02573

 Side 1  free  transition at x/c =  0.0358   37
 Side 2 forced transition at x/c =  1.0000   62

   4   rms: 0.8103E-05   max: 0.4413E-04   D at   73  2
       a = 13.750      CL =  1.4085
      Cm = -0.0061     CD =  0.03198   =>   CDf =  0.00625    CDp =  0.02573
 plradd ia,ip,cpol           45           0  3.24746105E-03

 Point added to stored polar  1
 Point written to save file  n2414_Re600k.base.pol                           
 Dump file unspecified or not available
 Calculating wake trajectory ...
 Calculating source influence matrix ...

 Solving BL system ...

 Side 1  free  transition at x/c =  0.0358   37
 Side 2 forced transition at x/c =  1.0000   62

   1   rms: 0.3310E-01   max: 0.1122E+00   T at   37  1   RLX: 0.922
       a = 14.000      CL =  1.4178
      Cm = -0.0055     CD =  0.03344   =>   CDf =  0.00625    CDp =  0.02718

 Side 1  free  transition at x/c =  0.0347   37
 Side 2 forced transition at x/c =  1.0000   62

   2   rms: 0.3515E-02   max: 0.2425E-01   D at   84  1
       a = 14.000      CL =  1.4166
      Cm = -0.0053     CD =  0.03359   =>   CDf =  0.00619    CDp =  0.02740

 Side 1  free  transition at x/c =  0.0347   37
 Side 2 forced transition at x/c =  1.0000   62

   3   rms: 0.2294E-03   max: 0.2226E-02   D at   73  2
       a = 14.000      CL =  1.4164
      Cm = -0.0053     CD =  0.03358   =>   CDf =  0.00618    CDp =  0.02740

 Side 1  free  transition at x/c =  0.0347   37
 Side 2 forced transition at x/c =  1.0000   62

   4   rms: 0.7639E-05   max: 0.6191E-04   D at   73  2
       a = 14.000      CL =  1.4164
      Cm = -0.0053     CD =  0.03358   =>   CDf =  0.00618    CDp =  0.02740
 plradd ia,ip,cpol           46           0  3.24746105E-03

 Point added to stored polar  1
 Point written to save file  n2414_Re600k.base.pol                           
 Dump file unspecified or not available
 Calculating wake trajectory ...
 Calculating source influence matrix ...

 Solving BL system ...

 Side 1  free  transition at x/c =  0.0347   37
 Side 2 forced transition at x/c =  1.0000   62

   1   rms: 0.3346E-01   max: 0.1128E+00   T at   37  1   RLX: 0.885
       a = 14.250      CL =  1.4241
      Cm = -0.0047     CD =  0.03515   =>   CDf =  0.00618    CDp =  0.02897

 Side 1  free  transition at x/c =  0.0338   37
 Side 2 forced transition at x/c =  1.0000   62

   2   rms: 0.4888E-02   max: 0.3202E-01   D at   83  1
       a = 14.250      CL =  1.4228
      Cm = -0.0046     CD =  0.03541   =>   CDf =  0.00613    CDp =  0.02928

 Side 1  free  transition at x/c =  0.0338   37
 Side 2 forced transition at x/c =  1.0000   62

   3   rms: 0.2995E-03   max: 0.2552E-02   D at   83  1
       a = 14.250      CL =  1.4225
      Cm = -0.0045     CD =  0.03539   =>   CDf =  0.00612    CDp =  0.02927

 Side 1  free  transition at x/c =  0.0338   37
 Side 2 forced transition at x/c =  1.0000   62

   4   rms: 0.1071E-04   max: 0.6634E-04   D at   73  2
       a = 14.250      CL =  1.4225
      Cm = -0.0045     CD =  0.03539   =>   CDf =  0.00612    CDp =  0.02927
 plradd ia,ip,cpol           47           0  2.17775721E-03

 Point added to stored polar  1
 Point written to save file  n2414_Re600k.base.pol                           
 Dump file unspecified or not available
 Calculating wake trajectory ...
 Calculating source influence matrix ...

 Solving BL system ...

 Side 1  free  transition at x/c =  0.0338   37
 Side 2 forced transition at x/c =  1.0000   62

   1   rms: 0.3451E-01   max: 0.1103E+00   D at   81  1   RLX: 0.846
       a = 14.500      CL =  1.4279
      Cm = -0.0041     CD =  0.03717   =>   CDf =  0.00612    CDp =  0.03104

 Side 1  free  transition at x/c =  0.0330   37
 Side 2 forced transition at x/c =  1.0000   62

   2   rms: 0.7724E-02   max: 0.4861E-01   D at   82  1
       a = 14.500      CL =  1.4254
      Cm = -0.0039     CD =  0.03766   =>   CDf =  0.00609    CDp =  0.03158

 Side 1  free  transition at x/c =  0.0329   37
 Side 2 forced transition at x/c =  1.0000   62

   3   rms: 0.5549E-03   max: 0.3338E-02   D at   74  2
       a = 14.500      CL =  1.4249
      Cm = -0.0038     CD =  0.03762   =>   CDf =  0.00607    CDp =  0.03155

 Side 1  free  transition at x/c =  0.0329   37
 Side 2 forced transition at x/c =  1.0000   62

   4   rms: 0.1592E-04   max: 0.1143E-03   D at   74  2
       a = 14.500      CL =  1.4249
      Cm = -0.0038     CD =  0.03762   =>   CDf =  0.00607    CDp =  0.03155
 plradd ia,ip,cpol           48           0  2.17775721E-03

 Point added to stored polar  1
 Point written to save file  n2414_Re600k.base.pol                           
 Dump file unspecified or not available
 Calculating wake trajectory ...
 Calculating source influence matrix ...

 Solving BL system ...

 Side 1  free  transition at x/c =  0.0329   37
 Side 2 forced transition at x/c =  1.0000   62

   1   rms: 0.3733E-01   max: 0.1353E+00   D at   79  1   RLX: 0.803
       a = 14.750      CL =  1.4263
      Cm = -0.0035     CD =  0.03981   =>   CDf =  0.00607    CDp =  0.03374

 Side 1  free  transition at x/c =  0.0322   37
 Side 2 forced transition at x/c =  1.0000   62

   2   rms: 0.1295E-01   max: 0.7368E-01   D at   81  1
       a = 14.750      CL =  1.4208
      Cm = -0.0033     CD =  0.04075   =>   CDf =  0.00603    CDp =  0.03472

 Side 1  free  transition at x/c =  0.0321   36
 Side 2 forced transition at x/c =  1.0000   62

   3   rms: 0.1144E-02   max: 0.1083E-01   D at   80  1
       a = 14.750      CL =  1.4206
      Cm = -0.0032     CD =  0.04061   =>   CDf =  0.00601    CDp =  0.03460

 Side 1  free  transition at x/c =  0.0321   36
 Side 2 forced transition at x/c =  1.0000   62

   4   rms: 0.4990E-04   max: -.2366E-03   D at   81  1
       a = 14.750      CL =  1.4206
      Cm = -0.0032     CD =  0.04060   =>   CDf =  0.00601    CDp =  0.03460
 plradd ia,ip,cpol           49           0  2.17775721E-03

 Point added to stored polar  1
 Point written to save file  n2414_Re600k.base.pol                           
 Dump file unspecified or not available
 Calculating wake trajectory ...
 Calculating source influence matrix ...

 Solving BL system ...

 Side 1  free  transition at x/c =  0.0321   36
 Side 2 forced transition at x/c =  1.0000   62

   1   rms: 0.3188E-01   max: -.1430E+00   C at   36  1   RLX: 0.772
       a = 15.000      CL =  1.4284
      Cm = -0.0031     CD =  0.04206   =>   CDf =  0.00566    CDp =  0.03641

 Side 1  free  transition at x/c =  0.0316   37
 Side 2 forced transition at x/c =  1.0000   61

   2   rms: 0.8480E-02   max: 0.4082E-01   D at   80  1
       a = 15.000      CL =  1.4277
      Cm = -0.0030     CD =  0.04264   =>   CDf =  0.00593    CDp =  0.03672

 Side 1  free  transition at x/c =  0.0314   37
 Side 2 forced transition at x/c =  1.0000   61

   3   rms: 0.9874E-03   max: 0.4767E-02   D at   80  1
       a = 15.000      CL =  1.4270
      Cm = -0.0029     CD =  0.04262   =>   CDf =  0.00590    CDp =  0.03672

 Side 1  free  transition at x/c =  0.0314   37
 Side 2 forced transition at x/c =  1.0000   61

   4   rms: 0.4929E-04   max: 0.2906E-03   D at   73  2
       a = 15.000      CL =  1.4269
      Cm = -0.0029     CD =  0.04261   =>   CDf =  0.00590    CDp =  0.03671
 plradd ia,ip,cpol           50           0  2.17775721E-03

 Point added to stored polar  1
 Point written to save file  n2414_Re600k.base.pol                           
 Dump file unspecified or not available
 Calculating wake trajectory ...
 Calculating source influence matrix ...

 Solving BL system ...

 Side 1  free  transition at x/c =  0.0314   37
 Side 2 forced transition at x/c =  1.0000   61

   1   rms: 0.3205E-01   max: 0.1074E+00   T at   37  1   RLX: 0.742
       a = 15.250      CL =  1.4324
      Cm = -0.0029     CD =  0.04431   =>   CDf =  0.00590    CDp =  0.03841

 Side 1  free  transition at x/c =  0.0308   37
 Side 2 forced transition at x/c =  1.0000   61

   2   rms: 0.9295E-02   max: 0.4771E-01   D at   79  1
       a = 15.250      CL =  1.4316
      Cm = -0.0028     CD =  0.04499   =>   CDf =  0.00584    CDp =  0.03915

 Side 1  free  transition at x/c =  0.0307   37
 Side 2 forced transition at x/c =  1.0000   61

   3   rms: 0.9642E-03   max: 0.4912E-02   D at   74  2
       a = 15.250      CL =  1.4309
      Cm = -0.0027     CD =  0.04494   =>   CDf =  0.00581    CDp =  0.03913

 Side 1  free  transition at x/c =  0.0307   37
 Side 2 forced transition at x/c =  1.0000   61

   4   rms: 0.5044E-04   max: 0.3097E-03   D at   74  2
       a = 15.250      CL =  1.4308
      Cm = -0.0027     CD =  0.04493   =>   CDf =  0.00581    CDp =  0.03912
 plradd ia,ip,cpol           51           0  2.17775721E-03

 Point added to stored polar  1
 Point written to save file  n2414_Re600k.base.pol                           
 Dump file unspecified or not available
 Calculating wake trajectory ...
 Calculating source influence matrix ...

 Solving BL system ...

 Side 1  free  transition at x/c =  0.0307   37
 Side 2 forced transition at x/c =  1.0000   61

   1   rms: 0.3222E-01   max: 0.1067E+00   D at   77  1   RLX: 0.714
       a = 15.500      CL =  1.4351
      Cm = -0.0028     CD =  0.04674   =>   CDf =  0.00581    CDp =  0.04093

 Side 1  free  transition at x/c =  0.0301   37
 Side 2 forced transition at x/c =  1.0000   61

   2   rms: 0.1030E-01   max: 0.5436E-01   D at   78  1
       a = 15.500      CL =  1.4343
      Cm = -0.0028     CD =  0.04754   =>   CDf =  0.00576    CDp =  0.04178

 Side 1  free  transition at x/c =  0.0299   37
 Side 2 forced transition at x/c =  1.0000   61

   3   rms: 0.1074E-02   max: 0.6075E-02   D at   74  2
       a = 15.500      CL =  1.4335
      Cm = -0.0027     CD =  0.04747   =>   CDf =  0.00573    CDp =  0.04175

 Side 1  free  transition at x/c =  0.0300   37
 Side 2 forced transition at x/c =  1.0000   61

   4   rms: 0.5439E-04   max: 0.3477E-03   D at   74  2
       a = 15.500      CL =  1.4334
      Cm = -0.0027     CD =  0.04747   =>   CDf =  0.00573    CDp =  0.04174
 plradd ia,ip,cpol           52           0  2.17775721E-03

 Point added to stored polar  1
 Point written to save file  n2414_Re600k.base.pol                           
 Dump file unspecified or not available
 Calculating wake trajectory ...
 Calculating source influence matrix ...

 Solving BL system ...

 Side 1  free  transition at x/c =  0.0300   37
 Side 2 forced transition at x/c =  1.0000   61

   1   rms: 0.3261E-01   max: 0.1138E+00   D at   76  1   RLX: 0.687
       a = 15.750      CL =  1.4367
      Cm = -0.0029     CD =  0.04941   =>   CDf =  0.00573    CDp =  0.04368

 Side 1  free  transition at x/c =  0.0294   37
 Side 2 forced transition at x/c =  1.0000   61

   2   rms: 0.1123E-01   max: 0.5402E-01   D at   77  1
       a = 15.750      CL =  1.4356
      Cm = -0.0029     CD =  0.05033   =>   CDf =  0.00568    CDp =  0.04464

 Side 1  free  transition at x/c =  0.0293   37
 Side 2 forced transition at x/c =  1.0000   61

   3   rms: 0.1476E-02   max: 0.9633E-02   D at   74  2
       a = 15.750      CL =  1.4345
      Cm = -0.0029     CD =  0.05026   =>   CDf =  0.00566    CDp =  0.04461

 Side 1  free  transition at x/c =  0.0293   37
 Side 2 forced transition at x/c =  1.0000   61

   4   rms: 0.9761E-04   max: 0.6803E-03   D at   74  2
       a = 15.750      CL =  1.4344
      Cm = -0.0029     CD =  0.05025   =>   CDf =  0.00565    CDp =  0.04460
 plradd ia,ip,cpol           53           0  2.17775721E-03

 Point added to stored polar  1
 Point written to save file  n2414_Re600k.base.pol                           
 Dump file unspecified or not available
 Calculating wake trajectory ...
 Calculating source influence matrix ...

 Solving BL system ...

 Side 1  free  transition at x/c =  0.0293   37
 Side 2 forced transition at x/c =  1.0000   61

   1   rms: 0.3330E-01   max: 0.1232E+00   D at   75  1   RLX: 0.660
       a = 16.000      CL =  1.4363
      Cm = -0.0032     CD =  0.05235   =>   CDf =  0.00566    CDp =  0.04669

 Side 1  free  transition at x/c =  0.0289   37
 Side 2 forced transition at x/c =  1.0000   61

   2   rms: 0.1289E-01   max: 0.5898E-01   D at   75  1
       a = 16.000      CL =  1.4341
      Cm = -0.0032     CD =  0.05351   =>   CDf =  0.00562    CDp =  0.04789

 Side 1  free  transition at x/c =  0.0287   37
 Side 2 forced transition at x/c =  1.0000   61

   3   rms: 0.2166E-02   max: 0.1556E-01   D at   75  1
       a = 16.000      CL =  1.4325
      Cm = -0.0032     CD =  0.05347   =>   CDf =  0.00559    CDp =  0.04788

 Side 1  free  transition at x/c =  0.0287   37
 Side 2 forced transition at x/c =  1.0000   61

   4   rms: 0.1698E-03   max: 0.8829E-03   D at   74  2
       a = 16.000      CL =  1.4324
      Cm = -0.0032     CD =  0.05345   =>   CDf =  0.00559    CDp =  0.04786

 Side 1  free  transition at x/c =  0.0287   37
 Side 2 forced transition at x/c =  1.0000   61

   5   rms: 0.7111E-05   max: 0.4681E-04   D at   74  2
       a = 16.000      CL =  1.4324
      Cm = -0.0032     CD =  0.05345   =>   CDf =  0.00559    CDp =  0.04786
 plradd ia,ip,cpol           54           0  2.17775721E-03

 Point added to stored polar  1
 Point written to save file  n2414_Re600k.base.pol                           
 Dump file unspecified or not available

.OPERva   c>  
 Polar accumulation disabled

.OPERv   c>  
 XFOIL   c>  
 XFOIL   c>  