
 ===================================================
  XFOIL Version 6.99
  Copyright (C) 2000   Mark Drela, Harold Youngren

  This software comes with ABSOLUTELY NO WARRANTY,
    subject to the GNU General Public License.

  Caveat computor
 ===================================================

 File  xfoil.def  not found

   QUIT    Exit program

  .OPER    Direct operating point(s)
  .MDES    Complex mapping design routine
  .QDES    Surface speed design routine
  .GDES    Geometry design routine

   SAVE f  Write airfoil to labeled coordinate file
   PSAV f  Write airfoil to plain coordinate file
   ISAV f  Write airfoil to ISES coordinate file
   MSAV f  Write airfoil to MSES coordinate file
   REVE    Reverse written-airfoil node ordering

   LOAD f  Read buffer airfoil from coordinate file
   NACA i  Set NACA 4,5-digit airfoil and buffer airfoil
   INTE    Set buffer airfoil by interpolating two airfoils
   NORM    Buffer airfoil normalization toggle
   XYCM rr Change CM reference location, currently  0.25000 0.00000

   BEND    Display structural properties of current airfoil

   PCOP    Set current-airfoil panel nodes directly from buffer airfoil points
   PANE    Set current-airfoil panel nodes ( 160 ) based on curvature
  .PPAR    Show/change paneling

  .PLOP    Plotting options

   WDEF f  Write  current-settings file
   RDEF f  Reread current-settings file
   NAME s  Specify new airfoil name
   NINC    Increment name version number

   Z       Zoom    | (available in all menus)
   U       Unzoom  | 

 XFOIL   c>  
 Labeled airfoil file.  Name:  NACA 63(3)-218                                  

 Number of input coordinate points:  51
 Counterclockwise ordering
 Max thickness =     0.180042  at x =   0.351
 Max camber    =     0.010161  at x =   0.550

  LE  x,y  =  -0.00008   0.00179  |   Chord =   1.00008
  TE  x,y  =   1.00000   0.00000  |

 Current airfoil nodes set from buffer airfoil nodes (  51 )

 XFOIL   c>  
 XFOIL   c>  
 Sharp trailing edge

 Paneling parameters used...
   Number of panel nodes       160
   Panel bunching parameter    1.000
   TE/LE panel density ratio   0.150
   Refined-area/LE panel density ratio    0.200
   Top    side refined area x/c limits  1.000 1.000
   Bottom side refined area x/c limits  1.000 1.000

 XFOIL   c>  
.OPERi   c>  
 Xtr/c     =  1.0000    top    side
 Xtr/c     =  1.0000    bottom side
 Ncrit     =    9.00   ( 0.070 % turb. level )
 Vacc      =  0.0100

 Klag  =  5.6000     Uxwt  =    1.00
 A     =  6.7000     B     =  0.7500       KCt = 0.01485
 CtiniK=  1.8000     CtiniX=  3.3000

..VPAR   c>  
..VPAR   c>  
.OPERi   c>  
 M  =    0.0000
 Re =    200000

.OPERv   c>  
.OPERv   c>  
.OPERv   c>  
 Polar  1 newly created for accumulation
 Airfoil archived with polar: NACA 63(3)-218                                  

Enter  polar save filename  OR  <return> for no file   s>  
 New polar save file available

Enter  polar dump filename  OR  <return> for no file   s>  
 Polar dump file will NOT be written

 Polar accumulation enabled

.OPERva   c>   Calculating unit vorticity distributions ...
 Calculating wake trajectory ...
 Calculating source influence matrix ...

 Solving BL system ...

 Initializing BL ...
    side            1  ...
 MRCHUE: Inverse mode at  30     Hk =   3.800
 MRCHUE: Inverse mode at  31     Hk =   4.425
 MRCHUE: Inverse mode at  32     Hk =   5.037
 MRCHUE: Inverse mode at  33     Hk =   5.646
 MRCHUE: Inverse mode at  34     Hk =   6.263
 MRCHUE: Inverse mode at  35     Hk =   6.900
 MRCHUE: Inverse mode at  36     Hk =   7.567
 MRCHUE: Inverse mode at  37     Hk =   8.272
 MRCHUE: Inverse mode at  38     Hk =   9.022
 MRCHUE: Inverse mode at  39     Hk =   9.824
 MRCHUE: Inverse mode at  40     Hk =   7.476
 MRCHUE: Inverse mode at  41     Hk =   4.521
 MRCHUE: Inverse mode at  42     Hk =   2.683
 MRCHUE: Inverse mode at  43     Hk =   2.500
 MRCHUE: Inverse mode at  44     Hk =   2.500
 MRCHUE: Inverse mode at  45     Hk =   2.500
 MRCHUE: Inverse mode at  46     Hk =   2.500
 MRCHUE: Inverse mode at  52     Hk =   2.500
 MRCHUE: Inverse mode at  53     Hk =   2.500
 MRCHUE: Inverse mode at  54     Hk =   2.500
 MRCHUE: Inverse mode at  65     Hk =   2.500
 MRCHUE: Inverse mode at  78     Hk =   2.500
 MRCHUE: Inverse mode at  79     Hk =   2.500
 MRCHUE: Inverse mode at  80     Hk =   2.500
 MRCHUE: Inverse mode at  81     Hk =   2.500
 MRCHUE: Inverse mode at  82     Hk =   2.500
 MRCHUE: Inverse mode at  83     Hk =   2.500
 MRCHUE: Inverse mode at  84     Hk =   2.500
 MRCHUE: Inverse mode at  85     Hk =   2.500
 MRCHUE: Inverse mode at  86     Hk =   2.500
 MRCHUE: Inverse mode at  87     Hk =   2.500
 MRCHUE: Inverse mode at  88     Hk =   2.500
 MRCHUE: Inverse mode at  89     Hk =   2.500
 MRCHUE: Inverse mode at  90     Hk =   2.500
 MRCHUE: Inverse mode at  91     Hk =   2.500
 MRCHUE: Inverse mode at  92     Hk =   2.500
 MRCHUE: Convergence failed at  93  side 1    Res =  0.4959E+01
 MRCHUE: Inverse mode at  94     Hk =   2.500
 MRCHUE: Inverse mode at  95     Hk =   2.500
 MRCHUE: Inverse mode at  96     Hk =   2.500
 MRCHUE: Inverse mode at  97     Hk =   2.500
 MRCHUE: Inverse mode at  98     Hk =   2.500
 MRCHUE: Inverse mode at  99     Hk =   2.500
 MRCHUE: Convergence failed at 100  side 1    Res =  0.4777E+01
 MRCHUE: Inverse mode at 101     Hk =   2.500
 MRCHUE: Inverse mode at 102     Hk =   2.500
 MRCHUE: Inverse mode at 103     Hk =   2.500
 MRCHUE: Inverse mode at 104     Hk =   2.500
 MRCHUE: Convergence failed at 105  side 1    Res =  0.3873E+01
 MRCHUE: Inverse mode at 106     Hk =   2.500
    side            2  ...
 MRCHUE: Inverse mode at  46     Hk =   4.116
 MRCHUE: Inverse mode at  47     Hk =   4.481
 MRCHUE: Inverse mode at  48     Hk =   4.832
 MRCHUE: Inverse mode at  49     Hk =   5.167
 MRCHUE: Inverse mode at  50     Hk =   5.482
 MRCHUE: Inverse mode at  51     Hk =   5.775
 MRCHUE: Inverse mode at  52     Hk =   6.046
 MRCHUE: Inverse mode at  53     Hk =   6.295
 MRCHUE: Inverse mode at  54     Hk =   6.524
 MRCHUE: Inverse mode at  55     Hk =   6.735
 MRCHUE: Inverse mode at  56     Hk =   6.866

 MRCHDU: Convergence failed at  93  side 1    Res =  0.1378E+01
 MRCHDU: Convergence failed at  94  side 1    Res =  0.1432E+01
 MRCHDU: Convergence failed at  95  side 1    Res =  0.1486E+01
 MRCHDU: Convergence failed at  96  side 1    Res =  0.1603E+01
 MRCHDU: Convergence failed at  97  side 1    Res =  0.1654E+01
 MRCHDU: Convergence failed at  98  side 1    Res =  0.1706E+01
 MRCHDU: Convergence failed at  99  side 1    Res =  0.1759E+01
 MRCHDU: Convergence failed at 100  side 1    Res =  0.3615E+01
 MRCHDU: Convergence failed at 101  side 1    Res =  0.3592E+01
 MRCHDU: Convergence failed at 102  side 1    Res =  0.3569E+01
 MRCHDU: Convergence failed at 103  side 1    Res =  0.3546E+01
 MRCHDU: Convergence failed at 104  side 1    Res =  0.3524E+01
 MRCHDU: Convergence failed at 105  side 1    Res =  0.6454E+01
 MRCHDU: Convergence failed at 106  side 1    Res =  0.6480E+01
 Side 1  free  transition at x/c =  0.0372   40
 Side 2 forced transition at x/c =  1.0000   56
 idif Ue xi dudx           1  8.54289755E-02  1.17722750E-02   7.2567940    
 Uenew xinew           2  4.21379134E-03  5.80668449E-04

   1   rms: 0.1083E+01   max: -.5080E+01   D at   56  2   RLX: 0.098
       a = 16.250      CL =  2.4515
      Cm = -0.2027     CD =  0.01783   =>   CDf =  0.00436    CDp =  0.01347

 Side 1  free  transition at x/c =  0.0381   39
 Side 2 forced transition at x/c =  1.0000   57

   2   rms: 0.6864E+00   max: -.5790E+01   C at   57  2   RLX: 0.086
       a = 16.250      CL =  2.3693
      Cm = -0.1816     CD =  0.01835   =>   CDf =  0.00455    CDp =  0.01380

 Side 1  free  transition at x/c =  0.0378   39
 Side 2 forced transition at x/c =  1.0000   57

   3   rms: 0.6175E+00   max: -.4412E+01   C at   57  2   RLX: 0.113
       a = 16.250      CL =  2.2807
      Cm = -0.1632     CD =  0.02045   =>   CDf =  0.00478    CDp =  0.01567

 Side 1  free  transition at x/c =  0.0375   39
 Side 2 forced transition at x/c =  1.0000   57

   4   rms: 0.6162E+00   max: -.3552E+01   C at   57  2   RLX: 0.141
       a = 16.250      CL =  2.1727
      Cm = -0.1430     CD =  0.02351   =>   CDf =  0.00501    CDp =  0.01850

 Side 1  free  transition at x/c =  0.0374   39
 Side 2 forced transition at x/c =  1.0000   57
 idif Ue xi dudx           1  8.72616991E-02  1.06528997E-02   8.1913567    
 Uenew xinew           2  5.44488477E-03  6.64710999E-04

   5   rms: 0.6360E+00   max: -.2679E+01   C at   57  2   RLX: 0.187
       a = 16.250      CL =  2.0270
      Cm = -0.1192     CD =  0.02800   =>   CDf =  0.00570    CDp =  0.02231

 Side 1  free  transition at x/c =  0.0378   38
 Side 2 forced transition at x/c =  1.0000   58

   6   rms: 0.7624E+00   max: -.2939E+01   T at    2  2   RLX: 0.170
       a = 16.250      CL =  1.8745
      Cm = -0.0995     CD =  0.03272   =>   CDf =  0.00553    CDp =  0.02719

 Side 1  free  transition at x/c =  0.0391   38
 Side 2 forced transition at x/c =  1.0000   58
 idif Ue xi dudx           1  0.14895122      1.62739754E-02   9.1527252    
 Uenew xinew           2  6.75570145E-02  7.38108158E-03

   7   rms: 0.4789E+00   max: 0.1202E+01   D at   70  2   RLX: 0.643
       a = 16.250      CL =  1.4706
      Cm = -0.0326     CD =  0.04918   =>   CDf =  0.00623    CDp =  0.04296

 Side 1  free  transition at x/c =  0.0423   38
 Side 2 forced transition at x/c =  1.0000   59
 idif Ue xi dudx           1  0.13574360      1.31608248E-02   10.314217    
 Uenew xinew           2  5.38038984E-02  5.21647930E-03

   8   rms: 0.2934E+00   max: 0.1246E+01   D at   68  2   RLX: 0.702
       a = 16.250      CL =  1.2654
      Cm = -0.0083     CD =  0.06778   =>   CDf =  0.00702    CDp =  0.06076

 Side 1  free  transition at x/c =  0.0444   37
 Side 2 forced transition at x/c =  1.0000   60
 idif Ue xi dudx           1  8.28132555E-02  7.17437267E-03   11.542927    
 Uenew xinew           2  6.30219060E-04  5.45978546E-05

   9   rms: 0.6562E-01   max: 0.3460E+00   D at   72  2
       a = 16.250      CL =  1.1928
      Cm =  0.0029     CD =  0.07388   =>   CDf =  0.00677    CDp =  0.06711

 Side 1  free  transition at x/c =  0.0451   36
 Side 2 forced transition at x/c =  1.0000   61

  10   rms: 0.6871E-02   max: 0.9171E-01   T at    2  2
       a = 16.250      CL =  1.1957
      Cm =  0.0029     CD =  0.07268   =>   CDf =  0.00607    CDp =  0.06661

 Side 1  free  transition at x/c =  0.0450   37
 Side 2 forced transition at x/c =  1.0000   60

  11   rms: 0.7935E-03   max: 0.1114E-01   T at    2  1
       a = 16.250      CL =  1.1959
      Cm =  0.0029     CD =  0.07273   =>   CDf =  0.00644    CDp =  0.06629

 Side 1  free  transition at x/c =  0.0450   37
 Side 2 forced transition at x/c =  1.0000   60

  12   rms: 0.2161E-03   max: -.2879E-02   D at    4  1
       a = 16.250      CL =  1.1959
      Cm =  0.0029     CD =  0.07273   =>   CDf =  0.00644    CDp =  0.06629

 Side 1  free  transition at x/c =  0.0450   37
 Side 2 forced transition at x/c =  1.0000   60

  13   rms: 0.1194E-05   max: -.5367E-05   D at    4  1
       a = 16.250      CL =  1.1959
      Cm =  0.0029     CD =  0.07273   =>   CDf =  0.00644    CDp =  0.06629
 plradd ia,ip,cpol            1           0  1.75640278E-03

 Point added to stored polar  1
 Point written to save file  naca633218_Re200k.ext.pol                       
 Dump file unspecified or not available
 Calculating wake trajectory ...
 Calculating source influence matrix ...

 Solving BL system ...

 Side 1  free  transition at x/c =  0.0450   37
 Side 2 forced transition at x/c =  1.0000   60

   1   rms: 0.2891E-01   max: 0.1308E+00   T at   37  1   RLX: 0.495
       a = 16.500      CL =  1.1999
      Cm =  0.0027     CD =  0.07415   =>   CDf =  0.00644    CDp =  0.06771

 Side 1  free  transition at x/c =  0.0444   37
 Side 2 forced transition at x/c =  1.0000   60

   2   rms: 0.1388E-01   max: 0.5770E-01   T at   37  1
       a = 16.500      CL =  1.2027
      Cm =  0.0025     CD =  0.07556   =>   CDf =  0.00636    CDp =  0.06920

 Side 1  free  transition at x/c =  0.0439   37
 Side 2 forced transition at x/c =  1.0000   60

   3   rms: 0.1954E-02   max: 0.7381E-02   D at   76  2
       a = 16.500      CL =  1.2011
      Cm =  0.0024     CD =  0.07548   =>   CDf =  0.00630    CDp =  0.06918

 Side 1  free  transition at x/c =  0.0440   37
 Side 2 forced transition at x/c =  1.0000   60

   4   rms: 0.2079E-03   max: -.1050E-02   D at   75  1
       a = 16.500      CL =  1.2012
      Cm =  0.0024     CD =  0.07543   =>   CDf =  0.00630    CDp =  0.06913

 Side 1  free  transition at x/c =  0.0440   37
 Side 2 forced transition at x/c =  1.0000   60

   5   rms: 0.1185E-04   max: -.9513E-04   D at   75  2
       a = 16.500      CL =  1.2012
      Cm =  0.0024     CD =  0.07543   =>   CDf =  0.00630    CDp =  0.06914
 plradd ia,ip,cpol            2           0  1.75640278E-03

 Point added to stored polar  1
 Point written to save file  naca633218_Re200k.ext.pol                       
 Dump file unspecified or not available
 Calculating wake trajectory ...
 Calculating source influence matrix ...

 Solving BL system ...

 Side 1  free  transition at x/c =  0.0440   37
 Side 2 forced transition at x/c =  1.0000   60

   1   rms: 0.2795E-01   max: 0.1236E+00   T at   37  1   RLX: 0.484
       a = 16.750      CL =  1.2056
      Cm =  0.0022     CD =  0.07677   =>   CDf =  0.00630    CDp =  0.07047

 Side 1  free  transition at x/c =  0.0434   37
 Side 2 forced transition at x/c =  1.0000   60

   2   rms: 0.1397E-01   max: 0.5609E-01   T at   37  1
       a = 16.750      CL =  1.2077
      Cm =  0.0019     CD =  0.07837   =>   CDf =  0.00624    CDp =  0.07212

 Side 1  free  transition at x/c =  0.0430   37
 Side 2 forced transition at x/c =  1.0000   60

   3   rms: 0.1901E-02   max: 0.7878E-02   D at   76  2
       a = 16.750      CL =  1.2062
      Cm =  0.0018     CD =  0.07822   =>   CDf =  0.00618    CDp =  0.07204

 Side 1  free  transition at x/c =  0.0430   37
 Side 2 forced transition at x/c =  1.0000   60

   4   rms: 0.2092E-03   max: -.9980E-03   D at   75  1
       a = 16.750      CL =  1.2063
      Cm =  0.0019     CD =  0.07817   =>   CDf =  0.00618    CDp =  0.07199

 Side 1  free  transition at x/c =  0.0430   37
 Side 2 forced transition at x/c =  1.0000   60

   5   rms: 0.1256E-04   max: -.1008E-03   D at   76  2
       a = 16.750      CL =  1.2063
      Cm =  0.0019     CD =  0.07818   =>   CDf =  0.00618    CDp =  0.07200
 plradd ia,ip,cpol            3           0  1.75640278E-03

 Point added to stored polar  1
 Point written to save file  naca633218_Re200k.ext.pol                       
 Dump file unspecified or not available
 Calculating wake trajectory ...
 Calculating source influence matrix ...

 Solving BL system ...

 Side 1  free  transition at x/c =  0.0430   37
 Side 2 forced transition at x/c =  1.0000   60

   1   rms: 0.2750E-01   max: 0.1351E+00   T at   37  1   RLX: 0.473
       a = 17.000      CL =  1.2100
      Cm =  0.0016     CD =  0.07957   =>   CDf =  0.00619    CDp =  0.07338

 Side 1  free  transition at x/c =  0.0425   37
 Side 2 forced transition at x/c =  1.0000   60

   2   rms: 0.1393E-01   max: 0.7178E-01   T at   37  1
       a = 17.000      CL =  1.2140
      Cm =  0.0013     CD =  0.08088   =>   CDf =  0.00614    CDp =  0.07473

 Side 1  free  transition at x/c =  0.0420   37
 Side 2 forced transition at x/c =  1.0000   60

   3   rms: 0.2255E-02   max: -.1102E-01   D at   37  1
       a = 17.000      CL =  1.2129
      Cm =  0.0013     CD =  0.08072   =>   CDf =  0.00612    CDp =  0.07460

 Side 1  free  transition at x/c =  0.0420   37
 Side 2 forced transition at x/c =  1.0000   60

   4   rms: 0.6340E-03   max: -.2511E-02   D at   74  1
       a = 17.000      CL =  1.2133
      Cm =  0.0013     CD =  0.08067   =>   CDf =  0.00612    CDp =  0.07455

 Side 1  free  transition at x/c =  0.0420   37
 Side 2 forced transition at x/c =  1.0000   60

   5   rms: 0.4172E-04   max: -.3217E-03   D at   76  2
       a = 17.000      CL =  1.2133
      Cm =  0.0013     CD =  0.08068   =>   CDf =  0.00612    CDp =  0.07456
 plradd ia,ip,cpol            4           0  1.75640278E-03

 Point added to stored polar  1
 Point written to save file  naca633218_Re200k.ext.pol                       
 Dump file unspecified or not available
 Calculating wake trajectory ...
 Calculating source influence matrix ...

 Solving BL system ...

 Side 1  free  transition at x/c =  0.0420   37
 Side 2 forced transition at x/c =  1.0000   60

   1   rms: 0.2879E-01   max: 0.1598E+00   T at   37  1   RLX: 0.465
       a = 17.250      CL =  1.2189
      Cm =  0.0012     CD =  0.08173   =>   CDf =  0.00613    CDp =  0.07561

 Side 1  free  transition at x/c =  0.0416   37
 Side 2 forced transition at x/c =  1.0000   60

   2   rms: 0.1671E-01   max: 0.1021E+00   T at   37  1
       a = 17.250      CL =  1.2276
      Cm =  0.0012     CD =  0.08245   =>   CDf =  0.00612    CDp =  0.07633

 Side 1  free  transition at x/c =  0.0410   37
 Side 2 forced transition at x/c =  1.0000   60

   3   rms: 0.3814E-02   max: -.1665E-01   D at   74  1
       a = 17.250      CL =  1.2292
      Cm =  0.0014     CD =  0.08212   =>   CDf =  0.00614    CDp =  0.07598

 Side 1  free  transition at x/c =  0.0410   37
 Side 2 forced transition at x/c =  1.0000   60

   4   rms: 0.9562E-03   max: 0.4162E-02   T at   37  1
       a = 17.250      CL =  1.2299
      Cm =  0.0015     CD =  0.08218   =>   CDf =  0.00617    CDp =  0.07601

 Side 1  free  transition at x/c =  0.0410   37
 Side 2 forced transition at x/c =  1.0000   60

   5   rms: 0.8352E-04   max: 0.3491E-03   D at   74  1
       a = 17.250      CL =  1.2298
      Cm =  0.0015     CD =  0.08221   =>   CDf =  0.00617    CDp =  0.07603
 plradd ia,ip,cpol            5           0  1.75640278E-03

 Point added to stored polar  1
 Point written to save file  naca633218_Re200k.ext.pol                       
 Dump file unspecified or not available
 Calculating wake trajectory ...
 Calculating source influence matrix ...

 Solving BL system ...

 Side 1  free  transition at x/c =  0.0410   37
 Side 2 forced transition at x/c =  1.0000   60

   1   rms: 0.6475E-01   max: 0.3767E+00   T at   37  1   RLX: 0.471
       a = 17.500      CL =  1.2486
      Cm =  0.0024     CD =  0.08180   =>   CDf =  0.00618    CDp =  0.07562

 Side 1  free  transition at x/c =  0.0403   36
 Side 2 forced transition at x/c =  1.0000   60

   2   rms: 0.3871E-01   max: 0.1769E+00   D at   76  1
       a = 17.500      CL =  1.2344
      Cm =  0.0007     CD =  0.08678   =>   CDf =  0.00616    CDp =  0.08062

 Side 1  free  transition at x/c =  0.0402   36
 Side 2 forced transition at x/c =  1.0000   60

   3   rms: 0.8135E-02   max: 0.5077E-01   D at   75  1
       a = 17.500      CL =  1.2303
      Cm =  0.0006     CD =  0.08618   =>   CDf =  0.00600    CDp =  0.08018

 Side 1  free  transition at x/c =  0.0402   36
 Side 2 forced transition at x/c =  1.0000   60

   4   rms: 0.5693E-03   max: 0.3897E-02   D at   76  2
       a = 17.500      CL =  1.2300
      Cm =  0.0006     CD =  0.08595   =>   CDf =  0.00600    CDp =  0.07996

 Side 1  free  transition at x/c =  0.0402   36
 Side 2 forced transition at x/c =  1.0000   60

   5   rms: 0.2537E-04   max: 0.8591E-04   D at   76  2
       a = 17.500      CL =  1.2300
      Cm =  0.0006     CD =  0.08594   =>   CDf =  0.00600    CDp =  0.07994
 plradd ia,ip,cpol            6           0  1.75640278E-03

 Point added to stored polar  1
 Point written to save file  naca633218_Re200k.ext.pol                       
 Dump file unspecified or not available
 Calculating wake trajectory ...
 Calculating source influence matrix ...

 Solving BL system ...

 Side 1  free  transition at x/c =  0.0402   36
 Side 2 forced transition at x/c =  1.0000   60

   1   rms: 0.3343E-01   max: 0.1312E+00   D at   70  1   RLX: 0.439
       a = 17.750      CL =  1.2261
      Cm = -0.0002     CD =  0.08845   =>   CDf =  0.00600    CDp =  0.08244

 Side 1  free  transition at x/c =  0.0401   36
 Side 2 forced transition at x/c =  1.0000   60

   2   rms: 0.1953E-01   max: 0.7171E-01   D at   73  1
       a = 17.750      CL =  1.2204
      Cm = -0.0013     CD =  0.09141   =>   CDf =  0.00588    CDp =  0.08553

 Side 1  free  transition at x/c =  0.0398   36
 Side 2 forced transition at x/c =  1.0000   60

   3   rms: 0.2737E-02   max: 0.1612E-01   D at   73  1
       a = 17.750      CL =  1.2185
      Cm = -0.0013     CD =  0.09097   =>   CDf =  0.00573    CDp =  0.08525

 Side 1  free  transition at x/c =  0.0399   36
 Side 2 forced transition at x/c =  1.0000   60

   4   rms: 0.1341E-03   max: 0.7778E-03   D at   77  2
       a = 17.750      CL =  1.2186
      Cm = -0.0013     CD =  0.09089   =>   CDf =  0.00573    CDp =  0.08516

 Side 1  free  transition at x/c =  0.0399   36
 Side 2 forced transition at x/c =  1.0000   60

   5   rms: 0.6782E-05   max: -.5380E-04   D at   76  2
       a = 17.750      CL =  1.2186
      Cm = -0.0013     CD =  0.09090   =>   CDf =  0.00573    CDp =  0.08516
 plradd ia,ip,cpol            7           0  1.75640278E-03

 Point added to stored polar  1
 Point written to save file  naca633218_Re200k.ext.pol                       
 Dump file unspecified or not available
 Calculating wake trajectory ...
 Calculating source influence matrix ...

 Solving BL system ...

 Side 1  free  transition at x/c =  0.0399   36
 Side 2 forced transition at x/c =  1.0000   60

   1   rms: 0.3477E-01   max: 0.1352E+00   D at   69  1   RLX: 0.424
       a = 18.000      CL =  1.2148
      Cm = -0.0022     CD =  0.09348   =>   CDf =  0.00574    CDp =  0.08774

 Side 1  free  transition at x/c =  0.0397   36
 Side 2 forced transition at x/c =  1.0000   60

   2   rms: 0.2112E-01   max: 0.7725E-01   D at   67  1
       a = 18.000      CL =  1.2085
      Cm = -0.0035     CD =  0.09681   =>   CDf =  0.00562    CDp =  0.09119

 Side 1  free  transition at x/c =  0.0394   36
 Side 2 forced transition at x/c =  1.0000   60

   3   rms: 0.3434E-02   max: 0.2027E-01   D at   72  1
       a = 18.000      CL =  1.2062
      Cm = -0.0035     CD =  0.09638   =>   CDf =  0.00547    CDp =  0.09091

 Side 1  free  transition at x/c =  0.0395   36
 Side 2 forced transition at x/c =  1.0000   60

   4   rms: 0.1824E-03   max: 0.1773E-02   D at   77  2
       a = 18.000      CL =  1.2062
      Cm = -0.0035     CD =  0.09626   =>   CDf =  0.00547    CDp =  0.09079

 Side 1  free  transition at x/c =  0.0395   36
 Side 2 forced transition at x/c =  1.0000   60

   5   rms: 0.8118E-05   max: -.5848E-04   D at   76  2
       a = 18.000      CL =  1.2062
      Cm = -0.0035     CD =  0.09626   =>   CDf =  0.00547    CDp =  0.09079
 plradd ia,ip,cpol            8           0  1.75640278E-03

 Point added to stored polar  1
 Point written to save file  naca633218_Re200k.ext.pol                       
 Dump file unspecified or not available

.OPERva   c>   Calculating wake trajectory ...
 Calculating source influence matrix ...

 Solving BL system ...

 Side 1  free  transition at x/c =  0.0395   36
 Side 2 forced transition at x/c =  1.0000   60

   1   rms: 0.3662E-01   max: 0.1459E+00   D at   68  1   RLX: 0.409
       a = 18.250      CL =  1.2016
      Cm = -0.0046     CD =  0.09904   =>   CDf =  0.00548    CDp =  0.09356

 Side 1  free  transition at x/c =  0.0393   36
 Side 2 forced transition at x/c =  1.0000   60

   2   rms: 0.2258E-01   max: 0.8487E-01   D at   66  1
       a = 18.250      CL =  1.1938
      Cm = -0.0062     CD =  0.10278   =>   CDf =  0.00537    CDp =  0.09742

 Side 1  free  transition at x/c =  0.0390   36
 Side 2 forced transition at x/c =  1.0000   60

   3   rms: 0.3663E-02   max: 0.2383E-01   D at   71  1
       a = 18.250      CL =  1.1914
      Cm = -0.0063     CD =  0.10225   =>   CDf =  0.00521    CDp =  0.09704

 Side 1  free  transition at x/c =  0.0391   36
 Side 2 forced transition at x/c =  1.0000   60

   4   rms: 0.2414E-03   max: -.1202E-02   D at   71  1
       a = 18.250      CL =  1.1915
      Cm = -0.0063     CD =  0.10210   =>   CDf =  0.00522    CDp =  0.09688

 Side 1  free  transition at x/c =  0.0391   36
 Side 2 forced transition at x/c =  1.0000   60

   5   rms: 0.1579E-04   max: -.1115E-03   D at   77  2
       a = 18.250      CL =  1.1915
      Cm = -0.0063     CD =  0.10211   =>   CDf =  0.00522    CDp =  0.09689
 plradd ia,ip,cpol            9           0  1.75640278E-03

 Point added to stored polar  1
 Point written to save file  naca633218_Re200k.ext.pol                       
 Dump file unspecified or not available
 Calculating wake trajectory ...
 Calculating source influence matrix ...

 Solving BL system ...

 Side 1  free  transition at x/c =  0.0391   36
 Side 2 forced transition at x/c =  1.0000   60

   1   rms: 0.7636E-01   max: 0.3082E+00   D at   66  1   RLX: 0.382
       a = 18.750      CL =  1.1820
      Cm = -0.0086     CD =  0.10773   =>   CDf =  0.00523    CDp =  0.10250

 Side 1  free  transition at x/c =  0.0388   36
 Side 2 forced transition at x/c =  1.0000   60

   2   rms: 0.5346E-01   max: 0.2071E+00   D at   70  1
       a = 18.750      CL =  1.1620
      Cm = -0.0130     CD =  0.11735   =>   CDf =  0.00503    CDp =  0.11232

 Side 1  free  transition at x/c =  0.0384   36
 Side 2 forced transition at x/c =  1.0000   60

   3   rms: 0.1168E-01   max: 0.7899E-01   D at   69  1
       a = 18.750      CL =  1.1548
      Cm = -0.0135     CD =  0.11629   =>   CDf =  0.00472    CDp =  0.11157

 Side 1  free  transition at x/c =  0.0386   36
 Side 2 forced transition at x/c =  1.0000   60

   4   rms: 0.6871E-03   max: 0.7126E-02   D at   68  1
       a = 18.750      CL =  1.1547
      Cm = -0.0135     CD =  0.11577   =>   CDf =  0.00472    CDp =  0.11105

 Side 1  free  transition at x/c =  0.0386   36
 Side 2 forced transition at x/c =  1.0000   60

   5   rms: 0.5416E-04   max: -.1344E-03   D at   79  2
       a = 18.750      CL =  1.1548
      Cm = -0.0135     CD =  0.11576   =>   CDf =  0.00472    CDp =  0.11104
 plradd ia,ip,cpol           10           0  1.75640278E-03

 Point added to stored polar  1
 Point written to save file  naca633218_Re200k.ext.pol                       
 Dump file unspecified or not available
 Calculating wake trajectory ...
 Calculating source influence matrix ...

 Solving BL system ...

 Side 1  free  transition at x/c =  0.0386   36
 Side 2 forced transition at x/c =  1.0000   60

   1   rms: 0.9942E-01   max: 0.3899E+00   D at   65  1   RLX: 0.353
       a = 19.250      CL =  1.1410
      Cm = -0.0167     CD =  0.12280   =>   CDf =  0.00473    CDp =  0.11807

 Side 1  free  transition at x/c =  0.0385   36
 Side 2 forced transition at x/c =  1.0000   60

   2   rms: 0.8058E-01   max: 0.3004E+00   D at   66  1
       a = 19.250      CL =  1.1068
      Cm = -0.0240     CD =  0.13758   =>   CDf =  0.00454    CDp =  0.13304

 Side 1  free  transition at x/c =  0.0385   36
 Side 2 forced transition at x/c =  1.0000   60

   3   rms: 0.2607E-01   max: 0.1590E+00   D at   65  1
       a = 19.250      CL =  1.0929
      Cm = -0.0256     CD =  0.13694   =>   CDf =  0.00419    CDp =  0.13275

 Side 1  free  transition at x/c =  0.0388   36
 Side 2 forced transition at x/c =  1.0000   60

   4   rms: 0.2515E-02   max: 0.1424E-01   D at   64  1
       a = 19.250      CL =  1.0933
      Cm = -0.0253     CD =  0.13536   =>   CDf =  0.00415    CDp =  0.13121

 Side 1  free  transition at x/c =  0.0388   36
 Side 2 forced transition at x/c =  1.0000   60

   5   rms: 0.2817E-03   max: -.1021E-02   D at   80  2
       a = 19.250      CL =  1.0934
      Cm = -0.0253     CD =  0.13534   =>   CDf =  0.00416    CDp =  0.13118

 Side 1  free  transition at x/c =  0.0388   36
 Side 2 forced transition at x/c =  1.0000   60

   6   rms: 0.3683E-04   max: -.1591E-03   D at   77  2
       a = 19.250      CL =  1.0934
      Cm = -0.0253     CD =  0.13536   =>   CDf =  0.00416    CDp =  0.13120
 plradd ia,ip,cpol           11           0  9.48358444E-04

 Point added to stored polar  1
 Point written to save file  naca633218_Re200k.ext.pol                       
 Dump file unspecified or not available
 Calculating wake trajectory ...
 Calculating source influence matrix ...

 Solving BL system ...

 Side 1  free  transition at x/c =  0.0388   36
 Side 2 forced transition at x/c =  1.0000   60

   1   rms: 0.1733E+00   max: 0.7298E+00   D at   56  1   RLX: 0.319
       a = 19.750      CL =  1.0700
      Cm = -0.0307     CD =  0.14646   =>   CDf =  0.00417    CDp =  0.14229

 Side 1  free  transition at x/c =  0.0390   36
 Side 2 forced transition at x/c =  1.0000   60

   2   rms: 0.1818E+00   max: 0.7097E+00   D at   55  1
       a = 19.750      CL =  0.9923
      Cm = -0.0476     CD =  0.18133   =>   CDf =  0.00397    CDp =  0.17736

 Side 1  free  transition at x/c =  0.0401   36
 Side 2 forced transition at x/c =  1.0000   60
 idif Ue xi dudx           1  9.47685093E-02  8.61644745E-03   10.998559    
 Uenew xinew           2  1.64612420E-02  1.49667263E-03

   3   rms: 0.7601E-01   max: 0.4520E+00   D at   58  1
       a = 19.750      CL =  0.9660
      Cm = -0.0506     CD =  0.17854   =>   CDf =  0.00393    CDp =  0.17462

 Side 1  free  transition at x/c =  0.0406   36
 Side 2 forced transition at x/c =  1.0000   61

   4   rms: 0.1570E-01   max: 0.4952E-01   D at   45  1
       a = 19.750      CL =  0.9691
      Cm = -0.0497     CD =  0.17462   =>   CDf =  0.00362    CDp =  0.17100

 Side 1  free  transition at x/c =  0.0406   36
 Side 2 forced transition at x/c =  1.0000   61

   5   rms: 0.2069E-02   max: -.8900E-02   D at   44  1
       a = 19.750      CL =  0.9690
      Cm = -0.0496     CD =  0.17337   =>   CDf =  0.00360    CDp =  0.16977

 Side 1  free  transition at x/c =  0.0406   36
 Side 2 forced transition at x/c =  1.0000   61

   6   rms: 0.2858E-03   max: 0.1229E-02   D at   44  1
       a = 19.750      CL =  0.9690
      Cm = -0.0496     CD =  0.17336   =>   CDf =  0.00361    CDp =  0.16975

 Side 1  free  transition at x/c =  0.0406   36
 Side 2 forced transition at x/c =  1.0000   61

   7   rms: 0.4201E-04   max: -.1738E-03   D at   44  1
       a = 19.750      CL =  0.9690
      Cm = -0.0496     CD =  0.17337   =>   CDf =  0.00361    CDp =  0.16976
 plradd ia,ip,cpol           12           0  1.75640278E-03

 Point added to stored polar  1
 Point written to save file  naca633218_Re200k.ext.pol                       
 Dump file unspecified or not available
 Calculating wake trajectory ...
 Calculating source influence matrix ...

 Solving BL system ...

 Side 1  free  transition at x/c =  0.0406   36
 Side 2 forced transition at x/c =  1.0000   61

   1   rms: 0.7151E-01   max: 0.5531E+00   T at   36  1   RLX: 0.301
       a = 20.250      CL =  0.9746
      Cm = -0.0496     CD =  0.17419   =>   CDf =  0.00362    CDp =  0.17058

 Side 1  free  transition at x/c =  0.0403   35
 Side 2 forced transition at x/c =  1.0000   61

   2   rms: 0.5820E+00   max: 0.2319E+01   D at   47  1   RLX: 0.370
       a = 20.250      CL =  0.8716
      Cm = -0.0519     CD =  0.21265   =>   CDf =  0.00373    CDp =  0.20892

 Side 1  free  transition at x/c =  0.0424   36
 Side 2 forced transition at x/c =  1.0000   61

   3   rms: 0.4228E+00   max: 0.1334E+01   T at   36  1   RLX: 0.694
       a = 20.250      CL =  1.0212
      Cm = -0.0264     CD =  0.14817   =>   CDf =  0.00382    CDp =  0.14435

 MRCHDU: Convergence failed at  38  side 1    Res =  0.9490E+01
 MRCHDU: Convergence failed at  39  side 1    Res =  0.1276E+01
 MRCHDU: Convergence failed at  40  side 1    Res =  0.7446E+01
 MRCHDU: Convergence failed at  41  side 1    Res =  0.4728E+01
 MRCHDU: Convergence failed at  42  side 1    Res =  0.2457E+01
 MRCHDU: Convergence failed at  43  side 1    Res =  0.2259E+01
 MRCHDU: Convergence failed at  44  side 1    Res =  0.2633E+01
 MRCHDU: Convergence failed at  45  side 1    Res =  0.3148E+01
 MRCHDU: Convergence failed at  46  side 1    Res =  0.5322E+01
 MRCHDU: Convergence failed at  47  side 1    Res =  0.6532E+01
 MRCHDU: Convergence failed at  48  side 1    Res =  0.1040E+02
 MRCHDU: Convergence failed at  49  side 1    Res =  0.4317E+02
 MRCHDU: Convergence failed at  50  side 1    Res =  0.3928E+03
 MRCHDU: Convergence failed at  51  side 1    Res =  0.1750E+02
 MRCHDU: Convergence failed at  52  side 1    Res =  0.1935E+02
 MRCHDU: Convergence failed at  53  side 1    Res =  0.2871E+02
 MRCHDU: Convergence failed at  54  side 1    Res =  0.3241E+02
 MRCHDU: Convergence failed at  55  side 1    Res =  0.4168E+02
 MRCHDU: Convergence failed at  56  side 1    Res =  0.1487E+03
 MRCHDU: Convergence failed at  57  side 1    Res =  0.2260E+02
 MRCHDU: Convergence failed at  58  side 1    Res =  0.8697E+01
 MRCHDU: Convergence failed at  59  side 1    Res =  0.1470E+02
 MRCHDU: Convergence failed at  60  side 1    Res =  0.2837E+02
 MRCHDU: Convergence failed at  61  side 1    Res =  0.1583E+03
 MRCHDU: Convergence failed at  62  side 1    Res =  0.1391E+03
 MRCHDU: Convergence failed at  63  side 1    Res =  0.3884E+02
 MRCHDU: Convergence failed at  64  side 1    Res =  0.1964E+02
 MRCHDU: Convergence failed at  65  side 1    Res =  0.8721E+01
 MRCHDU: Convergence failed at  66  side 1    Res =  0.1001E+02
 MRCHDU: Convergence failed at  67  side 1    Res =  0.1147E+02
 MRCHDU: Convergence failed at  68  side 1    Res =  0.1572E+02
 MRCHDU: Convergence failed at  69  side 1    Res =  0.2424E+02
 MRCHDU: Convergence failed at  70  side 1    Res =  0.1231E+03
 MRCHDU: Convergence failed at  71  side 1    Res =  0.1324E+03
 MRCHDU: Convergence failed at  72  side 1    Res =  0.2057E+02
 MRCHDU: Convergence failed at  73  side 1    Res =  0.2316E+02
 MRCHDU: Convergence failed at  74  side 1    Res =  0.8237E+01
 MRCHDU: Convergence failed at  75  side 1    Res =  0.1879E+02
 MRCHDU: Convergence failed at  76  side 1    Res =  0.9025E+01
 MRCHDU: Convergence failed at  77  side 1    Res =  0.1225E+02
 MRCHDU: Convergence failed at  78  side 1    Res =  0.1505E+02
 MRCHDU: Convergence failed at  79  side 1    Res =  0.2388E+02
 MRCHDU: Convergence failed at  80  side 1    Res =  0.2769E+02
 MRCHDU: Convergence failed at  81  side 1    Res =  0.2351E+02
 MRCHDU: Convergence failed at  82  side 1    Res =  0.3800E+02
 MRCHDU: Convergence failed at  83  side 1    Res =  0.1427E+04
 MRCHDU: Convergence failed at  84  side 1    Res =  0.9815E+02
 MRCHDU: Convergence failed at  85  side 1    Res =  0.1664E+03
 MRCHDU: Convergence failed at  86  side 1    Res =  0.5511E+02
 MRCHDU: Convergence failed at  87  side 1    Res =  0.1914E+02
 MRCHDU: Convergence failed at  88  side 1    Res =  0.2296E+02
 MRCHDU: Convergence failed at  89  side 1    Res =  0.2001E+02
 MRCHDU: Convergence failed at  90  side 1    Res =  0.1791E+02
 MRCHDU: Convergence failed at  91  side 1    Res =  0.1643E+02
 MRCHDU: Convergence failed at  92  side 1    Res =  0.1885E+02
 MRCHDU: Convergence failed at  93  side 1    Res =  0.1738E+02
 MRCHDU: Convergence failed at  94  side 1    Res =  0.1665E+02
 MRCHDU: Convergence failed at  95  side 1    Res =  0.1583E+02
 MRCHDU: Convergence failed at  96  side 1    Res =  0.1528E+02
 MRCHDU: Convergence failed at  97  side 1    Res =  0.9202E+01
 MRCHDU: Convergence failed at  98  side 1    Res =  0.9559E+01
 MRCHDU: Convergence failed at  99  side 1    Res =  0.1002E+02
 MRCHDU: Convergence failed at 100  side 1    Res =  0.1054E+02
 MRCHDU: Convergence failed at 101  side 1    Res =  0.1106E+02
 MRCHDU: Convergence failed at 102  side 1    Res =  0.1319E+02
 MRCHDU: Convergence failed at  77  side 2    Res =  0.2241E+01
 MRCHDU: Convergence failed at  78  side 2    Res =  0.1004E+01
 MRCHDU: Convergence failed at  79  side 2    Res =  0.2121E+01
 Side 1  free  transition at x/c =  0.0385   36
 Side 2 forced transition at x/c =  1.0000   60

   4   rms: 0.2565E+01   max: 0.8609E+01   D at  102  1   RLX: 0.174
       a = 20.250      CL =  3.2460
      Cm = -0.6884     CD =  0.03683   =>   CDf =  0.00296    CDp =  0.03386

 MRCHDU: Convergence failed at  72  side 2    Res =  0.1604E+01
 MRCHDU: Convergence failed at  73  side 2    Res =  0.7153E+02
 Side 1  free  transition at x/c =  0.0364   37
 Side 2 forced transition at x/c =  1.0000   59

   5   rms: 0.1520E+01   max: 0.2675E+01   C at   59  2   RLX: 0.264
       a = 20.250      CL =  3.0238
      Cm = -0.4972     CD =  0.02247   =>   CDf =  0.01804    CDp =  0.00443

 MRCHDU: Convergence failed at  40  side 1    Res =  0.2279E+01
 MRCHDU: Convergence failed at  41  side 1    Res =  0.3114E+01
 MRCHDU: Convergence failed at  42  side 1    Res =  0.3951E+01
 MRCHDU: Convergence failed at  43  side 1    Res =  0.3365E+01
 MRCHDU: Convergence failed at  44  side 1    Res =  0.2033E+01
 MRCHDU: Convergence failed at  45  side 1    Res =  0.2027E+01
 MRCHDU: Convergence failed at  46  side 1    Res =  0.3324E+01
 MRCHDU: Convergence failed at  47  side 1    Res =  0.5450E+01
 MRCHDU: Convergence failed at  48  side 1    Res =  0.9068E+01
 MRCHDU: Convergence failed at  49  side 1    Res =  0.1485E+02
 MRCHDU: Convergence failed at  50  side 1    Res =  0.2667E+02
 MRCHDU: Convergence failed at  51  side 1    Res =  0.4747E+02
 MRCHDU: Convergence failed at  52  side 1    Res =  0.4987E+02
 MRCHDU: Convergence failed at  53  side 1    Res =  0.3214E+02
 MRCHDU: Convergence failed at  54  side 1    Res =  0.1659E+02
 MRCHDU: Convergence failed at  55  side 1    Res =  0.1067E+02
 MRCHDU: Convergence failed at  56  side 1    Res =  0.7616E+01
 MRCHDU: Convergence failed at  57  side 1    Res =  0.6269E+01
 MRCHDU: Convergence failed at  58  side 1    Res =  0.5357E+01
 MRCHDU: Convergence failed at  59  side 1    Res =  0.5278E+01
 MRCHDU: Convergence failed at  60  side 1    Res =  0.5722E+01
 MRCHDU: Convergence failed at  61  side 1    Res =  0.6026E+01
 MRCHDU: Convergence failed at  62  side 1    Res =  0.5993E+01
 MRCHDU: Convergence failed at  63  side 1    Res =  0.6402E+01
 MRCHDU: Convergence failed at  64  side 1    Res =  0.7569E+01
 MRCHDU: Convergence failed at  65  side 1    Res =  0.8187E+01
 MRCHDU: Convergence failed at  66  side 1    Res =  0.1017E+02
 MRCHDU: Convergence failed at  67  side 1    Res =  0.1111E+02
 MRCHDU: Convergence failed at  68  side 1    Res =  0.1239E+02
 MRCHDU: Convergence failed at  69  side 1    Res =  0.1451E+02
 MRCHDU: Convergence failed at  70  side 1    Res =  0.1793E+02
 MRCHDU: Convergence failed at  71  side 1    Res =  0.2169E+02
 MRCHDU: Convergence failed at  72  side 1    Res =  0.2188E+02
 MRCHDU: Convergence failed at  73  side 1    Res =  0.1898E+02
 MRCHDU: Convergence failed at  74  side 1    Res =  0.1643E+02
 MRCHDU: Convergence failed at  75  side 1    Res =  0.1511E+02
 MRCHDU: Convergence failed at  76  side 1    Res =  0.1440E+02
 MRCHDU: Convergence failed at  77  side 1    Res =  0.1378E+02
 MRCHDU: Convergence failed at  78  side 1    Res =  0.1303E+02
 MRCHDU: Convergence failed at  79  side 1    Res =  0.6937E+01
 MRCHDU: Convergence failed at  80  side 1    Res =  0.6745E+01
 MRCHDU: Convergence failed at  81  side 1    Res =  0.8111E+02
 MRCHDU: Convergence failed at  82  side 1    Res =  0.6278E+02
 MRCHDU: Convergence failed at  83  side 1    Res =  0.1079E+03
 MRCHDU: Convergence failed at  84  side 1    Res =  0.3985E+02
 MRCHDU: Convergence failed at  85  side 1    Res =  0.4021E+02
 MRCHDU: Convergence failed at  86  side 1    Res =  0.1518E+03
 MRCHDU: Convergence failed at  87  side 1    Res =  0.2730E+02
 MRCHDU: Convergence failed at  88  side 1    Res =  0.2214E+02
 MRCHDU: Convergence failed at  89  side 1    Res =  0.3166E+02
 MRCHDU: Convergence failed at  90  side 1    Res =  0.5146E+02
 MRCHDU: Convergence failed at  91  side 1    Res =  0.1234E+03
 MRCHDU: Convergence failed at  92  side 1    Res =  0.6690E+03
 MRCHDU: Convergence failed at  93  side 1    Res =  0.9370E+02
 MRCHDU: Convergence failed at  94  side 1    Res =  0.1214E+03
 MRCHDU: Convergence failed at  95  side 1    Res =  0.8235E+02
 MRCHDU: Convergence failed at  96  side 1    Res =  0.1107E+03
 MRCHDU: Convergence failed at  97  side 1    Res =  0.3272E+02
 MRCHDU: Convergence failed at  98  side 1    Res =  0.3220E+02
 MRCHDU: Convergence failed at  99  side 1    Res =  0.3322E+02
 MRCHDU: Convergence failed at 100  side 1    Res =  0.3581E+02
 MRCHDU: Convergence failed at 101  side 1    Res =  0.3491E+02
 MRCHDU: Convergence failed at 102  side 1    Res =  0.3007E+03
 MRCHDU: Convergence failed at 103  side 1    Res =  0.9860E+02
 MRCHDU: Convergence failed at 104  side 1    Res =  0.4946E+02
 MRCHDU: Convergence failed at 105  side 1    Res =  0.1397E+02
 Side 1  free  transition at x/c =  0.0324   38
 Side 2 forced transition at x/c =  1.0000   57

   6   rms: 0.2753E+01   max: 0.8783E+01   D at   62  2   RLX: 0.171
       a = 20.250      CL =  4.7964
      Cm = -1.1285     CD =  0.01355   =>   CDf =  0.00204    CDp =  0.01151

 MRCHDU: Convergence failed at  45  side 1    Res =  0.1034E-01
 MRCHDU: Convergence failed at  91  side 1    Res =  0.2105E+00
 MRCHDU: Convergence failed at  92  side 1    Res =  0.1897E+00
 MRCHDU: Convergence failed at  93  side 1    Res =  0.1648E+00
 MRCHDU: Convergence failed at  94  side 1    Res =  0.1342E+00
 MRCHDU: Convergence failed at  95  side 1    Res =  0.9066E-01
 MRCHDU: Convergence failed at  96  side 1    Res =  0.1404E-02
 MRCHDU: Convergence failed at  62  side 2    Res =  0.1057E+02
 MRCHDU: Convergence failed at  63  side 2    Res =  0.2861E+01
 MRCHDU: Convergence failed at  64  side 2    Res =  0.2849E+01
 MRCHDU: Convergence failed at  65  side 2    Res =  0.9865E+01
 Side 1  free  transition at x/c =  0.0337   38
 Side 2 forced transition at x/c =  1.0000   57

   7   rms: 0.1173E+01   max: -.1372E+01   U at  105  1   RLX: 0.241
       a = 20.250      CL =  3.6123
      Cm = -0.6702     CD =  0.04220   =>   CDf =  0.00470    CDp =  0.03750

 Side 1  free  transition at x/c =  0.0322   39
 Side 2 forced transition at x/c =  1.0000   56

   8   rms: 0.8855E+00   max: 0.2032E+01   D at   65  2   RLX: 0.247
       a = 20.250      CL =  3.0619
      Cm = -0.4936     CD =  0.06284   =>   CDf =  0.00329    CDp =  0.05955

 Side 1  free  transition at x/c =  0.0322   39
 Side 2 forced transition at x/c =  1.0000   56
 idif Ue xi dudx           1  0.13788199      1.84912682E-02   7.4566002    
 Uenew xinew           2  5.44306599E-02  7.29966164E-03

   9   rms: 0.1067E+01   max: 0.2438E+01   D at   97  1   RLX: 0.224
       a = 20.250      CL =  2.4970
      Cm = -0.3714     CD =  0.07925   =>   CDf =  0.00343    CDp =  0.07581

 Side 1  free  transition at x/c =  0.0329   38
 Side 2 forced transition at x/c =  1.0000   57
 idif Ue xi dudx           1  9.56220850E-02  1.19870901E-02   7.9770889    
 Uenew xinew           2  1.59454141E-02  1.99890137E-03

  10   rms: 0.6642E+00   max: -.1196E+01   C at   57  2   RLX: 0.339
       a = 20.250      CL =  1.9928
      Cm = -0.2362     CD =  0.09456   =>   CDf =  0.00384    CDp =  0.09072

 Side 1  free  transition at x/c =  0.0337   37
 Side 2 forced transition at x/c =  1.0000   58

  11   rms: 0.4002E+00   max: -.1302E+01   C at   58  2   RLX: 0.384
       a = 20.250      CL =  1.6768
      Cm = -0.1285     CD =  0.10276   =>   CDf =  0.00412    CDp =  0.09864

 MRCHDU: Convergence failed at  57  side 1    Res =  0.8915E+00
 MRCHDU: Convergence failed at  58  side 1    Res =  0.4393E+00
 MRCHDU: Convergence failed at  59  side 1    Res =  0.5151E+00
 MRCHDU: Convergence failed at  60  side 1    Res =  0.6969E+00
 MRCHDU: Convergence failed at  61  side 1    Res =  0.7265E+00
 MRCHDU: Convergence failed at  62  side 1    Res =  0.7046E+00
 MRCHDU: Convergence failed at  63  side 1    Res =  0.6239E+00
 MRCHDU: Convergence failed at  64  side 1    Res =  0.4936E+01
 MRCHDU: Convergence failed at  65  side 1    Res =  0.5554E+00
 MRCHDU: Convergence failed at  66  side 1    Res =  0.7555E+00
 MRCHDU: Convergence failed at  67  side 1    Res =  0.6670E+00
 MRCHDU: Convergence failed at  68  side 1    Res =  0.1935E+01
 MRCHDU: Convergence failed at  69  side 1    Res =  0.1137E+01
 MRCHDU: Convergence failed at  70  side 1    Res =  0.2619E+00
 MRCHDU: Convergence failed at  71  side 1    Res =  0.1355E+01
 MRCHDU: Convergence failed at  73  side 1    Res =  0.1072E+02
 MRCHDU: Convergence failed at  74  side 1    Res =  0.1418E+02
 MRCHDU: Convergence failed at  75  side 1    Res =  0.2204E+02
 MRCHDU: Convergence failed at  76  side 1    Res =  0.5798E+02
 MRCHDU: Convergence failed at  77  side 1    Res =  0.6915E+02
 MRCHDU: Convergence failed at  78  side 1    Res =  0.2404E+02
 MRCHDU: Convergence failed at  79  side 1    Res =  0.1406E+02
 MRCHDU: Convergence failed at  80  side 1    Res =  0.1042E+02
 MRCHDU: Convergence failed at  81  side 1    Res =  0.8726E+01
 MRCHDU: Convergence failed at  82  side 1    Res =  0.7572E+01
 MRCHDU: Convergence failed at  83  side 1    Res =  0.8423E+01
 MRCHDU: Convergence failed at  84  side 1    Res =  0.9519E+01
 MRCHDU: Convergence failed at  85  side 1    Res =  0.1131E+02
 MRCHDU: Convergence failed at  86  side 1    Res =  0.1381E+02
 MRCHDU: Convergence failed at  87  side 1    Res =  0.1647E+02
 MRCHDU: Convergence failed at  88  side 1    Res =  0.2193E+02
 MRCHDU: Convergence failed at  89  side 1    Res =  0.1708E+02
 MRCHDU: Convergence failed at  90  side 1    Res =  0.2127E+02
 MRCHDU: Convergence failed at  91  side 1    Res =  0.2613E+02
 MRCHDU: Convergence failed at  92  side 1    Res =  0.3346E+02
 MRCHDU: Convergence failed at  93  side 1    Res =  0.4313E+02
 MRCHDU: Convergence failed at  94  side 1    Res =  0.9789E+01
 MRCHDU: Convergence failed at  95  side 1    Res =  0.8065E+01
 MRCHDU: Convergence failed at  96  side 1    Res =  0.5390E+02
 MRCHDU: Convergence failed at  97  side 1    Res =  0.6362E+02
 MRCHDU: Convergence failed at  98  side 1    Res =  0.9478E+02
 MRCHDU: Convergence failed at  99  side 1    Res =  0.1651E+03
 MRCHDU: Convergence failed at 100  side 1    Res =  0.7776E+03
 MRCHDU: Convergence failed at 101  side 1    Res =  0.3287E+03
 MRCHDU: Convergence failed at 102  side 1    Res =  0.1981E+03
 MRCHDU: Convergence failed at 103  side 1    Res =  0.1400E+03
 MRCHDU: Convergence failed at 104  side 1    Res =  0.8700E+02
 Side 1  free  transition at x/c =  0.0340   37
 Side 2 forced transition at x/c =  1.0000   58

  12   rms: 0.9223E+00   max: 0.1985E+01   D at   59  2   RLX: 0.430
       a = 20.250      CL =  2.2611
      Cm = -0.2961     CD =  0.04881   =>   CDf =  0.00724    CDp =  0.04157

 MRCHDU: Convergence failed at  73  side 2    Res =  0.1580E+01
 Side 1  free  transition at x/c =  0.0327   38
 Side 2 forced transition at x/c =  1.0000   57

  13   rms: 0.6327E+00   max: 0.2013E+01   D at   72  1   RLX: 0.418
       a = 20.250      CL =  1.9898
      Cm = -0.1195     CD =  0.08678   =>   CDf =  0.00542    CDp =  0.08136

 MRCHDU: Convergence failed at  73  side 1    Res =  0.1017E+01
 MRCHDU: Convergence failed at  74  side 1    Res =  0.1036E+01
 MRCHDU: Convergence failed at  75  side 1    Res =  0.1017E+01
 MRCHDU: Convergence failed at  76  side 1    Res =  0.1162E+01
 MRCHDU: Convergence failed at  77  side 1    Res =  0.1207E+01
 MRCHDU: Convergence failed at  78  side 1    Res =  0.1293E+01
 MRCHDU: Convergence failed at  79  side 1    Res =  0.1438E+01
 MRCHDU: Convergence failed at  80  side 1    Res =  0.1654E+01
 MRCHDU: Convergence failed at  81  side 1    Res =  0.1961E+01
 MRCHDU: Convergence failed at  82  side 1    Res =  0.2424E+01
 MRCHDU: Convergence failed at  83  side 1    Res =  0.8997E+01
 MRCHDU: Convergence failed at  84  side 1    Res =  0.7880E+01
 MRCHDU: Convergence failed at  85  side 1    Res =  0.4720E+01
 MRCHDU: Convergence failed at  86  side 1    Res =  0.2659E+01
 MRCHDU: Convergence failed at  87  side 1    Res =  0.2294E+01
 MRCHDU: Convergence failed at  88  side 1    Res =  0.2055E+01
 MRCHDU: Convergence failed at  89  side 1    Res =  0.1629E+01
 MRCHDU: Convergence failed at  90  side 1    Res =  0.1797E+01
 MRCHDU: Convergence failed at  91  side 1    Res =  0.2054E+01
 MRCHDU: Convergence failed at  92  side 1    Res =  0.2341E+01
 MRCHDU: Convergence failed at  93  side 1    Res =  0.2704E+01
 MRCHDU: Convergence failed at  94  side 1    Res =  0.3170E+01
 MRCHDU: Convergence failed at  95  side 1    Res =  0.3833E+01
 MRCHDU: Convergence failed at  96  side 1    Res =  0.4658E+01
 MRCHDU: Convergence failed at  97  side 1    Res =  0.5798E+01
 MRCHDU: Convergence failed at  98  side 1    Res =  0.7412E+01
 MRCHDU: Convergence failed at  99  side 1    Res =  0.9839E+01
 MRCHDU: Convergence failed at 100  side 1    Res =  0.1410E+02
 MRCHDU: Convergence failed at 101  side 1    Res =  0.2079E+02
 MRCHDU: Convergence failed at 102  side 1    Res =  0.2759E+02
 MRCHDU: Convergence failed at 103  side 1    Res =  0.4240E+02
 MRCHDU: Convergence failed at 104  side 1    Res =  0.1834E+03
 MRCHDU: Convergence failed at 105  side 1    Res =  0.2211E+03
 Side 1  free  transition at x/c =  0.0353   39
 Side 2 forced transition at x/c =  1.0000   57

  14   rms: 0.6721E+00   max: 0.2381E+01   D at   58  2   RLX: 0.592
       a = 20.250      CL =  2.1468
      Cm = -0.1651     CD =  0.08505   =>   CDf =  0.00403    CDp =  0.08101

 MRCHDU: Convergence failed at  86  side 1    Res =  0.2001E+01
 MRCHDU: Convergence failed at  87  side 1    Res =  0.2785E+01
 MRCHDU: Convergence failed at  88  side 1    Res =  0.3920E+01
 MRCHDU: Convergence failed at  89  side 1    Res =  0.5587E+01
 MRCHDU: Convergence failed at  90  side 1    Res =  0.8259E+01
 MRCHDU: Convergence failed at  91  side 1    Res =  0.1326E+02
 MRCHDU: Convergence failed at  92  side 1    Res =  0.4425E+02
 MRCHDU: Convergence failed at  93  side 1    Res =  0.8454E+03
 MRCHDU: Convergence failed at  94  side 1    Res =  0.5238E+02
 MRCHDU: Convergence failed at  95  side 1    Res =  0.3069E+02
 MRCHDU: Convergence failed at  96  side 1    Res =  0.2484E+02
 MRCHDU: Convergence failed at  97  side 1    Res =  0.2421E+02
 MRCHDU: Convergence failed at  98  side 1    Res =  0.2189E+02
 MRCHDU: Convergence failed at  99  side 1    Res =  0.2007E+02
 MRCHDU: Convergence failed at 100  side 1    Res =  0.1875E+02
 MRCHDU: Convergence failed at 101  side 1    Res =  0.1816E+02
 MRCHDU: Convergence failed at 102  side 1    Res =  0.1786E+02
 MRCHDU: Convergence failed at 103  side 1    Res =  0.1821E+02
 MRCHDU: Convergence failed at 104  side 1    Res =  0.1812E+02
 MRCHDU: Convergence failed at 105  side 1    Res =  0.1838E+02
 MRCHDU: Convergence failed at 106  side 1    Res =  0.2043E+02
 Side 1  free  transition at x/c =  0.0345   39
 Side 2 forced transition at x/c =  1.0000   56
 idif Ue xi dudx           1  0.12861998      1.75769329E-02   7.3175440    
 Uenew xinew           2  4.67249081E-02  6.38532639E-03

  15   rms: 0.7974E+00   max: 0.2605E+01   D at   57  2   RLX: 0.503
       a = 20.250      CL =  1.8974
      Cm = -0.1865     CD =  0.08921   =>   CDf =  0.00318    CDp =  0.08603

 Side 1  free  transition at x/c =  0.0344   38
 Side 2 forced transition at x/c =  1.0000   57
 idif Ue xi dudx           2  0.18019980      2.23461390E-02   8.0640240    
 Uenew xinew           3  9.96548086E-02  1.23579502E-02

  16   rms: 0.1239E+01   max: 0.3228E+01   D at   71  2   RLX: 0.373
       a = 20.250      CL =  1.4781
      Cm = -0.1676     CD =  0.12713   =>   CDf =  0.00354    CDp =  0.12359

 Side 1  free  transition at x/c =  0.0372   37
 Side 2 forced transition at x/c =  1.0000   59

  17   rms: 0.4470E+00   max: -.1456E+01   C at   59  2   RLX: 0.343
       a = 20.250      CL =  1.3253
      Cm = -0.0660     CD =  0.09485   =>   CDf =  0.00561    CDp =  0.08923

 Side 1  free  transition at x/c =  0.0356   37
 Side 2 forced transition at x/c =  1.0000   59

  18   rms: 0.3121E+00   max: 0.1000E+01   D at   67  1   RLX: 0.575
       a = 20.250      CL =  1.3478
      Cm = -0.0261     CD =  0.10814   =>   CDf =  0.00471    CDp =  0.10343

 MRCHDU: Convergence failed at  69  side 1    Res =  0.7187E+03
 MRCHDU: Convergence failed at  70  side 1    Res =  0.1782E+01
 MRCHDU: Convergence failed at  71  side 1    Res =  0.1180E+01
 MRCHDU: Convergence failed at  72  side 1    Res =  0.9163E+00
 MRCHDU: Convergence failed at  73  side 1    Res =  0.8210E+00
 MRCHDU: Convergence failed at  74  side 1    Res =  0.8503E+01
 MRCHDU: Convergence failed at  76  side 1    Res =  0.2853E+01
 MRCHDU: Convergence failed at  77  side 1    Res =  0.2958E+02
 MRCHDU: Convergence failed at  78  side 1    Res =  0.1231E+01
 MRCHDU: Convergence failed at  79  side 1    Res =  0.7796E+00
 MRCHDU: Convergence failed at  80  side 1    Res =  0.3982E+00
 Side 1  free  transition at x/c =  0.0343   37
 Side 2 forced transition at x/c =  1.0000   58

  19   rms: 0.2920E+00   max: 0.1757E+01   D at   74  1   RLX: 0.854
       a = 20.250      CL =  1.3148
      Cm = -0.0284     CD =  0.13048   =>   CDf =  0.00457    CDp =  0.12592

 MRCHDU: Convergence failed at  70  side 1    Res =  0.1509E+01
 MRCHDU: Convergence failed at  71  side 1    Res =  0.2969E+01
 MRCHDU: Convergence failed at  72  side 1    Res =  0.5005E+01
 MRCHDU: Convergence failed at  73  side 1    Res =  0.7119E+01
 MRCHDU: Convergence failed at  74  side 1    Res =  0.8376E+01
 Side 1  free  transition at x/c =  0.0345   37
 Side 2 forced transition at x/c =  1.0000   58
 idif Ue xi dudx           1  0.10974390      1.20970011E-02   9.0719919    
 Uenew xinew           2  2.90676355E-02  3.20410728E-03

  20   rms: 0.2147E+00   max: 0.1108E+01   D at   75  1
       a = 20.250      CL =  1.1697
      Cm = -0.0232     CD =  0.14586   =>   CDf =  0.00431    CDp =  0.14155

 Side 1  free  transition at x/c =  0.0361   37
 Side 2 forced transition at x/c =  1.0000   59
 idif Ue xi dudx           1  8.04989785E-02  8.13233852E-03   9.8986263    
 Uenew xinew           2  1.86087296E-03  1.87993050E-04

  21   rms: 0.3068E+00   max: 0.1249E+01   D at   65  1
       a = 20.250      CL =  1.0799
      Cm = -0.0392     CD =  0.17843   =>   CDf =  0.00513    CDp =  0.17330

 MRCHDU: Convergence failed at  57  side 1    Res =  0.1735E+01
 MRCHDU: Convergence failed at  58  side 1    Res =  0.3197E+01
 MRCHDU: Convergence failed at  59  side 1    Res =  0.4767E+02
 MRCHDU: Convergence failed at  60  side 1    Res =  0.3012E+01
 MRCHDU: Convergence failed at  61  side 1    Res =  0.1910E+01
 MRCHDU: Convergence failed at  62  side 1    Res =  0.1393E+01
 MRCHDU: Convergence failed at  63  side 1    Res =  0.1696E+01
 MRCHDU: Convergence failed at  64  side 1    Res =  0.2483E+01
 MRCHDU: Convergence failed at  65  side 1    Res =  0.1578E+02
 Side 1  free  transition at x/c =  0.0376   36
 Side 2 forced transition at x/c =  1.0000   60

  22   rms: 0.6512E+00   max: -.3600E+01   T at    2  2   RLX: 0.139
       a = 20.250      CL =  1.1766
      Cm = -0.0796     CD =  0.15164   =>   CDf =  0.00383    CDp =  0.14780

 Side 1  free  transition at x/c =  0.0380   36
 Side 2 forced transition at x/c =  1.0000   60

  23   rms: 0.3006E+00   max: -.1169E+01   D at   53  1   RLX: 0.428
       a = 20.250      CL =  1.1534
      Cm = -0.0439     CD =  0.13378   =>   CDf =  0.00319    CDp =  0.13059

 Side 1  free  transition at x/c =  0.0370   37
 Side 2 forced transition at x/c =  1.0000   59

  24   rms: 0.1196E+01   max: -.4220E+01   D at   56  1   RLX: 0.118
       a = 20.250      CL =  1.2507
      Cm = -0.0393     CD =  0.12281   =>   CDf =  0.00385    CDp =  0.11896

 Side 1  free  transition at x/c =  0.0358   37
 Side 2 forced transition at x/c =  1.0000   59
 idif Ue xi dudx           1  0.10601264      1.04147196E-02   10.179116    
 Uenew xinew           2  2.51462255E-02  2.47037411E-03

  25   rms: 0.9265E+00   max: 0.3650E+01   D at   66  1   RLX: 0.301
       a = 20.250      CL =  1.1043
      Cm = -0.0669     CD =  0.18339   =>   CDf =  0.00461    CDp =  0.17878

 MRCHDU: Convergence failed at  47  side 1    Res =  0.8342E+00
 MRCHDU: Convergence failed at  48  side 1    Res =  0.1202E+01
 MRCHDU: Convergence failed at  49  side 1    Res =  0.1973E+01
 MRCHDU: Convergence failed at  50  side 1    Res =  0.2641E+01
 MRCHDU: Convergence failed at  51  side 1    Res =  0.3182E+01
 MRCHDU: Convergence failed at  52  side 1    Res =  0.3672E+01
 MRCHDU: Convergence failed at  53  side 1    Res =  0.4716E+01
 MRCHDU: Convergence failed at  54  side 1    Res =  0.8189E+01
 MRCHDU: Convergence failed at  55  side 1    Res =  0.1224E+03
 MRCHDU: Convergence failed at  56  side 1    Res =  0.7896E+01
 MRCHDU: Convergence failed at  57  side 1    Res =  0.4645E+01
 MRCHDU: Convergence failed at  58  side 1    Res =  0.3409E+01
 MRCHDU: Convergence failed at  59  side 1    Res =  0.2706E+01
 MRCHDU: Convergence failed at  60  side 1    Res =  0.2605E+01
 MRCHDU: Convergence failed at  61  side 1    Res =  0.3015E+01
 MRCHDU: Convergence failed at  62  side 1    Res =  0.3525E+01
 MRCHDU: Convergence failed at  63  side 1    Res =  0.4507E+01
 MRCHDU: Convergence failed at  64  side 1    Res =  0.6511E+01
 MRCHDU: Convergence failed at  65  side 1    Res =  0.1884E+02
 MRCHDU: Convergence failed at  66  side 1    Res =  0.2171E+01
 MRCHDU: Convergence failed at  68  side 1    Res =  0.2231E+02
 MRCHDU: Convergence failed at  69  side 1    Res =  0.5164E+02
 MRCHDU: Convergence failed at  70  side 1    Res =  0.9830E+01
 MRCHDU: Convergence failed at  71  side 1    Res =  0.5866E+01
 MRCHDU: Convergence failed at  72  side 1    Res =  0.3694E+01
 MRCHDU: Convergence failed at  73  side 1    Res =  0.2943E+01
 MRCHDU: Convergence failed at  74  side 1    Res =  0.3229E+01
 MRCHDU: Convergence failed at  75  side 1    Res =  0.3852E+01
 MRCHDU: Convergence failed at  76  side 1    Res =  0.4761E+01
 MRCHDU: Convergence failed at  77  side 1    Res =  0.6683E+01
 MRCHDU: Convergence failed at  78  side 1    Res =  0.9167E+01
 MRCHDU: Convergence failed at  79  side 1    Res =  0.1483E+02
 MRCHDU: Convergence failed at  80  side 1    Res =  0.7542E+02
 MRCHDU: Convergence failed at  81  side 1    Res =  0.2068E+02
 MRCHDU: Convergence failed at  82  side 1    Res =  0.1336E+02
 MRCHDU: Convergence failed at  83  side 1    Res =  0.1030E+02
 MRCHDU: Convergence failed at  84  side 1    Res =  0.7833E+01
 MRCHDU: Convergence failed at  85  side 1    Res =  0.7006E+01
 MRCHDU: Convergence failed at  86  side 1    Res =  0.6467E+01
 MRCHDU: Convergence failed at  87  side 1    Res =  0.6163E+01
 MRCHDU: Convergence failed at  88  side 1    Res =  0.5911E+01
 MRCHDU: Convergence failed at  89  side 1    Res =  0.5785E+01
 MRCHDU: Convergence failed at  90  side 1    Res =  0.5307E+01
 MRCHDU: Convergence failed at  91  side 1    Res =  0.5289E+01
 MRCHDU: Convergence failed at  92  side 1    Res =  0.5292E+01
 MRCHDU: Convergence failed at  93  side 1    Res =  0.5327E+01
 MRCHDU: Convergence failed at  94  side 1    Res =  0.5389E+01
 MRCHDU: Convergence failed at  95  side 1    Res =  0.5458E+01
 MRCHDU: Convergence failed at  96  side 1    Res =  0.5560E+01
 MRCHDU: Convergence failed at  97  side 1    Res =  0.5679E+01
 MRCHDU: Convergence failed at  98  side 1    Res =  0.5801E+01
 MRCHDU: Convergence failed at  99  side 1    Res =  0.5919E+01
 MRCHDU: Convergence failed at 100  side 1    Res =  0.6042E+01
 MRCHDU: Convergence failed at 101  side 1    Res =  0.6152E+01
 MRCHDU: Convergence failed at 102  side 1    Res =  0.6074E+01
 Side 1  free  transition at x/c =  0.0385   36
 Side 2 forced transition at x/c =  1.0000   60

  26   rms: 0.8154E+00   max: 0.2870E+01   D at   66  1   RLX: 0.523
       a = 20.250      CL =  1.3825
      Cm = -0.1551     CD =  0.12805   =>   CDf =  0.00366    CDp =  0.12440

 Side 1  free  transition at x/c =  0.0423   37
 Side 2 forced transition at x/c =  1.0000   60
 idif Ue xi dudx           1  0.11241060      1.01853609E-02   11.036487    
 Uenew xinew           2  3.38332988E-02  3.06558609E-03

  27   rms: 0.3205E+00   max: 0.1327E+01   D at   66  1   RLX: 0.949
       a = 20.250      CL =  0.9258
      Cm = -0.0726     CD =  0.23206   =>   CDf =  0.00357    CDp =  0.22850

 MRCHDU: Convergence failed at  36  side 1    Res =  0.2309E+02
 MRCHDU: Convergence failed at  37  side 1    Res =  0.6246E+02
 MRCHDU: Convergence failed at  38  side 1    Res =  0.1693E+02
 MRCHDU: Convergence failed at  39  side 1    Res =  0.8763E+02
 MRCHDU: Convergence failed at  40  side 1    Res =  0.1314E+03
 MRCHDU: Convergence failed at  41  side 1    Res =  0.2083E+03
 MRCHDU: Convergence failed at  42  side 1    Res =  0.1145E+03
 MRCHDU: Convergence failed at  43  side 1    Res =  0.2723E+02
 MRCHDU: Convergence failed at  44  side 1    Res =  0.1174E+04
 MRCHDU: Convergence failed at  45  side 1    Res =  0.5874E+02
 MRCHDU: Convergence failed at  46  side 1    Res =  0.6104E+02
 MRCHDU: Convergence failed at  47  side 1    Res =  0.1075E+03
 MRCHDU: Convergence failed at  48  side 1    Res =  0.4186E+03
 MRCHDU: Convergence failed at  49  side 1    Res =  0.3266E+03
 MRCHDU: Convergence failed at  50  side 1    Res =  0.1175E+03
 MRCHDU: Convergence failed at  51  side 1    Res =  0.8566E+02
 MRCHDU: Convergence failed at  52  side 1    Res =  0.5698E+02
 MRCHDU: Convergence failed at  53  side 1    Res =  0.7142E+02
 MRCHDU: Convergence failed at  54  side 1    Res =  0.6177E+02
 MRCHDU: Convergence failed at  55  side 1    Res =  0.8721E+02
 MRCHDU: Convergence failed at  56  side 1    Res =  0.1875E+03
 MRCHDU: Convergence failed at  57  side 1    Res =  0.9539E+02
 MRCHDU: Convergence failed at  58  side 1    Res =  0.1335E+03
 MRCHDU: Convergence failed at  59  side 1    Res =  0.1184E+03
 MRCHDU: Convergence failed at  60  side 1    Res =  0.1001E+03
 MRCHDU: Convergence failed at  61  side 1    Res =  0.3186E+02
 MRCHDU: Convergence failed at  62  side 1    Res =  0.2983E+02
 MRCHDU: Convergence failed at  63  side 1    Res =  0.2561E+02
 MRCHDU: Convergence failed at  64  side 1    Res =  0.3243E+02
 MRCHDU: Convergence failed at  65  side 1    Res =  0.4198E+02
 MRCHDU: Convergence failed at  66  side 1    Res =  0.2522E+02
 MRCHDU: Convergence failed at  67  side 1    Res =  0.2279E+02
 MRCHDU: Convergence failed at  68  side 1    Res =  0.2549E+02
 MRCHDU: Convergence failed at  69  side 1    Res =  0.2743E+02
 MRCHDU: Convergence failed at  70  side 1    Res =  0.3397E+02
 MRCHDU: Convergence failed at  71  side 1    Res =  0.3856E+02
 MRCHDU: Convergence failed at  72  side 1    Res =  0.4937E+02
 MRCHDU: Convergence failed at  73  side 1    Res =  0.7362E+02
 MRCHDU: Convergence failed at  74  side 1    Res =  0.8130E+02
 MRCHDU: Convergence failed at  75  side 1    Res =  0.1218E+03
 MRCHDU: Convergence failed at  76  side 1    Res =  0.3117E+03
 MRCHDU: Convergence failed at  77  side 1    Res =  0.6327E+02
 MRCHDU: Convergence failed at  78  side 1    Res =  0.4348E+03
 MRCHDU: Convergence failed at  79  side 1    Res =  0.1562E+03
 MRCHDU: Convergence failed at  80  side 1    Res =  0.1009E+03
 MRCHDU: Convergence failed at  81  side 1    Res =  0.1025E+03
 MRCHDU: Convergence failed at  82  side 1    Res =  0.8103E+02
 MRCHDU: Convergence failed at  83  side 1    Res =  0.7464E+02
 MRCHDU: Convergence failed at  84  side 1    Res =  0.6492E+02
 MRCHDU: Convergence failed at  85  side 1    Res =  0.5876E+02
 MRCHDU: Convergence failed at  86  side 1    Res =  0.5421E+02
 MRCHDU: Convergence failed at  87  side 1    Res =  0.5124E+02
 MRCHDU: Convergence failed at  88  side 1    Res =  0.4909E+02
 MRCHDU: Convergence failed at  89  side 1    Res =  0.4758E+02
 MRCHDU: Convergence failed at  90  side 1    Res =  0.4648E+02
 MRCHDU: Convergence failed at  91  side 1    Res =  0.4623E+02
 MRCHDU: Convergence failed at  92  side 1    Res =  0.4574E+02
 MRCHDU: Convergence failed at  93  side 1    Res =  0.4563E+02
 MRCHDU: Convergence failed at  94  side 1    Res =  0.4563E+02
 MRCHDU: Convergence failed at  95  side 1    Res =  0.4596E+02
 MRCHDU: Convergence failed at  96  side 1    Res =  0.4587E+02
 MRCHDU: Convergence failed at  97  side 1    Res =  0.4545E+02
 MRCHDU: Convergence failed at  98  side 1    Res =  0.4437E+02
 MRCHDU: Convergence failed at  99  side 1    Res =  0.4249E+02
 MRCHDU: Convergence failed at 100  side 1    Res =  0.3657E+02
 MRCHDU: Convergence failed at 101  side 1    Res =  0.8373E+02
 MRCHDU: Convergence failed at  76  side 2    Res =  0.1665E+01
 MRCHDU: Convergence failed at  77  side 2    Res =  0.1499E+01
 MRCHDU: Convergence failed at  78  side 2    Res =  0.1787E+02
 MRCHDU: Convergence failed at  79  side 2    Res =  0.2060E+01
 MRCHDU: Convergence failed at  80  side 2    Res =  0.2272E+01
 Side 1  free  transition at x/c =  0.0426   36
 Side 2 forced transition at x/c =  1.0000   61

  28   rms: 0.3708E+01   max: 0.1219E+02   D at  101  1   RLX: 0.123
       a = 20.250      CL =  2.8217
      Cm = -0.6573     CD =  0.02548   =>   CDf =  0.00281    CDp =  0.02267

 MRCHDU: Convergence failed at  74  side 2    Res =  0.3665E+01
 Side 1  free  transition at x/c =  0.0424   36
 Side 2 forced transition at x/c =  1.0000   61
 idif Ue xi dudx           1  8.32294971E-02  6.97207451E-03   11.937551    
 Uenew xinew           2  7.12529663E-03  5.96880913E-04

  29   rms: 0.7525E+00   max: 0.3135E+01   C at   61  2   RLX: 0.242
       a = 20.250      CL =  1.7775
      Cm = -0.3387     CD =  0.17948   =>   CDf =  0.00381    CDp =  0.17566

 Side 1  free  transition at x/c =  0.0492   36
 Side 2 forced transition at x/c =  1.0000   62

  30   rms: 0.6163E+00   max: 0.6922E+01   T at   36  1   RLX: 0.217
       a = 20.250      CL =  1.5109
      Cm = -0.2569     CD =  0.19080   =>   CDf =  0.00376    CDp =  0.18704

 Side 1  free  transition at x/c =  0.0454   35
 Side 2 forced transition at x/c =  1.0000   62

  31   rms: 0.4503E+00   max: -.1792E+01   T at   35  1   RLX: 0.279
       a = 20.250      CL =  1.3450
      Cm = -0.2106     CD =  0.19629   =>   CDf =  0.00385    CDp =  0.19244

 Side 1  free  transition at x/c =  0.0480   36
 Side 2 forced transition at x/c =  1.0000   62

  32   rms: 0.3315E+00   max: 0.1364E+01   T at   36  1   RLX: 0.425
       a = 20.250      CL =  1.0829
      Cm = -0.1283     CD =  0.16619   =>   CDf =  0.00389    CDp =  0.16231

 Side 1  free  transition at x/c =  0.0464   35
 Side 2 forced transition at x/c =  1.0000   62

  33   rms: 0.2671E+00   max: -.2636E+01   T at   35  1   RLX: 0.190
       a = 20.250      CL =  1.0389
      Cm = -0.1091     CD =  0.23454   =>   CDf =  0.00387    CDp =  0.23067

 Side 1  free  transition at x/c =  0.0470   35
 Side 2 forced transition at x/c =  1.0000   62

  34   rms: 0.1940E+00   max: 0.6450E+00   D at   36  1
       a = 20.250      CL =  0.8690
      Cm = -0.0679     CD =  0.14478   =>   CDf =  0.00384    CDp =  0.14094

 Side 1  free  transition at x/c =  0.0480   36
 Side 2 forced transition at x/c =  1.0000   62

  35   rms: 0.2832E+00   max: 0.1457E+01   D at   36  1   RLX: 0.361
       a = 20.250      CL =  0.8001
      Cm = -0.0466     CD =  0.23899   =>   CDf =  0.00366    CDp =  0.23533

 Side 1  free  transition at x/c =  0.0528   36
 Side 2 forced transition at x/c =  1.0000   62

  36   rms: 0.1248E+00   max: -.1934E+01   T at   36  1   RLX: 0.258
       a = 20.250      CL =  0.8772
      Cm = -0.0676     CD =  0.22347   =>   CDf =  0.00362    CDp =  0.21985

 Side 1  free  transition at x/c =  0.0554   37
 Side 2 forced transition at x/c =  1.0000   62
 idif Ue xi dudx           1  0.10421134      7.96461105E-03   13.084297    
 Uenew xinew           2  2.95872726E-02  2.26128101E-03

  37   rms: 0.3155E+00   max: 0.8091E+00   D at   38  1   RLX: 0.613
       a = 20.250      CL =  0.8524
      Cm = -0.0863     CD =  0.26537   =>   CDf =  0.00378    CDp =  0.26158

 Side 1  free  transition at x/c =  0.0541   35
 Side 2 forced transition at x/c =  1.0000   63

  38   rms: 0.4905E+00   max: 0.3195E+01   T at   36  1   RLX: 0.469
       a = 20.250      CL =  0.8867
      Cm = -0.0843     CD =  0.23225   =>   CDf =  0.00347    CDp =  0.22878

 Side 1  free  transition at x/c =  0.0530   36
 Side 2 forced transition at x/c =  1.0000   62
 idif Ue xi dudx           2  0.14387502      1.09764338E-02   13.107629    
 Uenew xinew           3  6.91178888E-02  5.27310371E-03

  39   rms: 0.4712E+00   max: 0.1481E+01   D at   38  1
       a = 20.250      CL =  0.8098
      Cm = -0.0970     CD =  0.34162   =>   CDf =  0.00391    CDp =  0.33771

 Side 1  free  transition at x/c =  0.0536   34
 Side 2 forced transition at x/c =  1.0000   64

  40   rms: 0.3885E+00   max: 0.4616E+01   T at    2  2   RLX: 0.219
       a = 20.250      CL =  0.5726
      Cm = -0.0159     CD =  0.22760   =>   CDf =  0.00353    CDp =  0.22407

 Side 1  free  transition at x/c =  0.0539   35
 Side 2 forced transition at x/c =  1.0000   63

  41   rms: 0.2345E+00   max: 0.2820E+00   D at   84  2
       a = 20.250      CL =  0.8723
      Cm = -0.0719     CD =  0.23715   =>   CDf =  0.00349    CDp =  0.23367

 Side 1  free  transition at x/c =  0.0555   37
 Side 2 forced transition at x/c =  1.0000   62
 idif Ue xi dudx           1  8.37805644E-02  6.46603107E-03   12.957031    
 Uenew xinew           2  9.88234114E-03  7.62701035E-04

  42   rms: 0.3052E+00   max: 0.1595E+01   D at   37  1   RLX: 0.940
       a = 20.250      CL =  0.8563
      Cm = -0.0807     CD =  0.28325   =>   CDf =  0.00374    CDp =  0.27951

 Side 1  free  transition at x/c =  0.0576   36
 Side 2 forced transition at x/c =  1.0000   63

  43   rms: 0.1102E+00   max: 0.4458E+00   D at   84  2
       a = 20.250      CL =  0.8387
      Cm = -0.0832     CD =  0.26418   =>   CDf =  0.00359    CDp =  0.26059

 Side 1  free  transition at x/c =  0.0589   36
 Side 2 forced transition at x/c =  1.0000   63

  44   rms: 0.1970E-01   max: -.1206E+00   T at   36  1
       a = 20.250      CL =  0.8388
      Cm = -0.0817     CD =  0.23550   =>   CDf =  0.00362    CDp =  0.23188

 Side 1  free  transition at x/c =  0.0597   36
 Side 2 forced transition at x/c =  1.0000   63

  45   rms: 0.4743E-02   max: -.1838E-01   D at   82  2
       a = 20.250      CL =  0.8411
      Cm = -0.0816     CD =  0.23314   =>   CDf =  0.00366    CDp =  0.22948

 Side 1  free  transition at x/c =  0.0597   36
 Side 2 forced transition at x/c =  1.0000   63

  46   rms: 0.9530E-03   max: -.6149E-02   D at   84  2
       a = 20.250      CL =  0.8415
      Cm = -0.0816     CD =  0.23423   =>   CDf =  0.00366    CDp =  0.23057

 Side 1  free  transition at x/c =  0.0596   36
 Side 2 forced transition at x/c =  1.0000   63

  47   rms: 0.7207E-04   max: -.6238E-03   D at   84  2
       a = 20.250      CL =  0.8415
      Cm = -0.0817     CD =  0.23438   =>   CDf =  0.00365    CDp =  0.23073
 plradd ia,ip,cpol           13           0  9.48358444E-04

 Point added to stored polar  1
 Point written to save file  naca633218_Re200k.ext.pol                       
 Dump file unspecified or not available
 Calculating wake trajectory ...
 Calculating source influence matrix ...

 Solving BL system ...

 Side 1  free  transition at x/c =  0.0596   36
 Side 2 forced transition at x/c =  1.0000   63

   1   rms: 0.5554E-01   max: 0.1032E+01   T at   36  1   RLX: 0.270
       a = 20.750      CL =  0.8430
      Cm = -0.0834     CD =  0.23853   =>   CDf =  0.00365    CDp =  0.23488

 Side 1  free  transition at x/c =  0.0579   36
 Side 2 forced transition at x/c =  1.0000   63

   2   rms: 0.2915E-01   max: 0.4619E+00   T at   36  1
       a = 20.750      CL =  0.8576
      Cm = -0.0859     CD =  0.24219   =>   CDf =  0.00344    CDp =  0.23875

 Side 1  free  transition at x/c =  0.0550   37
 Side 2 forced transition at x/c =  1.0000   62
 idif Ue xi dudx           1  7.44542629E-02  5.79333305E-03   12.851714    
 Uenew xinew           2  1.15669298E-03  9.00030136E-05

   3   rms: 0.1549E+00   max: -.2550E+01   D at    2  1   RLX: 0.196
       a = 20.750      CL =  0.8828
      Cm = -0.0959     CD =  0.24313   =>   CDf =  0.00383    CDp =  0.23930

 Side 1  free  transition at x/c =  0.0551   36
 Side 2 forced transition at x/c =  1.0000   63

   4   rms: 0.4797E-01   max: -.2455E+00   D at   36  1
       a = 20.750      CL =  0.8498
      Cm = -0.0855     CD =  0.22821   =>   CDf =  0.00366    CDp =  0.22455

 Side 1  free  transition at x/c =  0.0557   36
 Side 2 forced transition at x/c =  1.0000   63

   5   rms: 0.2351E-01   max: -.8855E-01   D at   36  1
       a = 20.750      CL =  0.8576
      Cm = -0.0849     CD =  0.23272   =>   CDf =  0.00345    CDp =  0.22927

 Side 1  free  transition at x/c =  0.0559   37
 Side 2 forced transition at x/c =  1.0000   62

   6   rms: 0.8260E-02   max: 0.6827E-01   D at    2  1
       a = 20.750      CL =  0.8609
      Cm = -0.0849     CD =  0.23846   =>   CDf =  0.00365    CDp =  0.23481

 Side 1  free  transition at x/c =  0.0558   37
 Side 2 forced transition at x/c =  1.0000   62

   7   rms: 0.7728E-03   max: -.5531E-02   D at   80  2
       a = 20.750      CL =  0.8612
      Cm = -0.0849     CD =  0.23964   =>   CDf =  0.00364    CDp =  0.23600

 Side 1  free  transition at x/c =  0.0558   37
 Side 2 forced transition at x/c =  1.0000   62

   8   rms: 0.4282E-04   max: -.3835E-03   D at   83  2
       a = 20.750      CL =  0.8612
      Cm = -0.0849     CD =  0.23972   =>   CDf =  0.00364    CDp =  0.23608
 plradd ia,ip,cpol           14           0  3.77597258E-04

 Point added to stored polar  1
 Point written to save file  naca633218_Re200k.ext.pol                       
 Dump file unspecified or not available
 Calculating wake trajectory ...
 Calculating source influence matrix ...

 Solving BL system ...

 Side 1  free  transition at x/c =  0.0558   37
 Side 2 forced transition at x/c =  1.0000   62

   1   rms: 0.7088E-01   max: 0.6111E+00   T at   37  1   RLX: 0.266
       a = 21.250      CL =  0.8667
      Cm = -0.0852     CD =  0.24111   =>   CDf =  0.00363    CDp =  0.23748

 Side 1  free  transition at x/c =  0.0552   37
 Side 2 forced transition at x/c =  1.0000   62

   2   rms: 0.6367E-01   max: 0.4262E+00   T at   37  1
       a = 21.250      CL =  0.8921
      Cm = -0.0851     CD =  0.24231   =>   CDf =  0.00363    CDp =  0.23869

 Side 1  free  transition at x/c =  0.0545   37
 Side 2 forced transition at x/c =  1.0000   62

   3   rms: 0.2662E-01   max: -.8727E-01   D at   37  1
       a = 21.250      CL =  0.8921
      Cm = -0.0844     CD =  0.23663   =>   CDf =  0.00360    CDp =  0.23303

 Side 1  free  transition at x/c =  0.0545   37
 Side 2 forced transition at x/c =  1.0000   62

   4   rms: 0.1044E-01   max: -.4044E-01   D at   83  2
       a = 21.250      CL =  0.8973
      Cm = -0.0841     CD =  0.24334   =>   CDf =  0.00360    CDp =  0.23974

 Side 1  free  transition at x/c =  0.0544   37
 Side 2 forced transition at x/c =  1.0000   62

   5   rms: 0.1242E-02   max: -.6830E-02   D at   83  2
       a = 21.250      CL =  0.8975
      Cm = -0.0841     CD =  0.24485   =>   CDf =  0.00358    CDp =  0.24127

 Side 1  free  transition at x/c =  0.0544   37
 Side 2 forced transition at x/c =  1.0000   62

   6   rms: 0.3458E-04   max: -.1343E-03   D at   83  2
       a = 21.250      CL =  0.8975
      Cm = -0.0841     CD =  0.24488   =>   CDf =  0.00358    CDp =  0.24130
 plradd ia,ip,cpol           15           0  3.77597258E-04

 Point added to stored polar  1
 Point written to save file  naca633218_Re200k.ext.pol                       
 Dump file unspecified or not available
 Calculating wake trajectory ...
 Calculating source influence matrix ...

 Solving BL system ...

 Side 1  free  transition at x/c =  0.0544   37
 Side 2 forced transition at x/c =  1.0000   62

   1   rms: 0.1578E+00   max: 0.9260E+00   T at   37  1   RLX: 0.266
       a = 21.750      CL =  0.9068
      Cm = -0.0832     CD =  0.24655   =>   CDf =  0.00358    CDp =  0.24297

 Side 1  free  transition at x/c =  0.0543   36
 Side 2 forced transition at x/c =  1.0000   62

   2   rms: 0.1514E+00   max: 0.6652E+00   D at   37  1
       a = 21.750      CL =  0.9124
      Cm = -0.0933     CD =  0.29046   =>   CDf =  0.00356    CDp =  0.28690

 Side 1  free  transition at x/c =  0.0499   36
 Side 2 forced transition at x/c =  1.0000   62

   3   rms: 0.1540E+00   max: 0.5131E+00   D at   39  1
       a = 21.750      CL =  0.8896
      Cm = -0.0987     CD =  0.30154   =>   CDf =  0.00357    CDp =  0.29797

 Side 1  free  transition at x/c =  0.0486   36
 Side 2 forced transition at x/c =  1.0000   62

   4   rms: 0.4684E-01   max: -.2960E+00   T at   36  1
       a = 21.750      CL =  0.8785
      Cm = -0.0960     CD =  0.26566   =>   CDf =  0.00362    CDp =  0.26204

 Side 1  free  transition at x/c =  0.0497   36
 Side 2 forced transition at x/c =  1.0000   62

   5   rms: 0.1443E-01   max: -.9467E-01   D at   36  1
       a = 21.750      CL =  0.8807
      Cm = -0.0956     CD =  0.25015   =>   CDf =  0.00365    CDp =  0.24650

 Side 1  free  transition at x/c =  0.0500   36
 Side 2 forced transition at x/c =  1.0000   62

   6   rms: 0.5287E-02   max: -.1997E-01   D at   79  2
       a = 21.750      CL =  0.8832
      Cm = -0.0956     CD =  0.25324   =>   CDf =  0.00367    CDp =  0.24957

 Side 1  free  transition at x/c =  0.0500   36
 Side 2 forced transition at x/c =  1.0000   62

   7   rms: 0.7410E-03   max: -.5896E-02   D at   83  2
       a = 21.750      CL =  0.8834
      Cm = -0.0956     CD =  0.25457   =>   CDf =  0.00366    CDp =  0.25091

 Side 1  free  transition at x/c =  0.0499   36
 Side 2 forced transition at x/c =  1.0000   62

   8   rms: 0.2977E-04   max: -.3089E-03   D at   83  2
       a = 21.750      CL =  0.8834
      Cm = -0.0956     CD =  0.25464   =>   CDf =  0.00366    CDp =  0.25098
 plradd ia,ip,cpol           16           0  3.77597258E-04

 Point added to stored polar  1
 Point written to save file  naca633218_Re200k.ext.pol                       
 Dump file unspecified or not available
 Calculating wake trajectory ...
 Calculating source influence matrix ...

 Solving BL system ...

 Side 1  free  transition at x/c =  0.0499   36
 Side 2 forced transition at x/c =  1.0000   62

   1   rms: 0.3852E-01   max: 0.5487E+00   T at   36  1   RLX: 0.253
       a = 22.250      CL =  0.8861
      Cm = -0.0967     CD =  0.25730   =>   CDf =  0.00366    CDp =  0.25364

 Side 1  free  transition at x/c =  0.0492   36
 Side 2 forced transition at x/c =  1.0000   62

   2   rms: 0.3163E-01   max: 0.3810E+00   T at   36  1
       a = 22.250      CL =  0.9028
      Cm = -0.0992     CD =  0.26275   =>   CDf =  0.00366    CDp =  0.25910

 Side 1  free  transition at x/c =  0.0475   36
 Side 2 forced transition at x/c =  1.0000   62

   3   rms: 0.4675E-01   max: -.2262E+00   D at   36  1
       a = 22.250      CL =  0.8943
      Cm = -0.0990     CD =  0.24716   =>   CDf =  0.00365    CDp =  0.24351

 Side 1  free  transition at x/c =  0.0479   36
 Side 2 forced transition at x/c =  1.0000   62

   4   rms: 0.2260E-01   max: -.8059E-01   D at   36  1
       a = 22.250      CL =  0.9007
      Cm = -0.0986     CD =  0.25097   =>   CDf =  0.00367    CDp =  0.24731

 Side 1  free  transition at x/c =  0.0480   36
 Side 2 forced transition at x/c =  1.0000   62

   5   rms: 0.7295E-02   max: -.3887E-01   D at   83  2
       a = 22.250      CL =  0.9038
      Cm = -0.0986     CD =  0.25798   =>   CDf =  0.00365    CDp =  0.25433

 Side 1  free  transition at x/c =  0.0479   36
 Side 2 forced transition at x/c =  1.0000   62

   6   rms: 0.9890E-03   max: -.8569E-02   D at   83  2
       a = 22.250      CL =  0.9040
      Cm = -0.0986     CD =  0.25958   =>   CDf =  0.00364    CDp =  0.25594

 Side 1  free  transition at x/c =  0.0479   36
 Side 2 forced transition at x/c =  1.0000   62

   7   rms: 0.6978E-04   max: -.6767E-03   D at   83  2
       a = 22.250      CL =  0.9041
      Cm = -0.0986     CD =  0.25970   =>   CDf =  0.00364    CDp =  0.25606
 plradd ia,ip,cpol           17           0  3.77597258E-04

 Point added to stored polar  1
 Point written to save file  naca633218_Re200k.ext.pol                       
 Dump file unspecified or not available

.OPERva   c>  
 Polar accumulation disabled

.OPERv   c>  
 XFOIL   c>  
 XFOIL   c>  