
 ===================================================
  XFOIL Version 6.99
  Copyright (C) 2000   Mark Drela, Harold Youngren

  This software comes with ABSOLUTELY NO WARRANTY,
    subject to the GNU General Public License.

  Caveat computor
 ===================================================

 File  xfoil.def  not found

   QUIT    Exit program

  .OPER    Direct operating point(s)
  .MDES    Complex mapping design routine
  .QDES    Surface speed design routine
  .GDES    Geometry design routine

   SAVE f  Write airfoil to labeled coordinate file
   PSAV f  Write airfoil to plain coordinate file
   ISAV f  Write airfoil to ISES coordinate file
   MSAV f  Write airfoil to MSES coordinate file
   REVE    Reverse written-airfoil node ordering

   LOAD f  Read buffer airfoil from coordinate file
   NACA i  Set NACA 4,5-digit airfoil and buffer airfoil
   INTE    Set buffer airfoil by interpolating two airfoils
   NORM    Buffer airfoil normalization toggle
   XYCM rr Change CM reference location, currently  0.25000 0.00000

   BEND    Display structural properties of current airfoil

   PCOP    Set current-airfoil panel nodes directly from buffer airfoil points
   PANE    Set current-airfoil panel nodes ( 160 ) based on curvature
  .PPAR    Show/change paneling

  .PLOP    Plotting options

   WDEF f  Write  current-settings file
   RDEF f  Reread current-settings file
   NAME s  Specify new airfoil name
   NINC    Increment name version number

   Z       Zoom    | (available in all menus)
   U       Unzoom  | 

 XFOIL   c>  
 Labeled airfoil file.  Name:  NACA 66(4)-221                                  

 Number of input coordinate points:  51
 Counterclockwise ordering
 Max thickness =     0.210008  at x =   0.451
 Max camber    =     0.009815  at x =   0.550

  LE  x,y  =  -0.00012   0.00253  |   Chord =   1.00012
  TE  x,y  =   1.00000   0.00000  |

 Current airfoil nodes set from buffer airfoil nodes (  51 )

 XFOIL   c>  
 XFOIL   c>  
 Sharp trailing edge

 Paneling parameters used...
   Number of panel nodes       160
   Panel bunching parameter    1.000
   TE/LE panel density ratio   0.150
   Refined-area/LE panel density ratio    0.200
   Top    side refined area x/c limits  1.000 1.000
   Bottom side refined area x/c limits  1.000 1.000

 XFOIL   c>  
.OPERi   c>  
 Xtr/c     =  1.0000    top    side
 Xtr/c     =  1.0000    bottom side
 Ncrit     =    9.00   ( 0.070 % turb. level )
 Vacc      =  0.0100

 Klag  =  5.6000     Uxwt  =    1.00
 A     =  6.7000     B     =  0.7500       KCt = 0.01485
 CtiniK=  1.8000     CtiniX=  3.3000

..VPAR   c>  
..VPAR   c>  
.OPERi   c>  
 M  =    0.0000
 Re =    600000

.OPERv   c>  
.OPERv   c>  
.OPERv   c>  
 Polar  1 newly created for accumulation
 Airfoil archived with polar: NACA 66(4)-221                                  

Enter  polar save filename  OR  <return> for no file   s>  
 New polar save file available

Enter  polar dump filename  OR  <return> for no file   s>  
 Polar dump file will NOT be written

 Polar accumulation enabled

.OPERva   c>   Calculating unit vorticity distributions ...
 Calculating wake trajectory ...
 Calculating source influence matrix ...

 Solving BL system ...

 Initializing BL ...
    side            1  ...
 MRCHUE: Inverse mode at  32     Hk =   3.819
 MRCHUE: Inverse mode at  33     Hk =   4.979
 MRCHUE: Convergence failed at  34  side 1    Res =  0.4747E+01
 MRCHUE: Inverse mode at  35     Hk =   6.148
 MRCHUE: Inverse mode at  36     Hk =   7.302
 MRCHUE: Inverse mode at  37     Hk =   8.469
 MRCHUE: Inverse mode at  38     Hk =   7.170
 MRCHUE: Inverse mode at  39     Hk =   2.500
 MRCHUE: Inverse mode at  40     Hk =   2.500
 MRCHUE: Inverse mode at  88     Hk =   2.500
 MRCHUE: Inverse mode at  89     Hk =   2.500
 MRCHUE: Inverse mode at  90     Hk =   2.500
 MRCHUE: Inverse mode at  91     Hk =   2.500
 MRCHUE: Inverse mode at  92     Hk =   2.500
 MRCHUE: Inverse mode at  93     Hk =   2.500
 MRCHUE: Inverse mode at  94     Hk =   2.500
 MRCHUE: Inverse mode at  95     Hk =   2.500
 MRCHUE: Convergence failed at  96  side 1    Res =  0.5415E+01
 MRCHUE: Inverse mode at  97     Hk =   2.500
 MRCHUE: Inverse mode at  98     Hk =   2.500
 MRCHUE: Inverse mode at  99     Hk =   2.500
 MRCHUE: Convergence failed at 100  side 1    Res =  0.5495E+01
 MRCHUE: Inverse mode at 101     Hk =   2.500
 MRCHUE: Inverse mode at 102     Hk =   2.500
 MRCHUE: Inverse mode at 103     Hk =   2.500
 MRCHUE: Convergence failed at 104  side 1    Res =  0.4603E+01
 MRCHUE: Inverse mode at 105     Hk =   2.500
    side            2  ...
 MRCHUE: Inverse mode at  38     Hk =   4.483
 MRCHUE: Inverse mode at  39     Hk =   5.464
 MRCHUE: Inverse mode at  40     Hk =   6.430
 MRCHUE: Inverse mode at  41     Hk =   7.391
 MRCHUE: Inverse mode at  42     Hk =   8.349
 MRCHUE: Inverse mode at  43     Hk =   9.299
 MRCHUE: Inverse mode at  44     Hk =   6.255
 MRCHUE: Inverse mode at  45     Hk =   3.624
 MRCHUE: Inverse mode at  46     Hk =   2.500

 MRCHDU: Convergence failed at  96  side 1    Res =  0.3736E+01
 MRCHDU: Convergence failed at  97  side 1    Res =  0.3760E+01
 MRCHDU: Convergence failed at  98  side 1    Res =  0.3769E+01
 MRCHDU: Convergence failed at  99  side 1    Res =  0.3620E+01
 MRCHDU: Convergence failed at 100  side 1    Res =  0.3466E+02
 MRCHDU: Convergence failed at 101  side 1    Res =  0.2834E+02
 MRCHDU: Convergence failed at 102  side 1    Res =  0.2433E+02
 MRCHDU: Convergence failed at 103  side 1    Res =  0.2158E+02
 MRCHDU: Convergence failed at 104  side 1    Res =  0.9565E+01
 MRCHDU: Convergence failed at 105  side 1    Res =  0.9627E+01
 Side 1  free  transition at x/c =  0.0191   38
 Side 2  free  transition at x/c =  0.8029   44
 idif Ue xi dudx           1  0.11473502      1.74559355E-02   6.5728374    
 Uenew xinew           2  4.03485596E-02  6.13868237E-03

   1   rms: 0.8122E+00   max: 0.3059E+01   D at   60  2   RLX: 0.228
       a = 16.250      CL =  2.2235
      Cm = -0.1576     CD =  0.01104   =>   CDf =  0.00712    CDp =  0.00392

 Side 1  free  transition at x/c =  0.0181   37
 Side 2  free  transition at x/c =  0.8100   45
 idif Ue xi dudx           1  9.77635384E-02  1.43204927E-02   6.8268280    
 Uenew xinew           2  2.86855735E-02  4.20188904E-03

   2   rms: 0.1325E+01   max: 0.3838E+01   D at   63  2   RLX: 0.146
       a = 16.250      CL =  1.9956
      Cm = -0.1213     CD =  0.01382   =>   CDf =  0.00711    CDp =  0.00670

 Side 1  free  transition at x/c =  0.0185   36
 Side 2  free  transition at x/c =  0.8188   47
 idif Ue xi dudx           1  0.11232246      1.46865845E-02   7.6479630    
 Uenew xinew           2  4.36106510E-02  5.70225716E-03

   3   rms: 0.7992E+00   max: 0.2308E+01   D at   68  2   RLX: 0.332
       a = 16.250      CL =  1.6731
      Cm = -0.0623     CD =  0.02121   =>   CDf =  0.00713    CDp =  0.01408

 Side 1  free  transition at x/c =  0.0186   35
 Side 2  free  transition at x/c =  0.8308   48
 idif Ue xi dudx           2  0.18261513      2.03493834E-02   8.9739885    
 Uenew xinew           3  0.11082736      1.23498440E-02

   4   rms: 0.5601E+00   max: 0.1846E+01   D at   66  2   RLX: 0.706
       a = 16.250      CL =  1.2023
      Cm =  0.0214     CD =  0.03693   =>   CDf =  0.00753    CDp =  0.02941

 MRCHDU: Convergence failed at  74  side 2    Res =  0.6818E+01
 MRCHDU: Convergence failed at  75  side 2    Res =  0.1088E+01
 Side 1  free  transition at x/c =  0.0189   33
 Side 2  free  transition at x/c =  0.8571   52
 idif Ue xi dudx           1  0.12420346      1.13834143E-02   10.910914    
 Uenew xinew           2  5.34177236E-02  4.89580631E-03

   5   rms: 0.2071E+00   max: 0.1063E+01   D at   73  2
       a = 16.250      CL =  0.9928
      Cm =  0.0527     CD =  0.05622   =>   CDf =  0.00694    CDp =  0.04928

 Side 1  free  transition at x/c =  0.0191   32
 Side 2  free  transition at x/c =  0.8503   52

   6   rms: 0.3287E-01   max: 0.3972E+00   D at   76  2
       a = 16.250      CL =  0.9843
      Cm =  0.0526     CD =  0.05864   =>   CDf =  0.00637    CDp =  0.05226

 Side 1  free  transition at x/c =  0.0191   32
 Side 2  free  transition at x/c =  0.8455   52

   7   rms: 0.3414E-02   max: 0.5040E-01   D at   77  2
       a = 16.250      CL =  0.9849
      Cm =  0.0527     CD =  0.05781   =>   CDf =  0.00633    CDp =  0.05148

 Side 1  free  transition at x/c =  0.0191   32
 Side 2  free  transition at x/c =  0.8460   52

   8   rms: 0.1378E-03   max: -.1828E-02   D at   79  2
       a = 16.250      CL =  0.9849
      Cm =  0.0527     CD =  0.05781   =>   CDf =  0.00633    CDp =  0.05148

 Side 1  free  transition at x/c =  0.0191   32
 Side 2  free  transition at x/c =  0.8460   52

   9   rms: 0.2668E-05   max: -.2524E-04   D at   77  2
       a = 16.250      CL =  0.9849
      Cm =  0.0527     CD =  0.05781   =>   CDf =  0.00633    CDp =  0.05148
 plradd ia,ip,cpol            1           0  2.17573228E-03

 Point added to stored polar  1
 Point written to save file  naca664221_Re600k.ext.pol                       
 Dump file unspecified or not available
 Calculating wake trajectory ...
 Calculating source influence matrix ...

 Solving BL system ...

 Side 1  free  transition at x/c =  0.0191   32
 Side 2  free  transition at x/c =  0.8460   52

   1   rms: 0.3124E-01   max: -.6975E-01   T at   52  2   RLX: 0.392
       a = 16.500      CL =  0.9897
      Cm =  0.0528     CD =  0.05842   =>   CDf =  0.00633    CDp =  0.05209

 Side 1  free  transition at x/c =  0.0191   32
 Side 2  free  transition at x/c =  0.8477   52

   2   rms: 0.1874E-01   max: -.4174E-01   T at   52  2
       a = 16.500      CL =  0.9970
      Cm =  0.0528     CD =  0.05934   =>   CDf =  0.00631    CDp =  0.05304

 Side 1  free  transition at x/c =  0.0191   32
 Side 2  free  transition at x/c =  0.8501   52

   3   rms: 0.1397E-02   max: 0.6702E-02   D at   78  2
       a = 16.500      CL =  0.9959
      Cm =  0.0529     CD =  0.05930   =>   CDf =  0.00628    CDp =  0.05303

 Side 1  free  transition at x/c =  0.0191   32
 Side 2  free  transition at x/c =  0.8501   52

   4   rms: 0.7489E-04   max: 0.6468E-03   D at   78  2
       a = 16.500      CL =  0.9959
      Cm =  0.0529     CD =  0.05928   =>   CDf =  0.00627    CDp =  0.05301
 plradd ia,ip,cpol            2           0  2.17573228E-03

 Point added to stored polar  1
 Point written to save file  naca664221_Re600k.ext.pol                       
 Dump file unspecified or not available
 Calculating wake trajectory ...
 Calculating source influence matrix ...

 Solving BL system ...

 Side 1  free  transition at x/c =  0.0191   32
 Side 2  free  transition at x/c =  0.8501   52

   1   rms: 0.2954E-01   max: 0.1200E+00   T at   32  1   RLX: 0.386
       a = 16.750      CL =  0.9996
      Cm =  0.0528     CD =  0.06006   =>   CDf =  0.00628    CDp =  0.05378

 Side 1  free  transition at x/c =  0.0190   32
 Side 2  free  transition at x/c =  0.8517   52

   2   rms: 0.1807E-01   max: 0.7668E-01   T at   32  1
       a = 16.750      CL =  1.0049
      Cm =  0.0528     CD =  0.06130   =>   CDf =  0.00624    CDp =  0.05506

 Side 1  free  transition at x/c =  0.0188   32
 Side 2  free  transition at x/c =  0.8535   53

   3   rms: 0.5824E-02   max: -.9255E-01   D at   52  2
       a = 16.750      CL =  1.0038
      Cm =  0.0529     CD =  0.06116   =>   CDf =  0.00619    CDp =  0.05498

 Side 1  free  transition at x/c =  0.0188   32
 Side 2  free  transition at x/c =  0.8547   53

   4   rms: 0.9408E-03   max: -.1155E-01   D at   54  2
       a = 16.750      CL =  1.0037
      Cm =  0.0529     CD =  0.06115   =>   CDf =  0.00615    CDp =  0.05500

 Side 1  free  transition at x/c =  0.0188   32
 Side 2  free  transition at x/c =  0.8543   53

   5   rms: 0.1893E-04   max: -.3117E-03   D at   54  2
       a = 16.750      CL =  1.0037
      Cm =  0.0529     CD =  0.06115   =>   CDf =  0.00616    CDp =  0.05499
 plradd ia,ip,cpol            3           0  2.17573228E-03

 Point added to stored polar  1
 Point written to save file  naca664221_Re600k.ext.pol                       
 Dump file unspecified or not available
 Calculating wake trajectory ...
 Calculating source influence matrix ...

 Solving BL system ...

 Side 1  free  transition at x/c =  0.0188   32
 Side 2  free  transition at x/c =  0.8542   53

   1   rms: 0.3058E-01   max: 0.9045E-01   D at   53  2   RLX: 0.379
       a = 17.000      CL =  1.0078
      Cm =  0.0529     CD =  0.06180   =>   CDf =  0.00616    CDp =  0.05564

 Side 1  free  transition at x/c =  0.0188   32
 Side 2  free  transition at x/c =  0.8561   53

   2   rms: 0.1865E-01   max: 0.5353E-01   D at   53  2
       a = 17.000      CL =  1.0141
      Cm =  0.0530     CD =  0.06285   =>   CDf =  0.00612    CDp =  0.05673

 Side 1  free  transition at x/c =  0.0187   32
 Side 2  free  transition at x/c =  0.8590   53

   3   rms: 0.1461E-02   max: 0.8907E-02   D at   78  2
       a = 17.000      CL =  1.0130
      Cm =  0.0531     CD =  0.06279   =>   CDf =  0.00606    CDp =  0.05673

 Side 1  free  transition at x/c =  0.0187   32
 Side 2  free  transition at x/c =  0.8589   53

   4   rms: 0.9068E-04   max: 0.1113E-02   D at   78  2
       a = 17.000      CL =  1.0130
      Cm =  0.0531     CD =  0.06277   =>   CDf =  0.00606    CDp =  0.05671
 plradd ia,ip,cpol            4           0  2.17573228E-03

 Point added to stored polar  1
 Point written to save file  naca664221_Re600k.ext.pol                       
 Dump file unspecified or not available
 Calculating wake trajectory ...
 Calculating source influence matrix ...

 Solving BL system ...

 Side 1  free  transition at x/c =  0.0187   32
 Side 2  free  transition at x/c =  0.8589   53

   1   rms: 0.3081E-01   max: -.8179E-01   C at   53  2   RLX: 0.374
       a = 17.250      CL =  1.0175
      Cm =  0.0531     CD =  0.06337   =>   CDf =  0.00606    CDp =  0.05731

 Side 1  free  transition at x/c =  0.0187   32
 Side 2  free  transition at x/c =  0.8607   53

   2   rms: 0.1911E-01   max: -.5190E-01   C at   53  2
       a = 17.250      CL =  1.0246
      Cm =  0.0532     CD =  0.06437   =>   CDf =  0.00603    CDp =  0.05834

 Side 1  free  transition at x/c =  0.0187   32
 Side 2  free  transition at x/c =  0.8637   53

   3   rms: 0.1771E-02   max: 0.7799E-02   D at   78  2
       a = 17.250      CL =  1.0232
      Cm =  0.0533     CD =  0.06435   =>   CDf =  0.00598    CDp =  0.05837

 Side 1  free  transition at x/c =  0.0187   32
 Side 2  free  transition at x/c =  0.8637   53

   4   rms: 0.1169E-03   max: 0.9057E-03   D at   78  2
       a = 17.250      CL =  1.0232
      Cm =  0.0533     CD =  0.06432   =>   CDf =  0.00597    CDp =  0.05835

 Side 1  free  transition at x/c =  0.0187   32
 Side 2  free  transition at x/c =  0.8636   53

   5   rms: 0.2955E-05   max: 0.2805E-04   D at   78  2
       a = 17.250      CL =  1.0232
      Cm =  0.0533     CD =  0.06432   =>   CDf =  0.00597    CDp =  0.05835
 plradd ia,ip,cpol            5           0  2.17573228E-03

 Point added to stored polar  1
 Point written to save file  naca664221_Re600k.ext.pol                       
 Dump file unspecified or not available
 Calculating wake trajectory ...
 Calculating source influence matrix ...

 Solving BL system ...

 Side 1  free  transition at x/c =  0.0187   32
 Side 2  free  transition at x/c =  0.8636   53

   1   rms: 0.2879E-01   max: 0.1090E+00   T at   32  1   RLX: 0.367
       a = 17.500      CL =  1.0263
      Cm =  0.0532     CD =  0.06512   =>   CDf =  0.00557    CDp =  0.05954

 Side 1  free  transition at x/c =  0.0186   33
 Side 2  free  transition at x/c =  0.8656   52

   2   rms: 0.2264E-01   max: 0.2389E+00   D at    2  1
       a = 17.500      CL =  1.0308
      Cm =  0.0531     CD =  0.06651   =>   CDf =  0.00593    CDp =  0.06058

 Side 1  free  transition at x/c =  0.0184   33
 Side 2  free  transition at x/c =  0.8688   52

   3   rms: 0.2074E-02   max: 0.1151E-01   D at    4  1
       a = 17.500      CL =  1.0295
      Cm =  0.0532     CD =  0.06642   =>   CDf =  0.00586    CDp =  0.06056

 Side 1  free  transition at x/c =  0.0184   33
 Side 2  free  transition at x/c =  0.8687   52

   4   rms: 0.1057E-03   max: -.6809E-03   D at   73  1
       a = 17.500      CL =  1.0296
      Cm =  0.0532     CD =  0.06639   =>   CDf =  0.00586    CDp =  0.06053

 Side 1  free  transition at x/c =  0.0184   33
 Side 2  free  transition at x/c =  0.8687   52

   5   rms: 0.7457E-05   max: -.5909E-04   D at   77  2
       a = 17.500      CL =  1.0296
      Cm =  0.0532     CD =  0.06639   =>   CDf =  0.00586    CDp =  0.06053
 plradd ia,ip,cpol            6           0  2.17573228E-03

 Point added to stored polar  1
 Point written to save file  naca664221_Re600k.ext.pol                       
 Dump file unspecified or not available
 Calculating wake trajectory ...
 Calculating source influence matrix ...

 Solving BL system ...

 Side 1  free  transition at x/c =  0.0184   33
 Side 2  free  transition at x/c =  0.8687   52

   1   rms: 0.2944E-01   max: 0.6730E-01   D at   69  1   RLX: 0.362
       a = 17.750      CL =  1.0335
      Cm =  0.0531     CD =  0.06710   =>   CDf =  0.00586    CDp =  0.06123

 Side 1  free  transition at x/c =  0.0183   33
 Side 2  free  transition at x/c =  0.8704   52

   2   rms: 0.1868E-01   max: 0.4481E-01   D at   69  1
       a = 17.750      CL =  1.0400
      Cm =  0.0530     CD =  0.06834   =>   CDf =  0.00583    CDp =  0.06250

 Side 1  free  transition at x/c =  0.0182   33
 Side 2  free  transition at x/c =  0.8728   53

   3   rms: 0.6557E-02   max: -.9747E-01   D at   52  2
       a = 17.750      CL =  1.0380
      Cm =  0.0532     CD =  0.06825   =>   CDf =  0.00578    CDp =  0.06247

 Side 1  free  transition at x/c =  0.0182   33
 Side 2  free  transition at x/c =  0.8741   53

   4   rms: 0.9633E-03   max: 0.1441E-01   C at   53  2
       a = 17.750      CL =  1.0379
      Cm =  0.0532     CD =  0.06822   =>   CDf =  0.00575    CDp =  0.06247

 Side 1  free  transition at x/c =  0.0182   33
 Side 2  free  transition at x/c =  0.8737   53

   5   rms: 0.9651E-05   max: -.1636E-03   D at   54  2
       a = 17.750      CL =  1.0379
      Cm =  0.0532     CD =  0.06822   =>   CDf =  0.00575    CDp =  0.06246
 plradd ia,ip,cpol            7           0  2.17573228E-03

 Point added to stored polar  1
 Point written to save file  naca664221_Re600k.ext.pol                       
 Dump file unspecified or not available
 Calculating wake trajectory ...
 Calculating source influence matrix ...

 Solving BL system ...

 Side 1  free  transition at x/c =  0.0182   33
 Side 2  free  transition at x/c =  0.8737   53

   1   rms: 0.2965E-01   max: -.1132E+00   C at   53  2   RLX: 0.356
       a = 18.000      CL =  1.0412
      Cm =  0.0532     CD =  0.06892   =>   CDf =  0.00576    CDp =  0.06317

 Side 1  free  transition at x/c =  0.0182   33
 Side 2  free  transition at x/c =  0.8758   53

   2   rms: 0.1889E-01   max: -.7789E-01   C at   53  2
       a = 18.000      CL =  1.0468
      Cm =  0.0533     CD =  0.07020   =>   CDf =  0.00571    CDp =  0.06449

 Side 1  free  transition at x/c =  0.0181   33
 Side 2  free  transition at x/c =  0.8796   53

   3   rms: 0.2264E-02   max: 0.1134E-01   D at   72  1
       a = 18.000      CL =  1.0451
      Cm =  0.0533     CD =  0.07019   =>   CDf =  0.00564    CDp =  0.06456

 Side 1  free  transition at x/c =  0.0181   33
 Side 2  free  transition at x/c =  0.8795   53

   4   rms: 0.1575E-03   max: 0.1147E-02   D at   78  2
       a = 18.000      CL =  1.0450
      Cm =  0.0533     CD =  0.07016   =>   CDf =  0.00564    CDp =  0.06452

 Side 1  free  transition at x/c =  0.0181   33
 Side 2  free  transition at x/c =  0.8795   53

   5   rms: 0.4472E-05   max: 0.4230E-04   D at   78  2
       a = 18.000      CL =  1.0450
      Cm =  0.0533     CD =  0.07016   =>   CDf =  0.00564    CDp =  0.06452
 plradd ia,ip,cpol            8           0  2.17573228E-03

 Point added to stored polar  1
 Point written to save file  naca664221_Re600k.ext.pol                       
 Dump file unspecified or not available

.OPERva   c>   Calculating wake trajectory ...
 Calculating source influence matrix ...

 Solving BL system ...

 Side 1  free  transition at x/c =  0.0181   33
 Side 2  free  transition at x/c =  0.8795   53

   1   rms: 0.2933E-01   max: -.1288E+00   C at   53  2   RLX: 0.350
       a = 18.250      CL =  1.0476
      Cm =  0.0532     CD =  0.07097   =>   CDf =  0.00564    CDp =  0.06533

 Side 1  free  transition at x/c =  0.0180   33
 Side 2  free  transition at x/c =  0.8817   53

   2   rms: 0.1865E-01   max: -.8145E-01   C at   53  2
       a = 18.250      CL =  1.0512
      Cm =  0.0530     CD =  0.07259   =>   CDf =  0.00560    CDp =  0.06699

 Side 1  free  transition at x/c =  0.0178   33
 Side 2  free  transition at x/c =  0.8859   53

   3   rms: 0.3295E-02   max: -.1802E-01   D at   33  1
       a = 18.250      CL =  1.0496
      Cm =  0.0530     CD =  0.07247   =>   CDf =  0.00553    CDp =  0.06694

 Side 1  free  transition at x/c =  0.0178   33
 Side 2  free  transition at x/c =  0.8860   53

   4   rms: 0.4771E-03   max: -.2560E-02   D at   72  1
       a = 18.250      CL =  1.0500
      Cm =  0.0530     CD =  0.07241   =>   CDf =  0.00553    CDp =  0.06687

 Side 1  free  transition at x/c =  0.0178   33
 Side 2  free  transition at x/c =  0.8860   53

   5   rms: 0.4194E-04   max: -.3835E-03   C at   53  2
       a = 18.250      CL =  1.0500
      Cm =  0.0530     CD =  0.07242   =>   CDf =  0.00554    CDp =  0.06688
 plradd ia,ip,cpol            9           0  2.17573228E-03

 Point added to stored polar  1
 Point written to save file  naca664221_Re600k.ext.pol                       
 Dump file unspecified or not available
 Calculating wake trajectory ...
 Calculating source influence matrix ...

 Solving BL system ...

 Side 1  free  transition at x/c =  0.0178   33
 Side 2  free  transition at x/c =  0.8860   53

   1   rms: 0.5360E-01   max: -.1712E+00   C at   53  2   RLX: 0.339
       a = 18.750      CL =  1.0554
      Cm =  0.0528     CD =  0.07403   =>   CDf =  0.00554    CDp =  0.06849

 Side 1  free  transition at x/c =  0.0177   33
 Side 2  free  transition at x/c =  0.8889   54

   2   rms: 0.3924E-01   max: -.2778E+00   C at   54  2
       a = 18.750      CL =  1.0640
      Cm =  0.0526     CD =  0.07705   =>   CDf =  0.00550    CDp =  0.07155

 Side 1  free  transition at x/c =  0.0175   33
 Side 2  free  transition at x/c =  0.9018   54

   3   rms: 0.6893E-02   max: -.5935E-01   C at   54  2
       a = 18.750      CL =  1.0595
      Cm =  0.0527     CD =  0.07706   =>   CDf =  0.00532    CDp =  0.07174

 Side 1  free  transition at x/c =  0.0175   33
 Side 2  free  transition at x/c =  0.9010   54

   4   rms: 0.4824E-03   max: 0.5611E-02   C at   54  2
       a = 18.750      CL =  1.0594
      Cm =  0.0527     CD =  0.07693   =>   CDf =  0.00531    CDp =  0.07162

 Side 1  free  transition at x/c =  0.0175   33
 Side 2  free  transition at x/c =  0.9009   54

   5   rms: 0.8283E-05   max: 0.1168E-03   D at   78  2
       a = 18.750      CL =  1.0594
      Cm =  0.0527     CD =  0.07693   =>   CDf =  0.00531    CDp =  0.07162
 plradd ia,ip,cpol           10           0  2.17573228E-03

 Point added to stored polar  1
 Point written to save file  naca664221_Re600k.ext.pol                       
 Dump file unspecified or not available
 Calculating wake trajectory ...
 Calculating source influence matrix ...

 Solving BL system ...

 Side 1  free  transition at x/c =  0.0175   33
 Side 2  free  transition at x/c =  0.9009   54

   1   rms: 0.5551E-01   max: -.3429E+00   C at   54  2   RLX: 0.327
       a = 19.250      CL =  1.0638
      Cm =  0.0525     CD =  0.07860   =>   CDf =  0.00492    CDp =  0.07368

 Side 1  free  transition at x/c =  0.0174   34
 Side 2  free  transition at x/c =  0.9048   54

   2   rms: 0.4977E-01   max: 0.4504E+00   T at    2  1
       a = 19.250      CL =  1.0712
      Cm =  0.0522     CD =  0.08195   =>   CDf =  0.00526    CDp =  0.07669

 Side 1  free  transition at x/c =  0.0172   34
 Side 2  free  transition at x/c =  0.9196   54

   3   rms: 0.1133E-01   max: -.1851E+00   C at   54  2
       a = 19.250      CL =  1.0666
      Cm =  0.0521     CD =  0.08195   =>   CDf =  0.00508    CDp =  0.07688

 Side 1  free  transition at x/c =  0.0173   34
 Side 2  free  transition at x/c =  0.9194   54

   4   rms: 0.8077E-02   max: -.1628E+00   C at   54  2
       a = 19.250      CL =  1.0663
      Cm =  0.0522     CD =  0.08181   =>   CDf =  0.00507    CDp =  0.07674

 Side 1  free  transition at x/c =  0.0173   34
 Side 2  free  transition at x/c =  0.9194   54

   5   rms: 0.8081E-02   max: -.1632E+00   C at   54  2
       a = 19.250      CL =  1.0663
      Cm =  0.0522     CD =  0.08180   =>   CDf =  0.00507    CDp =  0.07673

 Side 1  free  transition at x/c =  0.0173   34
 Side 2  free  transition at x/c =  0.9194   54

   6   rms: 0.8079E-02   max: -.1632E+00   C at   54  2
       a = 19.250      CL =  1.0663
      Cm =  0.0522     CD =  0.08180   =>   CDf =  0.00507    CDp =  0.07673

 Side 1  free  transition at x/c =  0.0173   34
 Side 2  free  transition at x/c =  0.9194   54

   7   rms: 0.8080E-02   max: -.1632E+00   C at   54  2
       a = 19.250      CL =  1.0663
      Cm =  0.0522     CD =  0.08180   =>   CDf =  0.00507    CDp =  0.07673

 Side 1  free  transition at x/c =  0.0173   34
 Side 2  free  transition at x/c =  0.9194   54

   8   rms: 0.8080E-02   max: -.1632E+00   C at   54  2
       a = 19.250      CL =  1.0663
      Cm =  0.0522     CD =  0.08180   =>   CDf =  0.00507    CDp =  0.07673

 Side 1  free  transition at x/c =  0.0173   34
 Side 2  free  transition at x/c =  0.9194   54

   9   rms: 0.8080E-02   max: -.1632E+00   C at   54  2
       a = 19.250      CL =  1.0663
      Cm =  0.0522     CD =  0.08180   =>   CDf =  0.00507    CDp =  0.07673

 Side 1  free  transition at x/c =  0.0173   34
 Side 2  free  transition at x/c =  0.9194   54

  10   rms: 0.8080E-02   max: -.1632E+00   C at   54  2
       a = 19.250      CL =  1.0663
      Cm =  0.0522     CD =  0.08180   =>   CDf =  0.00507    CDp =  0.07673

 Side 1  free  transition at x/c =  0.0173   34
 Side 2  free  transition at x/c =  0.9194   54

  11   rms: 0.8080E-02   max: -.1632E+00   C at   54  2
       a = 19.250      CL =  1.0663
      Cm =  0.0522     CD =  0.08180   =>   CDf =  0.00507    CDp =  0.07673

 Side 1  free  transition at x/c =  0.0173   34
 Side 2  free  transition at x/c =  0.9194   54

  12   rms: 0.8080E-02   max: -.1632E+00   C at   54  2
       a = 19.250      CL =  1.0663
      Cm =  0.0522     CD =  0.08180   =>   CDf =  0.00507    CDp =  0.07673

 Side 1  free  transition at x/c =  0.0173   34
 Side 2  free  transition at x/c =  0.9194   54

  13   rms: 0.8080E-02   max: -.1632E+00   C at   54  2
       a = 19.250      CL =  1.0663
      Cm =  0.0522     CD =  0.08180   =>   CDf =  0.00507    CDp =  0.07673

 Side 1  free  transition at x/c =  0.0173   34
 Side 2  free  transition at x/c =  0.9194   54

  14   rms: 0.8080E-02   max: -.1632E+00   C at   54  2
       a = 19.250      CL =  1.0663
      Cm =  0.0522     CD =  0.08180   =>   CDf =  0.00507    CDp =  0.07673

 Side 1  free  transition at x/c =  0.0173   34
 Side 2  free  transition at x/c =  0.9194   54

  15   rms: 0.8080E-02   max: -.1632E+00   C at   54  2
       a = 19.250      CL =  1.0663
      Cm =  0.0522     CD =  0.08180   =>   CDf =  0.00507    CDp =  0.07673

 Side 1  free  transition at x/c =  0.0173   34
 Side 2  free  transition at x/c =  0.9194   54

  16   rms: 0.8080E-02   max: -.1632E+00   C at   54  2
       a = 19.250      CL =  1.0663
      Cm =  0.0522     CD =  0.08180   =>   CDf =  0.00507    CDp =  0.07673

 Side 1  free  transition at x/c =  0.0173   34
 Side 2  free  transition at x/c =  0.9194   54

  17   rms: 0.8080E-02   max: -.1632E+00   C at   54  2
       a = 19.250      CL =  1.0663
      Cm =  0.0522     CD =  0.08180   =>   CDf =  0.00507    CDp =  0.07673

 Side 1  free  transition at x/c =  0.0173   34
 Side 2  free  transition at x/c =  0.9194   54

  18   rms: 0.8080E-02   max: -.1632E+00   C at   54  2
       a = 19.250      CL =  1.0663
      Cm =  0.0522     CD =  0.08180   =>   CDf =  0.00507    CDp =  0.07673

 Side 1  free  transition at x/c =  0.0173   34
 Side 2  free  transition at x/c =  0.9194   54

  19   rms: 0.8080E-02   max: -.1632E+00   C at   54  2
       a = 19.250      CL =  1.0663
      Cm =  0.0522     CD =  0.08180   =>   CDf =  0.00507    CDp =  0.07673

 Side 1  free  transition at x/c =  0.0173   34
 Side 2  free  transition at x/c =  0.9194   54

  20   rms: 0.8080E-02   max: -.1632E+00   C at   54  2
       a = 19.250      CL =  1.0663
      Cm =  0.0522     CD =  0.08180   =>   CDf =  0.00507    CDp =  0.07673

 Side 1  free  transition at x/c =  0.0173   34
 Side 2  free  transition at x/c =  0.9194   54

  21   rms: 0.8080E-02   max: -.1632E+00   C at   54  2
       a = 19.250      CL =  1.0663
      Cm =  0.0522     CD =  0.08180   =>   CDf =  0.00507    CDp =  0.07673

 Side 1  free  transition at x/c =  0.0173   34
 Side 2  free  transition at x/c =  0.9194   54

  22   rms: 0.8080E-02   max: -.1632E+00   C at   54  2
       a = 19.250      CL =  1.0663
      Cm =  0.0522     CD =  0.08180   =>   CDf =  0.00507    CDp =  0.07673

 Side 1  free  transition at x/c =  0.0173   34
 Side 2  free  transition at x/c =  0.9194   54

  23   rms: 0.8080E-02   max: -.1632E+00   C at   54  2
       a = 19.250      CL =  1.0663
      Cm =  0.0522     CD =  0.08180   =>   CDf =  0.00507    CDp =  0.07673

 Side 1  free  transition at x/c =  0.0173   34
 Side 2  free  transition at x/c =  0.9194   54

  24   rms: 0.8080E-02   max: -.1632E+00   C at   54  2
       a = 19.250      CL =  1.0663
      Cm =  0.0522     CD =  0.08180   =>   CDf =  0.00507    CDp =  0.07673

 Side 1  free  transition at x/c =  0.0173   34
 Side 2  free  transition at x/c =  0.9194   54

  25   rms: 0.8080E-02   max: -.1632E+00   C at   54  2
       a = 19.250      CL =  1.0663
      Cm =  0.0522     CD =  0.08180   =>   CDf =  0.00507    CDp =  0.07673

 Side 1  free  transition at x/c =  0.0173   34
 Side 2  free  transition at x/c =  0.9194   54

  26   rms: 0.8080E-02   max: -.1632E+00   C at   54  2
       a = 19.250      CL =  1.0663
      Cm =  0.0522     CD =  0.08180   =>   CDf =  0.00507    CDp =  0.07673

 Side 1  free  transition at x/c =  0.0173   34
 Side 2  free  transition at x/c =  0.9194   54

  27   rms: 0.8080E-02   max: -.1632E+00   C at   54  2
       a = 19.250      CL =  1.0663
      Cm =  0.0522     CD =  0.08180   =>   CDf =  0.00507    CDp =  0.07673

 Side 1  free  transition at x/c =  0.0173   34
 Side 2  free  transition at x/c =  0.9194   54

  28   rms: 0.8080E-02   max: -.1632E+00   C at   54  2
       a = 19.250      CL =  1.0663
      Cm =  0.0522     CD =  0.08180   =>   CDf =  0.00507    CDp =  0.07673

 Side 1  free  transition at x/c =  0.0173   34
 Side 2  free  transition at x/c =  0.9194   54

  29   rms: 0.8080E-02   max: -.1632E+00   C at   54  2
       a = 19.250      CL =  1.0663
      Cm =  0.0522     CD =  0.08180   =>   CDf =  0.00507    CDp =  0.07673

 Side 1  free  transition at x/c =  0.0173   34
 Side 2  free  transition at x/c =  0.9194   54

  30   rms: 0.8080E-02   max: -.1632E+00   C at   54  2
       a = 19.250      CL =  1.0663
      Cm =  0.0522     CD =  0.08180   =>   CDf =  0.00507    CDp =  0.07673

 Side 1  free  transition at x/c =  0.0173   34
 Side 2  free  transition at x/c =  0.9194   54

  31   rms: 0.8080E-02   max: -.1632E+00   C at   54  2
       a = 19.250      CL =  1.0663
      Cm =  0.0522     CD =  0.08180   =>   CDf =  0.00507    CDp =  0.07673

 Side 1  free  transition at x/c =  0.0173   34
 Side 2  free  transition at x/c =  0.9194   54

  32   rms: 0.8080E-02   max: -.1632E+00   C at   54  2
       a = 19.250      CL =  1.0663
      Cm =  0.0522     CD =  0.08180   =>   CDf =  0.00507    CDp =  0.07673

 Side 1  free  transition at x/c =  0.0173   34
 Side 2  free  transition at x/c =  0.9194   54

  33   rms: 0.8080E-02   max: -.1632E+00   C at   54  2
       a = 19.250      CL =  1.0663
      Cm =  0.0522     CD =  0.08180   =>   CDf =  0.00507    CDp =  0.07673

 Side 1  free  transition at x/c =  0.0173   34
 Side 2  free  transition at x/c =  0.9194   54

  34   rms: 0.8080E-02   max: -.1632E+00   C at   54  2
       a = 19.250      CL =  1.0663
      Cm =  0.0522     CD =  0.08180   =>   CDf =  0.00507    CDp =  0.07673

 Side 1  free  transition at x/c =  0.0173   34
 Side 2  free  transition at x/c =  0.9194   54

  35   rms: 0.8080E-02   max: -.1632E+00   C at   54  2
       a = 19.250      CL =  1.0663
      Cm =  0.0522     CD =  0.08180   =>   CDf =  0.00507    CDp =  0.07673

 Side 1  free  transition at x/c =  0.0173   34
 Side 2  free  transition at x/c =  0.9194   54

  36   rms: 0.8080E-02   max: -.1632E+00   C at   54  2
       a = 19.250      CL =  1.0663
      Cm =  0.0522     CD =  0.08180   =>   CDf =  0.00507    CDp =  0.07673

 Side 1  free  transition at x/c =  0.0173   34
 Side 2  free  transition at x/c =  0.9194   54

  37   rms: 0.8080E-02   max: -.1632E+00   C at   54  2
       a = 19.250      CL =  1.0663
      Cm =  0.0522     CD =  0.08180   =>   CDf =  0.00507    CDp =  0.07673

 Side 1  free  transition at x/c =  0.0173   34
 Side 2  free  transition at x/c =  0.9194   54

  38   rms: 0.8080E-02   max: -.1632E+00   C at   54  2
       a = 19.250      CL =  1.0663
      Cm =  0.0522     CD =  0.08180   =>   CDf =  0.00507    CDp =  0.07673

 Side 1  free  transition at x/c =  0.0173   34
 Side 2  free  transition at x/c =  0.9194   54

  39   rms: 0.8080E-02   max: -.1632E+00   C at   54  2
       a = 19.250      CL =  1.0663
      Cm =  0.0522     CD =  0.08180   =>   CDf =  0.00507    CDp =  0.07673

 Side 1  free  transition at x/c =  0.0173   34
 Side 2  free  transition at x/c =  0.9194   54

  40   rms: 0.8080E-02   max: -.1632E+00   C at   54  2
       a = 19.250      CL =  1.0663
      Cm =  0.0522     CD =  0.08180   =>   CDf =  0.00507    CDp =  0.07673

 Side 1  free  transition at x/c =  0.0173   34
 Side 2  free  transition at x/c =  0.9194   54

  41   rms: 0.8080E-02   max: -.1632E+00   C at   54  2
       a = 19.250      CL =  1.0663
      Cm =  0.0522     CD =  0.08180   =>   CDf =  0.00507    CDp =  0.07673

 Side 1  free  transition at x/c =  0.0173   34
 Side 2  free  transition at x/c =  0.9194   54

  42   rms: 0.8080E-02   max: -.1632E+00   C at   54  2
       a = 19.250      CL =  1.0663
      Cm =  0.0522     CD =  0.08180   =>   CDf =  0.00507    CDp =  0.07673

 Side 1  free  transition at x/c =  0.0173   34
 Side 2  free  transition at x/c =  0.9194   54

  43   rms: 0.8080E-02   max: -.1632E+00   C at   54  2
       a = 19.250      CL =  1.0663
      Cm =  0.0522     CD =  0.08180   =>   CDf =  0.00507    CDp =  0.07673

 Side 1  free  transition at x/c =  0.0173   34
 Side 2  free  transition at x/c =  0.9194   54

  44   rms: 0.8080E-02   max: -.1632E+00   C at   54  2
       a = 19.250      CL =  1.0663
      Cm =  0.0522     CD =  0.08180   =>   CDf =  0.00507    CDp =  0.07673

 Side 1  free  transition at x/c =  0.0173   34
 Side 2  free  transition at x/c =  0.9194   54

  45   rms: 0.8080E-02   max: -.1632E+00   C at   54  2
       a = 19.250      CL =  1.0663
      Cm =  0.0522     CD =  0.08180   =>   CDf =  0.00507    CDp =  0.07673

 Side 1  free  transition at x/c =  0.0173   34
 Side 2  free  transition at x/c =  0.9194   54

  46   rms: 0.8080E-02   max: -.1632E+00   C at   54  2
       a = 19.250      CL =  1.0663
      Cm =  0.0522     CD =  0.08180   =>   CDf =  0.00507    CDp =  0.07673

 Side 1  free  transition at x/c =  0.0173   34
 Side 2  free  transition at x/c =  0.9194   54

  47   rms: 0.8080E-02   max: -.1632E+00   C at   54  2
       a = 19.250      CL =  1.0663
      Cm =  0.0522     CD =  0.08180   =>   CDf =  0.00507    CDp =  0.07673

 Side 1  free  transition at x/c =  0.0173   34
 Side 2  free  transition at x/c =  0.9194   54

  48   rms: 0.8080E-02   max: -.1632E+00   C at   54  2
       a = 19.250      CL =  1.0663
      Cm =  0.0522     CD =  0.08180   =>   CDf =  0.00507    CDp =  0.07673

 Side 1  free  transition at x/c =  0.0173   34
 Side 2  free  transition at x/c =  0.9194   54

  49   rms: 0.8080E-02   max: -.1632E+00   C at   54  2
       a = 19.250      CL =  1.0663
      Cm =  0.0522     CD =  0.08180   =>   CDf =  0.00507    CDp =  0.07673

 Side 1  free  transition at x/c =  0.0173   34
 Side 2  free  transition at x/c =  0.9194   54

  50   rms: 0.8080E-02   max: -.1632E+00   C at   54  2
       a = 19.250      CL =  1.0663
      Cm =  0.0522     CD =  0.08180   =>   CDf =  0.00507    CDp =  0.07673

 Side 1  free  transition at x/c =  0.0173   34
 Side 2  free  transition at x/c =  0.9194   54

  51   rms: 0.8080E-02   max: -.1632E+00   C at   54  2
       a = 19.250      CL =  1.0663
      Cm =  0.0522     CD =  0.08180   =>   CDf =  0.00507    CDp =  0.07673

 Side 1  free  transition at x/c =  0.0173   34
 Side 2  free  transition at x/c =  0.9194   54

  52   rms: 0.8080E-02   max: -.1632E+00   C at   54  2
       a = 19.250      CL =  1.0663
      Cm =  0.0522     CD =  0.08180   =>   CDf =  0.00507    CDp =  0.07673

 Side 1  free  transition at x/c =  0.0173   34
 Side 2  free  transition at x/c =  0.9194   54

  53   rms: 0.8080E-02   max: -.1632E+00   C at   54  2
       a = 19.250      CL =  1.0663
      Cm =  0.0522     CD =  0.08180   =>   CDf =  0.00507    CDp =  0.07673

 Side 1  free  transition at x/c =  0.0173   34
 Side 2  free  transition at x/c =  0.9194   54

  54   rms: 0.8080E-02   max: -.1632E+00   C at   54  2
       a = 19.250      CL =  1.0663
      Cm =  0.0522     CD =  0.08180   =>   CDf =  0.00507    CDp =  0.07673

 Side 1  free  transition at x/c =  0.0173   34
 Side 2  free  transition at x/c =  0.9194   54

  55   rms: 0.8080E-02   max: -.1632E+00   C at   54  2
       a = 19.250      CL =  1.0663
      Cm =  0.0522     CD =  0.08180   =>   CDf =  0.00507    CDp =  0.07673

 Side 1  free  transition at x/c =  0.0173   34
 Side 2  free  transition at x/c =  0.9194   54

  56   rms: 0.8080E-02   max: -.1632E+00   C at   54  2
       a = 19.250      CL =  1.0663
      Cm =  0.0522     CD =  0.08180   =>   CDf =  0.00507    CDp =  0.07673

 Side 1  free  transition at x/c =  0.0173   34
 Side 2  free  transition at x/c =  0.9194   54

  57   rms: 0.8080E-02   max: -.1632E+00   C at   54  2
       a = 19.250      CL =  1.0663
      Cm =  0.0522     CD =  0.08180   =>   CDf =  0.00507    CDp =  0.07673

 Side 1  free  transition at x/c =  0.0173   34
 Side 2  free  transition at x/c =  0.9194   54

  58   rms: 0.8080E-02   max: -.1632E+00   C at   54  2
       a = 19.250      CL =  1.0663
      Cm =  0.0522     CD =  0.08180   =>   CDf =  0.00507    CDp =  0.07673

 Side 1  free  transition at x/c =  0.0173   34
 Side 2  free  transition at x/c =  0.9194   54

  59   rms: 0.8080E-02   max: -.1632E+00   C at   54  2
       a = 19.250      CL =  1.0663
      Cm =  0.0522     CD =  0.08180   =>   CDf =  0.00507    CDp =  0.07673

 Side 1  free  transition at x/c =  0.0173   34
 Side 2  free  transition at x/c =  0.9194   54

  60   rms: 0.8080E-02   max: -.1632E+00   C at   54  2
       a = 19.250      CL =  1.0663
      Cm =  0.0522     CD =  0.08180   =>   CDf =  0.00507    CDp =  0.07673

 Side 1  free  transition at x/c =  0.0173   34
 Side 2  free  transition at x/c =  0.9194   54

  61   rms: 0.8080E-02   max: -.1632E+00   C at   54  2
       a = 19.250      CL =  1.0663
      Cm =  0.0522     CD =  0.08180   =>   CDf =  0.00507    CDp =  0.07673

 Side 1  free  transition at x/c =  0.0173   34
 Side 2  free  transition at x/c =  0.9194   54

  62   rms: 0.8080E-02   max: -.1632E+00   C at   54  2
       a = 19.250      CL =  1.0663
      Cm =  0.0522     CD =  0.08180   =>   CDf =  0.00507    CDp =  0.07673

 Side 1  free  transition at x/c =  0.0173   34
 Side 2  free  transition at x/c =  0.9194   54

  63   rms: 0.8080E-02   max: -.1632E+00   C at   54  2
       a = 19.250      CL =  1.0663
      Cm =  0.0522     CD =  0.08180   =>   CDf =  0.00507    CDp =  0.07673

 Side 1  free  transition at x/c =  0.0173   34
 Side 2  free  transition at x/c =  0.9194   54

  64   rms: 0.8080E-02   max: -.1632E+00   C at   54  2
       a = 19.250      CL =  1.0663
      Cm =  0.0522     CD =  0.08180   =>   CDf =  0.00507    CDp =  0.07673

 Side 1  free  transition at x/c =  0.0173   34
 Side 2  free  transition at x/c =  0.9194   54

  65   rms: 0.8080E-02   max: -.1632E+00   C at   54  2
       a = 19.250      CL =  1.0663
      Cm =  0.0522     CD =  0.08180   =>   CDf =  0.00507    CDp =  0.07673

 Side 1  free  transition at x/c =  0.0173   34
 Side 2  free  transition at x/c =  0.9194   54

  66   rms: 0.8080E-02   max: -.1632E+00   C at   54  2
       a = 19.250      CL =  1.0663
      Cm =  0.0522     CD =  0.08180   =>   CDf =  0.00507    CDp =  0.07673

 Side 1  free  transition at x/c =  0.0173   34
 Side 2  free  transition at x/c =  0.9194   54

  67   rms: 0.8080E-02   max: -.1632E+00   C at   54  2
       a = 19.250      CL =  1.0663
      Cm =  0.0522     CD =  0.08180   =>   CDf =  0.00507    CDp =  0.07673

 Side 1  free  transition at x/c =  0.0173   34
 Side 2  free  transition at x/c =  0.9194   54

  68   rms: 0.8080E-02   max: -.1632E+00   C at   54  2
       a = 19.250      CL =  1.0663
      Cm =  0.0522     CD =  0.08180   =>   CDf =  0.00507    CDp =  0.07673

 Side 1  free  transition at x/c =  0.0173   34
 Side 2  free  transition at x/c =  0.9194   54

  69   rms: 0.8080E-02   max: -.1632E+00   C at   54  2
       a = 19.250      CL =  1.0663
      Cm =  0.0522     CD =  0.08180   =>   CDf =  0.00507    CDp =  0.07673

 Side 1  free  transition at x/c =  0.0173   34
 Side 2  free  transition at x/c =  0.9194   54

  70   rms: 0.8080E-02   max: -.1632E+00   C at   54  2
       a = 19.250      CL =  1.0663
      Cm =  0.0522     CD =  0.08180   =>   CDf =  0.00507    CDp =  0.07673

 Side 1  free  transition at x/c =  0.0173   34
 Side 2  free  transition at x/c =  0.9194   54

  71   rms: 0.8080E-02   max: -.1632E+00   C at   54  2
       a = 19.250      CL =  1.0663
      Cm =  0.0522     CD =  0.08180   =>   CDf =  0.00507    CDp =  0.07673

 Side 1  free  transition at x/c =  0.0173   34
 Side 2  free  transition at x/c =  0.9194   54

  72   rms: 0.8080E-02   max: -.1632E+00   C at   54  2
       a = 19.250      CL =  1.0663
      Cm =  0.0522     CD =  0.08180   =>   CDf =  0.00507    CDp =  0.07673

 Side 1  free  transition at x/c =  0.0173   34
 Side 2  free  transition at x/c =  0.9194   54

  73   rms: 0.8080E-02   max: -.1632E+00   C at   54  2
       a = 19.250      CL =  1.0663
      Cm =  0.0522     CD =  0.08180   =>   CDf =  0.00507    CDp =  0.07673

 Side 1  free  transition at x/c =  0.0173   34
 Side 2  free  transition at x/c =  0.9194   54

  74   rms: 0.8080E-02   max: -.1632E+00   C at   54  2
       a = 19.250      CL =  1.0663
      Cm =  0.0522     CD =  0.08180   =>   CDf =  0.00507    CDp =  0.07673

 Side 1  free  transition at x/c =  0.0173   34
 Side 2  free  transition at x/c =  0.9194   54

  75   rms: 0.8080E-02   max: -.1632E+00   C at   54  2
       a = 19.250      CL =  1.0663
      Cm =  0.0522     CD =  0.08180   =>   CDf =  0.00507    CDp =  0.07673

 Side 1  free  transition at x/c =  0.0173   34
 Side 2  free  transition at x/c =  0.9194   54

  76   rms: 0.8080E-02   max: -.1632E+00   C at   54  2
       a = 19.250      CL =  1.0663
      Cm =  0.0522     CD =  0.08180   =>   CDf =  0.00507    CDp =  0.07673

 Side 1  free  transition at x/c =  0.0173   34
 Side 2  free  transition at x/c =  0.9194   54

  77   rms: 0.8080E-02   max: -.1632E+00   C at   54  2
       a = 19.250      CL =  1.0663
      Cm =  0.0522     CD =  0.08180   =>   CDf =  0.00507    CDp =  0.07673

 Side 1  free  transition at x/c =  0.0173   34
 Side 2  free  transition at x/c =  0.9194   54

  78   rms: 0.8080E-02   max: -.1632E+00   C at   54  2
       a = 19.250      CL =  1.0663
      Cm =  0.0522     CD =  0.08180   =>   CDf =  0.00507    CDp =  0.07673

 Side 1  free  transition at x/c =  0.0173   34
 Side 2  free  transition at x/c =  0.9194   54

  79   rms: 0.8080E-02   max: -.1632E+00   C at   54  2
       a = 19.250      CL =  1.0663
      Cm =  0.0522     CD =  0.08180   =>   CDf =  0.00507    CDp =  0.07673

 Side 1  free  transition at x/c =  0.0173   34
 Side 2  free  transition at x/c =  0.9194   54

  80   rms: 0.8080E-02   max: -.1632E+00   C at   54  2
       a = 19.250      CL =  1.0663
      Cm =  0.0522     CD =  0.08180   =>   CDf =  0.00507    CDp =  0.07673

 Side 1  free  transition at x/c =  0.0173   34
 Side 2  free  transition at x/c =  0.9194   54

  81   rms: 0.8080E-02   max: -.1632E+00   C at   54  2
       a = 19.250      CL =  1.0663
      Cm =  0.0522     CD =  0.08180   =>   CDf =  0.00507    CDp =  0.07673

 Side 1  free  transition at x/c =  0.0173   34
 Side 2  free  transition at x/c =  0.9194   54

  82   rms: 0.8080E-02   max: -.1632E+00   C at   54  2
       a = 19.250      CL =  1.0663
      Cm =  0.0522     CD =  0.08180   =>   CDf =  0.00507    CDp =  0.07673

 Side 1  free  transition at x/c =  0.0173   34
 Side 2  free  transition at x/c =  0.9194   54

  83   rms: 0.8080E-02   max: -.1632E+00   C at   54  2
       a = 19.250      CL =  1.0663
      Cm =  0.0522     CD =  0.08180   =>   CDf =  0.00507    CDp =  0.07673

 Side 1  free  transition at x/c =  0.0173   34
 Side 2  free  transition at x/c =  0.9194   54

  84   rms: 0.8080E-02   max: -.1632E+00   C at   54  2
       a = 19.250      CL =  1.0663
      Cm =  0.0522     CD =  0.08180   =>   CDf =  0.00507    CDp =  0.07673

 Side 1  free  transition at x/c =  0.0173   34
 Side 2  free  transition at x/c =  0.9194   54

  85   rms: 0.8080E-02   max: -.1632E+00   C at   54  2
       a = 19.250      CL =  1.0663
      Cm =  0.0522     CD =  0.08180   =>   CDf =  0.00507    CDp =  0.07673

 Side 1  free  transition at x/c =  0.0173   34
 Side 2  free  transition at x/c =  0.9194   54

  86   rms: 0.8080E-02   max: -.1632E+00   C at   54  2
       a = 19.250      CL =  1.0663
      Cm =  0.0522     CD =  0.08180   =>   CDf =  0.00507    CDp =  0.07673

 Side 1  free  transition at x/c =  0.0173   34
 Side 2  free  transition at x/c =  0.9194   54

  87   rms: 0.8080E-02   max: -.1632E+00   C at   54  2
       a = 19.250      CL =  1.0663
      Cm =  0.0522     CD =  0.08180   =>   CDf =  0.00507    CDp =  0.07673

 Side 1  free  transition at x/c =  0.0173   34
 Side 2  free  transition at x/c =  0.9194   54

  88   rms: 0.8080E-02   max: -.1632E+00   C at   54  2
       a = 19.250      CL =  1.0663
      Cm =  0.0522     CD =  0.08180   =>   CDf =  0.00507    CDp =  0.07673

 Side 1  free  transition at x/c =  0.0173   34
 Side 2  free  transition at x/c =  0.9194   54

  89   rms: 0.8080E-02   max: -.1632E+00   C at   54  2
       a = 19.250      CL =  1.0663
      Cm =  0.0522     CD =  0.08180   =>   CDf =  0.00507    CDp =  0.07673

 Side 1  free  transition at x/c =  0.0173   34
 Side 2  free  transition at x/c =  0.9194   54

  90   rms: 0.8080E-02   max: -.1632E+00   C at   54  2
       a = 19.250      CL =  1.0663
      Cm =  0.0522     CD =  0.08180   =>   CDf =  0.00507    CDp =  0.07673

 Side 1  free  transition at x/c =  0.0173   34
 Side 2  free  transition at x/c =  0.9194   54

  91   rms: 0.8080E-02   max: -.1632E+00   C at   54  2
       a = 19.250      CL =  1.0663
      Cm =  0.0522     CD =  0.08180   =>   CDf =  0.00507    CDp =  0.07673

 Side 1  free  transition at x/c =  0.0173   34
 Side 2  free  transition at x/c =  0.9194   54

  92   rms: 0.8080E-02   max: -.1632E+00   C at   54  2
       a = 19.250      CL =  1.0663
      Cm =  0.0522     CD =  0.08180   =>   CDf =  0.00507    CDp =  0.07673

 Side 1  free  transition at x/c =  0.0173   34
 Side 2  free  transition at x/c =  0.9194   54

  93   rms: 0.8080E-02   max: -.1632E+00   C at   54  2
       a = 19.250      CL =  1.0663
      Cm =  0.0522     CD =  0.08180   =>   CDf =  0.00507    CDp =  0.07673

 Side 1  free  transition at x/c =  0.0173   34
 Side 2  free  transition at x/c =  0.9194   54

  94   rms: 0.8080E-02   max: -.1632E+00   C at   54  2
       a = 19.250      CL =  1.0663
      Cm =  0.0522     CD =  0.08180   =>   CDf =  0.00507    CDp =  0.07673

 Side 1  free  transition at x/c =  0.0173   34
 Side 2  free  transition at x/c =  0.9194   54

  95   rms: 0.8080E-02   max: -.1632E+00   C at   54  2
       a = 19.250      CL =  1.0663
      Cm =  0.0522     CD =  0.08180   =>   CDf =  0.00507    CDp =  0.07673

 Side 1  free  transition at x/c =  0.0173   34
 Side 2  free  transition at x/c =  0.9194   54

  96   rms: 0.8080E-02   max: -.1632E+00   C at   54  2
       a = 19.250      CL =  1.0663
      Cm =  0.0522     CD =  0.08180   =>   CDf =  0.00507    CDp =  0.07673

 Side 1  free  transition at x/c =  0.0173   34
 Side 2  free  transition at x/c =  0.9194   54

  97   rms: 0.8080E-02   max: -.1632E+00   C at   54  2
       a = 19.250      CL =  1.0663
      Cm =  0.0522     CD =  0.08180   =>   CDf =  0.00507    CDp =  0.07673

 Side 1  free  transition at x/c =  0.0173   34
 Side 2  free  transition at x/c =  0.9194   54

  98   rms: 0.8080E-02   max: -.1632E+00   C at   54  2
       a = 19.250      CL =  1.0663
      Cm =  0.0522     CD =  0.08180   =>   CDf =  0.00507    CDp =  0.07673

 Side 1  free  transition at x/c =  0.0173   34
 Side 2  free  transition at x/c =  0.9194   54

  99   rms: 0.8080E-02   max: -.1632E+00   C at   54  2
       a = 19.250      CL =  1.0663
      Cm =  0.0522     CD =  0.08180   =>   CDf =  0.00507    CDp =  0.07673

 Side 1  free  transition at x/c =  0.0173   34
 Side 2  free  transition at x/c =  0.9194   54

 100   rms: 0.8080E-02   max: -.1632E+00   C at   54  2
       a = 19.250      CL =  1.0663
      Cm =  0.0522     CD =  0.08180   =>   CDf =  0.00507    CDp =  0.07673

 Side 1  free  transition at x/c =  0.0173   34
 Side 2  free  transition at x/c =  0.9194   54

 101   rms: 0.8080E-02   max: -.1632E+00   C at   54  2
       a = 19.250      CL =  1.0663
      Cm =  0.0522     CD =  0.08180   =>   CDf =  0.00507    CDp =  0.07673

 Side 1  free  transition at x/c =  0.0173   34
 Side 2  free  transition at x/c =  0.9194   54

 102   rms: 0.8080E-02   max: -.1632E+00   C at   54  2
       a = 19.250      CL =  1.0663
      Cm =  0.0522     CD =  0.08180   =>   CDf =  0.00507    CDp =  0.07673

 Side 1  free  transition at x/c =  0.0173   34
 Side 2  free  transition at x/c =  0.9194   54

 103   rms: 0.8080E-02   max: -.1632E+00   C at   54  2
       a = 19.250      CL =  1.0663
      Cm =  0.0522     CD =  0.08180   =>   CDf =  0.00507    CDp =  0.07673

 Side 1  free  transition at x/c =  0.0173   34
 Side 2  free  transition at x/c =  0.9194   54

 104   rms: 0.8080E-02   max: -.1632E+00   C at   54  2
       a = 19.250      CL =  1.0663
      Cm =  0.0522     CD =  0.08180   =>   CDf =  0.00507    CDp =  0.07673

 Side 1  free  transition at x/c =  0.0173   34
 Side 2  free  transition at x/c =  0.9194   54

 105   rms: 0.8080E-02   max: -.1632E+00   C at   54  2
       a = 19.250      CL =  1.0663
      Cm =  0.0522     CD =  0.08180   =>   CDf =  0.00507    CDp =  0.07673

 Side 1  free  transition at x/c =  0.0173   34
 Side 2  free  transition at x/c =  0.9194   54

 106   rms: 0.8080E-02   max: -.1632E+00   C at   54  2
       a = 19.250      CL =  1.0663
      Cm =  0.0522     CD =  0.08180   =>   CDf =  0.00507    CDp =  0.07673

 Side 1  free  transition at x/c =  0.0173   34
 Side 2  free  transition at x/c =  0.9194   54

 107   rms: 0.8080E-02   max: -.1632E+00   C at   54  2
       a = 19.250      CL =  1.0663
      Cm =  0.0522     CD =  0.08180   =>   CDf =  0.00507    CDp =  0.07673

 Side 1  free  transition at x/c =  0.0173   34
 Side 2  free  transition at x/c =  0.9194   54

 108   rms: 0.8080E-02   max: -.1632E+00   C at   54  2
       a = 19.250      CL =  1.0663
      Cm =  0.0522     CD =  0.08180   =>   CDf =  0.00507    CDp =  0.07673

 Side 1  free  transition at x/c =  0.0173   34
 Side 2  free  transition at x/c =  0.9194   54

 109   rms: 0.8080E-02   max: -.1632E+00   C at   54  2
       a = 19.250      CL =  1.0663
      Cm =  0.0522     CD =  0.08180   =>   CDf =  0.00507    CDp =  0.07673

 Side 1  free  transition at x/c =  0.0173   34
 Side 2  free  transition at x/c =  0.9194   54

 110   rms: 0.8080E-02   max: -.1632E+00   C at   54  2
       a = 19.250      CL =  1.0663
      Cm =  0.0522     CD =  0.08180   =>   CDf =  0.00507    CDp =  0.07673

 Side 1  free  transition at x/c =  0.0173   34
 Side 2  free  transition at x/c =  0.9194   54

 111   rms: 0.8080E-02   max: -.1632E+00   C at   54  2
       a = 19.250      CL =  1.0663
      Cm =  0.0522     CD =  0.08180   =>   CDf =  0.00507    CDp =  0.07673

 Side 1  free  transition at x/c =  0.0173   34
 Side 2  free  transition at x/c =  0.9194   54

 112   rms: 0.8080E-02   max: -.1632E+00   C at   54  2
       a = 19.250      CL =  1.0663
      Cm =  0.0522     CD =  0.08180   =>   CDf =  0.00507    CDp =  0.07673

 Side 1  free  transition at x/c =  0.0173   34
 Side 2  free  transition at x/c =  0.9194   54

 113   rms: 0.8080E-02   max: -.1632E+00   C at   54  2
       a = 19.250      CL =  1.0663
      Cm =  0.0522     CD =  0.08180   =>   CDf =  0.00507    CDp =  0.07673

 Side 1  free  transition at x/c =  0.0173   34
 Side 2  free  transition at x/c =  0.9194   54

 114   rms: 0.8080E-02   max: -.1632E+00   C at   54  2
       a = 19.250      CL =  1.0663
      Cm =  0.0522     CD =  0.08180   =>   CDf =  0.00507    CDp =  0.07673

 Side 1  free  transition at x/c =  0.0173   34
 Side 2  free  transition at x/c =  0.9194   54

 115   rms: 0.8080E-02   max: -.1632E+00   C at   54  2
       a = 19.250      CL =  1.0663
      Cm =  0.0522     CD =  0.08180   =>   CDf =  0.00507    CDp =  0.07673

 Side 1  free  transition at x/c =  0.0173   34
 Side 2  free  transition at x/c =  0.9194   54

 116   rms: 0.8080E-02   max: -.1632E+00   C at   54  2
       a = 19.250      CL =  1.0663
      Cm =  0.0522     CD =  0.08180   =>   CDf =  0.00507    CDp =  0.07673

 Side 1  free  transition at x/c =  0.0173   34
 Side 2  free  transition at x/c =  0.9194   54

 117   rms: 0.8080E-02   max: -.1632E+00   C at   54  2
       a = 19.250      CL =  1.0663
      Cm =  0.0522     CD =  0.08180   =>   CDf =  0.00507    CDp =  0.07673

 Side 1  free  transition at x/c =  0.0173   34
 Side 2  free  transition at x/c =  0.9194   54

 118   rms: 0.8080E-02   max: -.1632E+00   C at   54  2
       a = 19.250      CL =  1.0663
      Cm =  0.0522     CD =  0.08180   =>   CDf =  0.00507    CDp =  0.07673

 Side 1  free  transition at x/c =  0.0173   34
 Side 2  free  transition at x/c =  0.9194   54

 119   rms: 0.8080E-02   max: -.1632E+00   C at   54  2
       a = 19.250      CL =  1.0663
      Cm =  0.0522     CD =  0.08180   =>   CDf =  0.00507    CDp =  0.07673

 Side 1  free  transition at x/c =  0.0173   34
 Side 2  free  transition at x/c =  0.9194   54

 120   rms: 0.8080E-02   max: -.1632E+00   C at   54  2
       a = 19.250      CL =  1.0663
      Cm =  0.0522     CD =  0.08180   =>   CDf =  0.00507    CDp =  0.07673

 Side 1  free  transition at x/c =  0.0173   34
 Side 2  free  transition at x/c =  0.9194   54

 121   rms: 0.8080E-02   max: -.1632E+00   C at   54  2
       a = 19.250      CL =  1.0663
      Cm =  0.0522     CD =  0.08180   =>   CDf =  0.00507    CDp =  0.07673

 Side 1  free  transition at x/c =  0.0173   34
 Side 2  free  transition at x/c =  0.9194   54

 122   rms: 0.8080E-02   max: -.1632E+00   C at   54  2
       a = 19.250      CL =  1.0663
      Cm =  0.0522     CD =  0.08180   =>   CDf =  0.00507    CDp =  0.07673

 Side 1  free  transition at x/c =  0.0173   34
 Side 2  free  transition at x/c =  0.9194   54

 123   rms: 0.8080E-02   max: -.1632E+00   C at   54  2
       a = 19.250      CL =  1.0663
      Cm =  0.0522     CD =  0.08180   =>   CDf =  0.00507    CDp =  0.07673

 Side 1  free  transition at x/c =  0.0173   34
 Side 2  free  transition at x/c =  0.9194   54

 124   rms: 0.8080E-02   max: -.1632E+00   C at   54  2
       a = 19.250      CL =  1.0663
      Cm =  0.0522     CD =  0.08180   =>   CDf =  0.00507    CDp =  0.07673

 Side 1  free  transition at x/c =  0.0173   34
 Side 2  free  transition at x/c =  0.9194   54

 125   rms: 0.8080E-02   max: -.1632E+00   C at   54  2
       a = 19.250      CL =  1.0663
      Cm =  0.0522     CD =  0.08180   =>   CDf =  0.00507    CDp =  0.07673

 Side 1  free  transition at x/c =  0.0173   34
 Side 2  free  transition at x/c =  0.9194   54

 126   rms: 0.8080E-02   max: -.1632E+00   C at   54  2
       a = 19.250      CL =  1.0663
      Cm =  0.0522     CD =  0.08180   =>   CDf =  0.00507    CDp =  0.07673

 Side 1  free  transition at x/c =  0.0173   34
 Side 2  free  transition at x/c =  0.9194   54

 127   rms: 0.8080E-02   max: -.1632E+00   C at   54  2
       a = 19.250      CL =  1.0663
      Cm =  0.0522     CD =  0.08180   =>   CDf =  0.00507    CDp =  0.07673

 Side 1  free  transition at x/c =  0.0173   34
 Side 2  free  transition at x/c =  0.9194   54

 128   rms: 0.8080E-02   max: -.1632E+00   C at   54  2
       a = 19.250      CL =  1.0663
      Cm =  0.0522     CD =  0.08180   =>   CDf =  0.00507    CDp =  0.07673

 Side 1  free  transition at x/c =  0.0173   34
 Side 2  free  transition at x/c =  0.9194   54

 129   rms: 0.8080E-02   max: -.1632E+00   C at   54  2
       a = 19.250      CL =  1.0663
      Cm =  0.0522     CD =  0.08180   =>   CDf =  0.00507    CDp =  0.07673

 Side 1  free  transition at x/c =  0.0173   34
 Side 2  free  transition at x/c =  0.9194   54

 130   rms: 0.8080E-02   max: -.1632E+00   C at   54  2
       a = 19.250      CL =  1.0663
      Cm =  0.0522     CD =  0.08180   =>   CDf =  0.00507    CDp =  0.07673

 Side 1  free  transition at x/c =  0.0173   34
 Side 2  free  transition at x/c =  0.9194   54

 131   rms: 0.8080E-02   max: -.1632E+00   C at   54  2
       a = 19.250      CL =  1.0663
      Cm =  0.0522     CD =  0.08180   =>   CDf =  0.00507    CDp =  0.07673

 Side 1  free  transition at x/c =  0.0173   34
 Side 2  free  transition at x/c =  0.9194   54

 132   rms: 0.8080E-02   max: -.1632E+00   C at   54  2
       a = 19.250      CL =  1.0663
      Cm =  0.0522     CD =  0.08180   =>   CDf =  0.00507    CDp =  0.07673

 Side 1  free  transition at x/c =  0.0173   34
 Side 2  free  transition at x/c =  0.9194   54

 133   rms: 0.8080E-02   max: -.1632E+00   C at   54  2
       a = 19.250      CL =  1.0663
      Cm =  0.0522     CD =  0.08180   =>   CDf =  0.00507    CDp =  0.07673

 Side 1  free  transition at x/c =  0.0173   34
 Side 2  free  transition at x/c =  0.9194   54

 134   rms: 0.8080E-02   max: -.1632E+00   C at   54  2
       a = 19.250      CL =  1.0663
      Cm =  0.0522     CD =  0.08180   =>   CDf =  0.00507    CDp =  0.07673

 Side 1  free  transition at x/c =  0.0173   34
 Side 2  free  transition at x/c =  0.9194   54

 135   rms: 0.8080E-02   max: -.1632E+00   C at   54  2
       a = 19.250      CL =  1.0663
      Cm =  0.0522     CD =  0.08180   =>   CDf =  0.00507    CDp =  0.07673

 Side 1  free  transition at x/c =  0.0173   34
 Side 2  free  transition at x/c =  0.9194   54

 136   rms: 0.8080E-02   max: -.1632E+00   C at   54  2
       a = 19.250      CL =  1.0663
      Cm =  0.0522     CD =  0.08180   =>   CDf =  0.00507    CDp =  0.07673

 Side 1  free  transition at x/c =  0.0173   34
 Side 2  free  transition at x/c =  0.9194   54

 137   rms: 0.8080E-02   max: -.1632E+00   C at   54  2
       a = 19.250      CL =  1.0663
      Cm =  0.0522     CD =  0.08180   =>   CDf =  0.00507    CDp =  0.07673

 Side 1  free  transition at x/c =  0.0173   34
 Side 2  free  transition at x/c =  0.9194   54

 138   rms: 0.8080E-02   max: -.1632E+00   C at   54  2
       a = 19.250      CL =  1.0663
      Cm =  0.0522     CD =  0.08180   =>   CDf =  0.00507    CDp =  0.07673

 Side 1  free  transition at x/c =  0.0173   34
 Side 2  free  transition at x/c =  0.9194   54

 139   rms: 0.8080E-02   max: -.1632E+00   C at   54  2
       a = 19.250      CL =  1.0663
      Cm =  0.0522     CD =  0.08180   =>   CDf =  0.00507    CDp =  0.07673

 Side 1  free  transition at x/c =  0.0173   34
 Side 2  free  transition at x/c =  0.9194   54

 140   rms: 0.8080E-02   max: -.1632E+00   C at   54  2
       a = 19.250      CL =  1.0663
      Cm =  0.0522     CD =  0.08180   =>   CDf =  0.00507    CDp =  0.07673

 Side 1  free  transition at x/c =  0.0173   34
 Side 2  free  transition at x/c =  0.9194   54

 141   rms: 0.8080E-02   max: -.1632E+00   C at   54  2
       a = 19.250      CL =  1.0663
      Cm =  0.0522     CD =  0.08180   =>   CDf =  0.00507    CDp =  0.07673

 Side 1  free  transition at x/c =  0.0173   34
 Side 2  free  transition at x/c =  0.9194   54

 142   rms: 0.8080E-02   max: -.1632E+00   C at   54  2
       a = 19.250      CL =  1.0663
      Cm =  0.0522     CD =  0.08180   =>   CDf =  0.00507    CDp =  0.07673

 Side 1  free  transition at x/c =  0.0173   34
 Side 2  free  transition at x/c =  0.9194   54

 143   rms: 0.8080E-02   max: -.1632E+00   C at   54  2
       a = 19.250      CL =  1.0663
      Cm =  0.0522     CD =  0.08180   =>   CDf =  0.00507    CDp =  0.07673

 Side 1  free  transition at x/c =  0.0173   34
 Side 2  free  transition at x/c =  0.9194   54

 144   rms: 0.8080E-02   max: -.1632E+00   C at   54  2
       a = 19.250      CL =  1.0663
      Cm =  0.0522     CD =  0.08180   =>   CDf =  0.00507    CDp =  0.07673

 Side 1  free  transition at x/c =  0.0173   34
 Side 2  free  transition at x/c =  0.9194   54

 145   rms: 0.8080E-02   max: -.1632E+00   C at   54  2
       a = 19.250      CL =  1.0663
      Cm =  0.0522     CD =  0.08180   =>   CDf =  0.00507    CDp =  0.07673

 Side 1  free  transition at x/c =  0.0173   34
 Side 2  free  transition at x/c =  0.9194   54

 146   rms: 0.8080E-02   max: -.1632E+00   C at   54  2
       a = 19.250      CL =  1.0663
      Cm =  0.0522     CD =  0.08180   =>   CDf =  0.00507    CDp =  0.07673

 Side 1  free  transition at x/c =  0.0173   34
 Side 2  free  transition at x/c =  0.9194   54

 147   rms: 0.8080E-02   max: -.1632E+00   C at   54  2
       a = 19.250      CL =  1.0663
      Cm =  0.0522     CD =  0.08180   =>   CDf =  0.00507    CDp =  0.07673

 Side 1  free  transition at x/c =  0.0173   34
 Side 2  free  transition at x/c =  0.9194   54

 148   rms: 0.8080E-02   max: -.1632E+00   C at   54  2
       a = 19.250      CL =  1.0663
      Cm =  0.0522     CD =  0.08180   =>   CDf =  0.00507    CDp =  0.07673

 Side 1  free  transition at x/c =  0.0173   34
 Side 2  free  transition at x/c =  0.9194   54

 149   rms: 0.8080E-02   max: -.1632E+00   C at   54  2
       a = 19.250      CL =  1.0663
      Cm =  0.0522     CD =  0.08180   =>   CDf =  0.00507    CDp =  0.07673

 Side 1  free  transition at x/c =  0.0173   34
 Side 2  free  transition at x/c =  0.9194   54

 150   rms: 0.8080E-02   max: -.1632E+00   C at   54  2
       a = 19.250      CL =  1.0663
      Cm =  0.0522     CD =  0.08180   =>   CDf =  0.00507    CDp =  0.07673

 Side 1  free  transition at x/c =  0.0173   34
 Side 2  free  transition at x/c =  0.9194   54

 151   rms: 0.8080E-02   max: -.1632E+00   C at   54  2
       a = 19.250      CL =  1.0663
      Cm =  0.0522     CD =  0.08180   =>   CDf =  0.00507    CDp =  0.07673

 Side 1  free  transition at x/c =  0.0173   34
 Side 2  free  transition at x/c =  0.9194   54

 152   rms: 0.8080E-02   max: -.1632E+00   C at   54  2
       a = 19.250      CL =  1.0663
      Cm =  0.0522     CD =  0.08180   =>   CDf =  0.00507    CDp =  0.07673

 Side 1  free  transition at x/c =  0.0173   34
 Side 2  free  transition at x/c =  0.9194   54

 153   rms: 0.8080E-02   max: -.1632E+00   C at   54  2
       a = 19.250      CL =  1.0663
      Cm =  0.0522     CD =  0.08180   =>   CDf =  0.00507    CDp =  0.07673

 Side 1  free  transition at x/c =  0.0173   34
 Side 2  free  transition at x/c =  0.9194   54

 154   rms: 0.8080E-02   max: -.1632E+00   C at   54  2
       a = 19.250      CL =  1.0663
      Cm =  0.0522     CD =  0.08180   =>   CDf =  0.00507    CDp =  0.07673

 Side 1  free  transition at x/c =  0.0173   34
 Side 2  free  transition at x/c =  0.9194   54

 155   rms: 0.8080E-02   max: -.1632E+00   C at   54  2
       a = 19.250      CL =  1.0663
      Cm =  0.0522     CD =  0.08180   =>   CDf =  0.00507    CDp =  0.07673
 VISCAL:  Convergence failed
 Calculating wake trajectory ...
 Calculating source influence matrix ...

 Solving BL system ...

 Side 1  free  transition at x/c =  0.0173   34
 Side 2  free  transition at x/c =  0.9194   54

   1   rms: 0.5375E-01   max: -.2146E+00   C at   54  2   RLX: 0.316
       a = 19.750      CL =  1.0695
      Cm =  0.0517     CD =  0.08373   =>   CDf =  0.00508    CDp =  0.07865

 Side 1  free  transition at x/c =  0.0172   34
 Side 2  free  transition at x/c =  0.9290   55

   2   rms: 0.5306E-01   max: -.8233E+00   C at   55  2   RLX: 0.607
       a = 19.750      CL =  1.0735
      Cm =  0.0511     CD =  0.08588   =>   CDf =  0.00497    CDp =  0.08091

 Side 1  free  transition at x/c =  0.0171   34
 Side 2  free  transition at x/c =  0.9382   56

   3   rms: 0.3799E-01   max: -.7185E+00   C at   56  2   RLX: 0.696
       a = 19.750      CL =  1.0744
      Cm =  0.0503     CD =  0.08695   =>   CDf =  0.00487    CDp =  0.08208

 Side 1  free  transition at x/c =  0.0170   34
 Side 2  free  transition at x/c =  0.9473   56

   4   rms: 0.2295E-01   max: -.4381E+00   C at   56  2
       a = 19.750      CL =  1.0749
      Cm =  0.0498     CD =  0.08776   =>   CDf =  0.00481    CDp =  0.08295

 Side 1  free  transition at x/c =  0.0170   34
 Side 2  free  transition at x/c =  0.9522   57

   5   rms: 0.6352E-02   max: -.1083E+00   D at   56  2
       a = 19.750      CL =  1.0760
      Cm =  0.0493     CD =  0.08777   =>   CDf =  0.00476    CDp =  0.08300

 Side 1  free  transition at x/c =  0.0170   34
 Side 2  free  transition at x/c =  0.9492   57

   6   rms: 0.4029E-02   max: -.7737E-01   C at   57  2
       a = 19.750      CL =  1.0755
      Cm =  0.0494     CD =  0.08772   =>   CDf =  0.00476    CDp =  0.08296

 Side 1  free  transition at x/c =  0.0170   34
 Side 2  free  transition at x/c =  0.9506   57

   7   rms: 0.3064E-03   max: 0.5794E-02   C at   57  2
       a = 19.750      CL =  1.0755
      Cm =  0.0494     CD =  0.08772   =>   CDf =  0.00476    CDp =  0.08296

 Side 1  free  transition at x/c =  0.0170   34
 Side 2  free  transition at x/c =  0.9505   57

   8   rms: 0.2101E-05   max: 0.1686E-04   C at   57  2
       a = 19.750      CL =  1.0755
      Cm =  0.0494     CD =  0.08772   =>   CDf =  0.00476    CDp =  0.08296
 plradd ia,ip,cpol           11           0  2.17573228E-03

 Point added to stored polar  1
 Point written to save file  naca664221_Re600k.ext.pol                       
 Dump file unspecified or not available
 Calculating wake trajectory ...
 Calculating source influence matrix ...

 Solving BL system ...

 Side 1  free  transition at x/c =  0.0170   34
 Side 2  free  transition at x/c =  0.9505   57

   1   rms: 0.1029E+00   max: -.1566E+01   C at   57  2   RLX: 0.309
       a = 20.250      CL =  1.0839
      Cm =  0.0471     CD =  0.09023   =>   CDf =  0.00476    CDp =  0.08547

 Side 1  free  transition at x/c =  0.0169   34
 Side 2  free  transition at x/c =  0.9634   58

   2   rms: 0.8725E-01   max: -.1299E+01   C at   58  2   RLX: 0.385
       a = 20.250      CL =  1.0917
      Cm =  0.0448     CD =  0.09189   =>   CDf =  0.00468    CDp =  0.08721

 Side 1  free  transition at x/c =  0.0169   34
 Side 2  free  transition at x/c =  0.9827   60

   3   rms: 0.1911E+00   max: 0.3666E+01   C at   60  2   RLX: 0.409
       a = 20.250      CL =  1.0958
      Cm =  0.0431     CD =  0.09303   =>   CDf =  0.00460    CDp =  0.08843

 Side 1  free  transition at x/c =  0.0168   34
 Side 2  free  transition at x/c =  0.9861   60

   4   rms: 0.2382E+01   max: -.4601E+02   C at   60  2   RLX: 0.011
       a = 20.250      CL =  1.0961
      Cm =  0.0429     CD =  0.09234   =>   CDf =  0.00456    CDp =  0.08778

 Side 1  free  transition at x/c =  0.0168   34
 Side 2  free  transition at x/c =  0.9893   60

   5   rms: 0.2114E+00   max: -.4068E+01   C at   60  2   RLX: 0.123
       a = 20.250      CL =  1.0960
      Cm =  0.0428     CD =  0.09274   =>   CDf =  0.00456    CDp =  0.08818

 Side 1  free  transition at x/c =  0.0168   34
 Side 2  free  transition at x/c =  0.9947   61

   6   rms: 0.1431E+00   max: -.3864E+01   C at   61  2   RLX: 0.129
       a = 20.250      CL =  1.0960
      Cm =  0.0427     CD =  0.09303   =>   CDf =  0.00455    CDp =  0.08848

 Side 1  free  transition at x/c =  0.0168   34
 Side 2  free  transition at x/c =  0.9971   61

   7   rms: 0.8699E-01   max: -.2335E+01   C at   61  2   RLX: 0.214
       a = 20.250      CL =  1.0960
      Cm =  0.0425     CD =  0.09354   =>   CDf =  0.00454    CDp =  0.08900

 Side 1  free  transition at x/c =  0.0168   34
 Side 2 forced transition at x/c =  1.0000   61

   8   rms: 0.1365E-01   max: 0.1710E+00   C at   61  2
       a = 20.250      CL =  1.0870
      Cm =  0.0444     CD =  0.09488   =>   CDf =  0.00453    CDp =  0.09035

 Side 1  free  transition at x/c =  0.0168   34
 Side 2 forced transition at x/c =  1.0000   61

   9   rms: 0.1345E-02   max: -.8978E-02   C at   61  2
       a = 20.250      CL =  1.0863
      Cm =  0.0444     CD =  0.09463   =>   CDf =  0.00452    CDp =  0.09011

 Side 1  free  transition at x/c =  0.0168   34
 Side 2 forced transition at x/c =  1.0000   61

  10   rms: 0.6764E-04   max: 0.5267E-03   D at   78  2
       a = 20.250      CL =  1.0863
      Cm =  0.0444     CD =  0.09460   =>   CDf =  0.00452    CDp =  0.09008
 plradd ia,ip,cpol           12           0  2.17573228E-03

 Point added to stored polar  1
 Point written to save file  naca664221_Re600k.ext.pol                       
 Dump file unspecified or not available
 Calculating wake trajectory ...
 Calculating source influence matrix ...

 Solving BL system ...

 Side 1  free  transition at x/c =  0.0168   34
 Side 2 forced transition at x/c =  1.0000   61

   1   rms: 0.5473E-01   max: 0.1918E+00   D at   65  1   RLX: 0.297
       a = 20.750      CL =  1.0883
      Cm =  0.0436     CD =  0.09686   =>   CDf =  0.00453    CDp =  0.09234

 Side 1  free  transition at x/c =  0.0168   34
 Side 2 forced transition at x/c =  1.0000   61

   2   rms: 0.3944E-01   max: 0.1488E+00   D at   65  1
       a = 20.750      CL =  1.0894
      Cm =  0.0415     CD =  0.10269   =>   CDf =  0.00411    CDp =  0.09858

 Side 1  free  transition at x/c =  0.0169   35
 Side 2 forced transition at x/c =  1.0000   60

   3   rms: 0.1003E-01   max: 0.4564E-01   D at   68  1
       a = 20.750      CL =  1.0823
      Cm =  0.0414     CD =  0.10246   =>   CDf =  0.00428    CDp =  0.09818

 Side 1  free  transition at x/c =  0.0169   35
 Side 2 forced transition at x/c =  1.0000   60

   4   rms: 0.1332E-02   max: 0.9148E-02   D at   68  1
       a = 20.750      CL =  1.0815
      Cm =  0.0414     CD =  0.10222   =>   CDf =  0.00425    CDp =  0.09796

 Side 1  free  transition at x/c =  0.0169   35
 Side 2 forced transition at x/c =  1.0000   60

   5   rms: 0.9040E-04   max: 0.6837E-03   D at   77  2
       a = 20.750      CL =  1.0814
      Cm =  0.0414     CD =  0.10219   =>   CDf =  0.00425    CDp =  0.09793
 plradd ia,ip,cpol           13           0  2.17573228E-03

 Point added to stored polar  1
 Point written to save file  naca664221_Re600k.ext.pol                       
 Dump file unspecified or not available
 Calculating wake trajectory ...
 Calculating source influence matrix ...

 Solving BL system ...

 Side 1  free  transition at x/c =  0.0169   35
 Side 2 forced transition at x/c =  1.0000   60

   1   rms: 0.5351E-01   max: 0.2257E+00   D at   65  1   RLX: 0.285
       a = 21.250      CL =  1.0809
      Cm =  0.0403     CD =  0.10490   =>   CDf =  0.00426    CDp =  0.10064

 Side 1  free  transition at x/c =  0.0169   35
 Side 2 forced transition at x/c =  1.0000   60

   2   rms: 0.3837E-01   max: 0.1612E+00   D at   65  1
       a = 21.250      CL =  1.0792
      Cm =  0.0376     CD =  0.11156   =>   CDf =  0.00420    CDp =  0.10736

 Side 1  free  transition at x/c =  0.0168   35
 Side 2 forced transition at x/c =  1.0000   60

   3   rms: 0.9173E-02   max: 0.6168E-01   D at   67  1
       a = 21.250      CL =  1.0727
      Cm =  0.0375     CD =  0.11091   =>   CDf =  0.00405    CDp =  0.10686

 Side 1  free  transition at x/c =  0.0168   35
 Side 2 forced transition at x/c =  1.0000   60

   4   rms: 0.6765E-03   max: 0.4583E-02   D at   78  2
       a = 21.250      CL =  1.0727
      Cm =  0.0376     CD =  0.11050   =>   CDf =  0.00403    CDp =  0.10647

 Side 1  free  transition at x/c =  0.0168   35
 Side 2 forced transition at x/c =  1.0000   60

   5   rms: 0.6300E-04   max: -.2874E-03   D at   79  2
       a = 21.250      CL =  1.0728
      Cm =  0.0376     CD =  0.11050   =>   CDf =  0.00403    CDp =  0.10647
 plradd ia,ip,cpol           14           0  2.17573228E-03

 Point added to stored polar  1
 Point written to save file  naca664221_Re600k.ext.pol                       
 Dump file unspecified or not available
 Calculating wake trajectory ...
 Calculating source influence matrix ...

 Solving BL system ...

 Side 1  free  transition at x/c =  0.0168   35
 Side 2 forced transition at x/c =  1.0000   60

   1   rms: 0.5498E-01   max: 0.2426E+00   D at   64  1   RLX: 0.274
       a = 21.750      CL =  1.0713
      Cm =  0.0364     CD =  0.11344   =>   CDf =  0.00404    CDp =  0.10940

 Side 1  free  transition at x/c =  0.0168   35
 Side 2 forced transition at x/c =  1.0000   60

   2   rms: 0.4359E-01   max: 0.1967E+00   D at   65  1
       a = 21.750      CL =  1.0638
      Cm =  0.0327     CD =  0.12193   =>   CDf =  0.00397    CDp =  0.11795

 Side 1  free  transition at x/c =  0.0167   35
 Side 2 forced transition at x/c =  1.0000   60

   3   rms: 0.1210E-01   max: 0.8153E-01   D at   65  1
       a = 21.750      CL =  1.0558
      Cm =  0.0325     CD =  0.12103   =>   CDf =  0.00378    CDp =  0.11725

 Side 1  free  transition at x/c =  0.0167   35
 Side 2 forced transition at x/c =  1.0000   60

   4   rms: 0.1106E-02   max: 0.7491E-02   D at   78  2
       a = 21.750      CL =  1.0552
      Cm =  0.0326     CD =  0.12052   =>   CDf =  0.00375    CDp =  0.11677

 Side 1  free  transition at x/c =  0.0167   35
 Side 2 forced transition at x/c =  1.0000   60

   5   rms: 0.6206E-04   max: 0.6165E-03   D at   78  2
       a = 21.750      CL =  1.0551
      Cm =  0.0326     CD =  0.12047   =>   CDf =  0.00375    CDp =  0.11672
 plradd ia,ip,cpol           15           0  2.17573228E-03

 Point added to stored polar  1
 Point written to save file  naca664221_Re600k.ext.pol                       
 Dump file unspecified or not available
 Calculating wake trajectory ...
 Calculating source influence matrix ...

 Solving BL system ...

 Side 1  free  transition at x/c =  0.0167   35
 Side 2 forced transition at x/c =  1.0000   60

   1   rms: 0.6056E-01   max: 0.2834E+00   D at   62  1   RLX: 0.262
       a = 22.250      CL =  1.0517
      Cm =  0.0310     CD =  0.12390   =>   CDf =  0.00376    CDp =  0.12014

 Side 1  free  transition at x/c =  0.0167   35
 Side 2 forced transition at x/c =  1.0000   60

   2   rms: 0.5148E-01   max: 0.2402E+00   D at   63  1
       a = 22.250      CL =  1.0378
      Cm =  0.0261     CD =  0.13471   =>   CDf =  0.00369    CDp =  0.13102

 Side 1  free  transition at x/c =  0.0167   35
 Side 2 forced transition at x/c =  1.0000   60

   3   rms: 0.1886E-01   max: 0.1304E+00   D at   63  1
       a = 22.250      CL =  1.0265
      Cm =  0.0255     CD =  0.13397   =>   CDf =  0.00346    CDp =  0.13051

 Side 1  free  transition at x/c =  0.0168   35
 Side 2 forced transition at x/c =  1.0000   60

   4   rms: 0.2104E-02   max: 0.1843E-01   D at   62  1
       a = 22.250      CL =  1.0253
      Cm =  0.0256     CD =  0.13312   =>   CDf =  0.00341    CDp =  0.12970

 Side 1  free  transition at x/c =  0.0168   35
 Side 2 forced transition at x/c =  1.0000   60

   5   rms: 0.1334E-03   max: 0.1153E-02   D at   77  2
       a = 22.250      CL =  1.0252
      Cm =  0.0256     CD =  0.13303   =>   CDf =  0.00341    CDp =  0.12962

 Side 1  free  transition at x/c =  0.0168   35
 Side 2 forced transition at x/c =  1.0000   60

   6   rms: 0.4811E-05   max: 0.3100E-04   D at   77  2
       a = 22.250      CL =  1.0252
      Cm =  0.0256     CD =  0.13302   =>   CDf =  0.00341    CDp =  0.12961
 plradd ia,ip,cpol           16           0  2.17573228E-03

 Point added to stored polar  1
 Point written to save file  naca664221_Re600k.ext.pol                       
 Dump file unspecified or not available

.OPERva   c>  
 Polar accumulation disabled

.OPERv   c>  
 XFOIL   c>  
 XFOIL   c>  