
 ===================================================
  XFOIL Version 6.99
  Copyright (C) 2000   Mark Drela, Harold Youngren

  This software comes with ABSOLUTELY NO WARRANTY,
    subject to the GNU General Public License.

  Caveat computor
 ===================================================

 File  xfoil.def  not found

   QUIT    Exit program

  .OPER    Direct operating point(s)
  .MDES    Complex mapping design routine
  .QDES    Surface speed design routine
  .GDES    Geometry design routine

   SAVE f  Write airfoil to labeled coordinate file
   PSAV f  Write airfoil to plain coordinate file
   ISAV f  Write airfoil to ISES coordinate file
   MSAV f  Write airfoil to MSES coordinate file
   REVE    Reverse written-airfoil node ordering

   LOAD f  Read buffer airfoil from coordinate file
   NACA i  Set NACA 4,5-digit airfoil and buffer airfoil
   INTE    Set buffer airfoil by interpolating two airfoils
   NORM    Buffer airfoil normalization toggle
   XYCM rr Change CM reference location, currently  0.25000 0.00000

   BEND    Display structural properties of current airfoil

   PCOP    Set current-airfoil panel nodes directly from buffer airfoil points
   PANE    Set current-airfoil panel nodes ( 160 ) based on curvature
  .PPAR    Show/change paneling

  .PLOP    Plotting options

   WDEF f  Write  current-settings file
   RDEF f  Reread current-settings file
   NAME s  Specify new airfoil name
   NINC    Increment name version number

   Z       Zoom    | (available in all menus)
   U       Unzoom  | 

 XFOIL   c>  
 Labeled airfoil file.  Name:  RAF 89 AIRFOIL                                  

 Number of input coordinate points:  25
 Counterclockwise ordering
 Max thickness =     0.250008  at x =   0.300
 Max camber    =     0.015873  at x =   0.500

  LE  x,y  =  -0.00001   0.00102  |   Chord =   1.00001
  TE  x,y  =   1.00000   0.00000  |

 Current airfoil nodes set from buffer airfoil nodes (  25 )

 WARNING: Poor input coordinate distribution
          Excessive panel angle   52.8  at i =  13
          Repaneling with PANE and/or PPAR suggested
           (doing GDES,CADD before repaneling _may_
            improve excessively coarse LE spacing

 XFOIL   c>  
 XFOIL   c>  
 Sharp trailing edge

 Paneling parameters used...
   Number of panel nodes       160
   Panel bunching parameter    1.000
   TE/LE panel density ratio   0.150
   Refined-area/LE panel density ratio    0.200
   Top    side refined area x/c limits  1.000 1.000
   Bottom side refined area x/c limits  1.000 1.000

 XFOIL   c>  
.OPERi   c>  
 Xtr/c     =  1.0000    top    side
 Xtr/c     =  1.0000    bottom side
 Ncrit     =    9.00   ( 0.070 % turb. level )
 Vacc      =  0.0100

 Klag  =  5.6000     Uxwt  =    1.00
 A     =  6.7000     B     =  0.7500       KCt = 0.01485
 CtiniK=  1.8000     CtiniX=  3.3000

..VPAR   c>  
..VPAR   c>  
.OPERi   c>  
 M  =    0.0000
 Re =    200000

.OPERv   c>  
.OPERv   c>  
.OPERv   c>  
 Polar  1 newly created for accumulation
 Airfoil archived with polar: RAF 89 AIRFOIL                                  

Enter  polar save filename  OR  <return> for no file   s>  
 New polar save file available

Enter  polar dump filename  OR  <return> for no file   s>  
 Polar dump file will NOT be written

 Polar accumulation enabled

.OPERva   c>   Calculating unit vorticity distributions ...
 Calculating wake trajectory ...
 Calculating source influence matrix ...

 Solving BL system ...

 Initializing BL ...
    side            1  ...
 MRCHUE: Inverse mode at  53     Hk =   4.246
 MRCHUE: Inverse mode at  54     Hk =   4.819
 MRCHUE: Inverse mode at  55     Hk =   5.387
 MRCHUE: Inverse mode at  56     Hk =   5.956
 MRCHUE: Inverse mode at  57     Hk =   6.529
 MRCHUE: Inverse mode at  58     Hk =   7.109
 MRCHUE: Inverse mode at  59     Hk =   7.697
 MRCHUE: Inverse mode at  60     Hk =   8.292
 MRCHUE: Inverse mode at  61     Hk =   8.890
 MRCHUE: Inverse mode at  62     Hk =   9.463
 MRCHUE: Inverse mode at  63     Hk =   6.508
 MRCHUE: Inverse mode at  64     Hk =   4.974
 MRCHUE: Inverse mode at  65     Hk =   3.900
 MRCHUE: Inverse mode at  66     Hk =   3.083
 MRCHUE: Inverse mode at  67     Hk =   2.500
 MRCHUE: Inverse mode at  68     Hk =   2.500
 MRCHUE: Inverse mode at  69     Hk =   2.500
 MRCHUE: Inverse mode at  70     Hk =   2.500
 MRCHUE: Inverse mode at  71     Hk =   2.500
 MRCHUE: Inverse mode at  72     Hk =   2.500
 MRCHUE: Inverse mode at  73     Hk =   2.500
 MRCHUE: Convergence failed at  74  side 1    Res =  0.9451E+01
    side            2  ...
 MRCHUE: Inverse mode at  51     Hk =   4.171
 MRCHUE: Inverse mode at  52     Hk =   4.885
 MRCHUE: Inverse mode at  53     Hk =   5.597
 MRCHUE: Inverse mode at  54     Hk =   6.314
 MRCHUE: Inverse mode at  55     Hk =   7.039
 MRCHUE: Inverse mode at  56     Hk =   7.772
 MRCHUE: Inverse mode at  57     Hk =   8.511
 MRCHUE: Inverse mode at  58     Hk =   9.251
 MRCHUE: Inverse mode at  59     Hk =   6.822
 MRCHUE: Inverse mode at  60     Hk =   4.583
 MRCHUE: Inverse mode at  61     Hk =   3.189
 MRCHUE: Inverse mode at  87     Hk =   2.500
 MRCHUE: Convergence failed at  88  side 2    Res =  0.4598E+01

 MRCHDU: Convergence failed at  74  side 1    Res =  0.7661E+01
 MRCHDU: Convergence failed at  88  side 2    Res =  0.1419E+01
 Side 1  free  transition at x/c =  0.7626   62
 Side 2  free  transition at x/c =  0.3897   59

   1   rms: 0.3107E+00   max: -.1427E+01   D at   69  1   RLX: 0.350
       a = -4.000      CL = -0.1925
      Cm = -0.0633     CD =  0.01208   =>   CDf =  0.00797    CDp =  0.00411

 Side 1  free  transition at x/c =  0.7654   64
 Side 2  free  transition at x/c =  0.4007   58

   2   rms: 0.1777E+00   max: -.9860E+00   D at   71  1   RLX: 0.507
       a = -4.000      CL = -0.1732
      Cm = -0.0627     CD =  0.01498   =>   CDf =  0.00795    CDp =  0.00703

 MRCHDU: Convergence failed at  60  side 2    Res =  0.4193E+01
 Side 1  free  transition at x/c =  0.7579   63
 Side 2  free  transition at x/c =  0.4181   59
 idif Ue xi dudx           1  0.10969630      4.59647179E-03   23.865326    
 Uenew xinew           2  3.83928493E-02  1.60872936E-03

   3   rms: 0.2098E+00   max: 0.1057E+01   T at   63  1   RLX: 0.985
       a = -4.000      CL = -0.3400
      Cm = -0.0304     CD =  0.01896   =>   CDf =  0.00735    CDp =  0.01161

 Side 1  free  transition at x/c =  0.7218   61
 Side 2  free  transition at x/c =  0.4143   60

   4   rms: 0.1052E+00   max: -.5100E+00   D at   61  1   RLX: 0.980
       a = -4.000      CL = -0.2276
      Cm = -0.0499     CD =  0.01861   =>   CDf =  0.00761    CDp =  0.01100

 Side 1  free  transition at x/c =  0.7308   62
 Side 2  free  transition at x/c =  0.4217   59

   5   rms: 0.1188E-01   max: -.1001E+00   D at   89  2
       a = -4.000      CL = -0.2217
      Cm = -0.0516     CD =  0.01877   =>   CDf =  0.00766    CDp =  0.01112

 Side 1  free  transition at x/c =  0.7276   62
 Side 2  free  transition at x/c =  0.4233   59

   6   rms: 0.1118E-02   max: -.9684E-02   D at   89  2
       a = -4.000      CL = -0.2213
      Cm = -0.0516     CD =  0.01876   =>   CDf =  0.00762    CDp =  0.01113

 Side 1  free  transition at x/c =  0.7277   62
 Side 2  free  transition at x/c =  0.4233   59

   7   rms: 0.1857E-04   max: -.5972E-04   D at   89  2
       a = -4.000      CL = -0.2213
      Cm = -0.0516     CD =  0.01876   =>   CDf =  0.00763    CDp =  0.01113
 plradd ia,ip,cpol            1           0  0.10410301    

 Point added to stored polar  1
 Point written to save file  raf89_Re200k.base.pol                           
 Dump file unspecified or not available
 Calculating wake trajectory ...
 Calculating source influence matrix ...

 Solving BL system ...

 Side 1  free  transition at x/c =  0.7277   62
 Side 2  free  transition at x/c =  0.4233   59

   1   rms: 0.5806E-01   max: -.2841E+00   T at   59  2
       a = -3.500      CL = -0.1898
      Cm = -0.0471     CD =  0.01861   =>   CDf =  0.00762    CDp =  0.01099

 Side 1  free  transition at x/c =  0.7171   62
 Side 2  free  transition at x/c =  0.4433   60

   2   rms: 0.2796E-01   max: -.2113E+00   D at   60  2
       a = -3.500      CL = -0.1715
      Cm = -0.0504     CD =  0.01827   =>   CDf =  0.00777    CDp =  0.01050

 Side 1  free  transition at x/c =  0.7191   63
 Side 2  free  transition at x/c =  0.4433   59

   3   rms: 0.2305E-02   max: 0.1983E-01   C at   59  2
       a = -3.500      CL = -0.1717
      Cm = -0.0503     CD =  0.01829   =>   CDf =  0.00755    CDp =  0.01074

 Side 1  free  transition at x/c =  0.7191   63
 Side 2  free  transition at x/c =  0.4424   59

   4   rms: 0.6791E-03   max: -.8762E-02   D at    4  1
       a = -3.500      CL = -0.1716
      Cm = -0.0503     CD =  0.01829   =>   CDf =  0.00756    CDp =  0.01073

 Side 1  free  transition at x/c =  0.7191   63
 Side 2  free  transition at x/c =  0.4424   59

   5   rms: 0.1248E-05   max: 0.1201E-04   D at    8  1
       a = -3.500      CL = -0.1716
      Cm = -0.0503     CD =  0.01829   =>   CDf =  0.00756    CDp =  0.01073
 plradd ia,ip,cpol            2           0  0.11371949    

 Point added to stored polar  1
 Point written to save file  raf89_Re200k.base.pol                           
 Dump file unspecified or not available
 Calculating wake trajectory ...
 Calculating source influence matrix ...

 Solving BL system ...

 Side 1  free  transition at x/c =  0.7191   63
 Side 2  free  transition at x/c =  0.4424   59

   1   rms: 0.6754E-01   max: -.3130E+00   T at   59  2
       a = -3.000      CL = -0.1213
      Cm = -0.0491     CD =  0.01795   =>   CDf =  0.00762    CDp =  0.01033

 Side 1  free  transition at x/c =  0.7127   63
 Side 2  free  transition at x/c =  0.4655   59
 idif Ue xi dudx           1  8.10285136E-02  2.94721127E-03   27.493282    
 Uenew xinew           2  3.10047204E-03  1.12771988E-04

   2   rms: 0.2215E-01   max: -.2367E+00   C at   59  2
       a = -3.000      CL = -0.1340
      Cm = -0.0469     CD =  0.01818   =>   CDf =  0.00761    CDp =  0.01058

 Side 1  free  transition at x/c =  0.7089   62
 Side 2  free  transition at x/c =  0.4636   60

   3   rms: 0.3961E-02   max: 0.2929E-01   C at   60  2
       a = -3.000      CL = -0.1363
      Cm = -0.0465     CD =  0.01820   =>   CDf =  0.00742    CDp =  0.01078

 Side 1  free  transition at x/c =  0.7086   62
 Side 2  free  transition at x/c =  0.4624   60

   4   rms: 0.6067E-03   max: -.8009E-02   D at    4  2
       a = -3.000      CL = -0.1364
      Cm = -0.0465     CD =  0.01820   =>   CDf =  0.00743    CDp =  0.01077

 Side 1  free  transition at x/c =  0.7086   62
 Side 2  free  transition at x/c =  0.4623   60

   5   rms: 0.3300E-05   max: 0.3309E-04   D at    4  2
       a = -3.000      CL = -0.1364
      Cm = -0.0465     CD =  0.01820   =>   CDf =  0.00743    CDp =  0.01077
 plradd ia,ip,cpol            3           0  0.12407003    

 Point added to stored polar  1
 Point written to save file  raf89_Re200k.base.pol                           
 Dump file unspecified or not available
 Calculating wake trajectory ...
 Calculating source influence matrix ...

 Solving BL system ...

 Side 1  free  transition at x/c =  0.7086   62
 Side 2  free  transition at x/c =  0.4623   60

   1   rms: 0.5658E-01   max: 0.3043E+00   T at   62  1
       a = -2.500      CL = -0.1130
      Cm = -0.0404     CD =  0.01822   =>   CDf =  0.00747    CDp =  0.01075

 Side 1  free  transition at x/c =  0.6953   63
 Side 2  free  transition at x/c =  0.4862   61

   2   rms: 0.2788E-01   max: -.1968E+00   D at   64  1
       a = -2.500      CL = -0.0950
      Cm = -0.0435     CD =  0.01794   =>   CDf =  0.00746    CDp =  0.01049

 Side 1  free  transition at x/c =  0.6982   63
 Side 2  free  transition at x/c =  0.4866   61

   3   rms: 0.2612E-02   max: 0.2352E-01   C at   61  2
       a = -2.500      CL = -0.0955
      Cm = -0.0434     CD =  0.01797   =>   CDf =  0.00733    CDp =  0.01064

 Side 1  free  transition at x/c =  0.6983   63
 Side 2  free  transition at x/c =  0.4859   61

   4   rms: 0.6689E-04   max: -.9667E-03   D at   63  2
       a = -2.500      CL = -0.0954
      Cm = -0.0434     CD =  0.01797   =>   CDf =  0.00736    CDp =  0.01061
 plradd ia,ip,cpol            4           0  0.12407003    

 Point added to stored polar  1
 Point written to save file  raf89_Re200k.base.pol                           
 Dump file unspecified or not available
 Calculating wake trajectory ...
 Calculating source influence matrix ...

 Solving BL system ...

 Side 1  free  transition at x/c =  0.6983   63
 Side 2  free  transition at x/c =  0.4859   61

   1   rms: 0.7858E-01   max: 0.3975E+00   D at   62  2
       a = -2.000      CL = -0.0340
      Cm = -0.0438     CD =  0.01756   =>   CDf =  0.00739    CDp =  0.01017

 Side 1  free  transition at x/c =  0.6909   63
 Side 2  free  transition at x/c =  0.5041   60

   2   rms: 0.3777E-01   max: -.4195E+00   D at   61  2
       a = -2.000      CL = -0.0616
      Cm = -0.0389     CD =  0.01805   =>   CDf =  0.00758    CDp =  0.01046

 Side 1  free  transition at x/c =  0.6887   63
 Side 2  free  transition at x/c =  0.5206   61

   3   rms: 0.2086E-01   max: 0.1679E+00   D at   62  2
       a = -2.000      CL = -0.0449
      Cm = -0.0419     CD =  0.01799   =>   CDf =  0.00724    CDp =  0.01075

 Side 1  free  transition at x/c =  0.6889   63
 Side 2  free  transition at x/c =  0.5066   61

   4   rms: 0.1104E-01   max: 0.9803E-01   D at   63  2
       a = -2.000      CL = -0.0491
      Cm = -0.0412     CD =  0.01791   =>   CDf =  0.00734    CDp =  0.01057

 Side 1  free  transition at x/c =  0.6889   63
 Side 2  free  transition at x/c =  0.5108   61

   5   rms: 0.1351E-02   max: -.1745E-01   D at   63  2
       a = -2.000      CL = -0.0497
      Cm = -0.0411     CD =  0.01795   =>   CDf =  0.00724    CDp =  0.01071

 Side 1  free  transition at x/c =  0.6889   63
 Side 2  free  transition at x/c =  0.5104   61

   6   rms: 0.2331E-04   max: -.1485E-03   D at   61  2
       a = -2.000      CL = -0.0497
      Cm = -0.0410     CD =  0.01795   =>   CDf =  0.00725    CDp =  0.01071
 plradd ia,ip,cpol            5           0  0.13517623    

 Point added to stored polar  1
 Point written to save file  raf89_Re200k.base.pol                           
 Dump file unspecified or not available
 Calculating wake trajectory ...
 Calculating source influence matrix ...

 Solving BL system ...

 Side 1  free  transition at x/c =  0.6889   63
 Side 2  free  transition at x/c =  0.5104   61

   1   rms: 0.6073E-01   max: 0.3966E+00   T at   63  1
       a = -1.500      CL = -0.0379
      Cm = -0.0327     CD =  0.01837   =>   CDf =  0.00725    CDp =  0.01113

 Side 1  free  transition at x/c =  0.6722   63
 Side 2  free  transition at x/c =  0.5290   62

   2   rms: 0.3853E-01   max: -.2682E+00   D at   64  1
       a = -1.500      CL = -0.0146
      Cm = -0.0367     CD =  0.01799   =>   CDf =  0.00722    CDp =  0.01077

 Side 1  free  transition at x/c =  0.6766   64
 Side 2  free  transition at x/c =  0.5351   61

   3   rms: 0.4782E-02   max: -.3868E-01   D at   64  1
       a = -1.500      CL = -0.0144
      Cm = -0.0367     CD =  0.01801   =>   CDf =  0.00717    CDp =  0.01083

 Side 1  free  transition at x/c =  0.6769   64
 Side 2  free  transition at x/c =  0.5355   61

   4   rms: 0.4387E-03   max: -.5489E-02   D at    4  1
       a = -1.500      CL = -0.0143
      Cm = -0.0368     CD =  0.01801   =>   CDf =  0.00717    CDp =  0.01084

 Side 1  free  transition at x/c =  0.6769   64
 Side 2  free  transition at x/c =  0.5355   61

   5   rms: 0.9300E-06   max: -.8784E-05   D at    4  1
       a = -1.500      CL = -0.0143
      Cm = -0.0368     CD =  0.01801   =>   CDf =  0.00717    CDp =  0.01084
 plradd ia,ip,cpol            6           0  0.13517623    

 Point added to stored polar  1
 Point written to save file  raf89_Re200k.base.pol                           
 Dump file unspecified or not available
 Calculating wake trajectory ...
 Calculating source influence matrix ...

 Solving BL system ...

 Side 1  free  transition at x/c =  0.6769   64
 Side 2  free  transition at x/c =  0.5355   61

   1   rms: 0.6844E-01   max: -.3560E+00   T at   61  2
       a = -1.000      CL =  0.0356
      Cm = -0.0349     CD =  0.01787   =>   CDf =  0.00717    CDp =  0.01069

 Side 1  free  transition at x/c =  0.6684   64
 Side 2  free  transition at x/c =  0.5634   61

   2   rms: 0.8237E-02   max: 0.1139E+00   D at   62  2
       a = -1.000      CL =  0.0359
      Cm = -0.0351     CD =  0.01799   =>   CDf =  0.00729    CDp =  0.01071

 Side 1  free  transition at x/c =  0.6675   64
 Side 2  free  transition at x/c =  0.5620   61

   3   rms: 0.6470E-03   max: 0.6173E-02   D at   62  2
       a = -1.000      CL =  0.0354
      Cm = -0.0350     CD =  0.01800   =>   CDf =  0.00724    CDp =  0.01076

 Side 1  free  transition at x/c =  0.6674   64
 Side 2  free  transition at x/c =  0.5618   61

   4   rms: 0.3489E-05   max: -.1973E-04   D at   62  2
       a = -1.000      CL =  0.0354
      Cm = -0.0350     CD =  0.01800   =>   CDf =  0.00724    CDp =  0.01076
 plradd ia,ip,cpol            7           0  0.14703715    

 Point added to stored polar  1
 Point written to save file  raf89_Re200k.base.pol                           
 Dump file unspecified or not available
 Calculating wake trajectory ...
 Calculating source influence matrix ...

 Solving BL system ...

 Side 1  free  transition at x/c =  0.6674   64
 Side 2  free  transition at x/c =  0.5618   61

   1   rms: 0.6378E-01   max: 0.4508E+00   T at   64  1
       a = -0.500      CL =  0.0230
      Cm = -0.0222     CD =  0.01850   =>   CDf =  0.00724    CDp =  0.01126

 MRCHDU: Convergence failed at  63  side 2    Res =  0.3370E+01
 MRCHDU: Convergence failed at  64  side 2    Res =  0.4243E+01
 MRCHDU: Convergence failed at  65  side 2    Res =  0.3419E+01
 MRCHDU: Convergence failed at  66  side 2    Res =  0.6298E+01
 MRCHDU: Convergence failed at  67  side 2    Res =  0.1144E+02
 MRCHDU: Convergence failed at  68  side 2    Res =  0.1841E+02
 MRCHDU: Convergence failed at  69  side 2    Res =  0.2414E+02
 MRCHDU: Convergence failed at  70  side 2    Res =  0.2580E+02
 MRCHDU: Convergence failed at  71  side 2    Res =  0.2377E+02
 MRCHDU: Convergence failed at  72  side 2    Res =  0.2159E+02
 MRCHDU: Convergence failed at  73  side 2    Res =  0.2011E+02
 MRCHDU: Convergence failed at  74  side 2    Res =  0.1840E+02
 MRCHDU: Convergence failed at  75  side 2    Res =  0.1614E+02
 MRCHDU: Convergence failed at  76  side 2    Res =  0.1405E+02
 MRCHDU: Convergence failed at  77  side 2    Res =  0.1219E+02
 MRCHDU: Convergence failed at  78  side 2    Res =  0.7977E+01
 MRCHDU: Convergence failed at  79  side 2    Res =  0.9677E+01
 MRCHDU: Convergence failed at  80  side 2    Res =  0.1257E+02
 MRCHDU: Convergence failed at  81  side 2    Res =  0.1899E+02
 MRCHDU: Convergence failed at  82  side 2    Res =  0.3658E+03
 Side 1  free  transition at x/c =  0.6485   64
 Side 2  free  transition at x/c =  0.5921   63

   2   rms: 0.4266E+00   max: 0.2466E+01   D at   82  2   RLX: 0.608
       a = -0.500      CL =  0.1462
      Cm = -0.0146     CD =  0.01367   =>   CDf =  0.00588    CDp =  0.00780

 Side 1  free  transition at x/c =  0.6520   65
 Side 2  free  transition at x/c =  0.5812   61

   3   rms: 0.1281E+00   max: -.7331E+00   D at   77  2   RLX: 0.682
       a = -0.500      CL =  0.1058
      Cm = -0.0304     CD =  0.01742   =>   CDf =  0.00758    CDp =  0.00984

 Side 1  free  transition at x/c =  0.6542   65
 Side 2  free  transition at x/c =  0.5880   62
 idif Ue xi dudx           1  9.81837884E-02  3.51762772E-03   27.911932    
 Uenew xinew           2  2.33015139E-02  8.34822655E-04

   4   rms: 0.5354E-01   max: -.2897E+00   D at   77  2
       a = -0.500      CL =  0.0584
      Cm = -0.0283     CD =  0.01787   =>   CDf =  0.00741    CDp =  0.01046

 Side 1  free  transition at x/c =  0.6546   64
 Side 2  free  transition at x/c =  0.5849   62

   5   rms: 0.8699E-02   max: 0.4419E-01   D at   63  2
       a = -0.500      CL =  0.0699
      Cm = -0.0305     CD =  0.01802   =>   CDf =  0.00722    CDp =  0.01080

 Side 1  free  transition at x/c =  0.6545   64
 Side 2  free  transition at x/c =  0.5844   62

   6   rms: 0.5226E-03   max: -.5690E-02   D at    4  2
       a = -0.500      CL =  0.0701
      Cm = -0.0305     CD =  0.01802   =>   CDf =  0.00721    CDp =  0.01081

 Side 1  free  transition at x/c =  0.6545   64
 Side 2  free  transition at x/c =  0.5843   62

   7   rms: 0.3803E-05   max: 0.1842E-04   D at   81  2
       a = -0.500      CL =  0.0701
      Cm = -0.0305     CD =  0.01802   =>   CDf =  0.00721    CDp =  0.01081
 plradd ia,ip,cpol            8           0  0.23254701    

 Point added to stored polar  1
 Point written to save file  raf89_Re200k.base.pol                           
 Dump file unspecified or not available
 Calculating wake trajectory ...
 Calculating source influence matrix ...

 Solving BL system ...

 Side 1  free  transition at x/c =  0.6545   64
 Side 2  free  transition at x/c =  0.5843   62

   1   rms: 0.7078E-01   max: -.5141E+00   T at   62  2   RLX: 0.973
       a =  0.000      CL =  0.1081
      Cm = -0.0268     CD =  0.01786   =>   CDf =  0.00719    CDp =  0.01067

 MRCHDU: Convergence failed at  63  side 2    Res =  0.1955E+02
 MRCHDU: Convergence failed at  64  side 2    Res =  0.3997E+01
 MRCHDU: Convergence failed at  65  side 2    Res =  0.6373E+01
 MRCHDU: Convergence failed at  66  side 2    Res =  0.1534E+02
 MRCHDU: Convergence failed at  67  side 2    Res =  0.4080E+02
 MRCHDU: Convergence failed at  68  side 2    Res =  0.9344E+02
 MRCHDU: Convergence failed at  69  side 2    Res =  0.1168E+03
 MRCHDU: Convergence failed at  70  side 2    Res =  0.8461E+02
 MRCHDU: Convergence failed at  71  side 2    Res =  0.5862E+02
 MRCHDU: Convergence failed at  72  side 2    Res =  0.4618E+02
 MRCHDU: Convergence failed at  73  side 2    Res =  0.3613E+02
 MRCHDU: Convergence failed at  74  side 2    Res =  0.2842E+02
 MRCHDU: Convergence failed at  75  side 2    Res =  0.2247E+02
 MRCHDU: Convergence failed at  76  side 2    Res =  0.1817E+02
 MRCHDU: Convergence failed at  77  side 2    Res =  0.1492E+02
 MRCHDU: Convergence failed at  78  side 2    Res =  0.1258E+02
 MRCHDU: Convergence failed at  79  side 2    Res =  0.1076E+02
 MRCHDU: Convergence failed at  80  side 2    Res =  0.1497E+02
 MRCHDU: Convergence failed at  81  side 2    Res =  0.5185E+02
 Side 1  free  transition at x/c =  0.6461   64
 Side 2  free  transition at x/c =  0.6190   63

   2   rms: 0.4249E+00   max: 0.2386E+01   D at   81  2   RLX: 0.629
       a =  0.000      CL =  0.2506
      Cm = -0.0267     CD =  0.01347   =>   CDf =  0.00607    CDp =  0.00740

 Side 1  free  transition at x/c =  0.6416   66
 Side 2  free  transition at x/c =  0.6006   60
 idif Ue xi dudx           1  0.12122397      4.31406498E-03   28.099709    
 Uenew xinew           2  4.55632508E-02  1.62148476E-03

   3   rms: 0.1411E+00   max: -.8075E+00   D at   74  2   RLX: 0.619
       a =  0.000      CL =  0.2092
      Cm = -0.0400     CD =  0.01810   =>   CDf =  0.00724    CDp =  0.01086

 Side 1  free  transition at x/c =  0.6430   65
 Side 2  free  transition at x/c =  0.6097   62
 idif Ue xi dudx           1  0.10985537      4.12499905E-03   26.631611    
 Uenew xinew           2  3.84777933E-02  1.44481659E-03

   4   rms: 0.8477E-01   max: 0.3647E+00   D at   80  2
       a =  0.000      CL =  0.1001
      Cm = -0.0248     CD =  0.01777   =>   CDf =  0.00743    CDp =  0.01034

 Side 1  free  transition at x/c =  0.6439   64
 Side 2  free  transition at x/c =  0.6069   62

   5   rms: 0.1425E-01   max: 0.9122E-01   D at   63  2
       a =  0.000      CL =  0.1182
      Cm = -0.0285     CD =  0.01795   =>   CDf =  0.00723    CDp =  0.01072

 Side 1  free  transition at x/c =  0.6434   64
 Side 2  free  transition at x/c =  0.6058   62

   6   rms: 0.6976E-03   max: 0.5807E-02   D at   63  2
       a =  0.000      CL =  0.1189
      Cm = -0.0286     CD =  0.01795   =>   CDf =  0.00721    CDp =  0.01073

 Side 1  free  transition at x/c =  0.6434   64
 Side 2  free  transition at x/c =  0.6058   62

   7   rms: 0.8335E-05   max: 0.3813E-04   D at   63  2
       a =  0.000      CL =  0.1189
      Cm = -0.0286     CD =  0.01795   =>   CDf =  0.00721    CDp =  0.01073
 plradd ia,ip,cpol            9           0  0.21753508    

 Point added to stored polar  1
 Point written to save file  raf89_Re200k.base.pol                           
 Dump file unspecified or not available
 Calculating wake trajectory ...
 Calculating source influence matrix ...

 Solving BL system ...

 Side 1  free  transition at x/c =  0.6434   64
 Side 2  free  transition at x/c =  0.6058   62

   1   rms: 0.5875E-01   max: -.4141E+00   T at   62  2
       a =  0.500      CL =  0.1176
      Cm = -0.0177     CD =  0.01824   =>   CDf =  0.00718    CDp =  0.01106

 MRCHDU: Convergence failed at  63  side 2    Res =  0.8611E+01
 MRCHDU: Convergence failed at  64  side 2    Res =  0.4905E+01
 MRCHDU: Convergence failed at  65  side 2    Res =  0.5718E+01
 MRCHDU: Convergence failed at  66  side 2    Res =  0.1133E+02
 MRCHDU: Convergence failed at  67  side 2    Res =  0.2050E+02
 MRCHDU: Convergence failed at  68  side 2    Res =  0.3195E+02
 MRCHDU: Convergence failed at  69  side 2    Res =  0.3980E+02
 MRCHDU: Convergence failed at  70  side 2    Res =  0.4275E+02
 MRCHDU: Convergence failed at  71  side 2    Res =  0.4248E+02
 MRCHDU: Convergence failed at  72  side 2    Res =  0.3887E+02
 MRCHDU: Convergence failed at  73  side 2    Res =  0.3301E+02
 MRCHDU: Convergence failed at  74  side 2    Res =  0.2733E+02
 MRCHDU: Convergence failed at  75  side 2    Res =  0.2233E+02
 MRCHDU: Convergence failed at  76  side 2    Res =  0.1850E+02
 MRCHDU: Convergence failed at  77  side 2    Res =  0.1552E+02
 MRCHDU: Convergence failed at  78  side 2    Res =  0.1302E+02
 MRCHDU: Convergence failed at  79  side 2    Res =  0.1201E+02
 MRCHDU: Convergence failed at  80  side 2    Res =  0.3190E+02
 Side 1  free  transition at x/c =  0.6263   64
 Side 2  free  transition at x/c =  0.6316   63

   2   rms: 0.4582E+00   max: 0.2337E+01   D at   80  2   RLX: 0.642
       a =  0.500      CL =  0.3361
      Cm = -0.0334     CD =  0.01360   =>   CDf =  0.00609    CDp =  0.00751

 Side 1  free  transition at x/c =  0.6340   67
 Side 2  free  transition at x/c =  0.6195   60
 idif Ue xi dudx           1  0.10205325      3.80182266E-03   26.843243    
 Uenew xinew           2  2.90812720E-02  1.08337402E-03

   3   rms: 0.1555E+00   max: -.1157E+01   T at    2  1   RLX: 0.432
       a =  0.500      CL =  0.3078
      Cm = -0.0451     CD =  0.01795   =>   CDf =  0.00706    CDp =  0.01088

 Side 1  free  transition at x/c =  0.6330   66
 Side 2  free  transition at x/c =  0.6263   61
 idif Ue xi dudx           1  9.01991278E-02  3.12876701E-03   28.828970    
 Uenew xinew           2  1.25748161E-02  4.36186790E-04

   4   rms: 0.2061E+00   max: -.1120E+01   D at   75  2   RLX: 0.446
       a =  0.500      CL =  0.2051
      Cm = -0.0312     CD =  0.01767   =>   CDf =  0.00704    CDp =  0.01063

 Side 1  free  transition at x/c =  0.6329   65
 Side 2  free  transition at x/c =  0.6289   62

   5   rms: 0.6763E-01   max: -.5512E+00   D at   75  2   RLX: 0.907
       a =  0.500      CL =  0.1663
      Cm = -0.0267     CD =  0.01748   =>   CDf =  0.00724    CDp =  0.01025

 Side 1  free  transition at x/c =  0.6313   65
 Side 2  free  transition at x/c =  0.6268   62

   6   rms: 0.1461E-01   max: -.1397E+00   D at   74  2
       a =  0.500      CL =  0.1674
      Cm = -0.0266     CD =  0.01772   =>   CDf =  0.00717    CDp =  0.01055

 Side 1  free  transition at x/c =  0.6310   65
 Side 2  free  transition at x/c =  0.6254   62

   7   rms: 0.4364E-03   max: -.5528E-02   D at   74  2
       a =  0.500      CL =  0.1676
      Cm = -0.0266     CD =  0.01773   =>   CDf =  0.00717    CDp =  0.01056

 Side 1  free  transition at x/c =  0.6310   65
 Side 2  free  transition at x/c =  0.6253   62

   8   rms: 0.1922E-05   max: 0.8696E-05   D at   77  2
       a =  0.500      CL =  0.1676
      Cm = -0.0266     CD =  0.01773   =>   CDf =  0.00717    CDp =  0.01055
 plradd ia,ip,cpol           10           0  0.21753508    

 Point added to stored polar  1
 Point written to save file  raf89_Re200k.base.pol                           
 Dump file unspecified or not available
 Calculating wake trajectory ...
 Calculating source influence matrix ...

 Solving BL system ...

 Side 1  free  transition at x/c =  0.6310   65
 Side 2  free  transition at x/c =  0.6253   62

   1   rms: 0.7423E-01   max: -.4013E+00   T at   62  2
       a =  1.000      CL =  0.2266
      Cm = -0.0265     CD =  0.01737   =>   CDf =  0.00713    CDp =  0.01023

 Side 1  free  transition at x/c =  0.6225   65
 Side 2  free  transition at x/c =  0.6507   62

   2   rms: 0.4567E-01   max: 0.4223E+00   C at   62  2
       a =  1.000      CL =  0.1853
      Cm = -0.0192     CD =  0.01753   =>   CDf =  0.00704    CDp =  0.01049

 Side 1  free  transition at x/c =  0.6162   65
 Side 2  free  transition at x/c =  0.6463   62

   3   rms: 0.1729E-01   max: 0.1005E+00   D at   63  2
       a =  1.000      CL =  0.2077
      Cm = -0.0232     CD =  0.01762   =>   CDf =  0.00709    CDp =  0.01053

 Side 1  free  transition at x/c =  0.6172   65
 Side 2  free  transition at x/c =  0.6429   62

   4   rms: 0.3916E-03   max: -.5270E-02   D at   65  2
       a =  1.000      CL =  0.2078
      Cm = -0.0232     CD =  0.01762   =>   CDf =  0.00711    CDp =  0.01052

 Side 1  free  transition at x/c =  0.6172   65
 Side 2  free  transition at x/c =  0.6429   62

   5   rms: 0.3435E-05   max: -.2166E-04   D at   65  2
       a =  1.000      CL =  0.2078
      Cm = -0.0232     CD =  0.01762   =>   CDf =  0.00711    CDp =  0.01052
 plradd ia,ip,cpol           11           0  0.20301835    

 Point added to stored polar  1
 Point written to save file  raf89_Re200k.base.pol                           
 Dump file unspecified or not available
 Calculating wake trajectory ...
 Calculating source influence matrix ...

 Solving BL system ...

 Side 1  free  transition at x/c =  0.6172   65
 Side 2  free  transition at x/c =  0.6429   62

   1   rms: 0.6211E-01   max: -.3313E+00   T at   62  2
       a =  1.500      CL =  0.2493
      Cm = -0.0200     CD =  0.01745   =>   CDf =  0.00711    CDp =  0.01034

 Side 1  free  transition at x/c =  0.6038   64
 Side 2  free  transition at x/c =  0.6593   63

   2   rms: 0.2229E-01   max: -.1304E+00   D at   65  1
       a =  1.500      CL =  0.2707
      Cm = -0.0239     CD =  0.01727   =>   CDf =  0.00717    CDp =  0.01010

 Side 1  free  transition at x/c =  0.6059   65
 Side 2  free  transition at x/c =  0.6604   62

   3   rms: 0.2159E-02   max: 0.1234E-01   D at   66  1
       a =  1.500      CL =  0.2686
      Cm = -0.0235     CD =  0.01731   =>   CDf =  0.00721    CDp =  0.01010

 Side 1  free  transition at x/c =  0.6056   65
 Side 2  free  transition at x/c =  0.6603   62

   4   rms: 0.4673E-03   max: -.6019E-02   D at    4  1
       a =  1.500      CL =  0.2685
      Cm = -0.0235     CD =  0.01731   =>   CDf =  0.00721    CDp =  0.01010

 Side 1  free  transition at x/c =  0.6056   65
 Side 2  free  transition at x/c =  0.6603   62

   5   rms: 0.1191E-05   max: 0.8775E-05   D at    8  1
       a =  1.500      CL =  0.2685
      Cm = -0.0235     CD =  0.01731   =>   CDf =  0.00721    CDp =  0.01010
 plradd ia,ip,cpol           12           0  0.18898094    

 Point added to stored polar  1
 Point written to save file  raf89_Re200k.base.pol                           
 Dump file unspecified or not available
 Calculating wake trajectory ...
 Calculating source influence matrix ...

 Solving BL system ...

 Side 1  free  transition at x/c =  0.6056   65
 Side 2  free  transition at x/c =  0.6603   62

   1   rms: 0.7049E-01   max: 0.4923E+00   T at   65  1
       a =  2.000      CL =  0.2437
      Cm = -0.0083     CD =  0.01770   =>   CDf =  0.00721    CDp =  0.01049

 Side 1  free  transition at x/c =  0.5830   64
 Side 2  free  transition at x/c =  0.6723   62

   2   rms: 0.8305E-01   max: -.5260E+00   D at   66  1   RLX: 0.951
       a =  2.000      CL =  0.3346
      Cm = -0.0248     CD =  0.01716   =>   CDf =  0.00722    CDp =  0.00994

 MRCHDU: Convergence failed at  67  side 1    Res =  0.8749E+01
 MRCHDU: Convergence failed at  68  side 1    Res =  0.2695E+01
 MRCHDU: Convergence failed at  69  side 1    Res =  0.1736E+01
 MRCHDU: Convergence failed at  70  side 1    Res =  0.2297E+01
 MRCHDU: Convergence failed at  71  side 1    Res =  0.3249E+01
 MRCHDU: Convergence failed at  72  side 1    Res =  0.4434E+01
 MRCHDU: Convergence failed at  73  side 1    Res =  0.5843E+01
 MRCHDU: Convergence failed at  74  side 1    Res =  0.7211E+01
 MRCHDU: Convergence failed at  75  side 1    Res =  0.8166E+01
 MRCHDU: Convergence failed at  76  side 1    Res =  0.8205E+01
 MRCHDU: Convergence failed at  77  side 1    Res =  0.7465E+01
 MRCHDU: Convergence failed at  78  side 1    Res =  0.6378E+01
 MRCHDU: Convergence failed at  79  side 1    Res =  0.4553E+02
 MRCHDU: Convergence failed at  80  side 1    Res =  0.2137E+02
 MRCHDU: Convergence failed at  81  side 1    Res =  0.2466E+02
 MRCHDU: Convergence failed at  82  side 1    Res =  0.3377E+02
 MRCHDU: Convergence failed at  83  side 1    Res =  0.9618E+01
 MRCHDU: Convergence failed at  84  side 1    Res =  0.1507E+02
 MRCHDU: Convergence failed at  85  side 1    Res =  0.3185E+02
 Side 1  free  transition at x/c =  0.6005   66
 Side 2  free  transition at x/c =  0.6780   62
 idif Ue xi dudx           1  8.35095569E-02  3.21269035E-03   25.993652    
 Uenew xinew           2  1.18431738E-02  4.55617905E-04

   3   rms: 0.4705E+00   max: 0.3494E+01   D at   85  1   RLX: 0.429
       a =  2.000      CL =  0.4431
      Cm = -0.1045     CD =  0.00923   =>   CDf =  0.00649    CDp =  0.00274

 Side 1  free  transition at x/c =  0.5882   65
 Side 2  free  transition at x/c =  0.6764   63

   4   rms: 0.2138E+00   max: 0.4911E+00   T at   79  2
       a =  2.000      CL =  0.5505
      Cm = -0.0688     CD =  0.01296   =>   CDf =  0.00869    CDp =  0.00427

 MRCHDU: Convergence failed at  86  side 1    Res =  0.8004E+01
 Side 1  free  transition at x/c =  0.5905   67
 Side 2  free  transition at x/c =  0.6844   61
 idif Ue xi dudx           2  0.14771761      5.72574139E-03   25.798862    
 Uenew xinew           3  7.52842873E-02  2.91812420E-03

   5   rms: 0.1708E+00   max: -.4800E+00   D at   75  2
       a =  2.000      CL =  0.3126
      Cm = -0.0211     CD =  0.01607   =>   CDf =  0.00723    CDp =  0.00884

 Side 1  free  transition at x/c =  0.5907   65
 Side 2  free  transition at x/c =  0.6772   63

   6   rms: 0.1576E-01   max: -.1058E+00   D at   77  2
       a =  2.000      CL =  0.2988
      Cm = -0.0183     CD =  0.01717   =>   CDf =  0.00717    CDp =  0.01000

 Side 1  free  transition at x/c =  0.5901   65
 Side 2  free  transition at x/c =  0.6765   63

   7   rms: 0.4529E-03   max: -.3516E-02   D at   77  2
       a =  2.000      CL =  0.2991
      Cm = -0.0184     CD =  0.01719   =>   CDf =  0.00721    CDp =  0.00998

 Side 1  free  transition at x/c =  0.5901   65
 Side 2  free  transition at x/c =  0.6764   63

   8   rms: 0.3807E-05   max: -.9212E-05   D at   79  2
       a =  2.000      CL =  0.2991
      Cm = -0.0184     CD =  0.01719   =>   CDf =  0.00721    CDp =  0.00998
 plradd ia,ip,cpol           13           0  0.18898094    

 Point added to stored polar  1
 Point written to save file  raf89_Re200k.base.pol                           
 Dump file unspecified or not available
 Calculating wake trajectory ...
 Calculating source influence matrix ...

 Solving BL system ...

 Side 1  free  transition at x/c =  0.5901   65
 Side 2  free  transition at x/c =  0.6764   63

   1   rms: 0.8437E-01   max: -.3735E+00   T at   63  2
       a =  2.500      CL =  0.3763
      Cm = -0.0218     CD =  0.01662   =>   CDf =  0.00713    CDp =  0.00949

 Side 1  free  transition at x/c =  0.5792   65
 Side 2  free  transition at x/c =  0.6899   62

   2   rms: 0.4033E-01   max: -.2292E+00   D at   62  2
       a =  2.500      CL =  0.3317
      Cm = -0.0137     CD =  0.01718   =>   CDf =  0.00713    CDp =  0.01005

 Side 1  free  transition at x/c =  0.5738   65
 Side 2  free  transition at x/c =  0.6906   62

   3   rms: 0.7335E-02   max: 0.3833E-01   D at   63  2
       a =  2.500      CL =  0.3393
      Cm = -0.0150     CD =  0.01711   =>   CDf =  0.00715    CDp =  0.00996

 Side 1  free  transition at x/c =  0.5747   65
 Side 2  free  transition at x/c =  0.6903   62

   4   rms: 0.9879E-04   max: 0.8100E-03   D at   63  2
       a =  2.500      CL =  0.3393
      Cm = -0.0150     CD =  0.01712   =>   CDf =  0.00713    CDp =  0.00999
 plradd ia,ip,cpol           14           0  0.17542943    

 Point added to stored polar  1
 Point written to save file  raf89_Re200k.base.pol                           
 Dump file unspecified or not available
 Calculating wake trajectory ...
 Calculating source influence matrix ...

 Solving BL system ...

 Side 1  free  transition at x/c =  0.5747   65
 Side 2  free  transition at x/c =  0.6903   62

   1   rms: 0.6271E-01   max: 0.2745E+00   T at   65  1
       a =  3.000      CL =  0.3818
      Cm = -0.0121     CD =  0.01692   =>   CDf =  0.00704    CDp =  0.00988

 Side 1  free  transition at x/c =  0.5611   65
 Side 2  free  transition at x/c =  0.7042   62

   2   rms: 0.1047E-01   max: -.1052E+00   D at   65  1
       a =  3.000      CL =  0.3805
      Cm = -0.0120     CD =  0.01698   =>   CDf =  0.00724    CDp =  0.00974

 Side 1  free  transition at x/c =  0.5601   65
 Side 2  free  transition at x/c =  0.7040   62

   3   rms: 0.5231E-03   max: 0.3196E-02   D at   62  2
       a =  3.000      CL =  0.3811
      Cm = -0.0121     CD =  0.01700   =>   CDf =  0.00717    CDp =  0.00983

 Side 1  free  transition at x/c =  0.5600   65
 Side 2  free  transition at x/c =  0.7040   62

   4   rms: 0.3382E-05   max: -.2305E-04   D at   76  2
       a =  3.000      CL =  0.3811
      Cm = -0.0121     CD =  0.01700   =>   CDf =  0.00717    CDp =  0.00983
 plradd ia,ip,cpol           15           0  0.17542943    

 Point added to stored polar  1
 Point written to save file  raf89_Re200k.base.pol                           
 Dump file unspecified or not available
 Calculating wake trajectory ...
 Calculating source influence matrix ...

 Solving BL system ...

 Side 1  free  transition at x/c =  0.5600   65
 Side 2  free  transition at x/c =  0.7040   62

   1   rms: 0.5639E-01   max: 0.2926E+00   T at   65  1
       a =  3.500      CL =  0.4018
      Cm = -0.0052     CD =  0.01709   =>   CDf =  0.00718    CDp =  0.00991

 Side 1  free  transition at x/c =  0.5426   64
 Side 2  free  transition at x/c =  0.7147   62

   2   rms: 0.4272E-01   max: -.2239E+00   D at   86  1
       a =  3.500      CL =  0.4408
      Cm = -0.0127     CD =  0.01690   =>   CDf =  0.00721    CDp =  0.00969

 Side 1  free  transition at x/c =  0.5452   65
 Side 2  free  transition at x/c =  0.7184   61

   3   rms: 0.1126E-01   max: 0.4323E-01   D at   77  2
       a =  3.500      CL =  0.4283
      Cm = -0.0101     CD =  0.01694   =>   CDf =  0.00729    CDp =  0.00965

 Side 1  free  transition at x/c =  0.5452   65
 Side 2  free  transition at x/c =  0.7178   61

   4   rms: 0.1646E-02   max: -.2065E-01   D at    4  1
       a =  3.500      CL =  0.4280
      Cm = -0.0101     CD =  0.01694   =>   CDf =  0.00728    CDp =  0.00966

 Side 1  free  transition at x/c =  0.5452   65
 Side 2  free  transition at x/c =  0.7178   61

   5   rms: 0.6768E-05   max: -.7951E-04   D at    7  1
       a =  3.500      CL =  0.4280
      Cm = -0.0101     CD =  0.01694   =>   CDf =  0.00728    CDp =  0.00966
 plradd ia,ip,cpol           16           0  0.16240108    

 Point added to stored polar  1
 Point written to save file  raf89_Re200k.base.pol                           
 Dump file unspecified or not available
 Calculating wake trajectory ...
 Calculating source influence matrix ...

 Solving BL system ...

 Side 1  free  transition at x/c =  0.5452   65
 Side 2  free  transition at x/c =  0.7178   61

   1   rms: 0.6155E-01   max: 0.3307E+00   T at   65  1
       a =  4.000      CL =  0.4034
      Cm =  0.0048     CD =  0.01719   =>   CDf =  0.00729    CDp =  0.00990

 Side 1  free  transition at x/c =  0.5258   64
 Side 2  free  transition at x/c =  0.7336   62

   2   rms: 0.7486E-01   max: 0.3294E+00   D at   62  2
       a =  4.000      CL =  0.4926
      Cm = -0.0117     CD =  0.01648   =>   CDf =  0.00723    CDp =  0.00924

 Side 1  free  transition at x/c =  0.5310   66
 Side 2  free  transition at x/c =  0.7315   61
 idif Ue xi dudx           1  7.91596994E-02  3.04794312E-03   25.971514    
 Uenew xinew           2  2.72142421E-03  1.04784966E-04

   3   rms: 0.3175E-01   max: 0.1721E+00   D at   66  1
       a =  4.000      CL =  0.4624
      Cm = -0.0059     CD =  0.01689   =>   CDf =  0.00732    CDp =  0.00957

 Side 1  free  transition at x/c =  0.5294   65
 Side 2  free  transition at x/c =  0.7299   62

   4   rms: 0.3013E-02   max: 0.2960E-01   T at    2  2
       a =  4.000      CL =  0.4600
      Cm = -0.0054     CD =  0.01693   =>   CDf =  0.00725    CDp =  0.00968

 Side 1  free  transition at x/c =  0.5292   65
 Side 2  free  transition at x/c =  0.7299   62

   5   rms: 0.3541E-03   max: -.4501E-02   D at    4  2
       a =  4.000      CL =  0.4599
      Cm = -0.0054     CD =  0.01693   =>   CDf =  0.00726    CDp =  0.00968

 Side 1  free  transition at x/c =  0.5292   65
 Side 2  free  transition at x/c =  0.7299   62

   6   rms: 0.1671E-05   max: 0.1653E-04   D at    4  2
       a =  4.000      CL =  0.4599
      Cm = -0.0054     CD =  0.01693   =>   CDf =  0.00726    CDp =  0.00968
 plradd ia,ip,cpol           17           0  0.16240108    

 Point added to stored polar  1
 Point written to save file  raf89_Re200k.base.pol                           
 Dump file unspecified or not available
 Calculating wake trajectory ...
 Calculating source influence matrix ...

 Solving BL system ...

 Side 1  free  transition at x/c =  0.5292   65
 Side 2  free  transition at x/c =  0.7299   62

   1   rms: 0.8513E-01   max: -.2397E+00   T at   62  2
       a =  4.500      CL =  0.5407
      Cm = -0.0098     CD =  0.01692   =>   CDf =  0.00713    CDp =  0.00979

 Side 1  free  transition at x/c =  0.5170   65
 Side 2  free  transition at x/c =  0.7414   61

   2   rms: 0.4753E-01   max: -.1953E+00   D at   62  2
       a =  4.500      CL =  0.4823
      Cm =  0.0007     CD =  0.01706   =>   CDf =  0.00727    CDp =  0.00979

 Side 1  free  transition at x/c =  0.5131   65
 Side 2  free  transition at x/c =  0.7438   62

   3   rms: 0.4966E-02   max: -.5606E-01   D at   61  2
       a =  4.500      CL =  0.4773
      Cm =  0.0018     CD =  0.01700   =>   CDf =  0.00732    CDp =  0.00968

 Side 1  free  transition at x/c =  0.5139   65
 Side 2  free  transition at x/c =  0.7434   62

   4   rms: 0.3482E-03   max: 0.4957E-02   D at   62  2
       a =  4.500      CL =  0.4775
      Cm =  0.0018     CD =  0.01700   =>   CDf =  0.00728    CDp =  0.00972

 Side 1  free  transition at x/c =  0.5139   65
 Side 2  free  transition at x/c =  0.7434   62

   5   rms: 0.5881E-05   max: -.1913E-04   D at   84  1
       a =  4.500      CL =  0.4775
      Cm =  0.0018     CD =  0.01700   =>   CDf =  0.00728    CDp =  0.00972
 plradd ia,ip,cpol           18           0  0.14994688    

 Point added to stored polar  1
 Point written to save file  raf89_Re200k.base.pol                           
 Dump file unspecified or not available
 Calculating wake trajectory ...
 Calculating source influence matrix ...

 Solving BL system ...

 Side 1  free  transition at x/c =  0.5139   65
 Side 2  free  transition at x/c =  0.7434   62

   1   rms: 0.6834E-01   max: 0.2962E+00   T at   65  1
       a =  5.000      CL =  0.5262
      Cm =  0.0033     CD =  0.01687   =>   CDf =  0.00715    CDp =  0.00972

 Side 1  free  transition at x/c =  0.5013   65
 Side 2  free  transition at x/c =  0.7549   61

   2   rms: 0.2023E-01   max: -.1435E+00   D at   61  2
       a =  5.000      CL =  0.5082
      Cm =  0.0065     CD =  0.01715   =>   CDf =  0.00729    CDp =  0.00986

 Side 1  free  transition at x/c =  0.4993   65
 Side 2  free  transition at x/c =  0.7565   61

   3   rms: 0.2427E-02   max: 0.1455E-01   D at   62  2
       a =  5.000      CL =  0.5109
      Cm =  0.0060     CD =  0.01715   =>   CDf =  0.00725    CDp =  0.00990

 Side 1  free  transition at x/c =  0.4993   65
 Side 2  free  transition at x/c =  0.7562   61

   4   rms: 0.6882E-04   max: 0.2218E-03   D at   62  2
       a =  5.000      CL =  0.5110
      Cm =  0.0059     CD =  0.01716   =>   CDf =  0.00725    CDp =  0.00990
 plradd ia,ip,cpol           19           0  0.14994688    

 Point added to stored polar  1
 Point written to save file  raf89_Re200k.base.pol                           
 Dump file unspecified or not available
 Calculating wake trajectory ...
 Calculating source influence matrix ...

 Solving BL system ...

 Side 1  free  transition at x/c =  0.4993   65
 Side 2  free  transition at x/c =  0.7562   61

   1   rms: 0.5352E-01   max: 0.2559E+00   T at   65  1
       a =  5.500      CL =  0.5292
      Cm =  0.0128     CD =  0.01740   =>   CDf =  0.00726    CDp =  0.01014

 Side 1  free  transition at x/c =  0.4849   64
 Side 2  free  transition at x/c =  0.7699   62

   2   rms: 0.2833E-01   max: -.1396E+00   D at   87  1
       a =  5.500      CL =  0.5506
      Cm =  0.0089     CD =  0.01726   =>   CDf =  0.00740    CDp =  0.00986

 Side 1  free  transition at x/c =  0.4857   64
 Side 2  free  transition at x/c =  0.7703   62

   3   rms: 0.1024E-02   max: 0.9537E-02   D at   65  1
       a =  5.500      CL =  0.5514
      Cm =  0.0087     CD =  0.01734   =>   CDf =  0.00733    CDp =  0.01001

 Side 1  free  transition at x/c =  0.4853   64
 Side 2  free  transition at x/c =  0.7702   62

   4   rms: 0.5061E-04   max: 0.2478E-03   D at   88  1
       a =  5.500      CL =  0.5513
      Cm =  0.0087     CD =  0.01734   =>   CDf =  0.00733    CDp =  0.01001
 plradd ia,ip,cpol           20           0  0.14994688    

 Point added to stored polar  1
 Point written to save file  raf89_Re200k.base.pol                           
 Dump file unspecified or not available
 Calculating wake trajectory ...
 Calculating source influence matrix ...

 Solving BL system ...

 Side 1  free  transition at x/c =  0.4853   64
 Side 2  free  transition at x/c =  0.7702   62

   1   rms: 0.5719E-01   max: -.2937E+00   T at   62  2
       a =  6.000      CL =  0.5451
      Cm =  0.0198     CD =  0.01788   =>   CDf =  0.00718    CDp =  0.01070

 Side 1  free  transition at x/c =  0.4698   65
 Side 2  free  transition at x/c =  0.7845   61

   2   rms: 0.4387E-01   max: -.2131E+00   D at   86  1
       a =  6.000      CL =  0.5756
      Cm =  0.0144     CD =  0.01749   =>   CDf =  0.00744    CDp =  0.01005

 Side 1  free  transition at x/c =  0.4720   65
 Side 2  free  transition at x/c =  0.7877   61

   3   rms: 0.4991E-02   max: -.7132E-01   C at   61  2
       a =  6.000      CL =  0.5772
      Cm =  0.0140     CD =  0.01765   =>   CDf =  0.00735    CDp =  0.01029

 Side 1  free  transition at x/c =  0.4716   65
 Side 2  free  transition at x/c =  0.7876   61

   4   rms: 0.2981E-03   max: 0.4593E-02   D at   62  2
       a =  6.000      CL =  0.5772
      Cm =  0.0140     CD =  0.01765   =>   CDf =  0.00734    CDp =  0.01031

 Side 1  free  transition at x/c =  0.4716   65
 Side 2  free  transition at x/c =  0.7875   61

   5   rms: 0.5456E-05   max: 0.2296E-04   D at   71  2
       a =  6.000      CL =  0.5772
      Cm =  0.0140     CD =  0.01765   =>   CDf =  0.00734    CDp =  0.01031
 plradd ia,ip,cpol           21           0  0.13811661    

 Point added to stored polar  1
 Point written to save file  raf89_Re200k.base.pol                           
 Dump file unspecified or not available
 Calculating wake trajectory ...
 Calculating source influence matrix ...

 Solving BL system ...

 Side 1  free  transition at x/c =  0.4716   65
 Side 2  free  transition at x/c =  0.7875   61

   1   rms: 0.7551E-01   max: 0.2909E+00   T at   65  1
       a =  6.500      CL =  0.6408
      Cm =  0.0127     CD =  0.01777   =>   CDf =  0.00717    CDp =  0.01059

 Side 1  free  transition at x/c =  0.4604   65
 Side 2  free  transition at x/c =  0.8133   62

   2   rms: 0.3648E-01   max: 0.1630E+00   D at   90  1
       a =  6.500      CL =  0.5960
      Cm =  0.0205     CD =  0.01807   =>   CDf =  0.00727    CDp =  0.01080

 Side 1  free  transition at x/c =  0.4582   65
 Side 2  free  transition at x/c =  0.8097   61

   3   rms: 0.4858E-02   max: 0.2518E-01   D at   62  2
       a =  6.500      CL =  0.6012
      Cm =  0.0195     CD =  0.01808   =>   CDf =  0.00723    CDp =  0.01084

 Side 1  free  transition at x/c =  0.4581   65
 Side 2  free  transition at x/c =  0.8091   61

   4   rms: 0.8122E-04   max: -.7454E-03   D at   76  2
       a =  6.500      CL =  0.6013
      Cm =  0.0194     CD =  0.01808   =>   CDf =  0.00722    CDp =  0.01085
 plradd ia,ip,cpol           22           0  0.13811661    

 Point added to stored polar  1
 Point written to save file  raf89_Re200k.base.pol                           
 Dump file unspecified or not available
 Calculating wake trajectory ...
 Calculating source influence matrix ...

 Solving BL system ...

 Side 1  free  transition at x/c =  0.4581   65
 Side 2  free  transition at x/c =  0.8091   61

   1   rms: 0.5754E-01   max: -.3220E+00   T at   61  2   RLX: 0.965
       a =  7.000      CL =  0.6197
      Cm =  0.0256     CD =  0.01840   =>   CDf =  0.00723    CDp =  0.01117

 Side 1  free  transition at x/c =  0.4468   64
 Side 2  free  transition at x/c =  0.8349   63

   2   rms: 0.2265E-01   max: -.1285E+00   D at   62  2
       a =  7.000      CL =  0.6400
      Cm =  0.0222     CD =  0.01839   =>   CDf =  0.00730    CDp =  0.01109

 Side 1  free  transition at x/c =  0.4456   64
 Side 2  free  transition at x/c =  0.8340   63

   3   rms: 0.2800E-02   max: 0.2031E-01   C at   63  2
       a =  7.000      CL =  0.6429
      Cm =  0.0217     CD =  0.01841   =>   CDf =  0.00720    CDp =  0.01121

 Side 1  free  transition at x/c =  0.4454   64
 Side 2  free  transition at x/c =  0.8333   62

   4   rms: 0.2303E-03   max: 0.1699E-02   D at   63  2
       a =  7.000      CL =  0.6431
      Cm =  0.0216     CD =  0.01841   =>   CDf =  0.00721    CDp =  0.01121

 Side 1  free  transition at x/c =  0.4454   64
 Side 2  free  transition at x/c =  0.8332   62

   5   rms: 0.1630E-05   max: 0.1580E-04   D at    4  2
       a =  7.000      CL =  0.6431
      Cm =  0.0216     CD =  0.01841   =>   CDf =  0.00721    CDp =  0.01121
 plradd ia,ip,cpol           23           0  0.12694761    

 Point added to stored polar  1
 Point written to save file  raf89_Re200k.base.pol                           
 Dump file unspecified or not available
 Calculating wake trajectory ...
 Calculating source influence matrix ...

 Solving BL system ...

 Side 1  free  transition at x/c =  0.4454   64
 Side 2  free  transition at x/c =  0.8332   62

   1   rms: 0.6050E-01   max: -.3311E+00   T at   62  2   RLX: 0.876
       a =  7.500      CL =  0.6338
      Cm =  0.0313     CD =  0.01897   =>   CDf =  0.00704    CDp =  0.01192

 Side 1  free  transition at x/c =  0.4343   65
 Side 2  free  transition at x/c =  0.8700   63

   2   rms: 0.3858E-01   max: 0.2150E+00   C at   63  2
       a =  7.500      CL =  0.6732
      Cm =  0.0257     CD =  0.01876   =>   CDf =  0.00703    CDp =  0.01173

 Side 1  free  transition at x/c =  0.4331   65
 Side 2  free  transition at x/c =  0.8662   63

   3   rms: 0.1071E-01   max: 0.8839E-01   C at   63  2
       a =  7.500      CL =  0.6864
      Cm =  0.0231     CD =  0.01883   =>   CDf =  0.00703    CDp =  0.01180

 Side 1  free  transition at x/c =  0.4325   65
 Side 2  free  transition at x/c =  0.8621   63

   4   rms: 0.2411E-02   max: -.1120E-01   D at   70  2
       a =  7.500      CL =  0.6899
      Cm =  0.0224     CD =  0.01885   =>   CDf =  0.00707    CDp =  0.01178

 Side 1  free  transition at x/c =  0.4324   65
 Side 2  free  transition at x/c =  0.8617   63

   5   rms: 0.8322E-04   max: -.2818E-03   D at   70  2
       a =  7.500      CL =  0.6900
      Cm =  0.0224     CD =  0.01885   =>   CDf =  0.00708    CDp =  0.01177
 plradd ia,ip,cpol           24           0  0.12694761    

 Point added to stored polar  1
 Point written to save file  raf89_Re200k.base.pol                           
 Dump file unspecified or not available
 Calculating wake trajectory ...
 Calculating source influence matrix ...

 Solving BL system ...

 Side 1  free  transition at x/c =  0.4324   65
 Side 2  free  transition at x/c =  0.8617   63

   1   rms: 0.1011E+00   max: 0.3480E+00   T at   65  1
       a =  8.000      CL =  0.7998
      Cm =  0.0125     CD =  0.01915   =>   CDf =  0.00693    CDp =  0.01222

 Side 1  free  transition at x/c =  0.4205   65
 Side 2  free  transition at x/c =  0.8825   63

   2   rms: 0.5560E-01   max: -.3932E+00   C at   63  2
       a =  8.000      CL =  0.7379
      Cm =  0.0227     CD =  0.01951   =>   CDf =  0.00702    CDp =  0.01250

 Side 1  free  transition at x/c =  0.4191   65
 Side 2  free  transition at x/c =  0.9013   64

   3   rms: 0.1918E-01   max: -.2123E+00   C at   64  2
       a =  8.000      CL =  0.7541
      Cm =  0.0191     CD =  0.01966   =>   CDf =  0.00692    CDp =  0.01273

 Side 1  free  transition at x/c =  0.4182   65
 Side 2  free  transition at x/c =  0.9033   64

   4   rms: 0.6880E-02   max: 0.9381E-01   C at   64  2
       a =  8.000      CL =  0.7581
      Cm =  0.0184     CD =  0.01972   =>   CDf =  0.00687    CDp =  0.01284

 Side 1  free  transition at x/c =  0.4181   65
 Side 2  free  transition at x/c =  0.8997   63

   5   rms: 0.1242E-02   max: 0.5123E-02   C at   63  2
       a =  8.000      CL =  0.7598
      Cm =  0.0180     CD =  0.01973   =>   CDf =  0.00689    CDp =  0.01284

 Side 1  free  transition at x/c =  0.4180   65
 Side 2  free  transition at x/c =  0.8988   63

   6   rms: 0.3951E-04   max: -.5289E-03   C at   63  2
       a =  8.000      CL =  0.7598
      Cm =  0.0180     CD =  0.01973   =>   CDf =  0.00689    CDp =  0.01284
 plradd ia,ip,cpol           25           0  0.11645881    

 Point added to stored polar  1
 Point written to save file  raf89_Re200k.base.pol                           
 Dump file unspecified or not available
 Calculating wake trajectory ...
 Calculating source influence matrix ...

 Solving BL system ...

 Side 1  free  transition at x/c =  0.4180   65
 Side 2  free  transition at x/c =  0.8988   63

   1   rms: 0.8410E-01   max: -.3361E+00   C at   63  2
       a =  8.500      CL =  0.8394
      Cm =  0.0121     CD =  0.02050   =>   CDf =  0.00677    CDp =  0.01374

 Side 1  free  transition at x/c =  0.4056   65
 Side 2  free  transition at x/c =  0.9447   65

   2   rms: 0.2117E-01   max: 0.1568E+00   D at   68  2
       a =  8.500      CL =  0.8529
      Cm =  0.0092     CD =  0.02086   =>   CDf =  0.00691    CDp =  0.01395

 Side 1  free  transition at x/c =  0.4039   65
 Side 2  free  transition at x/c =  0.9377   64

   3   rms: 0.1328E-01   max: 0.1274E+00   C at   64  2
       a =  8.500      CL =  0.8644
      Cm =  0.0070     CD =  0.02092   =>   CDf =  0.00685    CDp =  0.01407

 Side 1  free  transition at x/c =  0.4032   65
 Side 2  free  transition at x/c =  0.9253   64

   4   rms: 0.4736E-02   max: -.5257E-01   C at   64  2
       a =  8.500      CL =  0.8630
      Cm =  0.0073     CD =  0.02091   =>   CDf =  0.00685    CDp =  0.01406

 Side 1  free  transition at x/c =  0.4033   65
 Side 2  free  transition at x/c =  0.9278   64

   5   rms: 0.1450E-03   max: -.1210E-02   D at   64  2
       a =  8.500      CL =  0.8632
      Cm =  0.0072     CD =  0.02092   =>   CDf =  0.00685    CDp =  0.01406

 Side 1  free  transition at x/c =  0.4033   65
 Side 2  free  transition at x/c =  0.9278   64

   6   rms: 0.7909E-06   max: -.4634E-05   C at   64  2
       a =  8.500      CL =  0.8632
      Cm =  0.0072     CD =  0.02092   =>   CDf =  0.00685    CDp =  0.01406
 plradd ia,ip,cpol           26           0  0.10664948    

 Point added to stored polar  1
 Point written to save file  raf89_Re200k.base.pol                           
 Dump file unspecified or not available
 Calculating wake trajectory ...
 Calculating source influence matrix ...

 Solving BL system ...

 Side 1  free  transition at x/c =  0.4033   65
 Side 2  free  transition at x/c =  0.9278   64

   1   rms: 0.9355E-01   max: 0.4043E+00   D at   67  2
       a =  9.000      CL =  0.9535
      Cm = -0.0022     CD =  0.02243   =>   CDf =  0.00674    CDp =  0.01569

 Side 1  free  transition at x/c =  0.3883   65
 Side 2  free  transition at x/c =  0.9531   64

   2   rms: 0.4365E-01   max: -.2328E+00   D at   89  1
       a =  9.000      CL =  0.9681
      Cm = -0.0031     CD =  0.02182   =>   CDf =  0.00695    CDp =  0.01488

 Side 1  free  transition at x/c =  0.3895   65
 Side 2  free  transition at x/c =  0.9509   64

   3   rms: 0.3281E-02   max: 0.2079E-01   D at   72  2
       a =  9.000      CL =  0.9652
      Cm = -0.0026     CD =  0.02203   =>   CDf =  0.00697    CDp =  0.01505

 Side 1  free  transition at x/c =  0.3893   65
 Side 2  free  transition at x/c =  0.9507   64

   4   rms: 0.1312E-03   max: 0.7476E-03   D at   90  1
       a =  9.000      CL =  0.9651
      Cm = -0.0026     CD =  0.02203   =>   CDf =  0.00697    CDp =  0.01506

 Side 1  free  transition at x/c =  0.3893   65
 Side 2  free  transition at x/c =  0.9508   64

   5   rms: 0.1229E-05   max: -.3232E-05   D at   66  2
       a =  9.000      CL =  0.9651
      Cm = -0.0026     CD =  0.02203   =>   CDf =  0.00697    CDp =  0.01506
 plradd ia,ip,cpol           27           0  9.75015685E-02

 Point added to stored polar  1
 Point written to save file  raf89_Re200k.base.pol                           
 Dump file unspecified or not available
 Calculating wake trajectory ...
 Calculating source influence matrix ...

 Solving BL system ...

 Side 1  free  transition at x/c =  0.3893   65
 Side 2  free  transition at x/c =  0.9508   64

   1   rms: 0.8579E-01   max: 0.3426E+00   T at   65  1
       a =  9.500      CL =  1.0063
      Cm = -0.0043     CD =  0.02398   =>   CDf =  0.00686    CDp =  0.01712

 Side 1  free  transition at x/c =  0.3746   66
 Side 2  free  transition at x/c =  0.9896   65

   2   rms: 0.4382E-01   max: -.2043E+00   D at   92  1
       a =  9.500      CL =  1.0341
      Cm = -0.0079     CD =  0.02325   =>   CDf =  0.00689    CDp =  0.01636

 Side 1  free  transition at x/c =  0.3760   66
 Side 2  free  transition at x/c =  0.9799   65

   3   rms: 0.2644E-02   max: -.2962E-01   D at   75  2
       a =  9.500      CL =  1.0339
      Cm = -0.0078     CD =  0.02347   =>   CDf =  0.00685    CDp =  0.01662

 Side 1  free  transition at x/c =  0.3758   66
 Side 2  free  transition at x/c =  0.9801   65

   4   rms: 0.5808E-04   max: -.5841E-03   D at   75  2
       a =  9.500      CL =  1.0338
      Cm = -0.0078     CD =  0.02347   =>   CDf =  0.00686    CDp =  0.01662
 plradd ia,ip,cpol           28           0  4.43365499E-02

 Point added to stored polar  1
 Point written to save file  raf89_Re200k.base.pol                           
 Dump file unspecified or not available
 Calculating wake trajectory ...
 Calculating source influence matrix ...

 Solving BL system ...

 Side 1  free  transition at x/c =  0.3758   66
 Side 2  free  transition at x/c =  0.9801   65

   1   rms: 0.8958E-01   max: 0.3669E+00   T at   66  1
       a = 10.000      CL =  1.1290
      Cm = -0.0166     CD =  0.02444   =>   CDf =  0.00675    CDp =  0.01770

 Side 1  free  transition at x/c =  0.3648   66
 Side 2  free  transition at x/c =  0.9973   65

   2   rms: 0.1957E-01   max: 0.1483E+00   C at   65  2
       a = 10.000      CL =  1.1155
      Cm = -0.0156     CD =  0.02506   =>   CDf =  0.00689    CDp =  0.01817

 Side 1  free  transition at x/c =  0.3624   66
 Side 2 forced transition at x/c =  1.0000   65

   3   rms: 0.3587E-02   max: -.1953E-01   D at   92  1
       a = 10.000      CL =  1.1169
      Cm = -0.0157     CD =  0.02497   =>   CDf =  0.00684    CDp =  0.01813

 Side 1  free  transition at x/c =  0.3625   66
 Side 2 forced transition at x/c =  1.0000   65

   4   rms: 0.9561E-04   max: -.5063E-03   D at   74  2
       a = 10.000      CL =  1.1170
      Cm = -0.0157     CD =  0.02497   =>   CDf =  0.00684    CDp =  0.01813
 plradd ia,ip,cpol           29           0  3.96453477E-02

 Point added to stored polar  1
 Point written to save file  raf89_Re200k.base.pol                           
 Dump file unspecified or not available

.OPERva   c>  
 Solving BL system ...

 Side 1  free  transition at x/c =  0.3625   66
 Side 2 forced transition at x/c =  1.0000   65

   1   rms: 0.3582E-05   max: -.2395E-04   D at   60  2
       a = 10.000      CL =  1.1170
      Cm = -0.0157     CD =  0.02497   =>   CDf =  0.00684    CDp =  0.01813
 plradd ia,ip,cpol           30         182  3.96453477E-02

 Point added to stored polar  1
 Point written to save file  raf89_Re200k.base.pol                           
 Dump file unspecified or not available
 Calculating wake trajectory ...
 Calculating source influence matrix ...

 Solving BL system ...

 Side 1  free  transition at x/c =  0.3625   66
 Side 2 forced transition at x/c =  1.0000   65

   1   rms: 0.7169E-01   max: -.5016E+00   D at   61  2   RLX: 0.997
       a = 10.250      CL =  1.0758
      Cm = -0.0056     CD =  0.02496   =>   CDf =  0.00685    CDp =  0.01811

 Side 1  free  transition at x/c =  0.3599   66
 Side 2 forced transition at x/c =  1.0000   65

   2   rms: 0.3470E-01   max: 0.2841E+00   D at   64  2
       a = 10.250      CL =  1.0912
      Cm = -0.0079     CD =  0.02498   =>   CDf =  0.00708    CDp =  0.01790

 Side 1  free  transition at x/c =  0.3592   66
 Side 2 forced transition at x/c =  1.0000   65

   3   rms: 0.1629E-01   max: 0.1388E+00   D at   63  2
       a = 10.250      CL =  1.0999
      Cm = -0.0092     CD =  0.02510   =>   CDf =  0.00695    CDp =  0.01815

 Side 1  free  transition at x/c =  0.3588   66
 Side 2 forced transition at x/c =  1.0000   65

   4   rms: 0.4592E-02   max: 0.3800E-01   D at   61  2
       a = 10.250      CL =  1.1025
      Cm = -0.0096     CD =  0.02514   =>   CDf =  0.00691    CDp =  0.01823

 Side 1  free  transition at x/c =  0.3587   66
 Side 2 forced transition at x/c =  1.0000   65

   5   rms: 0.3930E-03   max: 0.3194E-02   D at   61  2
       a = 10.250      CL =  1.1028
      Cm = -0.0097     CD =  0.02515   =>   CDf =  0.00690    CDp =  0.01825

 Side 1  free  transition at x/c =  0.3587   66
 Side 2 forced transition at x/c =  1.0000   65

   6   rms: 0.2517E-05   max: -.1327E-04   D at   74  2
       a = 10.250      CL =  1.1028
      Cm = -0.0097     CD =  0.02515   =>   CDf =  0.00690    CDp =  0.01825
 plradd ia,ip,cpol           31           0  3.52983288E-02

 Point added to stored polar  1
 Point written to save file  raf89_Re200k.base.pol                           
 Dump file unspecified or not available
 Calculating wake trajectory ...
 Calculating source influence matrix ...

 Solving BL system ...

 Side 1  free  transition at x/c =  0.3587   66
 Side 2 forced transition at x/c =  1.0000   65

   1   rms: 0.3157E-01   max: -.1723E+00   D at   62  2
       a = 10.500      CL =  1.1030
      Cm = -0.0058     CD =  0.02546   =>   CDf =  0.00690    CDp =  0.01855

 Side 1  free  transition at x/c =  0.3545   66
 Side 2 forced transition at x/c =  1.0000   65

   2   rms: 0.1267E-01   max: 0.7280E-01   D at   62  2
       a = 10.500      CL =  1.1140
      Cm = -0.0074     CD =  0.02538   =>   CDf =  0.00703    CDp =  0.01835

 Side 1  free  transition at x/c =  0.3542   66
 Side 2 forced transition at x/c =  1.0000   65

   3   rms: 0.1747E-02   max: 0.1302E-01   D at   62  2
       a = 10.500      CL =  1.1156
      Cm = -0.0076     CD =  0.02539   =>   CDf =  0.00702    CDp =  0.01837

 Side 1  free  transition at x/c =  0.3542   66
 Side 2 forced transition at x/c =  1.0000   65

   4   rms: 0.3133E-04   max: 0.2412E-03   D at   61  2
       a = 10.500      CL =  1.1156
      Cm = -0.0076     CD =  0.02539   =>   CDf =  0.00702    CDp =  0.01837
 plradd ia,ip,cpol           32           0  3.52983288E-02

 Point added to stored polar  1
 Point written to save file  raf89_Re200k.base.pol                           
 Dump file unspecified or not available
 Calculating wake trajectory ...
 Calculating source influence matrix ...

 Solving BL system ...

 Side 1  free  transition at x/c =  0.3542   66
 Side 2 forced transition at x/c =  1.0000   65

   1   rms: 0.3777E-01   max: 0.1579E+00   T at   66  1
       a = 10.750      CL =  1.1479
      Cm = -0.0083     CD =  0.02551   =>   CDf =  0.00689    CDp =  0.01862

 Side 1  free  transition at x/c =  0.3497   66
 Side 2 forced transition at x/c =  1.0000   64
 idif Ue xi dudx           1  7.58691058E-02  4.59146500E-03   16.523943    
 Uenew xinew           2  4.04204521E-03  2.44617462E-04

   2   rms: 0.2348E-01   max: 0.9592E-01   D at   92  1
       a = 10.750      CL =  1.1210
      Cm = -0.0046     CD =  0.02592   =>   CDf =  0.00722    CDp =  0.01870

 Side 1  free  transition at x/c =  0.3496   65
 Side 2 forced transition at x/c =  1.0000   65

   3   rms: 0.1555E-02   max: 0.2106E-01   D at   90  1
       a = 10.750      CL =  1.1209
      Cm = -0.0047     CD =  0.02592   =>   CDf =  0.00704    CDp =  0.01888

 Side 1  free  transition at x/c =  0.3496   65
 Side 2 forced transition at x/c =  1.0000   65

   4   rms: 0.4033E-03   max: 0.5144E-02   D at    4  2
       a = 10.750      CL =  1.1209
      Cm = -0.0047     CD =  0.02592   =>   CDf =  0.00704    CDp =  0.01889

 Side 1  free  transition at x/c =  0.3496   65
 Side 2 forced transition at x/c =  1.0000   65

   5   rms: 0.1375E-05   max: 0.7362E-05   D at    4  2
       a = 10.750      CL =  1.1209
      Cm = -0.0047     CD =  0.02592   =>   CDf =  0.00704    CDp =  0.01889
 plradd ia,ip,cpol           33           0  3.52983288E-02

 Point added to stored polar  1
 Point written to save file  raf89_Re200k.base.pol                           
 Dump file unspecified or not available
 Calculating wake trajectory ...
 Calculating source influence matrix ...

 Solving BL system ...

 Side 1  free  transition at x/c =  0.3496   65
 Side 2 forced transition at x/c =  1.0000   65

   1   rms: 0.3160E-01   max: -.1446E+00   D at   63  2   RLX: 0.908
       a = 11.000      CL =  1.1079
      Cm =  0.0003     CD =  0.02669   =>   CDf =  0.00691    CDp =  0.01979

 Side 1  free  transition at x/c =  0.3454   66
 Side 2 forced transition at x/c =  1.0000   64

   2   rms: 0.6694E-02   max: 0.6142E-01   D at    2  1
       a = 11.000      CL =  1.1129
      Cm = -0.0002     CD =  0.02669   =>   CDf =  0.00698    CDp =  0.01971

 Side 1  free  transition at x/c =  0.3449   66
 Side 2 forced transition at x/c =  1.0000   64

   3   rms: 0.3558E-03   max: 0.1793E-02   D at    4  1
       a = 11.000      CL =  1.1133
      Cm = -0.0002     CD =  0.02669   =>   CDf =  0.00696    CDp =  0.01972

 Side 1  free  transition at x/c =  0.3449   66
 Side 2 forced transition at x/c =  1.0000   64

   4   rms: 0.5055E-05   max: -.1911E-04   D at   73  2
       a = 11.000      CL =  1.1133
      Cm = -0.0002     CD =  0.02669   =>   CDf =  0.00696    CDp =  0.01972
 plradd ia,ip,cpol           34           0  3.52983288E-02

 Point added to stored polar  1
 Point written to save file  raf89_Re200k.base.pol                           
 Dump file unspecified or not available
 Calculating wake trajectory ...
 Calculating source influence matrix ...

 Solving BL system ...

 Side 1  free  transition at x/c =  0.3449   66
 Side 2 forced transition at x/c =  1.0000   64

   1   rms: 0.2794E-01   max: 0.1175E+00   T at   66  1   RLX: 0.866
       a = 11.250      CL =  1.1124
      Cm =  0.0029     CD =  0.02732   =>   CDf =  0.00697    CDp =  0.02035

 Side 1  free  transition at x/c =  0.3405   66
 Side 2 forced transition at x/c =  1.0000   64

   2   rms: 0.6465E-02   max: -.3113E-01   D at   66  1
       a = 11.250      CL =  1.1179
      Cm =  0.0026     CD =  0.02727   =>   CDf =  0.00698    CDp =  0.02029

 Side 1  free  transition at x/c =  0.3400   66
 Side 2 forced transition at x/c =  1.0000   64

   3   rms: 0.3791E-03   max: -.1831E-02   D at   89  1
       a = 11.250      CL =  1.1183
      Cm =  0.0025     CD =  0.02727   =>   CDf =  0.00698    CDp =  0.02029

 Side 1  free  transition at x/c =  0.3400   66
 Side 2 forced transition at x/c =  1.0000   64

   4   rms: 0.5914E-05   max: -.2573E-04   D at   63  2
       a = 11.250      CL =  1.1183
      Cm =  0.0025     CD =  0.02727   =>   CDf =  0.00698    CDp =  0.02029
 plradd ia,ip,cpol           35           0  3.52983288E-02

 Point added to stored polar  1
 Point written to save file  raf89_Re200k.base.pol                           
 Dump file unspecified or not available
 Calculating wake trajectory ...
 Calculating source influence matrix ...

 Solving BL system ...

 Side 1  free  transition at x/c =  0.3400   66
 Side 2 forced transition at x/c =  1.0000   64

   1   rms: 0.2702E-01   max: 0.1299E+00   T at   66  1   RLX: 0.843
       a = 11.500      CL =  1.1272
      Cm =  0.0043     CD =  0.02769   =>   CDf =  0.00698    CDp =  0.02070

 Side 1  free  transition at x/c =  0.3360   66
 Side 2 forced transition at x/c =  1.0000   64

   2   rms: 0.9799E-02   max: -.5396E-01   D at   66  1
       a = 11.500      CL =  1.1358
      Cm =  0.0037     CD =  0.02761   =>   CDf =  0.00706    CDp =  0.02055

 Side 1  free  transition at x/c =  0.3354   66
 Side 2 forced transition at x/c =  1.0000   64

   3   rms: 0.1731E-02   max: -.7468E-02   D at   89  1
       a = 11.500      CL =  1.1378
      Cm =  0.0035     CD =  0.02758   =>   CDf =  0.00708    CDp =  0.02050

 Side 1  free  transition at x/c =  0.3354   66
 Side 2 forced transition at x/c =  1.0000   64

   4   rms: 0.2716E-04   max: -.1574E-03   D at   63  2
       a = 11.500      CL =  1.1377
      Cm =  0.0035     CD =  0.02758   =>   CDf =  0.00708    CDp =  0.02050
 plradd ia,ip,cpol           36           0  3.52983288E-02

 Point added to stored polar  1
 Point written to save file  raf89_Re200k.base.pol                           
 Dump file unspecified or not available
 Calculating wake trajectory ...
 Calculating source influence matrix ...

 Solving BL system ...

 Side 1  free  transition at x/c =  0.3354   66
 Side 2 forced transition at x/c =  1.0000   64

   1   rms: 0.4097E-01   max: 0.1657E+00   T at   66  1   RLX: 0.863
       a = 11.750      CL =  1.1695
      Cm =  0.0026     CD =  0.02760   =>   CDf =  0.00709    CDp =  0.02051

 Side 1  free  transition at x/c =  0.3315   65
 Side 2 forced transition at x/c =  1.0000   64

   2   rms: 0.2514E-01   max: 0.1143E+00   D at   90  1
       a = 11.750      CL =  1.1435
      Cm =  0.0060     CD =  0.02836   =>   CDf =  0.00714    CDp =  0.02122

 Side 1  free  transition at x/c =  0.3308   65
 Side 2 forced transition at x/c =  1.0000   64

   3   rms: 0.1245E-02   max: 0.2312E-01   D at   89  1
       a = 11.750      CL =  1.1438
      Cm =  0.0059     CD =  0.02835   =>   CDf =  0.00707    CDp =  0.02127

 Side 1  free  transition at x/c =  0.3307   65
 Side 2 forced transition at x/c =  1.0000   64

   4   rms: 0.2351E-04   max: 0.2012E-03   D at   63  2
       a = 11.750      CL =  1.1438
      Cm =  0.0059     CD =  0.02835   =>   CDf =  0.00707    CDp =  0.02128
 plradd ia,ip,cpol           37           0  3.52983288E-02

 Point added to stored polar  1
 Point written to save file  raf89_Re200k.base.pol                           
 Dump file unspecified or not available
 Calculating wake trajectory ...
 Calculating source influence matrix ...

 Solving BL system ...

 Side 1  free  transition at x/c =  0.3307   65
 Side 2 forced transition at x/c =  1.0000   64

   1   rms: 0.3141E-01   max: 0.1267E+00   D at   86  1   RLX: 0.765
       a = 12.000      CL =  1.1353
      Cm =  0.0092     CD =  0.02928   =>   CDf =  0.00707    CDp =  0.02221

 Side 1  free  transition at x/c =  0.3269   65
 Side 2 forced transition at x/c =  1.0000   64

   2   rms: 0.6631E-02   max: -.2752E-01   D at   66  1
       a = 12.000      CL =  1.1385
      Cm =  0.0094     CD =  0.02940   =>   CDf =  0.00700    CDp =  0.02240

 Side 1  free  transition at x/c =  0.3257   65
 Side 2 forced transition at x/c =  1.0000   64

   3   rms: 0.7054E-03   max: -.3713E-02   D at   88  1
       a = 12.000      CL =  1.1390
      Cm =  0.0093     CD =  0.02938   =>   CDf =  0.00699    CDp =  0.02239

 Side 1  free  transition at x/c =  0.3257   65
 Side 2 forced transition at x/c =  1.0000   64

   4   rms: 0.3424E-04   max: -.1213E-03   D at   85  1
       a = 12.000      CL =  1.1391
      Cm =  0.0093     CD =  0.02938   =>   CDf =  0.00699    CDp =  0.02239
 plradd ia,ip,cpol           38           0  3.52983288E-02

 Point added to stored polar  1
 Point written to save file  raf89_Re200k.base.pol                           
 Dump file unspecified or not available
 Calculating wake trajectory ...
 Calculating source influence matrix ...

 Solving BL system ...

 Side 1  free  transition at x/c =  0.3257   65
 Side 2 forced transition at x/c =  1.0000   64

   1   rms: 0.2795E-01   max: 0.1230E+00   T at   65  1   RLX: 0.739
       a = 12.250      CL =  1.1407
      Cm =  0.0113     CD =  0.03005   =>   CDf =  0.00684    CDp =  0.02321

 Side 1  free  transition at x/c =  0.3216   66
 Side 2 forced transition at x/c =  1.0000   63

   2   rms: 0.1012E-01   max: 0.7352E-01   D at    2  1
       a = 12.250      CL =  1.1459
      Cm =  0.0114     CD =  0.03007   =>   CDf =  0.00700    CDp =  0.02307

 Side 1  free  transition at x/c =  0.3206   66
 Side 2 forced transition at x/c =  1.0000   63

   3   rms: 0.9865E-03   max: -.5308E-02   D at   66  1
       a = 12.250      CL =  1.1464
      Cm =  0.0114     CD =  0.03005   =>   CDf =  0.00700    CDp =  0.02305

 Side 1  free  transition at x/c =  0.3206   66
 Side 2 forced transition at x/c =  1.0000   63

   4   rms: 0.4960E-04   max: -.1776E-03   D at   86  1
       a = 12.250      CL =  1.1464
      Cm =  0.0114     CD =  0.03005   =>   CDf =  0.00700    CDp =  0.02305
 plradd ia,ip,cpol           39           0  3.52983288E-02

 Point added to stored polar  1
 Point written to save file  raf89_Re200k.base.pol                           
 Dump file unspecified or not available
 Calculating wake trajectory ...
 Calculating source influence matrix ...

 Solving BL system ...

 Side 1  free  transition at x/c =  0.3206   66
 Side 2 forced transition at x/c =  1.0000   63

   1   rms: 0.2844E-01   max: 0.1562E+00   T at   66  1   RLX: 0.723
       a = 12.500      CL =  1.1550
      Cm =  0.0125     CD =  0.03045   =>   CDf =  0.00701    CDp =  0.02344

 Side 1  free  transition at x/c =  0.3167   66
 Side 2 forced transition at x/c =  1.0000   63

   2   rms: 0.2022E-01   max: -.8996E-01   D at   66  1
       a = 12.500      CL =  1.1741
      Cm =  0.0114     CD =  0.03009   =>   CDf =  0.00711    CDp =  0.02299

 Side 1  free  transition at x/c =  0.3151   65
 Side 2 forced transition at x/c =  1.0000   63

   3   rms: 0.2371E-02   max: 0.1910E-01   D at   66  1
       a = 12.500      CL =  1.1721
      Cm =  0.0116     CD =  0.03023   =>   CDf =  0.00718    CDp =  0.02305

 Side 1  free  transition at x/c =  0.3149   65
 Side 2 forced transition at x/c =  1.0000   63

   4   rms: 0.1449E-03   max: 0.1125E-02   D at   88  1
       a = 12.500      CL =  1.1720
      Cm =  0.0116     CD =  0.03023   =>   CDf =  0.00717    CDp =  0.02306

 Side 1  free  transition at x/c =  0.3149   65
 Side 2 forced transition at x/c =  1.0000   63

   5   rms: 0.3763E-05   max: 0.1462E-04   D at   88  1
       a = 12.500      CL =  1.1720
      Cm =  0.0116     CD =  0.03023   =>   CDf =  0.00717    CDp =  0.02306
 plradd ia,ip,cpol           40           0  3.12823839E-02

 Point added to stored polar  1
 Point written to save file  raf89_Re200k.base.pol                           
 Dump file unspecified or not available
 Calculating wake trajectory ...
 Calculating source influence matrix ...

 Solving BL system ...

 Side 1  free  transition at x/c =  0.3149   65
 Side 2 forced transition at x/c =  1.0000   63

   1   rms: 0.3857E-01   max: 0.1697E+00   D at   86  1   RLX: 0.683
       a = 12.750      CL =  1.1570
      Cm =  0.0149     CD =  0.03146   =>   CDf =  0.00718    CDp =  0.02428

 Side 1  free  transition at x/c =  0.3118   65
 Side 2 forced transition at x/c =  1.0000   63

   2   rms: 0.8791E-02   max: 0.4420E-01   T at   65  1
       a = 12.750      CL =  1.1569
      Cm =  0.0155     CD =  0.03183   =>   CDf =  0.00705    CDp =  0.02478

 Side 1  free  transition at x/c =  0.3100   65
 Side 2 forced transition at x/c =  1.0000   63

   3   rms: 0.1014E-02   max: -.5607E-02   D at   88  1
       a = 12.750      CL =  1.1577
      Cm =  0.0154     CD =  0.03178   =>   CDf =  0.00701    CDp =  0.02477

 Side 1  free  transition at x/c =  0.3100   65
 Side 2 forced transition at x/c =  1.0000   63

   4   rms: 0.4984E-04   max: -.1758E-03   D at   84  1
       a = 12.750      CL =  1.1578
      Cm =  0.0154     CD =  0.03178   =>   CDf =  0.00701    CDp =  0.02477
 plradd ia,ip,cpol           41           0  3.52983288E-02

 Point added to stored polar  1
 Point written to save file  raf89_Re200k.base.pol                           
 Dump file unspecified or not available
 Calculating wake trajectory ...
 Calculating source influence matrix ...

 Solving BL system ...

 Side 1  free  transition at x/c =  0.3100   65
 Side 2 forced transition at x/c =  1.0000   63

   1   rms: 0.2957E-01   max: 0.1313E+00   T at   65  1   RLX: 0.656
       a = 13.000      CL =  1.1536
      Cm =  0.0174     CD =  0.03273   =>   CDf =  0.00702    CDp =  0.02571

 Side 1  free  transition at x/c =  0.3064   65
 Side 2 forced transition at x/c =  1.0000   63

   2   rms: 0.9365E-02   max: 0.4273E-01   T at   65  1
       a = 13.000      CL =  1.1581
      Cm =  0.0177     CD =  0.03289   =>   CDf =  0.00698    CDp =  0.02590

 Side 1  free  transition at x/c =  0.3046   65
 Side 2 forced transition at x/c =  1.0000   63

   3   rms: 0.1343E-02   max: -.6929E-02   D at   87  1
       a = 13.000      CL =  1.1591
      Cm =  0.0177     CD =  0.03283   =>   CDf =  0.00699    CDp =  0.02585

 Side 1  free  transition at x/c =  0.3046   65
 Side 2 forced transition at x/c =  1.0000   63

   4   rms: 0.6071E-04   max: -.2177E-03   D at   84  1
       a = 13.000      CL =  1.1592
      Cm =  0.0177     CD =  0.03283   =>   CDf =  0.00699    CDp =  0.02585
 plradd ia,ip,cpol           42           0  3.12823839E-02

 Point added to stored polar  1
 Point written to save file  raf89_Re200k.base.pol                           
 Dump file unspecified or not available
 Calculating wake trajectory ...
 Calculating source influence matrix ...

 Solving BL system ...

 Side 1  free  transition at x/c =  0.3046   65
 Side 2 forced transition at x/c =  1.0000   63

   1   rms: 0.2679E-01   max: 0.1445E+00   T at   65  1   RLX: 0.641
       a = 13.250      CL =  1.1639
      Cm =  0.0187     CD =  0.03338   =>   CDf =  0.00699    CDp =  0.02639

 Side 1  free  transition at x/c =  0.3012   65
 Side 2 forced transition at x/c =  1.0000   63

   2   rms: 0.1169E-01   max: -.6205E-01   D at   65  1
       a = 13.250      CL =  1.1721
      Cm =  0.0189     CD =  0.03342   =>   CDf =  0.00687    CDp =  0.02655

 Side 1  free  transition at x/c =  0.2997   66
 Side 2 forced transition at x/c =  1.0000   62

   3   rms: 0.4054E-02   max: -.1938E-01   D at   87  1
       a = 13.250      CL =  1.1761
      Cm =  0.0185     CD =  0.03325   =>   CDf =  0.00707    CDp =  0.02618

 Side 1  free  transition at x/c =  0.2995   66
 Side 2 forced transition at x/c =  1.0000   62

   4   rms: 0.2182E-03   max: -.2688E-02   D at    4  1
       a = 13.250      CL =  1.1760
      Cm =  0.0186     CD =  0.03327   =>   CDf =  0.00709    CDp =  0.02618

 Side 1  free  transition at x/c =  0.2995   66
 Side 2 forced transition at x/c =  1.0000   62

   5   rms: 0.9606E-06   max: -.7801E-05   D at    4  1
       a = 13.250      CL =  1.1760
      Cm =  0.0186     CD =  0.03327   =>   CDf =  0.00709    CDp =  0.02618
 plradd ia,ip,cpol           43           0  3.12823839E-02

 Point added to stored polar  1
 Point written to save file  raf89_Re200k.base.pol                           
 Dump file unspecified or not available
 Calculating wake trajectory ...
 Calculating source influence matrix ...

 Solving BL system ...

 Side 1  free  transition at x/c =  0.2995   66
 Side 2 forced transition at x/c =  1.0000   62

   1   rms: 0.3811E-01   max: 0.1634E+00   T at   66  1   RLX: 0.650
       a = 13.500      CL =  1.1974
      Cm =  0.0183     CD =  0.03317   =>   CDf =  0.00709    CDp =  0.02608

 Side 1  free  transition at x/c =  0.2968   65
 Side 2 forced transition at x/c =  1.0000   62

   2   rms: 0.2410E-01   max: 0.1141E+00   D at   87  1
       a = 13.500      CL =  1.1791
      Cm =  0.0205     CD =  0.03454   =>   CDf =  0.00715    CDp =  0.02739

 Side 1  free  transition at x/c =  0.2949   65
 Side 2 forced transition at x/c =  1.0000   62

   3   rms: 0.1238E-02   max: 0.1486E-01   D at   87  1
       a = 13.500      CL =  1.1801
      Cm =  0.0203     CD =  0.03443   =>   CDf =  0.00704    CDp =  0.02739

 Side 1  free  transition at x/c =  0.2948   65
 Side 2 forced transition at x/c =  1.0000   62

   4   rms: 0.2088E-04   max: -.1120E-03   D at   87  1
       a = 13.500      CL =  1.1801
      Cm =  0.0203     CD =  0.03444   =>   CDf =  0.00704    CDp =  0.02739
 plradd ia,ip,cpol           44           0  3.12823839E-02

 Point added to stored polar  1
 Point written to save file  raf89_Re200k.base.pol                           
 Dump file unspecified or not available
 Calculating wake trajectory ...
 Calculating source influence matrix ...

 Solving BL system ...

 Side 1  free  transition at x/c =  0.2948   65
 Side 2 forced transition at x/c =  1.0000   62

   1   rms: 0.3397E-01   max: -.1489E+00   D at    3  2   RLX: 0.595
       a = 13.750      CL =  1.1736
      Cm =  0.0220     CD =  0.03561   =>   CDf =  0.00705    CDp =  0.02856

 Side 1  free  transition at x/c =  0.2917   65
 Side 2 forced transition at x/c =  1.0000   62

   2   rms: 0.1119E-01   max: -.6056E-01   D at    3  2
       a = 13.750      CL =  1.1751
      Cm =  0.0226     CD =  0.03607   =>   CDf =  0.00697    CDp =  0.02909

 Side 1  free  transition at x/c =  0.2896   65
 Side 2 forced transition at x/c =  1.0000   62

   3   rms: 0.1454E-02   max: -.7370E-02   D at   87  1
       a = 13.750      CL =  1.1761
      Cm =  0.0225     CD =  0.03597   =>   CDf =  0.00695    CDp =  0.02902

 Side 1  free  transition at x/c =  0.2897   65
 Side 2 forced transition at x/c =  1.0000   62

   4   rms: 0.8717E-04   max: -.3719E-03   D at   86  1
       a = 13.750      CL =  1.1762
      Cm =  0.0225     CD =  0.03598   =>   CDf =  0.00695    CDp =  0.02903
 plradd ia,ip,cpol           45           0  3.12823839E-02

 Point added to stored polar  1
 Point written to save file  raf89_Re200k.base.pol                           
 Dump file unspecified or not available
 Calculating wake trajectory ...
 Calculating source influence matrix ...

 Solving BL system ...

 Side 1  free  transition at x/c =  0.2897   65
 Side 2 forced transition at x/c =  1.0000   62

   1   rms: 0.2770E-01   max: 0.1205E+00   T at   65  1   RLX: 0.580
       a = 14.000      CL =  1.1784
      Cm =  0.0234     CD =  0.03673   =>   CDf =  0.00696    CDp =  0.02977

 Side 1  free  transition at x/c =  0.2869   65
 Side 2 forced transition at x/c =  1.0000   62

   2   rms: 0.1178E-01   max: 0.5194E-01   D at    3  2
       a = 14.000      CL =  1.1842
      Cm =  0.0238     CD =  0.03698   =>   CDf =  0.00695    CDp =  0.03004

 Side 1  free  transition at x/c =  0.2851   65
 Side 2 forced transition at x/c =  1.0000   62

   3   rms: 0.1503E-02   max: -.9801E-02   D at   65  1
       a = 14.000      CL =  1.1850
      Cm =  0.0237     CD =  0.03692   =>   CDf =  0.00696    CDp =  0.02996

 Side 1  free  transition at x/c =  0.2851   65
 Side 2 forced transition at x/c =  1.0000   62

   4   rms: 0.1029E-03   max: -.4511E-03   D at   86  1
       a = 14.000      CL =  1.1851
      Cm =  0.0237     CD =  0.03692   =>   CDf =  0.00696    CDp =  0.02996

 Side 1  free  transition at x/c =  0.2851   65
 Side 2 forced transition at x/c =  1.0000   62

   5   rms: 0.1795E-05   max: -.9353E-05   D at   77  2
       a = 14.000      CL =  1.1851
      Cm =  0.0237     CD =  0.03692   =>   CDf =  0.00696    CDp =  0.02996
 plradd ia,ip,cpol           46           0  3.12823839E-02

 Point added to stored polar  1
 Point written to save file  raf89_Re200k.base.pol                           
 Dump file unspecified or not available
 Calculating wake trajectory ...
 Calculating source influence matrix ...

 Solving BL system ...

 Side 1  free  transition at x/c =  0.2851   65
 Side 2 forced transition at x/c =  1.0000   62

   1   rms: 0.2814E-01   max: 0.1397E+00   T at   65  1   RLX: 0.572
       a = 14.250      CL =  1.1928
      Cm =  0.0243     CD =  0.03736   =>   CDf =  0.00697    CDp =  0.03039

 Side 1  free  transition at x/c =  0.2826   65
 Side 2 forced transition at x/c =  1.0000   62

   2   rms: 0.1825E-01   max: 0.6057E-01   T at   65  1
       a = 14.250      CL =  1.2094
      Cm =  0.0240     CD =  0.03707   =>   CDf =  0.00684    CDp =  0.03023

 Side 1  free  transition at x/c =  0.2807   66
 Side 2 forced transition at x/c =  1.0000   61

   3   rms: 0.7102E-02   max: 0.8475E-01   D at    2  1
       a = 14.250      CL =  1.2142
      Cm =  0.0237     CD =  0.03688   =>   CDf =  0.00710    CDp =  0.02978

 Side 1  free  transition at x/c =  0.2805   65
 Side 2 forced transition at x/c =  1.0000   61

   4   rms: 0.4800E-03   max: 0.2660E-02   D at    4  1
       a = 14.250      CL =  1.2137
      Cm =  0.0237     CD =  0.03693   =>   CDf =  0.00712    CDp =  0.02981

 Side 1  free  transition at x/c =  0.2805   65
 Side 2 forced transition at x/c =  1.0000   61

   5   rms: 0.8369E-05   max: 0.4117E-04   D at   72  2
       a = 14.250      CL =  1.2137
      Cm =  0.0237     CD =  0.03692   =>   CDf =  0.00712    CDp =  0.02981
 plradd ia,ip,cpol           47           0  3.12823839E-02

 Point added to stored polar  1
 Point written to save file  raf89_Re200k.base.pol                           
 Dump file unspecified or not available
 Calculating wake trajectory ...
 Calculating source influence matrix ...

 Solving BL system ...

 Side 1  free  transition at x/c =  0.2805   65
 Side 2 forced transition at x/c =  1.0000   61

   1   rms: 0.4168E-01   max: 0.1905E+00   D at   84  1   RLX: 0.547
       a = 14.500      CL =  1.2015
      Cm =  0.0254     CD =  0.03846   =>   CDf =  0.00712    CDp =  0.03133

 Side 1  free  transition at x/c =  0.2783   65
 Side 2 forced transition at x/c =  1.0000   61

   2   rms: 0.1427E-01   max: 0.6223E-01   D at   85  1
       a = 14.500      CL =  1.1982
      Cm =  0.0262     CD =  0.03936   =>   CDf =  0.00700    CDp =  0.03237

 Side 1  free  transition at x/c =  0.2761   65
 Side 2 forced transition at x/c =  1.0000   61

   3   rms: 0.1613E-02   max: -.8437E-02   D at   87  1
       a = 14.500      CL =  1.1995
      Cm =  0.0261     CD =  0.03922   =>   CDf =  0.00692    CDp =  0.03230

 Side 1  free  transition at x/c =  0.2761   65
 Side 2 forced transition at x/c =  1.0000   61

   4   rms: 0.8036E-04   max: -.3509E-03   D at   86  1
       a = 14.500      CL =  1.1995
      Cm =  0.0261     CD =  0.03922   =>   CDf =  0.00693    CDp =  0.03230
 plradd ia,ip,cpol           48           0  3.12823839E-02

 Point added to stored polar  1
 Point written to save file  raf89_Re200k.base.pol                           
 Dump file unspecified or not available
 Calculating wake trajectory ...
 Calculating source influence matrix ...

 Solving BL system ...

 Side 1  free  transition at x/c =  0.2761   65
 Side 2 forced transition at x/c =  1.0000   61

   1   rms: 0.3139E-01   max: 0.1405E+00   D at    4  1   RLX: 0.530
       a = 14.750      CL =  1.1965
      Cm =  0.0271     CD =  0.04035   =>   CDf =  0.00693    CDp =  0.03341

 Side 1  free  transition at x/c =  0.2734   65
 Side 2 forced transition at x/c =  1.0000   61

   2   rms: 0.1264E-01   max: 0.6073E-01   D at    4  1
       a = 14.750      CL =  1.1991
      Cm =  0.0276     CD =  0.04092   =>   CDf =  0.00688    CDp =  0.03404

 Side 1  free  transition at x/c =  0.2711   65
 Side 2 forced transition at x/c =  1.0000   61

   3   rms: 0.1820E-02   max: -.1029E-01   D at   65  1
       a = 14.750      CL =  1.2001
      Cm =  0.0276     CD =  0.04078   =>   CDf =  0.00687    CDp =  0.03392

 Side 1  free  transition at x/c =  0.2712   65
 Side 2 forced transition at x/c =  1.0000   61

   4   rms: 0.1440E-03   max: -.6161E-03   D at   85  1
       a = 14.750      CL =  1.2003
      Cm =  0.0276     CD =  0.04079   =>   CDf =  0.00686    CDp =  0.03392

 Side 1  free  transition at x/c =  0.2712   65
 Side 2 forced transition at x/c =  1.0000   61

   5   rms: 0.2675E-05   max: -.1173E-04   D at   73  2
       a = 14.750      CL =  1.2003
      Cm =  0.0276     CD =  0.04079   =>   CDf =  0.00686    CDp =  0.03392
 plradd ia,ip,cpol           49           0  2.75828168E-02

 Point added to stored polar  1
 Point written to save file  raf89_Re200k.base.pol                           
 Dump file unspecified or not available
 Calculating wake trajectory ...
 Calculating source influence matrix ...

 Solving BL system ...

 Side 1  free  transition at x/c =  0.2712   65
 Side 2 forced transition at x/c =  1.0000   61

   1   rms: 0.2817E-01   max: -.1569E+00   D at    4  1   RLX: 0.520
       a = 15.000      CL =  1.2035
      Cm =  0.0281     CD =  0.04149   =>   CDf =  0.00687    CDp =  0.03461

 Side 1  free  transition at x/c =  0.2686   65
 Side 2 forced transition at x/c =  1.0000   61

   2   rms: 0.1383E-01   max: -.7113E-01   D at    4  1
       a = 15.000      CL =  1.2099
      Cm =  0.0285     CD =  0.04182   =>   CDf =  0.00688    CDp =  0.03493

 Side 1  free  transition at x/c =  0.2666   65
 Side 2 forced transition at x/c =  1.0000   61

   3   rms: 0.3340E-02   max: -.1895E-01   D at   85  1
       a = 15.000      CL =  1.2125
      Cm =  0.0283     CD =  0.04161   =>   CDf =  0.00692    CDp =  0.03469

 Side 1  free  transition at x/c =  0.2666   65
 Side 2 forced transition at x/c =  1.0000   61

   4   rms: 0.1963E-03   max: -.7960E-03   D at   85  1
       a = 15.000      CL =  1.2127
      Cm =  0.0283     CD =  0.04162   =>   CDf =  0.00692    CDp =  0.03470

 Side 1  free  transition at x/c =  0.2666   65
 Side 2 forced transition at x/c =  1.0000   61

   5   rms: 0.4987E-05   max: -.1760E-04   D at   76  2
       a = 15.000      CL =  1.2127
      Cm =  0.0283     CD =  0.04162   =>   CDf =  0.00692    CDp =  0.03470
 plradd ia,ip,cpol           50           0  2.75828168E-02

 Point added to stored polar  1
 Point written to save file  raf89_Re200k.base.pol                           
 Dump file unspecified or not available
 Calculating wake trajectory ...
 Calculating source influence matrix ...

 Solving BL system ...

 Side 1  free  transition at x/c =  0.2666   65
 Side 2 forced transition at x/c =  1.0000   61

   1   rms: 0.3236E-01   max: 0.1434E+00   T at   65  1   RLX: 0.519
       a = 15.250      CL =  1.2253
      Cm =  0.0285     CD =  0.04168   =>   CDf =  0.00693    CDp =  0.03475

 Side 1  free  transition at x/c =  0.2644   65
 Side 2 forced transition at x/c =  1.0000   61

   2   rms: 0.2811E-01   max: 0.8459E-01   T at   65  1
       a = 15.250      CL =  1.2527
      Cm =  0.0278     CD =  0.04077   =>   CDf =  0.00701    CDp =  0.03376

 Side 1  free  transition at x/c =  0.2621   64
 Side 2 forced transition at x/c =  1.0000   61

   3   rms: 0.3271E-01   max: -.2109E+00   T at    2  2
       a = 15.250      CL =  1.2243
      Cm =  0.0291     CD =  0.04277   =>   CDf =  0.00703    CDp =  0.03575

 Side 1  free  transition at x/c =  0.2622   64
 Side 2 forced transition at x/c =  1.0000   61

   4   rms: 0.2151E-02   max: 0.3374E-01   D at   85  1
       a = 15.250      CL =  1.2234
      Cm =  0.0291     CD =  0.04270   =>   CDf =  0.00694    CDp =  0.03576

 Side 1  free  transition at x/c =  0.2621   64
 Side 2 forced transition at x/c =  1.0000   61

   5   rms: 0.3701E-04   max: 0.2668E-03   D at   72  2
       a = 15.250      CL =  1.2233
      Cm =  0.0291     CD =  0.04269   =>   CDf =  0.00693    CDp =  0.03575
 plradd ia,ip,cpol           51           0  2.75828168E-02

 Point added to stored polar  1
 Point written to save file  raf89_Re200k.base.pol                           
 Dump file unspecified or not available
 Calculating wake trajectory ...
 Calculating source influence matrix ...

 Solving BL system ...

 Side 1  free  transition at x/c =  0.2621   64
 Side 2 forced transition at x/c =  1.0000   61

   1   rms: 0.3677E-01   max: 0.1750E+00   D at   82  1   RLX: 0.488
       a = 15.500      CL =  1.2156
      Cm =  0.0300     CD =  0.04420   =>   CDf =  0.00694    CDp =  0.03726

 Side 1  free  transition at x/c =  0.2598   64
 Side 2 forced transition at x/c =  1.0000   61

   2   rms: 0.1492E-01   max: 0.6524E-01   D at   82  1
       a = 15.500      CL =  1.2129
      Cm =  0.0307     CD =  0.04531   =>   CDf =  0.00685    CDp =  0.03846

 Side 1  free  transition at x/c =  0.2572   64
 Side 2 forced transition at x/c =  1.0000   61

   3   rms: 0.2084E-02   max: -.1114E-01   D at   85  1
       a = 15.500      CL =  1.2142
      Cm =  0.0306     CD =  0.04509   =>   CDf =  0.00679    CDp =  0.03830

 Side 1  free  transition at x/c =  0.2573   64
 Side 2 forced transition at x/c =  1.0000   61

   4   rms: 0.1653E-03   max: -.7037E-03   D at   84  1
       a = 15.500      CL =  1.2144
      Cm =  0.0306     CD =  0.04510   =>   CDf =  0.00679    CDp =  0.03831

 Side 1  free  transition at x/c =  0.2573   64
 Side 2 forced transition at x/c =  1.0000   61

   5   rms: 0.3800E-05   max: -.1644E-04   D at    4  2
       a = 15.500      CL =  1.2144
      Cm =  0.0306     CD =  0.04510   =>   CDf =  0.00679    CDp =  0.03831
 plradd ia,ip,cpol           52           0  2.75828168E-02

 Point added to stored polar  1
 Point written to save file  raf89_Re200k.base.pol                           
 Dump file unspecified or not available
 Calculating wake trajectory ...
 Calculating source influence matrix ...

 Solving BL system ...

 Side 1  free  transition at x/c =  0.2573   64
 Side 2 forced transition at x/c =  1.0000   61

   1   rms: 0.2767E-01   max: 0.1265E+00   T at   64  1   RLX: 0.476
       a = 15.750      CL =  1.2137
      Cm =  0.0311     CD =  0.04612   =>   CDf =  0.00661    CDp =  0.03951

 Side 1  free  transition at x/c =  0.2549   65
 Side 2 forced transition at x/c =  1.0000   60

   2   rms: 0.1400E-01   max: -.7196E-01   T at    2  1
       a = 15.750      CL =  1.2181
      Cm =  0.0315     CD =  0.04673   =>   CDf =  0.00677    CDp =  0.03996

 Side 1  free  transition at x/c =  0.2525   65
 Side 2 forced transition at x/c =  1.0000   60

   3   rms: 0.2538E-02   max: -.1592E-01   D at   65  1
       a = 15.750      CL =  1.2195
      Cm =  0.0315     CD =  0.04654   =>   CDf =  0.00678    CDp =  0.03976

 Side 1  free  transition at x/c =  0.2526   65
 Side 2 forced transition at x/c =  1.0000   60

   4   rms: 0.2168E-03   max: -.8763E-03   D at   85  1
       a = 15.750      CL =  1.2197
      Cm =  0.0314     CD =  0.04655   =>   CDf =  0.00678    CDp =  0.03977

 Side 1  free  transition at x/c =  0.2526   65
 Side 2 forced transition at x/c =  1.0000   60

   5   rms: 0.5598E-05   max: -.3316E-04   D at   72  2
       a = 15.750      CL =  1.2197
      Cm =  0.0314     CD =  0.04655   =>   CDf =  0.00678    CDp =  0.03977
 plradd ia,ip,cpol           53           0  2.75828168E-02

 Point added to stored polar  1
 Point written to save file  raf89_Re200k.base.pol                           
 Dump file unspecified or not available
 Calculating wake trajectory ...
 Calculating source influence matrix ...

 Solving BL system ...

 Side 1  free  transition at x/c =  0.2526   65
 Side 2 forced transition at x/c =  1.0000   60

   1   rms: 0.2651E-01   max: 0.1470E+00   T at   65  1   RLX: 0.470
       a = 16.000      CL =  1.2245
      Cm =  0.0317     CD =  0.04711   =>   CDf =  0.00679    CDp =  0.04032

 Side 1  free  transition at x/c =  0.2505   65
 Side 2 forced transition at x/c =  1.0000   60

   2   rms: 0.1879E-01   max: 0.7580E-01   T at   65  1
       a = 16.000      CL =  1.2399
      Cm =  0.0318     CD =  0.04687   =>   CDf =  0.00682    CDp =  0.04004

 Side 1  free  transition at x/c =  0.2482   65
 Side 2 forced transition at x/c =  1.0000   60

   3   rms: 0.6707E-02   max: -.3146E-01   D at   85  1
       a = 16.000      CL =  1.2459
      Cm =  0.0316     CD =  0.04643   =>   CDf =  0.00692    CDp =  0.03952

 Side 1  free  transition at x/c =  0.2480   65
 Side 2 forced transition at x/c =  1.0000   60

   4   rms: 0.3793E-03   max: -.1612E-02   D at   72  2
       a = 16.000      CL =  1.2462
      Cm =  0.0316     CD =  0.04647   =>   CDf =  0.00695    CDp =  0.03952

 Side 1  free  transition at x/c =  0.2480   65
 Side 2 forced transition at x/c =  1.0000   60

   5   rms: 0.1189E-04   max: -.6836E-04   D at   72  2
       a = 16.000      CL =  1.2462
      Cm =  0.0316     CD =  0.04647   =>   CDf =  0.00695    CDp =  0.03952
 plradd ia,ip,cpol           54           0  2.75828168E-02

 Point added to stored polar  1
 Point written to save file  raf89_Re200k.base.pol                           
 Dump file unspecified or not available

.OPERva   c>  
 Polar accumulation disabled

.OPERv   c>  
 XFOIL   c>  
 XFOIL   c>  