
 ===================================================
  XFOIL Version 6.99
  Copyright (C) 2000   Mark Drela, Harold Youngren

  This software comes with ABSOLUTELY NO WARRANTY,
    subject to the GNU General Public License.

  Caveat computor
 ===================================================

 File  xfoil.def  not found

   QUIT    Exit program

  .OPER    Direct operating point(s)
  .MDES    Complex mapping design routine
  .QDES    Surface speed design routine
  .GDES    Geometry design routine

   SAVE f  Write airfoil to labeled coordinate file
   PSAV f  Write airfoil to plain coordinate file
   ISAV f  Write airfoil to ISES coordinate file
   MSAV f  Write airfoil to MSES coordinate file
   REVE    Reverse written-airfoil node ordering

   LOAD f  Read buffer airfoil from coordinate file
   NACA i  Set NACA 4,5-digit airfoil and buffer airfoil
   INTE    Set buffer airfoil by interpolating two airfoils
   NORM    Buffer airfoil normalization toggle
   XYCM rr Change CM reference location, currently  0.25000 0.00000

   BEND    Display structural properties of current airfoil

   PCOP    Set current-airfoil panel nodes directly from buffer airfoil points
   PANE    Set current-airfoil panel nodes ( 160 ) based on curvature
  .PPAR    Show/change paneling

  .PLOP    Plotting options

   WDEF f  Write  current-settings file
   RDEF f  Reread current-settings file
   NAME s  Specify new airfoil name
   NINC    Increment name version number

   Z       Zoom    | (available in all menus)
   U       Unzoom  | 

 XFOIL   c>  
 Labeled airfoil file.  Name:  S1014                                           

 Number of input coordinate points:  61
 Counterclockwise ordering
 Max thickness =     0.165080  at x =   0.422
 Max camber    =     0.000000  at x =   0.966

  LE  x,y  =   0.00000   0.00000  |   Chord =   1.00000
  TE  x,y  =   1.00000   0.00000  |

 Current airfoil nodes set from buffer airfoil nodes (  61 )

 XFOIL   c>  
 XFOIL   c>  
 Sharp trailing edge

 Paneling parameters used...
   Number of panel nodes       160
   Panel bunching parameter    1.000
   TE/LE panel density ratio   0.150
   Refined-area/LE panel density ratio    0.200
   Top    side refined area x/c limits  1.000 1.000
   Bottom side refined area x/c limits  1.000 1.000

 XFOIL   c>  
.OPERi   c>  
 Xtr/c     =  1.0000    top    side
 Xtr/c     =  1.0000    bottom side
 Ncrit     =    9.00   ( 0.070 % turb. level )
 Vacc      =  0.0100

 Klag  =  5.6000     Uxwt  =    1.00
 A     =  6.7000     B     =  0.7500       KCt = 0.01485
 CtiniK=  1.8000     CtiniX=  3.3000

..VPAR   c>  
..VPAR   c>  
.OPERi   c>  
 M  =    0.0000
 Re =    400000

.OPERv   c>  
.OPERv   c>  
.OPERv   c>  
 Polar  1 newly created for accumulation
 Airfoil archived with polar: S1014                                           

Enter  polar save filename  OR  <return> for no file   s>  
 New polar save file available

Enter  polar dump filename  OR  <return> for no file   s>  
 Polar dump file will NOT be written

 Polar accumulation enabled

.OPERva   c>   Calculating unit vorticity distributions ...
 Calculating wake trajectory ...
 Calculating source influence matrix ...

 Solving BL system ...

 Initializing BL ...
    side            1  ...
 MRCHUE: Inverse mode at  55     Hk =   3.800
 MRCHUE: Inverse mode at  56     Hk =   4.402
 MRCHUE: Inverse mode at  57     Hk =   5.008
 MRCHUE: Inverse mode at  58     Hk =   5.622
 MRCHUE: Convergence failed at  59  side 1    Res =  0.2188E+01
 MRCHUE: Inverse mode at  60     Hk =   6.238
 MRCHUE: Inverse mode at  61     Hk =   6.842
 MRCHUE: Inverse mode at  62     Hk =   7.434
 MRCHUE: Inverse mode at  63     Hk =   8.016
 MRCHUE: Inverse mode at  64     Hk =   8.588
 MRCHUE: Inverse mode at  65     Hk =   9.151
 MRCHUE: Inverse mode at  66     Hk =   8.983
 MRCHUE: Inverse mode at  67     Hk =   6.571
 MRCHUE: Inverse mode at  68     Hk =   5.146
 MRCHUE: Inverse mode at  69     Hk =   4.128
 MRCHUE: Inverse mode at  70     Hk =   3.348
 MRCHUE: Inverse mode at  71     Hk =   2.735
 MRCHUE: Inverse mode at  72     Hk =   2.500
 MRCHUE: Inverse mode at  73     Hk =   2.500
 MRCHUE: Inverse mode at  74     Hk =   2.500
 MRCHUE: Inverse mode at  75     Hk =   2.500
    side            2  ...
 MRCHUE: Inverse mode at  66     Hk =   3.800
 MRCHUE: Inverse mode at  67     Hk =   4.281
 MRCHUE: Inverse mode at  68     Hk =   3.818
 MRCHUE: Inverse mode at  69     Hk =   2.500
 MRCHUE: Inverse mode at  70     Hk =   2.500
 MRCHUE: Inverse mode at  71     Hk =   2.500
 MRCHUE: Inverse mode at  72     Hk =   2.500
 MRCHUE: Inverse mode at  73     Hk =   2.500
 MRCHUE: Inverse mode at  85     Hk =   2.500
 MRCHUE: Inverse mode at  86     Hk =   2.500
 MRCHUE: Inverse mode at  87     Hk =   2.500

 Side 1  free  transition at x/c =  0.8755   66
 Side 2  free  transition at x/c =  0.7093   68

   1   rms: 0.7514E+00   max: -.3765E+01   D at   72  1   RLX: 0.133
       a = -4.000      CL = -0.3491
      Cm = -0.0354     CD =  0.00965   =>   CDf =  0.00430    CDp =  0.00535

 Side 1  free  transition at x/c =  0.8826   67
 Side 2  free  transition at x/c =  0.7233   69

   2   rms: 0.4198E+00   max: -.2763E+01   D at   75  1   RLX: 0.181
       a = -4.000      CL = -0.2914
      Cm = -0.0422     CD =  0.00853   =>   CDf =  0.00435    CDp =  0.00418

 Side 1  free  transition at x/c =  0.8774   67
 Side 2  free  transition at x/c =  0.7266   68
 idif Ue xi dudx           1  0.20040745      4.05228138E-03   49.455460    
 Uenew xinew           2  7.87291750E-02  1.59192085E-03

   3   rms: 0.8199E+00   max: 0.4496E+01   T at   67  1   RLX: 0.186
       a = -4.000      CL = -0.4293
      Cm = -0.0139     CD =  0.00933   =>   CDf =  0.00429    CDp =  0.00504

 Side 1  free  transition at x/c =  0.8567   65
 Side 2  free  transition at x/c =  0.7179   69

   4   rms: 0.1751E+00   max: 0.1516E+01   T at   65  1   RLX: 0.812
       a = -4.000      CL = -0.4796
      Cm =  0.0005     CD =  0.01196   =>   CDf =  0.00435    CDp =  0.00761

 Side 1  free  transition at x/c =  0.8370   64
 Side 2  free  transition at x/c =  0.7113   68

   5   rms: 0.6818E-01   max: -.3744E+00   D at   70  1
       a = -4.000      CL = -0.4361
      Cm = -0.0053     CD =  0.01262   =>   CDf =  0.00428    CDp =  0.00834

 Side 1  free  transition at x/c =  0.8306   64
 Side 2  free  transition at x/c =  0.7127   68

   6   rms: 0.2643E-01   max: -.1991E+00   D at   70  1
       a = -4.000      CL = -0.4388
      Cm = -0.0043     CD =  0.01269   =>   CDf =  0.00435    CDp =  0.00834

 Side 1  free  transition at x/c =  0.8311   64
 Side 2  free  transition at x/c =  0.7103   68

   7   rms: 0.1982E-02   max: 0.1597E-01   D at   67  1
       a = -4.000      CL = -0.4399
      Cm = -0.0041     CD =  0.01272   =>   CDf =  0.00437    CDp =  0.00835

 Side 1  free  transition at x/c =  0.8309   64
 Side 2  free  transition at x/c =  0.7102   68

   8   rms: 0.1785E-04   max: -.2899E-03   D at   70  1
       a = -4.000      CL = -0.4399
      Cm = -0.0041     CD =  0.01272   =>   CDf =  0.00437    CDp =  0.00835
 plradd ia,ip,cpol            1           0  2.87483949E-02

 Point added to stored polar  1
 Point written to save file  s1014_Re400k.base.pol                           
 Dump file unspecified or not available
 Calculating wake trajectory ...
 Calculating source influence matrix ...

 Solving BL system ...

 Side 1  free  transition at x/c =  0.8309   64
 Side 2  free  transition at x/c =  0.7102   68

   1   rms: 0.8329E-01   max: 0.4856E+00   C at   68  2
       a = -3.500      CL = -0.4035
      Cm = -0.0010     CD =  0.01289   =>   CDf =  0.00444    CDp =  0.00844

 MRCHDU: Convergence failed at  70  side 2    Res =  0.3349E+01
 MRCHDU: Convergence failed at  71  side 2    Res =  0.3156E+01
 MRCHDU: Convergence failed at  72  side 2    Res =  0.1304E+02
 MRCHDU: Convergence failed at  73  side 2    Res =  0.8781E+02
 MRCHDU: Convergence failed at  74  side 2    Res =  0.2821E+02
 MRCHDU: Convergence failed at  75  side 2    Res =  0.3212E+02
 MRCHDU: Convergence failed at  76  side 2    Res =  0.6854E+02
 MRCHDU: Convergence failed at  77  side 2    Res =  0.1621E+04
 MRCHDU: Convergence failed at  78  side 2    Res =  0.6077E+02
 MRCHDU: Convergence failed at  79  side 2    Res =  0.1026E+02
 MRCHDU: Convergence failed at  80  side 2    Res =  0.1079E+02
 MRCHDU: Convergence failed at  81  side 2    Res =  0.1177E+02
 MRCHDU: Convergence failed at  82  side 2    Res =  0.1302E+02
 MRCHDU: Convergence failed at  83  side 2    Res =  0.1540E+02
 MRCHDU: Convergence failed at  84  side 2    Res =  0.1733E+02
 MRCHDU: Convergence failed at  85  side 2    Res =  0.1932E+02
 MRCHDU: Convergence failed at  86  side 2    Res =  0.2709E+02
 Side 1  free  transition at x/c =  0.8294   65
 Side 2  free  transition at x/c =  0.7450   69

   2   rms: 0.4347E+00   max: 0.2613E+01   D at   86  2   RLX: 0.408
       a = -3.500      CL = -0.4101
      Cm =  0.0385     CD =  0.00841   =>   CDf =  0.00412    CDp =  0.00429

 Side 1  free  transition at x/c =  0.8313   65
 Side 2  free  transition at x/c =  0.7258   68

   3   rms: 0.1675E+00   max: -.8160E+00   D at   75  2   RLX: 0.613
       a = -3.500      CL = -0.4135
      Cm =  0.0086     CD =  0.01460   =>   CDf =  0.00437    CDp =  0.01024

 Side 1  free  transition at x/c =  0.8297   65
 Side 2  free  transition at x/c =  0.7378   69
 idif Ue xi dudx           1  0.18022361      3.57806683E-03   50.368992    
 Uenew xinew           2  5.62977381E-02  1.11770630E-03

   4   rms: 0.3297E+00   max: -.1686E+01   D at   83  2   RLX: 0.297
       a = -3.500      CL = -0.4985
      Cm =  0.0230     CD =  0.01326   =>   CDf =  0.00421    CDp =  0.00905

 Side 1  free  transition at x/c =  0.8276   63
 Side 2  free  transition at x/c =  0.7383   70

   5   rms: 0.1105E+00   max: -.8630E+00   D at   86  2   RLX: 0.579
       a = -3.500      CL = -0.4982
      Cm =  0.0200     CD =  0.01279   =>   CDf =  0.00433    CDp =  0.00846

 Side 1  free  transition at x/c =  0.8255   63
 Side 2  free  transition at x/c =  0.7349   70

   6   rms: 0.9080E-01   max: 0.6066E+00   D at   79  2
       a = -3.500      CL = -0.4106
      Cm =  0.0012     CD =  0.01321   =>   CDf =  0.00440    CDp =  0.00880

 Side 1  free  transition at x/c =  0.8296   65
 Side 2  free  transition at x/c =  0.7345   69

   7   rms: 0.2785E-01   max: -.2401E+00   D at    2  1
       a = -3.500      CL = -0.3909
      Cm = -0.0026     CD =  0.01355   =>   CDf =  0.00441    CDp =  0.00913

 Side 1  free  transition at x/c =  0.8293   65
 Side 2  free  transition at x/c =  0.7322   69

   8   rms: 0.2922E-02   max: -.1357E-01   D at   85  2
       a = -3.500      CL = -0.3878
      Cm = -0.0032     CD =  0.01353   =>   CDf =  0.00445    CDp =  0.00908

 Side 1  free  transition at x/c =  0.8294   65
 Side 2  free  transition at x/c =  0.7322   69

   9   rms: 0.3361E-04   max: -.1975E-03   D at   75  1
       a = -3.500      CL = -0.3878
      Cm = -0.0032     CD =  0.01353   =>   CDf =  0.00445    CDp =  0.00908
 plradd ia,ip,cpol            2           0  3.40200588E-02

 Point added to stored polar  1
 Point written to save file  s1014_Re400k.base.pol                           
 Dump file unspecified or not available
 Calculating wake trajectory ...
 Calculating source influence matrix ...

 Solving BL system ...

 Side 1  free  transition at x/c =  0.8294   65
 Side 2  free  transition at x/c =  0.7322   69

   1   rms: 0.9635E-01   max: 0.3613E+00   D at   71  2
       a = -3.000      CL = -0.3257
      Cm = -0.0037     CD =  0.01468   =>   CDf =  0.00445    CDp =  0.01023

 Side 1  free  transition at x/c =  0.8279   64
 Side 2  free  transition at x/c =  0.7423   69

   2   rms: 0.5870E-01   max: -.3548E+00   D at   72  2
       a = -3.000      CL = -0.3442
      Cm = -0.0017     CD =  0.01431   =>   CDf =  0.00450    CDp =  0.00981

 MRCHDU: Convergence failed at  71  side 2    Res =  0.1187E+01
 MRCHDU: Convergence failed at  72  side 2    Res =  0.1350E+02
 MRCHDU: Convergence failed at  73  side 2    Res =  0.3820E+01
 MRCHDU: Convergence failed at  74  side 2    Res =  0.3468E+01
 MRCHDU: Convergence failed at  75  side 2    Res =  0.3986E+01
 MRCHDU: Convergence failed at  76  side 2    Res =  0.3519E+01
 MRCHDU: Convergence failed at  77  side 2    Res =  0.4440E+01
 MRCHDU: Convergence failed at  78  side 2    Res =  0.5448E+01
 MRCHDU: Convergence failed at  79  side 2    Res =  0.6390E+01
 MRCHDU: Convergence failed at  80  side 2    Res =  0.7109E+01
 MRCHDU: Convergence failed at  81  side 2    Res =  0.7470E+01
 MRCHDU: Convergence failed at  82  side 2    Res =  0.7419E+01
 MRCHDU: Convergence failed at  83  side 2    Res =  0.1362E+02
 MRCHDU: Convergence failed at  84  side 2    Res =  0.1668E+02
 MRCHDU: Convergence failed at  85  side 2    Res =  0.1971E+02
 MRCHDU: Convergence failed at  86  side 2    Res =  0.2119E+02
 Side 1  free  transition at x/c =  0.8263   64
 Side 2  free  transition at x/c =  0.7562   70

   3   rms: 0.3717E+00   max: 0.2304E+01   D at   86  2   RLX: 0.651
       a = -3.000      CL = -0.3042
      Cm =  0.0111     CD =  0.00943   =>   CDf =  0.00426    CDp =  0.00517

 Side 1  free  transition at x/c =  0.8321   66
 Side 2  free  transition at x/c =  0.7451   68
 idif Ue xi dudx           1  0.18380289      3.37505341E-03   54.459251    
 Uenew xinew           2  5.95320873E-02  1.09314919E-03

   4   rms: 0.1721E+00   max: -.7127E+00   D at   84  2   RLX: 0.702
       a = -3.000      CL = -0.3953
      Cm =  0.0153     CD =  0.01282   =>   CDf =  0.00493    CDp =  0.00789

 MRCHDU: Convergence failed at  71  side 2    Res =  0.1264E+01
 MRCHDU: Convergence failed at  72  side 2    Res =  0.6573E+02
 MRCHDU: Convergence failed at  73  side 2    Res =  0.3017E+01
 MRCHDU: Convergence failed at  74  side 2    Res =  0.2118E+01
 MRCHDU: Convergence failed at  75  side 2    Res =  0.2176E+01
 MRCHDU: Convergence failed at  76  side 2    Res =  0.3035E+01
 MRCHDU: Convergence failed at  77  side 2    Res =  0.4104E+01
 MRCHDU: Convergence failed at  78  side 2    Res =  0.5466E+01
 MRCHDU: Convergence failed at  79  side 2    Res =  0.7088E+01
 MRCHDU: Convergence failed at  80  side 2    Res =  0.8925E+01
 MRCHDU: Convergence failed at  81  side 2    Res =  0.1072E+02
 MRCHDU: Convergence failed at  82  side 2    Res =  0.1200E+02
 MRCHDU: Convergence failed at  83  side 2    Res =  0.1230E+02
 MRCHDU: Convergence failed at  84  side 2    Res =  0.1159E+02
 MRCHDU: Convergence failed at  85  side 2    Res =  0.1282E+02
 MRCHDU: Convergence failed at  86  side 2    Res =  0.1336E+02
 Side 1  free  transition at x/c =  0.8276   64
 Side 2  free  transition at x/c =  0.7543   70

   5   rms: 0.3773E+00   max: 0.2260E+01   D at   86  2   RLX: 0.664
       a = -3.000      CL = -0.3048
      Cm =  0.0102     CD =  0.00915   =>   CDf =  0.00425    CDp =  0.00489

 Side 1  free  transition at x/c =  0.8341   66
 Side 2  free  transition at x/c =  0.7458   69
 idif Ue xi dudx           1  0.16336799      2.96998024E-03   55.006424    
 Uenew xinew           2  3.78486030E-02  6.88076019E-04

   6   rms: 0.1856E+00   max: 0.8212E+00   D at   67  1   RLX: 0.978
       a = -3.000      CL = -0.3599
      Cm =  0.0028     CD =  0.01346   =>   CDf =  0.00498    CDp =  0.00848

 Side 1  free  transition at x/c =  0.8276   64
 Side 2  free  transition at x/c =  0.7482   70

   7   rms: 0.2183E-01   max: 0.1468E+00   D at   74  2
       a = -3.000      CL = -0.3371
      Cm = -0.0024     CD =  0.01444   =>   CDf =  0.00448    CDp =  0.00997

 Side 1  free  transition at x/c =  0.8266   64
 Side 2  free  transition at x/c =  0.7472   70

   8   rms: 0.2351E-02   max: -.1285E-01   D at   74  2
       a = -3.000      CL = -0.3351
      Cm = -0.0027     CD =  0.01444   =>   CDf =  0.00449    CDp =  0.00995

 Side 1  free  transition at x/c =  0.8267   64
 Side 2  free  transition at x/c =  0.7473   70

   9   rms: 0.3547E-04   max: 0.3028E-03   D at   71  2
       a = -3.000      CL = -0.3351
      Cm = -0.0027     CD =  0.01444   =>   CDf =  0.00449    CDp =  0.00995
 plradd ia,ip,cpol            3           0  3.40200588E-02

 Point added to stored polar  1
 Point written to save file  s1014_Re400k.base.pol                           
 Dump file unspecified or not available
 Calculating wake trajectory ...
 Calculating source influence matrix ...

 Solving BL system ...

 Side 1  free  transition at x/c =  0.8267   64
 Side 2  free  transition at x/c =  0.7473   70

   1   rms: 0.9316E-01   max: 0.3132E+00   D at   72  2
       a = -2.500      CL = -0.2736
      Cm = -0.0037     CD =  0.01554   =>   CDf =  0.00454    CDp =  0.01100

 Side 1  free  transition at x/c =  0.8234   65
 Side 2  free  transition at x/c =  0.7543   69

   2   rms: 0.3006E-01   max: -.2087E+00   D at   70  2
       a = -2.500      CL = -0.2809
      Cm = -0.0026     CD =  0.01548   =>   CDf =  0.00443    CDp =  0.01105

 Side 1  free  transition at x/c =  0.8229   65
 Side 2  free  transition at x/c =  0.7579   69

   3   rms: 0.9448E-03   max: 0.9951E-02   D at   72  2
       a = -2.500      CL = -0.2805
      Cm = -0.0027     CD =  0.01542   =>   CDf =  0.00447    CDp =  0.01095

 Side 1  free  transition at x/c =  0.8229   65
 Side 2  free  transition at x/c =  0.7577   69

   4   rms: 0.1212E-04   max: -.5674E-04   D at   76  1
       a = -2.500      CL = -0.2805
      Cm = -0.0027     CD =  0.01542   =>   CDf =  0.00447    CDp =  0.01095
 plradd ia,ip,cpol            4           0  4.70167957E-02

 Point added to stored polar  1
 Point written to save file  s1014_Re400k.base.pol                           
 Dump file unspecified or not available
 Calculating wake trajectory ...
 Calculating source influence matrix ...

 Solving BL system ...

 Side 1  free  transition at x/c =  0.8229   65
 Side 2  free  transition at x/c =  0.7577   69

   1   rms: 0.7287E-01   max: -.4639E+00   T at   69  2
       a = -2.000      CL = -0.2392
      Cm = -0.0007     CD =  0.01600   =>   CDf =  0.00451    CDp =  0.01149

 Side 1  free  transition at x/c =  0.8180   66
 Side 2  free  transition at x/c =  0.7719   69

   2   rms: 0.5502E-01   max: 0.5336E+00   D at   70  2
       a = -2.000      CL = -0.2293
      Cm = -0.0019     CD =  0.01603   =>   CDf =  0.00449    CDp =  0.01155

 Side 1  free  transition at x/c =  0.8191   66
 Side 2  free  transition at x/c =  0.7679   69

   3   rms: 0.7365E-02   max: 0.8540E-01   D at   71  2
       a = -2.000      CL = -0.2265
      Cm = -0.0022     CD =  0.01615   =>   CDf =  0.00448    CDp =  0.01167

 Side 1  free  transition at x/c =  0.8192   66
 Side 2  free  transition at x/c =  0.7664   69

   4   rms: 0.5466E-03   max: -.4944E-02   D at   69  2
       a = -2.000      CL = -0.2267
      Cm = -0.0022     CD =  0.01615   =>   CDf =  0.00448    CDp =  0.01167

 Side 1  free  transition at x/c =  0.8192   66
 Side 2  free  transition at x/c =  0.7665   69

   5   rms: 0.6194E-05   max: -.3008E-04   D at   82  2
       a = -2.000      CL = -0.2267
      Cm = -0.0022     CD =  0.01615   =>   CDf =  0.00448    CDp =  0.01167
 plradd ia,ip,cpol            5           0  5.49824052E-02

 Point added to stored polar  1
 Point written to save file  s1014_Re400k.base.pol                           
 Dump file unspecified or not available
 Calculating wake trajectory ...
 Calculating source influence matrix ...

 Solving BL system ...

 Side 1  free  transition at x/c =  0.8192   66
 Side 2  free  transition at x/c =  0.7665   69

   1   rms: 0.8368E-01   max: -.2434E+00   T at   69  2
       a = -1.500      CL = -0.1666
      Cm = -0.0024     CD =  0.01699   =>   CDf =  0.00451    CDp =  0.01248

 Side 1  free  transition at x/c =  0.8161   67
 Side 2  free  transition at x/c =  0.7729   68

   2   rms: 0.2572E-01   max: -.1414E+00   D at   70  2
       a = -1.500      CL = -0.1709
      Cm = -0.0018     CD =  0.01683   =>   CDf =  0.00445    CDp =  0.01238

 Side 1  free  transition at x/c =  0.8162   67
 Side 2  free  transition at x/c =  0.7759   68

   3   rms: 0.2128E-02   max: -.1689E-01   D at   70  2
       a = -1.500      CL = -0.1715
      Cm = -0.0018     CD =  0.01674   =>   CDf =  0.00450    CDp =  0.01224

 Side 1  free  transition at x/c =  0.8162   67
 Side 2  free  transition at x/c =  0.7762   68

   4   rms: 0.4164E-04   max: -.2777E-03   D at   70  2
       a = -1.500      CL = -0.1715
      Cm = -0.0018     CD =  0.01674   =>   CDf =  0.00450    CDp =  0.01224
 plradd ia,ip,cpol            6           0  6.40867949E-02

 Point added to stored polar  1
 Point written to save file  s1014_Re400k.base.pol                           
 Dump file unspecified or not available
 Calculating wake trajectory ...
 Calculating source influence matrix ...

 Solving BL system ...

 Side 1  free  transition at x/c =  0.8162   67
 Side 2  free  transition at x/c =  0.7762   68

   1   rms: 0.7849E-01   max: -.7200E+00   T at   68  2   RLX: 0.694
       a = -1.000      CL = -0.1443
      Cm = -0.0001     CD =  0.01673   =>   CDf =  0.00450    CDp =  0.01222

 Side 1  free  transition at x/c =  0.8139   67
 Side 2  free  transition at x/c =  0.7902   69

   2   rms: 0.1030E+00   max: 0.9241E+00   D at   70  2
       a = -1.000      CL = -0.1173
      Cm = -0.0009     CD =  0.01709   =>   CDf =  0.00455    CDp =  0.01254

 Side 1  free  transition at x/c =  0.8137   67
 Side 2  free  transition at x/c =  0.7888   69

   3   rms: 0.4093E-01   max: 0.3553E+00   D at   71  2
       a = -1.000      CL = -0.1072
      Cm = -0.0021     CD =  0.01757   =>   CDf =  0.00451    CDp =  0.01305

 Side 1  free  transition at x/c =  0.8141   67
 Side 2  free  transition at x/c =  0.7836   69

   4   rms: 0.5322E-02   max: -.3770E-01   D at   69  2
       a = -1.000      CL = -0.1085
      Cm = -0.0019     CD =  0.01752   =>   CDf =  0.00447    CDp =  0.01305

 Side 1  free  transition at x/c =  0.8140   67
 Side 2  free  transition at x/c =  0.7841   69

   5   rms: 0.9572E-04   max: -.6169E-03   D at   71  2
       a = -1.000      CL = -0.1086
      Cm = -0.0019     CD =  0.01751   =>   CDf =  0.00448    CDp =  0.01304
 plradd ia,ip,cpol            7           0  7.43849576E-02

 Point added to stored polar  1
 Point written to save file  s1014_Re400k.base.pol                           
 Dump file unspecified or not available
 Calculating wake trajectory ...
 Calculating source influence matrix ...

 Solving BL system ...

 Side 1  free  transition at x/c =  0.8140   67
 Side 2  free  transition at x/c =  0.7842   69

   1   rms: 0.1028E+00   max: 0.3289E+00   D at   74  2
       a = -0.500      CL = -0.0358
      Cm = -0.0029     CD =  0.01874   =>   CDf =  0.00450    CDp =  0.01424

 Side 1  free  transition at x/c =  0.8122   68
 Side 2  free  transition at x/c =  0.7911   68

   2   rms: 0.1020E+00   max: -.8094E+00   T at   68  2   RLX: 0.618
       a = -0.500      CL = -0.0708
      Cm =  0.0020     CD =  0.01890   =>   CDf =  0.00442    CDp =  0.01449

 Side 1  free  transition at x/c =  0.8113   67
 Side 2  free  transition at x/c =  0.8025   69

   3   rms: 0.7674E-01   max: 0.4732E+00   D at   72  2
       a = -0.500      CL = -0.0569
      Cm = -0.0005     CD =  0.01845   =>   CDf =  0.00452    CDp =  0.01393

 Side 1  free  transition at x/c =  0.8092   67
 Side 2  free  transition at x/c =  0.7965   69

   4   rms: 0.1408E-01   max: -.1011E+00   D at   69  2
       a = -0.500      CL = -0.0617
      Cm =  0.0001     CD =  0.01856   =>   CDf =  0.00444    CDp =  0.01412

 Side 1  free  transition at x/c =  0.8081   67
 Side 2  free  transition at x/c =  0.7971   69

   5   rms: 0.1227E-02   max: -.5587E-02   D at   79  1
       a = -0.500      CL = -0.0617
      Cm =  0.0001     CD =  0.01851   =>   CDf =  0.00444    CDp =  0.01407

 Side 1  free  transition at x/c =  0.8082   67
 Side 2  free  transition at x/c =  0.7971   69

   6   rms: 0.3185E-04   max: 0.1958E-03   T at   69  2
       a = -0.500      CL = -0.0617
      Cm =  0.0001     CD =  0.01851   =>   CDf =  0.00444    CDp =  0.01407
 plradd ia,ip,cpol            8           0  9.83832181E-02

 Point added to stored polar  1
 Point written to save file  s1014_Re400k.base.pol                           
 Dump file unspecified or not available
 Calculating wake trajectory ...
 Calculating source influence matrix ...

 Solving BL system ...

 Side 1  free  transition at x/c =  0.8082   67
 Side 2  free  transition at x/c =  0.7971   69

   1   rms: 0.9148E-01   max: 0.4899E+00   T at   67  1
       a =  0.000      CL = -0.0115
      Cm =  0.0017     CD =  0.01974   =>   CDf =  0.00445    CDp =  0.01529

 Side 1  free  transition at x/c =  0.7962   68
 Side 2  free  transition at x/c =  0.7986   68

   2   rms: 0.7483E-01   max: -.3451E+00   D at   68  2
       a =  0.000      CL = -0.0116
      Cm =  0.0020     CD =  0.01965   =>   CDf =  0.00429    CDp =  0.01535

 Side 1  free  transition at x/c =  0.7993   68
 Side 2  free  transition at x/c =  0.8020   68

   3   rms: 0.2364E-01   max: -.1213E+00   T at   68  1
       a =  0.000      CL = -0.0008
      Cm =  0.0001     CD =  0.01919   =>   CDf =  0.00436    CDp =  0.01484

 Side 1  free  transition at x/c =  0.8016   68
 Side 2  free  transition at x/c =  0.8020   68

   4   rms: 0.3495E-02   max: -.2109E-01   D at   80  1
       a =  0.000      CL = -0.0002
      Cm =  0.0000     CD =  0.01916   =>   CDf =  0.00438    CDp =  0.01478

 Side 1  free  transition at x/c =  0.8019   68
 Side 2  free  transition at x/c =  0.8019   68

   5   rms: 0.1138E-03   max: 0.8461E-03   T at   68  2
       a =  0.000      CL = -0.0001
      Cm =  0.0000     CD =  0.01916   =>   CDf =  0.00438    CDp =  0.01478

 Side 1  free  transition at x/c =  0.8019   68
 Side 2  free  transition at x/c =  0.8019   68

   6   rms: 0.2767E-05   max: 0.2538E-04   T at   68  2
       a =  0.000      CL = -0.0001
      Cm =  0.0000     CD =  0.01916   =>   CDf =  0.00438    CDp =  0.01478
 plradd ia,ip,cpol            9           0  0.12615669    

 Point added to stored polar  1
 Point written to save file  s1014_Re400k.base.pol                           
 Dump file unspecified or not available
 Calculating wake trajectory ...
 Calculating source influence matrix ...

 Solving BL system ...

 Side 1  free  transition at x/c =  0.8019   68
 Side 2  free  transition at x/c =  0.8019   68

   1   rms: 0.8072E-01   max: -.2300E+00   T at   68  2
       a =  0.500      CL =  0.0641
      Cm = -0.0004     CD =  0.01910   =>   CDf =  0.00438    CDp =  0.01472

 Side 1  free  transition at x/c =  0.7939   68
 Side 2  free  transition at x/c =  0.8048   67
 idif Ue xi dudx           1  0.14576444      1.91950798E-03   75.938438    
 Uenew xinew           2  1.48462108E-03  1.95503235E-05

   2   rms: 0.8051E-01   max: 0.6286E+00   T at   68  1
       a =  0.500      CL =  0.0049
      Cm =  0.0078     CD =  0.01948   =>   CDf =  0.00437    CDp =  0.01511

 Side 1  free  transition at x/c =  0.7831   67
 Side 2  free  transition at x/c =  0.8130   69

   3   rms: 0.9536E-01   max: -.1282E+01   T at    2  2   RLX: 0.390
       a =  0.500      CL =  0.0164
      Cm =  0.0055     CD =  0.02051   =>   CDf =  0.00434    CDp =  0.01617

 Side 1  free  transition at x/c =  0.7853   68
 Side 2  free  transition at x/c =  0.8127   68

   4   rms: 0.5339E-01   max: -.3103E+00   D at   72  1
       a =  0.500      CL =  0.0392
      Cm =  0.0023     CD =  0.01907   =>   CDf =  0.00437    CDp =  0.01470

 Side 1  free  transition at x/c =  0.7915   68
 Side 2  free  transition at x/c =  0.8121   68

   5   rms: 0.7683E-01   max: -.6406E+00   T at   68  1   RLX: 0.781
       a =  0.500      CL =  0.0669
      Cm = -0.0011     CD =  0.01834   =>   CDf =  0.00443    CDp =  0.01391

 Side 1  free  transition at x/c =  0.8032   69
 Side 2  free  transition at x/c =  0.8114   67

   6   rms: 0.9273E-01   max: 0.5726E+00   D at   69  1
       a =  0.500      CL =  0.0600
      Cm =  0.0002     CD =  0.01856   =>   CDf =  0.00454    CDp =  0.01402

 Side 1  free  transition at x/c =  0.7966   69
 Side 2  free  transition at x/c =  0.8082   67

   7   rms: 0.1195E-01   max: -.9507E-01   D at   69  1
       a =  0.500      CL =  0.0618
      Cm = -0.0001     CD =  0.01850   =>   CDf =  0.00443    CDp =  0.01407

 Side 1  free  transition at x/c =  0.7972   69
 Side 2  free  transition at x/c =  0.8083   67

   8   rms: 0.6700E-03   max: 0.5107E-02   D at   72  1
       a =  0.500      CL =  0.0618
      Cm = -0.0001     CD =  0.01851   =>   CDf =  0.00444    CDp =  0.01407

 Side 1  free  transition at x/c =  0.7971   69
 Side 2  free  transition at x/c =  0.8082   67

   9   rms: 0.8856E-05   max: -.4755E-04   D at   82  2
       a =  0.500      CL =  0.0618
      Cm = -0.0001     CD =  0.01851   =>   CDf =  0.00444    CDp =  0.01407
 plradd ia,ip,cpol           10           0  9.83830988E-02

 Point added to stored polar  1
 Point written to save file  s1014_Re400k.base.pol                           
 Dump file unspecified or not available
 Calculating wake trajectory ...
 Calculating source influence matrix ...

 Solving BL system ...

 Side 1  free  transition at x/c =  0.7971   69
 Side 2  free  transition at x/c =  0.8082   67

   1   rms: 0.9133E-01   max: -.5228E+00   T at   67  2   RLX: 0.956
       a =  1.000      CL =  0.1074
      Cm =  0.0018     CD =  0.01726   =>   CDf =  0.00444    CDp =  0.01282

 Side 1  free  transition at x/c =  0.7901   69
 Side 2  free  transition at x/c =  0.8180   67
 idif Ue xi dudx           1  0.12433531      2.03526020E-03   61.090622    
 Uenew xinew           2  3.06596188E-03  5.01871109E-05

   2   rms: 0.1010E+00   max: -.8850E+00   D at    2  1   RLX: 0.565
       a =  1.000      CL =  0.1029
      Cm =  0.0024     CD =  0.01679   =>   CDf =  0.00457    CDp =  0.01222

 Side 1  free  transition at x/c =  0.7851   68
 Side 2  free  transition at x/c =  0.8157   68

   3   rms: 0.2723E-01   max: 0.2058E+00   D at    2  2
       a =  1.000      CL =  0.1083
      Cm =  0.0020     CD =  0.01753   =>   CDf =  0.00448    CDp =  0.01305

 Side 1  free  transition at x/c =  0.7840   69
 Side 2  free  transition at x/c =  0.8139   67

   4   rms: 0.2578E-02   max: -.1608E-01   D at   67  2
       a =  1.000      CL =  0.1086
      Cm =  0.0019     CD =  0.01752   =>   CDf =  0.00448    CDp =  0.01304

 Side 1  free  transition at x/c =  0.7841   69
 Side 2  free  transition at x/c =  0.8140   67

   5   rms: 0.7268E-03   max: -.8989E-02   D at    4  1
       a =  1.000      CL =  0.1086
      Cm =  0.0019     CD =  0.01751   =>   CDf =  0.00448    CDp =  0.01304

 Side 1  free  transition at x/c =  0.7842   69
 Side 2  free  transition at x/c =  0.8140   67

   6   rms: 0.2063E-05   max: -.2022E-04   D at    4  1
       a =  1.000      CL =  0.1086
      Cm =  0.0019     CD =  0.01751   =>   CDf =  0.00448    CDp =  0.01304
 plradd ia,ip,cpol           11           0  7.43848756E-02

 Point added to stored polar  1
 Point written to save file  s1014_Re400k.base.pol                           
 Dump file unspecified or not available
 Calculating wake trajectory ...
 Calculating source influence matrix ...

 Solving BL system ...

 Side 1  free  transition at x/c =  0.7841   69
 Side 2  free  transition at x/c =  0.8140   67

   1   rms: 0.1021E+00   max: -.1277E+00   T at   67  2
       a =  1.500      CL =  0.1810
      Cm =  0.0009     CD =  0.01613   =>   CDf =  0.00448    CDp =  0.01165

 Side 1  free  transition at x/c =  0.7817   69
 Side 2  free  transition at x/c =  0.8155   67

   2   rms: 0.2894E-01   max: 0.2728E+00   D at   69  1
       a =  1.500      CL =  0.1767
      Cm =  0.0011     CD =  0.01658   =>   CDf =  0.00452    CDp =  0.01206

 Side 1  free  transition at x/c =  0.7782   68
 Side 2  free  transition at x/c =  0.8159   67

   3   rms: 0.1289E-01   max: 0.1185E+00   T at   68  1
       a =  1.500      CL =  0.1711
      Cm =  0.0018     CD =  0.01676   =>   CDf =  0.00453    CDp =  0.01223

 Side 1  free  transition at x/c =  0.7760   68
 Side 2  free  transition at x/c =  0.8162   67

   4   rms: 0.3113E-02   max: -.2254E-01   D at   70  1
       a =  1.500      CL =  0.1715
      Cm =  0.0018     CD =  0.01674   =>   CDf =  0.00450    CDp =  0.01224

 Side 1  free  transition at x/c =  0.7762   68
 Side 2  free  transition at x/c =  0.8162   67

   5   rms: 0.7440E-04   max: 0.5036E-03   D at   71  2
       a =  1.500      CL =  0.1716
      Cm =  0.0018     CD =  0.01674   =>   CDf =  0.00450    CDp =  0.01224
 plradd ia,ip,cpol           12           0  6.40866831E-02

 Point added to stored polar  1
 Point written to save file  s1014_Re400k.base.pol                           
 Dump file unspecified or not available
 Calculating wake trajectory ...
 Calculating source influence matrix ...

 Solving BL system ...

 Side 1  free  transition at x/c =  0.7762   68
 Side 2  free  transition at x/c =  0.8162   67

   1   rms: 0.7948E-01   max: 0.7355E+00   T at   68  1
       a =  2.000      CL =  0.2109
      Cm =  0.0041     CD =  0.01685   =>   CDf =  0.00448    CDp =  0.01237

 Side 1  free  transition at x/c =  0.7581   68
 Side 2  free  transition at x/c =  0.8193   66

   2   rms: 0.2042E+00   max: -.1477E+01   T at   68  1   RLX: 0.339
       a =  2.000      CL =  0.2369
      Cm =  0.0020     CD =  0.01746   =>   CDf =  0.00436    CDp =  0.01311

 Side 1  free  transition at x/c =  0.7734   69
 Side 2  free  transition at x/c =  0.8179   66

   3   rms: 0.4408E-01   max: 0.5327E+00   D at   69  1
       a =  2.000      CL =  0.2335
      Cm =  0.0013     CD =  0.01589   =>   CDf =  0.00444    CDp =  0.01145

 Side 1  free  transition at x/c =  0.7696   69
 Side 2  free  transition at x/c =  0.8189   66

   4   rms: 0.1471E-01   max: 0.1434E+00   D at   71  1
       a =  2.000      CL =  0.2258
      Cm =  0.0023     CD =  0.01620   =>   CDf =  0.00447    CDp =  0.01173

 Side 1  free  transition at x/c =  0.7662   69
 Side 2  free  transition at x/c =  0.8193   66

   5   rms: 0.3218E-02   max: -.2359E-01   D at   70  1
       a =  2.000      CL =  0.2266
      Cm =  0.0022     CD =  0.01615   =>   CDf =  0.00448    CDp =  0.01168

 Side 1  free  transition at x/c =  0.7665   69
 Side 2  free  transition at x/c =  0.8192   66

   6   rms: 0.5517E-04   max: -.2869E-03   D at   69  1
       a =  2.000      CL =  0.2267
      Cm =  0.0022     CD =  0.01615   =>   CDf =  0.00448    CDp =  0.01168
 plradd ia,ip,cpol           13           0  5.49823493E-02

 Point added to stored polar  1
 Point written to save file  s1014_Re400k.base.pol                           
 Dump file unspecified or not available
 Calculating wake trajectory ...
 Calculating source influence matrix ...

 Solving BL system ...

 Side 1  free  transition at x/c =  0.7665   69
 Side 2  free  transition at x/c =  0.8192   66

   1   rms: 0.8267E-01   max: -.1491E+00   T at   66  2
       a =  2.500      CL =  0.2862
      Cm =  0.0021     CD =  0.01529   =>   CDf =  0.00445    CDp =  0.01084

 Side 1  free  transition at x/c =  0.7596   69
 Side 2  free  transition at x/c =  0.8222   65

   2   rms: 0.1308E-01   max: -.8489E-01   C at   69  1
       a =  2.500      CL =  0.2800
      Cm =  0.0027     CD =  0.01544   =>   CDf =  0.00448    CDp =  0.01096

 Side 1  free  transition at x/c =  0.7577   69
 Side 2  free  transition at x/c =  0.8230   65

   3   rms: 0.7231E-03   max: -.4449E-02   D at   72  1
       a =  2.500      CL =  0.2805
      Cm =  0.0027     CD =  0.01542   =>   CDf =  0.00447    CDp =  0.01095

 Side 1  free  transition at x/c =  0.7577   69
 Side 2  free  transition at x/c =  0.8229   65

   4   rms: 0.1071E-04   max: 0.8065E-04   D at   69  2
       a =  2.500      CL =  0.2805
      Cm =  0.0027     CD =  0.01542   =>   CDf =  0.00447    CDp =  0.01095
 plradd ia,ip,cpol           14           0  4.70167361E-02

 Point added to stored polar  1
 Point written to save file  s1014_Re400k.base.pol                           
 Dump file unspecified or not available
 Calculating wake trajectory ...
 Calculating source influence matrix ...

 Solving BL system ...

 Side 1  free  transition at x/c =  0.7577   69
 Side 2  free  transition at x/c =  0.8229   65

   1   rms: 0.7268E-01   max: 0.4740E+00   T at   69  1
       a =  3.000      CL =  0.3214
      Cm =  0.0046     CD =  0.01492   =>   CDf =  0.00443    CDp =  0.01048

 Side 1  free  transition at x/c =  0.7402   69
 Side 2  free  transition at x/c =  0.8273   64

   2   rms: 0.6464E-01   max: -.4502E+00   D at   72  1
       a =  3.000      CL =  0.3419
      Cm =  0.0021     CD =  0.01428   =>   CDf =  0.00445    CDp =  0.00983

 MRCHDU: Convergence failed at  72  side 1    Res =  0.5335E+01
 MRCHDU: Convergence failed at  73  side 1    Res =  0.8509E+01
 MRCHDU: Convergence failed at  74  side 1    Res =  0.3049E+01
 MRCHDU: Convergence failed at  75  side 1    Res =  0.2191E+01
 MRCHDU: Convergence failed at  76  side 1    Res =  0.1892E+01
 MRCHDU: Convergence failed at  77  side 1    Res =  0.1946E+01
 MRCHDU: Convergence failed at  78  side 1    Res =  0.2083E+01
 MRCHDU: Convergence failed at  79  side 1    Res =  0.2278E+01
 MRCHDU: Convergence failed at  80  side 1    Res =  0.2563E+01
 MRCHDU: Convergence failed at  81  side 1    Res =  0.2930E+01
 MRCHDU: Convergence failed at  82  side 1    Res =  0.3406E+01
 MRCHDU: Convergence failed at  83  side 1    Res =  0.4040E+01
 MRCHDU: Convergence failed at  84  side 1    Res =  0.4856E+01
 MRCHDU: Convergence failed at  85  side 1    Res =  0.5811E+01
 MRCHDU: Convergence failed at  86  side 1    Res =  0.9304E+01
 Side 1  free  transition at x/c =  0.7552   70
 Side 2  free  transition at x/c =  0.8263   64
 idif Ue xi dudx           1  0.14255881      2.90668011E-03   49.045235    
 Uenew xinew           2  2.18956955E-02  4.46438789E-04

   3   rms: 0.2745E+00   max: 0.1784E+01   D at   86  1   RLX: 0.841
       a =  3.000      CL =  0.2955
      Cm =  0.0030     CD =  0.01088   =>   CDf =  0.00434    CDp =  0.00654

 Side 1  free  transition at x/c =  0.7457   69
 Side 2  free  transition at x/c =  0.8302   66

   4   rms: 0.8235E-01   max: 0.3630E+00   D at   85  1
       a =  3.000      CL =  0.3445
      Cm =  0.0005     CD =  0.01414   =>   CDf =  0.00469    CDp =  0.00945

 Side 1  free  transition at x/c =  0.7477   70
 Side 2  free  transition at x/c =  0.8277   64

   5   rms: 0.1475E-01   max: 0.1169E+00   D at   66  2
       a =  3.000      CL =  0.3359
      Cm =  0.0025     CD =  0.01439   =>   CDf =  0.00450    CDp =  0.00989

 Side 1  free  transition at x/c =  0.7473   70
 Side 2  free  transition at x/c =  0.8268   64

   6   rms: 0.2145E-02   max: 0.2213E-01   D at   67  2
       a =  3.000      CL =  0.3351
      Cm =  0.0027     CD =  0.01443   =>   CDf =  0.00449    CDp =  0.00994

 Side 1  free  transition at x/c =  0.7473   70
 Side 2  free  transition at x/c =  0.8267   64

   7   rms: 0.3786E-04   max: 0.3385E-03   D at   68  2
       a =  3.000      CL =  0.3351
      Cm =  0.0027     CD =  0.01444   =>   CDf =  0.00449    CDp =  0.00995
 plradd ia,ip,cpol           15           0  3.40200216E-02

 Point added to stored polar  1
 Point written to save file  s1014_Re400k.base.pol                           
 Dump file unspecified or not available
 Calculating wake trajectory ...
 Calculating source influence matrix ...

 Solving BL system ...

 Side 1  free  transition at x/c =  0.7473   70
 Side 2  free  transition at x/c =  0.8267   64

   1   rms: 0.9352E-01   max: -.1550E+00   T at   64  2
       a =  3.500      CL =  0.3965
      Cm =  0.0018     CD =  0.01330   =>   CDf =  0.00449    CDp =  0.00881

 Side 1  free  transition at x/c =  0.7367   69
 Side 2  free  transition at x/c =  0.8301   65

   2   rms: 0.2796E-01   max: 0.2080E+00   D at   70  1
       a =  3.500      CL =  0.3844
      Cm =  0.0037     CD =  0.01364   =>   CDf =  0.00445    CDp =  0.00920

 Side 1  free  transition at x/c =  0.7305   69
 Side 2  free  transition at x/c =  0.8294   65

   3   rms: 0.8646E-02   max: -.8870E-01   D at   70  1
       a =  3.500      CL =  0.3879
      Cm =  0.0032     CD =  0.01352   =>   CDf =  0.00448    CDp =  0.00904

 Side 1  free  transition at x/c =  0.7322   69
 Side 2  free  transition at x/c =  0.8294   65

   4   rms: 0.4125E-03   max: -.3303E-02   D at   73  1
       a =  3.500      CL =  0.3878
      Cm =  0.0032     CD =  0.01353   =>   CDf =  0.00445    CDp =  0.00908

 Side 1  free  transition at x/c =  0.7322   69
 Side 2  free  transition at x/c =  0.8294   65

   5   rms: 0.4549E-05   max: 0.2614E-04   D at   76  2
       a =  3.500      CL =  0.3878
      Cm =  0.0032     CD =  0.01353   =>   CDf =  0.00446    CDp =  0.00907
 plradd ia,ip,cpol           16           0  3.40200216E-02

 Point added to stored polar  1
 Point written to save file  s1014_Re400k.base.pol                           
 Dump file unspecified or not available
 Calculating wake trajectory ...
 Calculating source influence matrix ...

 Solving BL system ...

 Side 1  free  transition at x/c =  0.7322   69
 Side 2  free  transition at x/c =  0.8294   65

   1   rms: 0.9710E-01   max: -.3666E+00   D at   71  1
       a =  4.000      CL =  0.4502
      Cm =  0.0027     CD =  0.01233   =>   CDf =  0.00439    CDp =  0.00794

 Side 1  free  transition at x/c =  0.7151   69
 Side 2  free  transition at x/c =  0.8306   64

   2   rms: 0.2087E-01   max: -.1633E+00   D at   69  1
       a =  4.000      CL =  0.4422
      Cm =  0.0037     CD =  0.01269   =>   CDf =  0.00433    CDp =  0.00836

 Side 1  free  transition at x/c =  0.7104   68
 Side 2  free  transition at x/c =  0.8309   64

   3   rms: 0.4408E-02   max: -.3922E-01   C at   68  1
       a =  4.000      CL =  0.4400
      Cm =  0.0041     CD =  0.01272   =>   CDf =  0.00439    CDp =  0.00833

 Side 1  free  transition at x/c =  0.7104   68
 Side 2  free  transition at x/c =  0.8309   64

   4   rms: 0.1759E-03   max: 0.2356E-02   D at   70  1
       a =  4.000      CL =  0.4399
      Cm =  0.0041     CD =  0.01272   =>   CDf =  0.00437    CDp =  0.00836

 Side 1  free  transition at x/c =  0.7103   68
 Side 2  free  transition at x/c =  0.8309   64

   5   rms: 0.2554E-05   max: -.1381E-04   T at   64  2
       a =  4.000      CL =  0.4399
      Cm =  0.0041     CD =  0.01272   =>   CDf =  0.00437    CDp =  0.00835
 plradd ia,ip,cpol           17           0  2.87483260E-02

 Point added to stored polar  1
 Point written to save file  s1014_Re400k.base.pol                           
 Dump file unspecified or not available
 Calculating wake trajectory ...
 Calculating source influence matrix ...

 Solving BL system ...

 Side 1  free  transition at x/c =  0.7103   68
 Side 2  free  transition at x/c =  0.8309   64

   1   rms: 0.8357E-01   max: -.4906E+00   C at   68  1
       a =  4.500      CL =  0.4762
      Cm =  0.0072     CD =  0.01263   =>   CDf =  0.00429    CDp =  0.00834

 Side 1  free  transition at x/c =  0.6214   63
 Side 2  free  transition at x/c =  0.8333   63

   2   rms: 0.3512E-01   max: -.4544E+00   C at   63  1
       a =  4.500      CL =  0.4903
      Cm =  0.0058     CD =  0.01180   =>   CDf =  0.00464    CDp =  0.00716

 Side 1  free  transition at x/c =  0.6557   66
 Side 2  free  transition at x/c =  0.8329   63

   3   rms: 0.3332E-01   max: 0.3339E+00   C at   66  1
       a =  4.500      CL =  0.4917
      Cm =  0.0055     CD =  0.01181   =>   CDf =  0.00430    CDp =  0.00751

 Side 1  free  transition at x/c =  0.6405   65
 Side 2  free  transition at x/c =  0.8329   63

   4   rms: 0.2774E-02   max: 0.1667E-01   D at   67  1
       a =  4.500      CL =  0.4894
      Cm =  0.0057     CD =  0.01196   =>   CDf =  0.00441    CDp =  0.00755

 Side 1  free  transition at x/c =  0.6408   65
 Side 2  free  transition at x/c =  0.8329   63

   5   rms: 0.1886E-04   max: -.1744E-03   C at   65  1
       a =  4.500      CL =  0.4894
      Cm =  0.0058     CD =  0.01196   =>   CDf =  0.00442    CDp =  0.00754
 plradd ia,ip,cpol           18           0  2.41727438E-02

 Point added to stored polar  1
 Point written to save file  s1014_Re400k.base.pol                           
 Dump file unspecified or not available
 Calculating wake trajectory ...
 Calculating source influence matrix ...

 Solving BL system ...

 Side 1  free  transition at x/c =  0.6408   65
 Side 2  free  transition at x/c =  0.8329   63

   1   rms: 0.2283E+00   max: 0.3272E+01   C at   65  1   RLX: 0.377
       a =  5.000      CL =  0.5076
      Cm =  0.0070     CD =  0.01146   =>   CDf =  0.00442    CDp =  0.00704

 Side 1  free  transition at x/c =  0.5516   59
 Side 2  free  transition at x/c =  0.8335   63

   2   rms: 0.9839E-01   max: 0.1793E+01   C at   59  1   RLX: 0.837
       a =  5.000      CL =  0.5066
      Cm =  0.0119     CD =  0.01249   =>   CDf =  0.00495    CDp =  0.00754

 Side 1  free  transition at x/c =  0.4660   54
 Side 2  free  transition at x/c =  0.8350   63

   3   rms: 0.1317E-01   max: -.1360E+00   C at   54  1
       a =  5.000      CL =  0.5011
      Cm =  0.0137     CD =  0.01269   =>   CDf =  0.00539    CDp =  0.00729

 Side 1  free  transition at x/c =  0.4680   54
 Side 2  free  transition at x/c =  0.8355   63

   4   rms: 0.8532E-03   max: 0.1403E-01   C at   54  1
       a =  5.000      CL =  0.5011
      Cm =  0.0137     CD =  0.01271   =>   CDf =  0.00537    CDp =  0.00734

 Side 1  free  transition at x/c =  0.4676   54
 Side 2  free  transition at x/c =  0.8354   63

   5   rms: 0.7347E-05   max: -.1089E-03   C at   54  1
       a =  5.000      CL =  0.5011
      Cm =  0.0137     CD =  0.01271   =>   CDf =  0.00537    CDp =  0.00734
 plradd ia,ip,cpol           19           0  2.41727438E-02

 Point added to stored polar  1
 Point written to save file  s1014_Re400k.base.pol                           
 Dump file unspecified or not available
 Calculating wake trajectory ...
 Calculating source influence matrix ...

 Solving BL system ...

 Side 1  free  transition at x/c =  0.4676   54
 Side 2  free  transition at x/c =  0.8354   63

   1   rms: 0.1995E+00   max: 0.3686E+01   C at   54  1   RLX: 0.407
       a =  5.500      CL =  0.5038
      Cm =  0.0170     CD =  0.01312   =>   CDf =  0.00537    CDp =  0.00775

 Side 1  free  transition at x/c =  0.4087   51
 Side 2  free  transition at x/c =  0.8370   63

   2   rms: 0.8128E-01   max: 0.1322E+01   C at   51  1
       a =  5.500      CL =  0.5044
      Cm =  0.0223     CD =  0.01373   =>   CDf =  0.00567    CDp =  0.00806

 Side 1  free  transition at x/c =  0.3503   47
 Side 2  free  transition at x/c =  0.8387   63

   3   rms: 0.1617E-01   max: -.2301E+00   C at   47  1
       a =  5.500      CL =  0.5019
      Cm =  0.0227     CD =  0.01359   =>   CDf =  0.00595    CDp =  0.00764

 Side 1  free  transition at x/c =  0.3568   48
 Side 2  free  transition at x/c =  0.8389   63

   4   rms: 0.1202E-02   max: -.1666E-01   D at   47  1
       a =  5.500      CL =  0.5025
      Cm =  0.0226     CD =  0.01360   =>   CDf =  0.00591    CDp =  0.00768

 Side 1  free  transition at x/c =  0.3563   48
 Side 2  free  transition at x/c =  0.8388   63

   5   rms: 0.3264E-04   max: -.6039E-03   C at   48  1
       a =  5.500      CL =  0.5025
      Cm =  0.0226     CD =  0.01360   =>   CDf =  0.00591    CDp =  0.00769
 plradd ia,ip,cpol           20           0  2.02043839E-02

 Point added to stored polar  1
 Point written to save file  s1014_Re400k.base.pol                           
 Dump file unspecified or not available
 Calculating wake trajectory ...
 Calculating source influence matrix ...

 Solving BL system ...

 Side 1  free  transition at x/c =  0.3563   48
 Side 2  free  transition at x/c =  0.8388   63

   1   rms: 0.1400E+00   max: 0.2316E+01   C at   48  1   RLX: 0.648
       a =  6.000      CL =  0.4982
      Cm =  0.0292     CD =  0.01409   =>   CDf =  0.00580    CDp =  0.00829

 Side 1  free  transition at x/c =  0.3065   46
 Side 2  free  transition at x/c =  0.8408   62

   2   rms: 0.4749E-01   max: 0.6418E+00   C at   46  1
       a =  6.000      CL =  0.5083
      Cm =  0.0301     CD =  0.01450   =>   CDf =  0.00616    CDp =  0.00834

 Side 1  free  transition at x/c =  0.2786   44
 Side 2  free  transition at x/c =  0.8415   62

   3   rms: 0.6574E-02   max: 0.9428E-01   D at   45  1
       a =  6.000      CL =  0.5114
      Cm =  0.0296     CD =  0.01443   =>   CDf =  0.00629    CDp =  0.00813

 Side 1  free  transition at x/c =  0.2776   44
 Side 2  free  transition at x/c =  0.8414   62

   4   rms: 0.3617E-03   max: 0.7193E-02   C at   44  1
       a =  6.000      CL =  0.5114
      Cm =  0.0296     CD =  0.01443   =>   CDf =  0.00630    CDp =  0.00813

 Side 1  free  transition at x/c =  0.2774   44
 Side 2  free  transition at x/c =  0.8414   62

   5   rms: 0.7744E-05   max: -.8539E-04   C at   44  1
       a =  6.000      CL =  0.5113
      Cm =  0.0296     CD =  0.01443   =>   CDf =  0.00630    CDp =  0.00813
 plradd ia,ip,cpol           21           0  2.02043839E-02

 Point added to stored polar  1
 Point written to save file  s1014_Re400k.base.pol                           
 Dump file unspecified or not available
 Calculating wake trajectory ...
 Calculating source influence matrix ...

 Solving BL system ...

 Side 1  free  transition at x/c =  0.2774   44
 Side 2  free  transition at x/c =  0.8414   62

   1   rms: 0.1245E+00   max: 0.2083E+01   C at   44  1   RLX: 0.720
       a =  6.500      CL =  0.5265
      Cm =  0.0329     CD =  0.01517   =>   CDf =  0.00630    CDp =  0.00888

 Side 1  free  transition at x/c =  0.2355   41
 Side 2  free  transition at x/c =  0.8433   62

   2   rms: 0.2523E-01   max: -.1620E+00   D at   41  1
       a =  6.500      CL =  0.5399
      Cm =  0.0329     CD =  0.01529   =>   CDf =  0.00654    CDp =  0.00875

 Side 1  free  transition at x/c =  0.2180   40
 Side 2  free  transition at x/c =  0.8437   62

   3   rms: 0.6539E-02   max: -.1089E+00   C at   40  1
       a =  6.500      CL =  0.5363
      Cm =  0.0334     CD =  0.01542   =>   CDf =  0.00663    CDp =  0.00879

 Side 1  free  transition at x/c =  0.2205   40
 Side 2  free  transition at x/c =  0.8438   62

   4   rms: 0.1942E-03   max: -.1521E-02   D at   40  1
       a =  6.500      CL =  0.5364
      Cm =  0.0334     CD =  0.01542   =>   CDf =  0.00661    CDp =  0.00880

 Side 1  free  transition at x/c =  0.2205   40
 Side 2  free  transition at x/c =  0.8438   62

   5   rms: 0.3650E-05   max: 0.2909E-04   D at   64  2
       a =  6.500      CL =  0.5364
      Cm =  0.0334     CD =  0.01542   =>   CDf =  0.00661    CDp =  0.00880
 plradd ia,ip,cpol           22           0  1.67582184E-02

 Point added to stored polar  1
 Point written to save file  s1014_Re400k.base.pol                           
 Dump file unspecified or not available
 Calculating wake trajectory ...
 Calculating source influence matrix ...

 Solving BL system ...

 Side 1  free  transition at x/c =  0.2205   40
 Side 2  free  transition at x/c =  0.8438   62

   1   rms: 0.8179E-01   max: 0.8089E+00   C at   40  1
       a =  7.000      CL =  0.5763
      Cm =  0.0350     CD =  0.01601   =>   CDf =  0.00648    CDp =  0.00953

 Side 1  free  transition at x/c =  0.1800   39
 Side 2  free  transition at x/c =  0.8452   62

   2   rms: 0.1799E-01   max: -.2255E+00   D at   39  1
       a =  7.000      CL =  0.5693
      Cm =  0.0359     CD =  0.01623   =>   CDf =  0.00685    CDp =  0.00939

 Side 1  free  transition at x/c =  0.1827   39
 Side 2  free  transition at x/c =  0.8453   62

   3   rms: 0.2761E-02   max: 0.5191E-01   C at   39  1
       a =  7.000      CL =  0.5694
      Cm =  0.0359     CD =  0.01623   =>   CDf =  0.00679    CDp =  0.00944

 Side 1  free  transition at x/c =  0.1814   39
 Side 2  free  transition at x/c =  0.8453   62

   4   rms: 0.8136E-04   max: -.5842E-03   D at   40  1
       a =  7.000      CL =  0.5694
      Cm =  0.0359     CD =  0.01623   =>   CDf =  0.00680    CDp =  0.00943
 plradd ia,ip,cpol           23           0  1.37518654E-02

 Point added to stored polar  1
 Point written to save file  s1014_Re400k.base.pol                           
 Dump file unspecified or not available
 Calculating wake trajectory ...
 Calculating source influence matrix ...

 Solving BL system ...

 Side 1  free  transition at x/c =  0.1814   39
 Side 2  free  transition at x/c =  0.8453   62

   1   rms: 0.8297E-01   max: 0.7674E+00   C at   39  1
       a =  7.500      CL =  0.6050
      Cm =  0.0382     CD =  0.01689   =>   CDf =  0.00680    CDp =  0.01009

 Side 1  free  transition at x/c =  0.1548   37
 Side 2  free  transition at x/c =  0.8470   62

   2   rms: 0.1695E-01   max: 0.2582E+00   D at   38  1
       a =  7.500      CL =  0.6024
      Cm =  0.0385     CD =  0.01702   =>   CDf =  0.00697    CDp =  0.01005

 Side 1  free  transition at x/c =  0.1550   37
 Side 2  free  transition at x/c =  0.8468   62

   3   rms: 0.1528E-02   max: 0.2450E-01   C at   37  1
       a =  7.500      CL =  0.6028
      Cm =  0.0384     CD =  0.01699   =>   CDf =  0.00693    CDp =  0.01007

 Side 1  free  transition at x/c =  0.1544   37
 Side 2  free  transition at x/c =  0.8468   62

   4   rms: 0.3489E-04   max: -.3106E-03   C at   37  1
       a =  7.500      CL =  0.6028
      Cm =  0.0384     CD =  0.01699   =>   CDf =  0.00693    CDp =  0.01006
 plradd ia,ip,cpol           24           0  8.78403895E-03

 Point added to stored polar  1
 Point written to save file  s1014_Re400k.base.pol                           
 Dump file unspecified or not available
 Calculating wake trajectory ...
 Calculating source influence matrix ...

 Solving BL system ...

 Side 1  free  transition at x/c =  0.1544   37
 Side 2  free  transition at x/c =  0.8468   62

   1   rms: 0.7209E-01   max: 0.3342E+00   T at   37  1
       a =  8.000      CL =  0.6445
      Cm =  0.0399     CD =  0.01751   =>   CDf =  0.00677    CDp =  0.01073

 Side 1  free  transition at x/c =  0.1344   37
 Side 2  free  transition at x/c =  0.8484   61

   2   rms: 0.2182E-01   max: -.2911E+00   D at   37  1
       a =  8.000      CL =  0.6386
      Cm =  0.0406     CD =  0.01771   =>   CDf =  0.00701    CDp =  0.01071

 Side 1  free  transition at x/c =  0.1357   37
 Side 2  free  transition at x/c =  0.8485   61

   3   rms: 0.3180E-02   max: 0.4595E-01   C at   37  1
       a =  8.000      CL =  0.6391
      Cm =  0.0405     CD =  0.01774   =>   CDf =  0.00697    CDp =  0.01078

 Side 1  free  transition at x/c =  0.1348   37
 Side 2  free  transition at x/c =  0.8484   61

   4   rms: 0.1215E-03   max: -.8134E-03   D at   37  1
       a =  8.000      CL =  0.6390
      Cm =  0.0405     CD =  0.01775   =>   CDf =  0.00698    CDp =  0.01077

 Side 1  free  transition at x/c =  0.1348   37
 Side 2  free  transition at x/c =  0.8484   61

   5   rms: 0.2906E-05   max: -.1502E-04   D at   62  2
       a =  8.000      CL =  0.6390
      Cm =  0.0405     CD =  0.01775   =>   CDf =  0.00698    CDp =  0.01077
 plradd ia,ip,cpol           25           0  8.78403895E-03

 Point added to stored polar  1
 Point written to save file  s1014_Re400k.base.pol                           
 Dump file unspecified or not available
 Calculating wake trajectory ...
 Calculating source influence matrix ...

 Solving BL system ...

 Side 1  free  transition at x/c =  0.1348   37
 Side 2  free  transition at x/c =  0.8484   61

   1   rms: 0.7456E-01   max: -.3709E+00   D at   37  1
       a =  8.500      CL =  0.6773
      Cm =  0.0423     CD =  0.01852   =>   CDf =  0.00698    CDp =  0.01154

 Side 1  free  transition at x/c =  0.1195   36
 Side 2  free  transition at x/c =  0.8502   61

   2   rms: 0.2753E-01   max: -.3213E+00   D at   36  1
       a =  8.500      CL =  0.6741
      Cm =  0.0426     CD =  0.01853   =>   CDf =  0.00703    CDp =  0.01150

 Side 1  free  transition at x/c =  0.1198   36
 Side 2  free  transition at x/c =  0.8502   61

   3   rms: 0.4056E-02   max: 0.4204E-01   C at   36  1
       a =  8.500      CL =  0.6752
      Cm =  0.0425     CD =  0.01857   =>   CDf =  0.00701    CDp =  0.01156

 Side 1  free  transition at x/c =  0.1188   36
 Side 2  free  transition at x/c =  0.8501   61

   4   rms: 0.1672E-03   max: -.1204E-02   D at   36  1
       a =  8.500      CL =  0.6752
      Cm =  0.0425     CD =  0.01857   =>   CDf =  0.00702    CDp =  0.01155

 Side 1  free  transition at x/c =  0.1188   36
 Side 2  free  transition at x/c =  0.8501   61

   5   rms: 0.2755E-05   max: -.1876E-04   D at   62  2
       a =  8.500      CL =  0.6752
      Cm =  0.0425     CD =  0.01857   =>   CDf =  0.00702    CDp =  0.01155
 plradd ia,ip,cpol           26           0  6.74461992E-03

 Point added to stored polar  1
 Point written to save file  s1014_Re400k.base.pol                           
 Dump file unspecified or not available
 Calculating wake trajectory ...
 Calculating source influence matrix ...

 Solving BL system ...

 Side 1  free  transition at x/c =  0.1188   36
 Side 2  free  transition at x/c =  0.8501   61

   1   rms: 0.7441E-01   max: -.3998E+00   D at   36  1
       a =  9.000      CL =  0.7131
      Cm =  0.0442     CD =  0.01943   =>   CDf =  0.00684    CDp =  0.01259

 Side 1  free  transition at x/c =  0.1070   36
 Side 2  free  transition at x/c =  0.8526   60

   2   rms: 0.2636E-01   max: -.2584E+00   D at   37  1
       a =  9.000      CL =  0.7099
      Cm =  0.0446     CD =  0.01942   =>   CDf =  0.00704    CDp =  0.01238

 Side 1  free  transition at x/c =  0.1066   36
 Side 2  free  transition at x/c =  0.8525   60

   3   rms: 0.3334E-02   max: -.3008E-01   D at   37  1
       a =  9.000      CL =  0.7112
      Cm =  0.0444     CD =  0.01945   =>   CDf =  0.00702    CDp =  0.01243

 Side 1  free  transition at x/c =  0.1059   36
 Side 2  free  transition at x/c =  0.8524   60

   4   rms: 0.7499E-04   max: -.8643E-03   D at   37  1
       a =  9.000      CL =  0.7112
      Cm =  0.0444     CD =  0.01946   =>   CDf =  0.00703    CDp =  0.01242
 plradd ia,ip,cpol           27           0  6.74461992E-03

 Point added to stored polar  1
 Point written to save file  s1014_Re400k.base.pol                           
 Dump file unspecified or not available
 Calculating wake trajectory ...
 Calculating source influence matrix ...

 Solving BL system ...

 Side 1  free  transition at x/c =  0.1059   36
 Side 2  free  transition at x/c =  0.8524   60

   1   rms: 0.7131E-01   max: 0.3506E+00   T at   36  1
       a =  9.500      CL =  0.7495
      Cm =  0.0460     CD =  0.02032   =>   CDf =  0.00684    CDp =  0.01349

 Side 1  free  transition at x/c =  0.0960   36
 Side 2  free  transition at x/c =  0.8543   59

   2   rms: 0.1922E-01   max: -.1649E+00   D at   36  1
       a =  9.500      CL =  0.7451
      Cm =  0.0465     CD =  0.02045   =>   CDf =  0.00706    CDp =  0.01339

 Side 1  free  transition at x/c =  0.0958   36
 Side 2  free  transition at x/c =  0.8545   59

   3   rms: 0.2107E-02   max: 0.1276E-01   T at   36  1
       a =  9.500      CL =  0.7462
      Cm =  0.0464     CD =  0.02045   =>   CDf =  0.00704    CDp =  0.01341

 Side 1  free  transition at x/c =  0.0955   36
 Side 2  free  transition at x/c =  0.8545   59

   4   rms: 0.6976E-04   max: 0.6605E-03   D at    4  1
       a =  9.500      CL =  0.7462
      Cm =  0.0464     CD =  0.02046   =>   CDf =  0.00705    CDp =  0.01341
 plradd ia,ip,cpol           28           0  4.99467133E-03

 Point added to stored polar  1
 Point written to save file  s1014_Re400k.base.pol                           
 Dump file unspecified or not available
 Calculating wake trajectory ...
 Calculating source influence matrix ...

 Solving BL system ...

 Side 1  free  transition at x/c =  0.0955   36
 Side 2  free  transition at x/c =  0.8545   59

   1   rms: 0.7026E-01   max: 0.3702E+00   T at   36  1
       a = 10.000      CL =  0.7875
      Cm =  0.0475     CD =  0.02120   =>   CDf =  0.00705    CDp =  0.01415

 Side 1  free  transition at x/c =  0.0856   35
 Side 2  free  transition at x/c =  0.8564   59

   2   rms: 0.9154E-02   max: -.4417E-01   D at   35  1
       a = 10.000      CL =  0.7793
      Cm =  0.0483     CD =  0.02162   =>   CDf =  0.00711    CDp =  0.01451

 Side 1  free  transition at x/c =  0.0856   35
 Side 2  free  transition at x/c =  0.8565   59

   3   rms: 0.3630E-03   max: -.1858E-02   D at   80  1
       a = 10.000      CL =  0.7795
      Cm =  0.0483     CD =  0.02161   =>   CDf =  0.00710    CDp =  0.01452

 Side 1  free  transition at x/c =  0.0856   35
 Side 2  free  transition at x/c =  0.8565   59

   4   rms: 0.6441E-05   max: 0.8694E-04   D at   60  2
       a = 10.000      CL =  0.7795
      Cm =  0.0483     CD =  0.02161   =>   CDf =  0.00710    CDp =  0.01452
 plradd ia,ip,cpol           29           0  6.74461992E-03

 Point added to stored polar  1
 Point written to save file  s1014_Re400k.base.pol                           
 Dump file unspecified or not available

.OPERva   c>  
 Solving BL system ...

 Side 1  free  transition at x/c =  0.0856   35
 Side 2  free  transition at x/c =  0.8565   59

   1   rms: 0.3662E-06   max: 0.3418E-05   T at   35  1
       a = 10.000      CL =  0.7795
      Cm =  0.0483     CD =  0.02161   =>   CDf =  0.00710    CDp =  0.01452
 plradd ia,ip,cpol           30         182  6.74461992E-03

 Point added to stored polar  1
 Point written to save file  s1014_Re400k.base.pol                           
 Dump file unspecified or not available
 Calculating wake trajectory ...
 Calculating source influence matrix ...

 Solving BL system ...

 Side 1  free  transition at x/c =  0.0856   35
 Side 2  free  transition at x/c =  0.8565   59

   1   rms: 0.3622E-01   max: -.2324E+00   C at   35  1
       a = 10.250      CL =  0.8011
      Cm =  0.0487     CD =  0.02193   =>   CDf =  0.00710    CDp =  0.01484

 Side 1  free  transition at x/c =  0.0822   35
 Side 2  free  transition at x/c =  0.8575   59

   2   rms: 0.1860E-02   max: -.1694E-01   D at   35  1
       a = 10.250      CL =  0.7996
      Cm =  0.0489     CD =  0.02200   =>   CDf =  0.00703    CDp =  0.01497

 Side 1  free  transition at x/c =  0.0822   35
 Side 2  free  transition at x/c =  0.8575   59

   3   rms: 0.6678E-04   max: -.3355E-03   D at   79  1
       a = 10.250      CL =  0.7996
      Cm =  0.0489     CD =  0.02199   =>   CDf =  0.00703    CDp =  0.01497
 plradd ia,ip,cpol           31           0  4.99467133E-03

 Point added to stored polar  1
 Point written to save file  s1014_Re400k.base.pol                           
 Dump file unspecified or not available
 Calculating wake trajectory ...
 Calculating source influence matrix ...

 Solving BL system ...

 Side 1  free  transition at x/c =  0.0822   35
 Side 2  free  transition at x/c =  0.8575   59

   1   rms: 0.3567E-01   max: 0.1802E+00   T at   35  1
       a = 10.500      CL =  0.8194
      Cm =  0.0494     CD =  0.02245   =>   CDf =  0.00679    CDp =  0.01566

 Side 1  free  transition at x/c =  0.0778   36
 Side 2  free  transition at x/c =  0.8585   58
 idif Ue xi dudx           1  9.55496132E-02  4.74452972E-03   20.138901    
 Uenew xinew           2  7.32226938E-04  3.63588333E-05

   2   rms: 0.2029E-01   max: -.3416E+00   T at    2  1
       a = 10.500      CL =  0.8177
      Cm =  0.0496     CD =  0.02249   =>   CDf =  0.00724    CDp =  0.01525

 Side 1  free  transition at x/c =  0.0782   35
 Side 2  free  transition at x/c =  0.8586   59

   3   rms: 0.2196E-02   max: 0.3215E-01   D at    2  2
       a = 10.500      CL =  0.8179
      Cm =  0.0496     CD =  0.02249   =>   CDf =  0.00702    CDp =  0.01547

 Side 1  free  transition at x/c =  0.0782   35
 Side 2  free  transition at x/c =  0.8586   59

   4   rms: 0.4850E-03   max: 0.5805E-02   D at    4  2
       a = 10.500      CL =  0.8179
      Cm =  0.0496     CD =  0.02249   =>   CDf =  0.00702    CDp =  0.01547

 Side 1  free  transition at x/c =  0.0782   35
 Side 2  free  transition at x/c =  0.8586   59

   5   rms: 0.1095E-04   max: -.1312E-03   D at    4  2
       a = 10.500      CL =  0.8179
      Cm =  0.0496     CD =  0.02249   =>   CDf =  0.00702    CDp =  0.01547
 plradd ia,ip,cpol           32           0  4.99467133E-03

 Point added to stored polar  1
 Point written to save file  s1014_Re400k.base.pol                           
 Dump file unspecified or not available
 Calculating wake trajectory ...
 Calculating source influence matrix ...

 Solving BL system ...

 Side 1  free  transition at x/c =  0.0782   35
 Side 2  free  transition at x/c =  0.8586   59

   1   rms: 0.3643E-01   max: 0.1762E+00   T at   35  1
       a = 10.750      CL =  0.8353
      Cm =  0.0503     CD =  0.02311   =>   CDf =  0.00678    CDp =  0.01633

 Side 1  free  transition at x/c =  0.0744   36
 Side 2  free  transition at x/c =  0.8596   58

   2   rms: 0.6883E-02   max: -.3835E-01   D at   36  1
       a = 10.750      CL =  0.8304
      Cm =  0.0509     CD =  0.02342   =>   CDf =  0.00706    CDp =  0.01636

 Side 1  free  transition at x/c =  0.0739   35
 Side 2  free  transition at x/c =  0.8596   58

   3   rms: 0.5057E-02   max: -.5517E-01   D at   35  1
       a = 10.750      CL =  0.8316
      Cm =  0.0507     CD =  0.02329   =>   CDf =  0.00707    CDp =  0.01622

 Side 1  free  transition at x/c =  0.0741   35
 Side 2  free  transition at x/c =  0.8596   58

   4   rms: 0.3539E-03   max: -.1650E-02   D at   79  1
       a = 10.750      CL =  0.8319
      Cm =  0.0507     CD =  0.02329   =>   CDf =  0.00707    CDp =  0.01623

 Side 1  free  transition at x/c =  0.0741   35
 Side 2  free  transition at x/c =  0.8596   58

   5   rms: 0.6193E-05   max: 0.8788E-04   D at   59  2
       a = 10.750      CL =  0.8319
      Cm =  0.0507     CD =  0.02329   =>   CDf =  0.00707    CDp =  0.01623
 plradd ia,ip,cpol           33           0  4.99467133E-03

 Point added to stored polar  1
 Point written to save file  s1014_Re400k.base.pol                           
 Dump file unspecified or not available
 Calculating wake trajectory ...
 Calculating source influence matrix ...

 Solving BL system ...

 Side 1  free  transition at x/c =  0.0741   35
 Side 2  free  transition at x/c =  0.8596   58

   1   rms: 0.3550E-01   max: -.2232E+00   C at   35  1   RLX: 0.990
       a = 11.000      CL =  0.8525
      Cm =  0.0511     CD =  0.02368   =>   CDf =  0.00707    CDp =  0.01662

 Side 1  free  transition at x/c =  0.0714   35
 Side 2  free  transition at x/c =  0.8605   58

   2   rms: 0.1638E-02   max: 0.6229E-02   D at   76  2
       a = 11.000      CL =  0.8511
      Cm =  0.0513     CD =  0.02376   =>   CDf =  0.00699    CDp =  0.01677

 Side 1  free  transition at x/c =  0.0713   35
 Side 2  free  transition at x/c =  0.8606   58

   3   rms: 0.1850E-04   max: -.1454E-03   D at   59  2
       a = 11.000      CL =  0.8510
      Cm =  0.0513     CD =  0.02376   =>   CDf =  0.00699    CDp =  0.01677
 plradd ia,ip,cpol           34           0  4.99467133E-03

 Point added to stored polar  1
 Point written to save file  s1014_Re400k.base.pol                           
 Dump file unspecified or not available
 Calculating wake trajectory ...
 Calculating source influence matrix ...

 Solving BL system ...

 Side 1  free  transition at x/c =  0.0713   35
 Side 2  free  transition at x/c =  0.8606   58

   1   rms: 0.3441E-01   max: 0.1731E+00   T at   35  1   RLX: 0.965
       a = 11.250      CL =  0.8693
      Cm =  0.0519     CD =  0.02427   =>   CDf =  0.00699    CDp =  0.01728

 Side 1  free  transition at x/c =  0.0680   35
 Side 2  free  transition at x/c =  0.8613   59

   2   rms: 0.7906E-02   max: -.9068E-01   D at   58  2
       a = 11.250      CL =  0.8685
      Cm =  0.0520     CD =  0.02429   =>   CDf =  0.00698    CDp =  0.01731

 Side 1  free  transition at x/c =  0.0681   35
 Side 2  free  transition at x/c =  0.8617   59

   3   rms: 0.8278E-03   max: 0.1209E-01   D at   59  2
       a = 11.250      CL =  0.8686
      Cm =  0.0520     CD =  0.02430   =>   CDf =  0.00697    CDp =  0.01733

 Side 1  free  transition at x/c =  0.0681   35
 Side 2  free  transition at x/c =  0.8616   59

   4   rms: 0.7015E-05   max: 0.5130E-04   T at   59  2
       a = 11.250      CL =  0.8686
      Cm =  0.0520     CD =  0.02430   =>   CDf =  0.00697    CDp =  0.01733
 plradd ia,ip,cpol           35           0  3.53040267E-03

 Point added to stored polar  1
 Point written to save file  s1014_Re400k.base.pol                           
 Dump file unspecified or not available
 Calculating wake trajectory ...
 Calculating source influence matrix ...

 Solving BL system ...

 Side 1  free  transition at x/c =  0.0681   35
 Side 2  free  transition at x/c =  0.8616   59

   1   rms: 0.3498E-01   max: 0.1676E+00   T at   35  1   RLX: 0.937
       a = 11.500      CL =  0.8843
      Cm =  0.0528     CD =  0.02487   =>   CDf =  0.00697    CDp =  0.01790

 Side 1  free  transition at x/c =  0.0653   35
 Side 2  free  transition at x/c =  0.8628   59

   2   rms: 0.3654E-02   max: 0.1734E-01   D at   76  2
       a = 11.500      CL =  0.8822
      Cm =  0.0532     CD =  0.02508   =>   CDf =  0.00699    CDp =  0.01809

 Side 1  free  transition at x/c =  0.0650   35
 Side 2  free  transition at x/c =  0.8628   59

   3   rms: 0.2295E-03   max: 0.1113E-02   D at   76  2
       a = 11.500      CL =  0.8820
      Cm =  0.0532     CD =  0.02508   =>   CDf =  0.00699    CDp =  0.01809

 Side 1  free  transition at x/c =  0.0650   35
 Side 2  free  transition at x/c =  0.8628   59

   4   rms: 0.5824E-05   max: -.2866E-04   T at   59  2
       a = 11.500      CL =  0.8820
      Cm =  0.0532     CD =  0.02508   =>   CDf =  0.00699    CDp =  0.01809
 plradd ia,ip,cpol           36           0  3.53040267E-03

 Point added to stored polar  1
 Point written to save file  s1014_Re400k.base.pol                           
 Dump file unspecified or not available
 Calculating wake trajectory ...
 Calculating source influence matrix ...

 Solving BL system ...

 Side 1  free  transition at x/c =  0.0650   35
 Side 2  free  transition at x/c =  0.8628   59

   1   rms: 0.4111E-01   max: 0.1659E+00   T at   35  1   RLX: 0.899
       a = 11.750      CL =  0.8918
      Cm =  0.0545     CD =  0.02615   =>   CDf =  0.00671    CDp =  0.01944

 Side 1  free  transition at x/c =  0.0625   35
 Side 2  free  transition at x/c =  0.8640   58

   2   rms: 0.2057E-01   max: -.2006E+00   D at   35  1
       a = 11.750      CL =  0.8952
      Cm =  0.0544     CD =  0.02578   =>   CDf =  0.00693    CDp =  0.01885

 Side 1  free  transition at x/c =  0.0627   35
 Side 2  free  transition at x/c =  0.8641   58

   3   rms: 0.3568E-02   max: -.1635E-01   D at   79  1
       a = 11.750      CL =  0.8980
      Cm =  0.0541     CD =  0.02571   =>   CDf =  0.00691    CDp =  0.01881

 Side 1  free  transition at x/c =  0.0625   35
 Side 2  free  transition at x/c =  0.8641   58

   4   rms: 0.3309E-04   max: -.2934E-03   D at   60  2
       a = 11.750      CL =  0.8980
      Cm =  0.0541     CD =  0.02573   =>   CDf =  0.00691    CDp =  0.01881
 plradd ia,ip,cpol           37           0  4.99467133E-03

 Point added to stored polar  1
 Point written to save file  s1014_Re400k.base.pol                           
 Dump file unspecified or not available
 Calculating wake trajectory ...
 Calculating source influence matrix ...

 Solving BL system ...

 Side 1  free  transition at x/c =  0.0625   35
 Side 2  free  transition at x/c =  0.8641   58

   1   rms: 0.3353E-01   max: 0.1743E+00   T at   35  1   RLX: 0.887
       a = 12.000      CL =  0.9138
      Cm =  0.0547     CD =  0.02623   =>   CDf =  0.00691    CDp =  0.01932

 Side 1  free  transition at x/c =  0.0600   35
 Side 2  free  transition at x/c =  0.8652   58

   2   rms: 0.3513E-02   max: -.3278E-01   D at   35  1
       a = 12.000      CL =  0.9144
      Cm =  0.0549     CD =  0.02633   =>   CDf =  0.00685    CDp =  0.01948

 Side 1  free  transition at x/c =  0.0598   35
 Side 2  free  transition at x/c =  0.8654   58

   3   rms: 0.6471E-04   max: -.3783E-03   D at   79  1
       a = 12.000      CL =  0.9144
      Cm =  0.0549     CD =  0.02633   =>   CDf =  0.00685    CDp =  0.01948
 plradd ia,ip,cpol           38           0  3.53040267E-03

 Point added to stored polar  1
 Point written to save file  s1014_Re400k.base.pol                           
 Dump file unspecified or not available
 Calculating wake trajectory ...
 Calculating source influence matrix ...

 Solving BL system ...

 Side 1  free  transition at x/c =  0.0598   35
 Side 2  free  transition at x/c =  0.8654   58

   1   rms: 0.3362E-01   max: 0.1575E+00   T at   35  1   RLX: 0.863
       a = 12.250      CL =  0.9285
      Cm =  0.0556     CD =  0.02692   =>   CDf =  0.00685    CDp =  0.02008

 Side 1  free  transition at x/c =  0.0576   35
 Side 2  free  transition at x/c =  0.8665   58

   2   rms: 0.4700E-02   max: -.5579E-01   D at   35  1
       a = 12.250      CL =  0.9293
      Cm =  0.0558     CD =  0.02704   =>   CDf =  0.00682    CDp =  0.02022

 Side 1  free  transition at x/c =  0.0575   35
 Side 2  free  transition at x/c =  0.8668   58

   3   rms: 0.1645E-03   max: 0.1652E-02   D at   35  1
       a = 12.250      CL =  0.9293
      Cm =  0.0558     CD =  0.02704   =>   CDf =  0.00682    CDp =  0.02022

 Side 1  free  transition at x/c =  0.0574   35
 Side 2  free  transition at x/c =  0.8668   58

   4   rms: 0.7290E-05   max: 0.2395E-04   D at   77  1
       a = 12.250      CL =  0.9293
      Cm =  0.0558     CD =  0.02704   =>   CDf =  0.00682    CDp =  0.02022
 plradd ia,ip,cpol           39           0  3.53040267E-03

 Point added to stored polar  1
 Point written to save file  s1014_Re400k.base.pol                           
 Dump file unspecified or not available
 Calculating wake trajectory ...
 Calculating source influence matrix ...

 Solving BL system ...

 Side 1  free  transition at x/c =  0.0574   35
 Side 2  free  transition at x/c =  0.8668   58

   1   rms: 0.3457E-01   max: 0.1706E+00   T at   35  1   RLX: 0.838
       a = 12.500      CL =  0.9412
      Cm =  0.0566     CD =  0.02778   =>   CDf =  0.00683    CDp =  0.02095

 Side 1  free  transition at x/c =  0.0556   35
 Side 2  free  transition at x/c =  0.8680   58

   2   rms: 0.9623E-02   max: 0.5034E-01   T at   35  1
       a = 12.500      CL =  0.9395
      Cm =  0.0571     CD =  0.02823   =>   CDf =  0.00684    CDp =  0.02139

 Side 1  free  transition at x/c =  0.0548   34
 Side 2  free  transition at x/c =  0.8683   58

   3   rms: 0.2980E-02   max: -.2535E-01   D at   34  1
       a = 12.500      CL =  0.9397
      Cm =  0.0571     CD =  0.02815   =>   CDf =  0.00685    CDp =  0.02130

 Side 1  free  transition at x/c =  0.0548   34
 Side 2  free  transition at x/c =  0.8683   58

   4   rms: 0.2615E-03   max: -.1190E-02   D at   78  1
       a = 12.500      CL =  0.9399
      Cm =  0.0571     CD =  0.02815   =>   CDf =  0.00684    CDp =  0.02130

 Side 1  free  transition at x/c =  0.0548   34
 Side 2  free  transition at x/c =  0.8683   58

   5   rms: 0.4170E-05   max: 0.4802E-04   T at   58  2
       a = 12.500      CL =  0.9399
      Cm =  0.0571     CD =  0.02815   =>   CDf =  0.00684    CDp =  0.02130
 plradd ia,ip,cpol           40           0  2.33814656E-03

 Point added to stored polar  1
 Point written to save file  s1014_Re400k.base.pol                           
 Dump file unspecified or not available
 Calculating wake trajectory ...
 Calculating source influence matrix ...

 Solving BL system ...

 Side 1  free  transition at x/c =  0.0548   34
 Side 2  free  transition at x/c =  0.8683   58

   1   rms: 0.3314E-01   max: -.1972E+00   C at   34  1   RLX: 0.815
       a = 12.750      CL =  0.9540
      Cm =  0.0576     CD =  0.02866   =>   CDf =  0.00685    CDp =  0.02181

 Side 1  free  transition at x/c =  0.0535   34
 Side 2  free  transition at x/c =  0.8697   58

   2   rms: 0.5813E-02   max: 0.3412E-01   T at   34  1
       a = 12.750      CL =  0.9558
      Cm =  0.0578     CD =  0.02884   =>   CDf =  0.00675    CDp =  0.02209

 Side 1  free  transition at x/c =  0.0530   34
 Side 2  free  transition at x/c =  0.8701   58

   3   rms: 0.2230E-03   max: 0.9530E-03   D at   77  2
       a = 12.750      CL =  0.9556
      Cm =  0.0579     CD =  0.02883   =>   CDf =  0.00673    CDp =  0.02210

 Side 1  free  transition at x/c =  0.0531   34
 Side 2  free  transition at x/c =  0.8701   58

   4   rms: 0.4363E-05   max: -.3063E-04   T at   58  2
       a = 12.750      CL =  0.9556
      Cm =  0.0579     CD =  0.02883   =>   CDf =  0.00673    CDp =  0.02210
 plradd ia,ip,cpol           41           0  3.53040267E-03

 Point added to stored polar  1
 Point written to save file  s1014_Re400k.base.pol                           
 Dump file unspecified or not available
 Calculating wake trajectory ...
 Calculating source influence matrix ...

 Solving BL system ...

 Side 1  free  transition at x/c =  0.0531   34
 Side 2  free  transition at x/c =  0.8701   58

   1   rms: 0.3272E-01   max: 0.1657E+00   T at   34  1   RLX: 0.794
       a = 13.000      CL =  0.9681
      Cm =  0.0584     CD =  0.02944   =>   CDf =  0.00641    CDp =  0.02304

 Side 1  free  transition at x/c =  0.0512   35
 Side 2  free  transition at x/c =  0.8716   57

   2   rms: 0.6798E-02   max: -.3973E-01   D at   35  1
       a = 13.000      CL =  0.9701
      Cm =  0.0587     CD =  0.02961   =>   CDf =  0.00667    CDp =  0.02294

 Side 1  free  transition at x/c =  0.0508   35
 Side 2  free  transition at x/c =  0.8720   57

   3   rms: 0.4517E-03   max: -.4880E-02   D at    4  1
       a = 13.000      CL =  0.9700
      Cm =  0.0587     CD =  0.02960   =>   CDf =  0.00666    CDp =  0.02294

 Side 1  free  transition at x/c =  0.0508   35
 Side 2  free  transition at x/c =  0.8720   57

   4   rms: 0.1258E-04   max: -.4072E-04   D at   76  2
       a = 13.000      CL =  0.9700
      Cm =  0.0587     CD =  0.02960   =>   CDf =  0.00666    CDp =  0.02294
 plradd ia,ip,cpol           42           0  2.33814656E-03

 Point added to stored polar  1
 Point written to save file  s1014_Re400k.base.pol                           
 Dump file unspecified or not available
 Calculating wake trajectory ...
 Calculating source influence matrix ...

 Solving BL system ...

 Side 1  free  transition at x/c =  0.0508   35
 Side 2  free  transition at x/c =  0.8720   57

   1   rms: 0.3269E-01   max: 0.1458E+00   T at   35  1   RLX: 0.774
       a = 13.250      CL =  0.9813
      Cm =  0.0593     CD =  0.03029   =>   CDf =  0.00666    CDp =  0.02363

 Side 1  free  transition at x/c =  0.0494   35
 Side 2  free  transition at x/c =  0.8734   57

   2   rms: 0.6953E-02   max: -.4955E-01   D at   35  1
       a = 13.250      CL =  0.9834
      Cm =  0.0595     CD =  0.03051   =>   CDf =  0.00664    CDp =  0.02387

 Side 1  free  transition at x/c =  0.0491   35
 Side 2  free  transition at x/c =  0.8739   57

   3   rms: 0.3122E-03   max: 0.2408E-02   D at   35  1
       a = 13.250      CL =  0.9832
      Cm =  0.0595     CD =  0.03050   =>   CDf =  0.00664    CDp =  0.02387

 Side 1  free  transition at x/c =  0.0491   35
 Side 2  free  transition at x/c =  0.8739   57

   4   rms: 0.1353E-04   max: 0.5988E-04   D at   76  2
       a = 13.250      CL =  0.9832
      Cm =  0.0595     CD =  0.03050   =>   CDf =  0.00664    CDp =  0.02387
 plradd ia,ip,cpol           43           0  2.33814656E-03

 Point added to stored polar  1
 Point written to save file  s1014_Re400k.base.pol                           
 Dump file unspecified or not available
 Calculating wake trajectory ...
 Calculating source influence matrix ...

 Solving BL system ...

 Side 1  free  transition at x/c =  0.0491   35
 Side 2  free  transition at x/c =  0.8739   57

   1   rms: 0.3435E-01   max: 0.1631E+00   T at   35  1   RLX: 0.751
       a = 13.500      CL =  0.9924
      Cm =  0.0601     CD =  0.03132   =>   CDf =  0.00664    CDp =  0.02468

 Side 1  free  transition at x/c =  0.0476   35
 Side 2  free  transition at x/c =  0.8752   57

   2   rms: 0.1055E-01   max: 0.5128E-01   T at   35  1
       a = 13.500      CL =  0.9919
      Cm =  0.0606     CD =  0.03187   =>   CDf =  0.00665    CDp =  0.02522

 Side 1  free  transition at x/c =  0.0470   34
 Side 2  free  transition at x/c =  0.8756   57

   3   rms: 0.1304E-02   max: -.8849E-02   D at   35  1
       a = 13.500      CL =  0.9916
      Cm =  0.0607     CD =  0.03185   =>   CDf =  0.00667    CDp =  0.02518

 Side 1  free  transition at x/c =  0.0469   34
 Side 2  free  transition at x/c =  0.8756   57

   4   rms: 0.1064E-03   max: -.4766E-03   D at   78  1
       a = 13.500      CL =  0.9917
      Cm =  0.0606     CD =  0.03185   =>   CDf =  0.00666    CDp =  0.02518

 Side 1  free  transition at x/c =  0.0469   34
 Side 2  free  transition at x/c =  0.8756   57

   5   rms: 0.2794E-05   max: 0.1330E-04   D at   58  2
       a = 13.500      CL =  0.9917
      Cm =  0.0606     CD =  0.03185   =>   CDf =  0.00666    CDp =  0.02518
 plradd ia,ip,cpol           44           0  1.40375923E-03

 Point added to stored polar  1
 Point written to save file  s1014_Re400k.base.pol                           
 Dump file unspecified or not available
 Calculating wake trajectory ...
 Calculating source influence matrix ...

 Solving BL system ...

 Side 1  free  transition at x/c =  0.0469   34
 Side 2  free  transition at x/c =  0.8756   57

   1   rms: 0.3255E-01   max: -.1947E+00   C at   34  1   RLX: 0.731
       a = 13.750      CL =  1.0028
      Cm =  0.0611     CD =  0.03246   =>   CDf =  0.00667    CDp =  0.02580

 Side 1  free  transition at x/c =  0.0460   34
 Side 2  free  transition at x/c =  0.8768   57

   2   rms: 0.8449E-02   max: 0.4883E-01   T at   34  1
       a = 13.750      CL =  1.0060
      Cm =  0.0613     CD =  0.03273   =>   CDf =  0.00657    CDp =  0.02616

 Side 1  free  transition at x/c =  0.0455   34
 Side 2  free  transition at x/c =  0.8773   57

   3   rms: 0.3417E-03   max: 0.1584E-02   D at   77  2
       a = 13.750      CL =  1.0056
      Cm =  0.0613     CD =  0.03272   =>   CDf =  0.00654    CDp =  0.02618

 Side 1  free  transition at x/c =  0.0455   34
 Side 2  free  transition at x/c =  0.8773   57

   4   rms: 0.6135E-05   max: -.3220E-04   D at   58  2
       a = 13.750      CL =  1.0056
      Cm =  0.0613     CD =  0.03272   =>   CDf =  0.00654    CDp =  0.02618
 plradd ia,ip,cpol           45           0  1.40375923E-03

 Point added to stored polar  1
 Point written to save file  s1014_Re400k.base.pol                           
 Dump file unspecified or not available
 Calculating wake trajectory ...
 Calculating source influence matrix ...

 Solving BL system ...

 Side 1  free  transition at x/c =  0.0455   34
 Side 2  free  transition at x/c =  0.8773   57

   1   rms: 0.3216E-01   max: 0.1661E+00   T at   34  1   RLX: 0.712
       a = 14.000      CL =  1.0156
      Cm =  0.0617     CD =  0.03345   =>   CDf =  0.00654    CDp =  0.02691

 Side 1  free  transition at x/c =  0.0441   34
 Side 2  free  transition at x/c =  0.8782   58

   2   rms: 0.1227E-01   max: -.1228E+00   D at   57  2
       a = 14.000      CL =  1.0180
      Cm =  0.0620     CD =  0.03370   =>   CDf =  0.00649    CDp =  0.02721

 Side 1  free  transition at x/c =  0.0437   34
 Side 2  free  transition at x/c =  0.8796   58

   3   rms: 0.1511E-02   max: 0.2064E-01   D at   58  2
       a = 14.000      CL =  1.0175
      Cm =  0.0621     CD =  0.03369   =>   CDf =  0.00644    CDp =  0.02725

 Side 1  free  transition at x/c =  0.0437   34
 Side 2  free  transition at x/c =  0.8793   58

   4   rms: 0.2017E-04   max: -.2821E-03   D at   59  2
       a = 14.000      CL =  1.0175
      Cm =  0.0621     CD =  0.03369   =>   CDf =  0.00645    CDp =  0.02725
 plradd ia,ip,cpol           46           0  2.33814656E-03

 Point added to stored polar  1
 Point written to save file  s1014_Re400k.base.pol                           
 Dump file unspecified or not available
 Calculating wake trajectory ...
 Calculating source influence matrix ...

 Solving BL system ...

 Side 1  free  transition at x/c =  0.0437   34
 Side 2  free  transition at x/c =  0.8793   58

   1   rms: 0.3162E-01   max: 0.1524E+00   T at   34  1   RLX: 0.692
       a = 14.250      CL =  1.0258
      Cm =  0.0626     CD =  0.03445   =>   CDf =  0.00608    CDp =  0.02837

 Side 1  free  transition at x/c =  0.0426   35
 Side 2  free  transition at x/c =  0.8809   57

   2   rms: 0.1196E-01   max: 0.1252E+00   T at    2  1
       a = 14.250      CL =  1.0282
      Cm =  0.0629     CD =  0.03479   =>   CDf =  0.00640    CDp =  0.02839

 Side 1  free  transition at x/c =  0.0422   35
 Side 2  free  transition at x/c =  0.8815   57

   3   rms: 0.4201E-03   max: 0.3639E-02   D at    4  1
       a = 14.250      CL =  1.0280
      Cm =  0.0630     CD =  0.03477   =>   CDf =  0.00638    CDp =  0.02838

 Side 1  free  transition at x/c =  0.0422   35
 Side 2  free  transition at x/c =  0.8815   57

   4   rms: 0.1207E-04   max: -.4042E-04   D at   76  1
       a = 14.250      CL =  1.0280
      Cm =  0.0630     CD =  0.03477   =>   CDf =  0.00638    CDp =  0.02838
 plradd ia,ip,cpol           47           0  2.33814656E-03

 Point added to stored polar  1
 Point written to save file  s1014_Re400k.base.pol                           
 Dump file unspecified or not available
 Calculating wake trajectory ...
 Calculating source influence matrix ...

 Solving BL system ...

 Side 1  free  transition at x/c =  0.0422   35
 Side 2  free  transition at x/c =  0.8815   57

   1   rms: 0.3173E-01   max: 0.1438E+00   T at   35  1   RLX: 0.673
       a = 14.500      CL =  1.0353
      Cm =  0.0635     CD =  0.03562   =>   CDf =  0.00639    CDp =  0.02923

 Side 1  free  transition at x/c =  0.0413   35
 Side 2  free  transition at x/c =  0.8831   57

   2   rms: 0.1060E-01   max: 0.4593E-01   T at   35  1
       a = 14.500      CL =  1.0370
      Cm =  0.0638     CD =  0.03612   =>   CDf =  0.00636    CDp =  0.02975

 Side 1  free  transition at x/c =  0.0409   35
 Side 2  free  transition at x/c =  0.8839   57

   3   rms: 0.8847E-03   max: 0.3714E-02   D at   35  1
       a = 14.500      CL =  1.0363
      Cm =  0.0639     CD =  0.03611   =>   CDf =  0.00636    CDp =  0.02975

 Side 1  free  transition at x/c =  0.0409   35
 Side 2  free  transition at x/c =  0.8839   57

   4   rms: 0.3536E-04   max: 0.1696E-03   D at   76  2
       a = 14.500      CL =  1.0363
      Cm =  0.0639     CD =  0.03611   =>   CDf =  0.00636    CDp =  0.02975
 plradd ia,ip,cpol           48           0  2.33814656E-03

 Point added to stored polar  1
 Point written to save file  s1014_Re400k.base.pol                           
 Dump file unspecified or not available
 Calculating wake trajectory ...
 Calculating source influence matrix ...

 Solving BL system ...

 Side 1  free  transition at x/c =  0.0409   35
 Side 2  free  transition at x/c =  0.8839   57

   1   rms: 0.3494E-01   max: 0.1491E+00   T at   35  1   RLX: 0.651
       a = 14.750      CL =  1.0412
      Cm =  0.0644     CD =  0.03724   =>   CDf =  0.00636    CDp =  0.03088

 Side 1  free  transition at x/c =  0.0400   34
 Side 2  free  transition at x/c =  0.8855   57

   2   rms: 0.1019E-01   max: 0.6980E-01   T at   34  1
       a = 14.750      CL =  1.0438
      Cm =  0.0648     CD =  0.03768   =>   CDf =  0.00635    CDp =  0.03133

 Side 1  free  transition at x/c =  0.0397   34
 Side 2  free  transition at x/c =  0.8864   57

   3   rms: 0.3210E-03   max: 0.2255E-02   D at   77  2
       a = 14.750      CL =  1.0435
      Cm =  0.0648     CD =  0.03766   =>   CDf =  0.00629    CDp =  0.03137

 Side 1  free  transition at x/c =  0.0397   34
 Side 2  free  transition at x/c =  0.8865   57

   4   rms: 0.7095E-05   max: 0.2561E-04   T at   34  1
       a = 14.750      CL =  1.0436
      Cm =  0.0648     CD =  0.03765   =>   CDf =  0.00629    CDp =  0.03137
 plradd ia,ip,cpol           49           0  1.40375923E-03

 Point added to stored polar  1
 Point written to save file  s1014_Re400k.base.pol                           
 Dump file unspecified or not available
 Calculating wake trajectory ...
 Calculating source influence matrix ...

 Solving BL system ...

 Side 1  free  transition at x/c =  0.0397   34
 Side 2  free  transition at x/c =  0.8865   57

   1   rms: 0.3073E-01   max: 0.1424E+00   T at   34  1   RLX: 0.635
       a = 15.000      CL =  1.0506
      Cm =  0.0651     CD =  0.03852   =>   CDf =  0.00629    CDp =  0.03223

 Side 1  free  transition at x/c =  0.0390   34
 Side 2  free  transition at x/c =  0.8882   57

   2   rms: 0.1107E-01   max: 0.4709E-01   T at   34  1
       a = 15.000      CL =  1.0537
      Cm =  0.0654     CD =  0.03900   =>   CDf =  0.00620    CDp =  0.03281

 Side 1  free  transition at x/c =  0.0386   34
 Side 2  free  transition at x/c =  0.8893   57

   3   rms: 0.6178E-03   max: 0.3378E-02   D at   77  2
       a = 15.000      CL =  1.0532
      Cm =  0.0654     CD =  0.03897   =>   CDf =  0.00615    CDp =  0.03282

 Side 1  free  transition at x/c =  0.0386   34
 Side 2  free  transition at x/c =  0.8893   57

   4   rms: 0.9295E-05   max: 0.8446E-04   D at   77  2
       a = 15.000      CL =  1.0532
      Cm =  0.0654     CD =  0.03896   =>   CDf =  0.00615    CDp =  0.03281
 plradd ia,ip,cpol           50           0  1.40375923E-03

 Point added to stored polar  1
 Point written to save file  s1014_Re400k.base.pol                           
 Dump file unspecified or not available
 Calculating wake trajectory ...
 Calculating source influence matrix ...

 Solving BL system ...

 Side 1  free  transition at x/c =  0.0386   34
 Side 2  free  transition at x/c =  0.8893   57

   1   rms: 0.3090E-01   max: 0.1331E+00   T at   34  1   RLX: 0.619
       a = 15.250      CL =  1.0595
      Cm =  0.0657     CD =  0.03990   =>   CDf =  0.00615    CDp =  0.03374

 Side 1  free  transition at x/c =  0.0377   34
 Side 2  free  transition at x/c =  0.8911   57

   2   rms: 0.1144E-01   max: -.4909E-01   D at   34  1
       a = 15.250      CL =  1.0619
      Cm =  0.0659     CD =  0.04043   =>   CDf =  0.00609    CDp =  0.03434

 Side 1  free  transition at x/c =  0.0373   34
 Side 2  free  transition at x/c =  0.8924   57

   3   rms: 0.6025E-03   max: -.5334E-02   D at   34  1
       a = 15.250      CL =  1.0618
      Cm =  0.0659     CD =  0.04035   =>   CDf =  0.00605    CDp =  0.03430

 Side 1  free  transition at x/c =  0.0373   34
 Side 2  free  transition at x/c =  0.8924   57

   4   rms: 0.6095E-04   max: -.2500E-03   D at   76  1
       a = 15.250      CL =  1.0619
      Cm =  0.0659     CD =  0.04035   =>   CDf =  0.00605    CDp =  0.03430
 plradd ia,ip,cpol           51           0  1.40375923E-03

 Point added to stored polar  1
 Point written to save file  s1014_Re400k.base.pol                           
 Dump file unspecified or not available
 Calculating wake trajectory ...
 Calculating source influence matrix ...

 Solving BL system ...

 Side 1  free  transition at x/c =  0.0373   34
 Side 2  free  transition at x/c =  0.8924   57

   1   rms: 0.3076E-01   max: 0.1109E+00   T at   34  1   RLX: 0.602
       a = 15.500      CL =  1.0676
      Cm =  0.0662     CD =  0.04135   =>   CDf =  0.00606    CDp =  0.03529

 Side 1  free  transition at x/c =  0.0367   34
 Side 2  free  transition at x/c =  0.8933   57

   2   rms: 0.1536E-01   max: -.1528E+00   D at   57  2
       a = 15.500      CL =  1.0707
      Cm =  0.0663     CD =  0.04197   =>   CDf =  0.00604    CDp =  0.03593

 Side 1  free  transition at x/c =  0.0363   34
 Side 2  free  transition at x/c =  0.8951   58

   3   rms: 0.8285E-02   max: -.1362E+00   D at   57  2
       a = 15.500      CL =  1.0695
      Cm =  0.0664     CD =  0.04188   =>   CDf =  0.00600    CDp =  0.03588

 Side 1  free  transition at x/c =  0.0363   34
 Side 2  free  transition at x/c =  0.8961   58

   4   rms: 0.1318E-02   max: 0.1903E-01   C at   58  2
       a = 15.500      CL =  1.0693
      Cm =  0.0665     CD =  0.04187   =>   CDf =  0.00596    CDp =  0.03590

 Side 1  free  transition at x/c =  0.0363   34
 Side 2  free  transition at x/c =  0.8957   58

   5   rms: 0.2043E-04   max: -.4456E-03   D at   59  2
       a = 15.500      CL =  1.0693
      Cm =  0.0665     CD =  0.04187   =>   CDf =  0.00597    CDp =  0.03590
 plradd ia,ip,cpol           52           0  7.15972681E-04

 Point added to stored polar  1
 Point written to save file  s1014_Re400k.base.pol                           
 Dump file unspecified or not available
 Calculating wake trajectory ...
 Calculating source influence matrix ...

 Solving BL system ...

 Side 1  free  transition at x/c =  0.0363   34
 Side 2  free  transition at x/c =  0.8957   58

   1   rms: 0.3159E-01   max: 0.1369E+00   T at   34  1   RLX: 0.585
       a = 15.750      CL =  1.0738
      Cm =  0.0667     CD =  0.04289   =>   CDf =  0.00597    CDp =  0.03692

 Side 1  free  transition at x/c =  0.0357   34
 Side 2  free  transition at x/c =  0.8980   58

   2   rms: 0.1282E-01   max: 0.5113E-01   T at   34  1
       a = 15.750      CL =  1.0757
      Cm =  0.0670     CD =  0.04360   =>   CDf =  0.00592    CDp =  0.03768

 Side 1  free  transition at x/c =  0.0353   34
 Side 2  free  transition at x/c =  0.8998   58

   3   rms: 0.6536E-03   max: 0.4124E-02   D at   78  2
       a = 15.750      CL =  1.0751
      Cm =  0.0670     CD =  0.04354   =>   CDf =  0.00590    CDp =  0.03764

 Side 1  free  transition at x/c =  0.0353   34
 Side 2  free  transition at x/c =  0.8998   58

   4   rms: 0.1865E-04   max: -.6297E-04   D at   71  1
       a = 15.750      CL =  1.0751
      Cm =  0.0670     CD =  0.04354   =>   CDf =  0.00590    CDp =  0.03764
 plradd ia,ip,cpol           53           0  1.40375923E-03

 Point added to stored polar  1
 Point written to save file  s1014_Re400k.base.pol                           
 Dump file unspecified or not available
 Calculating wake trajectory ...
 Calculating source influence matrix ...

 Solving BL system ...

 Side 1  free  transition at x/c =  0.0353   34
 Side 2  free  transition at x/c =  0.8998   58

   1   rms: 0.3289E-01   max: 0.1413E+00   T at   34  1   RLX: 0.568
       a = 16.000      CL =  1.0789
      Cm =  0.0672     CD =  0.04464   =>   CDf =  0.00549    CDp =  0.03916

 Side 1  free  transition at x/c =  0.0348   35
 Side 2  free  transition at x/c =  0.9025   57

   2   rms: 0.1651E-01   max: 0.1012E+00   D at    2  1
       a = 16.000      CL =  1.0798
      Cm =  0.0674     CD =  0.04560   =>   CDf =  0.00587    CDp =  0.03973

 Side 1  free  transition at x/c =  0.0343   35
 Side 2  free  transition at x/c =  0.9045   57

   3   rms: 0.2006E-02   max: 0.9811E-02   T at   35  1
       a = 16.000      CL =  1.0787
      Cm =  0.0675     CD =  0.04558   =>   CDf =  0.00586    CDp =  0.03972

 Side 1  free  transition at x/c =  0.0342   35
 Side 2  free  transition at x/c =  0.9044   57

   4   rms: 0.1700E-03   max: 0.7492E-03   D at   75  1
       a = 16.000      CL =  1.0786
      Cm =  0.0675     CD =  0.04558   =>   CDf =  0.00586    CDp =  0.03972

 Side 1  free  transition at x/c =  0.0342   35
 Side 2  free  transition at x/c =  0.9044   57

   5   rms: 0.7081E-05   max: 0.5454E-04   D at   77  2
       a = 16.000      CL =  1.0786
      Cm =  0.0675     CD =  0.04558   =>   CDf =  0.00586    CDp =  0.03972
 plradd ia,ip,cpol           54           0  1.40375923E-03

 Point added to stored polar  1
 Point written to save file  s1014_Re400k.base.pol                           
 Dump file unspecified or not available

.OPERva   c>  
 Polar accumulation disabled

.OPERv   c>  
 XFOIL   c>  
 XFOIL   c>  