
 ===================================================
  XFOIL Version 6.99
  Copyright (C) 2000   Mark Drela, Harold Youngren

  This software comes with ABSOLUTELY NO WARRANTY,
    subject to the GNU General Public License.

  Caveat computor
 ===================================================

 File  xfoil.def  not found

   QUIT    Exit program

  .OPER    Direct operating point(s)
  .MDES    Complex mapping design routine
  .QDES    Surface speed design routine
  .GDES    Geometry design routine

   SAVE f  Write airfoil to labeled coordinate file
   PSAV f  Write airfoil to plain coordinate file
   ISAV f  Write airfoil to ISES coordinate file
   MSAV f  Write airfoil to MSES coordinate file
   REVE    Reverse written-airfoil node ordering

   LOAD f  Read buffer airfoil from coordinate file
   NACA i  Set NACA 4,5-digit airfoil and buffer airfoil
   INTE    Set buffer airfoil by interpolating two airfoils
   NORM    Buffer airfoil normalization toggle
   XYCM rr Change CM reference location, currently  0.25000 0.00000

   BEND    Display structural properties of current airfoil

   PCOP    Set current-airfoil panel nodes directly from buffer airfoil points
   PANE    Set current-airfoil panel nodes ( 160 ) based on curvature
  .PPAR    Show/change paneling

  .PLOP    Plotting options

   WDEF f  Write  current-settings file
   RDEF f  Reread current-settings file
   NAME s  Specify new airfoil name
   NINC    Increment name version number

   Z       Zoom    | (available in all menus)
   U       Unzoom  | 

 XFOIL   c>  
 Labeled airfoil file.  Name:  S8038 (13%)                                     

 Number of input coordinate points:  81
 Counterclockwise ordering
 Max thickness =     0.130064  at x =   0.329
 Max camber    =     0.009247  at x =   0.295

  LE  x,y  =   0.00007  -0.00049  |   Chord =   0.99993
  TE  x,y  =   1.00000   0.00000  |

 Current airfoil nodes set from buffer airfoil nodes (  81 )

 XFOIL   c>  
 XFOIL   c>  
 Sharp trailing edge

 Paneling parameters used...
   Number of panel nodes       160
   Panel bunching parameter    1.000
   TE/LE panel density ratio   0.150
   Refined-area/LE panel density ratio    0.200
   Top    side refined area x/c limits  1.000 1.000
   Bottom side refined area x/c limits  1.000 1.000

 XFOIL   c>  
.OPERi   c>  
 Xtr/c     =  1.0000    top    side
 Xtr/c     =  1.0000    bottom side
 Ncrit     =    9.00   ( 0.070 % turb. level )
 Vacc      =  0.0100

 Klag  =  5.6000     Uxwt  =    1.00
 A     =  6.7000     B     =  0.7500       KCt = 0.01485
 CtiniK=  1.8000     CtiniX=  3.3000

..VPAR   c>  
..VPAR   c>  
.OPERi   c>  
 M  =    0.0000
 Re =    600000

.OPERv   c>  
.OPERv   c>  
.OPERv   c>  
 Polar  1 newly created for accumulation
 Airfoil archived with polar: S8038 (13%)                                     

Enter  polar save filename  OR  <return> for no file   s>  
 New polar save file available

Enter  polar dump filename  OR  <return> for no file   s>  
 Polar dump file will NOT be written

 Polar accumulation enabled

.OPERva   c>   Calculating unit vorticity distributions ...
 Calculating wake trajectory ...
 Calculating source influence matrix ...

 Solving BL system ...

 Initializing BL ...
    side            1  ...
 MRCHUE: Inverse mode at  53     Hk =   4.295
 MRCHUE: Inverse mode at  54     Hk =   4.939
 MRCHUE: Inverse mode at  55     Hk =   5.573
 MRCHUE: Inverse mode at  56     Hk =   6.199
 MRCHUE: Inverse mode at  57     Hk =   6.818
 MRCHUE: Inverse mode at  58     Hk =   7.433
 MRCHUE: Inverse mode at  59     Hk =   8.044
 MRCHUE: Inverse mode at  60     Hk =   7.104
 MRCHUE: Inverse mode at  61     Hk =   4.664
 MRCHUE: Inverse mode at  62     Hk =   3.115
    side            2  ...
 MRCHUE: Inverse mode at  15     Hk =   3.966
 MRCHUE: Inverse mode at  16     Hk =   5.037
 MRCHUE: Inverse mode at  17     Hk =   6.063
 MRCHUE: Inverse mode at  18     Hk =   7.099
 MRCHUE: Inverse mode at  19     Hk =   8.186
 MRCHUE: Inverse mode at  20     Hk =   9.363
 MRCHUE: Inverse mode at  21     Hk =   8.471
 MRCHUE: Inverse mode at  22     Hk =   2.739
 MRCHUE: Inverse mode at  86     Hk =   2.500
 MRCHUE: Inverse mode at  87     Hk =   2.500

 Side 1  free  transition at x/c =  0.7808   60
 Side 2  free  transition at x/c =  0.0279   21

   1   rms: 0.2533E+00   max: -.2980E+01   T at   21  2   RLX: 0.168
       a = -4.000      CL = -0.3238
      Cm = -0.0214     CD =  0.00917   =>   CDf =  0.00716    CDp =  0.00201

 Side 1  free  transition at x/c =  0.7877   61
 Side 2  free  transition at x/c =  0.0342   22

   2   rms: 0.4747E+00   max: -.7730E+01   C at   22  2   RLX: 0.065
       a = -4.000      CL = -0.3230
      Cm = -0.0217     CD =  0.00887   =>   CDf =  0.00723    CDp =  0.00164

 Side 1  free  transition at x/c =  0.7898   61
 Side 2  free  transition at x/c =  0.0372   23

   3   rms: 0.5199E+00   max: -.6691E+01   C at   23  2   RLX: 0.075
       a = -4.000      CL = -0.3209
      Cm = -0.0219     CD =  0.00888   =>   CDf =  0.00726    CDp =  0.00162

 Side 1  free  transition at x/c =  0.7925   61
 Side 2  free  transition at x/c =  0.1283   30

   4   rms: 0.6424E+00   max: -.1462E+02   C at   30  2   RLX: 0.034
       a = -4.000      CL = -0.3209
      Cm = -0.0222     CD =  0.00841   =>   CDf =  0.00673    CDp =  0.00168

 Side 1  free  transition at x/c =  0.7939   61
 Side 2  free  transition at x/c =  0.1469   32

   5   rms: 0.9399E+00   max: -.1908E+02   C at   32  2   RLX: 0.026
       a = -4.000      CL = -0.3214
      Cm = -0.0222     CD =  0.00827   =>   CDf =  0.00663    CDp =  0.00165

 Side 1  free  transition at x/c =  0.7950   61
 Side 2  free  transition at x/c =  0.1592   32

   6   rms: 0.1587E+01   max: -.3705E+02   C at   32  2   RLX: 0.013
       a = -4.000      CL = -0.3212
      Cm = -0.0222     CD =  0.00825   =>   CDf =  0.00655    CDp =  0.00170

 Side 1  free  transition at x/c =  0.7955   61
 Side 2  free  transition at x/c =  0.1653   33

   7   rms: 0.1074E+01   max: -.2440E+02   C at   33  2   RLX: 0.020
       a = -4.000      CL = -0.3210
      Cm = -0.0223     CD =  0.00820   =>   CDf =  0.00652    CDp =  0.00169

 Side 1  free  transition at x/c =  0.7964   61
 Side 2  free  transition at x/c =  0.1750   34

   8   rms: 0.8859E+00   max: -.1747E+02   C at   34  2   RLX: 0.029
       a = -4.000      CL = -0.3211
      Cm = -0.0223     CD =  0.00814   =>   CDf =  0.00647    CDp =  0.00166

 Side 1  free  transition at x/c =  0.7975   61
 Side 2  free  transition at x/c =  0.1874   34

   9   rms: 0.9528E+00   max: -.2193E+02   C at   34  2   RLX: 0.023
       a = -4.000      CL = -0.3204
      Cm = -0.0225     CD =  0.00813   =>   CDf =  0.00641    CDp =  0.00172

 Side 1  free  transition at x/c =  0.7985   61
 Side 2  free  transition at x/c =  0.1985   35

  10   rms: 0.7508E+00   max: -.1698E+02   C at   35  2   RLX: 0.029
       a = -4.000      CL = -0.3199
      Cm = -0.0227     CD =  0.00808   =>   CDf =  0.00635    CDp =  0.00173

 Side 1  free  transition at x/c =  0.7996   61
 Side 2  free  transition at x/c =  0.2079   36

  11   rms: 0.6003E+00   max: -.1214E+02   C at   36  2   RLX: 0.041
       a = -4.000      CL = -0.3189
      Cm = -0.0230     CD =  0.00803   =>   CDf =  0.00631    CDp =  0.00172

 Side 1  free  transition at x/c =  0.8012   61
 Side 2  free  transition at x/c =  0.2188   36

  12   rms: 0.5080E+00   max: -.1131E+02   C at   36  2   RLX: 0.044
       a = -4.000      CL = -0.3168
      Cm = -0.0235     CD =  0.00805   =>   CDf =  0.00626    CDp =  0.00179

 Side 1  free  transition at x/c =  0.8026   61
 Side 2  free  transition at x/c =  0.2325   37

  13   rms: 0.4953E+00   max: -.1093E+02   C at   37  2   RLX: 0.046
       a = -4.000      CL = -0.3152
      Cm = -0.0240     CD =  0.00801   =>   CDf =  0.00619    CDp =  0.00182

 Side 1  free  transition at x/c =  0.8052   62
 Side 2  free  transition at x/c =  0.2456   38

  14   rms: 0.3555E+00   max: -.7357E+01   C at   38  2   RLX: 0.068
       a = -4.000      CL = -0.3153
      Cm = -0.0242     CD =  0.00771   =>   CDf =  0.00607    CDp =  0.00164

 Side 1  free  transition at x/c =  0.8081   62
 Side 2  free  transition at x/c =  0.2602   39

  15   rms: 0.2889E+00   max: -.5820E+01   C at   39  2   RLX: 0.086
       a = -4.000      CL = -0.3147
      Cm = -0.0245     CD =  0.00764   =>   CDf =  0.00597    CDp =  0.00167

 Side 1  free  transition at x/c =  0.8118   62
 Side 2  free  transition at x/c =  0.2770   40

  16   rms: 0.2169E+00   max: -.4208E+01   C at   40  2   RLX: 0.119
       a = -4.000      CL = -0.3124
      Cm = -0.0251     CD =  0.00759   =>   CDf =  0.00587    CDp =  0.00172

 Side 1  free  transition at x/c =  0.8171   62
 Side 2  free  transition at x/c =  0.2977   42

  17   rms: 0.2176E+00   max: -.3787E+01   C at   42  2   RLX: 0.132
       a = -4.000      CL = -0.3092
      Cm = -0.0261     CD =  0.00751   =>   CDf =  0.00577    CDp =  0.00175

 Side 1  free  transition at x/c =  0.8234   63
 Side 2  free  transition at x/c =  0.3098   42

  18   rms: 0.1356E+00   max: -.1886E+01   C at   42  2   RLX: 0.265
       a = -4.000      CL = -0.3091
      Cm = -0.0263     CD =  0.00741   =>   CDf =  0.00565    CDp =  0.00177

 Side 1  free  transition at x/c =  0.8329   63
 Side 2  free  transition at x/c =  0.3280   43

  19   rms: 0.9879E-01   max: -.1403E+01   C at   43  2   RLX: 0.356
       a = -4.000      CL = -0.2974
      Cm = -0.0290     CD =  0.00760   =>   CDf =  0.00556    CDp =  0.00205

 Side 1  free  transition at x/c =  0.8534   65
 Side 2  free  transition at x/c =  0.3661   46

  20   rms: 0.6812E-01   max: -.9505E+00   C at   65  1   RLX: 0.526
       a = -4.000      CL = -0.3007
      Cm = -0.0289     CD =  0.00729   =>   CDf =  0.00523    CDp =  0.00205

 Side 1  free  transition at x/c =  0.8683   66
 Side 2  free  transition at x/c =  0.3647   46

  21   rms: 0.4735E-01   max: -.6753E+00   C at   66  1   RLX: 0.740
       a = -4.000      CL = -0.2965
      Cm = -0.0300     CD =  0.00735   =>   CDf =  0.00523    CDp =  0.00212

 Side 1  free  transition at x/c =  0.8829   68
 Side 2  free  transition at x/c =  0.3704   45

  22   rms: 0.4730E-01   max: -.5416E+00   T at    2  1   RLX: 0.923
       a = -4.000      CL = -0.2935
      Cm = -0.0309     CD =  0.00732   =>   CDf =  0.00510    CDp =  0.00223

 Side 1  free  transition at x/c =  0.8985   69
 Side 2  free  transition at x/c =  0.3735   45

  23   rms: 0.1613E-01   max: -.2404E+00   C at   69  1
       a = -4.000      CL = -0.2939
      Cm = -0.0309     CD =  0.00743   =>   CDf =  0.00499    CDp =  0.00243

 Side 1  free  transition at x/c =  0.9027   69
 Side 2  free  transition at x/c =  0.3733   45

  24   rms: 0.5470E-02   max: 0.6723E-01   C at   69  1
       a = -4.000      CL = -0.2960
      Cm = -0.0304     CD =  0.00747   =>   CDf =  0.00493    CDp =  0.00254

 Side 1  free  transition at x/c =  0.9003   69
 Side 2  free  transition at x/c =  0.3715   45

  25   rms: 0.2074E-03   max: 0.2036E-02   C at   45  2
       a = -4.000      CL = -0.2962
      Cm = -0.0304     CD =  0.00747   =>   CDf =  0.00494    CDp =  0.00253

 Side 1  free  transition at x/c =  0.9003   69
 Side 2  free  transition at x/c =  0.3714   45

  26   rms: 0.9502E-05   max: -.1068E-03   T at    2  1
       a = -4.000      CL = -0.2962
      Cm = -0.0304     CD =  0.00747   =>   CDf =  0.00494    CDp =  0.00253
 plradd ia,ip,cpol            1           0  3.17321112E-03

 Point added to stored polar  1
 Point written to save file  s8038_Re600k.base.pol                           
 Dump file unspecified or not available
 Calculating wake trajectory ...
 Calculating source influence matrix ...

 Solving BL system ...

 Side 1  free  transition at x/c =  0.9003   69
 Side 2  free  transition at x/c =  0.3714   45

   1   rms: 0.1000E+01   max: -.1719E+02   T at    2  1   RLX: 0.029
       a = -3.500      CL = -0.2942
      Cm = -0.0305     CD =  0.00745   =>   CDf =  0.00495    CDp =  0.00250

 Side 1  free  transition at x/c =  0.8994   69
 Side 2  free  transition at x/c =  0.3748   46

   2   rms: 0.2171E+00   max: -.3446E+01   C at   46  2   RLX: 0.145
       a = -3.500      CL = -0.2855
      Cm = -0.0307     CD =  0.00730   =>   CDf =  0.00494    CDp =  0.00236

 Side 1  free  transition at x/c =  0.8954   68
 Side 2  free  transition at x/c =  0.3878   46

   3   rms: 0.1215E+00   max: -.2033E+01   C at   46  2   RLX: 0.246
       a = -3.500      CL = -0.2745
      Cm = -0.0306     CD =  0.00727   =>   CDf =  0.00491    CDp =  0.00236

 Side 1  free  transition at x/c =  0.8860   68
 Side 2  free  transition at x/c =  0.4091   48

   4   rms: 0.1228E+00   max: -.2082E+01   C at   48  2   RLX: 0.240
       a = -3.500      CL = -0.2668
      Cm = -0.0304     CD =  0.00713   =>   CDf =  0.00486    CDp =  0.00227

 Side 1  free  transition at x/c =  0.8812   67
 Side 2  free  transition at x/c =  0.4208   48

   5   rms: 0.6379E-01   max: -.1040E+01   C at   48  2   RLX: 0.481
       a = -3.500      CL = -0.2550
      Cm = -0.0302     CD =  0.00710   =>   CDf =  0.00485    CDp =  0.00225

 Side 1  free  transition at x/c =  0.8716   67
 Side 2  free  transition at x/c =  0.4496   50

   6   rms: 0.2777E-01   max: -.2711E+00   C at   50  2
       a = -3.500      CL = -0.2409
      Cm = -0.0303     CD =  0.00700   =>   CDf =  0.00479    CDp =  0.00222

 Side 1  free  transition at x/c =  0.8647   66
 Side 2  free  transition at x/c =  0.4934   53

   7   rms: 0.1668E-01   max: -.2564E+00   C at   53  2
       a = -3.500      CL = -0.2441
      Cm = -0.0297     CD =  0.00682   =>   CDf =  0.00467    CDp =  0.00214

 Side 1  free  transition at x/c =  0.8646   66
 Side 2  free  transition at x/c =  0.4786   52

   8   rms: 0.5100E-02   max: -.8561E-01   C at   52  2
       a = -3.500      CL = -0.2430
      Cm = -0.0299     CD =  0.00688   =>   CDf =  0.00469    CDp =  0.00219

 Side 1  free  transition at x/c =  0.8648   66
 Side 2  free  transition at x/c =  0.4811   52

   9   rms: 0.1174E-03   max: -.2378E-02   D at   54  2
       a = -3.500      CL = -0.2430
      Cm = -0.0299     CD =  0.00688   =>   CDf =  0.00468    CDp =  0.00221

 Side 1  free  transition at x/c =  0.8648   66
 Side 2  free  transition at x/c =  0.4811   52

  10   rms: 0.6507E-06   max: -.5658E-05   D at   54  2
       a = -3.500      CL = -0.2430
      Cm = -0.0299     CD =  0.00688   =>   CDf =  0.00468    CDp =  0.00221
 plradd ia,ip,cpol            2           0  3.17321112E-03

 Point added to stored polar  1
 Point written to save file  s8038_Re600k.base.pol                           
 Dump file unspecified or not available
 Calculating wake trajectory ...
 Calculating source influence matrix ...

 Solving BL system ...

 Side 1  free  transition at x/c =  0.8648   66
 Side 2  free  transition at x/c =  0.4811   52

   1   rms: 0.1353E+00   max: -.2093E+01   C at   52  2   RLX: 0.239
       a = -3.000      CL = -0.2317
      Cm = -0.0294     CD =  0.00681   =>   CDf =  0.00468    CDp =  0.00213

 Side 1  free  transition at x/c =  0.8543   66
 Side 2  free  transition at x/c =  0.5079   54

   2   rms: 0.1138E+00   max: -.1726E+01   C at   54  2   RLX: 0.290
       a = -3.000      CL = -0.2214
      Cm = -0.0288     CD =  0.00672   =>   CDf =  0.00461    CDp =  0.00211

 Side 1  free  transition at x/c =  0.8476   65
 Side 2  free  transition at x/c =  0.5264   55

   3   rms: 0.5466E-01   max: -.4449E+00   C at   55  2
       a = -3.000      CL = -0.1941
      Cm = -0.0282     CD =  0.00668   =>   CDf =  0.00465    CDp =  0.00202

 Side 1  free  transition at x/c =  0.8276   65
 Side 2  free  transition at x/c =  0.5572   56

   4   rms: 0.9287E-02   max: -.1156E+00   C at   65  1
       a = -3.000      CL = -0.1937
      Cm = -0.0282     CD =  0.00665   =>   CDf =  0.00462    CDp =  0.00203

 Side 1  free  transition at x/c =  0.8308   65
 Side 2  free  transition at x/c =  0.5609   56

   5   rms: 0.9586E-03   max: 0.1394E-01   C at   56  2
       a = -3.000      CL = -0.1939
      Cm = -0.0282     CD =  0.00665   =>   CDf =  0.00457    CDp =  0.00208

 Side 1  free  transition at x/c =  0.8305   65
 Side 2  free  transition at x/c =  0.5601   56

   6   rms: 0.1486E-04   max: -.2664E-03   C at   56  2
       a = -3.000      CL = -0.1939
      Cm = -0.0282     CD =  0.00665   =>   CDf =  0.00458    CDp =  0.00207
 plradd ia,ip,cpol            3           0  4.81466250E-03

 Point added to stored polar  1
 Point written to save file  s8038_Re600k.base.pol                           
 Dump file unspecified or not available
 Calculating wake trajectory ...
 Calculating source influence matrix ...

 Solving BL system ...

 Side 1  free  transition at x/c =  0.8305   65
 Side 2  free  transition at x/c =  0.5602   56

   1   rms: 0.8603E-01   max: -.3276E+00   C at   56  2
       a = -2.500      CL = -0.1417
      Cm = -0.0271     CD =  0.00666   =>   CDf =  0.00458    CDp =  0.00209

 MRCHDU: Convergence failed at  59  side 2    Res =  0.2756E+01
 Side 1  free  transition at x/c =  0.7974   63
 Side 2  free  transition at x/c =  0.6019   59

   2   rms: 0.1130E-01   max: -.1574E+00   C at   63  1
       a = -2.500      CL = -0.1428
      Cm = -0.0268     CD =  0.00662   =>   CDf =  0.00465    CDp =  0.00196

 Side 1  free  transition at x/c =  0.8014   63
 Side 2  free  transition at x/c =  0.6016   59

   3   rms: 0.9529E-03   max: 0.1409E-01   C at   63  1
       a = -2.500      CL = -0.1428
      Cm = -0.0268     CD =  0.00662   =>   CDf =  0.00462    CDp =  0.00199

 Side 1  free  transition at x/c =  0.8007   63
 Side 2  free  transition at x/c =  0.6014   59

   4   rms: 0.1475E-04   max: -.2623E-03   C at   63  1
       a = -2.500      CL = -0.1428
      Cm = -0.0268     CD =  0.00662   =>   CDf =  0.00463    CDp =  0.00199
 plradd ia,ip,cpol            4           0  4.81466250E-03

 Point added to stored polar  1
 Point written to save file  s8038_Re600k.base.pol                           
 Dump file unspecified or not available
 Calculating wake trajectory ...
 Calculating source influence matrix ...

 Solving BL system ...

 Side 1  free  transition at x/c =  0.8007   63
 Side 2  free  transition at x/c =  0.6014   59

   1   rms: 0.8588E-01   max: -.3785E+00   C at   59  2
       a = -2.000      CL = -0.0918
      Cm = -0.0255     CD =  0.00659   =>   CDf =  0.00467    CDp =  0.00192

 Side 1  free  transition at x/c =  0.7696   62
 Side 2  free  transition at x/c =  0.6210   59

   2   rms: 0.2287E-01   max: -.3660E+00   D at   63  1
       a = -2.000      CL = -0.0904
      Cm = -0.0258     CD =  0.00669   =>   CDf =  0.00485    CDp =  0.00184

 Side 1  free  transition at x/c =  0.7753   63
 Side 2  free  transition at x/c =  0.6320   60

   3   rms: 0.7540E-02   max: 0.1060E+00   C at   60  2
       a = -2.000      CL = -0.0909
      Cm = -0.0257     CD =  0.00663   =>   CDf =  0.00469    CDp =  0.00194

 Side 1  free  transition at x/c =  0.7736   63
 Side 2  free  transition at x/c =  0.6298   60

   4   rms: 0.5837E-03   max: -.8201E-02   D at   62  2
       a = -2.000      CL = -0.0909
      Cm = -0.0257     CD =  0.00663   =>   CDf =  0.00471    CDp =  0.00192

 Side 1  free  transition at x/c =  0.7735   63
 Side 2  free  transition at x/c =  0.6296   60

   5   rms: 0.2792E-05   max: -.4694E-04   D at   62  2
       a = -2.000      CL = -0.0909
      Cm = -0.0257     CD =  0.00663   =>   CDf =  0.00471    CDp =  0.00192
 plradd ia,ip,cpol            5           0  4.37439084E-02

 Point added to stored polar  1
 Point written to save file  s8038_Re600k.base.pol                           
 Dump file unspecified or not available
 Calculating wake trajectory ...
 Calculating source influence matrix ...

 Solving BL system ...

 Side 1  free  transition at x/c =  0.7735   63
 Side 2  free  transition at x/c =  0.6296   60

   1   rms: 0.8807E-01   max: -.3346E+00   C at   60  2
       a = -1.500      CL = -0.0388
      Cm = -0.0245     CD =  0.00669   =>   CDf =  0.00475    CDp =  0.00194

 Side 1  free  transition at x/c =  0.7497   62
 Side 2  free  transition at x/c =  0.6494   60

   2   rms: 0.1590E-01   max: 0.2247E+00   D at   63  1
       a = -1.500      CL = -0.0386
      Cm = -0.0246     CD =  0.00666   =>   CDf =  0.00483    CDp =  0.00183

 Side 1  free  transition at x/c =  0.7492   62
 Side 2  free  transition at x/c =  0.6542   60

   3   rms: 0.2118E-02   max: -.2839E-01   C at   60  2
       a = -1.500      CL = -0.0385
      Cm = -0.0246     CD =  0.00667   =>   CDf =  0.00480    CDp =  0.00186

 Side 1  free  transition at x/c =  0.7487   62
 Side 2  free  transition at x/c =  0.6546   60

   4   rms: 0.2547E-04   max: -.3618E-03   D at   62  2
       a = -1.500      CL = -0.0385
      Cm = -0.0246     CD =  0.00667   =>   CDf =  0.00480    CDp =  0.00187
 plradd ia,ip,cpol            6           0  6.40623048E-02

 Point added to stored polar  1
 Point written to save file  s8038_Re600k.base.pol                           
 Dump file unspecified or not available
 Calculating wake trajectory ...
 Calculating source influence matrix ...

 Solving BL system ...

 Side 1  free  transition at x/c =  0.7487   62
 Side 2  free  transition at x/c =  0.6546   60

   1   rms: 0.8322E-01   max: -.2921E+00   T at   60  2
       a = -1.000      CL =  0.0146
      Cm = -0.0238     CD =  0.00679   =>   CDf =  0.00482    CDp =  0.00196

 Side 1  free  transition at x/c =  0.7219   61
 Side 2  free  transition at x/c =  0.6758   61

   2   rms: 0.2060E-01   max: -.3771E+00   D at   62  1
       a = -1.000      CL =  0.0136
      Cm = -0.0235     CD =  0.00671   =>   CDf =  0.00491    CDp =  0.00179

 Side 1  free  transition at x/c =  0.7258   62
 Side 2  free  transition at x/c =  0.6759   61

   3   rms: 0.2795E-02   max: -.5294E-01   D at   61  1
       a = -1.000      CL =  0.0138
      Cm = -0.0236     CD =  0.00670   =>   CDf =  0.00487    CDp =  0.00183

 Side 1  free  transition at x/c =  0.7246   62
 Side 2  free  transition at x/c =  0.6757   61

   4   rms: 0.2744E-03   max: 0.4017E-02   C at   62  1
       a = -1.000      CL =  0.0138
      Cm = -0.0236     CD =  0.00670   =>   CDf =  0.00487    CDp =  0.00183

 Side 1  free  transition at x/c =  0.7245   62
 Side 2  free  transition at x/c =  0.6757   61

   5   rms: 0.8607E-06   max: -.1081E-04   D at   63  1
       a = -1.000      CL =  0.0138
      Cm = -0.0236     CD =  0.00670   =>   CDf =  0.00487    CDp =  0.00183
 plradd ia,ip,cpol            7           0  8.90258476E-02

 Point added to stored polar  1
 Point written to save file  s8038_Re600k.base.pol                           
 Dump file unspecified or not available
 Calculating wake trajectory ...
 Calculating source influence matrix ...

 Solving BL system ...

 Side 1  free  transition at x/c =  0.7245   62
 Side 2  free  transition at x/c =  0.6757   61

   1   rms: 0.8717E-01   max: 0.2973E+00   D at   62  2
       a = -0.500      CL =  0.0659
      Cm = -0.0224     CD =  0.00679   =>   CDf =  0.00487    CDp =  0.00192

 Side 1  free  transition at x/c =  0.7007   60
 Side 2  free  transition at x/c =  0.6878   62

   2   rms: 0.4053E-01   max: -.3435E+00   T at   62  2
       a = -0.500      CL =  0.0673
      Cm = -0.0228     CD =  0.00661   =>   CDf =  0.00507    CDp =  0.00154

 Side 1  free  transition at x/c =  0.7007   60
 Side 2  free  transition at x/c =  0.6961   62

   3   rms: 0.6447E-02   max: -.9963E-01   D at   62  2
       a = -0.500      CL =  0.0664
      Cm = -0.0226     CD =  0.00672   =>   CDf =  0.00491    CDp =  0.00181

 Side 1  free  transition at x/c =  0.6999   60
 Side 2  free  transition at x/c =  0.6940   62

   4   rms: 0.4420E-03   max: 0.5580E-02   D at   64  2
       a = -0.500      CL =  0.0665
      Cm = -0.0226     CD =  0.00673   =>   CDf =  0.00492    CDp =  0.00181

 Side 1  free  transition at x/c =  0.6999   60
 Side 2  free  transition at x/c =  0.6942   62

   5   rms: 0.2310E-05   max: -.3432E-04   D at   64  2
       a = -0.500      CL =  0.0665
      Cm = -0.0226     CD =  0.00673   =>   CDf =  0.00492    CDp =  0.00181
 plradd ia,ip,cpol            8           0  0.19737294    

 Point added to stored polar  1
 Point written to save file  s8038_Re600k.base.pol                           
 Dump file unspecified or not available
 Calculating wake trajectory ...
 Calculating source influence matrix ...

 Solving BL system ...

 Side 1  free  transition at x/c =  0.6999   60
 Side 2  free  transition at x/c =  0.6942   62

   1   rms: 0.8288E-01   max: 0.2586E+00   D at   63  2
       a =  0.000      CL =  0.1188
      Cm = -0.0215     CD =  0.00676   =>   CDf =  0.00492    CDp =  0.00185

 Side 1  free  transition at x/c =  0.6755   59
 Side 2  free  transition at x/c =  0.7102   62

   2   rms: 0.2271E-01   max: -.3642E+00   D at   60  1
       a =  0.000      CL =  0.1189
      Cm = -0.0216     CD =  0.00678   =>   CDf =  0.00503    CDp =  0.00175

 Side 1  free  transition at x/c =  0.6783   60
 Side 2  free  transition at x/c =  0.7135   62

   3   rms: 0.2646E-02   max: -.4764E-01   D at   59  1
       a =  0.000      CL =  0.1190
      Cm = -0.0216     CD =  0.00679   =>   CDf =  0.00498    CDp =  0.00181

 Side 1  free  transition at x/c =  0.6770   60
 Side 2  free  transition at x/c =  0.7137   62

   4   rms: 0.2162E-03   max: 0.3010E-02   C at   60  1
       a =  0.000      CL =  0.1190
      Cm = -0.0216     CD =  0.00679   =>   CDf =  0.00498    CDp =  0.00181

 Side 1  free  transition at x/c =  0.6769   60
 Side 2  free  transition at x/c =  0.7137   62

   5   rms: 0.8195E-06   max: -.6072E-05   D at   61  1
       a =  0.000      CL =  0.1190
      Cm = -0.0216     CD =  0.00679   =>   CDf =  0.00498    CDp =  0.00181
 plradd ia,ip,cpol            9           0  0.11057398    

 Point added to stored polar  1
 Point written to save file  s8038_Re600k.base.pol                           
 Dump file unspecified or not available
 Calculating wake trajectory ...
 Calculating source influence matrix ...

 Solving BL system ...

 Side 1  free  transition at x/c =  0.6769   60
 Side 2  free  transition at x/c =  0.7137   62

   1   rms: 0.8457E-01   max: -.2588E+00   T at   62  2
       a =  0.500      CL =  0.1713
      Cm = -0.0206     CD =  0.00697   =>   CDf =  0.00497    CDp =  0.00201

 Side 1  free  transition at x/c =  0.6510   59
 Side 2  free  transition at x/c =  0.7287   62

   2   rms: 0.1934E-01   max: 0.3246E+00   D at   60  1
       a =  0.500      CL =  0.1715
      Cm = -0.0206     CD =  0.00684   =>   CDf =  0.00505    CDp =  0.00179

 Side 1  free  transition at x/c =  0.6531   59
 Side 2  free  transition at x/c =  0.7311   62

   3   rms: 0.2766E-02   max: 0.4572E-01   C at   59  1
       a =  0.500      CL =  0.1717
      Cm = -0.0207     CD =  0.00683   =>   CDf =  0.00500    CDp =  0.00183

 Side 1  free  transition at x/c =  0.6519   59
 Side 2  free  transition at x/c =  0.7313   62

   4   rms: 0.3764E-04   max: -.7292E-03   D at   60  1
       a =  0.500      CL =  0.1717
      Cm = -0.0207     CD =  0.00683   =>   CDf =  0.00501    CDp =  0.00182
 plradd ia,ip,cpol           10           0  8.43063295E-02

 Point added to stored polar  1
 Point written to save file  s8038_Re600k.base.pol                           
 Dump file unspecified or not available
 Calculating wake trajectory ...
 Calculating source influence matrix ...

 Solving BL system ...

 Side 1  free  transition at x/c =  0.6519   59
 Side 2  free  transition at x/c =  0.7313   62

   1   rms: 0.8322E-01   max: -.2373E+00   T at   62  2
       a =  1.000      CL =  0.2239
      Cm = -0.0197     CD =  0.00694   =>   CDf =  0.00501    CDp =  0.00193

 Side 1  free  transition at x/c =  0.6208   57
 Side 2  free  transition at x/c =  0.7492   63

   2   rms: 0.1970E-01   max: 0.2844E+00   D at   58  1
       a =  1.000      CL =  0.2236
      Cm = -0.0196     CD =  0.00691   =>   CDf =  0.00516    CDp =  0.00175

 Side 1  free  transition at x/c =  0.6251   57
 Side 2  free  transition at x/c =  0.7508   63

   3   rms: 0.2981E-02   max: 0.3931E-01   C at   57  1
       a =  1.000      CL =  0.2236
      Cm = -0.0196     CD =  0.00690   =>   CDf =  0.00505    CDp =  0.00185

 Side 1  free  transition at x/c =  0.6238   57
 Side 2  free  transition at x/c =  0.7498   63

   4   rms: 0.5406E-04   max: -.6371E-03   C at   57  1
       a =  1.000      CL =  0.2236
      Cm = -0.0196     CD =  0.00690   =>   CDf =  0.00506    CDp =  0.00184
 plradd ia,ip,cpol           11           0  7.22102225E-02

 Point added to stored polar  1
 Point written to save file  s8038_Re600k.base.pol                           
 Dump file unspecified or not available
 Calculating wake trajectory ...
 Calculating source influence matrix ...

 Solving BL system ...

 Side 1  free  transition at x/c =  0.6238   57
 Side 2  free  transition at x/c =  0.7498   63

   1   rms: 0.8130E-01   max: -.2502E+00   T at   63  2
       a =  1.500      CL =  0.2765
      Cm = -0.0188     CD =  0.00700   =>   CDf =  0.00502    CDp =  0.00198

 Side 1  free  transition at x/c =  0.5927   56
 Side 2  free  transition at x/c =  0.7682   64

   2   rms: 0.1373E-01   max: 0.1909E+00   D at   57  1
       a =  1.500      CL =  0.2754
      Cm = -0.0185     CD =  0.00698   =>   CDf =  0.00517    CDp =  0.00180

 Side 1  free  transition at x/c =  0.5975   56
 Side 2  free  transition at x/c =  0.7686   64

   3   rms: 0.1942E-02   max: 0.2339E-01   C at   64  2
       a =  1.500      CL =  0.2754
      Cm = -0.0185     CD =  0.00698   =>   CDf =  0.00509    CDp =  0.00189

 Side 1  free  transition at x/c =  0.5967   56
 Side 2  free  transition at x/c =  0.7681   64

   4   rms: 0.4179E-04   max: -.6218E-03   D at   65  2
       a =  1.500      CL =  0.2754
      Cm = -0.0185     CD =  0.00698   =>   CDf =  0.00510    CDp =  0.00188
 plradd ia,ip,cpol           12           0  5.08973971E-02

 Point added to stored polar  1
 Point written to save file  s8038_Re600k.base.pol                           
 Dump file unspecified or not available
 Calculating wake trajectory ...
 Calculating source influence matrix ...

 Solving BL system ...

 Side 1  free  transition at x/c =  0.5967   56
 Side 2  free  transition at x/c =  0.7681   64

   1   rms: 0.8263E-01   max: 0.3075E+00   D at   65  2
       a =  2.000      CL =  0.3288
      Cm = -0.0177     CD =  0.00689   =>   CDf =  0.00505    CDp =  0.00184

 Side 1  free  transition at x/c =  0.5629   55
 Side 2  free  transition at x/c =  0.7820   63

   2   rms: 0.2868E-01   max: -.3656E+00   D at   56  1
       a =  2.000      CL =  0.3266
      Cm = -0.0173     CD =  0.00713   =>   CDf =  0.00525    CDp =  0.00188

 Side 1  free  transition at x/c =  0.5697   56
 Side 2  free  transition at x/c =  0.7911   64

   3   rms: 0.9470E-02   max: 0.1405E+00   C at   64  2
       a =  2.000      CL =  0.3271
      Cm = -0.0174     CD =  0.00705   =>   CDf =  0.00506    CDp =  0.00199

 Side 1  free  transition at x/c =  0.5684   56
 Side 2  free  transition at x/c =  0.7878   64

   4   rms: 0.9797E-03   max: -.1541E-01   D at   66  2
       a =  2.000      CL =  0.3270
      Cm = -0.0174     CD =  0.00705   =>   CDf =  0.00509    CDp =  0.00196

 Side 1  free  transition at x/c =  0.5683   56
 Side 2  free  transition at x/c =  0.7874   64

   5   rms: 0.9669E-05   max: -.1839E-03   D at   66  2
       a =  2.000      CL =  0.3270
      Cm = -0.0174     CD =  0.00705   =>   CDf =  0.00509    CDp =  0.00196
 plradd ia,ip,cpol           13           0  4.20799777E-02

 Point added to stored polar  1
 Point written to save file  s8038_Re600k.base.pol                           
 Dump file unspecified or not available
 Calculating wake trajectory ...
 Calculating source influence matrix ...

 Solving BL system ...

 Side 1  free  transition at x/c =  0.5683   56
 Side 2  free  transition at x/c =  0.7874   64

   1   rms: 0.8936E-01   max: 0.5740E+00   C at   56  1
       a =  2.500      CL =  0.3768
      Cm = -0.0159     CD =  0.00720   =>   CDf =  0.00509    CDp =  0.00211

 Side 1  free  transition at x/c =  0.5358   54
 Side 2  free  transition at x/c =  0.8032   65

   2   rms: 0.2386E-01   max: 0.2740E+00   D at   55  1
       a =  2.500      CL =  0.3781
      Cm = -0.0162     CD =  0.00714   =>   CDf =  0.00518    CDp =  0.00196

 Side 1  free  transition at x/c =  0.5389   54
 Side 2  free  transition at x/c =  0.8094   65

   3   rms: 0.3848E-02   max: 0.5670E-01   C at   54  1
       a =  2.500      CL =  0.3780
      Cm = -0.0162     CD =  0.00715   =>   CDf =  0.00509    CDp =  0.00207

 Side 1  free  transition at x/c =  0.5375   54
 Side 2  free  transition at x/c =  0.8091   65

   4   rms: 0.9010E-04   max: -.1926E-02   D at   55  1
       a =  2.500      CL =  0.3780
      Cm = -0.0162     CD =  0.00715   =>   CDf =  0.00510    CDp =  0.00206
 plradd ia,ip,cpol           14           0  4.20799777E-02

 Point added to stored polar  1
 Point written to save file  s8038_Re600k.base.pol                           
 Dump file unspecified or not available
 Calculating wake trajectory ...
 Calculating source influence matrix ...

 Solving BL system ...

 Side 1  free  transition at x/c =  0.5375   54
 Side 2  free  transition at x/c =  0.8091   65

   1   rms: 0.9116E-01   max: 0.6968E+00   C at   54  1
       a =  3.000      CL =  0.4270
      Cm = -0.0146     CD =  0.00738   =>   CDf =  0.00502    CDp =  0.00236

 Side 1  free  transition at x/c =  0.4940   52
 Side 2  free  transition at x/c =  0.8287   65

   2   rms: 0.2549E-01   max: 0.2521E+00   D at   54  1
       a =  3.000      CL =  0.4279
      Cm = -0.0148     CD =  0.00729   =>   CDf =  0.00524    CDp =  0.00205

 Side 1  free  transition at x/c =  0.5003   52
 Side 2  free  transition at x/c =  0.8346   66

   3   rms: 0.4670E-02   max: -.5580E-01   D at   65  2
       a =  3.000      CL =  0.4278
      Cm = -0.0147     CD =  0.00730   =>   CDf =  0.00512    CDp =  0.00218

 Side 1  free  transition at x/c =  0.4986   52
 Side 2  free  transition at x/c =  0.8328   66

   4   rms: 0.3650E-03   max: 0.5627E-02   C at   66  2
       a =  3.000      CL =  0.4278
      Cm = -0.0147     CD =  0.00730   =>   CDf =  0.00513    CDp =  0.00217

 Side 1  free  transition at x/c =  0.4986   52
 Side 2  free  transition at x/c =  0.8326   66

   5   rms: 0.1982E-05   max: -.2863E-04   D at   67  2
       a =  3.000      CL =  0.4278
      Cm = -0.0147     CD =  0.00730   =>   CDf =  0.00513    CDp =  0.00217
 plradd ia,ip,cpol           15           0  4.20799777E-02

 Point added to stored polar  1
 Point written to save file  s8038_Re600k.base.pol                           
 Dump file unspecified or not available
 Calculating wake trajectory ...
 Calculating source influence matrix ...

 Solving BL system ...

 Side 1  free  transition at x/c =  0.4986   52
 Side 2  free  transition at x/c =  0.8326   66

   1   rms: 0.9350E-01   max: 0.7826E+00   C at   52  1
       a =  3.500      CL =  0.4780
      Cm = -0.0133     CD =  0.00739   =>   CDf =  0.00504    CDp =  0.00235

 Side 1  free  transition at x/c =  0.4510   50
 Side 2  free  transition at x/c =  0.8517   66

   2   rms: 0.2365E-01   max: -.2625E+00   C at   66  2
       a =  3.500      CL =  0.4766
      Cm = -0.0131     CD =  0.00747   =>   CDf =  0.00526    CDp =  0.00221

 Side 1  free  transition at x/c =  0.4573   50
 Side 2  free  transition at x/c =  0.8604   66

   3   rms: 0.3751E-02   max: -.5944E-01   C at   66  2
       a =  3.500      CL =  0.4764
      Cm = -0.0131     CD =  0.00750   =>   CDf =  0.00517    CDp =  0.00233

 Side 1  free  transition at x/c =  0.4565   50
 Side 2  free  transition at x/c =  0.8604   66

   4   rms: 0.4549E-04   max: 0.5429E-03   C at   66  2
       a =  3.500      CL =  0.4765
      Cm = -0.0131     CD =  0.00750   =>   CDf =  0.00516    CDp =  0.00234
 plradd ia,ip,cpol           16           0  3.45352851E-02

 Point added to stored polar  1
 Point written to save file  s8038_Re600k.base.pol                           
 Dump file unspecified or not available
 Calculating wake trajectory ...
 Calculating source influence matrix ...

 Solving BL system ...

 Side 1  free  transition at x/c =  0.4565   50
 Side 2  free  transition at x/c =  0.8604   66

   1   rms: 0.8657E-01   max: 0.6575E+00   C at   50  1
       a =  4.000      CL =  0.5271
      Cm = -0.0119     CD =  0.00764   =>   CDf =  0.00516    CDp =  0.00248

 Side 1  free  transition at x/c =  0.3963   47
 Side 2  free  transition at x/c =  0.8904   68

   2   rms: 0.2876E-01   max: -.3223E+00   C at   47  1
       a =  4.000      CL =  0.5246
      Cm = -0.0114     CD =  0.00772   =>   CDf =  0.00535    CDp =  0.00237

 Side 1  free  transition at x/c =  0.4068   47
 Side 2  free  transition at x/c =  0.8993   69

   3   rms: 0.6395E-02   max: 0.8969E-01   C at   69  2
       a =  4.000      CL =  0.5251
      Cm = -0.0115     CD =  0.00777   =>   CDf =  0.00519    CDp =  0.00258

 Side 1  free  transition at x/c =  0.4053   47
 Side 2  free  transition at x/c =  0.8952   69

   4   rms: 0.4223E-03   max: 0.6188E-02   C at   69  2
       a =  4.000      CL =  0.5252
      Cm = -0.0115     CD =  0.00777   =>   CDf =  0.00521    CDp =  0.00256

 Side 1  free  transition at x/c =  0.4052   47
 Side 2  free  transition at x/c =  0.8950   69

   5   rms: 0.2497E-05   max: -.3781E-04   D at   71  2
       a =  4.000      CL =  0.5252
      Cm = -0.0115     CD =  0.00777   =>   CDf =  0.00521    CDp =  0.00256
 plradd ia,ip,cpol           17           0  3.45352851E-02

 Point added to stored polar  1
 Point written to save file  s8038_Re600k.base.pol                           
 Dump file unspecified or not available
 Calculating wake trajectory ...
 Calculating source influence matrix ...

 Solving BL system ...

 Side 1  free  transition at x/c =  0.4052   47
 Side 2  free  transition at x/c =  0.8950   69

   1   rms: 0.1139E+00   max: 0.1355E+01   C at   47  1   RLX: 0.613
       a =  4.500      CL =  0.5587
      Cm = -0.0113     CD =  0.00792   =>   CDf =  0.00511    CDp =  0.00281

 Side 1  free  transition at x/c =  0.3655   46
 Side 2  free  transition at x/c =  0.9129   69

   2   rms: 0.4782E-01   max: -.5518E+00   C at   69  2   RLX: 0.906
       a =  4.500      CL =  0.5759
      Cm = -0.0109     CD =  0.00821   =>   CDf =  0.00534    CDp =  0.00287

 Side 1  free  transition at x/c =  0.3485   44
 Side 2  free  transition at x/c =  0.9316   70

   3   rms: 0.1272E-01   max: -.1497E+00   C at   70  2
       a =  4.500      CL =  0.5854
      Cm = -0.0125     CD =  0.00824   =>   CDf =  0.00533    CDp =  0.00291

 Side 1  free  transition at x/c =  0.3447   44
 Side 2  free  transition at x/c =  0.9347   70

   4   rms: 0.9318E-03   max: 0.1234E-01   C at   70  2
       a =  4.500      CL =  0.5857
      Cm = -0.0126     CD =  0.00825   =>   CDf =  0.00533    CDp =  0.00292

 Side 1  free  transition at x/c =  0.3448   44
 Side 2  free  transition at x/c =  0.9342   70

   5   rms: 0.7553E-05   max: -.1057E-03   C at   70  2
       a =  4.500      CL =  0.5857
      Cm = -0.0126     CD =  0.00825   =>   CDf =  0.00533    CDp =  0.00292
 plradd ia,ip,cpol           18           0  3.45352851E-02

 Point added to stored polar  1
 Point written to save file  s8038_Re600k.base.pol                           
 Dump file unspecified or not available
 Calculating wake trajectory ...
 Calculating source influence matrix ...

 Solving BL system ...

 Side 1  free  transition at x/c =  0.3448   44
 Side 2  free  transition at x/c =  0.9342   70

   1   rms: 0.1354E+00   max: 0.1909E+01   C at   44  1   RLX: 0.786
       a =  5.000      CL =  0.6429
      Cm = -0.0157     CD =  0.00871   =>   CDf =  0.00524    CDp =  0.00347

 Side 1  free  transition at x/c =  0.2798   41
 Side 2  free  transition at x/c =  0.9553   70

   2   rms: 0.2665E-01   max: -.1974E+00   D at   41  1
       a =  5.000      CL =  0.6591
      Cm = -0.0169     CD =  0.00906   =>   CDf =  0.00560    CDp =  0.00346

 Side 1  free  transition at x/c =  0.2676   40
 Side 2  free  transition at x/c =  0.9623   71

   3   rms: 0.6218E-02   max: 0.6294E-01   D at   74  2
       a =  5.000      CL =  0.6616
      Cm = -0.0175     CD =  0.00910   =>   CDf =  0.00564    CDp =  0.00346

 Side 1  free  transition at x/c =  0.2668   40
 Side 2  free  transition at x/c =  0.9592   71

   4   rms: 0.1981E-03   max: 0.1875E-02   C at   40  1
       a =  5.000      CL =  0.6618
      Cm = -0.0175     CD =  0.00910   =>   CDf =  0.00564    CDp =  0.00346

 Side 1  free  transition at x/c =  0.2668   40
 Side 2  free  transition at x/c =  0.9591   71

   5   rms: 0.1697E-05   max: -.2272E-04   C at   40  1
       a =  5.000      CL =  0.6618
      Cm = -0.0175     CD =  0.00910   =>   CDf =  0.00564    CDp =  0.00346
 plradd ia,ip,cpol           19           0  2.81497575E-02

 Point added to stored polar  1
 Point written to save file  s8038_Re600k.base.pol                           
 Dump file unspecified or not available
 Calculating wake trajectory ...
 Calculating source influence matrix ...

 Solving BL system ...

 Side 1  free  transition at x/c =  0.2668   40
 Side 2  free  transition at x/c =  0.9591   71

   1   rms: 0.1546E+00   max: 0.2476E+01   C at   40  1   RLX: 0.606
       a =  5.500      CL =  0.7099
      Cm = -0.0210     CD =  0.00963   =>   CDf =  0.00564    CDp =  0.00398

 Side 1  free  transition at x/c =  0.2238   37
 Side 2  free  transition at x/c =  0.9672   71

   2   rms: 0.3521E-01   max: -.2070E+00   D at   37  1
       a =  5.500      CL =  0.7283
      Cm = -0.0203     CD =  0.00988   =>   CDf =  0.00576    CDp =  0.00413

 Side 1  free  transition at x/c =  0.2051   37
 Side 2  free  transition at x/c =  0.9838   72

   3   rms: 0.1740E-01   max: 0.2316E+00   C at   72  2
       a =  5.500      CL =  0.7301
      Cm = -0.0208     CD =  0.00995   =>   CDf =  0.00593    CDp =  0.00402

 Side 1  free  transition at x/c =  0.2056   37
 Side 2  free  transition at x/c =  0.9804   71

   4   rms: 0.4064E-02   max: -.4961E-01   C at   71  2
       a =  5.500      CL =  0.7325
      Cm = -0.0213     CD =  0.00997   =>   CDf =  0.00592    CDp =  0.00405

 Side 1  free  transition at x/c =  0.2047   37
 Side 2  free  transition at x/c =  0.9785   71

   5   rms: 0.4724E-03   max: -.4541E-02   D at   73  2
       a =  5.500      CL =  0.7322
      Cm = -0.0213     CD =  0.00997   =>   CDf =  0.00592    CDp =  0.00405

 Side 1  free  transition at x/c =  0.2048   37
 Side 2  free  transition at x/c =  0.9788   71

   6   rms: 0.8315E-05   max: -.8419E-04   D at   73  2
       a =  5.500      CL =  0.7322
      Cm = -0.0213     CD =  0.00997   =>   CDf =  0.00592    CDp =  0.00405
 plradd ia,ip,cpol           20           0  2.27729101E-02

 Point added to stored polar  1
 Point written to save file  s8038_Re600k.base.pol                           
 Dump file unspecified or not available
 Calculating wake trajectory ...
 Calculating source influence matrix ...

 Solving BL system ...

 Side 1  free  transition at x/c =  0.2048   37
 Side 2  free  transition at x/c =  0.9788   71

   1   rms: 0.1278E+00   max: 0.1808E+01   C at   37  1   RLX: 0.737
       a =  6.000      CL =  0.7777
      Cm = -0.0226     CD =  0.01060   =>   CDf =  0.00592    CDp =  0.00468

 Side 1  free  transition at x/c =  0.1726   35
 Side 2  free  transition at x/c =  0.9980   73

   2   rms: 0.4177E-01   max: 0.3600E+00   D at   72  2
       a =  6.000      CL =  0.8009
      Cm = -0.0247     CD =  0.01081   =>   CDf =  0.00609    CDp =  0.00472

 Side 1  free  transition at x/c =  0.1614   34
 Side 2  free  transition at x/c =  0.9942   73

   3   rms: 0.4024E-02   max: -.7663E-01   D at   35  1
       a =  6.000      CL =  0.8014
      Cm = -0.0248     CD =  0.01080   =>   CDf =  0.00614    CDp =  0.00467

 Side 1  free  transition at x/c =  0.1605   34
 Side 2  free  transition at x/c =  0.9939   73

   4   rms: 0.1295E-03   max: -.2147E-02   D at   35  1
       a =  6.000      CL =  0.8014
      Cm = -0.0248     CD =  0.01081   =>   CDf =  0.00615    CDp =  0.00466

 Side 1  free  transition at x/c =  0.1605   34
 Side 2  free  transition at x/c =  0.9939   73

   5   rms: 0.7971E-06   max: -.9703E-05   C at   34  1
       a =  6.000      CL =  0.8014
      Cm = -0.0248     CD =  0.01081   =>   CDf =  0.00615    CDp =  0.00466
 plradd ia,ip,cpol           21           0  1.45103009E-02

 Point added to stored polar  1
 Point written to save file  s8038_Re600k.base.pol                           
 Dump file unspecified or not available
 Calculating wake trajectory ...
 Calculating source influence matrix ...

 Solving BL system ...

 Side 1  free  transition at x/c =  0.1605   34
 Side 2  free  transition at x/c =  0.9939   73

   1   rms: 0.1216E+00   max: 0.1275E+01   C at   34  1   RLX: 0.679
       a =  6.500      CL =  0.8530
      Cm = -0.0282     CD =  0.01137   =>   CDf =  0.00603    CDp =  0.00534

 Side 1  free  transition at x/c =  0.1385   33
 Side 2  free  transition at x/c =  0.9993   72

   2   rms: 0.3751E-01   max: -.2909E+00   C at   33  1
       a =  6.500      CL =  0.8775
      Cm = -0.0298     CD =  0.01151   =>   CDf =  0.00629    CDp =  0.00522

 Side 1  free  transition at x/c =  0.1296   33
 Side 2 forced transition at x/c =  1.0000   72

   3   rms: 0.1589E-01   max: -.1160E+00   D at   72  2
       a =  6.500      CL =  0.8660
      Cm = -0.0274     CD =  0.01152   =>   CDf =  0.00630    CDp =  0.00522

 Side 1  free  transition at x/c =  0.1311   33
 Side 2 forced transition at x/c =  1.0000   72

   4   rms: 0.1320E-02   max: 0.9976E-02   D at   67  2
       a =  6.500      CL =  0.8663
      Cm = -0.0275     CD =  0.01153   =>   CDf =  0.00629    CDp =  0.00524

 Side 1  free  transition at x/c =  0.1311   33
 Side 2 forced transition at x/c =  1.0000   72

   5   rms: 0.2720E-04   max: 0.2119E-03   D at   67  2
       a =  6.500      CL =  0.8663
      Cm = -0.0275     CD =  0.01153   =>   CDf =  0.00629    CDp =  0.00524
 plradd ia,ip,cpol           22           0  1.14040952E-02

 Point added to stored polar  1
 Point written to save file  s8038_Re600k.base.pol                           
 Dump file unspecified or not available
 Calculating wake trajectory ...
 Calculating source influence matrix ...

 Solving BL system ...

 Side 1  free  transition at x/c =  0.1311   33
 Side 2 forced transition at x/c =  1.0000   72

   1   rms: 0.8670E-01   max: 0.5009E+00   C at   33  1
       a =  7.000      CL =  0.8971
      Cm = -0.0229     CD =  0.01215   =>   CDf =  0.00616    CDp =  0.00599

 Side 1  free  transition at x/c =  0.1160   33
 Side 2 forced transition at x/c =  1.0000   71

   2   rms: 0.2429E-01   max: -.2888E+00   D at   33  1
       a =  7.000      CL =  0.9007
      Cm = -0.0235     CD =  0.01205   =>   CDf =  0.00634    CDp =  0.00571

 Side 1  free  transition at x/c =  0.1150   33
 Side 2 forced transition at x/c =  1.0000   71

   3   rms: 0.2833E-02   max: -.2168E-01   D at   34  1
       a =  7.000      CL =  0.9000
      Cm = -0.0234     CD =  0.01214   =>   CDf =  0.00636    CDp =  0.00578

 Side 1  free  transition at x/c =  0.1143   33
 Side 2 forced transition at x/c =  1.0000   71

   4   rms: 0.6108E-04   max: -.6032E-03   D at   34  1
       a =  7.000      CL =  0.9000
      Cm = -0.0234     CD =  0.01214   =>   CDf =  0.00637    CDp =  0.00577
 plradd ia,ip,cpol           23           0  1.14040952E-02

 Point added to stored polar  1
 Point written to save file  s8038_Re600k.base.pol                           
 Dump file unspecified or not available
 Calculating wake trajectory ...
 Calculating source influence matrix ...

 Solving BL system ...

 Side 1  free  transition at x/c =  0.1143   33
 Side 2 forced transition at x/c =  1.0000   71

   1   rms: 0.8538E-01   max: -.6028E+00   D at   33  1   RLX: 0.829
       a =  7.500      CL =  0.9271
      Cm = -0.0199     CD =  0.01283   =>   CDf =  0.00637    CDp =  0.00646

 Side 1  free  transition at x/c =  0.1036   32
 Side 2 forced transition at x/c =  1.0000   71

   2   rms: 0.3340E-01   max: -.4085E+00   D at   32  1
       a =  7.500      CL =  0.9394
      Cm = -0.0203     CD =  0.01259   =>   CDf =  0.00636    CDp =  0.00623

 Side 1  free  transition at x/c =  0.1018   32
 Side 2 forced transition at x/c =  1.0000   71

   3   rms: 0.4556E-02   max: -.2802E-01   D at   33  1
       a =  7.500      CL =  0.9364
      Cm = -0.0198     CD =  0.01277   =>   CDf =  0.00641    CDp =  0.00636

 Side 1  free  transition at x/c =  0.1009   32
 Side 2 forced transition at x/c =  1.0000   71

   4   rms: 0.9763E-04   max: -.1135E-02   D at   33  1
       a =  7.500      CL =  0.9364
      Cm = -0.0198     CD =  0.01277   =>   CDf =  0.00642    CDp =  0.00635
 plradd ia,ip,cpol           24           0  1.14040952E-02

 Point added to stored polar  1
 Point written to save file  s8038_Re600k.base.pol                           
 Dump file unspecified or not available
 Calculating wake trajectory ...
 Calculating source influence matrix ...

 Solving BL system ...

 Side 1  free  transition at x/c =  0.1009   32
 Side 2 forced transition at x/c =  1.0000   71

   1   rms: 0.8153E-01   max: -.5481E+00   D at   32  1   RLX: 0.912
       a =  8.000      CL =  0.9674
      Cm = -0.0162     CD =  0.01354   =>   CDf =  0.00627    CDp =  0.00728

 Side 1  free  transition at x/c =  0.0923   32
 Side 2 forced transition at x/c =  1.0000   70

   2   rms: 0.6302E-01   max: 0.9510E+00   D at    2  1
       a =  8.000      CL =  0.9758
      Cm = -0.0168     CD =  0.01327   =>   CDf =  0.00637    CDp =  0.00690

 Side 1  free  transition at x/c =  0.0917   32
 Side 2 forced transition at x/c =  1.0000   70

   3   rms: 0.4791E-02   max: 0.4191E-01   C at   32  1
       a =  8.000      CL =  0.9738
      Cm = -0.0165     CD =  0.01340   =>   CDf =  0.00641    CDp =  0.00699

 Side 1  free  transition at x/c =  0.0912   32
 Side 2 forced transition at x/c =  1.0000   70

   4   rms: 0.5227E-04   max: -.7911E-03   D at   33  1
       a =  8.000      CL =  0.9738
      Cm = -0.0165     CD =  0.01340   =>   CDf =  0.00641    CDp =  0.00699
 plradd ia,ip,cpol           25           0  1.14040952E-02

 Point added to stored polar  1
 Point written to save file  s8038_Re600k.base.pol                           
 Dump file unspecified or not available
 Calculating wake trajectory ...
 Calculating source influence matrix ...

 Solving BL system ...

 Side 1  free  transition at x/c =  0.0912   32
 Side 2 forced transition at x/c =  1.0000   70

   1   rms: 0.7310E-01   max: -.3007E+00   D at   32  1
       a =  8.500      CL =  1.0108
      Cm = -0.0131     CD =  0.01409   =>   CDf =  0.00641    CDp =  0.00768

 Side 1  free  transition at x/c =  0.0838   31
 Side 2 forced transition at x/c =  1.0000   70

   2   rms: 0.9038E-02   max: -.9445E-01   D at   32  1
       a =  8.500      CL =  1.0087
      Cm = -0.0127     CD =  0.01418   =>   CDf =  0.00642    CDp =  0.00776

 Side 1  free  transition at x/c =  0.0834   31
 Side 2 forced transition at x/c =  1.0000   70

   3   rms: 0.3456E-03   max: 0.3549E-02   D at   31  1
       a =  8.500      CL =  1.0085
      Cm = -0.0127     CD =  0.01419   =>   CDf =  0.00642    CDp =  0.00777

 Side 1  free  transition at x/c =  0.0833   31
 Side 2 forced transition at x/c =  1.0000   70

   4   rms: 0.1109E-05   max: -.3461E-05   T at   51  1
       a =  8.500      CL =  1.0085
      Cm = -0.0127     CD =  0.01419   =>   CDf =  0.00642    CDp =  0.00777
 plradd ia,ip,cpol           26           0  8.84725899E-03

 Point added to stored polar  1
 Point written to save file  s8038_Re600k.base.pol                           
 Dump file unspecified or not available
 Calculating wake trajectory ...
 Calculating source influence matrix ...

 Solving BL system ...

 Side 1  free  transition at x/c =  0.0833   31
 Side 2 forced transition at x/c =  1.0000   70

   1   rms: 0.6982E-01   max: -.2797E+00   C at   31  1
       a =  9.000      CL =  1.0489
      Cm = -0.0099     CD =  0.01469   =>   CDf =  0.00624    CDp =  0.00845

 Side 1  free  transition at x/c =  0.0773   32
 Side 2 forced transition at x/c =  1.0000   69

   2   rms: 0.6670E-02   max: -.9111E-01   D at   32  1
       a =  9.000      CL =  1.0463
      Cm = -0.0095     CD =  0.01480   =>   CDf =  0.00636    CDp =  0.00845

 Side 1  free  transition at x/c =  0.0775   32
 Side 2 forced transition at x/c =  1.0000   69

   3   rms: 0.5541E-03   max: -.6319E-02   D at    4  1
       a =  9.000      CL =  1.0462
      Cm = -0.0095     CD =  0.01481   =>   CDf =  0.00637    CDp =  0.00844

 Side 1  free  transition at x/c =  0.0774   32
 Side 2 forced transition at x/c =  1.0000   69

   4   rms: 0.2486E-05   max: 0.1100E-04   D at    4  1
       a =  9.000      CL =  1.0462
      Cm = -0.0095     CD =  0.01481   =>   CDf =  0.00637    CDp =  0.00844
 plradd ia,ip,cpol           27           0  8.84725899E-03

 Point added to stored polar  1
 Point written to save file  s8038_Re600k.base.pol                           
 Dump file unspecified or not available
 Calculating wake trajectory ...
 Calculating source influence matrix ...

 Solving BL system ...

 Side 1  free  transition at x/c =  0.0774   32
 Side 2 forced transition at x/c =  1.0000   69

   1   rms: 0.7172E-01   max: -.3381E+00   D at   32  1
       a =  9.500      CL =  1.0811
      Cm = -0.0059     CD =  0.01561   =>   CDf =  0.00637    CDp =  0.00925

 Side 1  free  transition at x/c =  0.0719   31
 Side 2 forced transition at x/c =  1.0000   69

   2   rms: 0.1187E-01   max: -.1378E+00   D at   32  1
       a =  9.500      CL =  1.0779
      Cm = -0.0054     CD =  0.01571   =>   CDf =  0.00633    CDp =  0.00937

 Side 1  free  transition at x/c =  0.0714   31
 Side 2 forced transition at x/c =  1.0000   69

   3   rms: 0.4915E-03   max: -.4588E-02   D at   32  1
       a =  9.500      CL =  1.0776
      Cm = -0.0054     CD =  0.01574   =>   CDf =  0.00635    CDp =  0.00939

 Side 1  free  transition at x/c =  0.0713   31
 Side 2 forced transition at x/c =  1.0000   69

   4   rms: 0.9730E-06   max: -.5429E-05   D at   32  1
       a =  9.500      CL =  1.0776
      Cm = -0.0054     CD =  0.01574   =>   CDf =  0.00635    CDp =  0.00939
 plradd ia,ip,cpol           28           0  8.84725899E-03

 Point added to stored polar  1
 Point written to save file  s8038_Re600k.base.pol                           
 Dump file unspecified or not available
 Calculating wake trajectory ...
 Calculating source influence matrix ...

 Solving BL system ...

 Side 1  free  transition at x/c =  0.0713   31
 Side 2 forced transition at x/c =  1.0000   69

   1   rms: 0.6820E-01   max: -.2771E+00   C at   31  1
       a = 10.000      CL =  1.1162
      Cm = -0.0024     CD =  0.01631   =>   CDf =  0.00635    CDp =  0.00996

 Side 1  free  transition at x/c =  0.0671   31
 Side 2 forced transition at x/c =  1.0000   69

   2   rms: 0.4539E-02   max: -.4988E-01   D at   31  1
       a = 10.000      CL =  1.1134
      Cm = -0.0020     CD =  0.01640   =>   CDf =  0.00625    CDp =  0.01016

 Side 1  free  transition at x/c =  0.0669   31
 Side 2 forced transition at x/c =  1.0000   69

   3   rms: 0.1384E-03   max: 0.1361E-02   D at   31  1
       a = 10.000      CL =  1.1133
      Cm = -0.0020     CD =  0.01641   =>   CDf =  0.00626    CDp =  0.01015

 Side 1  free  transition at x/c =  0.0669   31
 Side 2 forced transition at x/c =  1.0000   69

   4   rms: 0.1387E-05   max: 0.4429E-05   D at   31  1
       a = 10.000      CL =  1.1133
      Cm = -0.0020     CD =  0.01641   =>   CDf =  0.00626    CDp =  0.01015
 plradd ia,ip,cpol           29           0  8.84725899E-03

 Point added to stored polar  1
 Point written to save file  s8038_Re600k.base.pol                           
 Dump file unspecified or not available

.OPERva   c>  
 Solving BL system ...

 Side 1  free  transition at x/c =  0.0669   31
 Side 2 forced transition at x/c =  1.0000   69

   1   rms: 0.4272E-06   max: 0.1742E-05   C at   69  2
       a = 10.000      CL =  1.1133
      Cm = -0.0020     CD =  0.01641   =>   CDf =  0.00626    CDp =  0.01015
 plradd ia,ip,cpol           30         182  8.84725899E-03

 Point added to stored polar  1
 Point written to save file  s8038_Re600k.base.pol                           
 Dump file unspecified or not available
 Calculating wake trajectory ...
 Calculating source influence matrix ...

 Solving BL system ...

 Side 1  free  transition at x/c =  0.0669   31
 Side 2 forced transition at x/c =  1.0000   69

   1   rms: 0.3413E-01   max: -.1150E+00   D at   31  1
       a = 10.250      CL =  1.1299
      Cm = -0.0002     CD =  0.01683   =>   CDf =  0.00603    CDp =  0.01080

 Side 1  free  transition at x/c =  0.0644   32
 Side 2 forced transition at x/c =  1.0000   68

   2   rms: 0.2972E-02   max: -.3088E-01   T at    2  1
       a = 10.250      CL =  1.1277
      Cm =  0.0002     CD =  0.01686   =>   CDf =  0.00624    CDp =  0.01062

 Side 1  free  transition at x/c =  0.0645   32
 Side 2 forced transition at x/c =  1.0000   68

   3   rms: 0.6404E-03   max: -.7742E-02   D at    4  1
       a = 10.250      CL =  1.1276
      Cm =  0.0002     CD =  0.01686   =>   CDf =  0.00624    CDp =  0.01062

 Side 1  free  transition at x/c =  0.0645   32
 Side 2 forced transition at x/c =  1.0000   68

   4   rms: 0.9668E-06   max: 0.5540E-05   D at    6  1
       a = 10.250      CL =  1.1276
      Cm =  0.0002     CD =  0.01686   =>   CDf =  0.00624    CDp =  0.01062
 plradd ia,ip,cpol           31           0  6.74980273E-03

 Point added to stored polar  1
 Point written to save file  s8038_Re600k.base.pol                           
 Dump file unspecified or not available
 Calculating wake trajectory ...
 Calculating source influence matrix ...

 Solving BL system ...

 Side 1  free  transition at x/c =  0.0645   32
 Side 2 forced transition at x/c =  1.0000   68

   1   rms: 0.3441E-01   max: -.1449E+00   D at   32  1
       a = 10.500      CL =  1.1394
      Cm =  0.0029     CD =  0.01740   =>   CDf =  0.00625    CDp =  0.01115

 Side 1  free  transition at x/c =  0.0618   32
 Side 2 forced transition at x/c =  1.0000   68

   2   rms: 0.5748E-02   max: -.3316E-01   D at   32  1
       a = 10.500      CL =  1.1342
      Cm =  0.0038     CD =  0.01756   =>   CDf =  0.00623    CDp =  0.01133

 Side 1  free  transition at x/c =  0.0614   32
 Side 2 forced transition at x/c =  1.0000   68

   3   rms: 0.2797E-03   max: 0.2199E-02   D at   93  1
       a = 10.500      CL =  1.1340
      Cm =  0.0038     CD =  0.01757   =>   CDf =  0.00624    CDp =  0.01133

 Side 1  free  transition at x/c =  0.0613   32
 Side 2 forced transition at x/c =  1.0000   68

   4   rms: 0.3861E-05   max: -.1525E-04   C at   68  2
       a = 10.500      CL =  1.1340
      Cm =  0.0038     CD =  0.01757   =>   CDf =  0.00624    CDp =  0.01133
 plradd ia,ip,cpol           32           0  6.74980273E-03

 Point added to stored polar  1
 Point written to save file  s8038_Re600k.base.pol                           
 Dump file unspecified or not available
 Calculating wake trajectory ...
 Calculating source influence matrix ...

 Solving BL system ...

 Side 1  free  transition at x/c =  0.0613   32
 Side 2 forced transition at x/c =  1.0000   68

   1   rms: 0.4292E-01   max: 0.1194E+00   D at   87  1
       a = 10.750      CL =  1.1352
      Cm =  0.0081     CD =  0.01860   =>   CDf =  0.00624    CDp =  0.01236

 Side 1  free  transition at x/c =  0.0590   31
 Side 2 forced transition at x/c =  1.0000   68

   2   rms: 0.3296E-01   max: -.3085E+00   D at   31  1
       a = 10.750      CL =  1.1473
      Cm =  0.0062     CD =  0.01790   =>   CDf =  0.00614    CDp =  0.01175

 Side 1  free  transition at x/c =  0.0600   31
 Side 2 forced transition at x/c =  1.0000   68

   3   rms: 0.2835E-02   max: 0.2050E-01   T at   31  1
       a = 10.750      CL =  1.1496
      Cm =  0.0058     CD =  0.01792   =>   CDf =  0.00618    CDp =  0.01174

 Side 1  free  transition at x/c =  0.0598   31
 Side 2 forced transition at x/c =  1.0000   68

   4   rms: 0.4475E-04   max: 0.4697E-03   D at   92  1
       a = 10.750      CL =  1.1496
      Cm =  0.0058     CD =  0.01792   =>   CDf =  0.00618    CDp =  0.01174
 plradd ia,ip,cpol           33           0  6.74980273E-03

 Point added to stored polar  1
 Point written to save file  s8038_Re600k.base.pol                           
 Dump file unspecified or not available
 Calculating wake trajectory ...
 Calculating source influence matrix ...

 Solving BL system ...

 Side 1  free  transition at x/c =  0.0598   31
 Side 2 forced transition at x/c =  1.0000   68

   1   rms: 0.3325E-01   max: -.1373E+00   C at   31  1
       a = 11.000      CL =  1.1667
      Cm =  0.0075     CD =  0.01824   =>   CDf =  0.00618    CDp =  0.01206

 Side 1  free  transition at x/c =  0.0579   31
 Side 2 forced transition at x/c =  1.0000   68

   2   rms: 0.1357E-02   max: 0.9470E-02   D at   92  1
       a = 11.000      CL =  1.1655
      Cm =  0.0076     CD =  0.01828   =>   CDf =  0.00612    CDp =  0.01216

 Side 1  free  transition at x/c =  0.0578   31
 Side 2 forced transition at x/c =  1.0000   68

   3   rms: 0.1153E-04   max: 0.2161E-03   D at   92  1
       a = 11.000      CL =  1.1655
      Cm =  0.0076     CD =  0.01828   =>   CDf =  0.00612    CDp =  0.01216
 plradd ia,ip,cpol           34           0  6.74980273E-03

 Point added to stored polar  1
 Point written to save file  s8038_Re600k.base.pol                           
 Dump file unspecified or not available
 Calculating wake trajectory ...
 Calculating source influence matrix ...

 Solving BL system ...

 Side 1  free  transition at x/c =  0.0578   31
 Side 2 forced transition at x/c =  1.0000   68

   1   rms: 0.3296E-01   max: 0.1245E+00   T at   31  1
       a = 11.250      CL =  1.1813
      Cm =  0.0095     CD =  0.01869   =>   CDf =  0.00612    CDp =  0.01257

 Side 1  free  transition at x/c =  0.0557   31
 Side 2 forced transition at x/c =  1.0000   68

   2   rms: 0.1612E-02   max: -.1514E-01   D at   31  1
       a = 11.250      CL =  1.1801
      Cm =  0.0096     CD =  0.01872   =>   CDf =  0.00608    CDp =  0.01264

 Side 1  free  transition at x/c =  0.0556   31
 Side 2 forced transition at x/c =  1.0000   68

   3   rms: 0.2727E-04   max: -.1416E-03   D at   92  1
       a = 11.250      CL =  1.1801
      Cm =  0.0096     CD =  0.01872   =>   CDf =  0.00609    CDp =  0.01264
 plradd ia,ip,cpol           35           0  1.17229582E-04

 Point added to stored polar  1
 Point written to save file  s8038_Re600k.base.pol                           
 Dump file unspecified or not available
 Calculating wake trajectory ...
 Calculating source influence matrix ...

 Solving BL system ...

 Side 1  free  transition at x/c =  0.0556   31
 Side 2 forced transition at x/c =  1.0000   68

   1   rms: 0.3346E-01   max: -.1304E+00   D at   31  1
       a = 11.500      CL =  1.1942
      Cm =  0.0116     CD =  0.01925   =>   CDf =  0.00609    CDp =  0.01316

 Side 1  free  transition at x/c =  0.0534   31
 Side 2 forced transition at x/c =  1.0000   68

   2   rms: 0.2656E-02   max: 0.1797E-01   D at   91  1
       a = 11.500      CL =  1.1919
      Cm =  0.0119     CD =  0.01933   =>   CDf =  0.00608    CDp =  0.01325

 Side 1  free  transition at x/c =  0.0534   31
 Side 2 forced transition at x/c =  1.0000   68

   3   rms: 0.2185E-04   max: 0.3155E-03   D at   91  1
       a = 11.500      CL =  1.1919
      Cm =  0.0119     CD =  0.01933   =>   CDf =  0.00608    CDp =  0.01325
 plradd ia,ip,cpol           36           0  1.17229582E-04

 Point added to stored polar  1
 Point written to save file  s8038_Re600k.base.pol                           
 Dump file unspecified or not available
 Calculating wake trajectory ...
 Calculating source influence matrix ...

 Solving BL system ...

 Side 1  free  transition at x/c =  0.0534   31
 Side 2 forced transition at x/c =  1.0000   68

   1   rms: 0.3547E-01   max: -.1155E+00   D at   31  1
       a = 11.750      CL =  1.2016
      Cm =  0.0143     CD =  0.02013   =>   CDf =  0.00580    CDp =  0.01433

 Side 1  free  transition at x/c =  0.0510   32
 Side 2 forced transition at x/c =  1.0000   67

   2   rms: 0.8709E-02   max: 0.4317E-01   D at   91  1
       a = 11.750      CL =  1.1946
      Cm =  0.0152     CD =  0.02046   =>   CDf =  0.00604    CDp =  0.01443

 Side 1  free  transition at x/c =  0.0507   31
 Side 2 forced transition at x/c =  1.0000   67

   3   rms: 0.4042E-02   max: -.3696E-01   D at   31  1
       a = 11.750      CL =  1.1965
      Cm =  0.0150     CD =  0.02034   =>   CDf =  0.00604    CDp =  0.01430

 Side 1  free  transition at x/c =  0.0508   31
 Side 2 forced transition at x/c =  1.0000   67

   4   rms: 0.1824E-03   max: -.8142E-03   D at   91  1
       a = 11.750      CL =  1.1966
      Cm =  0.0149     CD =  0.02034   =>   CDf =  0.00604    CDp =  0.01430

 Side 1  free  transition at x/c =  0.0508   31
 Side 2 forced transition at x/c =  1.0000   67

   5   rms: 0.1549E-05   max: 0.1548E-04   C at   67  2
       a = 11.750      CL =  1.1966
      Cm =  0.0149     CD =  0.02034   =>   CDf =  0.00604    CDp =  0.01430
 plradd ia,ip,cpol           37           0  1.17229582E-04

 Point added to stored polar  1
 Point written to save file  s8038_Re600k.base.pol                           
 Dump file unspecified or not available
 Calculating wake trajectory ...
 Calculating source influence matrix ...

 Solving BL system ...

 Side 1  free  transition at x/c =  0.0508   31
 Side 2 forced transition at x/c =  1.0000   67

   1   rms: 0.3475E-01   max: -.2223E+00   C at   31  1
       a = 12.000      CL =  1.2156
      Cm =  0.0161     CD =  0.02065   =>   CDf =  0.00605    CDp =  0.01461

 Side 1  free  transition at x/c =  0.0494   31
 Side 2 forced transition at x/c =  1.0000   67

   2   rms: 0.1899E-02   max: 0.1046E-01   D at   90  1
       a = 12.000      CL =  1.2139
      Cm =  0.0162     CD =  0.02073   =>   CDf =  0.00597    CDp =  0.01476

 Side 1  free  transition at x/c =  0.0494   31
 Side 2 forced transition at x/c =  1.0000   67

   3   rms: 0.1404E-04   max: 0.2297E-03   D at   72  2
       a = 12.000      CL =  1.2139
      Cm =  0.0162     CD =  0.02073   =>   CDf =  0.00597    CDp =  0.01476
 plradd ia,ip,cpol           38           0  1.17229582E-04

 Point added to stored polar  1
 Point written to save file  s8038_Re600k.base.pol                           
 Dump file unspecified or not available
 Calculating wake trajectory ...
 Calculating source influence matrix ...

 Solving BL system ...

 Side 1  free  transition at x/c =  0.0494   31
 Side 2 forced transition at x/c =  1.0000   67

   1   rms: 0.3283E-01   max: 0.9821E-01   T at   31  1
       a = 12.250      CL =  1.2274
      Cm =  0.0180     CD =  0.02139   =>   CDf =  0.00597    CDp =  0.01542

 Side 1  free  transition at x/c =  0.0480   31
 Side 2 forced transition at x/c =  1.0000   67

   2   rms: 0.1858E-02   max: 0.1707E-01   D at   89  1
       a = 12.250      CL =  1.2261
      Cm =  0.0181     CD =  0.02141   =>   CDf =  0.00590    CDp =  0.01551

 Side 1  free  transition at x/c =  0.0480   31
 Side 2 forced transition at x/c =  1.0000   67

   3   rms: 0.4007E-04   max: -.2048E-03   D at   90  1
       a = 12.250      CL =  1.2261
      Cm =  0.0181     CD =  0.02141   =>   CDf =  0.00590    CDp =  0.01551
 plradd ia,ip,cpol           39           0  1.17229582E-04

 Point added to stored polar  1
 Point written to save file  s8038_Re600k.base.pol                           
 Dump file unspecified or not available
 Calculating wake trajectory ...
 Calculating source influence matrix ...

 Solving BL system ...

 Side 1  free  transition at x/c =  0.0480   31
 Side 2 forced transition at x/c =  1.0000   67

   1   rms: 0.3345E-01   max: 0.1303E+00   T at   31  1
       a = 12.500      CL =  1.2417
      Cm =  0.0195     CD =  0.02197   =>   CDf =  0.00590    CDp =  0.01607

 Side 1  free  transition at x/c =  0.0456   31
 Side 2 forced transition at x/c =  1.0000   67

   2   rms: 0.5825E-02   max: -.6530E-01   D at   31  1
       a = 12.500      CL =  1.2406
      Cm =  0.0195     CD =  0.02196   =>   CDf =  0.00586    CDp =  0.01610

 Side 1  free  transition at x/c =  0.0459   31
 Side 2 forced transition at x/c =  1.0000   67

   3   rms: 0.3088E-03   max: -.1401E-02   D at   89  1
       a = 12.500      CL =  1.2408
      Cm =  0.0195     CD =  0.02197   =>   CDf =  0.00587    CDp =  0.01610

 Side 1  free  transition at x/c =  0.0459   31
 Side 2 forced transition at x/c =  1.0000   67

   4   rms: 0.3168E-05   max: 0.2419E-04   C at   67  2
       a = 12.500      CL =  1.2408
      Cm =  0.0195     CD =  0.02197   =>   CDf =  0.00587    CDp =  0.01610
 plradd ia,ip,cpol           40           0  1.17229582E-04

 Point added to stored polar  1
 Point written to save file  s8038_Re600k.base.pol                           
 Dump file unspecified or not available
 Calculating wake trajectory ...
 Calculating source influence matrix ...

 Solving BL system ...

 Side 1  free  transition at x/c =  0.0459   31
 Side 2 forced transition at x/c =  1.0000   67

   1   rms: 0.3416E-01   max: -.1419E+00   D at   31  1
       a = 12.750      CL =  1.2538
      Cm =  0.0210     CD =  0.02271   =>   CDf =  0.00587    CDp =  0.01684

 Side 1  free  transition at x/c =  0.0437   31
 Side 2 forced transition at x/c =  1.0000   67

   2   rms: 0.4202E-02   max: 0.2840E-01   D at   87  1
       a = 12.750      CL =  1.2503
      Cm =  0.0213     CD =  0.02286   =>   CDf =  0.00586    CDp =  0.01700

 Side 1  free  transition at x/c =  0.0438   31
 Side 2 forced transition at x/c =  1.0000   67

   3   rms: 0.6224E-04   max: 0.1201E-02   D at   86  1
       a = 12.750      CL =  1.2503
      Cm =  0.0213     CD =  0.02286   =>   CDf =  0.00586    CDp =  0.01700
 plradd ia,ip,cpol           41           0  1.17229582E-04

 Point added to stored polar  1
 Point written to save file  s8038_Re600k.base.pol                           
 Dump file unspecified or not available
 Calculating wake trajectory ...
 Calculating source influence matrix ...

 Solving BL system ...

 Side 1  free  transition at x/c =  0.0438   31
 Side 2 forced transition at x/c =  1.0000   67

   1   rms: 0.3687E-01   max: 0.1043E+00   D at   83  1
       a = 13.000      CL =  1.2567
      Cm =  0.0234     CD =  0.02410   =>   CDf =  0.00586    CDp =  0.01823

 Side 1  free  transition at x/c =  0.0422   31
 Side 2 forced transition at x/c =  1.0000   67

   2   rms: 0.7567E-02   max: 0.4101E-01   D at   85  1
       a = 13.000      CL =  1.2510
      Cm =  0.0238     CD =  0.02439   =>   CDf =  0.00581    CDp =  0.01858

 Side 1  free  transition at x/c =  0.0421   31
 Side 2 forced transition at x/c =  1.0000   67

   3   rms: 0.1910E-03   max: 0.2803E-02   D at   85  1
       a = 13.000      CL =  1.2510
      Cm =  0.0238     CD =  0.02438   =>   CDf =  0.00581    CDp =  0.01857

 Side 1  free  transition at x/c =  0.0421   31
 Side 2 forced transition at x/c =  1.0000   67

   4   rms: 0.3055E-05   max: -.3174E-04   C at   67  2
       a = 13.000      CL =  1.2509
      Cm =  0.0238     CD =  0.02438   =>   CDf =  0.00581    CDp =  0.01857
 plradd ia,ip,cpol           42           0  1.17229582E-04

 Point added to stored polar  1
 Point written to save file  s8038_Re600k.base.pol                           
 Dump file unspecified or not available
 Calculating wake trajectory ...
 Calculating source influence matrix ...

 Solving BL system ...

 Side 1  free  transition at x/c =  0.0421   31
 Side 2 forced transition at x/c =  1.0000   67

   1   rms: 0.5641E-01   max: 0.1824E+00   D at   80  1
       a = 13.250      CL =  1.2429
      Cm =  0.0268     CD =  0.02681   =>   CDf =  0.00581    CDp =  0.02100

 Side 1  free  transition at x/c =  0.0400   30
 Side 2 forced transition at x/c =  1.0000   67

   2   rms: 0.4643E-01   max: -.3926E+00   D at   30  1
       a = 13.250      CL =  1.2626
      Cm =  0.0251     CD =  0.02497   =>   CDf =  0.00567    CDp =  0.01931

 Side 1  free  transition at x/c =  0.0411   30
 Side 2 forced transition at x/c =  1.0000   67

   3   rms: 0.8701E-02   max: 0.3933E-01   T at   30  1
       a = 13.250      CL =  1.2688
      Cm =  0.0246     CD =  0.02483   =>   CDf =  0.00573    CDp =  0.01910

 Side 1  free  transition at x/c =  0.0407   30
 Side 2 forced transition at x/c =  1.0000   67

   4   rms: 0.2786E-03   max: 0.4796E-02   D at   83  1
       a = 13.250      CL =  1.2687
      Cm =  0.0246     CD =  0.02485   =>   CDf =  0.00573    CDp =  0.01912

 Side 1  free  transition at x/c =  0.0407   30
 Side 2 forced transition at x/c =  1.0000   67

   5   rms: 0.4954E-05   max: -.3965E-04   C at   67  2
       a = 13.250      CL =  1.2687
      Cm =  0.0246     CD =  0.02485   =>   CDf =  0.00573    CDp =  0.01912
 plradd ia,ip,cpol           43           0  1.17229582E-04

 Point added to stored polar  1
 Point written to save file  s8038_Re600k.base.pol                           
 Dump file unspecified or not available
 Calculating wake trajectory ...
 Calculating source influence matrix ...

 Solving BL system ...

 Side 1  free  transition at x/c =  0.0407   30
 Side 2 forced transition at x/c =  1.0000   67

   1   rms: 0.3364E-01   max: -.1503E+00   D at    3  2
       a = 13.500      CL =  1.2804
      Cm =  0.0258     CD =  0.02585   =>   CDf =  0.00539    CDp =  0.02045

 Side 1  free  transition at x/c =  0.0397   31
 Side 2 forced transition at x/c =  1.0000   66

   2   rms: 0.3515E-02   max: 0.2358E-01   D at   84  1
       a = 13.500      CL =  1.2786
      Cm =  0.0259     CD =  0.02590   =>   CDf =  0.00565    CDp =  0.02025

 Side 1  free  transition at x/c =  0.0397   31
 Side 2 forced transition at x/c =  1.0000   66

   3   rms: 0.5976E-03   max: -.6815E-02   D at    4  1
       a = 13.500      CL =  1.2785
      Cm =  0.0259     CD =  0.02589   =>   CDf =  0.00564    CDp =  0.02025

 Side 1  free  transition at x/c =  0.0397   31
 Side 2 forced transition at x/c =  1.0000   66

   4   rms: 0.2896E-05   max: -.2054E-04   C at   66  2
       a = 13.500      CL =  1.2785
      Cm =  0.0259     CD =  0.02589   =>   CDf =  0.00564    CDp =  0.02025
 plradd ia,ip,cpol           44           0  1.17229582E-04

 Point added to stored polar  1
 Point written to save file  s8038_Re600k.base.pol                           
 Dump file unspecified or not available
 Calculating wake trajectory ...
 Calculating source influence matrix ...

 Solving BL system ...

 Side 1  free  transition at x/c =  0.0397   31
 Side 2 forced transition at x/c =  1.0000   66

   1   rms: 0.3308E-01   max: 0.1150E+00   T at   31  1   RLX: 0.988
       a = 13.750      CL =  1.2911
      Cm =  0.0269     CD =  0.02685   =>   CDf =  0.00565    CDp =  0.02120

 Side 1  free  transition at x/c =  0.0383   31
 Side 2 forced transition at x/c =  1.0000   66

   2   rms: 0.2561E-02   max: 0.1757E-01   D at   83  1
       a = 13.750      CL =  1.2893
      Cm =  0.0270     CD =  0.02691   =>   CDf =  0.00559    CDp =  0.02133

 Side 1  free  transition at x/c =  0.0383   31
 Side 2 forced transition at x/c =  1.0000   66

   3   rms: 0.6344E-04   max: 0.1063E-02   D at   82  1
       a = 13.750      CL =  1.2893
      Cm =  0.0270     CD =  0.02691   =>   CDf =  0.00558    CDp =  0.02133
 plradd ia,ip,cpol           45           0  1.17229582E-04

 Point added to stored polar  1
 Point written to save file  s8038_Re600k.base.pol                           
 Dump file unspecified or not available
 Calculating wake trajectory ...
 Calculating source influence matrix ...

 Solving BL system ...

 Side 1  free  transition at x/c =  0.0383   31
 Side 2 forced transition at x/c =  1.0000   66

   1   rms: 0.3314E-01   max: 0.9029E-01   T at   31  1   RLX: 0.951
       a = 14.000      CL =  1.3001
      Cm =  0.0279     CD =  0.02798   =>   CDf =  0.00559    CDp =  0.02239

 Side 1  free  transition at x/c =  0.0371   31
 Side 2 forced transition at x/c =  1.0000   66

   2   rms: 0.3447E-02   max: 0.2371E-01   D at   81  1
       a = 14.000      CL =  1.2985
      Cm =  0.0280     CD =  0.02811   =>   CDf =  0.00555    CDp =  0.02256

 Side 1  free  transition at x/c =  0.0371   31
 Side 2 forced transition at x/c =  1.0000   66

   3   rms: 0.1640E-03   max: 0.1411E-02   D at   81  1
       a = 14.000      CL =  1.2984
      Cm =  0.0280     CD =  0.02809   =>   CDf =  0.00554    CDp =  0.02255

 Side 1  free  transition at x/c =  0.0371   31
 Side 2 forced transition at x/c =  1.0000   66

   4   rms: 0.2087E-05   max: -.2871E-04   C at   66  2
       a = 14.000      CL =  1.2984
      Cm =  0.0280     CD =  0.02809   =>   CDf =  0.00554    CDp =  0.02255
 plradd ia,ip,cpol           46           0  1.17229582E-04

 Point added to stored polar  1
 Point written to save file  s8038_Re600k.base.pol                           
 Dump file unspecified or not available
 Calculating wake trajectory ...
 Calculating source influence matrix ...

 Solving BL system ...

 Side 1  free  transition at x/c =  0.0371   31
 Side 2 forced transition at x/c =  1.0000   66

   1   rms: 0.3484E-01   max: 0.9852E-01   D at   78  1   RLX: 0.910
       a = 14.250      CL =  1.3057
      Cm =  0.0289     CD =  0.02946   =>   CDf =  0.00554    CDp =  0.02392

 Side 1  free  transition at x/c =  0.0362   31
 Side 2 forced transition at x/c =  1.0000   66

   2   rms: 0.5696E-02   max: 0.3850E-01   D at   80  1
       a = 14.250      CL =  1.3035
      Cm =  0.0291     CD =  0.02970   =>   CDf =  0.00550    CDp =  0.02420

 Side 1  free  transition at x/c =  0.0361   31
 Side 2 forced transition at x/c =  1.0000   66

   3   rms: 0.4278E-03   max: 0.4240E-02   D at   79  1
       a = 14.250      CL =  1.3033
      Cm =  0.0291     CD =  0.02968   =>   CDf =  0.00549    CDp =  0.02419

 Side 1  free  transition at x/c =  0.0362   31
 Side 2 forced transition at x/c =  1.0000   66

   4   rms: 0.1148E-04   max: -.9560E-04   C at   66  2
       a = 14.250      CL =  1.3033
      Cm =  0.0291     CD =  0.02968   =>   CDf =  0.00549    CDp =  0.02419
 plradd ia,ip,cpol           47           0  1.17229582E-04

 Point added to stored polar  1
 Point written to save file  s8038_Re600k.base.pol                           
 Dump file unspecified or not available
 Calculating wake trajectory ...
 Calculating source influence matrix ...

 Solving BL system ...

 Side 1  free  transition at x/c =  0.0362   31
 Side 2 forced transition at x/c =  1.0000   66

   1   rms: 0.3743E-01   max: 0.1179E+00   D at   77  1   RLX: 0.867
       a = 14.500      CL =  1.3072
      Cm =  0.0299     CD =  0.03134   =>   CDf =  0.00549    CDp =  0.02585

 Side 1  free  transition at x/c =  0.0350   31
 Side 2 forced transition at x/c =  1.0000   66

   2   rms: 0.9960E-02   max: 0.5559E-01   D at   78  1
       a = 14.500      CL =  1.3026
      Cm =  0.0302     CD =  0.03191   =>   CDf =  0.00545    CDp =  0.02646

 Side 1  free  transition at x/c =  0.0348   31
 Side 2 forced transition at x/c =  1.0000   66

   3   rms: 0.6737E-03   max: 0.5230E-02   D at   77  1
       a = 14.500      CL =  1.3021
      Cm =  0.0302     CD =  0.03187   =>   CDf =  0.00543    CDp =  0.02643

 Side 1  free  transition at x/c =  0.0348   31
 Side 2 forced transition at x/c =  1.0000   66

   4   rms: 0.1167E-04   max: -.1550E-03   C at   66  2
       a = 14.500      CL =  1.3021
      Cm =  0.0302     CD =  0.03186   =>   CDf =  0.00543    CDp =  0.02643
 plradd ia,ip,cpol           48           0  1.17229582E-04

 Point added to stored polar  1
 Point written to save file  s8038_Re600k.base.pol                           
 Dump file unspecified or not available
 Calculating wake trajectory ...
 Calculating source influence matrix ...

 Solving BL system ...

 Side 1  free  transition at x/c =  0.0348   31
 Side 2 forced transition at x/c =  1.0000   66

   1   rms: 0.4673E-01   max: 0.1639E+00   D at   75  1   RLX: 0.812
       a = 14.750      CL =  1.2991
      Cm =  0.0309     CD =  0.03422   =>   CDf =  0.00543    CDp =  0.02878

 Side 1  free  transition at x/c =  0.0341   30
 Side 2 forced transition at x/c =  1.0000   66

   2   rms: 0.1439E-01   max: -.1232E+00   D at   30  1
       a = 14.750      CL =  1.3065
      Cm =  0.0309     CD =  0.03363   =>   CDf =  0.00533    CDp =  0.02830

 Side 1  free  transition at x/c =  0.0341   30
 Side 2 forced transition at x/c =  1.0000   66

   3   rms: 0.1676E-02   max: -.7002E-02   D at   76  1
       a = 14.750      CL =  1.3076
      Cm =  0.0309     CD =  0.03357   =>   CDf =  0.00533    CDp =  0.02824

 Side 1  free  transition at x/c =  0.0341   30
 Side 2 forced transition at x/c =  1.0000   66

   4   rms: 0.6387E-04   max: 0.5792E-03   C at   66  2
       a = 14.750      CL =  1.3076
      Cm =  0.0309     CD =  0.03358   =>   CDf =  0.00534    CDp =  0.02825
 plradd ia,ip,cpol           49           0  1.17229582E-04

 Point added to stored polar  1
 Point written to save file  s8038_Re600k.base.pol                           
 Dump file unspecified or not available
 Calculating wake trajectory ...
 Calculating source influence matrix ...

 Solving BL system ...

 Side 1  free  transition at x/c =  0.0341   30
 Side 2 forced transition at x/c =  1.0000   66

   1   rms: 0.3268E-01   max: -.1216E+00   C at   30  1   RLX: 0.801
       a = 15.000      CL =  1.3167
      Cm =  0.0311     CD =  0.03476   =>   CDf =  0.00534    CDp =  0.02942

 Side 1  free  transition at x/c =  0.0334   30
 Side 2 forced transition at x/c =  1.0000   66

   2   rms: 0.6710E-02   max: 0.2994E-01   D at   75  1
       a = 15.000      CL =  1.3174
      Cm =  0.0312     CD =  0.03504   =>   CDf =  0.00526    CDp =  0.02978

 Side 1  free  transition at x/c =  0.0332   30
 Side 2 forced transition at x/c =  1.0000   66

   3   rms: 0.3607E-03   max: -.2181E-02   C at   66  2
       a = 15.000      CL =  1.3171
      Cm =  0.0312     CD =  0.03501   =>   CDf =  0.00524    CDp =  0.02977

 Side 1  free  transition at x/c =  0.0332   30
 Side 2 forced transition at x/c =  1.0000   66

   4   rms: 0.9149E-05   max: -.8526E-04   C at   66  2
       a = 15.000      CL =  1.3171
      Cm =  0.0312     CD =  0.03501   =>   CDf =  0.00524    CDp =  0.02977
 plradd ia,ip,cpol           50           0  1.17229582E-04

 Point added to stored polar  1
 Point written to save file  s8038_Re600k.base.pol                           
 Dump file unspecified or not available
 Calculating wake trajectory ...
 Calculating source influence matrix ...

 Solving BL system ...

 Side 1  free  transition at x/c =  0.0332   30
 Side 2 forced transition at x/c =  1.0000   66

   1   rms: 0.3264E-01   max: 0.9159E-01   T at   30  1   RLX: 0.776
       a = 15.250      CL =  1.3253
      Cm =  0.0313     CD =  0.03626   =>   CDf =  0.00524    CDp =  0.03102

 Side 1  free  transition at x/c =  0.0324   30
 Side 2 forced transition at x/c =  1.0000   66

   2   rms: 0.7599E-02   max: -.3888E-01   D at   30  1
       a = 15.250      CL =  1.3262
      Cm =  0.0314     CD =  0.03658   =>   CDf =  0.00518    CDp =  0.03141

 Side 1  free  transition at x/c =  0.0322   30
 Side 2 forced transition at x/c =  1.0000   66

   3   rms: 0.4242E-03   max: -.2718E-02   C at   66  2
       a = 15.250      CL =  1.3259
      Cm =  0.0315     CD =  0.03655   =>   CDf =  0.00516    CDp =  0.03139

 Side 1  free  transition at x/c =  0.0322   30
 Side 2 forced transition at x/c =  1.0000   66

   4   rms: 0.1479E-04   max: -.1035E-03   C at   66  2
       a = 15.250      CL =  1.3259
      Cm =  0.0315     CD =  0.03655   =>   CDf =  0.00516    CDp =  0.03138
 plradd ia,ip,cpol           51           0  1.17229582E-04

 Point added to stored polar  1
 Point written to save file  s8038_Re600k.base.pol                           
 Dump file unspecified or not available
 Calculating wake trajectory ...
 Calculating source influence matrix ...

 Solving BL system ...

 Side 1  free  transition at x/c =  0.0322   30
 Side 2 forced transition at x/c =  1.0000   66

   1   rms: 0.3344E-01   max: 0.9897E-01   D at   72  1   RLX: 0.749
       a = 15.500      CL =  1.3315
      Cm =  0.0315     CD =  0.03805   =>   CDf =  0.00476    CDp =  0.03329

 Side 1  free  transition at x/c =  0.0316   31
 Side 2 forced transition at x/c =  1.0000   65

   2   rms: 0.9221E-02   max: 0.4247E-01   D at   74  1
       a = 15.500      CL =  1.3316
      Cm =  0.0316     CD =  0.03854   =>   CDf =  0.00509    CDp =  0.03345

 Side 1  free  transition at x/c =  0.0315   31
 Side 2 forced transition at x/c =  1.0000   65

   3   rms: 0.1026E-02   max: 0.6302E-02   D at   73  1
       a = 15.500      CL =  1.3308
      Cm =  0.0317     CD =  0.03850   =>   CDf =  0.00507    CDp =  0.03343

 Side 1  free  transition at x/c =  0.0315   31
 Side 2 forced transition at x/c =  1.0000   65

   4   rms: 0.4899E-04   max: 0.3102E-03   D at   76  2
       a = 15.500      CL =  1.3308
      Cm =  0.0317     CD =  0.03850   =>   CDf =  0.00507    CDp =  0.03343
 plradd ia,ip,cpol           52           0  1.17229582E-04

 Point added to stored polar  1
 Point written to save file  s8038_Re600k.base.pol                           
 Dump file unspecified or not available
 Calculating wake trajectory ...
 Calculating source influence matrix ...

 Solving BL system ...

 Side 1  free  transition at x/c =  0.0315   31
 Side 2 forced transition at x/c =  1.0000   65

   1   rms: 0.3357E-01   max: 0.1051E+00   D at   71  1   RLX: 0.722
       a = 15.750      CL =  1.3355
      Cm =  0.0316     CD =  0.04011   =>   CDf =  0.00507    CDp =  0.03504

 Side 1  free  transition at x/c =  0.0308   31
 Side 2 forced transition at x/c =  1.0000   65

   2   rms: 0.9979E-02   max: 0.4359E-01   D at   72  1
       a = 15.750      CL =  1.3351
      Cm =  0.0316     CD =  0.04071   =>   CDf =  0.00501    CDp =  0.03570

 Side 1  free  transition at x/c =  0.0307   31
 Side 2 forced transition at x/c =  1.0000   65

   3   rms: 0.1150E-02   max: 0.6811E-02   D at   72  1
       a = 15.750      CL =  1.3342
      Cm =  0.0317     CD =  0.04067   =>   CDf =  0.00499    CDp =  0.03567

 Side 1  free  transition at x/c =  0.0307   31
 Side 2 forced transition at x/c =  1.0000   65

   4   rms: 0.6422E-04   max: -.4240E-03   C at   65  2
       a = 15.750      CL =  1.3342
      Cm =  0.0317     CD =  0.04066   =>   CDf =  0.00499    CDp =  0.03566
 plradd ia,ip,cpol           53           0  1.17229582E-04

 Point added to stored polar  1
 Point written to save file  s8038_Re600k.base.pol                           
 Dump file unspecified or not available
 Calculating wake trajectory ...
 Calculating source influence matrix ...

 Solving BL system ...

 Side 1  free  transition at x/c =  0.0307   31
 Side 2 forced transition at x/c =  1.0000   65

   1   rms: 0.3387E-01   max: 0.1082E+00   D at   70  1   RLX: 0.696
       a = 16.000      CL =  1.3382
      Cm =  0.0315     CD =  0.04234   =>   CDf =  0.00500    CDp =  0.03734

 Side 1  free  transition at x/c =  0.0301   31
 Side 2 forced transition at x/c =  1.0000   65

   2   rms: 0.1174E-01   max: 0.5597E-01   D at   71  1
       a = 16.000      CL =  1.3371
      Cm =  0.0314     CD =  0.04314   =>   CDf =  0.00495    CDp =  0.03818

 Side 1  free  transition at x/c =  0.0299   31
 Side 2 forced transition at x/c =  1.0000   65

   3   rms: 0.1410E-02   max: 0.6689E-02   D at   77  2
       a = 16.000      CL =  1.3360
      Cm =  0.0315     CD =  0.04307   =>   CDf =  0.00493    CDp =  0.03813

 Side 1  free  transition at x/c =  0.0300   31
 Side 2 forced transition at x/c =  1.0000   65

   4   rms: 0.7493E-04   max: -.5266E-03   C at   65  2
       a = 16.000      CL =  1.3360
      Cm =  0.0315     CD =  0.04306   =>   CDf =  0.00493    CDp =  0.03813
 plradd ia,ip,cpol           54           0  1.17229582E-04

 Point added to stored polar  1
 Point written to save file  s8038_Re600k.base.pol                           
 Dump file unspecified or not available

.OPERva   c>  
 Polar accumulation disabled

.OPERv   c>  
 XFOIL   c>  
 XFOIL   c>  