
 ===================================================
  XFOIL Version 6.99
  Copyright (C) 2000   Mark Drela, Harold Youngren

  This software comes with ABSOLUTELY NO WARRANTY,
    subject to the GNU General Public License.

  Caveat computor
 ===================================================

 File  xfoil.def  not found

   QUIT    Exit program

  .OPER    Direct operating point(s)
  .MDES    Complex mapping design routine
  .QDES    Surface speed design routine
  .GDES    Geometry design routine

   SAVE f  Write airfoil to labeled coordinate file
   PSAV f  Write airfoil to plain coordinate file
   ISAV f  Write airfoil to ISES coordinate file
   MSAV f  Write airfoil to MSES coordinate file
   REVE    Reverse written-airfoil node ordering

   LOAD f  Read buffer airfoil from coordinate file
   NACA i  Set NACA 4,5-digit airfoil and buffer airfoil
   INTE    Set buffer airfoil by interpolating two airfoils
   NORM    Buffer airfoil normalization toggle
   XYCM rr Change CM reference location, currently  0.25000 0.00000

   BEND    Display structural properties of current airfoil

   PCOP    Set current-airfoil panel nodes directly from buffer airfoil points
   PANE    Set current-airfoil panel nodes ( 160 ) based on curvature
  .PPAR    Show/change paneling

  .PLOP    Plotting options

   WDEF f  Write  current-settings file
   RDEF f  Reread current-settings file
   NAME s  Specify new airfoil name
   NINC    Increment name version number

   Z       Zoom    | (available in all menus)
   U       Unzoom  | 

 XFOIL   c>  
 Labeled airfoil file.  Name:  S8052 (11.88%)                                  

 Number of input coordinate points:  81
 Counterclockwise ordering
 Max thickness =     0.118948  at x =   0.333
 Max camber    =     0.015963  at x =   0.369

  LE  x,y  =   0.00001  -0.00037  |   Chord =   0.99999
  TE  x,y  =   1.00000   0.00000  |

 Current airfoil nodes set from buffer airfoil nodes (  81 )

 XFOIL   c>  
 XFOIL   c>  
 Sharp trailing edge

 Paneling parameters used...
   Number of panel nodes       160
   Panel bunching parameter    1.000
   TE/LE panel density ratio   0.150
   Refined-area/LE panel density ratio    0.200
   Top    side refined area x/c limits  1.000 1.000
   Bottom side refined area x/c limits  1.000 1.000

 XFOIL   c>  
.OPERi   c>  
 Xtr/c     =  1.0000    top    side
 Xtr/c     =  1.0000    bottom side
 Ncrit     =    9.00   ( 0.070 % turb. level )
 Vacc      =  0.0100

 Klag  =  5.6000     Uxwt  =    1.00
 A     =  6.7000     B     =  0.7500       KCt = 0.01485
 CtiniK=  1.8000     CtiniX=  3.3000

..VPAR   c>  
..VPAR   c>  
.OPERi   c>  
 M  =    0.0000
 Re =    400000

.OPERv   c>  
.OPERv   c>  
.OPERv   c>  
 Polar  1 newly created for accumulation
 Airfoil archived with polar: S8052 (11.88%)                                  

Enter  polar save filename  OR  <return> for no file   s>  
 New polar save file available

Enter  polar dump filename  OR  <return> for no file   s>  
 Polar dump file will NOT be written

 Polar accumulation enabled

.OPERva   c>   Calculating unit vorticity distributions ...
 Calculating wake trajectory ...
 Calculating source influence matrix ...

 Solving BL system ...

 Initializing BL ...
    side            1  ...
 MRCHUE: Inverse mode at  51     Hk =   3.800
 MRCHUE: Inverse mode at  52     Hk =   4.351
 MRCHUE: Inverse mode at  53     Hk =   4.894
 MRCHUE: Inverse mode at  54     Hk =   5.429
 MRCHUE: Inverse mode at  55     Hk =   5.956
 MRCHUE: Inverse mode at  56     Hk =   6.477
 MRCHUE: Inverse mode at  57     Hk =   6.995
 MRCHUE: Inverse mode at  58     Hk =   7.509
 MRCHUE: Inverse mode at  59     Hk =   8.019
 MRCHUE: Inverse mode at  60     Hk =   8.525
 MRCHUE: Inverse mode at  61     Hk =   9.027
 MRCHUE: Inverse mode at  62     Hk =   9.526
 MRCHUE: Inverse mode at  63     Hk =   8.138
 MRCHUE: Inverse mode at  64     Hk =   6.351
 MRCHUE: Inverse mode at  65     Hk =   5.136
 MRCHUE: Inverse mode at  66     Hk =   4.212
 MRCHUE: Inverse mode at  67     Hk =   3.470
    side            2  ...
 MRCHUE: Inverse mode at  13     Hk =   4.044
 MRCHUE: Inverse mode at  14     Hk =   5.056
 MRCHUE: Inverse mode at  15     Hk =   6.009
 MRCHUE: Inverse mode at  16     Hk =   6.970
 MRCHUE: Inverse mode at  17     Hk =   7.989
 MRCHUE: Inverse mode at  18     Hk =   9.113
 MRCHUE: Inverse mode at  19     Hk =  10.381
 MRCHUE: Inverse mode at  20     Hk =   3.482
 MRCHUE: Inverse mode at  85     Hk =   2.500
 MRCHUE: Inverse mode at  86     Hk =   2.500

 Side 1  free  transition at x/c =  0.8115   63
 Side 2  free  transition at x/c =  0.0287   20

   1   rms: 0.2888E+00   max: -.1138E+01   T at   20  2   RLX: 0.439
       a = -4.000      CL = -0.3072
      Cm = -0.0285     CD =  0.01234   =>   CDf =  0.00706    CDp =  0.00528

 MRCHDU: Convergence failed at  20  side 2    Res =  0.1374E+01
 Side 1  free  transition at x/c =  0.8186   63
 Side 2  free  transition at x/c =  0.0343   20

   2   rms: 0.1378E+00   max: -.8702E+00   D at   67  1   RLX: 0.575
       a = -4.000      CL = -0.2900
      Cm = -0.0296     CD =  0.01208   =>   CDf =  0.00702    CDp =  0.00506

 MRCHDU: Convergence failed at  65  side 1    Res =  0.1817E+01
 MRCHDU: Convergence failed at  66  side 1    Res =  0.3066E+01
 MRCHDU: Convergence failed at  67  side 1    Res =  0.3090E+01
 MRCHDU: Convergence failed at  68  side 1    Res =  0.1479E+01
 MRCHDU: Convergence failed at  69  side 1    Res =  0.1975E+01
 MRCHDU: Convergence failed at  70  side 1    Res =  0.2462E+01
 MRCHDU: Convergence failed at  71  side 1    Res =  0.2969E+01
 MRCHDU: Convergence failed at  72  side 1    Res =  0.3492E+01
 MRCHDU: Convergence failed at  73  side 1    Res =  0.4115E+01
 MRCHDU: Convergence failed at  74  side 1    Res =  0.4773E+01
 MRCHDU: Convergence failed at  75  side 1    Res =  0.5727E+01
 MRCHDU: Convergence failed at  76  side 1    Res =  0.5615E+01
 Side 1  free  transition at x/c =  0.8338   64
 Side 2  free  transition at x/c =  0.0538   22

   3   rms: 0.1355E+00   max: 0.8312E+00   T at   67  1
       a = -4.000      CL = -0.3240
      Cm = -0.0206     CD =  0.01059   =>   CDf =  0.00664    CDp =  0.00394

 Side 1  free  transition at x/c =  0.8217   64
 Side 2  free  transition at x/c =  0.0587   23

   4   rms: 0.2615E+00   max: -.3686E+01   C at   23  2   RLX: 0.136
       a = -4.000      CL = -0.3162
      Cm = -0.0227     CD =  0.01152   =>   CDf =  0.00709    CDp =  0.00443

 Side 1  free  transition at x/c =  0.8226   64
 Side 2  free  transition at x/c =  0.0684   23

   5   rms: 0.1058E+00   max: 0.1586E+01   C at   23  2   RLX: 0.654
       a = -4.000      CL = -0.2709
      Cm = -0.0315     CD =  0.01135   =>   CDf =  0.00706    CDp =  0.00429

 MRCHDU: Convergence failed at  24  side 2    Res =  0.2399E+01
 MRCHDU: Convergence failed at  25  side 2    Res =  0.2279E+01
 MRCHDU: Convergence failed at  26  side 2    Res =  0.2410E+01
 MRCHDU: Convergence failed at  27  side 2    Res =  0.1742E+01
 MRCHDU: Convergence failed at  28  side 2    Res =  0.1508E+01
 MRCHDU: Convergence failed at  29  side 2    Res =  0.1530E+01
 MRCHDU: Convergence failed at  30  side 2    Res =  0.1738E+01
 MRCHDU: Convergence failed at  31  side 2    Res =  0.1961E+01
 MRCHDU: Convergence failed at  32  side 2    Res =  0.2186E+01
 MRCHDU: Convergence failed at  33  side 2    Res =  0.2409E+01
 MRCHDU: Convergence failed at  34  side 2    Res =  0.2623E+01
 MRCHDU: Convergence failed at  35  side 2    Res =  0.2861E+01
 MRCHDU: Convergence failed at  36  side 2    Res =  0.3080E+01
 MRCHDU: Convergence failed at  37  side 2    Res =  0.3324E+01
 MRCHDU: Convergence failed at  38  side 2    Res =  0.3562E+01
 MRCHDU: Convergence failed at  39  side 2    Res =  0.3828E+01
 MRCHDU: Convergence failed at  40  side 2    Res =  0.4114E+01
 MRCHDU: Convergence failed at  41  side 2    Res =  0.4366E+01
 MRCHDU: Convergence failed at  42  side 2    Res =  0.4653E+01
 MRCHDU: Convergence failed at  43  side 2    Res =  0.4925E+01
 MRCHDU: Convergence failed at  44  side 2    Res =  0.5191E+01
 MRCHDU: Convergence failed at  45  side 2    Res =  0.5446E+01
 MRCHDU: Convergence failed at  46  side 2    Res =  0.5713E+01
 MRCHDU: Convergence failed at  47  side 2    Res =  0.5980E+01
 MRCHDU: Convergence failed at  48  side 2    Res =  0.6268E+01
 MRCHDU: Convergence failed at  49  side 2    Res =  0.6565E+01
 MRCHDU: Convergence failed at  50  side 2    Res =  0.6832E+01
 MRCHDU: Convergence failed at  51  side 2    Res =  0.7106E+01
 MRCHDU: Convergence failed at  52  side 2    Res =  0.7418E+01
 MRCHDU: Convergence failed at  53  side 2    Res =  0.7824E+01
 MRCHDU: Convergence failed at  54  side 2    Res =  0.8389E+01
 MRCHDU: Convergence failed at  55  side 2    Res =  0.9147E+01
 MRCHDU: Convergence failed at  56  side 2    Res =  0.1083E+02
 MRCHDU: Convergence failed at  57  side 2    Res =  0.1279E+02
 MRCHDU: Convergence failed at  58  side 2    Res =  0.1554E+02
 MRCHDU: Convergence failed at  59  side 2    Res =  0.1931E+02
 MRCHDU: Convergence failed at  60  side 2    Res =  0.2516E+02
 MRCHDU: Convergence failed at  61  side 2    Res =  0.3628E+02
 MRCHDU: Convergence failed at  62  side 2    Res =  0.6485E+02
 MRCHDU: Convergence failed at  63  side 2    Res =  0.4752E+03
 MRCHDU: Convergence failed at  64  side 2    Res =  0.7214E+02
 MRCHDU: Convergence failed at  65  side 2    Res =  0.4006E+02
 MRCHDU: Convergence failed at  66  side 2    Res =  0.2821E+02
 MRCHDU: Convergence failed at  67  side 2    Res =  0.2208E+02
 MRCHDU: Convergence failed at  68  side 2    Res =  0.1734E+02
 MRCHDU: Convergence failed at  69  side 2    Res =  0.1462E+02
 MRCHDU: Convergence failed at  70  side 2    Res =  0.1312E+02
 MRCHDU: Convergence failed at  71  side 2    Res =  0.1201E+02
 MRCHDU: Convergence failed at  72  side 2    Res =  0.1101E+02
 MRCHDU: Convergence failed at  73  side 2    Res =  0.1019E+02
 MRCHDU: Convergence failed at  74  side 2    Res =  0.9501E+01
 MRCHDU: Convergence failed at  75  side 2    Res =  0.9039E+01
 MRCHDU: Convergence failed at  76  side 2    Res =  0.8536E+01
 MRCHDU: Convergence failed at  77  side 2    Res =  0.8219E+01
 MRCHDU: Convergence failed at  78  side 2    Res =  0.7882E+01
 MRCHDU: Convergence failed at  79  side 2    Res =  0.7634E+01
 MRCHDU: Convergence failed at  80  side 2    Res =  0.7317E+01
 MRCHDU: Convergence failed at  81  side 2    Res =  0.7092E+01
 MRCHDU: Convergence failed at  82  side 2    Res =  0.6799E+01
 MRCHDU: Convergence failed at  83  side 2    Res =  0.6419E+01
 MRCHDU: Convergence failed at  84  side 2    Res =  0.6142E+01
 MRCHDU: Convergence failed at  85  side 2    Res =  0.7684E+01
 MRCHDU: Convergence failed at  86  side 2    Res =  0.7189E+02
 Side 1  free  transition at x/c =  0.8271   64
 Side 2 forced transition at x/c =  1.0000   86

   6   rms: 0.5050E+00   max: -.6131E+00   U at   86  2   RLX: 0.457
       a = -4.000      CL = -0.7181
      Cm =  0.1237     CD =  0.00479   =>   CDf =  0.00791    CDp = -0.00313

 Side 1  free  transition at x/c =  0.8280   64
 Side 2  free  transition at x/c =  0.4258   48

   7   rms: 0.6525E+00   max: 0.1147E+02   C at   48  2   RLX: 0.131
       a = -4.000      CL = -0.6645
      Cm =  0.1002     CD =  0.00695   =>   CDf =  0.00732    CDp = -0.00036

 Side 1  free  transition at x/c =  0.8281   64
 Side 2  free  transition at x/c =  0.3646   44

   8   rms: 0.5421E+00   max: 0.9496E+01   C at   44  2   RLX: 0.158
       a = -4.000      CL = -0.5969
      Cm =  0.0773     CD =  0.00735   =>   CDf =  0.00736    CDp = -0.00001

 Side 1  free  transition at x/c =  0.8283   64
 Side 2  free  transition at x/c =  0.3021   39

   9   rms: 0.3637E+00   max: 0.5843E+01   C at   39  2   RLX: 0.257
       a = -4.000      CL = -0.5073
      Cm =  0.0470     CD =  0.00788   =>   CDf =  0.00739    CDp =  0.00049

 Side 1  free  transition at x/c =  0.8286   64
 Side 2  free  transition at x/c =  0.2398   35

  10   rms: 0.2378E+00   max: 0.3407E+01   C at   35  2   RLX: 0.440
       a = -4.000      CL = -0.3958
      Cm =  0.0099     CD =  0.00875   =>   CDf =  0.00729    CDp =  0.00146

 Side 1  free  transition at x/c =  0.8291   64
 Side 2  free  transition at x/c =  0.1822   32

  11   rms: 0.1283E+00   max: 0.1296E+01   C at   32  2
       a = -4.000      CL = -0.2557
      Cm = -0.0351     CD =  0.01028   =>   CDf =  0.00705    CDp =  0.00324

 Side 1  free  transition at x/c =  0.8301   64
 Side 2  free  transition at x/c =  0.1401   29

  12   rms: 0.1401E-01   max: -.1975E+00   D at   32  2
       a = -4.000      CL = -0.2528
      Cm = -0.0357     CD =  0.01052   =>   CDf =  0.00660    CDp =  0.00392

 Side 1  free  transition at x/c =  0.8303   64
 Side 2  free  transition at x/c =  0.1401   29

  13   rms: 0.7535E-03   max: 0.1143E-01   C at   29  2
       a = -4.000      CL = -0.2527
      Cm = -0.0357     CD =  0.01053   =>   CDf =  0.00660    CDp =  0.00393

 Side 1  free  transition at x/c =  0.8303   64
 Side 2  free  transition at x/c =  0.1399   29

  14   rms: 0.2941E-05   max: -.2565E-04   D at   32  2
       a = -4.000      CL = -0.2527
      Cm = -0.0357     CD =  0.01053   =>   CDf =  0.00660    CDp =  0.00393
 plradd ia,ip,cpol            1           0  1.78200821E-03

 Point added to stored polar  1
 Point written to save file  s8052_Re400k.base.pol                           
 Dump file unspecified or not available
 Calculating wake trajectory ...
 Calculating source influence matrix ...

 Solving BL system ...

 Side 1  free  transition at x/c =  0.8303   64
 Side 2  free  transition at x/c =  0.1399   29

   1   rms: 0.2453E+00   max: -.4369E+01   C at   29  2   RLX: 0.114
       a = -3.500      CL = -0.2474
      Cm = -0.0356     CD =  0.01038   =>   CDf =  0.00660    CDp =  0.00378

 Side 1  free  transition at x/c =  0.8290   64
 Side 2  free  transition at x/c =  0.1512   29

   2   rms: 0.1336E+00   max: -.2307E+01   C at   29  2   RLX: 0.217
       a = -3.500      CL = -0.2368
      Cm = -0.0354     CD =  0.01033   =>   CDf =  0.00657    CDp =  0.00376

 Side 1  free  transition at x/c =  0.8268   64
 Side 2  free  transition at x/c =  0.1784   31

   3   rms: 0.7649E-01   max: -.6571E+00   C at   31  2   RLX: 0.761
       a = -3.500      CL = -0.2095
      Cm = -0.0352     CD =  0.01005   =>   CDf =  0.00647    CDp =  0.00358

 Side 1  free  transition at x/c =  0.8213   64
 Side 2  free  transition at x/c =  0.2554   36

   4   rms: 0.1789E+00   max: -.3669E+01   C at   36  2   RLX: 0.136
       a = -3.500      CL = -0.2162
      Cm = -0.0351     CD =  0.00970   =>   CDf =  0.00623    CDp =  0.00348

 Side 1  free  transition at x/c =  0.8212   64
 Side 2  free  transition at x/c =  0.2568   37

   5   rms: 0.8105E-01   max: -.1212E+01   C at   37  2   RLX: 0.413
       a = -3.500      CL = -0.2115
      Cm = -0.0349     CD =  0.00959   =>   CDf =  0.00627    CDp =  0.00332

 Side 1  free  transition at x/c =  0.8208   64
 Side 2  free  transition at x/c =  0.2740   38

   6   rms: 0.6088E-01   max: -.1113E+01   C at   38  2   RLX: 0.449
       a = -3.500      CL = -0.2088
      Cm = -0.0348     CD =  0.00951   =>   CDf =  0.00615    CDp =  0.00336

 Side 1  free  transition at x/c =  0.8206   63
 Side 2  free  transition at x/c =  0.2835   38

   7   rms: 0.3106E-01   max: -.6144E+00   C at   38  2   RLX: 0.814
       a = -3.500      CL = -0.2058
      Cm = -0.0347     CD =  0.00945   =>   CDf =  0.00608    CDp =  0.00337

 Side 1  free  transition at x/c =  0.8203   63
 Side 2  free  transition at x/c =  0.2936   39

   8   rms: 0.6070E-02   max: -.1152E+00   C at   39  2
       a = -3.500      CL = -0.2050
      Cm = -0.0347     CD =  0.00945   =>   CDf =  0.00603    CDp =  0.00343

 Side 1  free  transition at x/c =  0.8202   63
 Side 2  free  transition at x/c =  0.2964   39

   9   rms: 0.1636E-03   max: -.2951E-02   C at   39  2
       a = -3.500      CL = -0.2050
      Cm = -0.0347     CD =  0.00946   =>   CDf =  0.00601    CDp =  0.00344

 Side 1  free  transition at x/c =  0.8202   63
 Side 2  free  transition at x/c =  0.2964   39

  10   rms: 0.1591E-05   max: 0.1591E-04   D at    4  2
       a = -3.500      CL = -0.2050
      Cm = -0.0347     CD =  0.00946   =>   CDf =  0.00601    CDp =  0.00344
 plradd ia,ip,cpol            2           0  1.78200821E-03

 Point added to stored polar  1
 Point written to save file  s8052_Re400k.base.pol                           
 Dump file unspecified or not available
 Calculating wake trajectory ...
 Calculating source influence matrix ...

 Solving BL system ...

 Side 1  free  transition at x/c =  0.8202   63
 Side 2  free  transition at x/c =  0.2964   39

   1   rms: 0.2847E+00   max: -.5485E+01   C at   39  2   RLX: 0.091
       a = -3.000      CL = -0.2006
      Cm = -0.0346     CD =  0.00935   =>   CDf =  0.00601    CDp =  0.00334

 Side 1  free  transition at x/c =  0.8191   63
 Side 2  free  transition at x/c =  0.3136   40

   2   rms: 0.2420E+00   max: -.4601E+01   C at   40  2   RLX: 0.109
       a = -3.000      CL = -0.1957
      Cm = -0.0346     CD =  0.00925   =>   CDf =  0.00603    CDp =  0.00322

 Side 1  free  transition at x/c =  0.8179   64
 Side 2  free  transition at x/c =  0.3347   41

   3   rms: 0.2526E+00   max: -.4604E+01   C at   41  2   RLX: 0.109
       a = -3.000      CL = -0.1919
      Cm = -0.0344     CD =  0.00911   =>   CDf =  0.00586    CDp =  0.00324

 Side 1  free  transition at x/c =  0.8169   64
 Side 2  free  transition at x/c =  0.3479   42

   4   rms: 0.2051E+00   max: -.3532E+01   C at   42  2   RLX: 0.142
       a = -3.000      CL = -0.1867
      Cm = -0.0344     CD =  0.00902   =>   CDf =  0.00583    CDp =  0.00319

 Side 1  free  transition at x/c =  0.8156   64
 Side 2  free  transition at x/c =  0.3624   42

   5   rms: 0.1255E+00   max: -.2202E+01   C at   42  2   RLX: 0.227
       a = -3.000      CL = -0.1790
      Cm = -0.0344     CD =  0.00898   =>   CDf =  0.00578    CDp =  0.00320

 Side 1  free  transition at x/c =  0.8140   64
 Side 2  free  transition at x/c =  0.3940   45

   6   rms: 0.1594E+00   max: -.2809E+01   C at   45  2   RLX: 0.178
       a = -3.000      CL = -0.1759
      Cm = -0.0341     CD =  0.00876   =>   CDf =  0.00565    CDp =  0.00311

 Side 1  free  transition at x/c =  0.8131   64
 Side 2  free  transition at x/c =  0.4082   45

   7   rms: 0.1455E+00   max: -.2747E+01   C at   45  2   RLX: 0.182
       a = -3.000      CL = -0.1723
      Cm = -0.0341     CD =  0.00871   =>   CDf =  0.00558    CDp =  0.00313

 Side 1  free  transition at x/c =  0.8123   64
 Side 2  free  transition at x/c =  0.4213   46

   8   rms: 0.1123E+00   max: -.2117E+01   C at   46  2   RLX: 0.236
       a = -3.000      CL = -0.1686
      Cm = -0.0340     CD =  0.00864   =>   CDf =  0.00554    CDp =  0.00310

 Side 1  free  transition at x/c =  0.8116   64
 Side 2  free  transition at x/c =  0.4389   47

   9   rms: 0.8887E-01   max: -.1664E+01   C at   47  2   RLX: 0.301
       a = -3.000      CL = -0.1654
      Cm = -0.0339     CD =  0.00855   =>   CDf =  0.00547    CDp =  0.00308

 Side 1  free  transition at x/c =  0.8108   64
 Side 2  free  transition at x/c =  0.4609   49

  10   rms: 0.7491E-01   max: -.1405E+01   C at   49  2   RLX: 0.356
       a = -3.000      CL = -0.1633
      Cm = -0.0336     CD =  0.00841   =>   CDf =  0.00537    CDp =  0.00304

 Side 1  free  transition at x/c =  0.8102   64
 Side 2  free  transition at x/c =  0.4779   50

  11   rms: 0.4674E-01   max: -.8708E+00   C at   50  2   RLX: 0.574
       a = -3.000      CL = -0.1608
      Cm = -0.0335     CD =  0.00834   =>   CDf =  0.00531    CDp =  0.00303

 Side 1  free  transition at x/c =  0.8096   64
 Side 2  free  transition at x/c =  0.4986   51

  12   rms: 0.1761E-01   max: -.3230E+00   C at   51  2
       a = -3.000      CL = -0.1591
      Cm = -0.0333     CD =  0.00829   =>   CDf =  0.00523    CDp =  0.00305

 Side 1  free  transition at x/c =  0.8092   64
 Side 2  free  transition at x/c =  0.5183   53

  13   rms: 0.4186E-02   max: 0.7389E-01   C at   53  2
       a = -3.000      CL = -0.1594
      Cm = -0.0333     CD =  0.00826   =>   CDf =  0.00515    CDp =  0.00311

 Side 1  free  transition at x/c =  0.8092   64
 Side 2  free  transition at x/c =  0.5158   53

  14   rms: 0.1077E-03   max: -.1991E-02   C at   53  2
       a = -3.000      CL = -0.1594
      Cm = -0.0333     CD =  0.00826   =>   CDf =  0.00516    CDp =  0.00310

 Side 1  free  transition at x/c =  0.8092   64
 Side 2  free  transition at x/c =  0.5159   53

  15   rms: 0.1021E-05   max: 0.1809E-04   C at   53  2
       a = -3.000      CL = -0.1594
      Cm = -0.0333     CD =  0.00826   =>   CDf =  0.00516    CDp =  0.00310
 plradd ia,ip,cpol            3           0  3.20299552E-03

 Point added to stored polar  1
 Point written to save file  s8052_Re400k.base.pol                           
 Dump file unspecified or not available
 Calculating wake trajectory ...
 Calculating source influence matrix ...

 Solving BL system ...

 Side 1  free  transition at x/c =  0.8092   64
 Side 2  free  transition at x/c =  0.5159   53

   1   rms: 0.3189E+00   max: -.5630E+01   C at   53  2   RLX: 0.089
       a = -2.500      CL = -0.1557
      Cm = -0.0330     CD =  0.00816   =>   CDf =  0.00516    CDp =  0.00300

 Side 1  free  transition at x/c =  0.8083   64
 Side 2  free  transition at x/c =  0.5305   54

   2   rms: 0.2514E+00   max: -.4274E+01   C at   54  2   RLX: 0.117
       a = -2.500      CL = -0.1503
      Cm = -0.0330     CD =  0.00811   =>   CDf =  0.00513    CDp =  0.00297

 Side 1  free  transition at x/c =  0.8074   64
 Side 2  free  transition at x/c =  0.5452   55

   3   rms: 0.2034E+00   max: -.3305E+01   C at   55  2   RLX: 0.151
       a = -2.500      CL = -0.1442
      Cm = -0.0329     CD =  0.00805   =>   CDf =  0.00510    CDp =  0.00295

 Side 1  free  transition at x/c =  0.8064   64
 Side 2  free  transition at x/c =  0.5600   56

   4   rms: 0.1652E+00   max: -.2602E+01   C at   56  2   RLX: 0.192
       a = -2.500      CL = -0.1376
      Cm = -0.0328     CD =  0.00801   =>   CDf =  0.00507    CDp =  0.00294

 Side 1  free  transition at x/c =  0.8053   63
 Side 2  free  transition at x/c =  0.5751   56

   5   rms: 0.7429E-01   max: -.8020E+00   C at   56  2   RLX: 0.623
       a = -2.500      CL = -0.1184
      Cm = -0.0327     CD =  0.00800   =>   CDf =  0.00504    CDp =  0.00296

 Side 1  free  transition at x/c =  0.8012   63
 Side 2  free  transition at x/c =  0.6531   62

   6   rms: 0.2807E-01   max: 0.2567E+00   D at   62  2
       a = -2.500      CL = -0.1101
      Cm = -0.0316     CD =  0.00787   =>   CDf =  0.00482    CDp =  0.00306

 Side 1  free  transition at x/c =  0.7991   64
 Side 2  free  transition at x/c =  0.6578   61

   7   rms: 0.5387E-02   max: -.8656E-01   D at   62  2
       a = -2.500      CL = -0.1094
      Cm = -0.0318     CD =  0.00791   =>   CDf =  0.00477    CDp =  0.00314

 Side 1  free  transition at x/c =  0.7992   64
 Side 2  free  transition at x/c =  0.6536   61

   8   rms: 0.6699E-03   max: -.7346E-02   C at   61  2
       a = -2.500      CL = -0.1093
      Cm = -0.0318     CD =  0.00792   =>   CDf =  0.00478    CDp =  0.00314

 Side 1  free  transition at x/c =  0.7992   64
 Side 2  free  transition at x/c =  0.6538   61

   9   rms: 0.3462E-05   max: -.5017E-04   D at   63  2
       a = -2.500      CL = -0.1093
      Cm = -0.0318     CD =  0.00792   =>   CDf =  0.00478    CDp =  0.00314
 plradd ia,ip,cpol            4           0  3.20299552E-03

 Point added to stored polar  1
 Point written to save file  s8052_Re400k.base.pol                           
 Dump file unspecified or not available
 Calculating wake trajectory ...
 Calculating source influence matrix ...

 Solving BL system ...

 Side 1  free  transition at x/c =  0.7992   64
 Side 2  free  transition at x/c =  0.6538   61

   1   rms: 0.1148E+00   max: -.9294E+00   C at   61  2   RLX: 0.538
       a = -2.000      CL = -0.0814
      Cm = -0.0310     CD =  0.00784   =>   CDf =  0.00478    CDp =  0.00306

 Side 1  free  transition at x/c =  0.7933   64
 Side 2  free  transition at x/c =  0.6727   62

   2   rms: 0.4852E-01   max: -.3480E+00   T at   62  2
       a = -2.000      CL = -0.0544
      Cm = -0.0312     CD =  0.00800   =>   CDf =  0.00489    CDp =  0.00311

 Side 1  free  transition at x/c =  0.7897   63
 Side 2  free  transition at x/c =  0.7078   64

   3   rms: 0.2434E-01   max: 0.3773E+00   C at   64  2
       a = -2.000      CL = -0.0552
      Cm = -0.0310     CD =  0.00789   =>   CDf =  0.00473    CDp =  0.00317

 Side 1  free  transition at x/c =  0.7897   63
 Side 2  free  transition at x/c =  0.7046   64

   4   rms: 0.4017E-02   max: -.5190E-01   D at   67  2
       a = -2.000      CL = -0.0554
      Cm = -0.0309     CD =  0.00791   =>   CDf =  0.00478    CDp =  0.00313

 Side 1  free  transition at x/c =  0.7897   63
 Side 2  free  transition at x/c =  0.7029   64

   5   rms: 0.1384E-03   max: -.2197E-02   D at   67  2
       a = -2.000      CL = -0.0554
      Cm = -0.0309     CD =  0.00792   =>   CDf =  0.00480    CDp =  0.00312

 Side 1  free  transition at x/c =  0.7897   63
 Side 2  free  transition at x/c =  0.7029   64

   6   rms: 0.1029E-05   max: 0.1223E-04   T at   63  1
       a = -2.000      CL = -0.0554
      Cm = -0.0309     CD =  0.00792   =>   CDf =  0.00480    CDp =  0.00312
 plradd ia,ip,cpol            5           0  3.20299552E-03

 Point added to stored polar  1
 Point written to save file  s8052_Re400k.base.pol                           
 Dump file unspecified or not available
 Calculating wake trajectory ...
 Calculating source influence matrix ...

 Solving BL system ...

 Side 1  free  transition at x/c =  0.7897   63
 Side 2  free  transition at x/c =  0.7029   64

   1   rms: 0.9147E-01   max: 0.4058E+00   D at   65  2
       a = -1.500      CL = -0.0012
      Cm = -0.0302     CD =  0.00787   =>   CDf =  0.00485    CDp =  0.00301

 Side 1  free  transition at x/c =  0.7756   64
 Side 2  free  transition at x/c =  0.7270   64

   2   rms: 0.2920E-01   max: -.2251E+00   D at   65  1
       a = -1.500      CL = -0.0002
      Cm = -0.0304     CD =  0.00798   =>   CDf =  0.00498    CDp =  0.00300

 Side 1  free  transition at x/c =  0.7785   64
 Side 2  free  transition at x/c =  0.7414   65

   3   rms: 0.1096E-01   max: -.1525E+00   C at   65  2
       a = -1.500      CL = -0.0008
      Cm = -0.0301     CD =  0.00791   =>   CDf =  0.00485    CDp =  0.00306

 Side 1  free  transition at x/c =  0.7784   64
 Side 2  free  transition at x/c =  0.7354   65

   4   rms: 0.2417E-02   max: -.2407E-01   C at   65  2
       a = -1.500      CL = -0.0008
      Cm = -0.0302     CD =  0.00791   =>   CDf =  0.00483    CDp =  0.00308

 Side 1  free  transition at x/c =  0.7784   64
 Side 2  free  transition at x/c =  0.7363   65

   5   rms: 0.4211E-04   max: -.6015E-03   D at   68  2
       a = -1.500      CL = -0.0008
      Cm = -0.0302     CD =  0.00791   =>   CDf =  0.00482    CDp =  0.00310
 plradd ia,ip,cpol            6           0  3.20299552E-03

 Point added to stored polar  1
 Point written to save file  s8052_Re400k.base.pol                           
 Dump file unspecified or not available
 Calculating wake trajectory ...
 Calculating source influence matrix ...

 Solving BL system ...

 Side 1  free  transition at x/c =  0.7784   64
 Side 2  free  transition at x/c =  0.7363   65

   1   rms: 0.8605E-01   max: -.3746E+00   T at   65  2
       a = -1.000      CL =  0.0539
      Cm = -0.0294     CD =  0.00797   =>   CDf =  0.00486    CDp =  0.00311

 Side 1  free  transition at x/c =  0.7691   64
 Side 2  free  transition at x/c =  0.7577   65

   2   rms: 0.1151E-01   max: -.1149E+00   D at   64  1
       a = -1.000      CL =  0.0542
      Cm = -0.0296     CD =  0.00795   =>   CDf =  0.00491    CDp =  0.00304

 Side 1  free  transition at x/c =  0.7671   64
 Side 2  free  transition at x/c =  0.7641   66

   3   rms: 0.5748E-02   max: 0.8447E-01   D at   66  2
       a = -1.000      CL =  0.0540
      Cm = -0.0295     CD =  0.00792   =>   CDf =  0.00484    CDp =  0.00309

 Side 1  free  transition at x/c =  0.7673   64
 Side 2  free  transition at x/c =  0.7625   66

   4   rms: 0.5805E-03   max: 0.6230E-02   C at   66  2
       a = -1.000      CL =  0.0540
      Cm = -0.0295     CD =  0.00792   =>   CDf =  0.00485    CDp =  0.00308

 Side 1  free  transition at x/c =  0.7673   64
 Side 2  free  transition at x/c =  0.7623   66

   5   rms: 0.4405E-05   max: -.6910E-04   D at   68  2
       a = -1.000      CL =  0.0540
      Cm = -0.0295     CD =  0.00792   =>   CDf =  0.00485    CDp =  0.00307
 plradd ia,ip,cpol            7           0  3.61528583E-02

 Point added to stored polar  1
 Point written to save file  s8052_Re400k.base.pol                           
 Dump file unspecified or not available
 Calculating wake trajectory ...
 Calculating source influence matrix ...

 Solving BL system ...

 Side 1  free  transition at x/c =  0.7673   64
 Side 2  free  transition at x/c =  0.7623   66

   1   rms: 0.8547E-01   max: -.3642E+00   T at   66  2
       a = -0.500      CL =  0.1083
      Cm = -0.0287     CD =  0.00788   =>   CDf =  0.00485    CDp =  0.00303

 Side 1  free  transition at x/c =  0.7545   63
 Side 2  free  transition at x/c =  0.7794   67

   2   rms: 0.2367E-01   max: -.1521E+00   T at   68  2
       a = -0.500      CL =  0.1086
      Cm = -0.0288     CD =  0.00790   =>   CDf =  0.00495    CDp =  0.00295

 Side 1  free  transition at x/c =  0.7555   63
 Side 2  free  transition at x/c =  0.7858   67

   3   rms: 0.2684E-02   max: -.2724E-01   D at   68  2
       a = -0.500      CL =  0.1086
      Cm = -0.0288     CD =  0.00793   =>   CDf =  0.00489    CDp =  0.00304

 Side 1  free  transition at x/c =  0.7552   63
 Side 2  free  transition at x/c =  0.7858   67

   4   rms: 0.3354E-04   max: 0.5125E-03   D at   68  2
       a = -0.500      CL =  0.1086
      Cm = -0.0288     CD =  0.00793   =>   CDf =  0.00489    CDp =  0.00304
 plradd ia,ip,cpol            8           0  0.16341743    

 Point added to stored polar  1
 Point written to save file  s8052_Re400k.base.pol                           
 Dump file unspecified or not available
 Calculating wake trajectory ...
 Calculating source influence matrix ...

 Solving BL system ...

 Side 1  free  transition at x/c =  0.7552   63
 Side 2  free  transition at x/c =  0.7858   67

   1   rms: 0.8263E-01   max: -.3363E+00   T at   67  2
       a =  0.000      CL =  0.1635
      Cm = -0.0284     CD =  0.00793   =>   CDf =  0.00490    CDp =  0.00303

 Side 1  free  transition at x/c =  0.7389   63
 Side 2  free  transition at x/c =  0.8064   68

   2   rms: 0.2146E-01   max: -.1978E+00   D at   64  1
       a =  0.000      CL =  0.1631
      Cm = -0.0281     CD =  0.00790   =>   CDf =  0.00498    CDp =  0.00292

 Side 1  free  transition at x/c =  0.7420   63
 Side 2  free  transition at x/c =  0.8067   68

   3   rms: 0.2670E-02   max: 0.3032E-01   D at   64  1
       a =  0.000      CL =  0.1631
      Cm = -0.0281     CD =  0.00790   =>   CDf =  0.00492    CDp =  0.00298

 Side 1  free  transition at x/c =  0.7416   63
 Side 2  free  transition at x/c =  0.8064   68

   4   rms: 0.3076E-04   max: -.2781E-03   D at   70  2
       a =  0.000      CL =  0.1631
      Cm = -0.0281     CD =  0.00790   =>   CDf =  0.00492    CDp =  0.00298
 plradd ia,ip,cpol            9           0  0.10797130    

 Point added to stored polar  1
 Point written to save file  s8052_Re400k.base.pol                           
 Dump file unspecified or not available
 Calculating wake trajectory ...
 Calculating source influence matrix ...

 Solving BL system ...

 Side 1  free  transition at x/c =  0.7416   63
 Side 2  free  transition at x/c =  0.8064   68

   1   rms: 0.8467E-01   max: -.3466E+00   T at   68  2
       a =  0.500      CL =  0.2167
      Cm = -0.0272     CD =  0.00775   =>   CDf =  0.00492    CDp =  0.00283

 Side 1  free  transition at x/c =  0.7232   63
 Side 2  free  transition at x/c =  0.8191   67

   2   rms: 0.3430E-01   max: -.3635E+00   D at   68  2
       a =  0.500      CL =  0.2183
      Cm = -0.0277     CD =  0.00800   =>   CDf =  0.00508    CDp =  0.00292

 MRCHDU: Convergence failed at  69  side 2    Res =  0.6185E+01
 MRCHDU: Convergence failed at  70  side 2    Res =  0.1589E+01
 MRCHDU: Convergence failed at  71  side 2    Res =  0.1219E+01
 MRCHDU: Convergence failed at  72  side 2    Res =  0.2059E+01
 MRCHDU: Convergence failed at  73  side 2    Res =  0.2528E+01
 MRCHDU: Convergence failed at  74  side 2    Res =  0.2933E+01
 MRCHDU: Convergence failed at  75  side 2    Res =  0.3205E+01
 MRCHDU: Convergence failed at  76  side 2    Res =  0.3346E+01
 MRCHDU: Convergence failed at  77  side 2    Res =  0.3439E+01
 MRCHDU: Convergence failed at  78  side 2    Res =  0.3563E+01
 MRCHDU: Convergence failed at  79  side 2    Res =  0.3704E+01
 MRCHDU: Convergence failed at  80  side 2    Res =  0.3842E+01
 Side 1  free  transition at x/c =  0.7271   63
 Side 2  free  transition at x/c =  0.8324   68

   3   rms: 0.1211E+00   max: 0.7769E+00   C at   68  2
       a =  0.500      CL =  0.2588
      Cm = -0.0365     CD =  0.00728   =>   CDf =  0.00455    CDp =  0.00273

 Side 1  free  transition at x/c =  0.7256   63
 Side 2  free  transition at x/c =  0.8267   68

   4   rms: 0.3895E-01   max: -.2361E+00   D at   72  2
       a =  0.500      CL =  0.2171
      Cm = -0.0273     CD =  0.00784   =>   CDf =  0.00491    CDp =  0.00293

 Side 1  free  transition at x/c =  0.7267   63
 Side 2  free  transition at x/c =  0.8260   68

   5   rms: 0.1799E-02   max: -.2330E-01   D at   72  2
       a =  0.500      CL =  0.2173
      Cm = -0.0273     CD =  0.00785   =>   CDf =  0.00492    CDp =  0.00293

 Side 1  free  transition at x/c =  0.7266   63
 Side 2  free  transition at x/c =  0.8254   68

   6   rms: 0.3296E-04   max: -.3729E-03   D at   68  2
       a =  0.500      CL =  0.2173
      Cm = -0.0273     CD =  0.00785   =>   CDf =  0.00493    CDp =  0.00292
 plradd ia,ip,cpol           10           0  9.49286520E-02

 Point added to stored polar  1
 Point written to save file  s8052_Re400k.base.pol                           
 Dump file unspecified or not available
 Calculating wake trajectory ...
 Calculating source influence matrix ...

 Solving BL system ...

 Side 1  free  transition at x/c =  0.7266   63
 Side 2  free  transition at x/c =  0.8254   68

   1   rms: 0.8288E-01   max: -.3277E+00   T at   68  2
       a =  1.000      CL =  0.2710
      Cm = -0.0265     CD =  0.00775   =>   CDf =  0.00493    CDp =  0.00282

 Side 1  free  transition at x/c =  0.7067   62
 Side 2  free  transition at x/c =  0.8417   69

   2   rms: 0.2214E-01   max: -.1981E+00   D at   63  1
       a =  1.000      CL =  0.2713
      Cm = -0.0265     CD =  0.00778   =>   CDf =  0.00500    CDp =  0.00279

 Side 1  free  transition at x/c =  0.7112   62
 Side 2  free  transition at x/c =  0.8449   69

   3   rms: 0.2085E-02   max: 0.3100E-01   D at   63  1
       a =  1.000      CL =  0.2713
      Cm = -0.0265     CD =  0.00780   =>   CDf =  0.00492    CDp =  0.00288

 Side 1  free  transition at x/c =  0.7104   62
 Side 2  free  transition at x/c =  0.8449   69

   4   rms: 0.2869E-04   max: -.2847E-03   D at   62  1
       a =  1.000      CL =  0.2713
      Cm = -0.0265     CD =  0.00780   =>   CDf =  0.00492    CDp =  0.00288
 plradd ia,ip,cpol           11           0  9.49286520E-02

 Point added to stored polar  1
 Point written to save file  s8052_Re400k.base.pol                           
 Dump file unspecified or not available
 Calculating wake trajectory ...
 Calculating source influence matrix ...

 Solving BL system ...

 Side 1  free  transition at x/c =  0.7104   62
 Side 2  free  transition at x/c =  0.8449   69

   1   rms: 0.8156E-01   max: -.3008E+00   T at   69  2
       a =  1.500      CL =  0.3253
      Cm = -0.0258     CD =  0.00772   =>   CDf =  0.00489    CDp =  0.00283

 Side 1  free  transition at x/c =  0.6880   62
 Side 2  free  transition at x/c =  0.8645   69

   2   rms: 0.2671E-01   max: -.2463E+00   D at   62  1
       a =  1.500      CL =  0.3251
      Cm = -0.0257     CD =  0.00772   =>   CDf =  0.00501    CDp =  0.00271

 Side 1  free  transition at x/c =  0.6935   62
 Side 2  free  transition at x/c =  0.8662   70

   3   rms: 0.4446E-02   max: -.6658E-01   D at   69  2
       a =  1.500      CL =  0.3249
      Cm = -0.0256     CD =  0.00774   =>   CDf =  0.00491    CDp =  0.00283

 Side 1  free  transition at x/c =  0.6922   62
 Side 2  free  transition at x/c =  0.8656   70

   4   rms: 0.4139E-03   max: 0.5399E-02   D at   70  2
       a =  1.500      CL =  0.3248
      Cm = -0.0256     CD =  0.00774   =>   CDf =  0.00491    CDp =  0.00283

 Side 1  free  transition at x/c =  0.6922   62
 Side 2  free  transition at x/c =  0.8655   70

   5   rms: 0.3173E-05   max: -.3966E-04   D at   72  2
       a =  1.500      CL =  0.3248
      Cm = -0.0256     CD =  0.00774   =>   CDf =  0.00491    CDp =  0.00283
 plradd ia,ip,cpol           12           0  8.23983625E-02

 Point added to stored polar  1
 Point written to save file  s8052_Re400k.base.pol                           
 Dump file unspecified or not available
 Calculating wake trajectory ...
 Calculating source influence matrix ...

 Solving BL system ...

 Side 1  free  transition at x/c =  0.6922   62
 Side 2  free  transition at x/c =  0.8655   70

   1   rms: 0.8586E-01   max: -.3504E+00   T at   70  2
       a =  2.000      CL =  0.3769
      Cm = -0.0242     CD =  0.00753   =>   CDf =  0.00486    CDp =  0.00267

 Side 1  free  transition at x/c =  0.6702   62
 Side 2  free  transition at x/c =  0.8795   69

   2   rms: 0.3138E-01   max: -.3619E+00   D at   70  2
       a =  2.000      CL =  0.3785
      Cm = -0.0249     CD =  0.00775   =>   CDf =  0.00499    CDp =  0.00276

 MRCHDU: Convergence failed at  71  side 2    Res =  0.8290E+01
 MRCHDU: Convergence failed at  72  side 2    Res =  0.1442E+01
 MRCHDU: Convergence failed at  73  side 2    Res =  0.1500E+01
 MRCHDU: Convergence failed at  74  side 2    Res =  0.1982E+01
 MRCHDU: Convergence failed at  75  side 2    Res =  0.2412E+01
 MRCHDU: Convergence failed at  76  side 2    Res =  0.2816E+01
 MRCHDU: Convergence failed at  77  side 2    Res =  0.3104E+01
 MRCHDU: Convergence failed at  78  side 2    Res =  0.3366E+01
 Side 1  free  transition at x/c =  0.6726   62
 Side 2  free  transition at x/c =  0.8935   70

   3   rms: 0.8956E-01   max: 0.6490E+00   C at   71  2
       a =  2.000      CL =  0.3856
      Cm = -0.0266     CD =  0.00742   =>   CDf =  0.00468    CDp =  0.00274

 Side 1  free  transition at x/c =  0.6714   62
 Side 2  free  transition at x/c =  0.8900   70

   4   rms: 0.1526E-01   max: -.1773E+00   D at   74  2
       a =  2.000      CL =  0.3779
      Cm = -0.0246     CD =  0.00764   =>   CDf =  0.00483    CDp =  0.00281

 Side 1  free  transition at x/c =  0.6717   62
 Side 2  free  transition at x/c =  0.8861   70

   5   rms: 0.1290E-02   max: -.1570E-01   D at   74  2
       a =  2.000      CL =  0.3773
      Cm = -0.0244     CD =  0.00765   =>   CDf =  0.00487    CDp =  0.00279

 Side 1  free  transition at x/c =  0.6717   62
 Side 2  free  transition at x/c =  0.8860   70

   6   rms: 0.5229E-05   max: -.7272E-04   D at   74  2
       a =  2.000      CL =  0.3773
      Cm = -0.0244     CD =  0.00765   =>   CDf =  0.00487    CDp =  0.00279
 plradd ia,ip,cpol           13           0  8.23983625E-02

 Point added to stored polar  1
 Point written to save file  s8052_Re400k.base.pol                           
 Dump file unspecified or not available
 Calculating wake trajectory ...
 Calculating source influence matrix ...

 Solving BL system ...

 Side 1  free  transition at x/c =  0.6717   62
 Side 2  free  transition at x/c =  0.8860   70

   1   rms: 0.8457E-01   max: -.3175E+00   T at   70  2
       a =  2.500      CL =  0.4295
      Cm = -0.0231     CD =  0.00761   =>   CDf =  0.00487    CDp =  0.00274

 Side 1  free  transition at x/c =  0.6501   60
 Side 2  free  transition at x/c =  0.9018   71

   2   rms: 0.2632E-01   max: -.2913E+00   D at   61  1
       a =  2.500      CL =  0.4297
      Cm = -0.0233     CD =  0.00756   =>   CDf =  0.00486    CDp =  0.00269

 Side 1  free  transition at x/c =  0.6500   60
 Side 2  free  transition at x/c =  0.9081   71

   3   rms: 0.3039E-02   max: 0.3688E-01   D at   61  1
       a =  2.500      CL =  0.4298
      Cm = -0.0233     CD =  0.00760   =>   CDf =  0.00482    CDp =  0.00278

 Side 1  free  transition at x/c =  0.6489   60
 Side 2  free  transition at x/c =  0.9077   71

   4   rms: 0.4266E-04   max: -.5049E-03   C at   60  1
       a =  2.500      CL =  0.4298
      Cm = -0.0233     CD =  0.00760   =>   CDf =  0.00483    CDp =  0.00277
 plradd ia,ip,cpol           14           0  7.03835487E-02

 Point added to stored polar  1
 Point written to save file  s8052_Re400k.base.pol                           
 Dump file unspecified or not available
 Calculating wake trajectory ...
 Calculating source influence matrix ...

 Solving BL system ...

 Side 1  free  transition at x/c =  0.6489   60
 Side 2  free  transition at x/c =  0.9077   71

   1   rms: 0.8155E-01   max: -.2678E+00   T at   71  2
       a =  3.000      CL =  0.4824
      Cm = -0.0225     CD =  0.00752   =>   CDf =  0.00476    CDp =  0.00276

 Side 1  free  transition at x/c =  0.6158   59
 Side 2  free  transition at x/c =  0.9334   72

   2   rms: 0.2356E-01   max: -.3514E+00   D at   60  1
       a =  3.000      CL =  0.4831
      Cm = -0.0224     CD =  0.00755   =>   CDf =  0.00486    CDp =  0.00270

 Side 1  free  transition at x/c =  0.6223   59
 Side 2  free  transition at x/c =  0.9317   72

   3   rms: 0.3981E-02   max: 0.3927E-01   D at   60  1
       a =  3.000      CL =  0.4834
      Cm = -0.0225     CD =  0.00757   =>   CDf =  0.00479    CDp =  0.00279

 Side 1  free  transition at x/c =  0.6203   59
 Side 2  free  transition at x/c =  0.9307   72

   4   rms: 0.1209E-03   max: -.1480E-02   C at   59  1
       a =  3.000      CL =  0.4834
      Cm = -0.0225     CD =  0.00758   =>   CDf =  0.00480    CDp =  0.00278

 Side 1  free  transition at x/c =  0.6204   59
 Side 2  free  transition at x/c =  0.9307   72

   5   rms: 0.8367E-06   max: 0.5541E-05   D at   77  2
       a =  3.000      CL =  0.4834
      Cm = -0.0225     CD =  0.00758   =>   CDf =  0.00480    CDp =  0.00278
 plradd ia,ip,cpol           15           0  4.85303998E-02

 Point added to stored polar  1
 Point written to save file  s8052_Re400k.base.pol                           
 Dump file unspecified or not available
 Calculating wake trajectory ...
 Calculating source influence matrix ...

 Solving BL system ...

 Side 1  free  transition at x/c =  0.6204   59
 Side 2  free  transition at x/c =  0.9307   72

   1   rms: 0.8811E-01   max: -.3445E+00   C at   72  2
       a =  3.500      CL =  0.5407
      Cm = -0.0225     CD =  0.00754   =>   CDf =  0.00472    CDp =  0.00282

 Side 1  free  transition at x/c =  0.5703   57
 Side 2  free  transition at x/c =  0.9509   72

   2   rms: 0.2797E-01   max: -.3407E+00   D at   58  1
       a =  3.500      CL =  0.5413
      Cm = -0.0227     CD =  0.00769   =>   CDf =  0.00496    CDp =  0.00273

 Side 1  free  transition at x/c =  0.5797   58
 Side 2  free  transition at x/c =  0.9562   73

   3   rms: 0.5124E-02   max: -.6394E-01   D at   72  2
       a =  3.500      CL =  0.5430
      Cm = -0.0230     CD =  0.00769   =>   CDf =  0.00488    CDp =  0.00282

 Side 1  free  transition at x/c =  0.5784   57
 Side 2  free  transition at x/c =  0.9555   72

   4   rms: 0.9129E-03   max: 0.5678E-02   C at   72  2
       a =  3.500      CL =  0.5436
      Cm = -0.0232     CD =  0.00769   =>   CDf =  0.00486    CDp =  0.00282

 Side 1  free  transition at x/c =  0.5779   57
 Side 2  free  transition at x/c =  0.9549   72

   5   rms: 0.2378E-04   max: -.2643E-03   C at   72  2
       a =  3.500      CL =  0.5436
      Cm = -0.0232     CD =  0.00769   =>   CDf =  0.00486    CDp =  0.00282
 plradd ia,ip,cpol           16           0  4.85303998E-02

 Point added to stored polar  1
 Point written to save file  s8052_Re400k.base.pol                           
 Dump file unspecified or not available
 Calculating wake trajectory ...
 Calculating source influence matrix ...

 Solving BL system ...

 Side 1  free  transition at x/c =  0.5780   57
 Side 2  free  transition at x/c =  0.9549   72

   1   rms: 0.9011E-01   max: -.2273E+00   T at   72  2
       a =  4.000      CL =  0.6029
      Cm = -0.0239     CD =  0.00782   =>   CDf =  0.00487    CDp =  0.00296

 Side 1  free  transition at x/c =  0.5145   53
 Side 2  free  transition at x/c =  0.9859   75

   2   rms: 0.3207E-01   max: 0.2749E+00   C at   75  2
       a =  4.000      CL =  0.6098
      Cm = -0.0255     CD =  0.00802   =>   CDf =  0.00514    CDp =  0.00289

 Side 1  free  transition at x/c =  0.5218   54
 Side 2  free  transition at x/c =  0.9795   74

   3   rms: 0.1064E-01   max: 0.8757E-01   C at   54  1
       a =  4.000      CL =  0.6149
      Cm = -0.0266     CD =  0.00806   =>   CDf =  0.00505    CDp =  0.00300

 Side 1  free  transition at x/c =  0.5180   53
 Side 2  free  transition at x/c =  0.9723   74

   4   rms: 0.4871E-02   max: -.4218E-01   C at   74  2
       a =  4.000      CL =  0.6142
      Cm = -0.0264     CD =  0.00805   =>   CDf =  0.00507    CDp =  0.00298

 Side 1  free  transition at x/c =  0.5180   53
 Side 2  free  transition at x/c =  0.9741   74

   5   rms: 0.1001E-03   max: -.1152E-02   D at   74  2
       a =  4.000      CL =  0.6142
      Cm = -0.0264     CD =  0.00805   =>   CDf =  0.00507    CDp =  0.00298

 Side 1  free  transition at x/c =  0.5180   53
 Side 2  free  transition at x/c =  0.9741   74

   6   rms: 0.8569E-06   max: -.1269E-04   C at   53  1
       a =  4.000      CL =  0.6142
      Cm = -0.0264     CD =  0.00805   =>   CDf =  0.00507    CDp =  0.00298
 plradd ia,ip,cpol           17           0  3.92536856E-02

 Point added to stored polar  1
 Point written to save file  s8052_Re400k.base.pol                           
 Dump file unspecified or not available
 Calculating wake trajectory ...
 Calculating source influence matrix ...

 Solving BL system ...

 Side 1  free  transition at x/c =  0.5180   53
 Side 2  free  transition at x/c =  0.9741   74

   1   rms: 0.1114E+00   max: 0.9780E+00   C at   53  1
       a =  4.500      CL =  0.6895
      Cm = -0.0309     CD =  0.00840   =>   CDf =  0.00497    CDp =  0.00343

 Side 1  free  transition at x/c =  0.4221   48
 Side 2  free  transition at x/c =  0.9889   74

   2   rms: 0.2917E-01   max: -.3035E+00   C at   48  1
       a =  4.500      CL =  0.6869
      Cm = -0.0307     CD =  0.00872   =>   CDf =  0.00552    CDp =  0.00321

 Side 1  free  transition at x/c =  0.4326   49
 Side 2  free  transition at x/c =  0.9913   74

   3   rms: 0.3179E-02   max: 0.4043E-01   C at   49  1
       a =  4.500      CL =  0.6869
      Cm = -0.0307     CD =  0.00875   =>   CDf =  0.00542    CDp =  0.00333

 Side 1  free  transition at x/c =  0.4308   49
 Side 2  free  transition at x/c =  0.9913   74

   4   rms: 0.3207E-04   max: -.5126E-03   D at   51  1
       a =  4.500      CL =  0.6869
      Cm = -0.0307     CD =  0.00875   =>   CDf =  0.00543    CDp =  0.00332
 plradd ia,ip,cpol           18           0  2.45776568E-02

 Point added to stored polar  1
 Point written to save file  s8052_Re400k.base.pol                           
 Dump file unspecified or not available
 Calculating wake trajectory ...
 Calculating source influence matrix ...

 Solving BL system ...

 Side 1  free  transition at x/c =  0.4308   49
 Side 2  free  transition at x/c =  0.9913   74

   1   rms: 0.1642E+00   max: 0.2248E+01   C at   49  1   RLX: 0.518
       a =  5.000      CL =  0.7234
      Cm = -0.0329     CD =  0.00932   =>   CDf =  0.00544    CDp =  0.00389

 Side 1  free  transition at x/c =  0.3834   45
 Side 2 forced transition at x/c =  1.0000   75

   2   rms: 0.4986E-01   max: 0.2111E+00   C at   45  1
       a =  5.000      CL =  0.7428
      Cm = -0.0318     CD =  0.00938   =>   CDf =  0.00566    CDp =  0.00372

 Side 1  free  transition at x/c =  0.3493   43
 Side 2 forced transition at x/c =  1.0000   75

   3   rms: 0.1106E-01   max: -.1649E+00   C at   43  1
       a =  5.000      CL =  0.7423
      Cm = -0.0318     CD =  0.00951   =>   CDf =  0.00583    CDp =  0.00368

 Side 1  free  transition at x/c =  0.3533   43
 Side 2 forced transition at x/c =  1.0000   75

   4   rms: 0.8644E-03   max: 0.1070E-01   C at   43  1
       a =  5.000      CL =  0.7424
      Cm = -0.0318     CD =  0.00952   =>   CDf =  0.00579    CDp =  0.00373

 Side 1  free  transition at x/c =  0.3529   43
 Side 2 forced transition at x/c =  1.0000   75

   5   rms: 0.6573E-05   max: -.5811E-04   C at   43  1
       a =  5.000      CL =  0.7424
      Cm = -0.0318     CD =  0.00952   =>   CDf =  0.00579    CDp =  0.00373
 plradd ia,ip,cpol           19           0  1.91313718E-02

 Point added to stored polar  1
 Point written to save file  s8052_Re400k.base.pol                           
 Dump file unspecified or not available
 Calculating wake trajectory ...
 Calculating source influence matrix ...

 Solving BL system ...

 Side 1  free  transition at x/c =  0.3529   43
 Side 2 forced transition at x/c =  1.0000   75

   1   rms: 0.1129E+00   max: 0.1379E+01   C at   43  1
       a =  5.500      CL =  0.7783
      Cm = -0.0286     CD =  0.01013   =>   CDf =  0.00566    CDp =  0.00447

 Side 1  free  transition at x/c =  0.2902   40
 Side 2 forced transition at x/c =  1.0000   74

   2   rms: 0.2875E-01   max: 0.2367E+00   C at   74  2
       a =  5.500      CL =  0.7787
      Cm = -0.0287     CD =  0.01028   =>   CDf =  0.00617    CDp =  0.00412

 Side 1  free  transition at x/c =  0.2934   40
 Side 2 forced transition at x/c =  1.0000   74

   3   rms: 0.5867E-02   max: 0.6514E-01   C at   40  1
       a =  5.500      CL =  0.7797
      Cm = -0.0289     CD =  0.01032   =>   CDf =  0.00608    CDp =  0.00424

 Side 1  free  transition at x/c =  0.2914   40
 Side 2 forced transition at x/c =  1.0000   74

   4   rms: 0.2648E-03   max: 0.3499E-02   C at   74  2
       a =  5.500      CL =  0.7798
      Cm = -0.0289     CD =  0.01032   =>   CDf =  0.00609    CDp =  0.00424

 Side 1  free  transition at x/c =  0.2914   40
 Side 2 forced transition at x/c =  1.0000   74

   5   rms: 0.1378E-05   max: 0.1532E-04   C at   74  2
       a =  5.500      CL =  0.7798
      Cm = -0.0289     CD =  0.01032   =>   CDf =  0.00608    CDp =  0.00424
 plradd ia,ip,cpol           20           0  1.47254169E-02

 Point added to stored polar  1
 Point written to save file  s8052_Re400k.base.pol                           
 Dump file unspecified or not available
 Calculating wake trajectory ...
 Calculating source influence matrix ...

 Solving BL system ...

 Side 1  free  transition at x/c =  0.2914   40
 Side 2 forced transition at x/c =  1.0000   74

   1   rms: 0.1042E+00   max: 0.1325E+01   C at   40  1
       a =  6.000      CL =  0.8223
      Cm = -0.0268     CD =  0.01104   =>   CDf =  0.00593    CDp =  0.00511

 Side 1  free  transition at x/c =  0.2417   38
 Side 2 forced transition at x/c =  1.0000   73

   2   rms: 0.2091E-01   max: -.2044E+00   C at   38  1
       a =  6.000      CL =  0.8220
      Cm = -0.0269     CD =  0.01111   =>   CDf =  0.00636    CDp =  0.00476

 Side 1  free  transition at x/c =  0.2443   38
 Side 2 forced transition at x/c =  1.0000   73

   3   rms: 0.4211E-02   max: 0.7474E-01   C at   38  1
       a =  6.000      CL =  0.8219
      Cm = -0.0269     CD =  0.01114   =>   CDf =  0.00630    CDp =  0.00484

 Side 1  free  transition at x/c =  0.2425   38
 Side 2 forced transition at x/c =  1.0000   73

   4   rms: 0.7577E-04   max: -.8796E-03   C at   38  1
       a =  6.000      CL =  0.8219
      Cm = -0.0268     CD =  0.01114   =>   CDf =  0.00631    CDp =  0.00483
 plradd ia,ip,cpol           21           0  1.47254169E-02

 Point added to stored polar  1
 Point written to save file  s8052_Re400k.base.pol                           
 Dump file unspecified or not available
 Calculating wake trajectory ...
 Calculating source influence matrix ...

 Solving BL system ...

 Side 1  free  transition at x/c =  0.2426   38
 Side 2 forced transition at x/c =  1.0000   73

   1   rms: 0.1037E+00   max: 0.1163E+01   C at   38  1   RLX: 0.860
       a =  6.500      CL =  0.8589
      Cm = -0.0253     CD =  0.01189   =>   CDf =  0.00631    CDp =  0.00558

 Side 1  free  transition at x/c =  0.2098   36
 Side 2 forced transition at x/c =  1.0000   73

   2   rms: 0.2242E-01   max: -.3177E+00   D at   36  1
       a =  6.500      CL =  0.8655
      Cm = -0.0251     CD =  0.01198   =>   CDf =  0.00648    CDp =  0.00549

 Side 1  free  transition at x/c =  0.2062   35
 Side 2 forced transition at x/c =  1.0000   73

   3   rms: 0.1570E-02   max: -.2579E-01   D at   36  1
       a =  6.500      CL =  0.8655
      Cm = -0.0251     CD =  0.01197   =>   CDf =  0.00649    CDp =  0.00547

 Side 1  free  transition at x/c =  0.2055   35
 Side 2 forced transition at x/c =  1.0000   73

   4   rms: 0.1900E-04   max: -.2475E-03   C at   35  1
       a =  6.500      CL =  0.8655
      Cm = -0.0251     CD =  0.01197   =>   CDf =  0.00650    CDp =  0.00547
 plradd ia,ip,cpol           22           0  1.12158265E-02

 Point added to stored polar  1
 Point written to save file  s8052_Re400k.base.pol                           
 Dump file unspecified or not available
 Calculating wake trajectory ...
 Calculating source influence matrix ...

 Solving BL system ...

 Side 1  free  transition at x/c =  0.2055   35
 Side 2 forced transition at x/c =  1.0000   73

   1   rms: 0.8137E-01   max: 0.3115E+00   T at   35  1
       a =  7.000      CL =  0.9139
      Cm = -0.0240     CD =  0.01250   =>   CDf =  0.00631    CDp =  0.00619

 Side 1  free  transition at x/c =  0.1751   34
 Side 2 forced transition at x/c =  1.0000   72

   2   rms: 0.1524E-01   max: 0.2416E+00   D at   35  1
       a =  7.000      CL =  0.9099
      Cm = -0.0236     CD =  0.01278   =>   CDf =  0.00665    CDp =  0.00613

 Side 1  free  transition at x/c =  0.1776   34
 Side 2 forced transition at x/c =  1.0000   72

   3   rms: 0.1600E-02   max: -.1974E-01   D at   35  1
       a =  7.000      CL =  0.9101
      Cm = -0.0236     CD =  0.01277   =>   CDf =  0.00660    CDp =  0.00616

 Side 1  free  transition at x/c =  0.1770   34
 Side 2 forced transition at x/c =  1.0000   72

   4   rms: 0.1896E-04   max: -.2490E-03   C at   34  1
       a =  7.000      CL =  0.9101
      Cm = -0.0236     CD =  0.01277   =>   CDf =  0.00660    CDp =  0.00616
 plradd ia,ip,cpol           23           0  1.12158265E-02

 Point added to stored polar  1
 Point written to save file  s8052_Re400k.base.pol                           
 Dump file unspecified or not available
 Calculating wake trajectory ...
 Calculating source influence matrix ...

 Solving BL system ...

 Side 1  free  transition at x/c =  0.1770   34
 Side 2 forced transition at x/c =  1.0000   72

   1   rms: 0.7864E-01   max: 0.3329E+00   T at   34  1
       a =  7.500      CL =  0.9594
      Cm = -0.0226     CD =  0.01324   =>   CDf =  0.00661    CDp =  0.00663

 Side 1  free  transition at x/c =  0.1522   33
 Side 2 forced transition at x/c =  1.0000   72

   2   rms: 0.3567E-01   max: -.4529E+00   D at   33  1
       a =  7.500      CL =  0.9567
      Cm = -0.0224     CD =  0.01339   =>   CDf =  0.00667    CDp =  0.00673

 Side 1  free  transition at x/c =  0.1557   33
 Side 2 forced transition at x/c =  1.0000   72

   3   rms: 0.7196E-02   max: 0.1104E+00   C at   33  1
       a =  7.500      CL =  0.9554
      Cm = -0.0222     CD =  0.01352   =>   CDf =  0.00662    CDp =  0.00690

 Side 1  free  transition at x/c =  0.1536   33
 Side 2 forced transition at x/c =  1.0000   72

   4   rms: 0.2517E-03   max: -.3078E-02   D at   34  1
       a =  7.500      CL =  0.9552
      Cm = -0.0221     CD =  0.01353   =>   CDf =  0.00665    CDp =  0.00688

 Side 1  free  transition at x/c =  0.1536   33
 Side 2 forced transition at x/c =  1.0000   72

   5   rms: 0.2059E-05   max: -.5803E-05   C at   80  2
       a =  7.500      CL =  0.9552
      Cm = -0.0222     CD =  0.01353   =>   CDf =  0.00665    CDp =  0.00688
 plradd ia,ip,cpol           24           0  1.12158265E-02

 Point added to stored polar  1
 Point written to save file  s8052_Re400k.base.pol                           
 Dump file unspecified or not available
 Calculating wake trajectory ...
 Calculating source influence matrix ...

 Solving BL system ...

 Side 1  free  transition at x/c =  0.1536   33
 Side 2 forced transition at x/c =  1.0000   72

   1   rms: 0.9003E-01   max: -.5766E+00   D at   33  1   RLX: 0.867
       a =  8.000      CL =  0.9923
      Cm = -0.0207     CD =  0.01439   =>   CDf =  0.00643    CDp =  0.00796

 Side 1  free  transition at x/c =  0.1362   33
 Side 2 forced transition at x/c =  1.0000   71

   2   rms: 0.2439E-01   max: -.3074E+00   D at   34  1
       a =  8.000      CL =  0.9978
      Cm = -0.0204     CD =  0.01449   =>   CDf =  0.00673    CDp =  0.00776

 Side 1  free  transition at x/c =  0.1326   32
 Side 2 forced transition at x/c =  1.0000   71

   3   rms: 0.7139E-02   max: -.8503E-01   C at   32  1
       a =  8.000      CL =  0.9990
      Cm = -0.0206     CD =  0.01437   =>   CDf =  0.00670    CDp =  0.00767

 Side 1  free  transition at x/c =  0.1325   32
 Side 2 forced transition at x/c =  1.0000   71

   4   rms: 0.3116E-03   max: 0.5014E-02   C at   32  1
       a =  8.000      CL =  0.9989
      Cm = -0.0206     CD =  0.01438   =>   CDf =  0.00669    CDp =  0.00769

 Side 1  free  transition at x/c =  0.1324   32
 Side 2 forced transition at x/c =  1.0000   71

   5   rms: 0.3170E-05   max: -.1012E-04   C at   71  2
       a =  8.000      CL =  0.9989
      Cm = -0.0206     CD =  0.01438   =>   CDf =  0.00669    CDp =  0.00769
 plradd ia,ip,cpol           25           0  8.44519027E-03

 Point added to stored polar  1
 Point written to save file  s8052_Re400k.base.pol                           
 Dump file unspecified or not available
 Calculating wake trajectory ...
 Calculating source influence matrix ...

 Solving BL system ...

 Side 1  free  transition at x/c =  0.1324   32
 Side 2 forced transition at x/c =  1.0000   71

   1   rms: 0.7833E-01   max: 0.3525E+00   T at   32  1
       a =  8.500      CL =  1.0456
      Cm = -0.0193     CD =  0.01504   =>   CDf =  0.00669    CDp =  0.00834

 Side 1  free  transition at x/c =  0.1135   31
 Side 2 forced transition at x/c =  1.0000   71

   2   rms: 0.3171E-01   max: -.3882E+00   D at   31  1
       a =  8.500      CL =  1.0427
      Cm = -0.0190     CD =  0.01513   =>   CDf =  0.00670    CDp =  0.00843

 Side 1  free  transition at x/c =  0.1139   31
 Side 2 forced transition at x/c =  1.0000   71

   3   rms: 0.4906E-02   max: 0.6409E-01   C at   31  1
       a =  8.500      CL =  1.0416
      Cm = -0.0189     CD =  0.01528   =>   CDf =  0.00670    CDp =  0.00858

 Side 1  free  transition at x/c =  0.1127   31
 Side 2 forced transition at x/c =  1.0000   71

   4   rms: 0.1439E-03   max: -.1770E-02   D at   32  1
       a =  8.500      CL =  1.0415
      Cm = -0.0188     CD =  0.01528   =>   CDf =  0.00672    CDp =  0.00856

 Side 1  free  transition at x/c =  0.1127   31
 Side 2 forced transition at x/c =  1.0000   71

   5   rms: 0.1342E-05   max: -.7968E-05   D at   31  1
       a =  8.500      CL =  1.0415
      Cm = -0.0188     CD =  0.01528   =>   CDf =  0.00672    CDp =  0.00856
 plradd ia,ip,cpol           26           0  8.44519027E-03

 Point added to stored polar  1
 Point written to save file  s8052_Re400k.base.pol                           
 Dump file unspecified or not available
 Calculating wake trajectory ...
 Calculating source influence matrix ...

 Solving BL system ...

 Side 1  free  transition at x/c =  0.1127   31
 Side 2 forced transition at x/c =  1.0000   71

   1   rms: 0.8790E-01   max: -.5932E+00   D at   31  1   RLX: 0.843
       a =  9.000      CL =  1.0753
      Cm = -0.0172     CD =  0.01623   =>   CDf =  0.00646    CDp =  0.00977

 Side 1  free  transition at x/c =  0.0987   31
 Side 2 forced transition at x/c =  1.0000   70

   2   rms: 0.7002E-01   max: 0.8956E+00   T at    2  1   RLX: 0.925
       a =  9.000      CL =  1.0844
      Cm = -0.0173     CD =  0.01594   =>   CDf =  0.00668    CDp =  0.00926

 Side 1  free  transition at x/c =  0.0963   31
 Side 2 forced transition at x/c =  1.0000   70

   3   rms: 0.1011E-01   max: -.1287E+00   D at   31  1
       a =  9.000      CL =  1.0804
      Cm = -0.0167     CD =  0.01640   =>   CDf =  0.00673    CDp =  0.00967

 Side 1  free  transition at x/c =  0.0944   30
 Side 2 forced transition at x/c =  1.0000   70

   4   rms: 0.2748E-02   max: -.2862E-01   C at   30  1
       a =  9.000      CL =  1.0806
      Cm = -0.0167     CD =  0.01637   =>   CDf =  0.00677    CDp =  0.00960

 Side 1  free  transition at x/c =  0.0943   30
 Side 2 forced transition at x/c =  1.0000   70

   5   rms: 0.3482E-04   max: 0.3571E-03   C at   30  1
       a =  9.000      CL =  1.0806
      Cm = -0.0167     CD =  0.01637   =>   CDf =  0.00677    CDp =  0.00960
 plradd ia,ip,cpol           27           0  8.44519027E-03

 Point added to stored polar  1
 Point written to save file  s8052_Re400k.base.pol                           
 Dump file unspecified or not available
 Calculating wake trajectory ...
 Calculating source influence matrix ...

 Solving BL system ...

 Side 1  free  transition at x/c =  0.0943   30
 Side 2 forced transition at x/c =  1.0000   70

   1   rms: 0.7957E-01   max: -.5159E+00   C at   30  1   RLX: 0.969
       a =  9.500      CL =  1.1254
      Cm = -0.0154     CD =  0.01695   =>   CDf =  0.00677    CDp =  0.01018

 Side 1  free  transition at x/c =  0.0803   29
 Side 2 forced transition at x/c =  1.0000   70

   2   rms: 0.1896E-01   max: -.1840E+00   D at   29  1
       a =  9.500      CL =  1.1183
      Cm = -0.0143     CD =  0.01743   =>   CDf =  0.00676    CDp =  0.01068

 Side 1  free  transition at x/c =  0.0798   29
 Side 2 forced transition at x/c =  1.0000   70

   3   rms: 0.1368E-02   max: 0.1638E-01   C at   29  1
       a =  9.500      CL =  1.1181
      Cm = -0.0143     CD =  0.01749   =>   CDf =  0.00675    CDp =  0.01074

 Side 1  free  transition at x/c =  0.0795   29
 Side 2 forced transition at x/c =  1.0000   70

   4   rms: 0.2337E-04   max: -.1870E-03   D at   30  1
       a =  9.500      CL =  1.1181
      Cm = -0.0143     CD =  0.01749   =>   CDf =  0.00675    CDp =  0.01074
 plradd ia,ip,cpol           28           0  4.23095131E-04

 Point added to stored polar  1
 Point written to save file  s8052_Re400k.base.pol                           
 Dump file unspecified or not available
 Calculating wake trajectory ...
 Calculating source influence matrix ...

 Solving BL system ...

 Side 1  free  transition at x/c =  0.0795   29
 Side 2 forced transition at x/c =  1.0000   70

   1   rms: 0.7608E-01   max: 0.4054E+00   T at   29  1
       a = 10.000      CL =  1.1577
      Cm = -0.0122     CD =  0.01849   =>   CDf =  0.00675    CDp =  0.01174

 Side 1  free  transition at x/c =  0.0689   28
 Side 2 forced transition at x/c =  1.0000   70

   2   rms: 0.2050E-01   max: -.1579E+00   D at   29  1
       a = 10.000      CL =  1.1491
      Cm = -0.0111     CD =  0.01884   =>   CDf =  0.00673    CDp =  0.01211

 Side 1  free  transition at x/c =  0.0687   28
 Side 2 forced transition at x/c =  1.0000   70

   3   rms: 0.1142E-02   max: 0.1202E-01   D at   28  1
       a = 10.000      CL =  1.1485
      Cm = -0.0110     CD =  0.01889   =>   CDf =  0.00673    CDp =  0.01215

 Side 1  free  transition at x/c =  0.0686   28
 Side 2 forced transition at x/c =  1.0000   70

   4   rms: 0.1581E-04   max: 0.8382E-04   D at   92  1
       a = 10.000      CL =  1.1485
      Cm = -0.0110     CD =  0.01889   =>   CDf =  0.00673    CDp =  0.01215
 plradd ia,ip,cpol           29           0  4.23095131E-04

 Point added to stored polar  1
 Point written to save file  s8052_Re400k.base.pol                           
 Dump file unspecified or not available

.OPERva   c>  
 Solving BL system ...

 Side 1  free  transition at x/c =  0.0686   28
 Side 2 forced transition at x/c =  1.0000   70

   1   rms: 0.8193E-06   max: -.4909E-05   C at   70  2
       a = 10.000      CL =  1.1485
      Cm = -0.0110     CD =  0.01889   =>   CDf =  0.00673    CDp =  0.01215
 plradd ia,ip,cpol           30         182  4.23095131E-04

 Point added to stored polar  1
 Point written to save file  s8052_Re400k.base.pol                           
 Dump file unspecified or not available
 Calculating wake trajectory ...
 Calculating source influence matrix ...

 Solving BL system ...

 Side 1  free  transition at x/c =  0.0686   28
 Side 2 forced transition at x/c =  1.0000   70

   1   rms: 0.3604E-01   max: 0.1842E+00   T at   28  1
       a = 10.250      CL =  1.1653
      Cm = -0.0095     CD =  0.01943   =>   CDf =  0.00642    CDp =  0.01300

 Side 1  free  transition at x/c =  0.0642   29
 Side 2 forced transition at x/c =  1.0000   69

   2   rms: 0.6400E-02   max: -.6033E-01   D at    2  1
       a = 10.250      CL =  1.1628
      Cm = -0.0091     CD =  0.01948   =>   CDf =  0.00667    CDp =  0.01281

 Side 1  free  transition at x/c =  0.0646   29
 Side 2 forced transition at x/c =  1.0000   69

   3   rms: 0.8116E-03   max: -.1004E-01   D at    4  1
       a = 10.250      CL =  1.1630
      Cm = -0.0092     CD =  0.01948   =>   CDf =  0.00667    CDp =  0.01282

 Side 1  free  transition at x/c =  0.0646   29
 Side 2 forced transition at x/c =  1.0000   69

   4   rms: 0.3790E-05   max: -.1396E-04   C at   69  2
       a = 10.250      CL =  1.1630
      Cm = -0.0092     CD =  0.01948   =>   CDf =  0.00667    CDp =  0.01282
 plradd ia,ip,cpol           31           0  8.29320416E-05

 Point added to stored polar  1
 Point written to save file  s8052_Re400k.base.pol                           
 Dump file unspecified or not available
 Calculating wake trajectory ...
 Calculating source influence matrix ...

 Solving BL system ...

 Side 1  free  transition at x/c =  0.0646   29
 Side 2 forced transition at x/c =  1.0000   69

   1   rms: 0.3701E-01   max: 0.1715E+00   T at   29  1
       a = 10.500      CL =  1.1762
      Cm = -0.0073     CD =  0.02020   =>   CDf =  0.00667    CDp =  0.01353

 Side 1  free  transition at x/c =  0.0606   29
 Side 2 forced transition at x/c =  1.0000   69

   2   rms: 0.4167E-02   max: 0.2287E-01   D at   90  1
       a = 10.500      CL =  1.1725
      Cm = -0.0068     CD =  0.02036   =>   CDf =  0.00669    CDp =  0.01367

 Side 1  free  transition at x/c =  0.0607   29
 Side 2 forced transition at x/c =  1.0000   69

   3   rms: 0.8223E-04   max: 0.1189E-02   D at   89  1
       a = 10.500      CL =  1.1725
      Cm = -0.0068     CD =  0.02036   =>   CDf =  0.00669    CDp =  0.01367
 plradd ia,ip,cpol           32           0  8.29320416E-05

 Point added to stored polar  1
 Point written to save file  s8052_Re400k.base.pol                           
 Dump file unspecified or not available
 Calculating wake trajectory ...
 Calculating source influence matrix ...

 Solving BL system ...

 Side 1  free  transition at x/c =  0.0607   29
 Side 2 forced transition at x/c =  1.0000   69

   1   rms: 0.4349E-01   max: 0.1536E+00   T at   29  1
       a = 10.750      CL =  1.1778
      Cm = -0.0040     CD =  0.02163   =>   CDf =  0.00669    CDp =  0.01494

 Side 1  free  transition at x/c =  0.0576   28
 Side 2 forced transition at x/c =  1.0000   69

   2   rms: 0.2146E-01   max: -.1761E+00   D at   28  1
       a = 10.750      CL =  1.1813
      Cm = -0.0045     CD =  0.02122   =>   CDf =  0.00662    CDp =  0.01460

 Side 1  free  transition at x/c =  0.0579   28
 Side 2 forced transition at x/c =  1.0000   69

   3   rms: 0.2331E-02   max: 0.1261E-01   T at   28  1
       a = 10.750      CL =  1.1830
      Cm = -0.0047     CD =  0.02123   =>   CDf =  0.00662    CDp =  0.01461

 Side 1  free  transition at x/c =  0.0577   28
 Side 2 forced transition at x/c =  1.0000   69

   4   rms: 0.3715E-04   max: 0.5364E-03   D at   87  1
       a = 10.750      CL =  1.1830
      Cm = -0.0047     CD =  0.02123   =>   CDf =  0.00662    CDp =  0.01461
 plradd ia,ip,cpol           33           0  8.29320416E-05

 Point added to stored polar  1
 Point written to save file  s8052_Re400k.base.pol                           
 Dump file unspecified or not available
 Calculating wake trajectory ...
 Calculating source influence matrix ...

 Solving BL system ...

 Side 1  free  transition at x/c =  0.0577   28
 Side 2 forced transition at x/c =  1.0000   69

   1   rms: 0.3521E-01   max: 0.1827E+00   T at   28  1
       a = 11.000      CL =  1.1998
      Cm = -0.0035     CD =  0.02180   =>   CDf =  0.00663    CDp =  0.01517

 Side 1  free  transition at x/c =  0.0546   28
 Side 2 forced transition at x/c =  1.0000   69

   2   rms: 0.3406E-02   max: -.2808E-01   D at   28  1
       a = 11.000      CL =  1.1976
      Cm = -0.0033     CD =  0.02187   =>   CDf =  0.00655    CDp =  0.01532

 Side 1  free  transition at x/c =  0.0548   28
 Side 2 forced transition at x/c =  1.0000   69

   3   rms: 0.1424E-03   max: -.6665E-03   D at   88  1
       a = 11.000      CL =  1.1978
      Cm = -0.0033     CD =  0.02187   =>   CDf =  0.00655    CDp =  0.01532

 Side 1  free  transition at x/c =  0.0548   28
 Side 2 forced transition at x/c =  1.0000   69

   4   rms: 0.8897E-06   max: -.5534E-05   D at   89  2
       a = 11.000      CL =  1.1978
      Cm = -0.0033     CD =  0.02187   =>   CDf =  0.00655    CDp =  0.01533
 plradd ia,ip,cpol           34           0  8.29320416E-05

 Point added to stored polar  1
 Point written to save file  s8052_Re400k.base.pol                           
 Dump file unspecified or not available
 Calculating wake trajectory ...
 Calculating source influence matrix ...

 Solving BL system ...

 Side 1  free  transition at x/c =  0.0548   28
 Side 2 forced transition at x/c =  1.0000   69

   1   rms: 0.3469E-01   max: 0.1437E+00   T at   28  1
       a = 11.250      CL =  1.2114
      Cm = -0.0018     CD =  0.02267   =>   CDf =  0.00655    CDp =  0.01612

 Side 1  free  transition at x/c =  0.0523   28
 Side 2 forced transition at x/c =  1.0000   69

   2   rms: 0.3553E-02   max: -.3399E-01   D at   28  1
       a = 11.250      CL =  1.2097
      Cm = -0.0017     CD =  0.02270   =>   CDf =  0.00650    CDp =  0.01620

 Side 1  free  transition at x/c =  0.0525   28
 Side 2 forced transition at x/c =  1.0000   69

   3   rms: 0.1732E-03   max: -.8040E-03   D at   87  1
       a = 11.250      CL =  1.2098
      Cm = -0.0017     CD =  0.02270   =>   CDf =  0.00650    CDp =  0.01620

 Side 1  free  transition at x/c =  0.0524   28
 Side 2 forced transition at x/c =  1.0000   69

   4   rms: 0.1831E-05   max: 0.1232E-04   C at   69  2
       a = 11.250      CL =  1.2098
      Cm = -0.0017     CD =  0.02270   =>   CDf =  0.00650    CDp =  0.01620
 plradd ia,ip,cpol           35           0  8.29320416E-05

 Point added to stored polar  1
 Point written to save file  s8052_Re400k.base.pol                           
 Dump file unspecified or not available
 Calculating wake trajectory ...
 Calculating source influence matrix ...

 Solving BL system ...

 Side 1  free  transition at x/c =  0.0524   28
 Side 2 forced transition at x/c =  1.0000   69

   1   rms: 0.3618E-01   max: 0.1509E+00   T at   28  1
       a = 11.500      CL =  1.2217
      Cm = -0.0002     CD =  0.02365   =>   CDf =  0.00650    CDp =  0.01715

 Side 1  free  transition at x/c =  0.0499   28
 Side 2 forced transition at x/c =  1.0000   69

   2   rms: 0.5526E-02   max: 0.2876E-01   D at   84  1
       a = 11.500      CL =  1.2175
      Cm =  0.0002     CD =  0.02388   =>   CDf =  0.00649    CDp =  0.01739

 Side 1  free  transition at x/c =  0.0498   28
 Side 2 forced transition at x/c =  1.0000   69

   3   rms: 0.1323E-03   max: 0.1999E-02   D at   83  1
       a = 11.500      CL =  1.2174
      Cm =  0.0002     CD =  0.02388   =>   CDf =  0.00650    CDp =  0.01738

 Side 1  free  transition at x/c =  0.0499   28
 Side 2 forced transition at x/c =  1.0000   69

   4   rms: 0.1761E-05   max: -.3091E-04   C at   69  2
       a = 11.500      CL =  1.2174
      Cm =  0.0002     CD =  0.02388   =>   CDf =  0.00650    CDp =  0.01738
 plradd ia,ip,cpol           36           0  8.29320416E-05

 Point added to stored polar  1
 Point written to save file  s8052_Re400k.base.pol                           
 Dump file unspecified or not available
 Calculating wake trajectory ...
 Calculating source influence matrix ...

 Solving BL system ...

 Side 1  free  transition at x/c =  0.0499   28
 Side 2 forced transition at x/c =  1.0000   69

   1   rms: 0.4326E-01   max: 0.1262E+00   T at   28  1
       a = 11.750      CL =  1.2214
      Cm =  0.0024     CD =  0.02553   =>   CDf =  0.00650    CDp =  0.01903

 Side 1  free  transition at x/c =  0.0479   27
 Side 2 forced transition at x/c =  1.0000   69

   2   rms: 0.1492E-01   max: -.1111E+00   D at   27  1
       a = 11.750      CL =  1.2236
      Cm =  0.0021     CD =  0.02515   =>   CDf =  0.00642    CDp =  0.01873

 Side 1  free  transition at x/c =  0.0480   27
 Side 2 forced transition at x/c =  1.0000   69

   3   rms: 0.2036E-02   max: -.8832E-02   D at   82  1
       a = 11.750      CL =  1.2249
      Cm =  0.0020     CD =  0.02514   =>   CDf =  0.00643    CDp =  0.01872

 Side 1  free  transition at x/c =  0.0480   27
 Side 2 forced transition at x/c =  1.0000   69

   4   rms: 0.9583E-05   max: 0.1365E-03   D at   81  1
       a = 11.750      CL =  1.2249
      Cm =  0.0020     CD =  0.02515   =>   CDf =  0.00642    CDp =  0.01872
 plradd ia,ip,cpol           37           0  8.29320416E-05

 Point added to stored polar  1
 Point written to save file  s8052_Re400k.base.pol                           
 Dump file unspecified or not available
 Calculating wake trajectory ...
 Calculating source influence matrix ...

 Solving BL system ...

 Side 1  free  transition at x/c =  0.0480   27
 Side 2 forced transition at x/c =  1.0000   69

   1   rms: 0.3341E-01   max: 0.1336E+00   T at   27  1
       a = 12.000      CL =  1.2397
      Cm =  0.0031     CD =  0.02598   =>   CDf =  0.00605    CDp =  0.01994

 Side 1  free  transition at x/c =  0.0464   28
 Side 2 forced transition at x/c =  1.0000   68

   2   rms: 0.4338E-02   max: -.6270E-01   D at    2  1
       a = 12.000      CL =  1.2381
      Cm =  0.0032     CD =  0.02601   =>   CDf =  0.00631    CDp =  0.01971

 Side 1  free  transition at x/c =  0.0465   28
 Side 2 forced transition at x/c =  1.0000   68

   3   rms: 0.8610E-03   max: -.1060E-01   D at    4  1
       a = 12.000      CL =  1.2382
      Cm =  0.0032     CD =  0.02601   =>   CDf =  0.00631    CDp =  0.01970

 Side 1  free  transition at x/c =  0.0465   28
 Side 2 forced transition at x/c =  1.0000   68

   4   rms: 0.2870E-05   max: 0.3332E-04   C at   68  2
       a = 12.000      CL =  1.2382
      Cm =  0.0032     CD =  0.02601   =>   CDf =  0.00631    CDp =  0.01970
 plradd ia,ip,cpol           38           0  8.29320416E-05

 Point added to stored polar  1
 Point written to save file  s8052_Re400k.base.pol                           
 Dump file unspecified or not available
 Calculating wake trajectory ...
 Calculating source influence matrix ...

 Solving BL system ...

 Side 1  free  transition at x/c =  0.0465   28
 Side 2 forced transition at x/c =  1.0000   68

   1   rms: 0.3359E-01   max: 0.1351E+00   T at   28  1
       a = 12.250      CL =  1.2518
      Cm =  0.0042     CD =  0.02697   =>   CDf =  0.00631    CDp =  0.02066

 Side 1  free  transition at x/c =  0.0444   28
 Side 2 forced transition at x/c =  1.0000   68

   2   rms: 0.4981E-02   max: -.5164E-01   D at   28  1
       a = 12.250      CL =  1.2502
      Cm =  0.0043     CD =  0.02696   =>   CDf =  0.00623    CDp =  0.02073

 Side 1  free  transition at x/c =  0.0446   28
 Side 2 forced transition at x/c =  1.0000   68

   3   rms: 0.4546E-03   max: -.1913E-02   D at   82  1
       a = 12.250      CL =  1.2505
      Cm =  0.0043     CD =  0.02695   =>   CDf =  0.00623    CDp =  0.02072

 Side 1  free  transition at x/c =  0.0446   28
 Side 2 forced transition at x/c =  1.0000   68

   4   rms: 0.5232E-05   max: -.3537E-04   D at   76  2
       a = 12.250      CL =  1.2505
      Cm =  0.0043     CD =  0.02695   =>   CDf =  0.00623    CDp =  0.02072
 plradd ia,ip,cpol           39           0  8.29320416E-05

 Point added to stored polar  1
 Point written to save file  s8052_Re400k.base.pol                           
 Dump file unspecified or not available
 Calculating wake trajectory ...
 Calculating source influence matrix ...

 Solving BL system ...

 Side 1  free  transition at x/c =  0.0446   28
 Side 2 forced transition at x/c =  1.0000   68

   1   rms: 0.3389E-01   max: 0.1452E+00   T at   28  1
       a = 12.500      CL =  1.2639
      Cm =  0.0052     CD =  0.02793   =>   CDf =  0.00623    CDp =  0.02170

 Side 1  free  transition at x/c =  0.0423   28
 Side 2 forced transition at x/c =  1.0000   68

   2   rms: 0.5768E-02   max: -.5911E-01   D at   28  1
       a = 12.500      CL =  1.2620
      Cm =  0.0053     CD =  0.02794   =>   CDf =  0.00618    CDp =  0.02176

 Side 1  free  transition at x/c =  0.0426   28
 Side 2 forced transition at x/c =  1.0000   68

   3   rms: 0.4873E-03   max: -.2053E-02   D at   81  1
       a = 12.500      CL =  1.2623
      Cm =  0.0052     CD =  0.02793   =>   CDf =  0.00618    CDp =  0.02175

 Side 1  free  transition at x/c =  0.0425   28
 Side 2 forced transition at x/c =  1.0000   68

   4   rms: 0.4518E-05   max: -.3444E-04   D at   76  2
       a = 12.500      CL =  1.2623
      Cm =  0.0052     CD =  0.02793   =>   CDf =  0.00618    CDp =  0.02175
 plradd ia,ip,cpol           40           0  8.29320416E-05

 Point added to stored polar  1
 Point written to save file  s8052_Re400k.base.pol                           
 Dump file unspecified or not available
 Calculating wake trajectory ...
 Calculating source influence matrix ...

 Solving BL system ...

 Side 1  free  transition at x/c =  0.0425   28
 Side 2 forced transition at x/c =  1.0000   68

   1   rms: 0.3480E-01   max: 0.1248E+00   T at   28  1
       a = 12.750      CL =  1.2727
      Cm =  0.0063     CD =  0.02921   =>   CDf =  0.00618    CDp =  0.02303

 Side 1  free  transition at x/c =  0.0409   28
 Side 2 forced transition at x/c =  1.0000   68

   2   rms: 0.4922E-02   max: 0.2586E-01   D at   79  1
       a = 12.750      CL =  1.2691
      Cm =  0.0065     CD =  0.02938   =>   CDf =  0.00615    CDp =  0.02323

 Side 1  free  transition at x/c =  0.0409   28
 Side 2 forced transition at x/c =  1.0000   68

   3   rms: 0.1477E-03   max: 0.1649E-02   D at   78  1
       a = 12.750      CL =  1.2690
      Cm =  0.0065     CD =  0.02937   =>   CDf =  0.00615    CDp =  0.02322

 Side 1  free  transition at x/c =  0.0409   28
 Side 2 forced transition at x/c =  1.0000   68

   4   rms: 0.2411E-05   max: -.4255E-04   C at   68  2
       a = 12.750      CL =  1.2690
      Cm =  0.0065     CD =  0.02937   =>   CDf =  0.00615    CDp =  0.02322
 plradd ia,ip,cpol           41           0  8.29320416E-05

 Point added to stored polar  1
 Point written to save file  s8052_Re400k.base.pol                           
 Dump file unspecified or not available
 Calculating wake trajectory ...
 Calculating source influence matrix ...

 Solving BL system ...

 Side 1  free  transition at x/c =  0.0409   28
 Side 2 forced transition at x/c =  1.0000   68

   1   rms: 0.3772E-01   max: 0.1057E+00   D at   74  1
       a = 13.000      CL =  1.2746
      Cm =  0.0077     CD =  0.03119   =>   CDf =  0.00615    CDp =  0.02504

 Side 1  free  transition at x/c =  0.0395   28
 Side 2 forced transition at x/c =  1.0000   68

   2   rms: 0.5894E-02   max: 0.2886E-01   D at   77  2
       a = 13.000      CL =  1.2700
      Cm =  0.0080     CD =  0.03143   =>   CDf =  0.00609    CDp =  0.02534

 Side 1  free  transition at x/c =  0.0394   28
 Side 2 forced transition at x/c =  1.0000   68

   3   rms: 0.1114E-03   max: 0.1442E-02   D at   77  2
       a = 13.000      CL =  1.2700
      Cm =  0.0080     CD =  0.03141   =>   CDf =  0.00609    CDp =  0.02532

 Side 1  free  transition at x/c =  0.0394   28
 Side 2 forced transition at x/c =  1.0000   68

   4   rms: 0.3722E-05   max: -.1766E-04   C at   68  2
       a = 13.000      CL =  1.2700
      Cm =  0.0080     CD =  0.03141   =>   CDf =  0.00609    CDp =  0.02532
 plradd ia,ip,cpol           42           0  8.29320416E-05

 Point added to stored polar  1
 Point written to save file  s8052_Re400k.base.pol                           
 Dump file unspecified or not available
 Calculating wake trajectory ...
 Calculating source influence matrix ...

 Solving BL system ...

 Side 1  free  transition at x/c =  0.0394   28
 Side 2 forced transition at x/c =  1.0000   68

   1   rms: 0.5069E-01   max: 0.1416E+00   D at   71  1
       a = 13.250      CL =  1.2682
      Cm =  0.0097     CD =  0.03422   =>   CDf =  0.00609    CDp =  0.02812

 Side 1  free  transition at x/c =  0.0381   27
 Side 2 forced transition at x/c =  1.0000   68

   2   rms: 0.2712E-01   max: -.2569E+00   D at   27  1
       a = 13.250      CL =  1.2760
      Cm =  0.0090     CD =  0.03282   =>   CDf =  0.00596    CDp =  0.02686

 Side 1  free  transition at x/c =  0.0386   27
 Side 2 forced transition at x/c =  1.0000   68

   3   rms: 0.6766E-02   max: -.2523E-01   D at   76  1
       a = 13.250      CL =  1.2810
      Cm =  0.0088     CD =  0.03255   =>   CDf =  0.00597    CDp =  0.02658

 Side 1  free  transition at x/c =  0.0385   27
 Side 2 forced transition at x/c =  1.0000   68

   4   rms: 0.9242E-04   max: 0.1362E-02   D at   75  1
       a = 13.250      CL =  1.2810
      Cm =  0.0088     CD =  0.03259   =>   CDf =  0.00597    CDp =  0.02662
 plradd ia,ip,cpol           43           0  8.29320416E-05

 Point added to stored polar  1
 Point written to save file  s8052_Re400k.base.pol                           
 Dump file unspecified or not available
 Calculating wake trajectory ...
 Calculating source influence matrix ...

 Solving BL system ...

 Side 1  free  transition at x/c =  0.0385   27
 Side 2 forced transition at x/c =  1.0000   68

   1   rms: 0.3260E-01   max: 0.1123E+00   T at   27  1
       a = 13.500      CL =  1.2923
      Cm =  0.0094     CD =  0.03397   =>   CDf =  0.00597    CDp =  0.02799

 Side 1  free  transition at x/c =  0.0373   27
 Side 2 forced transition at x/c =  1.0000   68

   2   rms: 0.2974E-02   max: -.1662E-01   D at   27  1
       a = 13.500      CL =  1.2903
      Cm =  0.0095     CD =  0.03396   =>   CDf =  0.00585    CDp =  0.02811

 Side 1  free  transition at x/c =  0.0374   27
 Side 2 forced transition at x/c =  1.0000   68

   3   rms: 0.1602E-03   max: -.7994E-03   D at   76  1
       a = 13.500      CL =  1.2904
      Cm =  0.0095     CD =  0.03394   =>   CDf =  0.00585    CDp =  0.02809

 Side 1  free  transition at x/c =  0.0374   27
 Side 2 forced transition at x/c =  1.0000   68

   4   rms: 0.6868E-05   max: 0.8308E-04   C at   68  2
       a = 13.500      CL =  1.2904
      Cm =  0.0095     CD =  0.03394   =>   CDf =  0.00585    CDp =  0.02809
 plradd ia,ip,cpol           44           0  8.29320416E-05

 Point added to stored polar  1
 Point written to save file  s8052_Re400k.base.pol                           
 Dump file unspecified or not available
 Calculating wake trajectory ...
 Calculating source influence matrix ...

 Solving BL system ...

 Side 1  free  transition at x/c =  0.0374   27
 Side 2 forced transition at x/c =  1.0000   68

   1   rms: 0.3229E-01   max: 0.1072E+00   T at   27  1   RLX: 0.982
       a = 13.750      CL =  1.3006
      Cm =  0.0101     CD =  0.03541   =>   CDf =  0.00586    CDp =  0.02956

 Side 1  free  transition at x/c =  0.0359   27
 Side 2 forced transition at x/c =  1.0000   68

   2   rms: 0.3865E-02   max: -.3560E-01   D at   27  1
       a = 13.750      CL =  1.2989
      Cm =  0.0101     CD =  0.03539   =>   CDf =  0.00576    CDp =  0.02963

 Side 1  free  transition at x/c =  0.0361   27
 Side 2 forced transition at x/c =  1.0000   68

   3   rms: 0.3535E-03   max: -.1582E-02   D at   75  1
       a = 13.750      CL =  1.2992
      Cm =  0.0101     CD =  0.03537   =>   CDf =  0.00576    CDp =  0.02961

 Side 1  free  transition at x/c =  0.0361   27
 Side 2 forced transition at x/c =  1.0000   68

   4   rms: 0.1243E-04   max: -.8746E-04   D at   78  2
       a = 13.750      CL =  1.2992
      Cm =  0.0101     CD =  0.03537   =>   CDf =  0.00576    CDp =  0.02961
 plradd ia,ip,cpol           45           0  8.29320416E-05

 Point added to stored polar  1
 Point written to save file  s8052_Re400k.base.pol                           
 Dump file unspecified or not available
 Calculating wake trajectory ...
 Calculating source influence matrix ...

 Solving BL system ...

 Side 1  free  transition at x/c =  0.0361   27
 Side 2 forced transition at x/c =  1.0000   68

   1   rms: 0.3259E-01   max: 0.1077E+00   T at   27  1   RLX: 0.943
       a = 14.000      CL =  1.3080
      Cm =  0.0106     CD =  0.03693   =>   CDf =  0.00531    CDp =  0.03162

 Side 1  free  transition at x/c =  0.0348   28
 Side 2 forced transition at x/c =  1.0000   67

   2   rms: 0.4271E-02   max: -.4261E-01   T at    2  1
       a = 14.000      CL =  1.3064
      Cm =  0.0107     CD =  0.03700   =>   CDf =  0.00567    CDp =  0.03133

 Side 1  free  transition at x/c =  0.0348   28
 Side 2 forced transition at x/c =  1.0000   67

   3   rms: 0.6165E-03   max: -.7577E-02   D at    4  1
       a = 14.000      CL =  1.3064
      Cm =  0.0107     CD =  0.03697   =>   CDf =  0.00566    CDp =  0.03131

 Side 1  free  transition at x/c =  0.0348   28
 Side 2 forced transition at x/c =  1.0000   67

   4   rms: 0.3768E-05   max: 0.5576E-04   C at   67  2
       a = 14.000      CL =  1.3064
      Cm =  0.0107     CD =  0.03697   =>   CDf =  0.00566    CDp =  0.03131
 plradd ia,ip,cpol           46           0  8.29320416E-05

 Point added to stored polar  1
 Point written to save file  s8052_Re400k.base.pol                           
 Dump file unspecified or not available
 Calculating wake trajectory ...
 Calculating source influence matrix ...

 Solving BL system ...

 Side 1  free  transition at x/c =  0.0348   28
 Side 2 forced transition at x/c =  1.0000   67

   1   rms: 0.3297E-01   max: 0.1226E+00   T at   28  1   RLX: 0.906
       a = 14.250      CL =  1.3147
      Cm =  0.0109     CD =  0.03852   =>   CDf =  0.00566    CDp =  0.03285

 Side 1  free  transition at x/c =  0.0336   28
 Side 2 forced transition at x/c =  1.0000   67

   2   rms: 0.4699E-02   max: 0.2769E-01   D at   73  1
       a = 14.250      CL =  1.3128
      Cm =  0.0111     CD =  0.03875   =>   CDf =  0.00561    CDp =  0.03314

 Side 1  free  transition at x/c =  0.0336   28
 Side 2 forced transition at x/c =  1.0000   67

   3   rms: 0.2945E-03   max: 0.2927E-02   D at   78  2
       a = 14.250      CL =  1.3126
      Cm =  0.0111     CD =  0.03871   =>   CDf =  0.00560    CDp =  0.03312

 Side 1  free  transition at x/c =  0.0336   28
 Side 2 forced transition at x/c =  1.0000   67

   4   rms: 0.7191E-05   max: -.7912E-04   C at   67  2
       a = 14.250      CL =  1.3126
      Cm =  0.0111     CD =  0.03871   =>   CDf =  0.00560    CDp =  0.03311
 plradd ia,ip,cpol           47           0  8.29320416E-05

 Point added to stored polar  1
 Point written to save file  s8052_Re400k.base.pol                           
 Dump file unspecified or not available
 Calculating wake trajectory ...
 Calculating source influence matrix ...

 Solving BL system ...

 Side 1  free  transition at x/c =  0.0336   28
 Side 2 forced transition at x/c =  1.0000   67

   1   rms: 0.3347E-01   max: 0.9979E-01   D at   69  1   RLX: 0.865
       a = 14.500      CL =  1.3175
      Cm =  0.0114     CD =  0.04060   =>   CDf =  0.00560    CDp =  0.03500

 Side 1  free  transition at x/c =  0.0327   28
 Side 2 forced transition at x/c =  1.0000   67

   2   rms: 0.6955E-02   max: 0.3784E-01   D at   72  1
       a = 14.500      CL =  1.3149
      Cm =  0.0115     CD =  0.04098   =>   CDf =  0.00555    CDp =  0.03543

 Side 1  free  transition at x/c =  0.0326   28
 Side 2 forced transition at x/c =  1.0000   67

   3   rms: 0.5571E-03   max: 0.3290E-02   D at   79  2
       a = 14.500      CL =  1.3145
      Cm =  0.0115     CD =  0.04093   =>   CDf =  0.00553    CDp =  0.03539

 Side 1  free  transition at x/c =  0.0327   28
 Side 2 forced transition at x/c =  1.0000   67

   4   rms: 0.1138E-04   max: 0.1120E-03   D at   79  2
       a = 14.500      CL =  1.3145
      Cm =  0.0116     CD =  0.04092   =>   CDf =  0.00553    CDp =  0.03539
 plradd ia,ip,cpol           48           0  8.29320416E-05

 Point added to stored polar  1
 Point written to save file  s8052_Re400k.base.pol                           
 Dump file unspecified or not available
 Calculating wake trajectory ...
 Calculating source influence matrix ...

 Solving BL system ...

 Side 1  free  transition at x/c =  0.0327   28
 Side 2 forced transition at x/c =  1.0000   67

   1   rms: 0.3633E-01   max: 0.1186E+00   D at   68  1   RLX: 0.821
       a = 14.750      CL =  1.3161
      Cm =  0.0117     CD =  0.04317   =>   CDf =  0.00554    CDp =  0.03764

 Side 1  free  transition at x/c =  0.0317   28
 Side 2 forced transition at x/c =  1.0000   67

   2   rms: 0.1078E-01   max: 0.4857E-01   D at   71  1
       a = 14.750      CL =  1.3111
      Cm =  0.0120     CD =  0.04392   =>   CDf =  0.00548    CDp =  0.03845

 Side 1  free  transition at x/c =  0.0314   28
 Side 2 forced transition at x/c =  1.0000   67

   3   rms: 0.1099E-02   max: 0.8303E-02   D at   79  2
       a = 14.750      CL =  1.3103
      Cm =  0.0120     CD =  0.04385   =>   CDf =  0.00547    CDp =  0.03839

 Side 1  free  transition at x/c =  0.0314   28
 Side 2 forced transition at x/c =  1.0000   67

   4   rms: 0.2673E-04   max: 0.4585E-03   D at   79  2
       a = 14.750      CL =  1.3103
      Cm =  0.0121     CD =  0.04384   =>   CDf =  0.00547    CDp =  0.03838
 plradd ia,ip,cpol           49           0  8.29320416E-05

 Point added to stored polar  1
 Point written to save file  s8052_Re400k.base.pol                           
 Dump file unspecified or not available
 Calculating wake trajectory ...
 Calculating source influence matrix ...

 Solving BL system ...

 Side 1  free  transition at x/c =  0.0314   28
 Side 2 forced transition at x/c =  1.0000   67

   1   rms: 0.4342E-01   max: 0.1399E+00   D at   66  1   RLX: 0.773
       a = 15.000      CL =  1.3078
      Cm =  0.0124     CD =  0.04659   =>   CDf =  0.00547    CDp =  0.04112

 Side 1  free  transition at x/c =  0.0308   27
 Side 2 forced transition at x/c =  1.0000   67

   2   rms: 0.1561E-01   max: -.1429E+00   D at   27  1
       a = 15.000      CL =  1.3126
      Cm =  0.0121     CD =  0.04620   =>   CDf =  0.00535    CDp =  0.04085

 Side 1  free  transition at x/c =  0.0308   27
 Side 2 forced transition at x/c =  1.0000   67

   3   rms: 0.2402E-02   max: -.1020E-01   D at   70  1
       a = 15.000      CL =  1.3144
      Cm =  0.0121     CD =  0.04598   =>   CDf =  0.00533    CDp =  0.04065

 Side 1  free  transition at x/c =  0.0308   27
 Side 2 forced transition at x/c =  1.0000   67

   4   rms: 0.1185E-03   max: -.8842E-03   D at   79  2
       a = 15.000      CL =  1.3145
      Cm =  0.0121     CD =  0.04601   =>   CDf =  0.00533    CDp =  0.04068

 Side 1  free  transition at x/c =  0.0308   27
 Side 2 forced transition at x/c =  1.0000   67

   5   rms: 0.2882E-05   max: 0.2925E-04   C at   67  2
       a = 15.000      CL =  1.3145
      Cm =  0.0121     CD =  0.04601   =>   CDf =  0.00533    CDp =  0.04068
 plradd ia,ip,cpol           50           0  8.29320416E-05

 Point added to stored polar  1
 Point written to save file  s8052_Re400k.base.pol                           
 Dump file unspecified or not available
 Calculating wake trajectory ...
 Calculating source influence matrix ...

 Solving BL system ...

 Side 1  free  transition at x/c =  0.0308   27
 Side 2 forced transition at x/c =  1.0000   67

   1   rms: 0.3173E-01   max: -.1247E+00   C at   27  1   RLX: 0.757
       a = 15.250      CL =  1.3202
      Cm =  0.0119     CD =  0.04773   =>   CDf =  0.00533    CDp =  0.04240

 Side 1  free  transition at x/c =  0.0301   27
 Side 2 forced transition at x/c =  1.0000   67

   2   rms: 0.8191E-02   max: 0.3252E-01   D at   68  1
       a = 15.250      CL =  1.3199
      Cm =  0.0119     CD =  0.04825   =>   CDf =  0.00522    CDp =  0.04303

 Side 1  free  transition at x/c =  0.0299   27
 Side 2 forced transition at x/c =  1.0000   67

   3   rms: 0.9486E-03   max: 0.4892E-02   D at   80  2
       a = 15.250      CL =  1.3192
      Cm =  0.0119     CD =  0.04819   =>   CDf =  0.00518    CDp =  0.04300

 Side 1  free  transition at x/c =  0.0299   27
 Side 2 forced transition at x/c =  1.0000   67

   4   rms: 0.5055E-04   max: 0.3519E-03   D at   80  2
       a = 15.250      CL =  1.3191
      Cm =  0.0119     CD =  0.04818   =>   CDf =  0.00518    CDp =  0.04300
 plradd ia,ip,cpol           51           0  8.29320416E-05

 Point added to stored polar  1
 Point written to save file  s8052_Re400k.base.pol                           
 Dump file unspecified or not available
 Calculating wake trajectory ...
 Calculating source influence matrix ...

 Solving BL system ...

 Side 1  free  transition at x/c =  0.0299   27
 Side 2 forced transition at x/c =  1.0000   67

   1   rms: 0.3205E-01   max: 0.1192E+00   T at   27  1   RLX: 0.729
       a = 15.500      CL =  1.3240
      Cm =  0.0116     CD =  0.05000   =>   CDf =  0.00519    CDp =  0.04481

 Side 1  free  transition at x/c =  0.0290   27
 Side 2 forced transition at x/c =  1.0000   67

   2   rms: 0.9334E-02   max: 0.3886E-01   D at   67  1
       a = 15.500      CL =  1.3237
      Cm =  0.0115     CD =  0.05063   =>   CDf =  0.00509    CDp =  0.04553

 Side 1  free  transition at x/c =  0.0287   27
 Side 2 forced transition at x/c =  1.0000   67

   3   rms: 0.9525E-03   max: 0.5392E-02   D at   80  2
       a = 15.500      CL =  1.3230
      Cm =  0.0116     CD =  0.05054   =>   CDf =  0.00506    CDp =  0.04549

 Side 1  free  transition at x/c =  0.0288   27
 Side 2 forced transition at x/c =  1.0000   67

   4   rms: 0.3481E-04   max: 0.3886E-03   D at   80  2
       a = 15.500      CL =  1.3230
      Cm =  0.0116     CD =  0.05054   =>   CDf =  0.00506    CDp =  0.04548
 plradd ia,ip,cpol           52           0  8.29320416E-05

 Point added to stored polar  1
 Point written to save file  s8052_Re400k.base.pol                           
 Dump file unspecified or not available
 Calculating wake trajectory ...
 Calculating source influence matrix ...

 Solving BL system ...

 Side 1  free  transition at x/c =  0.0288   27
 Side 2 forced transition at x/c =  1.0000   67

   1   rms: 0.3204E-01   max: 0.1043E+00   D at   64  1   RLX: 0.702
       a = 15.750      CL =  1.3262
      Cm =  0.0112     CD =  0.05256   =>   CDf =  0.00506    CDp =  0.04749

 Side 1  free  transition at x/c =  0.0280   27
 Side 2 forced transition at x/c =  1.0000   67

   2   rms: 0.1072E-01   max: 0.4906E-01   D at   66  1
       a = 15.750      CL =  1.3253
      Cm =  0.0110     CD =  0.05338   =>   CDf =  0.00498    CDp =  0.04840

 Side 1  free  transition at x/c =  0.0278   27
 Side 2 forced transition at x/c =  1.0000   67

   3   rms: 0.1357E-02   max: 0.7991E-02   D at   80  2
       a = 15.750      CL =  1.3243
      Cm =  0.0110     CD =  0.05328   =>   CDf =  0.00495    CDp =  0.04833

 Side 1  free  transition at x/c =  0.0278   27
 Side 2 forced transition at x/c =  1.0000   67

   4   rms: 0.7040E-04   max: 0.5015E-03   D at   80  2
       a = 15.750      CL =  1.3243
      Cm =  0.0110     CD =  0.05327   =>   CDf =  0.00495    CDp =  0.04832
 plradd ia,ip,cpol           53           0  8.29320416E-05

 Point added to stored polar  1
 Point written to save file  s8052_Re400k.base.pol                           
 Dump file unspecified or not available
 Calculating wake trajectory ...
 Calculating source influence matrix ...

 Solving BL system ...

 Side 1  free  transition at x/c =  0.0278   27
 Side 2 forced transition at x/c =  1.0000   67

   1   rms: 0.3298E-01   max: 0.1141E+00   T at   27  1   RLX: 0.676
       a = 16.000      CL =  1.3276
      Cm =  0.0104     CD =  0.05532   =>   CDf =  0.00495    CDp =  0.05037

 Side 1  free  transition at x/c =  0.0270   27
 Side 2 forced transition at x/c =  1.0000   67

   2   rms: 0.1166E-01   max: -.5310E-01   D at   27  1
       a = 16.000      CL =  1.3268
      Cm =  0.0101     CD =  0.05626   =>   CDf =  0.00489    CDp =  0.05137

 Side 1  free  transition at x/c =  0.0267   27
 Side 2 forced transition at x/c =  1.0000   67

   3   rms: 0.1601E-02   max: 0.9885E-02   D at   64  1
       a = 16.000      CL =  1.3257
      Cm =  0.0102     CD =  0.05616   =>   CDf =  0.00487    CDp =  0.05130

 Side 1  free  transition at x/c =  0.0267   27
 Side 2 forced transition at x/c =  1.0000   67

   4   rms: 0.1111E-03   max: 0.6418E-03   D at   81  2
       a = 16.000      CL =  1.3256
      Cm =  0.0102     CD =  0.05615   =>   CDf =  0.00486    CDp =  0.05129

 Side 1  free  transition at x/c =  0.0267   27
 Side 2 forced transition at x/c =  1.0000   67

   5   rms: 0.5960E-05   max: -.5470E-04   C at   67  2
       a = 16.000      CL =  1.3256
      Cm =  0.0102     CD =  0.05615   =>   CDf =  0.00486    CDp =  0.05129
 plradd ia,ip,cpol           54           0  8.29320416E-05

 Point added to stored polar  1
 Point written to save file  s8052_Re400k.base.pol                           
 Dump file unspecified or not available

.OPERva   c>  
 Polar accumulation disabled

.OPERv   c>  
 XFOIL   c>  
 XFOIL   c>  