
 ===================================================
  XFOIL Version 6.99
  Copyright (C) 2000   Mark Drela, Harold Youngren

  This software comes with ABSOLUTELY NO WARRANTY,
    subject to the GNU General Public License.

  Caveat computor
 ===================================================

 File  xfoil.def  not found

   QUIT    Exit program

  .OPER    Direct operating point(s)
  .MDES    Complex mapping design routine
  .QDES    Surface speed design routine
  .GDES    Geometry design routine

   SAVE f  Write airfoil to labeled coordinate file
   PSAV f  Write airfoil to plain coordinate file
   ISAV f  Write airfoil to ISES coordinate file
   MSAV f  Write airfoil to MSES coordinate file
   REVE    Reverse written-airfoil node ordering

   LOAD f  Read buffer airfoil from coordinate file
   NACA i  Set NACA 4,5-digit airfoil and buffer airfoil
   INTE    Set buffer airfoil by interpolating two airfoils
   NORM    Buffer airfoil normalization toggle
   XYCM rr Change CM reference location, currently  0.25000 0.00000

   BEND    Display structural properties of current airfoil

   PCOP    Set current-airfoil panel nodes directly from buffer airfoil points
   PANE    Set current-airfoil panel nodes ( 160 ) based on curvature
  .PPAR    Show/change paneling

  .PLOP    Plotting options

   WDEF f  Write  current-settings file
   RDEF f  Reread current-settings file
   NAME s  Specify new airfoil name
   NINC    Increment name version number

   Z       Zoom    | (available in all menus)
   U       Unzoom  | 

 XFOIL   c>  
 Labeled airfoil file.  Name:  S8055 (12%)                                     

 Number of input coordinate points:  81
 Counterclockwise ordering
 Max thickness =     0.120016  at x =   0.343
 Max camber    =     0.020773  at x =   0.411

  LE  x,y  =  -0.00005  -0.00049  |   Chord =   1.00005
  TE  x,y  =   1.00000   0.00000  |

 Current airfoil nodes set from buffer airfoil nodes (  81 )

 XFOIL   c>  
 XFOIL   c>  
 Sharp trailing edge

 Paneling parameters used...
   Number of panel nodes       160
   Panel bunching parameter    1.000
   TE/LE panel density ratio   0.150
   Refined-area/LE panel density ratio    0.200
   Top    side refined area x/c limits  1.000 1.000
   Bottom side refined area x/c limits  1.000 1.000

 XFOIL   c>  
.OPERi   c>  
 Xtr/c     =  1.0000    top    side
 Xtr/c     =  1.0000    bottom side
 Ncrit     =    9.00   ( 0.070 % turb. level )
 Vacc      =  0.0100

 Klag  =  5.6000     Uxwt  =    1.00
 A     =  6.7000     B     =  0.7500       KCt = 0.01485
 CtiniK=  1.8000     CtiniX=  3.3000

..VPAR   c>  
..VPAR   c>  
.OPERi   c>  
 M  =    0.0000
 Re =    600000

.OPERv   c>  
.OPERv   c>  
.OPERv   c>  
 Polar  1 newly created for accumulation
 Airfoil archived with polar: S8055 (12%)                                     

Enter  polar save filename  OR  <return> for no file   s>  
 New polar save file available

Enter  polar dump filename  OR  <return> for no file   s>  
 Polar dump file will NOT be written

 Polar accumulation enabled

.OPERva   c>   Calculating unit vorticity distributions ...
 Calculating wake trajectory ...
 Calculating source influence matrix ...

 Solving BL system ...

 Initializing BL ...
    side            1  ...
 MRCHUE: Inverse mode at  56     Hk =   3.800
 MRCHUE: Inverse mode at  57     Hk =   4.444
 MRCHUE: Inverse mode at  58     Hk =   5.083
 MRCHUE: Inverse mode at  59     Hk =   5.720
 MRCHUE: Inverse mode at  60     Hk =   6.355
 MRCHUE: Inverse mode at  61     Hk =   6.988
 MRCHUE: Inverse mode at  62     Hk =   7.618
 MRCHUE: Inverse mode at  63     Hk =   8.245
 MRCHUE: Inverse mode at  64     Hk =   8.867
 MRCHUE: Inverse mode at  65     Hk =   8.330
 MRCHUE: Inverse mode at  66     Hk =   5.763
 MRCHUE: Inverse mode at  67     Hk =   4.238
 MRCHUE: Inverse mode at  68     Hk =   3.155
    side            2  ...
 MRCHUE: Inverse mode at  13     Hk =   4.278
 MRCHUE: Inverse mode at  14     Hk =   5.451
 MRCHUE: Inverse mode at  15     Hk =   6.521
 MRCHUE: Inverse mode at  16     Hk =   7.559
 MRCHUE: Inverse mode at  17     Hk =   8.611
 MRCHUE: Inverse mode at  18     Hk =   9.716
 MRCHUE: Inverse mode at  19     Hk =   8.000
 MRCHUE: Inverse mode at  20     Hk =   3.236
 MRCHUE: Inverse mode at  85     Hk =   2.500
 MRCHUE: Inverse mode at  86     Hk =   2.500

 Side 1  free  transition at x/c =  0.8468   65
 Side 2  free  transition at x/c =  0.0192   19

   1   rms: 0.1426E+00   max: -.8684E+00   T at   19  2   RLX: 0.576
       a = -4.000      CL = -0.2340
      Cm = -0.0423     CD =  0.01137   =>   CDf =  0.00642    CDp =  0.00496

 Side 1  free  transition at x/c =  0.8453   65
 Side 2  free  transition at x/c =  0.0233   20

   2   rms: 0.9847E-01   max: -.7036E+00   T at   20  2   RLX: 0.711
       a = -4.000      CL = -0.2133
      Cm = -0.0444     CD =  0.01043   =>   CDf =  0.00654    CDp =  0.00389

 Side 1  free  transition at x/c =  0.8432   65
 Side 2  free  transition at x/c =  0.0305   21

   3   rms: 0.6444E-01   max: -.7824E+00   T at   21  2   RLX: 0.639
       a = -4.000      CL = -0.2005
      Cm = -0.0464     CD =  0.01041   =>   CDf =  0.00653    CDp =  0.00388

 Side 1  free  transition at x/c =  0.8419   65
 Side 2  free  transition at x/c =  0.0433   23

   4   rms: 0.6975E-01   max: -.1404E+01   C at   23  2   RLX: 0.356
       a = -4.000      CL = -0.1989
      Cm = -0.0469     CD =  0.01013   =>   CDf =  0.00648    CDp =  0.00365

 Side 1  free  transition at x/c =  0.8416   65
 Side 2  free  transition at x/c =  0.0466   24

   5   rms: 0.4306E-01   max: -.4930E+00   C at   24  2
       a = -4.000      CL = -0.1945
      Cm = -0.0476     CD =  0.00995   =>   CDf =  0.00647    CDp =  0.00348

 Side 1  free  transition at x/c =  0.8409   65
 Side 2  free  transition at x/c =  0.0817   27

   6   rms: 0.2111E-01   max: -.2867E+00   D at   27  2
       a = -4.000      CL = -0.1944
      Cm = -0.0477     CD =  0.00996   =>   CDf =  0.00629    CDp =  0.00367

 Side 1  free  transition at x/c =  0.8409   65
 Side 2  free  transition at x/c =  0.0665   25

   7   rms: 0.7444E-02   max: -.8808E-01   D at   25  2
       a = -4.000      CL = -0.1941
      Cm = -0.0477     CD =  0.00999   =>   CDf =  0.00635    CDp =  0.00364

 Side 1  free  transition at x/c =  0.8409   65
 Side 2  free  transition at x/c =  0.0637   25

   8   rms: 0.3198E-03   max: -.4865E-02   D at   25  2
       a = -4.000      CL = -0.1941
      Cm = -0.0477     CD =  0.01000   =>   CDf =  0.00636    CDp =  0.00364

 Side 1  free  transition at x/c =  0.8409   65
 Side 2  free  transition at x/c =  0.0636   25

   9   rms: 0.1197E-05   max: 0.1145E-04   C at   25  2
       a = -4.000      CL = -0.1941
      Cm = -0.0477     CD =  0.01000   =>   CDf =  0.00636    CDp =  0.00364
 plradd ia,ip,cpol            1           0  1.02626148E-03

 Point added to stored polar  1
 Point written to save file  s8055_Re600k.base.pol                           
 Dump file unspecified or not available
 Calculating wake trajectory ...
 Calculating source influence matrix ...

 Solving BL system ...

 Side 1  free  transition at x/c =  0.8409   65
 Side 2  free  transition at x/c =  0.0636   25

   1   rms: 0.1878E+00   max: -.3436E+01   C at   25  2   RLX: 0.146
       a = -3.500      CL = -0.1867
      Cm = -0.0476     CD =  0.00988   =>   CDf =  0.00636    CDp =  0.00352

 Side 1  free  transition at x/c =  0.8398   65
 Side 2  free  transition at x/c =  0.0730   26

   2   rms: 0.1576E+00   max: -.2521E+01   C at   26  2   RLX: 0.198
       a = -3.500      CL = -0.1782
      Cm = -0.0474     CD =  0.00975   =>   CDf =  0.00633    CDp =  0.00342

 Side 1  free  transition at x/c =  0.8387   65
 Side 2  free  transition at x/c =  0.0807   26

   3   rms: 0.6808E-01   max: -.3908E+00   T at   26  2
       a = -3.500      CL = -0.1408
      Cm = -0.0472     CD =  0.00962   =>   CDf =  0.00638    CDp =  0.00324

 MRCHDU: Convergence failed at  26  side 2    Res =  0.4025E+01
 MRCHDU: Convergence failed at  27  side 2    Res =  0.1280E+01
 MRCHDU: Convergence failed at  29  side 2    Res =  0.1387E+01
 MRCHDU: Convergence failed at  30  side 2    Res =  0.1542E+01
 MRCHDU: Convergence failed at  31  side 2    Res =  0.1595E+01
 MRCHDU: Convergence failed at  32  side 2    Res =  0.1640E+01
 MRCHDU: Convergence failed at  33  side 2    Res =  0.2065E+01
 Side 1  free  transition at x/c =  0.8345   65
 Side 2  free  transition at x/c =  0.1898   33

   4   rms: 0.7913E-01   max: -.6255E+00   C at   33  2   RLX: 0.799
       a = -3.500      CL = -0.1519
      Cm = -0.0476     CD =  0.00909   =>   CDf =  0.00600    CDp =  0.00309

 Side 1  free  transition at x/c =  0.8340   65
 Side 2  free  transition at x/c =  0.1846   33

   5   rms: 0.2041E-01   max: 0.1596E+00   D at   25  2
       a = -3.500      CL = -0.1448
      Cm = -0.0468     CD =  0.00912   =>   CDf =  0.00593    CDp =  0.00319

 Side 1  free  transition at x/c =  0.8339   65
 Side 2  free  transition at x/c =  0.1582   31

   6   rms: 0.5043E-02   max: -.6470E-01   D at   31  2
       a = -3.500      CL = -0.1441
      Cm = -0.0469     CD =  0.00921   =>   CDf =  0.00600    CDp =  0.00320

 Side 1  free  transition at x/c =  0.8340   65
 Side 2  free  transition at x/c =  0.1558   31

   7   rms: 0.1011E-03   max: -.1143E-02   D at   30  2
       a = -3.500      CL = -0.1440
      Cm = -0.0469     CD =  0.00921   =>   CDf =  0.00601    CDp =  0.00320

 Side 1  free  transition at x/c =  0.8340   65
 Side 2  free  transition at x/c =  0.1558   31

   8   rms: 0.1239E-05   max: 0.1960E-04   C at   31  2
       a = -3.500      CL = -0.1440
      Cm = -0.0469     CD =  0.00921   =>   CDf =  0.00601    CDp =  0.00320
 plradd ia,ip,cpol            2           0  2.15730420E-03

 Point added to stored polar  1
 Point written to save file  s8055_Re600k.base.pol                           
 Dump file unspecified or not available
 Calculating wake trajectory ...
 Calculating source influence matrix ...

 Solving BL system ...

 Side 1  free  transition at x/c =  0.8340   65
 Side 2  free  transition at x/c =  0.1558   31

   1   rms: 0.2395E+00   max: -.4294E+01   C at   31  2   RLX: 0.116
       a = -3.000      CL = -0.1384
      Cm = -0.0468     CD =  0.00909   =>   CDf =  0.00601    CDp =  0.00307

 Side 1  free  transition at x/c =  0.8330   65
 Side 2  free  transition at x/c =  0.1662   31

   2   rms: 0.1519E+00   max: -.2971E+01   C at   31  2   RLX: 0.168
       a = -3.000      CL = -0.1300
      Cm = -0.0467     CD =  0.00906   =>   CDf =  0.00597    CDp =  0.00308

 Side 1  free  transition at x/c =  0.8318   65
 Side 2  free  transition at x/c =  0.1834   33

   3   rms: 0.1452E+00   max: -.2055E+01   C at   33  2   RLX: 0.243
       a = -3.000      CL = -0.1215
      Cm = -0.0466     CD =  0.00885   =>   CDf =  0.00591    CDp =  0.00294

 Side 1  free  transition at x/c =  0.8303   65
 Side 2  free  transition at x/c =  0.1987   33

   4   rms: 0.8460E-01   max: -.1542E+01   C at   33  2   RLX: 0.324
       a = -3.000      CL = -0.1113
      Cm = -0.0465     CD =  0.00884   =>   CDf =  0.00586    CDp =  0.00298

 Side 1  free  transition at x/c =  0.8289   65
 Side 2  free  transition at x/c =  0.2255   35

   5   rms: 0.4995E-01   max: -.6900E+00   C at   35  2   RLX: 0.725
       a = -3.000      CL = -0.0975
      Cm = -0.0464     CD =  0.00864   =>   CDf =  0.00576    CDp =  0.00288

 Side 1  free  transition at x/c =  0.8267   65
 Side 2  free  transition at x/c =  0.2834   39

   6   rms: 0.5254E-01   max: -.1058E+01   C at   39  2   RLX: 0.473
       a = -3.000      CL = -0.0978
      Cm = -0.0462     CD =  0.00834   =>   CDf =  0.00555    CDp =  0.00280

 Side 1  free  transition at x/c =  0.8263   65
 Side 2  free  transition at x/c =  0.2921   39

   7   rms: 0.2547E-01   max: -.5358E+00   C at   39  2   RLX: 0.933
       a = -3.000      CL = -0.0950
      Cm = -0.0461     CD =  0.00830   =>   CDf =  0.00550    CDp =  0.00281

 Side 1  free  transition at x/c =  0.8260   65
 Side 2  free  transition at x/c =  0.3017   40

   8   rms: 0.1361E-02   max: -.2355E-01   C at   40  2
       a = -3.000      CL = -0.0947
      Cm = -0.0461     CD =  0.00830   =>   CDf =  0.00545    CDp =  0.00285

 Side 1  free  transition at x/c =  0.8259   65
 Side 2  free  transition at x/c =  0.3021   40

   9   rms: 0.1051E-04   max: -.1251E-03   D at   39  2
       a = -3.000      CL = -0.0947
      Cm = -0.0461     CD =  0.00830   =>   CDf =  0.00545    CDp =  0.00286
 plradd ia,ip,cpol            3           0  2.15730420E-03

 Point added to stored polar  1
 Point written to save file  s8055_Re600k.base.pol                           
 Dump file unspecified or not available
 Calculating wake trajectory ...
 Calculating source influence matrix ...

 Solving BL system ...

 Side 1  free  transition at x/c =  0.8259   65
 Side 2  free  transition at x/c =  0.3021   40

   1   rms: 0.3134E+00   max: -.6454E+01   C at   40  2   RLX: 0.077
       a = -2.500      CL = -0.0910
      Cm = -0.0460     CD =  0.00823   =>   CDf =  0.00545    CDp =  0.00278

 Side 1  free  transition at x/c =  0.8253   65
 Side 2  free  transition at x/c =  0.3167   41

   2   rms: 0.2931E+00   max: -.5975E+01   C at   41  2   RLX: 0.084
       a = -2.500      CL = -0.0872
      Cm = -0.0459     CD =  0.00815   =>   CDf =  0.00540    CDp =  0.00275

 Side 1  free  transition at x/c =  0.8248   65
 Side 2  free  transition at x/c =  0.3315   42

   3   rms: 0.2603E+00   max: -.5226E+01   C at   42  2   RLX: 0.096
       a = -2.500      CL = -0.0832
      Cm = -0.0459     CD =  0.00807   =>   CDf =  0.00534    CDp =  0.00273

 Side 1  free  transition at x/c =  0.8242   65
 Side 2  free  transition at x/c =  0.3423   43

   4   rms: 0.2177E+00   max: -.3981E+01   C at   43  2   RLX: 0.126
       a = -2.500      CL = -0.0783
      Cm = -0.0458     CD =  0.00799   =>   CDf =  0.00537    CDp =  0.00262

 Side 1  free  transition at x/c =  0.8235   66
 Side 2  free  transition at x/c =  0.3548   42

   5   rms: 0.2724E+00   max: -.3690E+01   T at    2  1   RLX: 0.135
       a = -2.500      CL = -0.0733
      Cm = -0.0458     CD =  0.00797   =>   CDf =  0.00528    CDp =  0.00269

 Side 1  free  transition at x/c =  0.8229   66
 Side 2  free  transition at x/c =  0.3698   43

   6   rms: 0.2098E+00   max: -.4328E+01   C at   43  2   RLX: 0.116
       a = -2.500      CL = -0.0702
      Cm = -0.0457     CD =  0.00788   =>   CDf =  0.00522    CDp =  0.00266

 Side 1  free  transition at x/c =  0.8224   66
 Side 2  free  transition at x/c =  0.3796   44

   7   rms: 0.1746E+00   max: -.3527E+01   C at   44  2   RLX: 0.142
       a = -2.500      CL = -0.0666
      Cm = -0.0456     CD =  0.00782   =>   CDf =  0.00519    CDp =  0.00263

 Side 1  free  transition at x/c =  0.8219   66
 Side 2  free  transition at x/c =  0.3906   45

   8   rms: 0.1498E+00   max: -.2902E+01   C at   45  2   RLX: 0.172
       a = -2.500      CL = -0.0629
      Cm = -0.0455     CD =  0.00775   =>   CDf =  0.00516    CDp =  0.00259

 Side 1  free  transition at x/c =  0.8214   66
 Side 2  free  transition at x/c =  0.4032   45

   9   rms: 0.1178E+00   max: -.2393E+01   C at   45  2   RLX: 0.209
       a = -2.500      CL = -0.0590
      Cm = -0.0455     CD =  0.00772   =>   CDf =  0.00512    CDp =  0.00260

 Side 1  free  transition at x/c =  0.8209   66
 Side 2  free  transition at x/c =  0.4197   47

  10   rms: 0.1079E+00   max: -.1998E+01   C at   47  2   RLX: 0.250
       a = -2.500      CL = -0.0561
      Cm = -0.0453     CD =  0.00760   =>   CDf =  0.00507    CDp =  0.00254

 Side 1  free  transition at x/c =  0.8204   66
 Side 2  free  transition at x/c =  0.4337   47

  11   rms: 0.9171E-01   max: -.1874E+01   C at   47  2   RLX: 0.267
       a = -2.500      CL = -0.0533
      Cm = -0.0453     CD =  0.00758   =>   CDf =  0.00501    CDp =  0.00256

 Side 1  free  transition at x/c =  0.8200   66
 Side 2  free  transition at x/c =  0.4480   48

  12   rms: 0.7077E-01   max: -.1443E+01   C at   48  2   RLX: 0.346
       a = -2.500      CL = -0.0510
      Cm = -0.0452     CD =  0.00751   =>   CDf =  0.00496    CDp =  0.00255

 Side 1  free  transition at x/c =  0.8197   66
 Side 2  free  transition at x/c =  0.4637   49

  13   rms: 0.4647E-01   max: -.9435E+00   C at   49  2   RLX: 0.530
       a = -2.500      CL = -0.0488
      Cm = -0.0450     CD =  0.00745   =>   CDf =  0.00491    CDp =  0.00254

 Side 1  free  transition at x/c =  0.8193   65
 Side 2  free  transition at x/c =  0.4815   50

  14   rms: 0.1962E-01   max: -.3931E+00   C at   50  2
       a = -2.500      CL = -0.0470
      Cm = -0.0449     CD =  0.00738   =>   CDf =  0.00485    CDp =  0.00253

 Side 1  free  transition at x/c =  0.8188   65
 Side 2  free  transition at x/c =  0.4983   51

  15   rms: 0.1131E-02   max: 0.1555E-01   D at   50  2
       a = -2.500      CL = -0.0473
      Cm = -0.0448     CD =  0.00736   =>   CDf =  0.00479    CDp =  0.00257

 Side 1  free  transition at x/c =  0.8188   65
 Side 2  free  transition at x/c =  0.4974   51

  16   rms: 0.1317E-03   max: -.2612E-02   C at   51  2
       a = -2.500      CL = -0.0473
      Cm = -0.0448     CD =  0.00736   =>   CDf =  0.00479    CDp =  0.00257

 Side 1  free  transition at x/c =  0.8188   65
 Side 2  free  transition at x/c =  0.4975   51

  17   rms: 0.1364E-05   max: 0.2626E-04   C at   51  2
       a = -2.500      CL = -0.0473
      Cm = -0.0448     CD =  0.00736   =>   CDf =  0.00479    CDp =  0.00257
 plradd ia,ip,cpol            4           0  2.15730420E-03

 Point added to stored polar  1
 Point written to save file  s8055_Re600k.base.pol                           
 Dump file unspecified or not available
 Calculating wake trajectory ...
 Calculating source influence matrix ...

 Solving BL system ...

 Side 1  free  transition at x/c =  0.8188   65
 Side 2  free  transition at x/c =  0.4975   51

   1   rms: 0.2453E+00   max: -.4698E+01   C at   51  2   RLX: 0.106
       a = -2.000      CL = -0.0419
      Cm = -0.0447     CD =  0.00728   =>   CDf =  0.00479    CDp =  0.00250

 Side 1  free  transition at x/c =  0.8179   65
 Side 2  free  transition at x/c =  0.5178   53

   2   rms: 0.2457E+00   max: -.4677E+01   C at   53  2   RLX: 0.107
       a = -2.000      CL = -0.0377
      Cm = -0.0445     CD =  0.00717   =>   CDf =  0.00471    CDp =  0.00246

 Side 1  free  transition at x/c =  0.8171   65
 Side 2  free  transition at x/c =  0.5310   54

   3   rms: 0.2062E+00   max: -.3753E+01   C at   54  2   RLX: 0.133
       a = -2.000      CL = -0.0324
      Cm = -0.0445     CD =  0.00710   =>   CDf =  0.00467    CDp =  0.00243

 Side 1  free  transition at x/c =  0.8161   65
 Side 2  free  transition at x/c =  0.5454   54

   4   rms: 0.1580E+00   max: -.2966E+01   C at   54  2   RLX: 0.169
       a = -2.000      CL = -0.0261
      Cm = -0.0445     CD =  0.00706   =>   CDf =  0.00462    CDp =  0.00245

 Side 1  free  transition at x/c =  0.8151   65
 Side 2  free  transition at x/c =  0.5681   56

   5   rms: 0.1713E+00   max: -.3296E+01   C at   56  2   RLX: 0.152
       a = -2.000      CL = -0.0224
      Cm = -0.0442     CD =  0.00695   =>   CDf =  0.00452    CDp =  0.00242

 Side 1  free  transition at x/c =  0.8142   65
 Side 2  free  transition at x/c =  0.5829   57

   6   rms: 0.1348E+00   max: -.2555E+01   C at   57  2   RLX: 0.196
       a = -2.000      CL = -0.0178
      Cm = -0.0441     CD =  0.00688   =>   CDf =  0.00447    CDp =  0.00241

 Side 1  free  transition at x/c =  0.8133   65
 Side 2  free  transition at x/c =  0.5965   58

   7   rms: 0.1051E+00   max: -.1935E+01   C at   58  2   RLX: 0.258
       a = -2.000      CL = -0.0128
      Cm = -0.0440     CD =  0.00683   =>   CDf =  0.00444    CDp =  0.00239

 Side 1  free  transition at x/c =  0.8124   65
 Side 2  free  transition at x/c =  0.6100   59

   8   rms: 0.8335E-01   max: -.1486E+01   C at   59  2   RLX: 0.336
       a = -2.000      CL = -0.0082
      Cm = -0.0438     CD =  0.00677   =>   CDf =  0.00441    CDp =  0.00236

 Side 1  free  transition at x/c =  0.8115   65
 Side 2  free  transition at x/c =  0.6250   59

   9   rms: 0.5347E-01   max: -.1013E+01   C at   59  2   RLX: 0.493
       a = -2.000      CL = -0.0033
      Cm = -0.0437     CD =  0.00674   =>   CDf =  0.00439    CDp =  0.00236

 Side 1  free  transition at x/c =  0.8106   66
 Side 2  free  transition at x/c =  0.6489   60

  10   rms: 0.3109E-01   max: -.4622E+00   C at   60  2
       a = -2.000      CL =  0.0006
      Cm = -0.0432     CD =  0.00666   =>   CDf =  0.00425    CDp =  0.00240

 Side 1  free  transition at x/c =  0.8098   66
 Side 2  free  transition at x/c =  0.6664   61

  11   rms: 0.2890E-02   max: -.4708E-01   C at   61  2
       a = -2.000      CL =  0.0008
      Cm = -0.0432     CD =  0.00667   =>   CDf =  0.00421    CDp =  0.00246

 Side 1  free  transition at x/c =  0.8098   66
 Side 2  free  transition at x/c =  0.6686   61

  12   rms: 0.8162E-04   max: 0.1364E-02   C at   61  2
       a = -2.000      CL =  0.0008
      Cm = -0.0432     CD =  0.00667   =>   CDf =  0.00420    CDp =  0.00246
 plradd ia,ip,cpol            5           0  2.15730420E-03

 Point added to stored polar  1
 Point written to save file  s8055_Re600k.base.pol                           
 Dump file unspecified or not available
 Calculating wake trajectory ...
 Calculating source influence matrix ...

 Solving BL system ...

 Side 1  free  transition at x/c =  0.8098   66
 Side 2  free  transition at x/c =  0.6685   61

   1   rms: 0.1338E+00   max: -.1942E+01   C at   61  2   RLX: 0.258
       a = -1.500      CL =  0.0142
      Cm = -0.0429     CD =  0.00660   =>   CDf =  0.00420    CDp =  0.00240

 Side 1  free  transition at x/c =  0.8074   66
 Side 2  free  transition at x/c =  0.6989   63

   2   rms: 0.7804E-01   max: -.6617E+00   C at   63  2   RLX: 0.756
       a = -1.500      CL =  0.0440
      Cm = -0.0422     CD =  0.00654   =>   CDf =  0.00412    CDp =  0.00242

 Side 1  free  transition at x/c =  0.8029   65
 Side 2  free  transition at x/c =  0.7429   66

   3   rms: 0.1987E-01   max: 0.1459E+00   D at   64  2
       a = -1.500      CL =  0.0536
      Cm = -0.0421     CD =  0.00650   =>   CDf =  0.00404    CDp =  0.00246

 Side 1  free  transition at x/c =  0.8006   65
 Side 2  free  transition at x/c =  0.7457   66

   4   rms: 0.2637E-02   max: 0.4019E-01   C at   66  2
       a = -1.500      CL =  0.0537
      Cm = -0.0421     CD =  0.00651   =>   CDf =  0.00406    CDp =  0.00244

 Side 1  free  transition at x/c =  0.8007   65
 Side 2  free  transition at x/c =  0.7436   66

   5   rms: 0.1163E-03   max: -.1950E-02   C at   66  2
       a = -1.500      CL =  0.0537
      Cm = -0.0421     CD =  0.00651   =>   CDf =  0.00407    CDp =  0.00243

 Side 1  free  transition at x/c =  0.8007   65
 Side 2  free  transition at x/c =  0.7437   66

   6   rms: 0.1155E-05   max: -.1021E-04   C at   66  2
       a = -1.500      CL =  0.0537
      Cm = -0.0421     CD =  0.00651   =>   CDf =  0.00407    CDp =  0.00244
 plradd ia,ip,cpol            6           0  2.15730420E-03

 Point added to stored polar  1
 Point written to save file  s8055_Re600k.base.pol                           
 Dump file unspecified or not available
 Calculating wake trajectory ...
 Calculating source influence matrix ...

 Solving BL system ...

 Side 1  free  transition at x/c =  0.8007   65
 Side 2  free  transition at x/c =  0.7437   66

   1   rms: 0.9558E-01   max: -.5599E+00   C at   66  2   RLX: 0.893
       a = -1.000      CL =  0.1017
      Cm = -0.0414     CD =  0.00642   =>   CDf =  0.00410    CDp =  0.00232

 Side 1  free  transition at x/c =  0.7897   66
 Side 2  free  transition at x/c =  0.7679   67

   2   rms: 0.3678E-01   max: -.3792E+00   T at   67  2
       a = -1.000      CL =  0.1085
      Cm = -0.0415     CD =  0.00630   =>   CDf =  0.00421    CDp =  0.00208

 Side 1  free  transition at x/c =  0.7908   66
 Side 2  free  transition at x/c =  0.7803   67

   3   rms: 0.1735E-01   max: -.2532E+00   D at   67  2
       a = -1.000      CL =  0.1086
      Cm = -0.0416     CD =  0.00645   =>   CDf =  0.00415    CDp =  0.00230

 Side 1  free  transition at x/c =  0.7907   66
 Side 2  free  transition at x/c =  0.7848   68

   4   rms: 0.3510E-02   max: -.4121E-01   D at   69  2
       a = -1.000      CL =  0.1084
      Cm = -0.0415     CD =  0.00645   =>   CDf =  0.00408    CDp =  0.00237

 Side 1  free  transition at x/c =  0.7907   66
 Side 2  free  transition at x/c =  0.7831   67

   5   rms: 0.7031E-03   max: 0.1311E-01   D at   68  2
       a = -1.000      CL =  0.1084
      Cm = -0.0415     CD =  0.00645   =>   CDf =  0.00408    CDp =  0.00236

 Side 1  free  transition at x/c =  0.7907   66
 Side 2  free  transition at x/c =  0.7827   67

   6   rms: 0.8376E-05   max: 0.1062E-03   D at   69  2
       a = -1.000      CL =  0.1084
      Cm = -0.0415     CD =  0.00645   =>   CDf =  0.00408    CDp =  0.00236
 plradd ia,ip,cpol            7           0  0.23448050    

 Point added to stored polar  1
 Point written to save file  s8055_Re600k.base.pol                           
 Dump file unspecified or not available
 Calculating wake trajectory ...
 Calculating source influence matrix ...

 Solving BL system ...

 Side 1  free  transition at x/c =  0.7907   66
 Side 2  free  transition at x/c =  0.7828   67

   1   rms: 0.8843E-01   max: -.3153E+00   T at   67  2
       a = -0.500      CL =  0.1643
      Cm = -0.0411     CD =  0.00649   =>   CDf =  0.00410    CDp =  0.00239

 MRCHDU: Convergence failed at  68  side 2    Res =  0.1388E+02
 MRCHDU: Convergence failed at  69  side 2    Res =  0.1422E+01
 MRCHDU: Convergence failed at  70  side 2    Res =  0.1719E+01
 MRCHDU: Convergence failed at  71  side 2    Res =  0.2817E+01
 MRCHDU: Convergence failed at  72  side 2    Res =  0.4367E+01
 MRCHDU: Convergence failed at  73  side 2    Res =  0.6582E+01
 MRCHDU: Convergence failed at  74  side 2    Res =  0.8019E+01
 MRCHDU: Convergence failed at  75  side 2    Res =  0.8605E+01
 MRCHDU: Convergence failed at  76  side 2    Res =  0.8524E+01
 MRCHDU: Convergence failed at  77  side 2    Res =  0.8106E+01
 MRCHDU: Convergence failed at  78  side 2    Res =  0.7278E+01
 MRCHDU: Convergence failed at  79  side 2    Res =  0.6868E+01
 MRCHDU: Convergence failed at  80  side 2    Res =  0.6185E+01
 MRCHDU: Convergence failed at  81  side 2    Res =  0.5525E+01
 Side 1  free  transition at x/c =  0.7790   66
 Side 2  free  transition at x/c =  0.8112   68

   2   rms: 0.1364E+00   max: 0.6867E+00   T at   81  2
       a = -0.500      CL =  0.2180
      Cm = -0.0527     CD =  0.00585   =>   CDf =  0.00362    CDp =  0.00223

 Side 1  free  transition at x/c =  0.7796   66
 Side 2  free  transition at x/c =  0.8087   68

   3   rms: 0.5055E-01   max: 0.1741E+00   D at   81  2
       a = -0.500      CL =  0.1618
      Cm = -0.0405     CD =  0.00637   =>   CDf =  0.00410    CDp =  0.00227

 Side 1  free  transition at x/c =  0.7784   66
 Side 2  free  transition at x/c =  0.8099   68

   4   rms: 0.1993E-02   max: -.2131E-01   C at   68  2
       a = -0.500      CL =  0.1629
      Cm = -0.0407     CD =  0.00638   =>   CDf =  0.00407    CDp =  0.00230

 Side 1  free  transition at x/c =  0.7782   66
 Side 2  free  transition at x/c =  0.8101   68

   5   rms: 0.2750E-04   max: -.3890E-03   D at   70  2
       a = -0.500      CL =  0.1629
      Cm = -0.0407     CD =  0.00638   =>   CDf =  0.00407    CDp =  0.00230
 plradd ia,ip,cpol            8           0  0.16040158    

 Point added to stored polar  1
 Point written to save file  s8055_Re600k.base.pol                           
 Dump file unspecified or not available
 Calculating wake trajectory ...
 Calculating source influence matrix ...

 Solving BL system ...

 Side 1  free  transition at x/c =  0.7782   66
 Side 2  free  transition at x/c =  0.8100   68

   1   rms: 0.8687E-01   max: -.3160E+00   T at   68  2
       a =  0.000      CL =  0.2178
      Cm = -0.0401     CD =  0.00633   =>   CDf =  0.00407    CDp =  0.00225

 Side 1  free  transition at x/c =  0.7659   65
 Side 2  free  transition at x/c =  0.8292   69

   2   rms: 0.1077E-01   max: -.1301E+00   D at   65  1
       a =  0.000      CL =  0.2177
      Cm = -0.0401     CD =  0.00632   =>   CDf =  0.00411    CDp =  0.00221

 Side 1  free  transition at x/c =  0.7651   65
 Side 2  free  transition at x/c =  0.8317   69

   3   rms: 0.5214E-02   max: -.7324E-01   C at   69  2
       a =  0.000      CL =  0.2178
      Cm = -0.0402     CD =  0.00633   =>   CDf =  0.00413    CDp =  0.00221

 Side 1  free  transition at x/c =  0.7650   65
 Side 2  free  transition at x/c =  0.8323   70

   4   rms: 0.3597E-02   max: -.5296E-01   D at   69  2
       a =  0.000      CL =  0.2177
      Cm = -0.0402     CD =  0.00633   =>   CDf =  0.00412    CDp =  0.00221

 Side 1  free  transition at x/c =  0.7650   65
 Side 2  free  transition at x/c =  0.8324   70

   5   rms: 0.3265E-03   max: 0.3901E-02   C at   70  2
       a =  0.000      CL =  0.2177
      Cm = -0.0402     CD =  0.00633   =>   CDf =  0.00410    CDp =  0.00223

 Side 1  free  transition at x/c =  0.7650   65
 Side 2  free  transition at x/c =  0.8323   70

   6   rms: 0.2847E-05   max: 0.2743E-04   D at    4  2
       a =  0.000      CL =  0.2177
      Cm = -0.0402     CD =  0.00633   =>   CDf =  0.00410    CDp =  0.00222
 plradd ia,ip,cpol            9           0  0.11832280    

 Point added to stored polar  1
 Point written to save file  s8055_Re600k.base.pol                           
 Dump file unspecified or not available
 Calculating wake trajectory ...
 Calculating source influence matrix ...

 Solving BL system ...

 Side 1  free  transition at x/c =  0.7650   65
 Side 2  free  transition at x/c =  0.8323   70

   1   rms: 0.8856E-01   max: 0.3755E+00   D at   71  2
       a =  0.500      CL =  0.2718
      Cm = -0.0393     CD =  0.00615   =>   CDf =  0.00410    CDp =  0.00205

 Side 1  free  transition at x/c =  0.7486   65
 Side 2  free  transition at x/c =  0.8455   69

   2   rms: 0.3020E-01   max: -.3807E+00   D at   70  2
       a =  0.500      CL =  0.2727
      Cm = -0.0397     CD =  0.00633   =>   CDf =  0.00421    CDp =  0.00212

 Side 1  free  transition at x/c =  0.7502   65
 Side 2  free  transition at x/c =  0.8564   70

   3   rms: 0.1569E-01   max: 0.2321E+00   C at   70  2
       a =  0.500      CL =  0.2722
      Cm = -0.0395     CD =  0.00625   =>   CDf =  0.00406    CDp =  0.00219

 Side 1  free  transition at x/c =  0.7497   65
 Side 2  free  transition at x/c =  0.8526   70

   4   rms: 0.2440E-02   max: -.3885E-01   D at   72  2
       a =  0.500      CL =  0.2721
      Cm = -0.0394     CD =  0.00625   =>   CDf =  0.00409    CDp =  0.00216

 Side 1  free  transition at x/c =  0.7497   65
 Side 2  free  transition at x/c =  0.8518   70

   5   rms: 0.7679E-04   max: -.1559E-02   D at   72  2
       a =  0.500      CL =  0.2721
      Cm = -0.0394     CD =  0.00625   =>   CDf =  0.00410    CDp =  0.00216
 plradd ia,ip,cpol           10           0  0.10505195    

 Point added to stored polar  1
 Point written to save file  s8055_Re600k.base.pol                           
 Dump file unspecified or not available
 Calculating wake trajectory ...
 Calculating source influence matrix ...

 Solving BL system ...

 Side 1  free  transition at x/c =  0.7497   65
 Side 2  free  transition at x/c =  0.8518   70

   1   rms: 0.8474E-01   max: -.2870E+00   T at   70  2
       a =  1.000      CL =  0.3263
      Cm = -0.0387     CD =  0.00615   =>   CDf =  0.00408    CDp =  0.00207

 Side 1  free  transition at x/c =  0.7295   65
 Side 2  free  transition at x/c =  0.8659   70

   2   rms: 0.2127E-01   max: -.2304E+00   D at   65  1
       a =  1.000      CL =  0.3263
      Cm = -0.0387     CD =  0.00616   =>   CDf =  0.00419    CDp =  0.00198

 Side 1  free  transition at x/c =  0.7331   65
 Side 2  free  transition at x/c =  0.8703   70

   3   rms: 0.3399E-02   max: 0.4065E-01   C at   65  1
       a =  1.000      CL =  0.3262
      Cm = -0.0387     CD =  0.00620   =>   CDf =  0.00408    CDp =  0.00211

 Side 1  free  transition at x/c =  0.7318   65
 Side 2  free  transition at x/c =  0.8700   70

   4   rms: 0.9062E-04   max: -.1380E-02   D at   67  1
       a =  1.000      CL =  0.3263
      Cm = -0.0387     CD =  0.00620   =>   CDf =  0.00410    CDp =  0.00210
 plradd ia,ip,cpol           11           0  0.10505195    

 Point added to stored polar  1
 Point written to save file  s8055_Re600k.base.pol                           
 Dump file unspecified or not available
 Calculating wake trajectory ...
 Calculating source influence matrix ...

 Solving BL system ...

 Side 1  free  transition at x/c =  0.7318   65
 Side 2  free  transition at x/c =  0.8700   70

   1   rms: 0.8641E-01   max: -.3165E+00   T at   70  2
       a =  1.500      CL =  0.3796
      Cm = -0.0377     CD =  0.00614   =>   CDf =  0.00407    CDp =  0.00207

 Side 1  free  transition at x/c =  0.7082   64
 Side 2  free  transition at x/c =  0.8831   70

   2   rms: 0.2346E-01   max: -.3136E+00   D at   65  1
       a =  1.500      CL =  0.3798
      Cm = -0.0379     CD =  0.00612   =>   CDf =  0.00417    CDp =  0.00196

 Side 1  free  transition at x/c =  0.7104   64
 Side 2  free  transition at x/c =  0.8877   70

   3   rms: 0.3207E-02   max: 0.3536E-01   D at   65  1
       a =  1.500      CL =  0.3797
      Cm = -0.0379     CD =  0.00617   =>   CDf =  0.00412    CDp =  0.00205

 Side 1  free  transition at x/c =  0.7090   64
 Side 2  free  transition at x/c =  0.8876   70

   4   rms: 0.5298E-04   max: -.8278E-03   C at   64  1
       a =  1.500      CL =  0.3797
      Cm = -0.0379     CD =  0.00617   =>   CDf =  0.00412    CDp =  0.00204
 plradd ia,ip,cpol           12           0  9.23562944E-02

 Point added to stored polar  1
 Point written to save file  s8055_Re600k.base.pol                           
 Dump file unspecified or not available
 Calculating wake trajectory ...
 Calculating source influence matrix ...

 Solving BL system ...

 Side 1  free  transition at x/c =  0.7090   64
 Side 2  free  transition at x/c =  0.8876   70

   1   rms: 0.8332E-01   max: -.3009E+00   T at   70  2
       a =  2.000      CL =  0.4329
      Cm = -0.0371     CD =  0.00613   =>   CDf =  0.00412    CDp =  0.00200

 Side 1  free  transition at x/c =  0.6745   62
 Side 2  free  transition at x/c =  0.9036   71

   2   rms: 0.2047E-01   max: -.3228E+00   D at   63  1
       a =  2.000      CL =  0.4318
      Cm = -0.0367     CD =  0.00618   =>   CDf =  0.00422    CDp =  0.00196

 Side 1  free  transition at x/c =  0.6821   63
 Side 2  free  transition at x/c =  0.9059   71

   3   rms: 0.1532E-02   max: -.1958E-01   D at   62  1
       a =  2.000      CL =  0.4320
      Cm = -0.0368     CD =  0.00619   =>   CDf =  0.00416    CDp =  0.00203

 Side 1  free  transition at x/c =  0.6812   63
 Side 2  free  transition at x/c =  0.9061   71

   4   rms: 0.4895E-04   max: 0.7192E-03   C at   63  1
       a =  2.000      CL =  0.4320
      Cm = -0.0368     CD =  0.00619   =>   CDf =  0.00416    CDp =  0.00203
 plradd ia,ip,cpol           13           0  9.23562944E-02

 Point added to stored polar  1
 Point written to save file  s8055_Re600k.base.pol                           
 Dump file unspecified or not available
 Calculating wake trajectory ...
 Calculating source influence matrix ...

 Solving BL system ...

 Side 1  free  transition at x/c =  0.6812   63
 Side 2  free  transition at x/c =  0.9061   71

   1   rms: 0.8859E-01   max: 0.5364E+00   C at   63  1
       a =  2.500      CL =  0.4832
      Cm = -0.0355     CD =  0.00631   =>   CDf =  0.00411    CDp =  0.00220

 Side 1  free  transition at x/c =  0.6435   61
 Side 2  free  transition at x/c =  0.9248   71

   2   rms: 0.2065E-01   max: 0.2623E+00   D at   63  1
       a =  2.500      CL =  0.4827
      Cm = -0.0354     CD =  0.00628   =>   CDf =  0.00428    CDp =  0.00200

 Side 1  free  transition at x/c =  0.6474   61
 Side 2  free  transition at x/c =  0.9266   72

   3   rms: 0.4892E-02   max: -.7868E-01   D at   71  2
       a =  2.500      CL =  0.4828
      Cm = -0.0354     CD =  0.00629   =>   CDf =  0.00422    CDp =  0.00207

 Side 1  free  transition at x/c =  0.6462   61
 Side 2  free  transition at x/c =  0.9262   72

   4   rms: 0.5744E-03   max: 0.7322E-02   C at   72  2
       a =  2.500      CL =  0.4828
      Cm = -0.0354     CD =  0.00629   =>   CDf =  0.00422    CDp =  0.00207

 Side 1  free  transition at x/c =  0.6462   61
 Side 2  free  transition at x/c =  0.9261   71

   5   rms: 0.1492E-03   max: 0.2391E-02   D at   72  2
       a =  2.500      CL =  0.4828
      Cm = -0.0354     CD =  0.00629   =>   CDf =  0.00422    CDp =  0.00207

 Side 1  free  transition at x/c =  0.6462   61
 Side 2  free  transition at x/c =  0.9260   71

   6   rms: 0.9207E-06   max: -.7736E-05   D at    4  1
       a =  2.500      CL =  0.4828
      Cm = -0.0354     CD =  0.00629   =>   CDf =  0.00422    CDp =  0.00207
 plradd ia,ip,cpol           14           0  8.02626237E-02

 Point added to stored polar  1
 Point written to save file  s8055_Re600k.base.pol                           
 Dump file unspecified or not available
 Calculating wake trajectory ...
 Calculating source influence matrix ...

 Solving BL system ...

 Side 1  free  transition at x/c =  0.6462   61
 Side 2  free  transition at x/c =  0.9260   71

   1   rms: 0.8787E-01   max: 0.6194E+00   C at   61  1
       a =  3.000      CL =  0.5321
      Cm = -0.0340     CD =  0.00643   =>   CDf =  0.00422    CDp =  0.00221

 MRCHDU: Convergence failed at  73  side 2    Res =  0.4208E+02
 MRCHDU: Convergence failed at  74  side 2    Res =  0.1662E+01
 MRCHDU: Convergence failed at  75  side 2    Res =  0.2028E+01
 MRCHDU: Convergence failed at  76  side 2    Res =  0.2980E+01
 MRCHDU: Convergence failed at  77  side 2    Res =  0.3432E+01
 Side 1  free  transition at x/c =  0.5979   58
 Side 2  free  transition at x/c =  0.9488   73

   2   rms: 0.7443E-01   max: 0.6134E+00   T at   77  2
       a =  3.000      CL =  0.5444
      Cm = -0.0365     CD =  0.00649   =>   CDf =  0.00435    CDp =  0.00214

 Side 1  free  transition at x/c =  0.6031   58
 Side 2  free  transition at x/c =  0.9364   72

   3   rms: 0.2175E-01   max: -.2470E+00   D at   73  2
       a =  3.000      CL =  0.5313
      Cm = -0.0337     CD =  0.00653   =>   CDf =  0.00436    CDp =  0.00216

 Side 1  free  transition at x/c =  0.6042   58
 Side 2  free  transition at x/c =  0.9484   73

   4   rms: 0.7163E-02   max: 0.6896E-01   C at   73  2
       a =  3.000      CL =  0.5340
      Cm = -0.0342     CD =  0.00652   =>   CDf =  0.00433    CDp =  0.00218

 Side 1  free  transition at x/c =  0.6038   58
 Side 2  free  transition at x/c =  0.9457   73

   5   rms: 0.1350E-02   max: 0.1496E-01   C at   73  2
       a =  3.000      CL =  0.5345
      Cm = -0.0343     CD =  0.00652   =>   CDf =  0.00434    CDp =  0.00218

 Side 1  free  transition at x/c =  0.6037   58
 Side 2  free  transition at x/c =  0.9452   73

   6   rms: 0.2574E-04   max: -.2522E-03   D at   76  2
       a =  3.000      CL =  0.5345
      Cm = -0.0343     CD =  0.00652   =>   CDf =  0.00434    CDp =  0.00218
 plradd ia,ip,cpol           15           0  5.81237413E-02

 Point added to stored polar  1
 Point written to save file  s8055_Re600k.base.pol                           
 Dump file unspecified or not available
 Calculating wake trajectory ...
 Calculating source influence matrix ...

 Solving BL system ...

 Side 1  free  transition at x/c =  0.6037   58
 Side 2  free  transition at x/c =  0.9452   73

   1   rms: 0.9318E-01   max: 0.6185E+00   C at   58  1
       a =  3.500      CL =  0.5930
      Cm = -0.0348     CD =  0.00669   =>   CDf =  0.00429    CDp =  0.00241

 Side 1  free  transition at x/c =  0.5410   55
 Side 2  free  transition at x/c =  0.9550   72

   2   rms: 0.3400E-01   max: -.3487E+00   D at   73  2
       a =  3.500      CL =  0.5784
      Cm = -0.0319     CD =  0.00692   =>   CDf =  0.00461    CDp =  0.00231

 MRCHDU: Convergence failed at  75  side 2    Res =  0.3764E+01
 MRCHDU: Convergence failed at  76  side 2    Res =  0.2806E+01
 Side 1  free  transition at x/c =  0.5569   56
 Side 2  free  transition at x/c =  0.9761   74

   3   rms: 0.4465E-01   max: 0.4932E+00   C at   74  2
       a =  3.500      CL =  0.5848
      Cm = -0.0331     CD =  0.00676   =>   CDf =  0.00450    CDp =  0.00226

 Side 1  free  transition at x/c =  0.5521   56
 Side 2  free  transition at x/c =  0.9662   73

   4   rms: 0.1049E-01   max: 0.7751E-01   T at   73  2
       a =  3.500      CL =  0.5932
      Cm = -0.0350     CD =  0.00689   =>   CDf =  0.00450    CDp =  0.00239

 Side 1  free  transition at x/c =  0.5501   56
 Side 2  free  transition at x/c =  0.9591   73

   5   rms: 0.5953E-02   max: -.6428E-01   C at   73  2
       a =  3.500      CL =  0.5916
      Cm = -0.0347     CD =  0.00688   =>   CDf =  0.00451    CDp =  0.00237

 Side 1  free  transition at x/c =  0.5506   56
 Side 2  free  transition at x/c =  0.9612   73

   6   rms: 0.5132E-03   max: -.4821E-02   D at   76  2
       a =  3.500      CL =  0.5920
      Cm = -0.0348     CD =  0.00689   =>   CDf =  0.00451    CDp =  0.00238

 Side 1  free  transition at x/c =  0.5505   56
 Side 2  free  transition at x/c =  0.9610   73

   7   rms: 0.4586E-05   max: -.5508E-04   C at   73  2
       a =  3.500      CL =  0.5920
      Cm = -0.0348     CD =  0.00689   =>   CDf =  0.00451    CDp =  0.00238
 plradd ia,ip,cpol           16           0  4.85410728E-02

 Point added to stored polar  1
 Point written to save file  s8055_Re600k.base.pol                           
 Dump file unspecified or not available
 Calculating wake trajectory ...
 Calculating source influence matrix ...

 Solving BL system ...

 Side 1  free  transition at x/c =  0.5505   56
 Side 2  free  transition at x/c =  0.9610   73

   1   rms: 0.1185E+00   max: 0.1450E+01   C at   56  1   RLX: 0.911
       a =  4.000      CL =  0.6498
      Cm = -0.0365     CD =  0.00732   =>   CDf =  0.00445    CDp =  0.00287

 Side 1  free  transition at x/c =  0.4835   53
 Side 2  free  transition at x/c =  0.9701   72

   2   rms: 0.3068E-01   max: -.2601E+00   C at   53  1
       a =  4.000      CL =  0.6429
      Cm = -0.0340     CD =  0.00736   =>   CDf =  0.00480    CDp =  0.00256

 Side 1  free  transition at x/c =  0.4906   53
 Side 2  free  transition at x/c =  0.9860   74

   3   rms: 0.2908E-01   max: 0.3615E+00   C at   74  2
       a =  4.000      CL =  0.6480
      Cm = -0.0351     CD =  0.00738   =>   CDf =  0.00473    CDp =  0.00265

 Side 1  free  transition at x/c =  0.4866   53
 Side 2  free  transition at x/c =  0.9797   73

   4   rms: 0.1303E-01   max: 0.9563E-01   D at   75  2
       a =  4.000      CL =  0.6559
      Cm = -0.0369     CD =  0.00744   =>   CDf =  0.00475    CDp =  0.00269

 Side 1  free  transition at x/c =  0.4829   53
 Side 2  free  transition at x/c =  0.9720   73

   5   rms: 0.9224E-02   max: -.7745E-01   D at   74  2
       a =  4.000      CL =  0.6543
      Cm = -0.0366     CD =  0.00744   =>   CDf =  0.00477    CDp =  0.00266

 Side 1  free  transition at x/c =  0.4839   53
 Side 2  free  transition at x/c =  0.9743   73

   6   rms: 0.2074E-03   max: -.3544E-02   D at   73  2
       a =  4.000      CL =  0.6544
      Cm = -0.0366     CD =  0.00744   =>   CDf =  0.00477    CDp =  0.00267

 Side 1  free  transition at x/c =  0.4838   53
 Side 2  free  transition at x/c =  0.9743   73

   7   rms: 0.1061E-05   max: -.1090E-04   C at   53  1
       a =  4.000      CL =  0.6544
      Cm = -0.0366     CD =  0.00744   =>   CDf =  0.00477    CDp =  0.00267
 plradd ia,ip,cpol           17           0  4.01243269E-02

 Point added to stored polar  1
 Point written to save file  s8055_Re600k.base.pol                           
 Dump file unspecified or not available
 Calculating wake trajectory ...
 Calculating source influence matrix ...

 Solving BL system ...

 Side 1  free  transition at x/c =  0.4838   53
 Side 2  free  transition at x/c =  0.9743   73

   1   rms: 0.1541E+00   max: 0.2248E+01   C at   53  1   RLX: 0.541
       a =  4.500      CL =  0.6895
      Cm = -0.0381     CD =  0.00791   =>   CDf =  0.00477    CDp =  0.00314

 Side 1  free  transition at x/c =  0.4342   49
 Side 2  free  transition at x/c =  0.9795   73

   2   rms: 0.4576E-01   max: -.8695E-01   T at   73  2
       a =  4.500      CL =  0.7205
      Cm = -0.0394     CD =  0.00804   =>   CDf =  0.00501    CDp =  0.00303

 Side 1  free  transition at x/c =  0.3946   47
 Side 2  free  transition at x/c =  0.9857   74

   3   rms: 0.1287E-01   max: -.2398E+00   C at   47  1
       a =  4.500      CL =  0.7198
      Cm = -0.0394     CD =  0.00820   =>   CDf =  0.00518    CDp =  0.00303

 Side 1  free  transition at x/c =  0.4010   47
 Side 2  free  transition at x/c =  0.9853   74

   4   rms: 0.5291E-03   max: 0.9319E-02   C at   47  1
       a =  4.500      CL =  0.7198
      Cm = -0.0394     CD =  0.00821   =>   CDf =  0.00513    CDp =  0.00307

 Side 1  free  transition at x/c =  0.4008   47
 Side 2  free  transition at x/c =  0.9853   74

   5   rms: 0.4447E-05   max: 0.8636E-04   C at   47  1
       a =  4.500      CL =  0.7198
      Cm = -0.0394     CD =  0.00821   =>   CDf =  0.00514    CDp =  0.00307
 plradd ia,ip,cpol           18           0  2.67312638E-02

 Point added to stored polar  1
 Point written to save file  s8055_Re600k.base.pol                           
 Dump file unspecified or not available
 Calculating wake trajectory ...
 Calculating source influence matrix ...

 Solving BL system ...

 Side 1  free  transition at x/c =  0.4008   47
 Side 2  free  transition at x/c =  0.9853   74

   1   rms: 0.1418E+00   max: 0.2216E+01   C at   47  1   RLX: 0.677
       a =  5.000      CL =  0.7687
      Cm = -0.0423     CD =  0.00865   =>   CDf =  0.00505    CDp =  0.00359

 Side 1  free  transition at x/c =  0.3434   45
 Side 2  free  transition at x/c =  0.9897   73

   2   rms: 0.3610E-01   max: -.2467E+00   D at   45  1
       a =  5.000      CL =  0.7878
      Cm = -0.0430     CD =  0.00905   =>   CDf =  0.00541    CDp =  0.00364

 Side 1  free  transition at x/c =  0.3247   43
 Side 2  free  transition at x/c =  0.9947   74

   3   rms: 0.6051E-02   max: -.9253E-01   C at   43  1
       a =  5.000      CL =  0.7879
      Cm = -0.0430     CD =  0.00903   =>   CDf =  0.00549    CDp =  0.00354

 Side 1  free  transition at x/c =  0.3262   44
 Side 2  free  transition at x/c =  0.9948   74

   4   rms: 0.3157E-03   max: 0.4628E-02   C at   44  1
       a =  5.000      CL =  0.7879
      Cm = -0.0430     CD =  0.00903   =>   CDf =  0.00548    CDp =  0.00355

 Side 1  free  transition at x/c =  0.3261   43
 Side 2  free  transition at x/c =  0.9947   74

   5   rms: 0.4742E-04   max: 0.9309E-03   C at   43  1
       a =  5.000      CL =  0.7879
      Cm = -0.0430     CD =  0.00903   =>   CDf =  0.00548    CDp =  0.00355
 plradd ia,ip,cpol           19           0  1.73254721E-02

 Point added to stored polar  1
 Point written to save file  s8055_Re600k.base.pol                           
 Dump file unspecified or not available
 Calculating wake trajectory ...
 Calculating source influence matrix ...

 Solving BL system ...

 Side 1  free  transition at x/c =  0.3261   43
 Side 2  free  transition at x/c =  0.9947   74

   1   rms: 0.1255E+00   max: 0.1775E+01   C at   43  1   RLX: 0.845
       a =  5.500      CL =  0.8498
      Cm = -0.0468     CD =  0.00950   =>   CDf =  0.00538    CDp =  0.00412

 Side 1  free  transition at x/c =  0.2676   41
 Side 2  free  transition at x/c =  1.0000   73

   2   rms: 0.1994E-01   max: -.1724E+00   D at   41  1
       a =  5.500      CL =  0.8587
      Cm = -0.0472     CD =  0.00983   =>   CDf =  0.00577    CDp =  0.00407

 Side 1  free  transition at x/c =  0.2639   40
 Side 2 forced transition at x/c =  1.0000   73

   3   rms: 0.2845E-01   max: -.2171E+00   D at   73  2
       a =  5.500      CL =  0.8415
      Cm = -0.0437     CD =  0.00978   =>   CDf =  0.00577    CDp =  0.00401

 Side 1  free  transition at x/c =  0.2677   41
 Side 2 forced transition at x/c =  1.0000   73

   4   rms: 0.6354E-02   max: -.7194E-01   C at   41  1
       a =  5.500      CL =  0.8431
      Cm = -0.0440     CD =  0.00974   =>   CDf =  0.00576    CDp =  0.00398

 Side 1  free  transition at x/c =  0.2686   41
 Side 2 forced transition at x/c =  1.0000   73

   5   rms: 0.3967E-03   max: 0.5555E-02   C at   41  1
       a =  5.500      CL =  0.8431
      Cm = -0.0440     CD =  0.00974   =>   CDf =  0.00574    CDp =  0.00401

 Side 1  free  transition at x/c =  0.2685   41
 Side 2 forced transition at x/c =  1.0000   73

   6   rms: 0.2552E-05   max: -.1440E-04   C at   73  2
       a =  5.500      CL =  0.8431
      Cm = -0.0440     CD =  0.00974   =>   CDf =  0.00574    CDp =  0.00401
 plradd ia,ip,cpol           20           0  1.73254721E-02

 Point added to stored polar  1
 Point written to save file  s8055_Re600k.base.pol                           
 Dump file unspecified or not available
 Calculating wake trajectory ...
 Calculating source influence matrix ...

 Solving BL system ...

 Side 1  free  transition at x/c =  0.2685   41
 Side 2 forced transition at x/c =  1.0000   73

   1   rms: 0.1130E+00   max: 0.1246E+01   C at   41  1   RLX: 0.850
       a =  6.000      CL =  0.8633
      Cm = -0.0393     CD =  0.01034   =>   CDf =  0.00574    CDp =  0.00460

 Side 1  free  transition at x/c =  0.2357   39
 Side 2 forced transition at x/c =  1.0000   73

   2   rms: 0.2857E-01   max: 0.2366E+00   C at   73  2
       a =  6.000      CL =  0.8735
      Cm = -0.0396     CD =  0.01040   =>   CDf =  0.00595    CDp =  0.00444

 Side 1  free  transition at x/c =  0.2308   38
 Side 2 forced transition at x/c =  1.0000   73

   3   rms: 0.6029E-02   max: 0.6926E-01   C at   73  2
       a =  6.000      CL =  0.8757
      Cm = -0.0400     CD =  0.01036   =>   CDf =  0.00593    CDp =  0.00443

 Side 1  free  transition at x/c =  0.2298   38
 Side 2 forced transition at x/c =  1.0000   73

   4   rms: 0.4109E-03   max: 0.4555E-02   C at   73  2
       a =  6.000      CL =  0.8758
      Cm = -0.0400     CD =  0.01037   =>   CDf =  0.00593    CDp =  0.00444

 Side 1  free  transition at x/c =  0.2298   38
 Side 2 forced transition at x/c =  1.0000   73

   5   rms: 0.2459E-05   max: 0.2453E-04   C at   73  2
       a =  6.000      CL =  0.8758
      Cm = -0.0400     CD =  0.01037   =>   CDf =  0.00593    CDp =  0.00444
 plradd ia,ip,cpol           21           0  1.73254721E-02

 Point added to stored polar  1
 Point written to save file  s8055_Re600k.base.pol                           
 Dump file unspecified or not available
 Calculating wake trajectory ...
 Calculating source influence matrix ...

 Solving BL system ...

 Side 1  free  transition at x/c =  0.2298   38
 Side 2 forced transition at x/c =  1.0000   73

   1   rms: 0.9386E-01   max: 0.1068E+01   C at   38  1
       a =  6.500      CL =  0.9141
      Cm = -0.0370     CD =  0.01096   =>   CDf =  0.00581    CDp =  0.00515

 Side 1  free  transition at x/c =  0.1962   37
 Side 2 forced transition at x/c =  1.0000   72

   2   rms: 0.1643E-01   max: 0.1915E+00   D at   38  1
       a =  6.500      CL =  0.9138
      Cm = -0.0370     CD =  0.01101   =>   CDf =  0.00610    CDp =  0.00491

 Side 1  free  transition at x/c =  0.1984   37
 Side 2 forced transition at x/c =  1.0000   72

   3   rms: 0.1897E-02   max: 0.2938E-01   C at   37  1
       a =  6.500      CL =  0.9141
      Cm = -0.0370     CD =  0.01101   =>   CDf =  0.00607    CDp =  0.00495

 Side 1  free  transition at x/c =  0.1977   37
 Side 2 forced transition at x/c =  1.0000   72

   4   rms: 0.1801E-04   max: -.3256E-03   D at   38  1
       a =  6.500      CL =  0.9140
      Cm = -0.0370     CD =  0.01101   =>   CDf =  0.00607    CDp =  0.00494
 plradd ia,ip,cpol           22           0  1.37903970E-02

 Point added to stored polar  1
 Point written to save file  s8055_Re600k.base.pol                           
 Dump file unspecified or not available
 Calculating wake trajectory ...
 Calculating source influence matrix ...

 Solving BL system ...

 Side 1  free  transition at x/c =  0.1977   37
 Side 2 forced transition at x/c =  1.0000   72

   1   rms: 0.8995E-01   max: 0.8669E+00   C at   37  1
       a =  7.000      CL =  0.9544
      Cm = -0.0345     CD =  0.01167   =>   CDf =  0.00594    CDp =  0.00573

 Side 1  free  transition at x/c =  0.1711   36
 Side 2 forced transition at x/c =  1.0000   71

   2   rms: 0.1461E-01   max: 0.2049E+00   D at   37  1
       a =  7.000      CL =  0.9543
      Cm = -0.0345     CD =  0.01169   =>   CDf =  0.00620    CDp =  0.00548

 Side 1  free  transition at x/c =  0.1725   36
 Side 2 forced transition at x/c =  1.0000   71

   3   rms: 0.1462E-02   max: 0.2513E-01   C at   36  1
       a =  7.000      CL =  0.9546
      Cm = -0.0346     CD =  0.01167   =>   CDf =  0.00618    CDp =  0.00550

 Side 1  free  transition at x/c =  0.1720   36
 Side 2 forced transition at x/c =  1.0000   71

   4   rms: 0.1264E-04   max: -.2177E-03   D at   37  1
       a =  7.000      CL =  0.9546
      Cm = -0.0346     CD =  0.01167   =>   CDf =  0.00618    CDp =  0.00550
 plradd ia,ip,cpol           23           0  1.37903970E-02

 Point added to stored polar  1
 Point written to save file  s8055_Re600k.base.pol                           
 Dump file unspecified or not available
 Calculating wake trajectory ...
 Calculating source influence matrix ...

 Solving BL system ...

 Side 1  free  transition at x/c =  0.1720   36
 Side 2 forced transition at x/c =  1.0000   71

   1   rms: 0.8069E-01   max: 0.4263E+00   C at   36  1
       a =  7.500      CL =  0.9984
      Cm = -0.0327     CD =  0.01221   =>   CDf =  0.00618    CDp =  0.00603

 Side 1  free  transition at x/c =  0.1504   35
 Side 2 forced transition at x/c =  1.0000   71

   2   rms: 0.9668E-02   max: -.1027E+00   D at   35  1
       a =  7.500      CL =  0.9965
      Cm = -0.0324     CD =  0.01231   =>   CDf =  0.00625    CDp =  0.00606

 Side 1  free  transition at x/c =  0.1515   35
 Side 2 forced transition at x/c =  1.0000   71

   3   rms: 0.5265E-03   max: 0.6983E-02   C at   35  1
       a =  7.500      CL =  0.9964
      Cm = -0.0324     CD =  0.01232   =>   CDf =  0.00624    CDp =  0.00608

 Side 1  free  transition at x/c =  0.1513   35
 Side 2 forced transition at x/c =  1.0000   71

   4   rms: 0.4252E-05   max: -.2560E-04   C at   71  2
       a =  7.500      CL =  0.9964
      Cm = -0.0324     CD =  0.01232   =>   CDf =  0.00624    CDp =  0.00608
 plradd ia,ip,cpol           24           0  1.08750276E-02

 Point added to stored polar  1
 Point written to save file  s8055_Re600k.base.pol                           
 Dump file unspecified or not available
 Calculating wake trajectory ...
 Calculating source influence matrix ...

 Solving BL system ...

 Side 1  free  transition at x/c =  0.1513   35
 Side 2 forced transition at x/c =  1.0000   71

   1   rms: 0.8561E-01   max: -.5127E+00   D at   35  1   RLX: 0.975
       a =  8.000      CL =  1.0359
      Cm = -0.0302     CD =  0.01309   =>   CDf =  0.00608    CDp =  0.00701

 Side 1  free  transition at x/c =  0.1336   35
 Side 2 forced transition at x/c =  1.0000   70

   2   rms: 0.1353E-01   max: 0.1687E+00   D at   35  1
       a =  8.000      CL =  1.0368
      Cm = -0.0301     CD =  0.01307   =>   CDf =  0.00632    CDp =  0.00675

 Side 1  free  transition at x/c =  0.1327   35
 Side 2 forced transition at x/c =  1.0000   70

   3   rms: 0.1143E-02   max: -.1260E-01   D at   36  1
       a =  8.000      CL =  1.0368
      Cm = -0.0301     CD =  0.01307   =>   CDf =  0.00631    CDp =  0.00676

 Side 1  free  transition at x/c =  0.1324   35
 Side 2 forced transition at x/c =  1.0000   70

   4   rms: 0.2689E-04   max: -.4231E-03   D at   35  1
       a =  8.000      CL =  1.0368
      Cm = -0.0301     CD =  0.01307   =>   CDf =  0.00631    CDp =  0.00675
 plradd ia,ip,cpol           25           0  1.08750276E-02

 Point added to stored polar  1
 Point written to save file  s8055_Re600k.base.pol                           
 Dump file unspecified or not available
 Calculating wake trajectory ...
 Calculating source influence matrix ...

 Solving BL system ...

 Side 1  free  transition at x/c =  0.1324   35
 Side 2 forced transition at x/c =  1.0000   70

   1   rms: 0.8626E-01   max: -.5182E+00   D at   35  1   RLX: 0.965
       a =  8.500      CL =  1.0719
      Cm = -0.0273     CD =  0.01407   =>   CDf =  0.00631    CDp =  0.00776

 Side 1  free  transition at x/c =  0.1146   33
 Side 2 forced transition at x/c =  1.0000   70

   2   rms: 0.2161E-01   max: 0.2608E+00   D at   34  1
       a =  8.500      CL =  1.0773
      Cm = -0.0279     CD =  0.01379   =>   CDf =  0.00637    CDp =  0.00742

 Side 1  free  transition at x/c =  0.1155   33
 Side 2 forced transition at x/c =  1.0000   70

   3   rms: 0.2378E-02   max: 0.4449E-01   C at   33  1
       a =  8.500      CL =  1.0777
      Cm = -0.0279     CD =  0.01376   =>   CDf =  0.00633    CDp =  0.00744

 Side 1  free  transition at x/c =  0.1147   33
 Side 2 forced transition at x/c =  1.0000   70

   4   rms: 0.4564E-04   max: -.5786E-03   C at   33  1
       a =  8.500      CL =  1.0777
      Cm = -0.0279     CD =  0.01376   =>   CDf =  0.00633    CDp =  0.00743
 plradd ia,ip,cpol           26           0  1.08750276E-02

 Point added to stored polar  1
 Point written to save file  s8055_Re600k.base.pol                           
 Dump file unspecified or not available
 Calculating wake trajectory ...
 Calculating source influence matrix ...

 Solving BL system ...

 Side 1  free  transition at x/c =  0.1147   33
 Side 2 forced transition at x/c =  1.0000   70

   1   rms: 0.7805E-01   max: -.3817E+00   D at   33  1
       a =  9.000      CL =  1.1191
      Cm = -0.0258     CD =  0.01445   =>   CDf =  0.00614    CDp =  0.00831

 Side 1  free  transition at x/c =  0.0979   33
 Side 2 forced transition at x/c =  1.0000   69

   2   rms: 0.1565E-01   max: -.2360E+00   D at   33  1
       a =  9.000      CL =  1.1162
      Cm = -0.0254     CD =  0.01454   =>   CDf =  0.00634    CDp =  0.00819

 Side 1  free  transition at x/c =  0.0977   33
 Side 2 forced transition at x/c =  1.0000   69

   3   rms: 0.1828E-02   max: 0.1926E-01   C at   33  1
       a =  9.000      CL =  1.1154
      Cm = -0.0253     CD =  0.01459   =>   CDf =  0.00637    CDp =  0.00822

 Side 1  free  transition at x/c =  0.0973   33
 Side 2 forced transition at x/c =  1.0000   69

   4   rms: 0.3709E-04   max: 0.1773E-03   D at   93  1
       a =  9.000      CL =  1.1153
      Cm = -0.0253     CD =  0.01459   =>   CDf =  0.00637    CDp =  0.00822
 plradd ia,ip,cpol           27           0  1.08750276E-02

 Point added to stored polar  1
 Point written to save file  s8055_Re600k.base.pol                           
 Dump file unspecified or not available
 Calculating wake trajectory ...
 Calculating source influence matrix ...

 Solving BL system ...

 Side 1  free  transition at x/c =  0.0973   33
 Side 2 forced transition at x/c =  1.0000   69

   1   rms: 0.8338E-01   max: -.5768E+00   D at   33  1   RLX: 0.867
       a =  9.500      CL =  1.1442
      Cm = -0.0224     CD =  0.01546   =>   CDf =  0.00637    CDp =  0.00908

 Side 1  free  transition at x/c =  0.0858   32
 Side 2 forced transition at x/c =  1.0000   69

   2   rms: 0.1909E-01   max: -.2637E+00   D at   32  1
       a =  9.500      CL =  1.1487
      Cm = -0.0219     CD =  0.01542   =>   CDf =  0.00636    CDp =  0.00906

 Side 1  free  transition at x/c =  0.0830   32
 Side 2 forced transition at x/c =  1.0000   69

   3   rms: 0.2754E-02   max: -.1998E-01   D at   33  1
       a =  9.500      CL =  1.1466
      Cm = -0.0215     CD =  0.01553   =>   CDf =  0.00641    CDp =  0.00912

 Side 1  free  transition at x/c =  0.0826   32
 Side 2 forced transition at x/c =  1.0000   69

   4   rms: 0.6560E-04   max: -.7335E-03   D at   32  1
       a =  9.500      CL =  1.1465
      Cm = -0.0215     CD =  0.01553   =>   CDf =  0.00642    CDp =  0.00912
 plradd ia,ip,cpol           28           0  8.46861582E-03

 Point added to stored polar  1
 Point written to save file  s8055_Re600k.base.pol                           
 Dump file unspecified or not available
 Calculating wake trajectory ...
 Calculating source influence matrix ...

 Solving BL system ...

 Side 1  free  transition at x/c =  0.0825   32
 Side 2 forced transition at x/c =  1.0000   69

   1   rms: 0.8435E-01   max: -.5800E+00   D at   32  1   RLX: 0.862
       a = 10.000      CL =  1.1690
      Cm = -0.0178     CD =  0.01668   =>   CDf =  0.00619    CDp =  0.01049

 Side 1  free  transition at x/c =  0.0723   32
 Side 2 forced transition at x/c =  1.0000   68

   2   rms: 0.7836E-01   max: 0.1032E+01   T at    2  1   RLX: 0.791
       a = 10.000      CL =  1.1798
      Cm = -0.0189     CD =  0.01629   =>   CDf =  0.00633    CDp =  0.00996

 Side 1  free  transition at x/c =  0.0725   32
 Side 2 forced transition at x/c =  1.0000   68

   3   rms: 0.1077E-01   max: -.1896E+00   D at   32  1
       a = 10.000      CL =  1.1767
      Cm = -0.0179     CD =  0.01658   =>   CDf =  0.00638    CDp =  0.01020

 Side 1  free  transition at x/c =  0.0706   32
 Side 2 forced transition at x/c =  1.0000   68

   4   rms: 0.1851E-02   max: -.2464E-01   D at   32  1
       a = 10.000      CL =  1.1758
      Cm = -0.0178     CD =  0.01663   =>   CDf =  0.00642    CDp =  0.01021

 Side 1  free  transition at x/c =  0.0703   32
 Side 2 forced transition at x/c =  1.0000   68

   5   rms: 0.9115E-04   max: -.1191E-02   D at   32  1
       a = 10.000      CL =  1.1758
      Cm = -0.0178     CD =  0.01663   =>   CDf =  0.00643    CDp =  0.01020
 plradd ia,ip,cpol           29           0  6.54051895E-04

 Point added to stored polar  1
 Point written to save file  s8055_Re600k.base.pol                           
 Dump file unspecified or not available

.OPERva   c>  
 Solving BL system ...

 Side 1  free  transition at x/c =  0.0703   32
 Side 2 forced transition at x/c =  1.0000   68

   1   rms: 0.1034E-05   max: 0.3330E-05   D at   76  2
       a = 10.000      CL =  1.1758
      Cm = -0.0178     CD =  0.01663   =>   CDf =  0.00643    CDp =  0.01020
 plradd ia,ip,cpol           30         182  6.54051895E-04

 Point added to stored polar  1
 Point written to save file  s8055_Re600k.base.pol                           
 Dump file unspecified or not available
 Calculating wake trajectory ...
 Calculating source influence matrix ...

 Solving BL system ...

 Side 1  free  transition at x/c =  0.0703   32
 Side 2 forced transition at x/c =  1.0000   68

   1   rms: 0.4311E-01   max: -.2011E+00   D at   32  1
       a = 10.250      CL =  1.1867
      Cm = -0.0154     CD =  0.01748   =>   CDf =  0.00643    CDp =  0.01105

 Side 1  free  transition at x/c =  0.0656   31
 Side 2 forced transition at x/c =  1.0000   68

   2   rms: 0.2314E-01   max: -.2730E+00   D at   31  1
       a = 10.250      CL =  1.1917
      Cm = -0.0161     CD =  0.01710   =>   CDf =  0.00637    CDp =  0.01072

 Side 1  free  transition at x/c =  0.0665   31
 Side 2 forced transition at x/c =  1.0000   68

   3   rms: 0.2195E-02   max: 0.2996E-01   C at   31  1
       a = 10.250      CL =  1.1915
      Cm = -0.0161     CD =  0.01716   =>   CDf =  0.00638    CDp =  0.01077

 Side 1  free  transition at x/c =  0.0661   31
 Side 2 forced transition at x/c =  1.0000   68

   4   rms: 0.4768E-04   max: -.2353E-03   D at   31  1
       a = 10.250      CL =  1.1914
      Cm = -0.0161     CD =  0.01715   =>   CDf =  0.00638    CDp =  0.01077
 plradd ia,ip,cpol           31           0  6.54051895E-04

 Point added to stored polar  1
 Point written to save file  s8055_Re600k.base.pol                           
 Dump file unspecified or not available
 Calculating wake trajectory ...
 Calculating source influence matrix ...

 Solving BL system ...

 Side 1  free  transition at x/c =  0.0661   31
 Side 2 forced transition at x/c =  1.0000   68

   1   rms: 0.3679E-01   max: 0.1414E+00   T at   31  1
       a = 10.500      CL =  1.2078
      Cm = -0.0146     CD =  0.01769   =>   CDf =  0.00639    CDp =  0.01130

 Side 1  free  transition at x/c =  0.0598   31
 Side 2 forced transition at x/c =  1.0000   68

   2   rms: 0.5996E-02   max: 0.7351E-01   D at   31  1
       a = 10.500      CL =  1.2063
      Cm = -0.0145     CD =  0.01774   =>   CDf =  0.00644    CDp =  0.01130

 Side 1  free  transition at x/c =  0.0613   31
 Side 2 forced transition at x/c =  1.0000   68

   3   rms: 0.1530E-02   max: -.7094E-02   D at   32  1
       a = 10.500      CL =  1.2060
      Cm = -0.0144     CD =  0.01777   =>   CDf =  0.00640    CDp =  0.01137

 Side 1  free  transition at x/c =  0.0611   31
 Side 2 forced transition at x/c =  1.0000   68

   4   rms: 0.5531E-04   max: 0.2426E-03   D at   88  1
       a = 10.500      CL =  1.2060
      Cm = -0.0144     CD =  0.01777   =>   CDf =  0.00640    CDp =  0.01136
 plradd ia,ip,cpol           32           0  6.54051895E-04

 Point added to stored polar  1
 Point written to save file  s8055_Re600k.base.pol                           
 Dump file unspecified or not available
 Calculating wake trajectory ...
 Calculating source influence matrix ...

 Solving BL system ...

 Side 1  free  transition at x/c =  0.0611   31
 Side 2 forced transition at x/c =  1.0000   68

   1   rms: 0.4044E-01   max: -.2125E+00   D at   31  1
       a = 10.750      CL =  1.2184
      Cm = -0.0125     CD =  0.01857   =>   CDf =  0.00641    CDp =  0.01217

 Side 1  free  transition at x/c =  0.0576   30
 Side 2 forced transition at x/c =  1.0000   68

   2   rms: 0.8272E-02   max: -.9078E-01   D at   31  1
       a = 10.750      CL =  1.2185
      Cm = -0.0125     CD =  0.01849   =>   CDf =  0.00637    CDp =  0.01212

 Side 1  free  transition at x/c =  0.0574   30
 Side 2 forced transition at x/c =  1.0000   68

   3   rms: 0.2644E-03   max: 0.3014E-02   D at   30  1
       a = 10.750      CL =  1.2184
      Cm = -0.0125     CD =  0.01851   =>   CDf =  0.00638    CDp =  0.01213

 Side 1  free  transition at x/c =  0.0574   30
 Side 2 forced transition at x/c =  1.0000   68

   4   rms: 0.3164E-05   max: -.9815E-05   T at   88  1
       a = 10.750      CL =  1.2184
      Cm = -0.0125     CD =  0.01851   =>   CDf =  0.00638    CDp =  0.01213
 plradd ia,ip,cpol           33           0  6.54051895E-04

 Point added to stored polar  1
 Point written to save file  s8055_Re600k.base.pol                           
 Dump file unspecified or not available
 Calculating wake trajectory ...
 Calculating source influence matrix ...

 Solving BL system ...

 Side 1  free  transition at x/c =  0.0574   30
 Side 2 forced transition at x/c =  1.0000   68

   1   rms: 0.3617E-01   max: -.1637E+00   C at   30  1
       a = 11.000      CL =  1.2359
      Cm = -0.0113     CD =  0.01900   =>   CDf =  0.00638    CDp =  0.01263

 Side 1  free  transition at x/c =  0.0546   30
 Side 2 forced transition at x/c =  1.0000   68

   2   rms: 0.2108E-02   max: -.1493E-01   D at   30  1
       a = 11.000      CL =  1.2343
      Cm = -0.0111     CD =  0.01907   =>   CDf =  0.00632    CDp =  0.01275

 Side 1  free  transition at x/c =  0.0546   30
 Side 2 forced transition at x/c =  1.0000   68

   3   rms: 0.2194E-04   max: 0.3712E-03   D at   86  1
       a = 11.000      CL =  1.2343
      Cm = -0.0111     CD =  0.01907   =>   CDf =  0.00632    CDp =  0.01275
 plradd ia,ip,cpol           34           0  1.97664311E-04

 Point added to stored polar  1
 Point written to save file  s8055_Re600k.base.pol                           
 Dump file unspecified or not available
 Calculating wake trajectory ...
 Calculating source influence matrix ...

 Solving BL system ...

 Side 1  free  transition at x/c =  0.0546   30
 Side 2 forced transition at x/c =  1.0000   68

   1   rms: 0.3598E-01   max: -.1290E+00   D at   30  1
       a = 11.250      CL =  1.2495
      Cm = -0.0097     CD =  0.01972   =>   CDf =  0.00603    CDp =  0.01369

 Side 1  free  transition at x/c =  0.0515   31
 Side 2 forced transition at x/c =  1.0000   67

   2   rms: 0.3946E-02   max: -.4927E-01   D at    2  1
       a = 11.250      CL =  1.2478
      Cm = -0.0095     CD =  0.01978   =>   CDf =  0.00630    CDp =  0.01348

 Side 1  free  transition at x/c =  0.0517   31
 Side 2 forced transition at x/c =  1.0000   67

   3   rms: 0.8894E-03   max: -.1093E-01   D at    4  1
       a = 11.250      CL =  1.2478
      Cm = -0.0095     CD =  0.01978   =>   CDf =  0.00630    CDp =  0.01348

 Side 1  free  transition at x/c =  0.0517   31
 Side 2 forced transition at x/c =  1.0000   67

   4   rms: 0.9011E-06   max: 0.7110E-05   D at    8  1
       a = 11.250      CL =  1.2478
      Cm = -0.0095     CD =  0.01978   =>   CDf =  0.00630    CDp =  0.01348
 plradd ia,ip,cpol           35           0  1.97664311E-04

 Point added to stored polar  1
 Point written to save file  s8055_Re600k.base.pol                           
 Dump file unspecified or not available
 Calculating wake trajectory ...
 Calculating source influence matrix ...

 Solving BL system ...

 Side 1  free  transition at x/c =  0.0517   31
 Side 2 forced transition at x/c =  1.0000   67

   1   rms: 0.3797E-01   max: -.1780E+00   D at   31  1
       a = 11.500      CL =  1.2603
      Cm = -0.0079     CD =  0.02064   =>   CDf =  0.00630    CDp =  0.01434

 Side 1  free  transition at x/c =  0.0486   30
 Side 2 forced transition at x/c =  1.0000   67

   2   rms: 0.5044E-02   max: -.4511E-01   D at   31  1
       a = 11.500      CL =  1.2569
      Cm = -0.0075     CD =  0.02079   =>   CDf =  0.00629    CDp =  0.01450

 Side 1  free  transition at x/c =  0.0485   30
 Side 2 forced transition at x/c =  1.0000   67

   3   rms: 0.7267E-04   max: 0.1501E-02   D at   85  1
       a = 11.500      CL =  1.2569
      Cm = -0.0075     CD =  0.02079   =>   CDf =  0.00629    CDp =  0.01450
 plradd ia,ip,cpol           36           0  1.97664311E-04

 Point added to stored polar  1
 Point written to save file  s8055_Re600k.base.pol                           
 Dump file unspecified or not available
 Calculating wake trajectory ...
 Calculating source influence matrix ...

 Solving BL system ...

 Side 1  free  transition at x/c =  0.0485   30
 Side 2 forced transition at x/c =  1.0000   67

   1   rms: 0.3596E-01   max: -.2281E+00   C at   30  1
       a = 11.750      CL =  1.2752
      Cm = -0.0066     CD =  0.02128   =>   CDf =  0.00629    CDp =  0.01499

 Side 1  free  transition at x/c =  0.0469   30
 Side 2 forced transition at x/c =  1.0000   67

   2   rms: 0.3208E-02   max: 0.2436E-01   D at   30  1
       a = 11.750      CL =  1.2731
      Cm = -0.0063     CD =  0.02138   =>   CDf =  0.00622    CDp =  0.01516

 Side 1  free  transition at x/c =  0.0468   30
 Side 2 forced transition at x/c =  1.0000   67

   3   rms: 0.7551E-04   max: 0.3792E-03   D at   74  2
       a = 11.750      CL =  1.2731
      Cm = -0.0063     CD =  0.02138   =>   CDf =  0.00621    CDp =  0.01516
 plradd ia,ip,cpol           37           0  1.97664311E-04

 Point added to stored polar  1
 Point written to save file  s8055_Re600k.base.pol                           
 Dump file unspecified or not available
 Calculating wake trajectory ...
 Calculating source influence matrix ...

 Solving BL system ...

 Side 1  free  transition at x/c =  0.0468   30
 Side 2 forced transition at x/c =  1.0000   67

   1   rms: 0.3483E-01   max: 0.1250E+00   T at   30  1
       a = 12.000      CL =  1.2889
      Cm = -0.0052     CD =  0.02205   =>   CDf =  0.00622    CDp =  0.01583

 Side 1  free  transition at x/c =  0.0447   30
 Side 2 forced transition at x/c =  1.0000   67

   2   rms: 0.2622E-02   max: -.2639E-01   D at   30  1
       a = 12.000      CL =  1.2876
      Cm = -0.0051     CD =  0.02208   =>   CDf =  0.00616    CDp =  0.01591

 Side 1  free  transition at x/c =  0.0448   30
 Side 2 forced transition at x/c =  1.0000   67

   3   rms: 0.5708E-04   max: -.2792E-03   D at   85  1
       a = 12.000      CL =  1.2876
      Cm = -0.0051     CD =  0.02208   =>   CDf =  0.00616    CDp =  0.01591
 plradd ia,ip,cpol           38           0  1.97664311E-04

 Point added to stored polar  1
 Point written to save file  s8055_Re600k.base.pol                           
 Dump file unspecified or not available
 Calculating wake trajectory ...
 Calculating source influence matrix ...

 Solving BL system ...

 Side 1  free  transition at x/c =  0.0448   30
 Side 2 forced transition at x/c =  1.0000   67

   1   rms: 0.3559E-01   max: -.1277E+00   D at   30  1
       a = 12.250      CL =  1.3016
      Cm = -0.0038     CD =  0.02288   =>   CDf =  0.00616    CDp =  0.01672

 Side 1  free  transition at x/c =  0.0428   30
 Side 2 forced transition at x/c =  1.0000   67

   2   rms: 0.2731E-02   max: 0.1452E-01   D at   83  1
       a = 12.250      CL =  1.2995
      Cm = -0.0036     CD =  0.02297   =>   CDf =  0.00614    CDp =  0.01683

 Side 1  free  transition at x/c =  0.0428   30
 Side 2 forced transition at x/c =  1.0000   67

   3   rms: 0.6046E-04   max: 0.8569E-03   D at   83  1
       a = 12.250      CL =  1.2994
      Cm = -0.0036     CD =  0.02297   =>   CDf =  0.00614    CDp =  0.01683
 plradd ia,ip,cpol           39           0  1.97664311E-04

 Point added to stored polar  1
 Point written to save file  s8055_Re600k.base.pol                           
 Dump file unspecified or not available
 Calculating wake trajectory ...
 Calculating source influence matrix ...

 Solving BL system ...

 Side 1  free  transition at x/c =  0.0428   30
 Side 2 forced transition at x/c =  1.0000   67

   1   rms: 0.3628E-01   max: -.1193E+00   D at   30  1
       a = 12.500      CL =  1.3106
      Cm = -0.0021     CD =  0.02401   =>   CDf =  0.00614    CDp =  0.01787

 Side 1  free  transition at x/c =  0.0412   30
 Side 2 forced transition at x/c =  1.0000   67

   2   rms: 0.4821E-02   max: 0.2101E-01   D at   75  2
       a = 12.500      CL =  1.3072
      Cm = -0.0018     CD =  0.02417   =>   CDf =  0.00610    CDp =  0.01807

 Side 1  free  transition at x/c =  0.0410   30
 Side 2 forced transition at x/c =  1.0000   67

   3   rms: 0.2220E-03   max: 0.2310E-02   D at   82  1
       a = 12.500      CL =  1.3070
      Cm = -0.0018     CD =  0.02417   =>   CDf =  0.00610    CDp =  0.01806

 Side 1  free  transition at x/c =  0.0410   30
 Side 2 forced transition at x/c =  1.0000   67

   4   rms: 0.3164E-05   max: -.3342E-04   C at   67  2
       a = 12.500      CL =  1.3070
      Cm = -0.0018     CD =  0.02417   =>   CDf =  0.00610    CDp =  0.01806
 plradd ia,ip,cpol           40           0  1.97664311E-04

 Point added to stored polar  1
 Point written to save file  s8055_Re600k.base.pol                           
 Dump file unspecified or not available
 Calculating wake trajectory ...
 Calculating source influence matrix ...

 Solving BL system ...

 Side 1  free  transition at x/c =  0.0410   30
 Side 2 forced transition at x/c =  1.0000   67

   1   rms: 0.4007E-01   max: 0.1166E+00   D at   78  1
       a = 12.750      CL =  1.3120
      Cm =  0.0002     CD =  0.02570   =>   CDf =  0.00575    CDp =  0.01995

 Side 1  free  transition at x/c =  0.0393   30
 Side 2 forced transition at x/c =  1.0000   66

   2   rms: 0.1862E-01   max: -.1847E+00   D at   30  1
       a = 12.750      CL =  1.3164
      Cm = -0.0003     CD =  0.02520   =>   CDf =  0.00600    CDp =  0.01920

 Side 1  free  transition at x/c =  0.0397   30
 Side 2 forced transition at x/c =  1.0000   66

   3   rms: 0.1601E-02   max: 0.7357E-02   T at   30  1
       a = 12.750      CL =  1.3175
      Cm = -0.0004     CD =  0.02520   =>   CDf =  0.00602    CDp =  0.01918

 Side 1  free  transition at x/c =  0.0396   30
 Side 2 forced transition at x/c =  1.0000   66

   4   rms: 0.1638E-04   max: 0.2384E-03   D at   82  1
       a = 12.750      CL =  1.3175
      Cm = -0.0004     CD =  0.02520   =>   CDf =  0.00602    CDp =  0.01918
 plradd ia,ip,cpol           41           0  1.97664311E-04

 Point added to stored polar  1
 Point written to save file  s8055_Re600k.base.pol                           
 Dump file unspecified or not available
 Calculating wake trajectory ...
 Calculating source influence matrix ...

 Solving BL system ...

 Side 1  free  transition at x/c =  0.0396   30
 Side 2 forced transition at x/c =  1.0000   66

   1   rms: 0.3444E-01   max: -.1360E+00   C at   30  1
       a = 13.000      CL =  1.3329
      Cm =  0.0006     CD =  0.02597   =>   CDf =  0.00602    CDp =  0.01995

 Side 1  free  transition at x/c =  0.0383   30
 Side 2 forced transition at x/c =  1.0000   66

   2   rms: 0.2254E-02   max: -.1680E-01   D at   30  1
       a = 13.000      CL =  1.3314
      Cm =  0.0007     CD =  0.02600   =>   CDf =  0.00594    CDp =  0.02006

 Side 1  free  transition at x/c =  0.0384   30
 Side 2 forced transition at x/c =  1.0000   66

   3   rms: 0.6288E-04   max: -.2944E-03   D at   83  1
       a = 13.000      CL =  1.3315
      Cm =  0.0007     CD =  0.02600   =>   CDf =  0.00594    CDp =  0.02006
 plradd ia,ip,cpol           42           0  1.97664311E-04

 Point added to stored polar  1
 Point written to save file  s8055_Re600k.base.pol                           
 Dump file unspecified or not available
 Calculating wake trajectory ...
 Calculating source influence matrix ...

 Solving BL system ...

 Side 1  free  transition at x/c =  0.0384   30
 Side 2 forced transition at x/c =  1.0000   66

   1   rms: 0.3403E-01   max: 0.1107E+00   T at   30  1
       a = 13.250      CL =  1.3453
      Cm =  0.0017     CD =  0.02692   =>   CDf =  0.00594    CDp =  0.02098

 Side 1  free  transition at x/c =  0.0371   30
 Side 2 forced transition at x/c =  1.0000   66

   2   rms: 0.2320E-02   max: 0.1347E-01   D at   81  1
       a = 13.250      CL =  1.3437
      Cm =  0.0018     CD =  0.02696   =>   CDf =  0.00587    CDp =  0.02109

 Side 1  free  transition at x/c =  0.0371   30
 Side 2 forced transition at x/c =  1.0000   66

   3   rms: 0.7241E-04   max: 0.6648E-03   D at   81  1
       a = 13.250      CL =  1.3436
      Cm =  0.0018     CD =  0.02696   =>   CDf =  0.00587    CDp =  0.02109
 plradd ia,ip,cpol           43           0 -2.52114078E-05

 Point added to stored polar  1
 Point written to save file  s8055_Re600k.base.pol                           
 Dump file unspecified or not available
 Calculating wake trajectory ...
 Calculating source influence matrix ...

 Solving BL system ...

 Side 1  free  transition at x/c =  0.0371   30
 Side 2 forced transition at x/c =  1.0000   66

   1   rms: 0.3389E-01   max: 0.1018E+00   T at   30  1
       a = 13.500      CL =  1.3559
      Cm =  0.0028     CD =  0.02801   =>   CDf =  0.00587    CDp =  0.02214

 Side 1  free  transition at x/c =  0.0357   30
 Side 2 forced transition at x/c =  1.0000   66

   2   rms: 0.2464E-02   max: -.1230E-01   T at   30  1
       a = 13.500      CL =  1.3541
      Cm =  0.0030     CD =  0.02805   =>   CDf =  0.00582    CDp =  0.02223

 Side 1  free  transition at x/c =  0.0358   30
 Side 2 forced transition at x/c =  1.0000   66

   3   rms: 0.3009E-04   max: 0.4056E-03   D at   80  1
       a = 13.500      CL =  1.3541
      Cm =  0.0030     CD =  0.02805   =>   CDf =  0.00582    CDp =  0.02223
 plradd ia,ip,cpol           44           0  1.97664311E-04

 Point added to stored polar  1
 Point written to save file  s8055_Re600k.base.pol                           
 Dump file unspecified or not available
 Calculating wake trajectory ...
 Calculating source influence matrix ...

 Solving BL system ...

 Side 1  free  transition at x/c =  0.0358   30
 Side 2 forced transition at x/c =  1.0000   66

   1   rms: 0.3491E-01   max: -.1164E+00   D at   30  1   RLX: 1.000
       a = 13.750      CL =  1.3646
      Cm =  0.0040     CD =  0.02929   =>   CDf =  0.00582    CDp =  0.02347

 Side 1  free  transition at x/c =  0.0343   30
 Side 2 forced transition at x/c =  1.0000   66

   2   rms: 0.4046E-02   max: 0.2411E-01   D at   80  1
       a = 13.750      CL =  1.3615
      Cm =  0.0042     CD =  0.02942   =>   CDf =  0.00578    CDp =  0.02363

 Side 1  free  transition at x/c =  0.0344   30
 Side 2 forced transition at x/c =  1.0000   66

   3   rms: 0.6878E-04   max: 0.1550E-02   D at   76  2
       a = 13.750      CL =  1.3615
      Cm =  0.0042     CD =  0.02940   =>   CDf =  0.00578    CDp =  0.02362
 plradd ia,ip,cpol           45           0  1.97664311E-04

 Point added to stored polar  1
 Point written to save file  s8055_Re600k.base.pol                           
 Dump file unspecified or not available
 Calculating wake trajectory ...
 Calculating source influence matrix ...

 Solving BL system ...

 Side 1  free  transition at x/c =  0.0344   30
 Side 2 forced transition at x/c =  1.0000   66

   1   rms: 0.3586E-01   max: 0.1050E+00   D at   76  1   RLX: 0.951
       a = 14.000      CL =  1.3675
      Cm =  0.0054     CD =  0.03097   =>   CDf =  0.00578    CDp =  0.02518

 Side 1  free  transition at x/c =  0.0332   30
 Side 2 forced transition at x/c =  1.0000   66

   2   rms: 0.7097E-02   max: 0.4412E-01   D at   79  1
       a = 14.000      CL =  1.3629
      Cm =  0.0058     CD =  0.03130   =>   CDf =  0.00572    CDp =  0.02558

 Side 1  free  transition at x/c =  0.0331   30
 Side 2 forced transition at x/c =  1.0000   66

   3   rms: 0.1720E-03   max: 0.1534E-02   D at   77  2
       a = 14.000      CL =  1.3628
      Cm =  0.0058     CD =  0.03127   =>   CDf =  0.00572    CDp =  0.02555

 Side 1  free  transition at x/c =  0.0331   30
 Side 2 forced transition at x/c =  1.0000   66

   4   rms: 0.2087E-05   max: -.2763E-04   C at   66  2
       a = 14.000      CL =  1.3628
      Cm =  0.0058     CD =  0.03127   =>   CDf =  0.00572    CDp =  0.02555
 plradd ia,ip,cpol           46           0 -2.52114078E-05

 Point added to stored polar  1
 Point written to save file  s8055_Re600k.base.pol                           
 Dump file unspecified or not available
 Calculating wake trajectory ...
 Calculating source influence matrix ...

 Solving BL system ...

 Side 1  free  transition at x/c =  0.0331   30
 Side 2 forced transition at x/c =  1.0000   66

   1   rms: 0.4194E-01   max: 0.1435E+00   D at   75  1   RLX: 0.892
       a = 14.250      CL =  1.3620
      Cm =  0.0072     CD =  0.03339   =>   CDf =  0.00572    CDp =  0.02767

 Side 1  free  transition at x/c =  0.0322   29
 Side 2 forced transition at x/c =  1.0000   66

   2   rms: 0.2050E-01   max: -.1919E+00   D at   29  1
       a = 14.250      CL =  1.3712
      Cm =  0.0068     CD =  0.03251   =>   CDf =  0.00560    CDp =  0.02691

 Side 1  free  transition at x/c =  0.0324   29
 Side 2 forced transition at x/c =  1.0000   66

   3   rms: 0.2303E-02   max: 0.9055E-02   T at   29  1
       a = 14.250      CL =  1.3729
      Cm =  0.0067     CD =  0.03247   =>   CDf =  0.00562    CDp =  0.02686

 Side 1  free  transition at x/c =  0.0323   29
 Side 2 forced transition at x/c =  1.0000   66

   4   rms: 0.3553E-04   max: -.3383E-03   D at   76  2
       a = 14.250      CL =  1.3729
      Cm =  0.0067     CD =  0.03248   =>   CDf =  0.00562    CDp =  0.02686
 plradd ia,ip,cpol           47           0 -2.52114078E-05

 Point added to stored polar  1
 Point written to save file  s8055_Re600k.base.pol                           
 Dump file unspecified or not available
 Calculating wake trajectory ...
 Calculating source influence matrix ...

 Solving BL system ...

 Side 1  free  transition at x/c =  0.0323   29
 Side 2 forced transition at x/c =  1.0000   66

   1   rms: 0.3259E-01   max: -.1224E+00   C at   29  1   RLX: 0.884
       a = 14.500      CL =  1.3842
      Cm =  0.0073     CD =  0.03352   =>   CDf =  0.00521    CDp =  0.02831

 Side 1  free  transition at x/c =  0.0313   30
 Side 2 forced transition at x/c =  1.0000   65

   2   rms: 0.4807E-02   max: -.4945E-01   D at   30  1
       a = 14.500      CL =  1.3847
      Cm =  0.0074     CD =  0.03360   =>   CDf =  0.00553    CDp =  0.02808

 Side 1  free  transition at x/c =  0.0312   30
 Side 2 forced transition at x/c =  1.0000   65

   3   rms: 0.4499E-03   max: -.5244E-02   D at    4  1
       a = 14.500      CL =  1.3848
      Cm =  0.0074     CD =  0.03359   =>   CDf =  0.00552    CDp =  0.02807

 Side 1  free  transition at x/c =  0.0312   30
 Side 2 forced transition at x/c =  1.0000   65

   4   rms: 0.1398E-05   max: 0.2159E-04   C at   65  2
       a = 14.500      CL =  1.3848
      Cm =  0.0074     CD =  0.03359   =>   CDf =  0.00552    CDp =  0.02807
 plradd ia,ip,cpol           48           0 -2.52114078E-05

 Point added to stored polar  1
 Point written to save file  s8055_Re600k.base.pol                           
 Dump file unspecified or not available
 Calculating wake trajectory ...
 Calculating source influence matrix ...

 Solving BL system ...

 Side 1  free  transition at x/c =  0.0312   30
 Side 2 forced transition at x/c =  1.0000   65

   1   rms: 0.3285E-01   max: 0.9410E-01   T at   30  1   RLX: 0.855
       a = 14.750      CL =  1.3937
      Cm =  0.0080     CD =  0.03480   =>   CDf =  0.00552    CDp =  0.02928

 Side 1  free  transition at x/c =  0.0302   30
 Side 2 forced transition at x/c =  1.0000   65

   2   rms: 0.4905E-02   max: -.4119E-01   D at   30  1
       a = 14.750      CL =  1.3942
      Cm =  0.0081     CD =  0.03494   =>   CDf =  0.00545    CDp =  0.02949

 Side 1  free  transition at x/c =  0.0301   30
 Side 2 forced transition at x/c =  1.0000   65

   3   rms: 0.1752E-03   max: 0.1540E-02   D at   77  1
       a = 14.750      CL =  1.3941
      Cm =  0.0081     CD =  0.03493   =>   CDf =  0.00544    CDp =  0.02948

 Side 1  free  transition at x/c =  0.0301   30
 Side 2 forced transition at x/c =  1.0000   65

   4   rms: 0.5190E-05   max: -.4339E-04   C at   65  2
       a = 14.750      CL =  1.3941
      Cm =  0.0081     CD =  0.03493   =>   CDf =  0.00544    CDp =  0.02948
 plradd ia,ip,cpol           49           0 -2.52114078E-05

 Point added to stored polar  1
 Point written to save file  s8055_Re600k.base.pol                           
 Dump file unspecified or not available
 Calculating wake trajectory ...
 Calculating source influence matrix ...

 Solving BL system ...

 Side 1  free  transition at x/c =  0.0301   30
 Side 2 forced transition at x/c =  1.0000   65

   1   rms: 0.3350E-01   max: -.1119E+00   D at   30  1   RLX: 0.827
       a = 15.000      CL =  1.4030
      Cm =  0.0086     CD =  0.03610   =>   CDf =  0.00544    CDp =  0.03066

 Side 1  free  transition at x/c =  0.0290   30
 Side 2 forced transition at x/c =  1.0000   65

   2   rms: 0.6208E-02   max: -.3468E-01   D at   30  1
       a = 15.000      CL =  1.4024
      Cm =  0.0088     CD =  0.03644   =>   CDf =  0.00540    CDp =  0.03104

 Side 1  free  transition at x/c =  0.0288   30
 Side 2 forced transition at x/c =  1.0000   65

   3   rms: 0.3222E-03   max: 0.2120E-02   D at   77  2
       a = 15.000      CL =  1.4021
      Cm =  0.0088     CD =  0.03641   =>   CDf =  0.00539    CDp =  0.03102

 Side 1  free  transition at x/c =  0.0289   30
 Side 2 forced transition at x/c =  1.0000   65

   4   rms: 0.1041E-04   max: -.9386E-04   C at   65  2
       a = 15.000      CL =  1.4021
      Cm =  0.0088     CD =  0.03641   =>   CDf =  0.00539    CDp =  0.03102
 plradd ia,ip,cpol           50           0 -2.52114078E-05

 Point added to stored polar  1
 Point written to save file  s8055_Re600k.base.pol                           
 Dump file unspecified or not available
 Calculating wake trajectory ...
 Calculating source influence matrix ...

 Solving BL system ...

 Side 1  free  transition at x/c =  0.0289   30
 Side 2 forced transition at x/c =  1.0000   65

   1   rms: 0.3416E-01   max: -.1338E+00   D at   30  1   RLX: 0.796
       a = 15.250      CL =  1.4081
      Cm =  0.0093     CD =  0.03786   =>   CDf =  0.00539    CDp =  0.03247

 Side 1  free  transition at x/c =  0.0278   30
 Side 2 forced transition at x/c =  1.0000   65

   2   rms: 0.9686E-02   max: 0.5196E-01   D at   76  1
       a = 15.250      CL =  1.4052
      Cm =  0.0095     CD =  0.03851   =>   CDf =  0.00536    CDp =  0.03315

 Side 1  free  transition at x/c =  0.0276   30
 Side 2 forced transition at x/c =  1.0000   65

   3   rms: 0.8640E-03   max: 0.5273E-02   D at   77  2
       a = 15.250      CL =  1.4046
      Cm =  0.0096     CD =  0.03846   =>   CDf =  0.00534    CDp =  0.03312

 Side 1  free  transition at x/c =  0.0276   30
 Side 2 forced transition at x/c =  1.0000   65

   4   rms: 0.2646E-04   max: 0.2464E-03   D at   77  2
       a = 15.250      CL =  1.4046
      Cm =  0.0096     CD =  0.03845   =>   CDf =  0.00534    CDp =  0.03312
 plradd ia,ip,cpol           51           0 -2.52114078E-05

 Point added to stored polar  1
 Point written to save file  s8055_Re600k.base.pol                           
 Dump file unspecified or not available
 Calculating wake trajectory ...
 Calculating source influence matrix ...

 Solving BL system ...

 Side 1  free  transition at x/c =  0.0276   30
 Side 2 forced transition at x/c =  1.0000   65

   1   rms: 0.3687E-01   max: 0.1287E+00   D at   73  1   RLX: 0.757
       a = 15.500      CL =  1.4056
      Cm =  0.0100     CD =  0.04039   =>   CDf =  0.00534    CDp =  0.03505

 Side 1  free  transition at x/c =  0.0269   30
 Side 2 forced transition at x/c =  1.0000   65

   2   rms: 0.1236E-01   max: 0.5925E-01   D at   75  1
       a = 15.500      CL =  1.4016
      Cm =  0.0102     CD =  0.04124   =>   CDf =  0.00528    CDp =  0.03596

 Side 1  free  transition at x/c =  0.0267   29
 Side 2 forced transition at x/c =  1.0000   65

   3   rms: 0.1506E-02   max: -.1627E-01   D at   29  1
       a = 15.500      CL =  1.4018
      Cm =  0.0102     CD =  0.04107   =>   CDf =  0.00525    CDp =  0.03582

 Side 1  free  transition at x/c =  0.0268   29
 Side 2 forced transition at x/c =  1.0000   65

   4   rms: 0.1605E-03   max: -.5866E-03   C at   29  1
       a = 15.500      CL =  1.4019
      Cm =  0.0102     CD =  0.04107   =>   CDf =  0.00525    CDp =  0.03582

 Side 1  free  transition at x/c =  0.0268   29
 Side 2 forced transition at x/c =  1.0000   65

   5   rms: 0.1217E-04   max: 0.9063E-04   C at   65  2
       a = 15.500      CL =  1.4019
      Cm =  0.0102     CD =  0.04107   =>   CDf =  0.00525    CDp =  0.03582
 plradd ia,ip,cpol           52           0 -2.52114078E-05

 Point added to stored polar  1
 Point written to save file  s8055_Re600k.base.pol                           
 Dump file unspecified or not available
 Calculating wake trajectory ...
 Calculating source influence matrix ...

 Solving BL system ...

 Side 1  free  transition at x/c =  0.0268   29
 Side 2 forced transition at x/c =  1.0000   65

   1   rms: 0.3528E-01   max: -.2639E+00   C at   29  1   RLX: 0.738
       a = 15.750      CL =  1.4135
      Cm =  0.0103     CD =  0.04186   =>   CDf =  0.00525    CDp =  0.03661

 Side 1  free  transition at x/c =  0.0260   29
 Side 2 forced transition at x/c =  1.0000   65

   2   rms: 0.8712E-02   max: 0.3817E-01   T at   29  1
       a = 15.750      CL =  1.4145
      Cm =  0.0104     CD =  0.04239   =>   CDf =  0.00517    CDp =  0.03722

 Side 1  free  transition at x/c =  0.0257   29
 Side 2 forced transition at x/c =  1.0000   65

   3   rms: 0.9334E-03   max: 0.4611E-02   D at   73  1
       a = 15.750      CL =  1.4138
      Cm =  0.0105     CD =  0.04237   =>   CDf =  0.00514    CDp =  0.03724

 Side 1  free  transition at x/c =  0.0257   29
 Side 2 forced transition at x/c =  1.0000   65

   4   rms: 0.5573E-04   max: 0.3175E-03   D at   78  2
       a = 15.750      CL =  1.4137
      Cm =  0.0105     CD =  0.04237   =>   CDf =  0.00514    CDp =  0.03723
 plradd ia,ip,cpol           53           0 -2.52114078E-05

 Point added to stored polar  1
 Point written to save file  s8055_Re600k.base.pol                           
 Dump file unspecified or not available
 Calculating wake trajectory ...
 Calculating source influence matrix ...

 Solving BL system ...

 Side 1  free  transition at x/c =  0.0257   29
 Side 2 forced transition at x/c =  1.0000   65

   1   rms: 0.3264E-01   max: 0.1129E+00   T at   29  1   RLX: 0.714
       a = 16.000      CL =  1.4211
      Cm =  0.0105     CD =  0.04362   =>   CDf =  0.00514    CDp =  0.03848

 Side 1  free  transition at x/c =  0.0248   29
 Side 2 forced transition at x/c =  1.0000   65

   2   rms: 0.9514E-02   max: -.3951E-01   D at   29  1
       a = 16.000      CL =  1.4220
      Cm =  0.0106     CD =  0.04418   =>   CDf =  0.00507    CDp =  0.03911

 Side 1  free  transition at x/c =  0.0244   29
 Side 2 forced transition at x/c =  1.0000   65

   3   rms: 0.8189E-03   max: 0.4487E-02   D at   78  2
       a = 16.000      CL =  1.4214
      Cm =  0.0106     CD =  0.04414   =>   CDf =  0.00505    CDp =  0.03910

 Side 1  free  transition at x/c =  0.0244   29
 Side 2 forced transition at x/c =  1.0000   65

   4   rms: 0.2911E-04   max: 0.2388E-03   D at   78  2
       a = 16.000      CL =  1.4213
      Cm =  0.0106     CD =  0.04414   =>   CDf =  0.00504    CDp =  0.03909
 plradd ia,ip,cpol           54           0 -2.52114078E-05

 Point added to stored polar  1
 Point written to save file  s8055_Re600k.base.pol                           
 Dump file unspecified or not available

.OPERva   c>  
 Polar accumulation disabled

.OPERv   c>  
 XFOIL   c>  
 XFOIL   c>  