
 ===================================================
  XFOIL Version 6.99
  Copyright (C) 2000   Mark Drela, Harold Youngren

  This software comes with ABSOLUTELY NO WARRANTY,
    subject to the GNU General Public License.

  Caveat computor
 ===================================================

 File  xfoil.def  not found

   QUIT    Exit program

  .OPER    Direct operating point(s)
  .MDES    Complex mapping design routine
  .QDES    Surface speed design routine
  .GDES    Geometry design routine

   SAVE f  Write airfoil to labeled coordinate file
   PSAV f  Write airfoil to plain coordinate file
   ISAV f  Write airfoil to ISES coordinate file
   MSAV f  Write airfoil to MSES coordinate file
   REVE    Reverse written-airfoil node ordering

   LOAD f  Read buffer airfoil from coordinate file
   NACA i  Set NACA 4,5-digit airfoil and buffer airfoil
   INTE    Set buffer airfoil by interpolating two airfoils
   NORM    Buffer airfoil normalization toggle
   XYCM rr Change CM reference location, currently  0.25000 0.00000

   BEND    Display structural properties of current airfoil

   PCOP    Set current-airfoil panel nodes directly from buffer airfoil points
   PANE    Set current-airfoil panel nodes ( 160 ) based on curvature
  .PPAR    Show/change paneling

  .PLOP    Plotting options

   WDEF f  Write  current-settings file
   RDEF f  Reread current-settings file
   NAME s  Specify new airfoil name
   NINC    Increment name version number

   Z       Zoom    | (available in all menus)
   U       Unzoom  | 

 XFOIL   c>  
 Labeled airfoil file.  Name:   SIKORSKY SC1012R8 AIRFOIL                      

 Number of input coordinate points: 145
 Counterclockwise ordering
 Max thickness =     0.120036  at x =   0.276
 Max camber    =     0.027579  at x =   0.215

  LE  x,y  =  -0.00001  -0.00060  |   Chord =   1.00001
  TE  x,y  =   1.00000   0.00000  |

 Current airfoil nodes set from buffer airfoil nodes ( 145 )

 XFOIL   c>  
 XFOIL   c>  
 Blunt trailing edge.  Gap =  0.00437

 Paneling parameters used...
   Number of panel nodes       160
   Panel bunching parameter    1.000
   TE/LE panel density ratio   0.150
   Refined-area/LE panel density ratio    0.200
   Top    side refined area x/c limits  1.000 1.000
   Bottom side refined area x/c limits  1.000 1.000

 XFOIL   c>  
.OPERi   c>  
 Xtr/c     =  1.0000    top    side
 Xtr/c     =  1.0000    bottom side
 Ncrit     =    9.00   ( 0.070 % turb. level )
 Vacc      =  0.0100

 Klag  =  5.6000     Uxwt  =    1.00
 A     =  6.7000     B     =  0.7500       KCt = 0.01485
 CtiniK=  1.8000     CtiniX=  3.3000

..VPAR   c>  
..VPAR   c>  
.OPERi   c>  
 M  =    0.0000
 Re =    600000

.OPERv   c>  
.OPERv   c>  
.OPERv   c>  
 Polar  1 newly created for accumulation
 Airfoil archived with polar: SIKORSKY SC1012R8 AIRFOIL                       

Enter  polar save filename  OR  <return> for no file   s>  
 New polar save file available

Enter  polar dump filename  OR  <return> for no file   s>  
 Polar dump file will NOT be written

 Polar accumulation enabled

.OPERva   c>   Calculating unit vorticity distributions ...
 Calculating wake trajectory ...
 Calculating source influence matrix ...

 Solving BL system ...

 Initializing BL ...
    side            1  ...
 MRCHUE: Inverse mode at  58     Hk =   4.257
 MRCHUE: Inverse mode at  59     Hk =   4.955
 MRCHUE: Inverse mode at  60     Hk =   5.643
 MRCHUE: Inverse mode at  61     Hk =   6.325
 MRCHUE: Inverse mode at  62     Hk =   7.001
 MRCHUE: Inverse mode at  63     Hk =   5.920
 MRCHUE: Inverse mode at  64     Hk =   3.197
    side            2  ...
 MRCHUE: Inverse mode at  21     Hk =   4.369
 MRCHUE: Inverse mode at  22     Hk =   5.434
 MRCHUE: Inverse mode at  23     Hk =   6.436
 MRCHUE: Inverse mode at  24     Hk =   7.415
 MRCHUE: Inverse mode at  25     Hk =   8.394
 MRCHUE: Inverse mode at  26     Hk =   9.392
 MRCHUE: Inverse mode at  27     Hk =   8.578
 MRCHUE: Inverse mode at  28     Hk =   4.312
 MRCHUE: Inverse mode at  29     Hk =   2.500
 MRCHUE: Inverse mode at  30     Hk =   2.500
 MRCHUE: Inverse mode at  87     Hk =   2.500

 Side 1  free  transition at x/c =  0.8223   63
 Side 2  free  transition at x/c =  0.0293   27

   1   rms: 0.1411E+00   max: 0.1318E+01   T at   27  2   RLX: 0.712
       a = -4.000      CL = -0.2490
      Cm = -0.0250     CD =  0.01308   =>   CDf =  0.00619    CDp =  0.00688

 MRCHDU: Convergence failed at  65  side 1    Res =  0.1767E+01
 Side 1  free  transition at x/c =  0.8557   65
 Side 2  free  transition at x/c =  0.0267   27

   2   rms: 0.6576E-01   max: -.4695E+00   D at   87  2
       a = -4.000      CL = -0.2090
      Cm = -0.0304     CD =  0.01294   =>   CDf =  0.00615    CDp =  0.00678

 Side 1  free  transition at x/c =  0.8824   67
 Side 2  free  transition at x/c =  0.0272   26

   3   rms: 0.2177E-01   max: -.1810E+00   C at   67  1
       a = -4.000      CL = -0.1954
      Cm = -0.0336     CD =  0.01299   =>   CDf =  0.00613    CDp =  0.00686

 Side 1  free  transition at x/c =  0.8766   67
 Side 2  free  transition at x/c =  0.0273   26

   4   rms: 0.2428E-02   max: -.2370E-01   C at   67  1
       a = -4.000      CL = -0.1937
      Cm = -0.0339     CD =  0.01300   =>   CDf =  0.00611    CDp =  0.00689

 Side 1  free  transition at x/c =  0.8775   67
 Side 2  free  transition at x/c =  0.0273   26

   5   rms: 0.2918E-04   max: -.3393E-03   D at   69  1
       a = -4.000      CL = -0.1937
      Cm = -0.0339     CD =  0.01300   =>   CDf =  0.00610    CDp =  0.00690
 plradd ia,ip,cpol            1           0  6.71876268E-03

 Point added to stored polar  1
 Point written to save file  sc1012r8_Re600k.base.pol                        
 Dump file unspecified or not available
 Calculating wake trajectory ...
 Calculating source influence matrix ...

 Solving BL system ...

 Side 1  free  transition at x/c =  0.8775   67
 Side 2  free  transition at x/c =  0.0273   26

   1   rms: 0.8716E-01   max: -.3729E+00   T at   26  2
       a = -3.500      CL = -0.1406
      Cm = -0.0328     CD =  0.01207   =>   CDf =  0.00610    CDp =  0.00597

 Side 1  free  transition at x/c =  0.8530   66
 Side 2  free  transition at x/c =  0.0286   26

   2   rms: 0.3207E-01   max: -.2214E+00   D at   66  1
       a = -3.500      CL = -0.1402
      Cm = -0.0327     CD =  0.01213   =>   CDf =  0.00617    CDp =  0.00596

 Side 1  free  transition at x/c =  0.8565   66
 Side 2  free  transition at x/c =  0.0287   26

   3   rms: 0.2998E-02   max: 0.4652E-01   C at   66  1
       a = -3.500      CL = -0.1401
      Cm = -0.0328     CD =  0.01214   =>   CDf =  0.00617    CDp =  0.00598

 Side 1  free  transition at x/c =  0.8552   66
 Side 2  free  transition at x/c =  0.0286   26

   4   rms: 0.6219E-04   max: -.1015E-02   D at   68  1
       a = -3.500      CL = -0.1401
      Cm = -0.0328     CD =  0.01215   =>   CDf =  0.00618    CDp =  0.00597
 plradd ia,ip,cpol            2           0  6.71876268E-03

 Point added to stored polar  1
 Point written to save file  sc1012r8_Re600k.base.pol                        
 Dump file unspecified or not available
 Calculating wake trajectory ...
 Calculating source influence matrix ...

 Solving BL system ...

 Side 1  free  transition at x/c =  0.8552   66
 Side 2  free  transition at x/c =  0.0286   26

   1   rms: 0.8966E-01   max: -.3328E+00   T at   26  2
       a = -3.000      CL = -0.0870
      Cm = -0.0314     CD =  0.01136   =>   CDf =  0.00627    CDp =  0.00510

 Side 1  free  transition at x/c =  0.8181   65
 Side 2  free  transition at x/c =  0.0306   26

   2   rms: 0.1854E-01   max: 0.3296E+00   D at   66  1
       a = -3.000      CL = -0.0867
      Cm = -0.0314     CD =  0.01140   =>   CDf =  0.00639    CDp =  0.00501

 Side 1  free  transition at x/c =  0.8259   65
 Side 2  free  transition at x/c =  0.0305   26

   3   rms: 0.3033E-02   max: 0.5718E-01   C at   65  1
       a = -3.000      CL = -0.0865
      Cm = -0.0315     CD =  0.01139   =>   CDf =  0.00633    CDp =  0.00506

 Side 1  free  transition at x/c =  0.8236   65
 Side 2  free  transition at x/c =  0.0305   26

   4   rms: 0.7593E-04   max: -.1355E-02   C at   65  1
       a = -3.000      CL = -0.0865
      Cm = -0.0315     CD =  0.01139   =>   CDf =  0.00633    CDp =  0.00505
 plradd ia,ip,cpol            3           0  6.71876268E-03

 Point added to stored polar  1
 Point written to save file  sc1012r8_Re600k.base.pol                        
 Dump file unspecified or not available
 Calculating wake trajectory ...
 Calculating source influence matrix ...

 Solving BL system ...

 Side 1  free  transition at x/c =  0.8236   65
 Side 2  free  transition at x/c =  0.0305   26

   1   rms: 0.1248E+00   max: -.7237E+00   T at   26  2   RLX: 0.691
       a = -2.500      CL = -0.0504
      Cm = -0.0308     CD =  0.01038   =>   CDf =  0.00643    CDp =  0.00395

 Side 1  free  transition at x/c =  0.7930   65
 Side 2  free  transition at x/c =  0.0324   25

   2   rms: 0.5015E-01   max: -.3270E+00   D at   65  1
       a = -2.500      CL = -0.0324
      Cm = -0.0304     CD =  0.01074   =>   CDf =  0.00639    CDp =  0.00435

 Side 1  free  transition at x/c =  0.7861   64
 Side 2  free  transition at x/c =  0.0329   25

   3   rms: 0.2095E-02   max: 0.2825E-01   C at   64  1
       a = -2.500      CL = -0.0322
      Cm = -0.0305     CD =  0.01076   =>   CDf =  0.00640    CDp =  0.00435

 Side 1  free  transition at x/c =  0.7846   64
 Side 2  free  transition at x/c =  0.0329   25

   4   rms: 0.5006E-04   max: -.8853E-03   C at   64  1
       a = -2.500      CL = -0.0322
      Cm = -0.0305     CD =  0.01076   =>   CDf =  0.00641    CDp =  0.00435
 plradd ia,ip,cpol            4           0  6.71876268E-03

 Point added to stored polar  1
 Point written to save file  sc1012r8_Re600k.base.pol                        
 Dump file unspecified or not available
 Calculating wake trajectory ...
 Calculating source influence matrix ...

 Solving BL system ...

 Side 1  free  transition at x/c =  0.7846   64
 Side 2  free  transition at x/c =  0.0329   25

   1   rms: 0.9318E-01   max: 0.4737E+00   C at   64  1
       a = -2.000      CL =  0.0234
      Cm = -0.0298     CD =  0.01023   =>   CDf =  0.00650    CDp =  0.00374

 Side 1  free  transition at x/c =  0.7343   62
 Side 2  free  transition at x/c =  0.0354   25

   2   rms: 0.1671E-01   max: -.2438E+00   D at   63  1
       a = -2.000      CL =  0.0226
      Cm = -0.0296     CD =  0.01025   =>   CDf =  0.00662    CDp =  0.00363

 Side 1  free  transition at x/c =  0.7439   63
 Side 2  free  transition at x/c =  0.0354   25

   3   rms: 0.5134E-02   max: 0.9951E-01   C at   63  1
       a = -2.000      CL =  0.0231
      Cm = -0.0297     CD =  0.01021   =>   CDf =  0.00654    CDp =  0.00367

 Side 1  free  transition at x/c =  0.7407   63
 Side 2  free  transition at x/c =  0.0354   25

   4   rms: 0.7721E-04   max: -.1400E-02   D at   65  1
       a = -2.000      CL =  0.0231
      Cm = -0.0297     CD =  0.01021   =>   CDf =  0.00656    CDp =  0.00365
 plradd ia,ip,cpol            5           0  6.71876268E-03

 Point added to stored polar  1
 Point written to save file  sc1012r8_Re600k.base.pol                        
 Dump file unspecified or not available
 Calculating wake trajectory ...
 Calculating source influence matrix ...

 Solving BL system ...

 Side 1  free  transition at x/c =  0.7407   63
 Side 2  free  transition at x/c =  0.0354   25

   1   rms: 0.1077E+00   max: 0.9058E+00   C at   63  1   RLX: 0.790
       a = -1.500      CL =  0.0663
      Cm = -0.0291     CD =  0.00987   =>   CDf =  0.00656    CDp =  0.00331

 Side 1  free  transition at x/c =  0.6915   60
 Side 2  free  transition at x/c =  0.0384   25

   2   rms: 0.4152E-01   max: -.2606E+00   D at   25  2
       a = -1.500      CL =  0.0791
      Cm = -0.0291     CD =  0.00998   =>   CDf =  0.00673    CDp =  0.00325

 Side 1  free  transition at x/c =  0.6803   60
 Side 2  free  transition at x/c =  0.0393   26

   3   rms: 0.2997E-02   max: -.5010E-01   C at   60  1
       a = -1.500      CL =  0.0790
      Cm = -0.0291     CD =  0.01001   =>   CDf =  0.00677    CDp =  0.00323

 Side 1  free  transition at x/c =  0.6818   60
 Side 2  free  transition at x/c =  0.0393   26

   4   rms: 0.5584E-04   max: -.1102E-02   D at   61  1
       a = -1.500      CL =  0.0790
      Cm = -0.0291     CD =  0.01001   =>   CDf =  0.00676    CDp =  0.00325
 plradd ia,ip,cpol            6           0  6.71876268E-03

 Point added to stored polar  1
 Point written to save file  sc1012r8_Re600k.base.pol                        
 Dump file unspecified or not available
 Calculating wake trajectory ...
 Calculating source influence matrix ...

 Solving BL system ...

 Side 1  free  transition at x/c =  0.6817   60
 Side 2  free  transition at x/c =  0.0393   26

   1   rms: 0.1774E+00   max: 0.1443E+01   C at   60  1   RLX: 0.613
       a = -1.000      CL =  0.1113
      Cm = -0.0286     CD =  0.00936   =>   CDf =  0.00683    CDp =  0.00253

 Side 1  free  transition at x/c =  0.6335   58
 Side 2  free  transition at x/c =  0.0447   26

   2   rms: 0.4539E-01   max: 0.3862E+00   C at   58  1
       a = -1.000      CL =  0.1349
      Cm = -0.0287     CD =  0.00979   =>   CDf =  0.00691    CDp =  0.00288

 Side 1  free  transition at x/c =  0.5997   56
 Side 2  free  transition at x/c =  0.0454   26

   3   rms: 0.7157E-02   max: -.1473E+00   C at   56  1
       a = -1.000      CL =  0.1347
      Cm = -0.0286     CD =  0.00985   =>   CDf =  0.00705    CDp =  0.00280

 Side 1  free  transition at x/c =  0.6042   57
 Side 2  free  transition at x/c =  0.0453   26

   4   rms: 0.1511E-03   max: -.2522E-02   D at   58  1
       a = -1.000      CL =  0.1347
      Cm = -0.0286     CD =  0.00985   =>   CDf =  0.00702    CDp =  0.00282

 Side 1  free  transition at x/c =  0.6041   56
 Side 2  free  transition at x/c =  0.0453   26

   5   rms: 0.1304E-04   max: 0.2606E-03   C at   56  1
       a = -1.000      CL =  0.1347
      Cm = -0.0286     CD =  0.00985   =>   CDf =  0.00703    CDp =  0.00282
 plradd ia,ip,cpol            7           0  6.71876268E-03

 Point added to stored polar  1
 Point written to save file  sc1012r8_Re600k.base.pol                        
 Dump file unspecified or not available
 Calculating wake trajectory ...
 Calculating source influence matrix ...

 Solving BL system ...

 Side 1  free  transition at x/c =  0.6041   56
 Side 2  free  transition at x/c =  0.0453   26

   1   rms: 0.1386E+00   max: 0.1551E+01   C at   56  1   RLX: 0.603
       a = -0.500      CL =  0.1686
      Cm = -0.0285     CD =  0.00959   =>   CDf =  0.00707    CDp =  0.00252

 Side 1  free  transition at x/c =  0.5407   54
 Side 2  free  transition at x/c =  0.0526   26

   2   rms: 0.5635E-01   max: -.4439E+00   T at   26  2
       a = -0.500      CL =  0.1905
      Cm = -0.0283     CD =  0.00979   =>   CDf =  0.00724    CDp =  0.00254

 Side 1  free  transition at x/c =  0.5070   52
 Side 2  free  transition at x/c =  0.0584   27

   3   rms: 0.6041E-01   max: -.4489E+00   D at   26  2
       a = -0.500      CL =  0.1900
      Cm = -0.0283     CD =  0.00967   =>   CDf =  0.00737    CDp =  0.00230

 Side 1  free  transition at x/c =  0.5113   53
 Side 2  free  transition at x/c =  0.0733   28

   4   rms: 0.3415E-01   max: -.6069E+00   C at   28  2   RLX: 0.824
       a = -0.500      CL =  0.1899
      Cm = -0.0283     CD =  0.00979   =>   CDf =  0.00727    CDp =  0.00252

 Side 1  free  transition at x/c =  0.5116   53
 Side 2  free  transition at x/c =  0.0649   27

   5   rms: 0.5452E-02   max: -.6465E-01   D at   28  2
       a = -0.500      CL =  0.1903
      Cm = -0.0283     CD =  0.00987   =>   CDf =  0.00729    CDp =  0.00257

 Side 1  free  transition at x/c =  0.5115   53
 Side 2  free  transition at x/c =  0.0634   27

   6   rms: 0.1095E-03   max: 0.2261E-02   D at   28  2
       a = -0.500      CL =  0.1904
      Cm = -0.0283     CD =  0.00987   =>   CDf =  0.00730    CDp =  0.00258

 Side 1  free  transition at x/c =  0.5115   53
 Side 2  free  transition at x/c =  0.0634   27

   7   rms: 0.1163E-05   max: -.1724E-04   C at   53  1
       a = -0.500      CL =  0.1904
      Cm = -0.0283     CD =  0.00987   =>   CDf =  0.00730    CDp =  0.00258
 plradd ia,ip,cpol            8           0  8.76395963E-03

 Point added to stored polar  1
 Point written to save file  sc1012r8_Re600k.base.pol                        
 Dump file unspecified or not available
 Calculating wake trajectory ...
 Calculating source influence matrix ...

 Solving BL system ...

 Side 1  free  transition at x/c =  0.5115   53
 Side 2  free  transition at x/c =  0.0634   27

   1   rms: 0.1851E+00   max: 0.2294E+01   C at   53  1   RLX: 0.415
       a =  0.000      CL =  0.2130
      Cm = -0.0282     CD =  0.00998   =>   CDf =  0.00730    CDp =  0.00268

 MRCHDU: Convergence failed at  29  side 2    Res =  0.2223E+01
 MRCHDU: Convergence failed at  30  side 2    Res =  0.1267E+01
 MRCHDU: Convergence failed at  31  side 2    Res =  0.1565E+01
 MRCHDU: Convergence failed at  32  side 2    Res =  0.1674E+01
 MRCHDU: Convergence failed at  33  side 2    Res =  0.1786E+01
 Side 1  free  transition at x/c =  0.4728   50
 Side 2  free  transition at x/c =  0.1416   33

   2   rms: 0.9418E-01   max: 0.6104E+00   C at   50  1   RLX: 0.917
       a =  0.000      CL =  0.2421
      Cm = -0.0284     CD =  0.00970   =>   CDf =  0.00718    CDp =  0.00252

 Side 1  free  transition at x/c =  0.4289   49
 Side 2  free  transition at x/c =  0.2042   36

   3   rms: 0.3662E-01   max: -.5997E+00   C at   36  2   RLX: 0.834
       a =  0.000      CL =  0.2441
      Cm = -0.0284     CD =  0.00954   =>   CDf =  0.00718    CDp =  0.00236

 Side 1  free  transition at x/c =  0.4319   49
 Side 2  free  transition at x/c =  0.1965   35

   4   rms: 0.1496E-01   max: 0.3092E+00   C at   35  2
       a =  0.000      CL =  0.2457
      Cm = -0.0283     CD =  0.00965   =>   CDf =  0.00716    CDp =  0.00250

 Side 1  free  transition at x/c =  0.4319   49
 Side 2  free  transition at x/c =  0.1718   34

   5   rms: 0.3858E-02   max: -.8796E-01   C at   34  2
       a =  0.000      CL =  0.2458
      Cm = -0.0283     CD =  0.00970   =>   CDf =  0.00723    CDp =  0.00248

 Side 1  free  transition at x/c =  0.4318   49
 Side 2  free  transition at x/c =  0.1734   34

   6   rms: 0.7557E-04   max: 0.1655E-02   C at   34  2
       a =  0.000      CL =  0.2458
      Cm = -0.0283     CD =  0.00970   =>   CDf =  0.00722    CDp =  0.00248
 plradd ia,ip,cpol            9           0  6.14715964E-02

 Point added to stored polar  1
 Point written to save file  sc1012r8_Re600k.base.pol                        
 Dump file unspecified or not available
 Calculating wake trajectory ...
 Calculating source influence matrix ...

 Solving BL system ...

 Side 1  free  transition at x/c =  0.4318   49
 Side 2  free  transition at x/c =  0.1734   34

   1   rms: 0.4173E+00   max: -.9622E+01   C at   34  2   RLX: 0.052
       a =  0.500      CL =  0.2487
      Cm = -0.0283     CD =  0.00968   =>   CDf =  0.00722    CDp =  0.00245

 Side 1  free  transition at x/c =  0.4281   49
 Side 2  free  transition at x/c =  0.1844   35

   2   rms: 0.4267E+00   max: -.9291E+01   C at   35  2   RLX: 0.054
       a =  0.500      CL =  0.2516
      Cm = -0.0283     CD =  0.00963   =>   CDf =  0.00720    CDp =  0.00243

 Side 1  free  transition at x/c =  0.4245   49
 Side 2  free  transition at x/c =  0.1970   35

   3   rms: 0.5942E+00   max: -.1389E+02   C at   35  2   RLX: 0.036
       a =  0.500      CL =  0.2535
      Cm = -0.0283     CD =  0.00963   =>   CDf =  0.00717    CDp =  0.00245

 Side 1  free  transition at x/c =  0.4223   49
 Side 2  free  transition at x/c =  0.2063   36

   4   rms: 0.5415E+00   max: -.1247E+02   C at   36  2   RLX: 0.040
       a =  0.500      CL =  0.2554
      Cm = -0.0283     CD =  0.00959   =>   CDf =  0.00715    CDp =  0.00243

 Side 1  free  transition at x/c =  0.4200   49
 Side 2  free  transition at x/c =  0.2183   37

   5   rms: 0.5821E+00   max: -.1269E+02   C at   37  2   RLX: 0.039
       a =  0.500      CL =  0.2572
      Cm = -0.0283     CD =  0.00954   =>   CDf =  0.00713    CDp =  0.00241

 Side 1  free  transition at x/c =  0.4181   49
 Side 2  free  transition at x/c =  0.2361   37

   6   rms: 0.1202E+01   max: -.2736E+02   C at   37  2   RLX: 0.018
       a =  0.500      CL =  0.2581
      Cm = -0.0283     CD =  0.00951   =>   CDf =  0.00708    CDp =  0.00243

 Side 1  free  transition at x/c =  0.4172   49
 Side 2  free  transition at x/c =  0.2430   38

   7   rms: 0.8036E+00   max: -.1858E+02   C at   38  2   RLX: 0.027
       a =  0.500      CL =  0.2592
      Cm = -0.0283     CD =  0.00948   =>   CDf =  0.00707    CDp =  0.00241

 Side 1  free  transition at x/c =  0.4162   48
 Side 2  free  transition at x/c =  0.2626   39

   8   rms: 0.2266E+01   max: -.5243E+02   C at   39  2   RLX: 0.010
       a =  0.500      CL =  0.2595
      Cm = -0.0284     CD =  0.00941   =>   CDf =  0.00701    CDp =  0.00240

 Side 1  free  transition at x/c =  0.4159   48
 Side 2  free  transition at x/c =  0.2771   40

   9   rms: 0.2704E+01   max: -.6233E+02   C at   40  2   RLX: 0.008
       a =  0.500      CL =  0.2597
      Cm = -0.0284     CD =  0.00935   =>   CDf =  0.00696    CDp =  0.00239

 Side 1  free  transition at x/c =  0.4156   48
 Side 2  free  transition at x/c =  0.2926   40

  10   rms: 0.4875E+01   max: -.1064E+03   C at   40  2   RLX: 0.005
       a =  0.500      CL =  0.2599
      Cm = -0.0284     CD =  0.00931   =>   CDf =  0.00691    CDp =  0.00240

 Side 1  free  transition at x/c =  0.4154   48
 Side 2  free  transition at x/c =  0.3044   41

  11   rms: 0.4450E+01   max: -.1003E+03   C at   41  2   RLX: 0.005
       a =  0.500      CL =  0.2600
      Cm = -0.0284     CD =  0.00927   =>   CDf =  0.00688    CDp =  0.00239

 Side 1  free  transition at x/c =  0.4153   48
 Side 2  free  transition at x/c =  0.3185   42

  12   rms: 0.4451E+01   max: -.1016E+03   C at   42  2   RLX: 0.005
       a =  0.500      CL =  0.2601
      Cm = -0.0284     CD =  0.00921   =>   CDf =  0.00683    CDp =  0.00238

 Side 1  free  transition at x/c =  0.4151   48
 Side 2  free  transition at x/c =  0.3339   43

  13   rms: 0.4591E+01   max: -.1046E+03   C at   43  2   RLX: 0.005
       a =  0.500      CL =  0.2601
      Cm = -0.0284     CD =  0.00916   =>   CDf =  0.00679    CDp =  0.00237

 Side 1  free  transition at x/c =  0.4150   48
 Side 2  free  transition at x/c =  0.3499   43

  14   rms: 0.6872E+01   max: -.1478E+03   C at   43  2   RLX: 0.003
       a =  0.500      CL =  0.2603
      Cm = -0.0285     CD =  0.00912   =>   CDf =  0.00674    CDp =  0.00238

 Side 1  free  transition at x/c =  0.4149   48
 Side 2  free  transition at x/c =  0.3632   44

  15   rms: 0.6314E+01   max: -.1396E+03   C at   44  2   RLX: 0.004
       a =  0.500      CL =  0.2603
      Cm = -0.0285     CD =  0.00907   =>   CDf =  0.00670    CDp =  0.00237

 Side 1  free  transition at x/c =  0.4148   48
 Side 2  free  transition at x/c =  0.3783   45

  16   rms: 0.6084E+01   max: -.1364E+03   C at   45  2   RLX: 0.004
       a =  0.500      CL =  0.2602
      Cm = -0.0285     CD =  0.00901   =>   CDf =  0.00665    CDp =  0.00236

 Side 1  free  transition at x/c =  0.4147   48
 Side 2  free  transition at x/c =  0.3944   46

  17   rms: 0.6089E+01   max: -.1368E+03   C at   46  2   RLX: 0.004
       a =  0.500      CL =  0.2603
      Cm = -0.0285     CD =  0.00895   =>   CDf =  0.00660    CDp =  0.00235

 Side 1  free  transition at x/c =  0.4146   48
 Side 2  free  transition at x/c =  0.4104   47

  18   rms: 0.5907E+01   max: -.1314E+03   C at   47  2   RLX: 0.004
       a =  0.500      CL =  0.2603
      Cm = -0.0285     CD =  0.00889   =>   CDf =  0.00654    CDp =  0.00234

 Side 1  free  transition at x/c =  0.4146   48
 Side 2  free  transition at x/c =  0.4076   46

  19   rms: 0.2127E+01   max: -.4572E+02   C at   46  2   RLX: 0.011
       a =  0.500      CL =  0.2611
      Cm = -0.0286     CD =  0.00892   =>   CDf =  0.00656    CDp =  0.00236

 Side 1  free  transition at x/c =  0.4142   48
 Side 2  free  transition at x/c =  0.4288   48

  20   rms: 0.1639E+01   max: -.3620E+02   C at   48  2   RLX: 0.014
       a =  0.500      CL =  0.2613
      Cm = -0.0286     CD =  0.00882   =>   CDf =  0.00648    CDp =  0.00234

 Side 1  free  transition at x/c =  0.4137   48
 Side 2  free  transition at x/c =  0.4267   47

  21   rms: 0.8366E+00   max: -.1783E+02   C at   47  2   RLX: 0.028
       a =  0.500      CL =  0.2626
      Cm = -0.0287     CD =  0.00885   =>   CDf =  0.00650    CDp =  0.00236

 Side 1  free  transition at x/c =  0.4125   48
 Side 2  free  transition at x/c =  0.4635   49

  22   rms: 0.2345E+01   max: -.4911E+02   C at   49  2   RLX: 0.010
       a =  0.500      CL =  0.2622
      Cm = -0.0285     CD =  0.00872   =>   CDf =  0.00637    CDp =  0.00235

 Side 1  free  transition at x/c =  0.4122   48
 Side 2  free  transition at x/c =  0.4794   50

  23   rms: 0.2576E+01   max: -.5524E+02   C at   50  2   RLX: 0.009
       a =  0.500      CL =  0.2624
      Cm = -0.0285     CD =  0.00866   =>   CDf =  0.00632    CDp =  0.00234

 Side 1  free  transition at x/c =  0.4119   48
 Side 2  free  transition at x/c =  0.4873   51

  24   rms: 0.1096E+01   max: -.2396E+02   C at   51  2   RLX: 0.021
       a =  0.500      CL =  0.2632
      Cm = -0.0286     CD =  0.00862   =>   CDf =  0.00630    CDp =  0.00233

 Side 1  free  transition at x/c =  0.4111   48
 Side 2  free  transition at x/c =  0.4965   51

  25   rms: 0.9688E+00   max: -.2095E+02   C at   51  2   RLX: 0.024
       a =  0.500      CL =  0.2642
      Cm = -0.0286     CD =  0.00861   =>   CDf =  0.00627    CDp =  0.00234

 Side 1  free  transition at x/c =  0.4102   48
 Side 2  free  transition at x/c =  0.5130   52

  26   rms: 0.8494E+00   max: -.1839E+02   C at   52  2   RLX: 0.027
       a =  0.500      CL =  0.2649
      Cm = -0.0286     CD =  0.00855   =>   CDf =  0.00621    CDp =  0.00233

 Side 1  free  transition at x/c =  0.4092   48
 Side 2  free  transition at x/c =  0.5290   53

  27   rms: 0.8269E+00   max: -.1790E+02   C at   53  2   RLX: 0.028
       a =  0.500      CL =  0.2657
      Cm = -0.0286     CD =  0.00849   =>   CDf =  0.00616    CDp =  0.00233

 Side 1  free  transition at x/c =  0.4082   48
 Side 2  free  transition at x/c =  0.5414   53

  28   rms: 0.7072E+00   max: -.1478E+02   C at   53  2   RLX: 0.034
       a =  0.500      CL =  0.2669
      Cm = -0.0287     CD =  0.00847   =>   CDf =  0.00613    CDp =  0.00234

 Side 1  free  transition at x/c =  0.4069   48
 Side 2  free  transition at x/c =  0.5586   54

  29   rms: 0.5862E+00   max: -.1231E+02   C at   54  2   RLX: 0.041
       a =  0.500      CL =  0.2680
      Cm = -0.0287     CD =  0.00842   =>   CDf =  0.00607    CDp =  0.00234

 Side 1  free  transition at x/c =  0.4055   48
 Side 2  free  transition at x/c =  0.5778   55

  30   rms: 0.5033E+00   max: -.1051E+02   C at   55  2   RLX: 0.048
       a =  0.500      CL =  0.2692
      Cm = -0.0286     CD =  0.00836   =>   CDf =  0.00602    CDp =  0.00235

 Side 1  free  transition at x/c =  0.4039   48
 Side 2  free  transition at x/c =  0.5978   56

  31   rms: 0.3812E+00   max: -.7910E+01   C at   56  2   RLX: 0.063
       a =  0.500      CL =  0.2707
      Cm = -0.0285     CD =  0.00831   =>   CDf =  0.00596    CDp =  0.00235

 Side 1  free  transition at x/c =  0.4019   48
 Side 2  free  transition at x/c =  0.6225   58

  32   rms: 0.3486E+00   max: -.7356E+01   C at   58  2   RLX: 0.068
       a =  0.500      CL =  0.2719
      Cm = -0.0284     CD =  0.00822   =>   CDf =  0.00588    CDp =  0.00235

 Side 1  free  transition at x/c =  0.4001   48
 Side 2  free  transition at x/c =  0.6373   59

  33   rms: 0.2698E+00   max: -.5498E+01   C at   59  2   RLX: 0.091
       a =  0.500      CL =  0.2742
      Cm = -0.0284     CD =  0.00819   =>   CDf =  0.00585    CDp =  0.00234

 Side 1  free  transition at x/c =  0.3980   47
 Side 2  free  transition at x/c =  0.6526   59

  34   rms: 0.2308E+00   max: -.4788E+01   C at   59  2   RLX: 0.104
       a =  0.500      CL =  0.2767
      Cm = -0.0285     CD =  0.00817   =>   CDf =  0.00580    CDp =  0.00236

 Side 1  free  transition at x/c =  0.3957   47
 Side 2  free  transition at x/c =  0.6723   60

  35   rms: 0.1941E+00   max: -.3990E+01   C at   60  2   RLX: 0.125
       a =  0.500      CL =  0.2790
      Cm = -0.0284     CD =  0.00811   =>   CDf =  0.00573    CDp =  0.00238

 Side 1  free  transition at x/c =  0.3932   47
 Side 2  free  transition at x/c =  0.6941   61

  36   rms: 0.1233E+00   max: -.2459E+01   C at   61  2   RLX: 0.203
       a =  0.500      CL =  0.2822
      Cm = -0.0283     CD =  0.00807   =>   CDf =  0.00567    CDp =  0.00240

 Side 1  free  transition at x/c =  0.3894   47
 Side 2  free  transition at x/c =  0.7279   63

  37   rms: 0.6985E-01   max: -.1307E+01   C at   63  2   RLX: 0.383
       a =  0.500      CL =  0.2866
      Cm = -0.0278     CD =  0.00800   =>   CDf =  0.00556    CDp =  0.00244

 Side 1  free  transition at x/c =  0.3836   47
 Side 2  free  transition at x/c =  0.7647   65

  38   rms: 0.2727E-01   max: -.3801E+00   C at   65  2
       a =  0.500      CL =  0.2942
      Cm = -0.0275     CD =  0.00798   =>   CDf =  0.00541    CDp =  0.00257

 Side 1  free  transition at x/c =  0.3768   47
 Side 2  free  transition at x/c =  0.7886   65

  39   rms: 0.2576E-02   max: 0.4781E-01   D at   64  2
       a =  0.500      CL =  0.2941
      Cm = -0.0275     CD =  0.00795   =>   CDf =  0.00542    CDp =  0.00253

 Side 1  free  transition at x/c =  0.3766   47
 Side 2  free  transition at x/c =  0.7861   65

  40   rms: 0.5078E-03   max: -.7161E-02   C at   65  2
       a =  0.500      CL =  0.2941
      Cm = -0.0275     CD =  0.00795   =>   CDf =  0.00543    CDp =  0.00253

 Side 1  free  transition at x/c =  0.3766   47
 Side 2  free  transition at x/c =  0.7863   65

  41   rms: 0.1291E-05   max: 0.1339E-04   C at   65  2
       a =  0.500      CL =  0.2941
      Cm = -0.0275     CD =  0.00795   =>   CDf =  0.00543    CDp =  0.00253
 plradd ia,ip,cpol           10           0  6.14715964E-02

 Point added to stored polar  1
 Point written to save file  sc1012r8_Re600k.base.pol                        
 Dump file unspecified or not available
 Calculating wake trajectory ...
 Calculating source influence matrix ...

 Solving BL system ...

 Side 1  free  transition at x/c =  0.3766   47
 Side 2  free  transition at x/c =  0.7863   65

   1   rms: 0.1794E+00   max: -.2925E+01   C at   65  2   RLX: 0.171
       a =  1.000      CL =  0.3029
      Cm = -0.0272     CD =  0.00794   =>   CDf =  0.00543    CDp =  0.00251

 Side 1  free  transition at x/c =  0.3673   47
 Side 2  free  transition at x/c =  0.8158   67

   2   rms: 0.1399E+00   max: -.2024E+01   C at   67  2   RLX: 0.247
       a =  1.000      CL =  0.3119
      Cm = -0.0263     CD =  0.00795   =>   CDf =  0.00536    CDp =  0.00259

 Side 1  free  transition at x/c =  0.3588   46
 Side 2  free  transition at x/c =  0.8295   67

   3   rms: 0.7141E-01   max: 0.5336E+00   C at   46  1
       a =  1.000      CL =  0.3506
      Cm = -0.0270     CD =  0.00824   =>   CDf =  0.00544    CDp =  0.00281

 MRCHDU: Convergence failed at  73  side 2    Res =  0.4060E+01
 MRCHDU: Convergence failed at  74  side 2    Res =  0.2933E+01
 MRCHDU: Convergence failed at  75  side 2    Res =  0.3171E+01
 MRCHDU: Convergence failed at  76  side 2    Res =  0.3345E+01
 MRCHDU: Convergence failed at  77  side 2    Res =  0.3309E+01
 MRCHDU: Convergence failed at  78  side 2    Res =  0.3154E+01
 MRCHDU: Convergence failed at  79  side 2    Res =  0.2990E+01
 Side 1  free  transition at x/c =  0.3301   45
 Side 2  free  transition at x/c =  0.9282   73

   4   rms: 0.8245E-01   max: -.7441E+00   D at   79  2   RLX: 0.672
       a =  1.000      CL =  0.3184
      Cm = -0.0174     CD =  0.00780   =>   CDf =  0.00528    CDp =  0.00252

 Side 1  free  transition at x/c =  0.3376   45
 Side 2  free  transition at x/c =  0.9045   72

   5   rms: 0.3038E-01   max: -.2331E+00   D at   72  2
       a =  1.000      CL =  0.3423
      Cm = -0.0248     CD =  0.00809   =>   CDf =  0.00532    CDp =  0.00277

 Side 1  free  transition at x/c =  0.3352   45
 Side 2  free  transition at x/c =  0.8923   71

   6   rms: 0.5227E-02   max: -.7312E-01   D at   71  2
       a =  1.000      CL =  0.3424
      Cm = -0.0249     CD =  0.00809   =>   CDf =  0.00533    CDp =  0.00276

 Side 1  free  transition at x/c =  0.3352   45
 Side 2  free  transition at x/c =  0.8881   71

   7   rms: 0.7062E-03   max: -.9394E-02   C at   71  2
       a =  1.000      CL =  0.3425
      Cm = -0.0249     CD =  0.00809   =>   CDf =  0.00535    CDp =  0.00274

 Side 1  free  transition at x/c =  0.3352   45
 Side 2  free  transition at x/c =  0.8883   71

   8   rms: 0.5345E-05   max: -.7920E-04   D at   73  2
       a =  1.000      CL =  0.3425
      Cm = -0.0249     CD =  0.00809   =>   CDf =  0.00535    CDp =  0.00275
 plradd ia,ip,cpol           11           0  5.50669581E-02

 Point added to stored polar  1
 Point written to save file  sc1012r8_Re600k.base.pol                        
 Dump file unspecified or not available
 Calculating wake trajectory ...
 Calculating source influence matrix ...

 Solving BL system ...

 Side 1  free  transition at x/c =  0.3352   45
 Side 2  free  transition at x/c =  0.8883   71

   1   rms: 0.1256E+00   max: -.1076E+01   C at   71  2   RLX: 0.465
       a =  1.500      CL =  0.3616
      Cm = -0.0228     CD =  0.00815   =>   CDf =  0.00532    CDp =  0.00283

 Side 1  free  transition at x/c =  0.3184   45
 Side 2  free  transition at x/c =  0.9102   71

   2   rms: 0.6058E-01   max: -.3952E+00   T at   71  2
       a =  1.500      CL =  0.3885
      Cm = -0.0217     CD =  0.00835   =>   CDf =  0.00541    CDp =  0.00294

 Side 1  free  transition at x/c =  0.2990   44
 Side 2  free  transition at x/c =  0.9426   73

   3   rms: 0.1310E-01   max: 0.2075E+00   D at   74  2
       a =  1.500      CL =  0.3844
      Cm = -0.0207     CD =  0.00838   =>   CDf =  0.00546    CDp =  0.00292

 Side 1  free  transition at x/c =  0.3015   44
 Side 2  free  transition at x/c =  0.9453   73

   4   rms: 0.1116E-02   max: -.1543E-01   D at   75  2
       a =  1.500      CL =  0.3845
      Cm = -0.0207     CD =  0.00840   =>   CDf =  0.00544    CDp =  0.00296

 Side 1  free  transition at x/c =  0.3015   44
 Side 2  free  transition at x/c =  0.9459   73

   5   rms: 0.3407E-04   max: -.4329E-03   D at   74  2
       a =  1.500      CL =  0.3845
      Cm = -0.0207     CD =  0.00840   =>   CDf =  0.00544    CDp =  0.00296
 plradd ia,ip,cpol           12           0  5.50669581E-02

 Point added to stored polar  1
 Point written to save file  sc1012r8_Re600k.base.pol                        
 Dump file unspecified or not available
 Calculating wake trajectory ...
 Calculating source influence matrix ...

 Solving BL system ...

 Side 1  free  transition at x/c =  0.3015   44
 Side 2  free  transition at x/c =  0.9459   73

   1   rms: 0.9850E-01   max: 0.6906E+00   C at   44  1
       a =  2.000      CL =  0.4267
      Cm = -0.0167     CD =  0.00864   =>   CDf =  0.00543    CDp =  0.00321

 Side 1  free  transition at x/c =  0.2651   43
 Side 2  free  transition at x/c =  0.9802   75

   2   rms: 0.2706E-01   max: 0.3082E+00   D at   75  2
       a =  2.000      CL =  0.4402
      Cm = -0.0198     CD =  0.00867   =>   CDf =  0.00564    CDp =  0.00302

 Side 1  free  transition at x/c =  0.2633   43
 Side 2  free  transition at x/c =  0.9813   75

   3   rms: 0.2581E-02   max: 0.3050E-01   D at   75  2
       a =  2.000      CL =  0.4385
      Cm = -0.0194     CD =  0.00869   =>   CDf =  0.00565    CDp =  0.00304

 Side 1  free  transition at x/c =  0.2632   43
 Side 2  free  transition at x/c =  0.9816   75

   4   rms: 0.1220E-04   max: -.1382E-03   D at   76  2
       a =  2.000      CL =  0.4385
      Cm = -0.0194     CD =  0.00869   =>   CDf =  0.00565    CDp =  0.00305
 plradd ia,ip,cpol           13           0  5.50669581E-02

 Point added to stored polar  1
 Point written to save file  sc1012r8_Re600k.base.pol                        
 Dump file unspecified or not available
 Calculating wake trajectory ...
 Calculating source influence matrix ...

 Solving BL system ...

 Side 1  free  transition at x/c =  0.2632   43
 Side 2  free  transition at x/c =  0.9816   75

   1   rms: 0.1185E+00   max: 0.1091E+01   C at   43  1
       a =  2.500      CL =  0.5096
      Cm = -0.0220     CD =  0.00906   =>   CDf =  0.00565    CDp =  0.00340

 Side 1  free  transition at x/c =  0.2200   42
 Side 2 forced transition at x/c =  1.0000   76

   2   rms: 0.8054E-01   max: 0.1149E+01   C at   76  2
       a =  2.500      CL =  0.5520
      Cm = -0.0311     CD =  0.00940   =>   CDf =  0.00596    CDp =  0.00343

 Side 1  free  transition at x/c =  0.2079   41
 Side 2  free  transition at x/c =  0.9739   74

   3   rms: 0.7720E-01   max: -.6127E+00   D at   76  2   RLX: 0.816
       a =  2.500      CL =  0.5272
      Cm = -0.0260     CD =  0.00926   =>   CDf =  0.00606    CDp =  0.00319

 Side 1  free  transition at x/c =  0.2135   41
 Side 2  free  transition at x/c =  0.9888   75

   4   rms: 0.2290E-01   max: -.2736E+00   D at   76  2
       a =  2.500      CL =  0.5250
      Cm = -0.0256     CD =  0.00925   =>   CDf =  0.00600    CDp =  0.00325

 Side 1  free  transition at x/c =  0.2147   41
 Side 2  free  transition at x/c =  0.9962   76

   5   rms: 0.4136E-02   max: -.4678E-01   D at   75  2
       a =  2.500      CL =  0.5271
      Cm = -0.0260     CD =  0.00929   =>   CDf =  0.00599    CDp =  0.00329

 Side 1  free  transition at x/c =  0.2142   41
 Side 2  free  transition at x/c =  0.9949   76

   6   rms: 0.1530E-03   max: 0.1853E-02   C at   76  2
       a =  2.500      CL =  0.5270
      Cm = -0.0260     CD =  0.00929   =>   CDf =  0.00600    CDp =  0.00329

 Side 1  free  transition at x/c =  0.2142   41
 Side 2  free  transition at x/c =  0.9948   76

   7   rms: 0.8879E-06   max: -.5706E-05   D at   76  2
       a =  2.500      CL =  0.5270
      Cm = -0.0260     CD =  0.00929   =>   CDf =  0.00600    CDp =  0.00329
 plradd ia,ip,cpol           14           0  5.50669581E-02

 Point added to stored polar  1
 Point written to save file  sc1012r8_Re600k.base.pol                        
 Dump file unspecified or not available
 Calculating wake trajectory ...
 Calculating source influence matrix ...

 Solving BL system ...

 Side 1  free  transition at x/c =  0.2142   41
 Side 2  free  transition at x/c =  0.9948   76

   1   rms: 0.1176E+00   max: 0.1281E+01   C at   41  1
       a =  3.000      CL =  0.6113
      Cm = -0.0319     CD =  0.00977   =>   CDf =  0.00600    CDp =  0.00377

 Side 1  free  transition at x/c =  0.1824   40
 Side 2  free  transition at x/c =  0.9908   74

   2   rms: 0.3535E-01   max: -.3456E+00   D at   75  2
       a =  3.000      CL =  0.5962
      Cm = -0.0288     CD =  0.00977   =>   CDf =  0.00630    CDp =  0.00348

 Side 1  free  transition at x/c =  0.1844   40
 Side 2 forced transition at x/c =  1.0000   75

   3   rms: 0.3653E-02   max: -.4463E-01   D at   74  2
       a =  3.000      CL =  0.5996
      Cm = -0.0296     CD =  0.00980   =>   CDf =  0.00626    CDp =  0.00354

 Side 1  free  transition at x/c =  0.1835   40
 Side 2 forced transition at x/c =  1.0000   75

   4   rms: 0.4314E-04   max: -.8488E-03   C at   40  1
       a =  3.000      CL =  0.5996
      Cm = -0.0296     CD =  0.00980   =>   CDf =  0.00626    CDp =  0.00353
 plradd ia,ip,cpol           15           0  4.92275544E-02

 Point added to stored polar  1
 Point written to save file  sc1012r8_Re600k.base.pol                        
 Dump file unspecified or not available
 Calculating wake trajectory ...
 Calculating source influence matrix ...

 Solving BL system ...

 Side 1  free  transition at x/c =  0.1835   40
 Side 2 forced transition at x/c =  1.0000   75

   1   rms: 0.8167E-01   max: 0.3527E+00   C at   40  1
       a =  3.500      CL =  0.6439
      Cm = -0.0274     CD =  0.01011   =>   CDf =  0.00626    CDp =  0.00384

 Side 1  free  transition at x/c =  0.1675   39
 Side 2 forced transition at x/c =  1.0000   75

   2   rms: 0.1096E-01   max: -.1347E+00   D at   39  1
       a =  3.500      CL =  0.6436
      Cm = -0.0274     CD =  0.01014   =>   CDf =  0.00642    CDp =  0.00372

 Side 1  free  transition at x/c =  0.1678   39
 Side 2 forced transition at x/c =  1.0000   75

   3   rms: 0.8563E-03   max: 0.1216E-01   C at   39  1
       a =  3.500      CL =  0.6436
      Cm = -0.0274     CD =  0.01016   =>   CDf =  0.00641    CDp =  0.00375

 Side 1  free  transition at x/c =  0.1676   39
 Side 2 forced transition at x/c =  1.0000   75

   4   rms: 0.6014E-05   max: 0.5198E-04   C at   75  2
       a =  3.500      CL =  0.6437
      Cm = -0.0274     CD =  0.01016   =>   CDf =  0.00641    CDp =  0.00375
 plradd ia,ip,cpol           16           0  4.92275544E-02

 Point added to stored polar  1
 Point written to save file  sc1012r8_Re600k.base.pol                        
 Dump file unspecified or not available
 Calculating wake trajectory ...
 Calculating source influence matrix ...

 Solving BL system ...

 Side 1  free  transition at x/c =  0.1676   39
 Side 2 forced transition at x/c =  1.0000   75

   1   rms: 0.7960E-01   max: -.3588E+00   C at   75  2
       a =  4.000      CL =  0.6890
      Cm = -0.0253     CD =  0.01048   =>   CDf =  0.00639    CDp =  0.00408

 Side 1  free  transition at x/c =  0.1556   39
 Side 2 forced transition at x/c =  1.0000   74

   2   rms: 0.8285E-02   max: 0.9862E-01   C at   74  2
       a =  4.000      CL =  0.6893
      Cm = -0.0254     CD =  0.01059   =>   CDf =  0.00656    CDp =  0.00402

 Side 1  free  transition at x/c =  0.1550   39
 Side 2 forced transition at x/c =  1.0000   74

   3   rms: 0.8497E-03   max: 0.1248E-01   C at   74  2
       a =  4.000      CL =  0.6895
      Cm = -0.0254     CD =  0.01060   =>   CDf =  0.00655    CDp =  0.00405

 Side 1  free  transition at x/c =  0.1550   39
 Side 2 forced transition at x/c =  1.0000   74

   4   rms: 0.1065E-04   max: 0.1670E-03   C at   74  2
       a =  4.000      CL =  0.6895
      Cm = -0.0254     CD =  0.01060   =>   CDf =  0.00655    CDp =  0.00405
 plradd ia,ip,cpol           17           0  4.92275544E-02

 Point added to stored polar  1
 Point written to save file  sc1012r8_Re600k.base.pol                        
 Dump file unspecified or not available
 Calculating wake trajectory ...
 Calculating source influence matrix ...

 Solving BL system ...

 Side 1  free  transition at x/c =  0.1550   39
 Side 2 forced transition at x/c =  1.0000   74

   1   rms: 0.7848E-01   max: -.4153E+00   C at   74  2
       a =  4.500      CL =  0.7390
      Cm = -0.0240     CD =  0.01086   =>   CDf =  0.00652    CDp =  0.00434

 Side 1  free  transition at x/c =  0.1458   40
 Side 2 forced transition at x/c =  1.0000   73

   2   rms: 0.8510E-02   max: 0.1379E+00   C at   73  2
       a =  4.500      CL =  0.7402
      Cm = -0.0244     CD =  0.01100   =>   CDf =  0.00664    CDp =  0.00436

 Side 1  free  transition at x/c =  0.1455   40
 Side 2 forced transition at x/c =  1.0000   73

   3   rms: 0.9305E-03   max: 0.1625E-01   C at   73  2
       a =  4.500      CL =  0.7405
      Cm = -0.0245     CD =  0.01100   =>   CDf =  0.00664    CDp =  0.00437

 Side 1  free  transition at x/c =  0.1454   40
 Side 2 forced transition at x/c =  1.0000   73

   4   rms: 0.1341E-04   max: 0.2451E-03   C at   73  2
       a =  4.500      CL =  0.7405
      Cm = -0.0245     CD =  0.01101   =>   CDf =  0.00664    CDp =  0.00437
 plradd ia,ip,cpol           18           0  4.92275544E-02

 Point added to stored polar  1
 Point written to save file  sc1012r8_Re600k.base.pol                        
 Dump file unspecified or not available
 Calculating wake trajectory ...
 Calculating source influence matrix ...

 Solving BL system ...

 Side 1  free  transition at x/c =  0.1454   40
 Side 2 forced transition at x/c =  1.0000   73

   1   rms: 0.8338E-01   max: -.3911E+00   D at   40  1
       a =  5.000      CL =  0.7921
      Cm = -0.0237     CD =  0.01164   =>   CDf =  0.00664    CDp =  0.00500

 Side 1  free  transition at x/c =  0.1374   39
 Side 2 forced transition at x/c =  1.0000   73

   2   rms: 0.2560E-01   max: -.2514E+00   D at   39  1
       a =  5.000      CL =  0.7943
      Cm = -0.0240     CD =  0.01141   =>   CDf =  0.00669    CDp =  0.00471

 Side 1  free  transition at x/c =  0.1374   39
 Side 2 forced transition at x/c =  1.0000   73

   3   rms: 0.2125E-02   max: 0.2472E-01   C at   39  1
       a =  5.000      CL =  0.7940
      Cm = -0.0240     CD =  0.01147   =>   CDf =  0.00670    CDp =  0.00477

 Side 1  free  transition at x/c =  0.1370   39
 Side 2 forced transition at x/c =  1.0000   73

   4   rms: 0.3162E-04   max: -.4830E-03   D at   40  1
       a =  5.000      CL =  0.7940
      Cm = -0.0240     CD =  0.01147   =>   CDf =  0.00671    CDp =  0.00476
 plradd ia,ip,cpol           19           0  4.92275544E-02

 Point added to stored polar  1
 Point written to save file  sc1012r8_Re600k.base.pol                        
 Dump file unspecified or not available
 Calculating wake trajectory ...
 Calculating source influence matrix ...

 Solving BL system ...

 Side 1  free  transition at x/c =  0.1370   39
 Side 2 forced transition at x/c =  1.0000   73

   1   rms: 0.7861E-01   max: -.2414E+00   C at   73  2
       a =  5.500      CL =  0.8483
      Cm = -0.0237     CD =  0.01191   =>   CDf =  0.00666    CDp =  0.00525

 Side 1  free  transition at x/c =  0.1290   40
 Side 2 forced transition at x/c =  1.0000   72

   2   rms: 0.3187E-02   max: -.1800E-01   D at   40  1
       a =  5.500      CL =  0.8469
      Cm = -0.0236     CD =  0.01212   =>   CDf =  0.00683    CDp =  0.00529

 Side 1  free  transition at x/c =  0.1281   39
 Side 2 forced transition at x/c =  1.0000   72

   3   rms: 0.5944E-03   max: -.5785E-02   C at   39  1
       a =  5.500      CL =  0.8470
      Cm = -0.0236     CD =  0.01211   =>   CDf =  0.00683    CDp =  0.00528

 Side 1  free  transition at x/c =  0.1282   39
 Side 2 forced transition at x/c =  1.0000   72

   4   rms: 0.1230E-05   max: 0.8939E-05   T at   39  1
       a =  5.500      CL =  0.8470
      Cm = -0.0236     CD =  0.01211   =>   CDf =  0.00683    CDp =  0.00528
 plradd ia,ip,cpol           20           0  4.38994803E-02

 Point added to stored polar  1
 Point written to save file  sc1012r8_Re600k.base.pol                        
 Dump file unspecified or not available
 Calculating wake trajectory ...
 Calculating source influence matrix ...

 Solving BL system ...

 Side 1  free  transition at x/c =  0.1282   39
 Side 2 forced transition at x/c =  1.0000   72

   1   rms: 0.7806E-01   max: -.1951E+00   C at   72  2
       a =  6.000      CL =  0.9027
      Cm = -0.0235     CD =  0.01241   =>   CDf =  0.00676    CDp =  0.00565

 Side 1  free  transition at x/c =  0.1239   40
 Side 2 forced transition at x/c =  1.0000   71

   2   rms: 0.2418E-02   max: 0.9547E-02   T at   41  1
       a =  6.000      CL =  0.9019
      Cm = -0.0234     CD =  0.01252   =>   CDf =  0.00683    CDp =  0.00569

 Side 1  free  transition at x/c =  0.1233   40
 Side 2 forced transition at x/c =  1.0000   71

   3   rms: 0.5524E-04   max: -.8529E-03   D at   40  1
       a =  6.000      CL =  0.9019
      Cm = -0.0234     CD =  0.01252   =>   CDf =  0.00683    CDp =  0.00569
 plradd ia,ip,cpol           21           0  4.38994803E-02

 Point added to stored polar  1
 Point written to save file  sc1012r8_Re600k.base.pol                        
 Dump file unspecified or not available
 Calculating wake trajectory ...
 Calculating source influence matrix ...

 Solving BL system ...

 Side 1  free  transition at x/c =  0.1233   40
 Side 2 forced transition at x/c =  1.0000   71

   1   rms: 0.7745E-01   max: -.1797E+00   C at   71  2
       a =  6.500      CL =  0.9560
      Cm = -0.0232     CD =  0.01305   =>   CDf =  0.00683    CDp =  0.00621

 Side 1  free  transition at x/c =  0.1179   40
 Side 2 forced transition at x/c =  1.0000   71

   2   rms: 0.1706E-02   max: -.1864E-01   D at   40  1
       a =  6.500      CL =  0.9548
      Cm = -0.0230     CD =  0.01318   =>   CDf =  0.00691    CDp =  0.00627

 Side 1  free  transition at x/c =  0.1176   40
 Side 2 forced transition at x/c =  1.0000   71

   3   rms: 0.7179E-04   max: -.7082E-03   D at   40  1
       a =  6.500      CL =  0.9547
      Cm = -0.0230     CD =  0.01318   =>   CDf =  0.00692    CDp =  0.00627
 plradd ia,ip,cpol           22           0  4.38994803E-02

 Point added to stored polar  1
 Point written to save file  sc1012r8_Re600k.base.pol                        
 Dump file unspecified or not available
 Calculating wake trajectory ...
 Calculating source influence matrix ...

 Solving BL system ...

 Side 1  free  transition at x/c =  0.1176   40
 Side 2 forced transition at x/c =  1.0000   71

   1   rms: 0.8208E-01   max: -.1813E+00   C at   71  2
       a =  7.000      CL =  1.0050
      Cm = -0.0223     CD =  0.01420   =>   CDf =  0.00682    CDp =  0.00737

 Side 1  free  transition at x/c =  0.1130   40
 Side 2 forced transition at x/c =  1.0000   70

   2   rms: 0.3355E-01   max: -.2984E+00   D at   40  1
       a =  7.000      CL =  1.0076
      Cm = -0.0226     CD =  0.01376   =>   CDf =  0.00689    CDp =  0.00687

 Side 1  free  transition at x/c =  0.1140   40
 Side 2 forced transition at x/c =  1.0000   70

   3   rms: 0.1986E-02   max: 0.2505E-01   D at   40  1
       a =  7.000      CL =  1.0076
      Cm = -0.0226     CD =  0.01381   =>   CDf =  0.00691    CDp =  0.00690

 Side 1  free  transition at x/c =  0.1137   40
 Side 2 forced transition at x/c =  1.0000   70

   4   rms: 0.9527E-05   max: -.1119E-03   D at   41  1
       a =  7.000      CL =  1.0076
      Cm = -0.0226     CD =  0.01381   =>   CDf =  0.00691    CDp =  0.00690
 plradd ia,ip,cpol           23           0  4.38994803E-02

 Point added to stored polar  1
 Point written to save file  sc1012r8_Re600k.base.pol                        
 Dump file unspecified or not available
 Calculating wake trajectory ...
 Calculating source influence matrix ...

 Solving BL system ...

 Side 1  free  transition at x/c =  0.1137   40
 Side 2 forced transition at x/c =  1.0000   70

   1   rms: 0.7567E-01   max: -.1501E+00   C at   70  2
       a =  7.500      CL =  1.0611
      Cm = -0.0223     CD =  0.01435   =>   CDf =  0.00680    CDp =  0.00755

 Side 1  free  transition at x/c =  0.1099   41
 Side 2 forced transition at x/c =  1.0000   69

   2   rms: 0.5908E-02   max: -.7006E-01   D at   41  1
       a =  7.500      CL =  1.0605
      Cm = -0.0223     CD =  0.01438   =>   CDf =  0.00690    CDp =  0.00748

 Side 1  free  transition at x/c =  0.1101   41
 Side 2 forced transition at x/c =  1.0000   69

   3   rms: 0.6453E-03   max: -.6643E-02   D at    4  1
       a =  7.500      CL =  1.0604
      Cm = -0.0223     CD =  0.01439   =>   CDf =  0.00690    CDp =  0.00748

 Side 1  free  transition at x/c =  0.1101   41
 Side 2 forced transition at x/c =  1.0000   69

   4   rms: 0.2128E-05   max: 0.6848E-05   D at    8  1
       a =  7.500      CL =  1.0604
      Cm = -0.0223     CD =  0.01439   =>   CDf =  0.00690    CDp =  0.00748
 plradd ia,ip,cpol           24           0  4.38994803E-02

 Point added to stored polar  1
 Point written to save file  sc1012r8_Re600k.base.pol                        
 Dump file unspecified or not available
 Calculating wake trajectory ...
 Calculating source influence matrix ...

 Solving BL system ...

 Side 1  free  transition at x/c =  0.1101   41
 Side 2 forced transition at x/c =  1.0000   69

   1   rms: 0.7590E-01   max: -.1450E+00   C at   69  2
       a =  8.000      CL =  1.1126
      Cm = -0.0218     CD =  0.01503   =>   CDf =  0.00691    CDp =  0.00812

 Side 1  free  transition at x/c =  0.1063   41
 Side 2 forced transition at x/c =  1.0000   69

   2   rms: 0.2158E-02   max: -.1355E-01   D at   41  1
       a =  8.000      CL =  1.1107
      Cm = -0.0216     CD =  0.01520   =>   CDf =  0.00696    CDp =  0.00824

 Side 1  free  transition at x/c =  0.1061   41
 Side 2 forced transition at x/c =  1.0000   69

   3   rms: 0.8933E-04   max: 0.5382E-03   D at   40  1
       a =  8.000      CL =  1.1107
      Cm = -0.0216     CD =  0.01520   =>   CDf =  0.00696    CDp =  0.00824
 plradd ia,ip,cpol           25           0  4.38994803E-02

 Point added to stored polar  1
 Point written to save file  sc1012r8_Re600k.base.pol                        
 Dump file unspecified or not available
 Calculating wake trajectory ...
 Calculating source influence matrix ...

 Solving BL system ...

 Side 1  free  transition at x/c =  0.1060   41
 Side 2 forced transition at x/c =  1.0000   69

   1   rms: 0.8005E-01   max: -.1596E+00   C at   69  2
       a =  8.500      CL =  1.1574
      Cm = -0.0205     CD =  0.01645   =>   CDf =  0.00682    CDp =  0.00963

 Side 1  free  transition at x/c =  0.1031   41
 Side 2 forced transition at x/c =  1.0000   68

   2   rms: 0.2720E-01   max: -.2126E+00   D at   41  1
       a =  8.500      CL =  1.1599
      Cm = -0.0208     CD =  0.01601   =>   CDf =  0.00691    CDp =  0.00911

 Side 1  free  transition at x/c =  0.1035   41
 Side 2 forced transition at x/c =  1.0000   68

   3   rms: 0.1155E-02   max: 0.1089E-01   D at   41  1
       a =  8.500      CL =  1.1603
      Cm = -0.0208     CD =  0.01604   =>   CDf =  0.00692    CDp =  0.00912

 Side 1  free  transition at x/c =  0.1034   41
 Side 2 forced transition at x/c =  1.0000   68

   4   rms: 0.3499E-05   max: 0.1821E-04   C at   68  2
       a =  8.500      CL =  1.1603
      Cm = -0.0208     CD =  0.01604   =>   CDf =  0.00692    CDp =  0.00912
 plradd ia,ip,cpol           26           0  3.90359946E-02

 Point added to stored polar  1
 Point written to save file  sc1012r8_Re600k.base.pol                        
 Dump file unspecified or not available
 Calculating wake trajectory ...
 Calculating source influence matrix ...

 Solving BL system ...

 Side 1  free  transition at x/c =  0.1034   41
 Side 2 forced transition at x/c =  1.0000   68

   1   rms: 0.7378E-01   max: -.1321E+00   C at   68  2
       a =  9.000      CL =  1.2114
      Cm = -0.0203     CD =  0.01669   =>   CDf =  0.00677    CDp =  0.00993

 Side 1  free  transition at x/c =  0.1012   42
 Side 2 forced transition at x/c =  1.0000   67

   2   rms: 0.2048E-02   max: -.1686E-01   D at    2  1
       a =  9.000      CL =  1.2104
      Cm = -0.0202     CD =  0.01674   =>   CDf =  0.00687    CDp =  0.00987

 Side 1  free  transition at x/c =  0.1012   42
 Side 2 forced transition at x/c =  1.0000   67

   3   rms: 0.7485E-03   max: -.8390E-02   D at    4  1
       a =  9.000      CL =  1.2104
      Cm = -0.0202     CD =  0.01674   =>   CDf =  0.00687    CDp =  0.00988

 Side 1  free  transition at x/c =  0.1012   42
 Side 2 forced transition at x/c =  1.0000   67

   4   rms: 0.6233E-06   max: 0.5665E-05   D at    8  1
       a =  9.000      CL =  1.2104
      Cm = -0.0202     CD =  0.01674   =>   CDf =  0.00687    CDp =  0.00988
 plradd ia,ip,cpol           27           0  3.90359946E-02

 Point added to stored polar  1
 Point written to save file  sc1012r8_Re600k.base.pol                        
 Dump file unspecified or not available
 Calculating wake trajectory ...
 Calculating source influence matrix ...

 Solving BL system ...

 Side 1  free  transition at x/c =  0.1012   42
 Side 2 forced transition at x/c =  1.0000   67

   1   rms: 0.7323E-01   max: -.1323E+00   C at   67  2
       a =  9.500      CL =  1.2598
      Cm = -0.0194     CD =  0.01751   =>   CDf =  0.00687    CDp =  0.01064

 Side 1  free  transition at x/c =  0.0989   42
 Side 2 forced transition at x/c =  1.0000   67

   2   rms: 0.3750E-02   max: -.3903E-01   D at   42  1
       a =  9.500      CL =  1.2589
      Cm = -0.0193     CD =  0.01752   =>   CDf =  0.00683    CDp =  0.01069

 Side 1  free  transition at x/c =  0.0989   42
 Side 2 forced transition at x/c =  1.0000   67

   3   rms: 0.3361E-04   max: 0.2897E-03   D at   42  1
       a =  9.500      CL =  1.2590
      Cm = -0.0193     CD =  0.01752   =>   CDf =  0.00683    CDp =  0.01069
 plradd ia,ip,cpol           28           0  3.90359946E-02

 Point added to stored polar  1
 Point written to save file  sc1012r8_Re600k.base.pol                        
 Dump file unspecified or not available
 Calculating wake trajectory ...
 Calculating source influence matrix ...

 Solving BL system ...

 Side 1  free  transition at x/c =  0.0989   42
 Side 2 forced transition at x/c =  1.0000   67

   1   rms: 0.7272E-01   max: -.1320E+00   C at   67  2
       a = 10.000      CL =  1.3068
      Cm = -0.0184     CD =  0.01837   =>   CDf =  0.00665    CDp =  0.01172

 Side 1  free  transition at x/c =  0.0968   43
 Side 2 forced transition at x/c =  1.0000   66

   2   rms: 0.5609E-02   max: -.7458E-01   D at    3  1
       a = 10.000      CL =  1.3050
      Cm = -0.0182     CD =  0.01847   =>   CDf =  0.00682    CDp =  0.01165

 Side 1  free  transition at x/c =  0.0968   43
 Side 2 forced transition at x/c =  1.0000   66

   3   rms: 0.6181E-03   max: 0.5192E-02   D at    4  2
       a = 10.000      CL =  1.3050
      Cm = -0.0182     CD =  0.01847   =>   CDf =  0.00682    CDp =  0.01165

 Side 1  free  transition at x/c =  0.0968   43
 Side 2 forced transition at x/c =  1.0000   66

   4   rms: 0.5998E-06   max: 0.4548E-05   D at    8  1
       a = 10.000      CL =  1.3050
      Cm = -0.0182     CD =  0.01847   =>   CDf =  0.00682    CDp =  0.01165
 plradd ia,ip,cpol           29           0  3.90359946E-02

 Point added to stored polar  1
 Point written to save file  sc1012r8_Re600k.base.pol                        
 Dump file unspecified or not available

.OPERva   c>  
 Solving BL system ...

 Side 1  free  transition at x/c =  0.0968   43
 Side 2 forced transition at x/c =  1.0000   66

   1   rms: 0.5836E-06   max: -.3469E-05   C at   66  2
       a = 10.000      CL =  1.3050
      Cm = -0.0182     CD =  0.01847   =>   CDf =  0.00682    CDp =  0.01165
 plradd ia,ip,cpol           30         182  3.90359946E-02

 Point added to stored polar  1
 Point written to save file  sc1012r8_Re600k.base.pol                        
 Dump file unspecified or not available
 Calculating wake trajectory ...
 Calculating source influence matrix ...

 Solving BL system ...

 Side 1  free  transition at x/c =  0.0968   43
 Side 2 forced transition at x/c =  1.0000   66

   1   rms: 0.3645E-01   max: -.6976E-01   C at   66  2
       a = 10.250      CL =  1.3271
      Cm = -0.0175     CD =  0.01905   =>   CDf =  0.00682    CDp =  0.01222

 Side 1  free  transition at x/c =  0.0957   43
 Side 2 forced transition at x/c =  1.0000   66

   2   rms: 0.1769E-02   max: 0.9530E-02   T at   43  1
       a = 10.250      CL =  1.3260
      Cm = -0.0174     CD =  0.01913   =>   CDf =  0.00682    CDp =  0.01231

 Side 1  free  transition at x/c =  0.0956   43
 Side 2 forced transition at x/c =  1.0000   66

   3   rms: 0.4003E-04   max: 0.1769E-03   T at   43  1
       a = 10.250      CL =  1.3260
      Cm = -0.0174     CD =  0.01913   =>   CDf =  0.00682    CDp =  0.01231
 plradd ia,ip,cpol           31           0  3.90359946E-02

 Point added to stored polar  1
 Point written to save file  sc1012r8_Re600k.base.pol                        
 Dump file unspecified or not available
 Calculating wake trajectory ...
 Calculating source influence matrix ...

 Solving BL system ...

 Side 1  free  transition at x/c =  0.0956   43
 Side 2 forced transition at x/c =  1.0000   66

   1   rms: 0.3781E-01   max: -.7456E-01   C at   66  2
       a = 10.500      CL =  1.3460
      Cm = -0.0165     CD =  0.01993   =>   CDf =  0.00661    CDp =  0.01332

 Side 1  free  transition at x/c =  0.0944   44
 Side 2 forced transition at x/c =  1.0000   65

   2   rms: 0.4282E-02   max: -.4079E-01   D at    2  1
       a = 10.500      CL =  1.3440
      Cm = -0.0163     CD =  0.02014   =>   CDf =  0.00680    CDp =  0.01334

 Side 1  free  transition at x/c =  0.0942   43
 Side 2 forced transition at x/c =  1.0000   65

   3   rms: 0.2181E-02   max: -.1889E-01   D at   43  1
       a = 10.500      CL =  1.3445
      Cm = -0.0163     CD =  0.02006   =>   CDf =  0.00680    CDp =  0.01327

 Side 1  free  transition at x/c =  0.0942   43
 Side 2 forced transition at x/c =  1.0000   65

   4   rms: 0.3665E-04   max: -.1449E-03   D at   68  2
       a = 10.500      CL =  1.3445
      Cm = -0.0163     CD =  0.02007   =>   CDf =  0.00680    CDp =  0.01326
 plradd ia,ip,cpol           32           0  3.90359946E-02

 Point added to stored polar  1
 Point written to save file  sc1012r8_Re600k.base.pol                        
 Dump file unspecified or not available
 Calculating wake trajectory ...
 Calculating source influence matrix ...

 Solving BL system ...

 Side 1  free  transition at x/c =  0.0942   43
 Side 2 forced transition at x/c =  1.0000   65

   1   rms: 0.3518E-01   max: -.6394E-01   C at   65  2
       a = 10.750      CL =  1.3675
      Cm = -0.0158     CD =  0.02048   =>   CDf =  0.00680    CDp =  0.01368

 Side 1  free  transition at x/c =  0.0938   43
 Side 2 forced transition at x/c =  1.0000   65

   2   rms: 0.5388E-03   max: 0.3105E-02   D at    4  1
       a = 10.750      CL =  1.3671
      Cm = -0.0157     CD =  0.02049   =>   CDf =  0.00675    CDp =  0.01374

 Side 1  free  transition at x/c =  0.0938   43
 Side 2 forced transition at x/c =  1.0000   65

   3   rms: 0.4504E-05   max: -.1608E-04   D at   90  1
       a = 10.750      CL =  1.3671
      Cm = -0.0157     CD =  0.02049   =>   CDf =  0.00675    CDp =  0.01374
 plradd ia,ip,cpol           33           0  3.90359946E-02

 Point added to stored polar  1
 Point written to save file  sc1012r8_Re600k.base.pol                        
 Dump file unspecified or not available
 Calculating wake trajectory ...
 Calculating source influence matrix ...

 Solving BL system ...

 Side 1  free  transition at x/c =  0.0938   43
 Side 2 forced transition at x/c =  1.0000   65

   1   rms: 0.3492E-01   max: -.6465E-01   C at   65  2
       a = 11.000      CL =  1.3895
      Cm = -0.0151     CD =  0.02093   =>   CDf =  0.00675    CDp =  0.01418

 Side 1  free  transition at x/c =  0.0932   43
 Side 2 forced transition at x/c =  1.0000   65

   2   rms: 0.6198E-03   max: -.3876E-02   D at   43  1
       a = 11.000      CL =  1.3890
      Cm = -0.0150     CD =  0.02093   =>   CDf =  0.00669    CDp =  0.01424

 Side 1  free  transition at x/c =  0.0932   43
 Side 2 forced transition at x/c =  1.0000   65

   3   rms: 0.1464E-04   max: -.4861E-04   D at   89  1
       a = 11.000      CL =  1.3890
      Cm = -0.0150     CD =  0.02093   =>   CDf =  0.00669    CDp =  0.01424
 plradd ia,ip,cpol           34           0  3.90359946E-02

 Point added to stored polar  1
 Point written to save file  sc1012r8_Re600k.base.pol                        
 Dump file unspecified or not available
 Calculating wake trajectory ...
 Calculating source influence matrix ...

 Solving BL system ...

 Side 1  free  transition at x/c =  0.0932   43
 Side 2 forced transition at x/c =  1.0000   65

   1   rms: 0.3467E-01   max: -.6565E-01   C at   65  2
       a = 11.250      CL =  1.4108
      Cm = -0.0144     CD =  0.02140   =>   CDf =  0.00647    CDp =  0.01493

 Side 1  free  transition at x/c =  0.0925   44
 Side 2 forced transition at x/c =  1.0000   64

   2   rms: 0.2006E-02   max: -.2098E-01   T at    2  1
       a = 11.250      CL =  1.4103
      Cm = -0.0143     CD =  0.02140   =>   CDf =  0.00663    CDp =  0.01477

 Side 1  free  transition at x/c =  0.0925   44
 Side 2 forced transition at x/c =  1.0000   64

   3   rms: 0.8926E-03   max: -.1076E-01   D at    4  1
       a = 11.250      CL =  1.4103
      Cm = -0.0143     CD =  0.02140   =>   CDf =  0.00663    CDp =  0.01477

 Side 1  free  transition at x/c =  0.0925   44
 Side 2 forced transition at x/c =  1.0000   64

   4   rms: 0.1195E-05   max: -.1103E-04   D at    9  1
       a = 11.250      CL =  1.4103
      Cm = -0.0143     CD =  0.02140   =>   CDf =  0.00663    CDp =  0.01477
 plradd ia,ip,cpol           35           0  3.90359946E-02

 Point added to stored polar  1
 Point written to save file  sc1012r8_Re600k.base.pol                        
 Dump file unspecified or not available
 Calculating wake trajectory ...
 Calculating source influence matrix ...

 Solving BL system ...

 Side 1  free  transition at x/c =  0.0925   44
 Side 2 forced transition at x/c =  1.0000   64

   1   rms: 0.3438E-01   max: -.6705E-01   C at   64  2
       a = 11.500      CL =  1.4313
      Cm = -0.0135     CD =  0.02192   =>   CDf =  0.00663    CDp =  0.01528

 Side 1  free  transition at x/c =  0.0917   44
 Side 2 forced transition at x/c =  1.0000   64

   2   rms: 0.7901E-03   max: 0.2841E-02   D at   98  1
       a = 11.500      CL =  1.4307
      Cm = -0.0134     CD =  0.02192   =>   CDf =  0.00658    CDp =  0.01534

 Side 1  free  transition at x/c =  0.0917   44
 Side 2 forced transition at x/c =  1.0000   64

   3   rms: 0.7760E-05   max: 0.3052E-04   D at   98  1
       a = 11.500      CL =  1.4306
      Cm = -0.0134     CD =  0.02192   =>   CDf =  0.00658    CDp =  0.01534
 plradd ia,ip,cpol           36           0  3.90359946E-02

 Point added to stored polar  1
 Point written to save file  sc1012r8_Re600k.base.pol                        
 Dump file unspecified or not available
 Calculating wake trajectory ...
 Calculating source influence matrix ...

 Solving BL system ...

 Side 1  free  transition at x/c =  0.0917   44
 Side 2 forced transition at x/c =  1.0000   64

   1   rms: 0.3407E-01   max: -.6768E-01   C at   64  2
       a = 11.750      CL =  1.4509
      Cm = -0.0126     CD =  0.02248   =>   CDf =  0.00658    CDp =  0.01590

 Side 1  free  transition at x/c =  0.0910   44
 Side 2 forced transition at x/c =  1.0000   64

   2   rms: 0.1166E-02   max: 0.6097E-02   D at   44  1
       a = 11.750      CL =  1.4500
      Cm = -0.0125     CD =  0.02249   =>   CDf =  0.00653    CDp =  0.01596

 Side 1  free  transition at x/c =  0.0910   44
 Side 2 forced transition at x/c =  1.0000   64

   3   rms: 0.2444E-04   max: 0.9250E-04   D at   98  1
       a = 11.750      CL =  1.4500
      Cm = -0.0125     CD =  0.02249   =>   CDf =  0.00653    CDp =  0.01596
 plradd ia,ip,cpol           37           0  3.90359946E-02

 Point added to stored polar  1
 Point written to save file  sc1012r8_Re600k.base.pol                        
 Dump file unspecified or not available
 Calculating wake trajectory ...
 Calculating source influence matrix ...

 Solving BL system ...

 Side 1  free  transition at x/c =  0.0910   44
 Side 2 forced transition at x/c =  1.0000   64

   1   rms: 0.3363E-01   max: -.6689E-01   C at   64  2
       a = 12.000      CL =  1.4691
      Cm = -0.0115     CD =  0.02309   =>   CDf =  0.00629    CDp =  0.01681

 Side 1  free  transition at x/c =  0.0903   45
 Side 2 forced transition at x/c =  1.0000   63

   2   rms: 0.1707E-02   max: 0.1349E-01   D at    2  2
       a = 12.000      CL =  1.4680
      Cm = -0.0113     CD =  0.02309   =>   CDf =  0.00648    CDp =  0.01661

 Side 1  free  transition at x/c =  0.0903   45
 Side 2 forced transition at x/c =  1.0000   63

   3   rms: 0.6025E-03   max: -.7334E-02   D at    4  1
       a = 12.000      CL =  1.4679
      Cm = -0.0113     CD =  0.02308   =>   CDf =  0.00648    CDp =  0.01661

 Side 1  free  transition at x/c =  0.0903   45
 Side 2 forced transition at x/c =  1.0000   63

   4   rms: 0.6859E-06   max: 0.5469E-05   C at   63  2
       a = 12.000      CL =  1.4679
      Cm = -0.0113     CD =  0.02308   =>   CDf =  0.00648    CDp =  0.01661
 plradd ia,ip,cpol           38           0  3.90359946E-02

 Point added to stored polar  1
 Point written to save file  sc1012r8_Re600k.base.pol                        
 Dump file unspecified or not available
 Calculating wake trajectory ...
 Calculating source influence matrix ...

 Solving BL system ...

 Side 1  free  transition at x/c =  0.0903   45
 Side 2 forced transition at x/c =  1.0000   63

   1   rms: 0.3252E-01   max: -.7200E-01   C at   63  2
       a = 12.250      CL =  1.4846
      Cm = -0.0099     CD =  0.02370   =>   CDf =  0.00648    CDp =  0.01722

 Side 1  free  transition at x/c =  0.0897   45
 Side 2 forced transition at x/c =  1.0000   63

   2   rms: 0.1461E-02   max: -.1611E-01   C at   63  2
       a = 12.250      CL =  1.4836
      Cm = -0.0098     CD =  0.02370   =>   CDf =  0.00643    CDp =  0.01727

 Side 1  free  transition at x/c =  0.0897   45
 Side 2 forced transition at x/c =  1.0000   63

   3   rms: 0.2318E-04   max: 0.1854E-03   D at   97  1
       a = 12.250      CL =  1.4837
      Cm = -0.0098     CD =  0.02370   =>   CDf =  0.00643    CDp =  0.01727
 plradd ia,ip,cpol           39           0  3.45946215E-02

 Point added to stored polar  1
 Point written to save file  sc1012r8_Re600k.base.pol                        
 Dump file unspecified or not available
 Calculating wake trajectory ...
 Calculating source influence matrix ...

 Solving BL system ...

 Side 1  free  transition at x/c =  0.0897   45
 Side 2 forced transition at x/c =  1.0000   63

   1   rms: 0.3239E-01   max: -.9371E-01   C at   63  2
       a = 12.500      CL =  1.4997
      Cm = -0.0084     CD =  0.02437   =>   CDf =  0.00643    CDp =  0.01794

 Side 1  free  transition at x/c =  0.0891   45
 Side 2 forced transition at x/c =  1.0000   63

   2   rms: 0.1062E-02   max: 0.8425E-02   D at   95  1
       a = 12.500      CL =  1.4989
      Cm = -0.0084     CD =  0.02438   =>   CDf =  0.00639    CDp =  0.01799

 Side 1  free  transition at x/c =  0.0891   45
 Side 2 forced transition at x/c =  1.0000   63

   3   rms: 0.2502E-04   max: 0.2250E-03   D at   95  1
       a = 12.500      CL =  1.4989
      Cm = -0.0084     CD =  0.02438   =>   CDf =  0.00639    CDp =  0.01799
 plradd ia,ip,cpol           40           0  3.45946215E-02

 Point added to stored polar  1
 Point written to save file  sc1012r8_Re600k.base.pol                        
 Dump file unspecified or not available
 Calculating wake trajectory ...
 Calculating source influence matrix ...

 Solving BL system ...

 Side 1  free  transition at x/c =  0.0891   45
 Side 2 forced transition at x/c =  1.0000   63

   1   rms: 0.3237E-01   max: -.9058E-01   C at   63  2
       a = 12.750      CL =  1.5147
      Cm = -0.0071     CD =  0.02510   =>   CDf =  0.00639    CDp =  0.01871

 Side 1  free  transition at x/c =  0.0885   45
 Side 2 forced transition at x/c =  1.0000   63

   2   rms: 0.6797E-01   max: -.1218E+01   T at    2  2   RLX: 0.410
       a = 12.750      CL =  1.5144
      Cm = -0.0071     CD =  0.02510   =>   CDf =  0.00634    CDp =  0.01876

 Side 1  free  transition at x/c =  0.0885   45
 Side 2 forced transition at x/c =  1.0000   63

   3   rms: 0.5935E-02   max: 0.7900E-01   D at    3  2
       a = 12.750      CL =  1.5138
      Cm = -0.0070     CD =  0.02510   =>   CDf =  0.00634    CDp =  0.01876

 Side 1  free  transition at x/c =  0.0885   45
 Side 2 forced transition at x/c =  1.0000   63

   4   rms: 0.7770E-03   max: -.8709E-02   D at    4  2
       a = 12.750      CL =  1.5138
      Cm = -0.0070     CD =  0.02510   =>   CDf =  0.00634    CDp =  0.01876

 Side 1  free  transition at x/c =  0.0885   45
 Side 2 forced transition at x/c =  1.0000   63

   5   rms: 0.4050E-05   max: -.5068E-04   D at    4  2
       a = 12.750      CL =  1.5138
      Cm = -0.0070     CD =  0.02510   =>   CDf =  0.00634    CDp =  0.01876
 plradd ia,ip,cpol           41           0  3.45946215E-02

 Point added to stored polar  1
 Point written to save file  sc1012r8_Re600k.base.pol                        
 Dump file unspecified or not available
 Calculating wake trajectory ...
 Calculating source influence matrix ...

 Solving BL system ...

 Side 1  free  transition at x/c =  0.0885   45
 Side 2 forced transition at x/c =  1.0000   63

   1   rms: 0.3326E-01   max: -.1612E+00   D at    3  2
       a = 13.000      CL =  1.5291
      Cm = -0.0057     CD =  0.02588   =>   CDf =  0.00607    CDp =  0.01980

 Side 1  free  transition at x/c =  0.0879   46
 Side 2 forced transition at x/c =  1.0000   62

   2   rms: 0.3143E-02   max: -.3768E-01   D at    3  1
       a = 13.000      CL =  1.5281
      Cm = -0.0056     CD =  0.02588   =>   CDf =  0.00630    CDp =  0.01959

 Side 1  free  transition at x/c =  0.0879   46
 Side 2 forced transition at x/c =  1.0000   62

   3   rms: 0.5193E-03   max: -.5725E-02   D at    4  1
       a = 13.000      CL =  1.5281
      Cm = -0.0056     CD =  0.02588   =>   CDf =  0.00630    CDp =  0.01959

 Side 1  free  transition at x/c =  0.0879   46
 Side 2 forced transition at x/c =  1.0000   62

   4   rms: 0.7204E-06   max: 0.3529E-05   D at    6  1
       a = 13.000      CL =  1.5281
      Cm = -0.0056     CD =  0.02588   =>   CDf =  0.00630    CDp =  0.01959
 plradd ia,ip,cpol           42           0  3.45946215E-02

 Point added to stored polar  1
 Point written to save file  sc1012r8_Re600k.base.pol                        
 Dump file unspecified or not available
 Calculating wake trajectory ...
 Calculating source influence matrix ...

 Solving BL system ...

 Side 1  free  transition at x/c =  0.0879   46
 Side 2 forced transition at x/c =  1.0000   62

   1   rms: 0.3222E-01   max: -.7554E-01   C at   62  2
       a = 13.250      CL =  1.5428
      Cm = -0.0044     CD =  0.02673   =>   CDf =  0.00630    CDp =  0.02043

 Side 1  free  transition at x/c =  0.0874   46
 Side 2 forced transition at x/c =  1.0000   62

   2   rms: 0.1203E-02   max: 0.1063E-01   D at   93  1
       a = 13.250      CL =  1.5417
      Cm = -0.0043     CD =  0.02675   =>   CDf =  0.00626    CDp =  0.02049

 Side 1  free  transition at x/c =  0.0874   46
 Side 2 forced transition at x/c =  1.0000   62

   3   rms: 0.2088E-04   max: 0.3142E-03   D at   93  1
       a = 13.250      CL =  1.5417
      Cm = -0.0043     CD =  0.02674   =>   CDf =  0.00626    CDp =  0.02049
 plradd ia,ip,cpol           43           0  3.45946215E-02

 Point added to stored polar  1
 Point written to save file  sc1012r8_Re600k.base.pol                        
 Dump file unspecified or not available
 Calculating wake trajectory ...
 Calculating source influence matrix ...

 Solving BL system ...

 Side 1  free  transition at x/c =  0.0874   46
 Side 2 forced transition at x/c =  1.0000   62

   1   rms: 0.3225E-01   max: -.6988E-01   C at   62  2
       a = 13.500      CL =  1.5557
      Cm = -0.0031     CD =  0.02769   =>   CDf =  0.00626    CDp =  0.02143

 Side 1  free  transition at x/c =  0.0868   46
 Side 2 forced transition at x/c =  1.0000   62

   2   rms: 0.1441E-02   max: 0.1067E-01   D at   70  2
       a = 13.500      CL =  1.5545
      Cm = -0.0030     CD =  0.02771   =>   CDf =  0.00622    CDp =  0.02150

 Side 1  free  transition at x/c =  0.0868   46
 Side 2 forced transition at x/c =  1.0000   62

   3   rms: 0.5612E-04   max: 0.4439E-03   D at   92  1
       a = 13.500      CL =  1.5545
      Cm = -0.0030     CD =  0.02771   =>   CDf =  0.00621    CDp =  0.02150
 plradd ia,ip,cpol           44           0  3.45946215E-02

 Point added to stored polar  1
 Point written to save file  sc1012r8_Re600k.base.pol                        
 Dump file unspecified or not available
 Calculating wake trajectory ...
 Calculating source influence matrix ...

 Solving BL system ...

 Side 1  free  transition at x/c =  0.0868   46
 Side 2 forced transition at x/c =  1.0000   62

   1   rms: 0.3242E-01   max: -.6387E-01   C at   62  2
       a = 13.750      CL =  1.5677
      Cm = -0.0019     CD =  0.02879   =>   CDf =  0.00593    CDp =  0.02286

 Side 1  free  transition at x/c =  0.0863   47
 Side 2 forced transition at x/c =  1.0000   61

   2   rms: 0.2026E-02   max: 0.1243E-01   T at    2  2
       a = 13.750      CL =  1.5664
      Cm = -0.0018     CD =  0.02882   =>   CDf =  0.00617    CDp =  0.02265

 Side 1  free  transition at x/c =  0.0862   47
 Side 2 forced transition at x/c =  1.0000   61

   3   rms: 0.5232E-03   max: -.6369E-02   D at    4  1
       a = 13.750      CL =  1.5664
      Cm = -0.0018     CD =  0.02882   =>   CDf =  0.00617    CDp =  0.02265

 Side 1  free  transition at x/c =  0.0862   47
 Side 2 forced transition at x/c =  1.0000   61

   4   rms: 0.1222E-05   max: -.1307E-04   C at   61  2
       a = 13.750      CL =  1.5664
      Cm = -0.0018     CD =  0.02882   =>   CDf =  0.00617    CDp =  0.02265
 plradd ia,ip,cpol           45           0  3.45946215E-02

 Point added to stored polar  1
 Point written to save file  sc1012r8_Re600k.base.pol                        
 Dump file unspecified or not available
 Calculating wake trajectory ...
 Calculating source influence matrix ...

 Solving BL system ...

 Side 1  free  transition at x/c =  0.0862   47
 Side 2 forced transition at x/c =  1.0000   61

   1   rms: 0.3310E-01   max: 0.6945E-01   D at   88  1
       a = 14.000      CL =  1.5790
      Cm = -0.0006     CD =  0.03007   =>   CDf =  0.00617    CDp =  0.02390

 Side 1  free  transition at x/c =  0.0856   47
 Side 2 forced transition at x/c =  1.0000   61

   2   rms: 0.2529E-02   max: 0.1261E-01   D at   70  2
       a = 14.000      CL =  1.5771
      Cm = -0.0005     CD =  0.03018   =>   CDf =  0.00612    CDp =  0.02406

 Side 1  free  transition at x/c =  0.0855   47
 Side 2 forced transition at x/c =  1.0000   61

   3   rms: 0.1452E-03   max: 0.7807E-03   D at   70  2
       a = 14.000      CL =  1.5769
      Cm = -0.0005     CD =  0.03018   =>   CDf =  0.00612    CDp =  0.02406

 Side 1  free  transition at x/c =  0.0855   47
 Side 2 forced transition at x/c =  1.0000   61

   4   rms: 0.3626E-05   max: -.2200E-04   C at   61  2
       a = 14.000      CL =  1.5769
      Cm = -0.0005     CD =  0.03018   =>   CDf =  0.00612    CDp =  0.02406
 plradd ia,ip,cpol           46           0  3.45946215E-02

 Point added to stored polar  1
 Point written to save file  sc1012r8_Re600k.base.pol                        
 Dump file unspecified or not available
 Calculating wake trajectory ...
 Calculating source influence matrix ...

 Solving BL system ...

 Side 1  free  transition at x/c =  0.0855   47
 Side 2 forced transition at x/c =  1.0000   61

   1   rms: 0.3563E-01   max: 0.7671E-01   D at   75  2
       a = 14.250      CL =  1.5883
      Cm =  0.0007     CD =  0.03177   =>   CDf =  0.00613    CDp =  0.02564

 Side 1  free  transition at x/c =  0.0849   46
 Side 2 forced transition at x/c =  1.0000   61

   2   rms: 0.2789E-02   max: 0.1019E-01   D at   91  1
       a = 14.250      CL =  1.5859
      Cm =  0.0009     CD =  0.03184   =>   CDf =  0.00605    CDp =  0.02580

 Side 1  free  transition at x/c =  0.0848   46
 Side 2 forced transition at x/c =  1.0000   61

   3   rms: 0.1338E-03   max: -.6297E-03   D at   92  1
       a = 14.250      CL =  1.5860
      Cm =  0.0009     CD =  0.03184   =>   CDf =  0.00604    CDp =  0.02580

 Side 1  free  transition at x/c =  0.0848   46
 Side 2 forced transition at x/c =  1.0000   61

   4   rms: 0.2808E-05   max: 0.2782E-04   C at   61  2
       a = 14.250      CL =  1.5860
      Cm =  0.0009     CD =  0.03184   =>   CDf =  0.00604    CDp =  0.02580
 plradd ia,ip,cpol           47           0  3.45946215E-02

 Point added to stored polar  1
 Point written to save file  sc1012r8_Re600k.base.pol                        
 Dump file unspecified or not available
 Calculating wake trajectory ...
 Calculating source influence matrix ...

 Solving BL system ...

 Side 1  free  transition at x/c =  0.0848   46
 Side 2 forced transition at x/c =  1.0000   61

   1   rms: 0.3092E-01   max: 0.5734E-01   D at   73  2
       a = 14.500      CL =  1.5984
      Cm =  0.0018     CD =  0.03295   =>   CDf =  0.00605    CDp =  0.02690

 Side 1  free  transition at x/c =  0.0846   46
 Side 2 forced transition at x/c =  1.0000   61

   2   rms: 0.1540E-02   max: 0.1272E-01   D at   90  1
       a = 14.500      CL =  1.5971
      Cm =  0.0019     CD =  0.03295   =>   CDf =  0.00595    CDp =  0.02700

 Side 1  free  transition at x/c =  0.0846   46
 Side 2 forced transition at x/c =  1.0000   61

   3   rms: 0.5918E-04   max: 0.5788E-03   D at   71  2
       a = 14.500      CL =  1.5970
      Cm =  0.0019     CD =  0.03295   =>   CDf =  0.00595    CDp =  0.02700
 plradd ia,ip,cpol           48           0  3.45946215E-02

 Point added to stored polar  1
 Point written to save file  sc1012r8_Re600k.base.pol                        
 Dump file unspecified or not available
 Calculating wake trajectory ...
 Calculating source influence matrix ...

 Solving BL system ...

 Side 1  free  transition at x/c =  0.0846   46
 Side 2 forced transition at x/c =  1.0000   61

   1   rms: 0.3086E-01   max: 0.6806E-01   D at   87  1
       a = 14.750      CL =  1.6087
      Cm =  0.0028     CD =  0.03417   =>   CDf =  0.00565    CDp =  0.02852

 Side 1  free  transition at x/c =  0.0844   47
 Side 2 forced transition at x/c =  1.0000   60

   2   rms: 0.2114E-02   max: 0.1337E-01   D at    2  2
       a = 14.750      CL =  1.6072
      Cm =  0.0028     CD =  0.03417   =>   CDf =  0.00586    CDp =  0.02831

 Side 1  free  transition at x/c =  0.0844   47
 Side 2 forced transition at x/c =  1.0000   60

   3   rms: 0.6139E-03   max: -.7593E-02   D at    4  1
       a = 14.750      CL =  1.6072
      Cm =  0.0028     CD =  0.03417   =>   CDf =  0.00585    CDp =  0.02831

 Side 1  free  transition at x/c =  0.0844   47
 Side 2 forced transition at x/c =  1.0000   60

   4   rms: 0.1417E-05   max: -.1428E-04   C at   60  2
       a = 14.750      CL =  1.6072
      Cm =  0.0028     CD =  0.03417   =>   CDf =  0.00585    CDp =  0.02831
 plradd ia,ip,cpol           49           0  3.45946215E-02

 Point added to stored polar  1
 Point written to save file  sc1012r8_Re600k.base.pol                        
 Dump file unspecified or not available
 Calculating wake trajectory ...
 Calculating source influence matrix ...

 Solving BL system ...

 Side 1  free  transition at x/c =  0.0844   47
 Side 2 forced transition at x/c =  1.0000   60

   1   rms: 0.3079E-01   max: 0.7108E-01   D at   87  1
       a = 15.000      CL =  1.6181
      Cm =  0.0036     CD =  0.03551   =>   CDf =  0.00586    CDp =  0.02965

 Side 1  free  transition at x/c =  0.0841   47
 Side 2 forced transition at x/c =  1.0000   60

   2   rms: 0.1729E-02   max: 0.1230E-01   D at   89  1
       a = 15.000      CL =  1.6166
      Cm =  0.0037     CD =  0.03551   =>   CDf =  0.00576    CDp =  0.02975

 Side 1  free  transition at x/c =  0.0841   47
 Side 2 forced transition at x/c =  1.0000   60

   3   rms: 0.7121E-04   max: 0.7340E-03   D at   89  1
       a = 15.000      CL =  1.6166
      Cm =  0.0037     CD =  0.03550   =>   CDf =  0.00576    CDp =  0.02974
 plradd ia,ip,cpol           50           0  3.45946215E-02

 Point added to stored polar  1
 Point written to save file  sc1012r8_Re600k.base.pol                        
 Dump file unspecified or not available
 Calculating wake trajectory ...
 Calculating source influence matrix ...

 Solving BL system ...

 Side 1  free  transition at x/c =  0.0841   47
 Side 2 forced transition at x/c =  1.0000   60

   1   rms: 0.3077E-01   max: 0.7411E-01   D at   86  1
       a = 15.250      CL =  1.6267
      Cm =  0.0044     CD =  0.03698   =>   CDf =  0.00576    CDp =  0.03122

 Side 1  free  transition at x/c =  0.0838   47
 Side 2 forced transition at x/c =  1.0000   60

   2   rms: 0.2045E-02   max: 0.1595E-01   D at   71  2
       a = 15.250      CL =  1.6250
      Cm =  0.0045     CD =  0.03696   =>   CDf =  0.00566    CDp =  0.03130

 Side 1  free  transition at x/c =  0.0838   47
 Side 2 forced transition at x/c =  1.0000   60

   3   rms: 0.5866E-04   max: 0.7809E-03   D at   88  1
       a = 15.250      CL =  1.6249
      Cm =  0.0045     CD =  0.03696   =>   CDf =  0.00566    CDp =  0.03130
 plradd ia,ip,cpol           51           0  3.45946215E-02

 Point added to stored polar  1
 Point written to save file  sc1012r8_Re600k.base.pol                        
 Dump file unspecified or not available
 Calculating wake trajectory ...
 Calculating source influence matrix ...

 Solving BL system ...

 Side 1  free  transition at x/c =  0.0838   47
 Side 2 forced transition at x/c =  1.0000   60

   1   rms: 0.3060E-01   max: 0.7758E-01   D at   85  1
       a = 15.500      CL =  1.6341
      Cm =  0.0051     CD =  0.03856   =>   CDf =  0.00566    CDp =  0.03290

 Side 1  free  transition at x/c =  0.0834   47
 Side 2 forced transition at x/c =  1.0000   60

   2   rms: 0.2041E-02   max: 0.1294E-01   D at   87  1
       a = 15.500      CL =  1.6324
      Cm =  0.0052     CD =  0.03853   =>   CDf =  0.00556    CDp =  0.03297

 Side 1  free  transition at x/c =  0.0834   47
 Side 2 forced transition at x/c =  1.0000   60

   3   rms: 0.4198E-04   max: 0.7802E-03   D at   87  1
       a = 15.500      CL =  1.6323
      Cm =  0.0052     CD =  0.03852   =>   CDf =  0.00556    CDp =  0.03297
 plradd ia,ip,cpol           52           0  3.45946215E-02

 Point added to stored polar  1
 Point written to save file  sc1012r8_Re600k.base.pol                        
 Dump file unspecified or not available
 Calculating wake trajectory ...
 Calculating source influence matrix ...

 Solving BL system ...

 Side 1  free  transition at x/c =  0.0834   47
 Side 2 forced transition at x/c =  1.0000   60

   1   rms: 0.3053E-01   max: 0.8046E-01   D at   84  1
       a = 15.750      CL =  1.6408
      Cm =  0.0056     CD =  0.04026   =>   CDf =  0.00524    CDp =  0.03502

 Side 1  free  transition at x/c =  0.0830   48
 Side 2 forced transition at x/c =  1.0000   59
 idif Ue xi dudx           1  6.07018694E-02  5.41067123E-03   11.218917    
 Uenew xinew           2  5.02862094E-04  4.48226929E-05

   2   rms: 0.1442E-01   max: -.2490E+00   T at    2  1
       a = 15.750      CL =  1.6388
      Cm =  0.0057     CD =  0.04024   =>   CDf =  0.00576    CDp =  0.03448

 Side 1  free  transition at x/c =  0.0830   47
 Side 2 forced transition at x/c =  1.0000   60

   3   rms: 0.8413E-03   max: -.1130E-01   D at    3  1
       a = 15.750      CL =  1.6388
      Cm =  0.0057     CD =  0.04023   =>   CDf =  0.00545    CDp =  0.03478

 Side 1  free  transition at x/c =  0.0830   47
 Side 2 forced transition at x/c =  1.0000   60

   4   rms: 0.4269E-03   max: 0.5100E-02   D at    4  2
       a = 15.750      CL =  1.6388
      Cm =  0.0057     CD =  0.04023   =>   CDf =  0.00545    CDp =  0.03478

 Side 1  free  transition at x/c =  0.0830   47
 Side 2 forced transition at x/c =  1.0000   60

   5   rms: 0.2261E-05   max: 0.2394E-04   D at    4  2
       a = 15.750      CL =  1.6388
      Cm =  0.0057     CD =  0.04023   =>   CDf =  0.00545    CDp =  0.03478
 plradd ia,ip,cpol           53           0  3.45946215E-02

 Point added to stored polar  1
 Point written to save file  sc1012r8_Re600k.base.pol                        
 Dump file unspecified or not available
 Calculating wake trajectory ...
 Calculating source influence matrix ...

 Solving BL system ...

 Side 1  free  transition at x/c =  0.0830   47
 Side 2 forced transition at x/c =  1.0000   60

   1   rms: 0.3101E-01   max: -.9892E-01   D at    3  2   RLX: 0.958
       a = 16.000      CL =  1.6458
      Cm =  0.0060     CD =  0.04208   =>   CDf =  0.00513    CDp =  0.03695

 Side 1  free  transition at x/c =  0.0826   48
 Side 2 forced transition at x/c =  1.0000   59

   2   rms: 0.3440E-02   max: -.2665E-01   D at    3  1
       a = 16.000      CL =  1.6440
      Cm =  0.0061     CD =  0.04213   =>   CDf =  0.00535    CDp =  0.03677

 Side 1  free  transition at x/c =  0.0826   48
 Side 2 forced transition at x/c =  1.0000   59

   3   rms: 0.5857E-03   max: -.6349E-02   D at    4  1
       a = 16.000      CL =  1.6438
      Cm =  0.0061     CD =  0.04211   =>   CDf =  0.00535    CDp =  0.03677

 Side 1  free  transition at x/c =  0.0826   48
 Side 2 forced transition at x/c =  1.0000   59

   4   rms: 0.8581E-05   max: -.6806E-04   C at   59  2
       a = 16.000      CL =  1.6438
      Cm =  0.0061     CD =  0.04211   =>   CDf =  0.00535    CDp =  0.03677
 plradd ia,ip,cpol           54           0  3.45946215E-02

 Point added to stored polar  1
 Point written to save file  sc1012r8_Re600k.base.pol                        
 Dump file unspecified or not available

.OPERva   c>  
 Polar accumulation disabled

.OPERv   c>  
 XFOIL   c>  
 XFOIL   c>  