
 ===================================================
  XFOIL Version 6.99
  Copyright (C) 2000   Mark Drela, Harold Youngren

  This software comes with ABSOLUTELY NO WARRANTY,
    subject to the GNU General Public License.

  Caveat computor
 ===================================================

 File  xfoil.def  not found

   QUIT    Exit program

  .OPER    Direct operating point(s)
  .MDES    Complex mapping design routine
  .QDES    Surface speed design routine
  .GDES    Geometry design routine

   SAVE f  Write airfoil to labeled coordinate file
   PSAV f  Write airfoil to plain coordinate file
   ISAV f  Write airfoil to ISES coordinate file
   MSAV f  Write airfoil to MSES coordinate file
   REVE    Reverse written-airfoil node ordering

   LOAD f  Read buffer airfoil from coordinate file
   NACA i  Set NACA 4,5-digit airfoil and buffer airfoil
   INTE    Set buffer airfoil by interpolating two airfoils
   NORM    Buffer airfoil normalization toggle
   XYCM rr Change CM reference location, currently  0.25000 0.00000

   BEND    Display structural properties of current airfoil

   PCOP    Set current-airfoil panel nodes directly from buffer airfoil points
   PANE    Set current-airfoil panel nodes ( 160 ) based on curvature
  .PPAR    Show/change paneling

  .PLOP    Plotting options

   WDEF f  Write  current-settings file
   RDEF f  Reread current-settings file
   NAME s  Specify new airfoil name
   NINC    Increment name version number

   Z       Zoom    | (available in all menus)
   U       Unzoom  | 

 XFOIL   c>  
 Labeled airfoil file.  Name:    SD7043 (9.1%)                                 

 Number of input coordinate points:  61
 Counterclockwise ordering
 Max thickness =     0.091385  at x =   0.281
 Max camber    =     0.035219  at x =   0.453

  LE  x,y  =   0.00009  -0.00024  |   Chord =   0.99992
  TE  x,y  =   1.00001   0.00000  |

 Current airfoil nodes set from buffer airfoil nodes (  61 )

 WARNING: Poor input coordinate distribution
          Excessive panel angle   48.2  at i =  33
          Repaneling with PANE and/or PPAR suggested
           (doing GDES,CADD before repaneling _may_
            improve excessively coarse LE spacing

 XFOIL   c>  
 XFOIL   c>  
 Sharp trailing edge

 Paneling parameters used...
   Number of panel nodes       160
   Panel bunching parameter    1.000
   TE/LE panel density ratio   0.150
   Refined-area/LE panel density ratio    0.200
   Top    side refined area x/c limits  1.000 1.000
   Bottom side refined area x/c limits  1.000 1.000

 XFOIL   c>  
.OPERi   c>  
 Xtr/c     =  1.0000    top    side
 Xtr/c     =  1.0000    bottom side
 Ncrit     =    9.00   ( 0.070 % turb. level )
 Vacc      =  0.0100

 Klag  =  5.6000     Uxwt  =    1.00
 A     =  6.7000     B     =  0.7500       KCt = 0.01485
 CtiniK=  1.8000     CtiniX=  3.3000

..VPAR   c>  
..VPAR   c>  
.OPERi   c>  
 M  =    0.0000
 Re =    600000

.OPERv   c>  
.OPERv   c>  
.OPERv   c>  
 Polar  1 newly created for accumulation
 Airfoil archived with polar: SD7043 (9.1%)                                   

Enter  polar save filename  OR  <return> for no file   s>  
 New polar save file available

Enter  polar dump filename  OR  <return> for no file   s>  
 Polar dump file will NOT be written

 Polar accumulation enabled

.OPERva   c>   Calculating unit vorticity distributions ...
 Calculating wake trajectory ...
 Calculating source influence matrix ...

 Solving BL system ...

 Initializing BL ...
    side            1  ...
 MRCHUE: Inverse mode at  59     Hk =   4.073
 MRCHUE: Inverse mode at  60     Hk =   4.675
 MRCHUE: Inverse mode at  61     Hk =   5.269
 MRCHUE: Inverse mode at  62     Hk =   5.856
 MRCHUE: Inverse mode at  63     Hk =   6.440
 MRCHUE: Inverse mode at  64     Hk =   7.020
 MRCHUE: Inverse mode at  65     Hk =   7.598
 MRCHUE: Inverse mode at  66     Hk =   8.173
 MRCHUE: Inverse mode at  67     Hk =   8.545
 MRCHUE: Inverse mode at  68     Hk =   5.771
 MRCHUE: Inverse mode at  69     Hk =   4.201
 MRCHUE: Inverse mode at  70     Hk =   3.098
    side            2  ...
 MRCHUE: Inverse mode at  15     Hk =   4.408
 MRCHUE: Inverse mode at  16     Hk =   5.561
 MRCHUE: Convergence failed at  17  side 2    Res =  0.1115E+02
 MRCHUE: Inverse mode at  18     Hk =   6.977
 MRCHUE: Inverse mode at  19     Hk =   8.540
 MRCHUE: Inverse mode at  20     Hk =   2.500

 Side 1  free  transition at x/c =  0.8667   67
 Side 2  free  transition at x/c =  0.0326   20

   1   rms: 0.1901E+00   max: 0.1748E+01   T at   20  2   RLX: 0.333
       a = -4.000      CL = -0.0156
      Cm = -0.1001     CD =  0.01111   =>   CDf =  0.00572    CDp =  0.00539

 MRCHDU: Convergence failed at  69  side 1    Res =  0.1636E+01
 MRCHDU: Convergence failed at  70  side 1    Res =  0.3149E+02
 MRCHDU: Convergence failed at  20  side 2    Res =  0.1482E+02
 MRCHDU: Convergence failed at  21  side 2    Res =  0.5103E+01
 MRCHDU: Convergence failed at  22  side 2    Res =  0.7129E+01
 MRCHDU: Convergence failed at  23  side 2    Res =  0.1270E+02
 MRCHDU: Convergence failed at  24  side 2    Res =  0.2317E+02
 MRCHDU: Convergence failed at  25  side 2    Res =  0.6686E+02
 MRCHDU: Convergence failed at  26  side 2    Res =  0.1059E+03
 MRCHDU: Convergence failed at  27  side 2    Res =  0.4090E+02
 MRCHDU: Convergence failed at  28  side 2    Res =  0.2953E+02
 MRCHDU: Convergence failed at  29  side 2    Res =  0.2503E+02
 MRCHDU: Convergence failed at  30  side 2    Res =  0.2281E+02
 MRCHDU: Convergence failed at  31  side 2    Res =  0.3788E+02
 MRCHDU: Convergence failed at  32  side 2    Res =  0.2481E+02
 MRCHDU: Convergence failed at  33  side 2    Res =  0.4289E+02
 MRCHDU: Convergence failed at  34  side 2    Res =  0.1760E+02
 MRCHDU: Convergence failed at  35  side 2    Res =  0.4775E+02
 MRCHDU: Convergence failed at  36  side 2    Res =  0.4563E+02
 MRCHDU: Convergence failed at  37  side 2    Res =  0.2190E+03
 MRCHDU: Convergence failed at  38  side 2    Res =  0.4055E+02
 MRCHDU: Convergence failed at  39  side 2    Res =  0.1338E+03
 MRCHDU: Convergence failed at  40  side 2    Res =  0.1130E+03
 MRCHDU: Convergence failed at  41  side 2    Res =  0.5570E+03
 MRCHDU: Convergence failed at  42  side 2    Res =  0.3154E+02
 MRCHDU: Convergence failed at  43  side 2    Res =  0.2878E+02
 MRCHDU: Convergence failed at  44  side 2    Res =  0.2836E+02
 MRCHDU: Convergence failed at  45  side 2    Res =  0.2971E+02
 MRCHDU: Convergence failed at  46  side 2    Res =  0.3109E+02
 MRCHDU: Convergence failed at  47  side 2    Res =  0.3257E+02
 MRCHDU: Convergence failed at  48  side 2    Res =  0.3409E+02
 MRCHDU: Convergence failed at  49  side 2    Res =  0.3563E+02
 MRCHDU: Convergence failed at  50  side 2    Res =  0.3725E+02
 MRCHDU: Convergence failed at  51  side 2    Res =  0.3899E+02
 MRCHDU: Convergence failed at  52  side 2    Res =  0.4089E+02
 MRCHDU: Convergence failed at  53  side 2    Res =  0.4283E+02
 MRCHDU: Convergence failed at  54  side 2    Res =  0.4495E+02
 MRCHDU: Convergence failed at  55  side 2    Res =  0.4709E+02
 MRCHDU: Convergence failed at  56  side 2    Res =  0.4927E+02
 MRCHDU: Convergence failed at  57  side 2    Res =  0.3328E+02
 MRCHDU: Convergence failed at  58  side 2    Res =  0.3471E+02
 MRCHDU: Convergence failed at  59  side 2    Res =  0.3623E+02
 MRCHDU: Convergence failed at  60  side 2    Res =  0.2474E+02
 MRCHDU: Convergence failed at  61  side 2    Res =  0.2560E+02
 MRCHDU: Convergence failed at  62  side 2    Res =  0.2647E+02
 MRCHDU: Convergence failed at  63  side 2    Res =  0.2740E+02
 MRCHDU: Convergence failed at  64  side 2    Res =  0.2835E+02
 MRCHDU: Convergence failed at  65  side 2    Res =  0.2935E+02
 MRCHDU: Convergence failed at  66  side 2    Res =  0.3054E+02
 MRCHDU: Convergence failed at  67  side 2    Res =  0.3176E+02
 MRCHDU: Convergence failed at  68  side 2    Res =  0.3311E+02
 MRCHDU: Convergence failed at  69  side 2    Res =  0.3442E+02
 MRCHDU: Convergence failed at  70  side 2    Res =  0.3591E+02
 MRCHDU: Convergence failed at  71  side 2    Res =  0.2741E+02
 MRCHDU: Convergence failed at  72  side 2    Res =  0.2845E+02
 MRCHDU: Convergence failed at  73  side 2    Res =  0.2961E+02
 MRCHDU: Convergence failed at  74  side 2    Res =  0.3458E+02
 MRCHDU: Convergence failed at  75  side 2    Res =  0.4570E+02
 MRCHDU: Convergence failed at  76  side 2    Res =  0.4745E+02
 MRCHDU: Convergence failed at  77  side 2    Res =  0.4877E+02
 MRCHDU: Convergence failed at  78  side 2    Res =  0.4950E+02
 MRCHDU: Convergence failed at  79  side 2    Res =  0.4954E+02
 MRCHDU: Convergence failed at  80  side 2    Res =  0.4883E+02
 MRCHDU: Convergence failed at  81  side 2    Res =  0.2991E+02
 MRCHDU: Convergence failed at  82  side 2    Res =  0.2970E+02
 MRCHDU: Convergence failed at  83  side 2    Res =  0.3204E+02
 MRCHDU: Convergence failed at  84  side 2    Res =  0.3457E+02
 MRCHDU: Convergence failed at  85  side 2    Res =  0.5346E+02
 Side 1  free  transition at x/c =  0.8801   68
 Side 2  free  transition at x/c =  0.0285   19

   2   rms: 0.1181E+01   max: 0.3793E+01   D at   87  2   RLX: 0.390
       a = -4.000      CL = -0.8393
      Cm =  0.1709     CD =  0.00531   =>   CDf =  0.00188    CDp =  0.00344

 MRCHDU: Convergence failed at  28  side 2    Res =  0.2163E+00
 MRCHDU: Convergence failed at  87  side 2    Res =  0.7486E+01
 MRCHDU: Convergence failed at  88  side 2    Res =  0.1818E+02
 MRCHDU: Convergence failed at  89  side 2    Res =  0.4732E+01
 MRCHDU: Convergence failed at  90  side 2    Res =  0.5295E+01
 Side 1  free  transition at x/c =  0.8942   69
 Side 2  free  transition at x/c =  0.0271   19

   3   rms: 0.3918E+00   max: -.1098E+01   D at   22  2   RLX: 0.455
       a = -4.000      CL = -0.2151
      Cm = -0.0096     CD =  0.03685   =>   CDf =  0.00239    CDp =  0.03446

 Side 1  free  transition at x/c =  0.9099   70
 Side 2  free  transition at x/c =  0.0283   19

   4   rms: 0.7401E+00   max: -.5045E+01   D at   30  2   RLX: 0.099
       a = -4.000      CL = -0.1206
      Cm = -0.0371     CD =  0.04404   =>   CDf =  0.00245    CDp =  0.04159

 Side 1  free  transition at x/c =  0.9096   70
 Side 2  free  transition at x/c =  0.0308   19

   5   rms: 0.5861E+00   max: 0.3981E+01   T at   19  2   RLX: 0.155
       a = -4.000      CL = -0.1114
      Cm = -0.0505     CD =  0.03825   =>   CDf =  0.00258    CDp =  0.03567

 Side 1  free  transition at x/c =  0.9041   70
 Side 2  free  transition at x/c =  0.0279   19

   6   rms: 0.1073E+01   max: -.8260E+01   D at   30  2   RLX: 0.061
       a = -4.000      CL = -0.1067
      Cm = -0.0497     CD =  0.04077   =>   CDf =  0.00249    CDp =  0.03827

 MRCHDU: Convergence failed at  30  side 2    Res =  0.7912E-01
 Side 1  free  transition at x/c =  0.9045   70
 Side 2  free  transition at x/c =  0.0300   19

   7   rms: 0.1141E+02   max: -.1043E+03   D at   30  2   RLX: 0.005
       a = -4.000      CL = -0.1049
      Cm = -0.0497     CD =  0.04257   =>   CDf =  0.00260    CDp =  0.03997

 MRCHDU: Convergence failed at  30  side 2    Res =  0.2025E+00
 MRCHDU: Convergence failed at  31  side 2    Res =  0.6325E+00
 MRCHDU: Convergence failed at  32  side 2    Res =  0.4837E+00
 MRCHDU: Convergence failed at  33  side 2    Res =  0.4629E+00
 MRCHDU: Convergence failed at  34  side 2    Res =  0.4369E+00
 MRCHDU: Convergence failed at  35  side 2    Res =  0.4077E+00
 MRCHDU: Convergence failed at  36  side 2    Res =  0.3761E+00
 MRCHDU: Convergence failed at  37  side 2    Res =  0.3431E+00
 MRCHDU: Convergence failed at  38  side 2    Res =  0.3093E+00
 MRCHDU: Convergence failed at  39  side 2    Res =  0.2753E+00
 MRCHDU: Convergence failed at  40  side 2    Res =  0.2412E+00
 MRCHDU: Convergence failed at  41  side 2    Res =  0.2073E+00
 MRCHDU: Convergence failed at  42  side 2    Res =  0.1736E+00
 MRCHDU: Convergence failed at  43  side 2    Res =  0.1401E+00
 MRCHDU: Convergence failed at  44  side 2    Res =  0.1066E+00
 MRCHDU: Convergence failed at  45  side 2    Res =  0.7324E-01
 MRCHDU: Convergence failed at  46  side 2    Res =  0.1556E+03
 MRCHDU: Convergence failed at  47  side 2    Res =  0.1785E+02
 Side 1  free  transition at x/c =  0.9041   70
 Side 2  free  transition at x/c =  0.0312   20

   8   rms: 0.4181E+01   max: -.3434E+02   D at   45  2   RLX: 0.015
       a = -4.000      CL =  0.1204
      Cm = -0.0991     CD =  0.02497   =>   CDf =  0.00280    CDp =  0.02217

 Side 1  free  transition at x/c =  0.9043   70
 Side 2  free  transition at x/c =  0.0318   20

   9   rms: 0.3014E+01   max: -.1851E+02   D at   37  2   RLX: 0.027
       a = -4.000      CL =  0.0856
      Cm = -0.0824     CD =  0.02407   =>   CDf =  0.00313    CDp =  0.02093

 Side 1  free  transition at x/c =  0.9037   70
 Side 2  free  transition at x/c =  0.0321   20

  10   rms: 0.2042E+01   max: -.1426E+02   D at   37  2   RLX: 0.035
       a = -4.000      CL =  0.0748
      Cm = -0.0815     CD =  0.02421   =>   CDf =  0.00334    CDp =  0.02088

 Side 1  free  transition at x/c =  0.9030   70
 Side 2  free  transition at x/c =  0.0320   20

  11   rms: 0.1140E+01   max: -.8044E+01   D at   37  2   RLX: 0.062
       a = -4.000      CL =  0.0636
      Cm = -0.0813     CD =  0.02378   =>   CDf =  0.00356    CDp =  0.02022

 Side 1  free  transition at x/c =  0.9020   70
 Side 2  free  transition at x/c =  0.0315   20
 idif Ue xi dudx           1  0.14972755      2.72488594E-03   54.948193    
 Uenew xinew           2  4.12671099E-04  7.51018524E-06

  12   rms: 0.6185E+00   max: -.3304E+01   D at   31  2   RLX: 0.151
       a = -4.000      CL =  0.0480
      Cm = -0.0832     CD =  0.02232   =>   CDf =  0.00366    CDp =  0.01866

 Side 1  free  transition at x/c =  0.9000   69
 Side 2  free  transition at x/c =  0.0299   20

  13   rms: 0.4377E+00   max: -.2190E+01   D at   33  2   RLX: 0.228
       a = -4.000      CL =  0.0269
      Cm = -0.0853     CD =  0.02041   =>   CDf =  0.00384    CDp =  0.01657

 Side 1  free  transition at x/c =  0.8975   68
 Side 2  free  transition at x/c =  0.0280   20

  14   rms: 0.3774E+00   max: -.1594E+01   D at   35  2   RLX: 0.314
       a = -4.000      CL =  0.0130
      Cm = -0.0911     CD =  0.01773   =>   CDf =  0.00404    CDp =  0.01369

 Side 1  free  transition at x/c =  0.8929   68
 Side 2  free  transition at x/c =  0.0260   20

  15   rms: 0.3868E+00   max: -.1611E+01   D at   73  2   RLX: 0.310
       a = -4.000      CL =  0.0218
      Cm = -0.1000     CD =  0.01538   =>   CDf =  0.00431    CDp =  0.01108

 Side 1  free  transition at x/c =  0.8911   69
 Side 2  free  transition at x/c =  0.0252   19

  16   rms: 0.5259E+00   max: -.2462E+01   D at   60  2   RLX: 0.203
       a = -4.000      CL =  0.0294
      Cm = -0.1044     CD =  0.01240   =>   CDf =  0.00441    CDp =  0.00799

 Side 1  free  transition at x/c =  0.8914   69
 Side 2  free  transition at x/c =  0.0248   19

  17   rms: 0.6701E+00   max: -.3333E+01   D at   53  2   RLX: 0.150
       a = -4.000      CL =  0.0282
      Cm = -0.1051     CD =  0.01164   =>   CDf =  0.00460    CDp =  0.00703

 MRCHDU: Convergence failed at  48  side 2    Res =  0.2493E+00
 MRCHDU: Convergence failed at  49  side 2    Res =  0.4225E+00
 MRCHDU: Convergence failed at  50  side 2    Res =  0.6307E+00
 MRCHDU: Convergence failed at  51  side 2    Res =  0.2464E+00
 MRCHDU: Convergence failed at  52  side 2    Res =  0.3455E+00
 MRCHDU: Convergence failed at  53  side 2    Res =  0.4733E+00
 Side 1  free  transition at x/c =  0.8918   69
 Side 2  free  transition at x/c =  0.0246   19
 idif Ue xi dudx           1  0.16225116      2.77900696E-03   58.384583    
 Uenew xinew           2  3.59831215E-03  6.16312027E-05

  18   rms: 0.7073E+00   max: 0.2448E+01   D at   21  2   RLX: 0.335
       a = -4.000      CL = -0.0692
      Cm = -0.0868     CD =  0.01279   =>   CDf =  0.00542    CDp =  0.00737

 Side 1  free  transition at x/c =  0.8818   67
 Side 2  free  transition at x/c =  0.0218   19

  19   rms: 0.2578E+00   max: -.2374E+01   T at    2  2   RLX: 0.211
       a = -4.000      CL = -0.0510
      Cm = -0.0892     CD =  0.01214   =>   CDf =  0.00566    CDp =  0.00648

 Side 1  free  transition at x/c =  0.8848   69
 Side 2  free  transition at x/c =  0.0223   18

  20   rms: 0.1710E+00   max: -.2343E+00   C at   74  2   RLX: 0.612
       a = -4.000      CL = -0.0054
      Cm = -0.0975     CD =  0.01135   =>   CDf =  0.00561    CDp =  0.00574

 Side 1  free  transition at x/c =  0.8886   69
 Side 2  free  transition at x/c =  0.0234   18

  21   rms: 0.7844E-01   max: -.4984E+00   D at   71  2
       a = -4.000      CL =  0.0091
      Cm = -0.0996     CD =  0.01087   =>   CDf =  0.00564    CDp =  0.00523

 Side 1  free  transition at x/c =  0.8908   69
 Side 2  free  transition at x/c =  0.0236   18

  22   rms: 0.1164E-01   max: -.1365E+00   D at   71  2
       a = -4.000      CL =  0.0065
      Cm = -0.0991     CD =  0.01078   =>   CDf =  0.00569    CDp =  0.00510

 Side 1  free  transition at x/c =  0.8906   69
 Side 2  free  transition at x/c =  0.0236   18

  23   rms: 0.5481E-03   max: -.9407E-02   D at   71  2
       a = -4.000      CL =  0.0065
      Cm = -0.0991     CD =  0.01079   =>   CDf =  0.00568    CDp =  0.00510

 Side 1  free  transition at x/c =  0.8906   69
 Side 2  free  transition at x/c =  0.0236   18

  24   rms: 0.2525E-05   max: -.4330E-04   D at   71  2
       a = -4.000      CL =  0.0065
      Cm = -0.0991     CD =  0.01079   =>   CDf =  0.00568    CDp =  0.00510
 plradd ia,ip,cpol            1           0  1.22905953E-03

 Point added to stored polar  1
 Point written to save file  sd7043_Re600k.base.pol                          
 Dump file unspecified or not available
 Calculating wake trajectory ...
 Calculating source influence matrix ...

 Solving BL system ...

 Side 1  free  transition at x/c =  0.8906   69
 Side 2  free  transition at x/c =  0.0236   18

   1   rms: 0.9351E-01   max: -.9003E+00   T at   18  2   RLX: 0.555
       a = -3.500      CL =  0.0369
      Cm = -0.0987     CD =  0.01058   =>   CDf =  0.00569    CDp =  0.00489

 Side 1  free  transition at x/c =  0.8836   69
 Side 2  free  transition at x/c =  0.0256   19

   2   rms: 0.5459E-01   max: -.2887E+00   T at   19  2
       a = -3.500      CL =  0.0599
      Cm = -0.0985     CD =  0.00938   =>   CDf =  0.00581    CDp =  0.00357

 Side 1  free  transition at x/c =  0.8805   68
 Side 2  free  transition at x/c =  0.0284   19

   3   rms: 0.1840E-01   max: 0.2183E+00   D at   19  2
       a = -3.500      CL =  0.0605
      Cm = -0.0986     CD =  0.00965   =>   CDf =  0.00581    CDp =  0.00384

 Side 1  free  transition at x/c =  0.8792   68
 Side 2  free  transition at x/c =  0.0278   19

   4   rms: 0.9309E-03   max: 0.7881E-02   T at   19  2
       a = -3.500      CL =  0.0605
      Cm = -0.0986     CD =  0.00965   =>   CDf =  0.00579    CDp =  0.00385

 Side 1  free  transition at x/c =  0.8793   68
 Side 2  free  transition at x/c =  0.0278   19

   5   rms: 0.6393E-05   max: -.5350E-04   D at   20  2
       a = -3.500      CL =  0.0605
      Cm = -0.0986     CD =  0.00965   =>   CDf =  0.00579    CDp =  0.00385
 plradd ia,ip,cpol            2           0  2.38252454E-03

 Point added to stored polar  1
 Point written to save file  sd7043_Re600k.base.pol                          
 Dump file unspecified or not available
 Calculating wake trajectory ...
 Calculating source influence matrix ...

 Solving BL system ...

 Side 1  free  transition at x/c =  0.8793   68
 Side 2  free  transition at x/c =  0.0277   19

   1   rms: 0.1011E+00   max: -.5818E+00   T at   19  2   RLX: 0.859
       a = -3.000      CL =  0.1079
      Cm = -0.0984     CD =  0.00906   =>   CDf =  0.00584    CDp =  0.00321

 Side 1  free  transition at x/c =  0.8665   68
 Side 2  free  transition at x/c =  0.0320   19

   2   rms: 0.3216E-01   max: -.2232E+00   D at   69  1
       a = -3.000      CL =  0.1155
      Cm = -0.0981     CD =  0.00894   =>   CDf =  0.00591    CDp =  0.00303

 Side 1  free  transition at x/c =  0.8676   69
 Side 2  free  transition at x/c =  0.0326   19

   3   rms: 0.2773E-02   max: -.4713E-01   D at   68  1
       a = -3.000      CL =  0.1156
      Cm = -0.0981     CD =  0.00896   =>   CDf =  0.00593    CDp =  0.00303

 Side 1  free  transition at x/c =  0.8675   69
 Side 2  free  transition at x/c =  0.0326   19

   4   rms: 0.2639E-03   max: 0.3198E-02   D at   69  1
       a = -3.000      CL =  0.1156
      Cm = -0.0981     CD =  0.00896   =>   CDf =  0.00592    CDp =  0.00305

 Side 1  free  transition at x/c =  0.8674   69
 Side 2  free  transition at x/c =  0.0326   19

   5   rms: 0.1292E-05   max: -.2084E-04   D at   70  1
       a = -3.000      CL =  0.1156
      Cm = -0.0981     CD =  0.00896   =>   CDf =  0.00592    CDp =  0.00304
 plradd ia,ip,cpol            3           0  2.38252454E-03

 Point added to stored polar  1
 Point written to save file  sd7043_Re600k.base.pol                          
 Dump file unspecified or not available
 Calculating wake trajectory ...
 Calculating source influence matrix ...

 Solving BL system ...

 Side 1  free  transition at x/c =  0.8674   69
 Side 2  free  transition at x/c =  0.0326   19

   1   rms: 0.1260E+00   max: -.5728E+00   T at   19  2   RLX: 0.873
       a = -2.500      CL =  0.1638
      Cm = -0.0978     CD =  0.00829   =>   CDf =  0.00592    CDp =  0.00236

 Side 1  free  transition at x/c =  0.8575   68
 Side 2  free  transition at x/c =  0.0400   20

   2   rms: 0.2427E-01   max: -.1956E+00   D at   68  1
       a = -2.500      CL =  0.1715
      Cm = -0.0978     CD =  0.00844   =>   CDf =  0.00596    CDp =  0.00248

 Side 1  free  transition at x/c =  0.8534   69
 Side 2  free  transition at x/c =  0.0396   19

   3   rms: 0.3710E-02   max: -.5037E-01   D at   69  1
       a = -2.500      CL =  0.1714
      Cm = -0.0978     CD =  0.00847   =>   CDf =  0.00599    CDp =  0.00247

 Side 1  free  transition at x/c =  0.8541   69
 Side 2  free  transition at x/c =  0.0394   19

   4   rms: 0.3964E-03   max: 0.4276E-02   D at    4  1
       a = -2.500      CL =  0.1714
      Cm = -0.0978     CD =  0.00847   =>   CDf =  0.00599    CDp =  0.00248

 Side 1  free  transition at x/c =  0.8540   69
 Side 2  free  transition at x/c =  0.0394   19

   5   rms: 0.1670E-05   max: 0.1660E-04   D at    4  1
       a = -2.500      CL =  0.1714
      Cm = -0.0978     CD =  0.00847   =>   CDf =  0.00599    CDp =  0.00248
 plradd ia,ip,cpol            4           0  2.38252454E-03

 Point added to stored polar  1
 Point written to save file  sd7043_Re600k.base.pol                          
 Dump file unspecified or not available
 Calculating wake trajectory ...
 Calculating source influence matrix ...

 Solving BL system ...

 Side 1  free  transition at x/c =  0.8540   69
 Side 2  free  transition at x/c =  0.0394   19

   1   rms: 0.1666E+00   max: -.7585E+00   C at   19  2   RLX: 0.659
       a = -2.000      CL =  0.2081
      Cm = -0.0975     CD =  0.00785   =>   CDf =  0.00599    CDp =  0.00186

 Side 1  free  transition at x/c =  0.8467   68
 Side 2  free  transition at x/c =  0.0949   23

   2   rms: 0.8220E-01   max: -.1506E+01   C at   23  2   RLX: 0.332
       a = -2.000      CL =  0.2121
      Cm = -0.0983     CD =  0.00783   =>   CDf =  0.00579    CDp =  0.00204

 Side 1  free  transition at x/c =  0.8440   68
 Side 2  free  transition at x/c =  0.1031   24

   3   rms: 0.5894E-01   max: -.7406E+00   C at   24  2   RLX: 0.675
       a = -2.000      CL =  0.2224
      Cm = -0.0979     CD =  0.00769   =>   CDf =  0.00577    CDp =  0.00192

 Side 1  free  transition at x/c =  0.8408   68
 Side 2  free  transition at x/c =  0.1164   24

   4   rms: 0.1500E-01   max: -.2272E+00   C at   24  2
       a = -2.000      CL =  0.2272
      Cm = -0.0976     CD =  0.00773   =>   CDf =  0.00575    CDp =  0.00198

 Side 1  free  transition at x/c =  0.8399   68
 Side 2  free  transition at x/c =  0.1440   26

   5   rms: 0.1320E-01   max: 0.2985E+00   C at   26  2
       a = -2.000      CL =  0.2271
      Cm = -0.0977     CD =  0.00763   =>   CDf =  0.00564    CDp =  0.00199

 Side 1  free  transition at x/c =  0.8399   68
 Side 2  free  transition at x/c =  0.1373   26

   6   rms: 0.3045E-03   max: -.4908E-02   D at   25  2
       a = -2.000      CL =  0.2271
      Cm = -0.0977     CD =  0.00764   =>   CDf =  0.00566    CDp =  0.00198

 Side 1  free  transition at x/c =  0.8399   68
 Side 2  free  transition at x/c =  0.1373   26

   7   rms: 0.8279E-06   max: 0.1100E-04   D at   27  2
       a = -2.000      CL =  0.2271
      Cm = -0.0977     CD =  0.00764   =>   CDf =  0.00566    CDp =  0.00198
 plradd ia,ip,cpol            5           0  3.94822704E-03

 Point added to stored polar  1
 Point written to save file  sd7043_Re600k.base.pol                          
 Dump file unspecified or not available
 Calculating wake trajectory ...
 Calculating source influence matrix ...

 Solving BL system ...

 Side 1  free  transition at x/c =  0.8399   68
 Side 2  free  transition at x/c =  0.1373   26

   1   rms: 0.3485E+00   max: -.7113E+01   C at   26  2   RLX: 0.070
       a = -1.500      CL =  0.2310
      Cm = -0.0977     CD =  0.00758   =>   CDf =  0.00566    CDp =  0.00192

 Side 1  free  transition at x/c =  0.8390   68
 Side 2  free  transition at x/c =  0.1461   26

   2   rms: 0.1616E+00   max: -.2904E+01   C at   26  2   RLX: 0.172
       a = -1.500      CL =  0.2402
      Cm = -0.0976     CD =  0.00756   =>   CDf =  0.00565    CDp =  0.00191

 Side 1  free  transition at x/c =  0.8371   67
 Side 2  free  transition at x/c =  0.1744   28

   3   rms: 0.8707E-01   max: -.4363E+00   C at   28  2
       a = -1.500      CL =  0.2832
      Cm = -0.0977     CD =  0.00732   =>   CDf =  0.00559    CDp =  0.00173

 Side 1  free  transition at x/c =  0.8210   67
 Side 2  free  transition at x/c =  0.2495   32

   4   rms: 0.1883E+00   max: -.4087E+01   C at   32  2   RLX: 0.122
       a = -1.500      CL =  0.2753
      Cm = -0.0975     CD =  0.00728   =>   CDf =  0.00549    CDp =  0.00179

 Side 1  free  transition at x/c =  0.8215   67
 Side 2  free  transition at x/c =  0.2529   32

   5   rms: 0.5233E-01   max: -.8450E+00   C at   32  2   RLX: 0.592
       a = -1.500      CL =  0.2798
      Cm = -0.0975     CD =  0.00720   =>   CDf =  0.00549    CDp =  0.00171

 Side 1  free  transition at x/c =  0.8241   68
 Side 2  free  transition at x/c =  0.3056   36

   6   rms: 0.4364E-01   max: -.8328E+00   C at   36  2   RLX: 0.600
       a = -1.500      CL =  0.2805
      Cm = -0.0977     CD =  0.00694   =>   CDf =  0.00525    CDp =  0.00169

 Side 1  free  transition at x/c =  0.8245   68
 Side 2  free  transition at x/c =  0.3088   36

   7   rms: 0.9428E-02   max: -.1389E+00   C at   36  2
       a = -1.500      CL =  0.2825
      Cm = -0.0978     CD =  0.00695   =>   CDf =  0.00520    CDp =  0.00175

 Side 1  free  transition at x/c =  0.8246   68
 Side 2  free  transition at x/c =  0.3037   36

   8   rms: 0.2119E-02   max: -.4018E-01   C at   36  2
       a = -1.500      CL =  0.2825
      Cm = -0.0977     CD =  0.00697   =>   CDf =  0.00520    CDp =  0.00177

 Side 1  free  transition at x/c =  0.8246   68
 Side 2  free  transition at x/c =  0.3043   36

   9   rms: 0.2069E-04   max: 0.4046E-03   C at   36  2
       a = -1.500      CL =  0.2825
      Cm = -0.0977     CD =  0.00697   =>   CDf =  0.00519    CDp =  0.00177
 plradd ia,ip,cpol            6           0  5.93026821E-03

 Point added to stored polar  1
 Point written to save file  sd7043_Re600k.base.pol                          
 Dump file unspecified or not available
 Calculating wake trajectory ...
 Calculating source influence matrix ...

 Solving BL system ...

 Side 1  free  transition at x/c =  0.8246   68
 Side 2  free  transition at x/c =  0.3042   36

   1   rms: 0.2755E+00   max: -.5389E+01   C at   36  2   RLX: 0.093
       a = -1.000      CL =  0.2876
      Cm = -0.0977     CD =  0.00691   =>   CDf =  0.00520    CDp =  0.00172

 Side 1  free  transition at x/c =  0.8233   68
 Side 2  free  transition at x/c =  0.3151   37

   2   rms: 0.2267E+00   max: -.3920E+01   C at   37  2   RLX: 0.128
       a = -1.000      CL =  0.2943
      Cm = -0.0977     CD =  0.00687   =>   CDf =  0.00519    CDp =  0.00168

 Side 1  free  transition at x/c =  0.8218   67
 Side 2  free  transition at x/c =  0.3290   37

   3   rms: 0.1940E+00   max: -.3815E+01   C at   37  2   RLX: 0.131
       a = -1.000      CL =  0.3004
      Cm = -0.0978     CD =  0.00684   =>   CDf =  0.00516    CDp =  0.00169

 Side 1  free  transition at x/c =  0.8197   67
 Side 2  free  transition at x/c =  0.3451   38

   4   rms: 0.1479E+00   max: -.2800E+01   C at   38  2   RLX: 0.179
       a = -1.000      CL =  0.3073
      Cm = -0.0978     CD =  0.00679   =>   CDf =  0.00511    CDp =  0.00168

 Side 1  free  transition at x/c =  0.8172   67
 Side 2  free  transition at x/c =  0.3716   40

   5   rms: 0.9453E-01   max: -.1524E+01   C at   40  2   RLX: 0.328
       a = -1.000      CL =  0.3173
      Cm = -0.0977     CD =  0.00670   =>   CDf =  0.00503    CDp =  0.00167

 Side 1  free  transition at x/c =  0.8135   67
 Side 2  free  transition at x/c =  0.4196   43

   6   rms: 0.1258E+00   max: -.2476E+01   C at   43  2   RLX: 0.202
       a = -1.000      CL =  0.3201
      Cm = -0.0974     CD =  0.00656   =>   CDf =  0.00489    CDp =  0.00167

 Side 1  free  transition at x/c =  0.8122   67
 Side 2  free  transition at x/c =  0.4307   44

   7   rms: 0.8047E-01   max: -.1531E+01   C at   44  2   RLX: 0.327
       a = -1.000      CL =  0.3260
      Cm = -0.0975     CD =  0.00652   =>   CDf =  0.00486    CDp =  0.00165

 Side 1  free  transition at x/c =  0.8106   67
 Side 2  free  transition at x/c =  0.4445   45

   8   rms: 0.4960E-01   max: -.9196E+00   C at   45  2   RLX: 0.544
       a = -1.000      CL =  0.3325
      Cm = -0.0976     CD =  0.00647   =>   CDf =  0.00483    CDp =  0.00164

 Side 1  free  transition at x/c =  0.8090   67
 Side 2  free  transition at x/c =  0.4604   46

   9   rms: 0.2361E-01   max: -.4412E+00   C at   46  2
       a = -1.000      CL =  0.3376
      Cm = -0.0976     CD =  0.00643   =>   CDf =  0.00479    CDp =  0.00164

 Side 1  free  transition at x/c =  0.8077   68
 Side 2  free  transition at x/c =  0.4765   46

  10   rms: 0.2380E-02   max: -.3209E-01   C at   46  2
       a = -1.000      CL =  0.3376
      Cm = -0.0976     CD =  0.00643   =>   CDf =  0.00477    CDp =  0.00166

 Side 1  free  transition at x/c =  0.8077   68
 Side 2  free  transition at x/c =  0.4778   46

  11   rms: 0.3634E-03   max: 0.4167E-02   D at    4  1
       a = -1.000      CL =  0.3376
      Cm = -0.0976     CD =  0.00643   =>   CDf =  0.00476    CDp =  0.00167

 Side 1  free  transition at x/c =  0.8077   68
 Side 2  free  transition at x/c =  0.4778   46

  12   rms: 0.1462E-05   max: -.2416E-04   C at   46  2
       a = -1.000      CL =  0.3376
      Cm = -0.0976     CD =  0.00643   =>   CDf =  0.00476    CDp =  0.00167
 plradd ia,ip,cpol            7           0  8.32107104E-03

 Point added to stored polar  1
 Point written to save file  sd7043_Re600k.base.pol                          
 Dump file unspecified or not available
 Calculating wake trajectory ...
 Calculating source influence matrix ...

 Solving BL system ...

 Side 1  free  transition at x/c =  0.8077   68
 Side 2  free  transition at x/c =  0.4778   46

   1   rms: 0.2423E+00   max: -.4479E+01   C at   46  2   RLX: 0.112
       a = -0.500      CL =  0.3437
      Cm = -0.0976     CD =  0.00639   =>   CDf =  0.00477    CDp =  0.00162

 Side 1  free  transition at x/c =  0.8062   67
 Side 2  free  transition at x/c =  0.4967   47

   2   rms: 0.2015E+00   max: -.3669E+01   C at   47  2   RLX: 0.136
       a = -0.500      CL =  0.3506
      Cm = -0.0976     CD =  0.00633   =>   CDf =  0.00472    CDp =  0.00161

 Side 1  free  transition at x/c =  0.8034   67
 Side 2  free  transition at x/c =  0.5223   49

   3   rms: 0.1971E+00   max: -.3594E+01   C at   49  2   RLX: 0.139
       a = -0.500      CL =  0.3562
      Cm = -0.0975     CD =  0.00625   =>   CDf =  0.00464    CDp =  0.00161

 Side 1  free  transition at x/c =  0.8011   67
 Side 2  free  transition at x/c =  0.5418   50

   4   rms: 0.1218E+00   max: -.2021E+01   C at   50  2   RLX: 0.247
       a = -0.500      CL =  0.3654
      Cm = -0.0975     CD =  0.00621   =>   CDf =  0.00459    CDp =  0.00162

 Side 1  free  transition at x/c =  0.7975   67
 Side 2  free  transition at x/c =  0.5769   52

   5   rms: 0.5626E-01   max: -.4386E+00   C at   52  2
       a = -0.500      CL =  0.3930
      Cm = -0.0972     CD =  0.00615   =>   CDf =  0.00451    CDp =  0.00164

 Side 1  free  transition at x/c =  0.7883   66
 Side 2  free  transition at x/c =  0.6667   58

   6   rms: 0.2823E-01   max: -.3851E+00   C at   58  2
       a = -0.500      CL =  0.3918
      Cm = -0.0971     CD =  0.00593   =>   CDf =  0.00437    CDp =  0.00156

 Side 1  free  transition at x/c =  0.7886   66
 Side 2  free  transition at x/c =  0.6622   58

   7   rms: 0.7112E-02   max: 0.1121E+00   C at   58  2
       a = -0.500      CL =  0.3920
      Cm = -0.0971     CD =  0.00597   =>   CDf =  0.00428    CDp =  0.00168

 Side 1  free  transition at x/c =  0.7885   66
 Side 2  free  transition at x/c =  0.6532   57

   8   rms: 0.1152E-02   max: -.2106E-01   C at   57  2
       a = -0.500      CL =  0.3920
      Cm = -0.0971     CD =  0.00597   =>   CDf =  0.00431    CDp =  0.00166

 Side 1  free  transition at x/c =  0.7885   66
 Side 2  free  transition at x/c =  0.6538   57

   9   rms: 0.4060E-05   max: -.5997E-04   D at   60  2
       a = -0.500      CL =  0.3920
      Cm = -0.0971     CD =  0.00597   =>   CDf =  0.00431    CDp =  0.00167
 plradd ia,ip,cpol            8           0  0.16710030    

 Point added to stored polar  1
 Point written to save file  sd7043_Re600k.base.pol                          
 Dump file unspecified or not available
 Calculating wake trajectory ...
 Calculating source influence matrix ...

 Solving BL system ...

 Side 1  free  transition at x/c =  0.7885   66
 Side 2  free  transition at x/c =  0.6538   57

   1   rms: 0.1867E+00   max: -.3111E+01   C at   57  2   RLX: 0.161
       a =  0.000      CL =  0.4008
      Cm = -0.0970     CD =  0.00593   =>   CDf =  0.00431    CDp =  0.00162

 Side 1  free  transition at x/c =  0.7846   66
 Side 2  free  transition at x/c =  0.6829   59

   2   rms: 0.1473E+00   max: -.2378E+01   C at   59  2   RLX: 0.210
       a =  0.000      CL =  0.4099
      Cm = -0.0967     CD =  0.00586   =>   CDf =  0.00423    CDp =  0.00164

 Side 1  free  transition at x/c =  0.7807   66
 Side 2  free  transition at x/c =  0.7145   61

   3   rms: 0.7807E-01   max: -.7817E+00   C at   61  2   RLX: 0.640
       a =  0.000      CL =  0.4328
      Cm = -0.0963     CD =  0.00583   =>   CDf =  0.00414    CDp =  0.00169

 Side 1  free  transition at x/c =  0.7726   66
 Side 2  free  transition at x/c =  0.7964   66

   4   rms: 0.4671E-01   max: -.7108E+00   C at   66  2   RLX: 0.703
       a =  0.000      CL =  0.4388
      Cm = -0.0952     CD =  0.00559   =>   CDf =  0.00399    CDp =  0.00159

 Side 1  free  transition at x/c =  0.7677   66
 Side 2  free  transition at x/c =  0.8022   66

   5   rms: 0.1239E-01   max: -.1717E+00   C at   66  2
       a =  0.000      CL =  0.4434
      Cm = -0.0956     CD =  0.00563   =>   CDf =  0.00396    CDp =  0.00167

 Side 1  free  transition at x/c =  0.7666   66
 Side 2  free  transition at x/c =  0.8057   66

   6   rms: 0.5227E-03   max: 0.5974E-02   C at   66  2
       a =  0.000      CL =  0.4435
      Cm = -0.0956     CD =  0.00564   =>   CDf =  0.00394    CDp =  0.00169

 Side 1  free  transition at x/c =  0.7666   66
 Side 2  free  transition at x/c =  0.8049   66

   7   rms: 0.1621E-04   max: -.2802E-03   C at   66  2
       a =  0.000      CL =  0.4435
      Cm = -0.0956     CD =  0.00564   =>   CDf =  0.00394    CDp =  0.00169
 plradd ia,ip,cpol            9           0  0.13910410    

 Point added to stored polar  1
 Point written to save file  sd7043_Re600k.base.pol                          
 Dump file unspecified or not available
 Calculating wake trajectory ...
 Calculating source influence matrix ...

 Solving BL system ...

 Side 1  free  transition at x/c =  0.7666   66
 Side 2  free  transition at x/c =  0.8049   66

   1   rms: 0.1546E+00   max: -.2350E+01   C at   66  2   RLX: 0.213
       a =  0.500      CL =  0.4541
      Cm = -0.0952     CD =  0.00560   =>   CDf =  0.00394    CDp =  0.00165

 Side 1  free  transition at x/c =  0.7619   65
 Side 2  free  transition at x/c =  0.8309   68

   2   rms: 0.1204E+00   max: -.1859E+01   C at   68  2   RLX: 0.269
       a =  0.500      CL =  0.4644
      Cm = -0.0947     CD =  0.00553   =>   CDf =  0.00391    CDp =  0.00162

 Side 1  free  transition at x/c =  0.7557   65
 Side 2  free  transition at x/c =  0.8519   69

   3   rms: 0.6077E-01   max: -.6141E+00   C at   69  2   RLX: 0.814
       a =  0.500      CL =  0.4888
      Cm = -0.0941     CD =  0.00552   =>   CDf =  0.00388    CDp =  0.00165

 Side 1  free  transition at x/c =  0.7433   64
 Side 2  free  transition at x/c =  0.9287   75

   4   rms: 0.4112E-01   max: -.7477E+00   C at   75  2   RLX: 0.669
       a =  0.500      CL =  0.4884
      Cm = -0.0926     CD =  0.00535   =>   CDf =  0.00379    CDp =  0.00156

 Side 1  free  transition at x/c =  0.7426   64
 Side 2  free  transition at x/c =  0.9392   75

   5   rms: 0.1126E-01   max: -.1719E+00   C at   75  2
       a =  0.500      CL =  0.4910
      Cm = -0.0929     CD =  0.00535   =>   CDf =  0.00374    CDp =  0.00161

 Side 1  free  transition at x/c =  0.7421   64
 Side 2  free  transition at x/c =  0.9416   75

   6   rms: 0.4391E-03   max: -.5665E-02   C at   75  2
       a =  0.500      CL =  0.4908
      Cm = -0.0928     CD =  0.00535   =>   CDf =  0.00373    CDp =  0.00162

 Side 1  free  transition at x/c =  0.7421   64
 Side 2  free  transition at x/c =  0.9416   75

   7   rms: 0.4347E-05   max: -.7108E-04   C at   75  2
       a =  0.500      CL =  0.4908
      Cm = -0.0928     CD =  0.00535   =>   CDf =  0.00373    CDp =  0.00162
 plradd ia,ip,cpol           10           0  0.11201874    

 Point added to stored polar  1
 Point written to save file  sd7043_Re600k.base.pol                          
 Dump file unspecified or not available
 Calculating wake trajectory ...
 Calculating source influence matrix ...

 Solving BL system ...

 Side 1  free  transition at x/c =  0.7421   64
 Side 2  free  transition at x/c =  0.9416   75

   1   rms: 0.4146E+00   max: -.6975E+01   C at   75  2   RLX: 0.072
       a =  1.000      CL =  0.4958
      Cm = -0.0930     CD =  0.00532   =>   CDf =  0.00373    CDp =  0.00159

 Side 1  free  transition at x/c =  0.7399   64
 Side 2  free  transition at x/c =  0.9594   77

   2   rms: 0.5978E+00   max: -.9924E+01   C at   77  2   RLX: 0.050
       a =  1.000      CL =  0.5012
      Cm = -0.0936     CD =  0.00531   =>   CDf =  0.00373    CDp =  0.00158

 Side 1  free  transition at x/c =  0.7384   65
 Side 2  free  transition at x/c =  0.9730   77

   3   rms: 0.1031E+01   max: -.1664E+02   C at   77  2   RLX: 0.030
       a =  1.000      CL =  0.5047
      Cm = -0.0941     CD =  0.00531   =>   CDf =  0.00373    CDp =  0.00158

 Side 1  free  transition at x/c =  0.7376   65
 Side 2  free  transition at x/c =  0.9835   77

   4   rms: 0.1537E+01   max: -.2533E+02   C at   77  2   RLX: 0.020
       a =  1.000      CL =  0.5065
      Cm = -0.0943     CD =  0.00532   =>   CDf =  0.00374    CDp =  0.00158

 Side 1  free  transition at x/c =  0.7370   65
 Side 2 forced transition at x/c =  1.0000   79

   5   rms: 0.8356E-01   max: -.2828E+00   n at   78  2
       a =  1.000      CL =  0.5524
      Cm = -0.0938     CD =  0.00545   =>   CDf =  0.00374    CDp =  0.00171

 Side 1  free  transition at x/c =  0.7113   63
 Side 2 forced transition at x/c =  1.0000   79

   6   rms: 0.8692E-02   max: 0.1459E+00   D at   64  1
       a =  1.000      CL =  0.5523
      Cm = -0.0938     CD =  0.00545   =>   CDf =  0.00392    CDp =  0.00153

 Side 1  free  transition at x/c =  0.7127   63
 Side 2 forced transition at x/c =  1.0000   79

   7   rms: 0.7968E-03   max: 0.1425E-01   C at   63  1
       a =  1.000      CL =  0.5524
      Cm = -0.0938     CD =  0.00544   =>   CDf =  0.00389    CDp =  0.00155

 Side 1  free  transition at x/c =  0.7122   63
 Side 2 forced transition at x/c =  1.0000   79

   8   rms: 0.4156E-05   max: -.6986E-04   C at   63  1
       a =  1.000      CL =  0.5524
      Cm = -0.0938     CD =  0.00544   =>   CDf =  0.00389    CDp =  0.00155
 plradd ia,ip,cpol           11           0  9.89378467E-02

 Point added to stored polar  1
 Point written to save file  sd7043_Re600k.base.pol                          
 Dump file unspecified or not available
 Calculating wake trajectory ...
 Calculating source influence matrix ...

 Solving BL system ...

 Side 1  free  transition at x/c =  0.7122   63
 Side 2 forced transition at x/c =  1.0000   79

   1   rms: 0.9268E-01   max: -.1664E+00   n at   77  2
       a =  1.500      CL =  0.6085
      Cm = -0.0937     CD =  0.00559   =>   CDf =  0.00389    CDp =  0.00171

 Side 1  free  transition at x/c =  0.6726   61
 Side 2 forced transition at x/c =  1.0000   78

   2   rms: 0.1726E-01   max: -.2705E+00   D at   62  1
       a =  1.500      CL =  0.6072
      Cm = -0.0934     CD =  0.00571   =>   CDf =  0.00416    CDp =  0.00155

 Side 1  free  transition at x/c =  0.6804   62
 Side 2 forced transition at x/c =  1.0000   78

   3   rms: 0.5423E-02   max: 0.9673E-01   C at   62  1
       a =  1.500      CL =  0.6078
      Cm = -0.0935     CD =  0.00565   =>   CDf =  0.00406    CDp =  0.00159

 Side 1  free  transition at x/c =  0.6780   62
 Side 2 forced transition at x/c =  1.0000   78

   4   rms: 0.1836E-03   max: -.2955E-02   D at   64  1
       a =  1.500      CL =  0.6078
      Cm = -0.0935     CD =  0.00565   =>   CDf =  0.00408    CDp =  0.00157

 Side 1  free  transition at x/c =  0.6779   62
 Side 2 forced transition at x/c =  1.0000   78

   5   rms: 0.1328E-05   max: -.1366E-04   C at   62  1
       a =  1.500      CL =  0.6078
      Cm = -0.0935     CD =  0.00565   =>   CDf =  0.00408    CDp =  0.00157
 plradd ia,ip,cpol           12           0  7.40882903E-02

 Point added to stored polar  1
 Point written to save file  sd7043_Re600k.base.pol                          
 Dump file unspecified or not available
 Calculating wake trajectory ...
 Calculating source influence matrix ...

 Solving BL system ...

 Side 1  free  transition at x/c =  0.6779   62
 Side 2 forced transition at x/c =  1.0000   78

   1   rms: 0.9706E-01   max: 0.7315E+00   C at   62  1
       a =  2.000      CL =  0.6625
      Cm = -0.0931     CD =  0.00592   =>   CDf =  0.00408    CDp =  0.00184

 Side 1  free  transition at x/c =  0.6344   59
 Side 2 forced transition at x/c =  1.0000   78

   2   rms: 0.1733E-01   max: 0.2520E+00   D at   61  1
       a =  2.000      CL =  0.6625
      Cm = -0.0931     CD =  0.00591   =>   CDf =  0.00433    CDp =  0.00159

 Side 1  free  transition at x/c =  0.6400   59
 Side 2 forced transition at x/c =  1.0000   78

   3   rms: 0.2897E-02   max: -.5068E-01   D at   61  1
       a =  2.000      CL =  0.6625
      Cm = -0.0931     CD =  0.00593   =>   CDf =  0.00427    CDp =  0.00166

 Side 1  free  transition at x/c =  0.6386   59
 Side 2 forced transition at x/c =  1.0000   78

   4   rms: 0.7373E-04   max: -.1591E-02   D at   61  1
       a =  2.000      CL =  0.6625
      Cm = -0.0931     CD =  0.00593   =>   CDf =  0.00428    CDp =  0.00165
 plradd ia,ip,cpol           13           0  6.25931025E-02

 Point added to stored polar  1
 Point written to save file  sd7043_Re600k.base.pol                          
 Dump file unspecified or not available
 Calculating wake trajectory ...
 Calculating source influence matrix ...

 Solving BL system ...

 Side 1  free  transition at x/c =  0.6386   59
 Side 2 forced transition at x/c =  1.0000   78

   1   rms: 0.9396E-01   max: 0.7173E+00   C at   59  1
       a =  2.500      CL =  0.7176
      Cm = -0.0929     CD =  0.00618   =>   CDf =  0.00424    CDp =  0.00194

 Side 1  free  transition at x/c =  0.5852   57
 Side 2 forced transition at x/c =  1.0000   77

   2   rms: 0.2127E-01   max: -.2879E+00   C at   57  1
       a =  2.500      CL =  0.7165
      Cm = -0.0926     CD =  0.00625   =>   CDf =  0.00457    CDp =  0.00168

 Side 1  free  transition at x/c =  0.5950   57
 Side 2 forced transition at x/c =  1.0000   77

   3   rms: 0.3654E-02   max: 0.6050E-01   C at   57  1
       a =  2.500      CL =  0.7165
      Cm = -0.0926     CD =  0.00628   =>   CDf =  0.00448    CDp =  0.00180

 Side 1  free  transition at x/c =  0.5929   57
 Side 2 forced transition at x/c =  1.0000   77

   4   rms: 0.9485E-04   max: -.1589E-02   D at   59  1
       a =  2.500      CL =  0.7165
      Cm = -0.0926     CD =  0.00628   =>   CDf =  0.00449    CDp =  0.00179
 plradd ia,ip,cpol           14           0  5.19662797E-02

 Point added to stored polar  1
 Point written to save file  sd7043_Re600k.base.pol                          
 Dump file unspecified or not available
 Calculating wake trajectory ...
 Calculating source influence matrix ...

 Solving BL system ...

 Side 1  free  transition at x/c =  0.5929   57
 Side 2 forced transition at x/c =  1.0000   77

   1   rms: 0.1000E+00   max: 0.9897E+00   C at   57  1
       a =  3.000      CL =  0.7706
      Cm = -0.0922     CD =  0.00662   =>   CDf =  0.00444    CDp =  0.00219

 Side 1  free  transition at x/c =  0.5348   54
 Side 2 forced transition at x/c =  1.0000   76

   2   rms: 0.1979E-01   max: -.2350E+00   C at   54  1
       a =  3.000      CL =  0.7693
      Cm = -0.0920     CD =  0.00673   =>   CDf =  0.00479    CDp =  0.00195

 Side 1  free  transition at x/c =  0.5434   55
 Side 2 forced transition at x/c =  1.0000   76

   3   rms: 0.3413E-02   max: 0.5307E-01   C at   55  1
       a =  3.000      CL =  0.7697
      Cm = -0.0921     CD =  0.00671   =>   CDf =  0.00471    CDp =  0.00200

 Side 1  free  transition at x/c =  0.5417   55
 Side 2 forced transition at x/c =  1.0000   76

   4   rms: 0.6142E-04   max: -.1200E-02   D at   57  1
       a =  3.000      CL =  0.7696
      Cm = -0.0921     CD =  0.00671   =>   CDf =  0.00472    CDp =  0.00199
 plradd ia,ip,cpol           15           0  4.23955023E-02

 Point added to stored polar  1
 Point written to save file  sd7043_Re600k.base.pol                          
 Dump file unspecified or not available
 Calculating wake trajectory ...
 Calculating source influence matrix ...

 Solving BL system ...

 Side 1  free  transition at x/c =  0.5417   55
 Side 2 forced transition at x/c =  1.0000   76

   1   rms: 0.1127E+00   max: 0.1364E+01   C at   55  1   RLX: 0.861
       a =  3.500      CL =  0.8144
      Cm = -0.0915     CD =  0.00719   =>   CDf =  0.00472    CDp =  0.00247

 Side 1  free  transition at x/c =  0.4884   51
 Side 2 forced transition at x/c =  1.0000   76

   2   rms: 0.2043E-01   max: 0.1760E+00   D at   54  1
       a =  3.500      CL =  0.8222
      Cm = -0.0914     CD =  0.00720   =>   CDf =  0.00498    CDp =  0.00222

 Side 1  free  transition at x/c =  0.4855   51
 Side 2 forced transition at x/c =  1.0000   76

   3   rms: 0.7669E-03   max: 0.1041E-01   C at   51  1
       a =  3.500      CL =  0.8220
      Cm = -0.0914     CD =  0.00723   =>   CDf =  0.00497    CDp =  0.00226

 Side 1  free  transition at x/c =  0.4852   51
 Side 2 forced transition at x/c =  1.0000   76

   4   rms: 0.3366E-05   max: -.5149E-04   C at   51  1
       a =  3.500      CL =  0.8220
      Cm = -0.0914     CD =  0.00723   =>   CDf =  0.00497    CDp =  0.00226
 plradd ia,ip,cpol           16           0  3.40029113E-02

 Point added to stored polar  1
 Point written to save file  sd7043_Re600k.base.pol                          
 Dump file unspecified or not available
 Calculating wake trajectory ...
 Calculating source influence matrix ...

 Solving BL system ...

 Side 1  free  transition at x/c =  0.4852   51
 Side 2 forced transition at x/c =  1.0000   76

   1   rms: 0.1161E+00   max: 0.1561E+01   C at   51  1   RLX: 0.891
       a =  4.000      CL =  0.8684
      Cm = -0.0909     CD =  0.00773   =>   CDf =  0.00488    CDp =  0.00285

 Side 1  free  transition at x/c =  0.4246   48
 Side 2 forced transition at x/c =  1.0000   75

   2   rms: 0.1895E-01   max: 0.1544E+00   D at   51  1
       a =  4.000      CL =  0.8737
      Cm = -0.0907     CD =  0.00782   =>   CDf =  0.00526    CDp =  0.00256

 Side 1  free  transition at x/c =  0.4253   48
 Side 2 forced transition at x/c =  1.0000   75

   3   rms: 0.2121E-02   max: 0.3556E-01   C at   48  1
       a =  4.000      CL =  0.8736
      Cm = -0.0907     CD =  0.00783   =>   CDf =  0.00523    CDp =  0.00261

 Side 1  free  transition at x/c =  0.4244   48
 Side 2 forced transition at x/c =  1.0000   75

   4   rms: 0.1941E-04   max: -.3463E-03   C at   48  1
       a =  4.000      CL =  0.8736
      Cm = -0.0907     CD =  0.00783   =>   CDf =  0.00524    CDp =  0.00260
 plradd ia,ip,cpol           17           0  2.69066878E-02

 Point added to stored polar  1
 Point written to save file  sd7043_Re600k.base.pol                          
 Dump file unspecified or not available
 Calculating wake trajectory ...
 Calculating source influence matrix ...

 Solving BL system ...

 Side 1  free  transition at x/c =  0.4244   48
 Side 2 forced transition at x/c =  1.0000   75

   1   rms: 0.1179E+00   max: 0.1646E+01   C at   48  1   RLX: 0.859
       a =  4.500      CL =  0.9177
      Cm = -0.0901     CD =  0.00838   =>   CDf =  0.00524    CDp =  0.00315

 Side 1  free  transition at x/c =  0.3663   44
 Side 2 forced transition at x/c =  1.0000   75

   2   rms: 0.1885E-01   max: 0.1419E+00   D at   47  1
       a =  4.500      CL =  0.9245
      Cm = -0.0900     CD =  0.00850   =>   CDf =  0.00552    CDp =  0.00297

 Side 1  free  transition at x/c =  0.3634   44
 Side 2 forced transition at x/c =  1.0000   75

   3   rms: 0.7334E-03   max: 0.1118E-01   C at   44  1
       a =  4.500      CL =  0.9244
      Cm = -0.0900     CD =  0.00852   =>   CDf =  0.00551    CDp =  0.00301

 Side 1  free  transition at x/c =  0.3630   44
 Side 2 forced transition at x/c =  1.0000   75

   4   rms: 0.6046E-05   max: -.1156E-03   C at   44  1
       a =  4.500      CL =  0.9244
      Cm = -0.0900     CD =  0.00852   =>   CDf =  0.00552    CDp =  0.00301
 plradd ia,ip,cpol           18           0  2.10931264E-02

 Point added to stored polar  1
 Point written to save file  sd7043_Re600k.base.pol                          
 Dump file unspecified or not available
 Calculating wake trajectory ...
 Calculating source influence matrix ...

 Solving BL system ...

 Side 1  free  transition at x/c =  0.3630   44
 Side 2 forced transition at x/c =  1.0000   75

   1   rms: 0.1286E+00   max: 0.1896E+01   C at   44  1   RLX: 0.691
       a =  5.000      CL =  0.9589
      Cm = -0.0894     CD =  0.00908   =>   CDf =  0.00539    CDp =  0.00369

 Side 1  free  transition at x/c =  0.3190   42
 Side 2 forced transition at x/c =  1.0000   74

   2   rms: 0.3363E-01   max: 0.2415E+00   C at   42  1
       a =  5.000      CL =  0.9746
      Cm = -0.0892     CD =  0.00927   =>   CDf =  0.00572    CDp =  0.00355

 Side 1  free  transition at x/c =  0.3030   41
 Side 2 forced transition at x/c =  1.0000   74

   3   rms: 0.3239E-02   max: -.5898E-01   C at   41  1
       a =  5.000      CL =  0.9745
      Cm = -0.0892     CD =  0.00927   =>   CDf =  0.00579    CDp =  0.00348

 Side 1  free  transition at x/c =  0.3043   41
 Side 2 forced transition at x/c =  1.0000   74

   4   rms: 0.4805E-04   max: -.8989E-03   C at   41  1
       a =  5.000      CL =  0.9745
      Cm = -0.0892     CD =  0.00927   =>   CDf =  0.00578    CDp =  0.00349
 plradd ia,ip,cpol           19           0  1.64059792E-02

 Point added to stored polar  1
 Point written to save file  sd7043_Re600k.base.pol                          
 Dump file unspecified or not available
 Calculating wake trajectory ...
 Calculating source influence matrix ...

 Solving BL system ...

 Side 1  free  transition at x/c =  0.3043   41
 Side 2 forced transition at x/c =  1.0000   74

   1   rms: 0.1252E+00   max: 0.1832E+01   C at   41  1   RLX: 0.711
       a =  5.500      CL =  1.0098
      Cm = -0.0886     CD =  0.00986   =>   CDf =  0.00578    CDp =  0.00408

 Side 1  free  transition at x/c =  0.2653   38
 Side 2 forced transition at x/c =  1.0000   74

   2   rms: 0.2801E-01   max: -.1623E+00   D at   38  1
       a =  5.500      CL =  1.0249
      Cm = -0.0884     CD =  0.00999   =>   CDf =  0.00598    CDp =  0.00401

 Side 1  free  transition at x/c =  0.2508   37
 Side 2 forced transition at x/c =  1.0000   74

   3   rms: 0.4833E-02   max: -.9702E-01   C at   37  1
       a =  5.500      CL =  1.0241
      Cm = -0.0883     CD =  0.01006   =>   CDf =  0.00604    CDp =  0.00402

 Side 1  free  transition at x/c =  0.2527   37
 Side 2 forced transition at x/c =  1.0000   74

   4   rms: 0.7362E-04   max: -.1204E-02   D at   39  1
       a =  5.500      CL =  1.0241
      Cm = -0.0883     CD =  0.01006   =>   CDf =  0.00603    CDp =  0.00403
 plradd ia,ip,cpol           20           0  1.64059792E-02

 Point added to stored polar  1
 Point written to save file  sd7043_Re600k.base.pol                          
 Dump file unspecified or not available
 Calculating wake trajectory ...
 Calculating source influence matrix ...

 Solving BL system ...

 Side 1  free  transition at x/c =  0.2526   37
 Side 2 forced transition at x/c =  1.0000   74

   1   rms: 0.1018E+00   max: 0.1219E+01   C at   37  1
       a =  6.000      CL =  1.0757
      Cm = -0.0877     CD =  0.01065   =>   CDf =  0.00587    CDp =  0.00478

 Side 1  free  transition at x/c =  0.2045   35
 Side 2 forced transition at x/c =  1.0000   73

   2   rms: 0.1842E-01   max: -.2186E+00   C at   35  1
       a =  6.000      CL =  1.0735
      Cm = -0.0874     CD =  0.01085   =>   CDf =  0.00626    CDp =  0.00459

 Side 1  free  transition at x/c =  0.2084   35
 Side 2 forced transition at x/c =  1.0000   73

   3   rms: 0.1935E-02   max: 0.3637E-01   C at   35  1
       a =  6.000      CL =  1.0734
      Cm = -0.0874     CD =  0.01086   =>   CDf =  0.00623    CDp =  0.00463

 Side 1  free  transition at x/c =  0.2076   35
 Side 2 forced transition at x/c =  1.0000   73

   4   rms: 0.9592E-05   max: -.1114E-03   C at   35  1
       a =  6.000      CL =  1.0734
      Cm = -0.0874     CD =  0.01086   =>   CDf =  0.00623    CDp =  0.00463
 plradd ia,ip,cpol           21           0  1.26274470E-02

 Point added to stored polar  1
 Point written to save file  sd7043_Re600k.base.pol                          
 Dump file unspecified or not available
 Calculating wake trajectory ...
 Calculating source influence matrix ...

 Solving BL system ...

 Side 1  free  transition at x/c =  0.2076   35
 Side 2 forced transition at x/c =  1.0000   73

   1   rms: 0.9670E-01   max: 0.1050E+01   C at   35  1
       a =  6.500      CL =  1.1243
      Cm = -0.0867     CD =  0.01149   =>   CDf =  0.00605    CDp =  0.00543

 Side 1  free  transition at x/c =  0.1718   34
 Side 2 forced transition at x/c =  1.0000   72

   2   rms: 0.1389E-01   max: 0.1729E+00   D at   35  1
       a =  6.500      CL =  1.1226
      Cm = -0.0865     CD =  0.01163   =>   CDf =  0.00638    CDp =  0.00524

 Side 1  free  transition at x/c =  0.1736   34
 Side 2 forced transition at x/c =  1.0000   72

   3   rms: 0.1981E-02   max: 0.2927E-01   C at   34  1
       a =  6.500      CL =  1.1226
      Cm = -0.0865     CD =  0.01163   =>   CDf =  0.00636    CDp =  0.00527

 Side 1  free  transition at x/c =  0.1729   34
 Side 2 forced transition at x/c =  1.0000   72

   4   rms: 0.1548E-04   max: -.2543E-03   D at   35  1
       a =  6.500      CL =  1.1226
      Cm = -0.0865     CD =  0.01163   =>   CDf =  0.00636    CDp =  0.00527
 plradd ia,ip,cpol           22           0  1.26274470E-02

 Point added to stored polar  1
 Point written to save file  sd7043_Re600k.base.pol                          
 Dump file unspecified or not available
 Calculating wake trajectory ...
 Calculating source influence matrix ...

 Solving BL system ...

 Side 1  free  transition at x/c =  0.1729   34
 Side 2 forced transition at x/c =  1.0000   72

   1   rms: 0.1036E+00   max: 0.1078E+01   C at   34  1   RLX: 0.800
       a =  7.000      CL =  1.1612
      Cm = -0.0857     CD =  0.01233   =>   CDf =  0.00636    CDp =  0.00596

 Side 1  free  transition at x/c =  0.1485   32
 Side 2 forced transition at x/c =  1.0000   72

   2   rms: 0.2221E-01   max: -.1870E+00   D at   32  1
       a =  7.000      CL =  1.1710
      Cm = -0.0855     CD =  0.01243   =>   CDf =  0.00648    CDp =  0.00596

 Side 1  free  transition at x/c =  0.1429   32
 Side 2 forced transition at x/c =  1.0000   72

   3   rms: 0.8736E-03   max: 0.1216E-01   D at   33  1
       a =  7.000      CL =  1.1708
      Cm = -0.0855     CD =  0.01246   =>   CDf =  0.00650    CDp =  0.00596

 Side 1  free  transition at x/c =  0.1428   32
 Side 2 forced transition at x/c =  1.0000   72

   4   rms: 0.7744E-05   max: -.1058E-03   D at   33  1
       a =  7.000      CL =  1.1708
      Cm = -0.0855     CD =  0.01246   =>   CDf =  0.00649    CDp =  0.00596
 plradd ia,ip,cpol           23           0  9.57307313E-03

 Point added to stored polar  1
 Point written to save file  sd7043_Re600k.base.pol                          
 Dump file unspecified or not available
 Calculating wake trajectory ...
 Calculating source influence matrix ...

 Solving BL system ...

 Side 1  free  transition at x/c =  0.1428   32
 Side 2 forced transition at x/c =  1.0000   72

   1   rms: 0.1012E+00   max: 0.7448E+00   C at   32  1   RLX: 0.697
       a =  7.500      CL =  1.2032
      Cm = -0.0846     CD =  0.01317   =>   CDf =  0.00650    CDp =  0.00668

 Side 1  free  transition at x/c =  0.1262   31
 Side 2 forced transition at x/c =  1.0000   72

   2   rms: 0.2488E+00   max: 0.4116E+01   D at    2  2   RLX: 0.219
       a =  7.500      CL =  1.2065
      Cm = -0.0845     CD =  0.01310   =>   CDf =  0.00636    CDp =  0.00675

 Side 1  free  transition at x/c =  0.1245   31
 Side 2 forced transition at x/c =  1.0000   71

   3   rms: 0.5464E-01   max: 0.8354E+00   T at    2  1
       a =  7.500      CL =  1.2188
      Cm = -0.0844     CD =  0.01326   =>   CDf =  0.00657    CDp =  0.00669

 Side 1  free  transition at x/c =  0.1187   31
 Side 2 forced transition at x/c =  1.0000   71

   4   rms: 0.2684E-02   max: 0.2927E-01   D at    4  1
       a =  7.500      CL =  1.2184
      Cm = -0.0844     CD =  0.01329   =>   CDf =  0.00657    CDp =  0.00673

 Side 1  free  transition at x/c =  0.1188   31
 Side 2 forced transition at x/c =  1.0000   71

   5   rms: 0.1609E-04   max: 0.2462E-03   C at   31  1
       a =  7.500      CL =  1.2184
      Cm = -0.0844     CD =  0.01329   =>   CDf =  0.00656    CDp =  0.00673
 plradd ia,ip,cpol           24           0  7.12988526E-03

 Point added to stored polar  1
 Point written to save file  sd7043_Re600k.base.pol                          
 Dump file unspecified or not available
 Calculating wake trajectory ...
 Calculating source influence matrix ...

 Solving BL system ...

 Side 1  free  transition at x/c =  0.1188   31
 Side 2 forced transition at x/c =  1.0000   71

   1   rms: 0.9420E-01   max: 0.6785E+00   C at   31  1   RLX: 0.844
       a =  8.000      CL =  1.2580
      Cm = -0.0834     CD =  0.01407   =>   CDf =  0.00657    CDp =  0.00751

 Side 1  free  transition at x/c =  0.1013   30
 Side 2 forced transition at x/c =  1.0000   71

   2   rms: 0.1940E-01   max: -.2106E+00   D at   31  1
       a =  8.000      CL =  1.2640
      Cm = -0.0830     CD =  0.01428   =>   CDf =  0.00665    CDp =  0.00763

 Side 1  free  transition at x/c =  0.0977   29
 Side 2 forced transition at x/c =  1.0000   71

   3   rms: 0.3665E-02   max: -.6203E-01   C at   29  1
       a =  8.000      CL =  1.2644
      Cm = -0.0830     CD =  0.01423   =>   CDf =  0.00665    CDp =  0.00758

 Side 1  free  transition at x/c =  0.0977   29
 Side 2 forced transition at x/c =  1.0000   71

   4   rms: 0.7714E-04   max: 0.1460E-02   C at   29  1
       a =  8.000      CL =  1.2644
      Cm = -0.0830     CD =  0.01423   =>   CDf =  0.00665    CDp =  0.00759
 plradd ia,ip,cpol           25           0  7.12988526E-03

 Point added to stored polar  1
 Point written to save file  sd7043_Re600k.base.pol                          
 Dump file unspecified or not available
 Calculating wake trajectory ...
 Calculating source influence matrix ...

 Solving BL system ...

 Side 1  free  transition at x/c =  0.0977   29
 Side 2 forced transition at x/c =  1.0000   71

   1   rms: 0.8198E-01   max: -.3326E+00   D at   29  1
       a =  8.500      CL =  1.3130
      Cm = -0.0820     CD =  0.01489   =>   CDf =  0.00640    CDp =  0.00849

 Side 1  free  transition at x/c =  0.0817   29
 Side 2 forced transition at x/c =  1.0000   70

   2   rms: 0.2150E-01   max: -.2981E+00   D at   29  1
       a =  8.500      CL =  1.3105
      Cm = -0.0817     CD =  0.01508   =>   CDf =  0.00664    CDp =  0.00844

 Side 1  free  transition at x/c =  0.0817   29
 Side 2 forced transition at x/c =  1.0000   70

   3   rms: 0.3044E-02   max: 0.4351E-01   C at   29  1
       a =  8.500      CL =  1.3098
      Cm = -0.0816     CD =  0.01516   =>   CDf =  0.00665    CDp =  0.00851

 Side 1  free  transition at x/c =  0.0811   29
 Side 2 forced transition at x/c =  1.0000   70

   4   rms: 0.3667E-04   max: -.4808E-03   D at   29  1
       a =  8.500      CL =  1.3098
      Cm = -0.0816     CD =  0.01516   =>   CDf =  0.00666    CDp =  0.00851
 plradd ia,ip,cpol           26           0  5.19503048E-03

 Point added to stored polar  1
 Point written to save file  sd7043_Re600k.base.pol                          
 Dump file unspecified or not available
 Calculating wake trajectory ...
 Calculating source influence matrix ...

 Solving BL system ...

 Side 1  free  transition at x/c =  0.0811   29
 Side 2 forced transition at x/c =  1.0000   70

   1   rms: 0.8773E-01   max: -.5363E+00   D at   29  1   RLX: 0.932
       a =  9.000      CL =  1.3515
      Cm = -0.0802     CD =  0.01610   =>   CDf =  0.00666    CDp =  0.00944

 Side 1  free  transition at x/c =  0.0700   28
 Side 2 forced transition at x/c =  1.0000   70

   2   rms: 0.2570E-01   max: -.3121E+00   D at   28  1
       a =  9.000      CL =  1.3548
      Cm = -0.0801     CD =  0.01604   =>   CDf =  0.00661    CDp =  0.00942

 Side 1  free  transition at x/c =  0.0684   28
 Side 2 forced transition at x/c =  1.0000   70

   3   rms: 0.3197E-02   max: -.1737E-01   D at   29  1
       a =  9.000      CL =  1.3532
      Cm = -0.0799     CD =  0.01621   =>   CDf =  0.00666    CDp =  0.00955

 Side 1  free  transition at x/c =  0.0678   28
 Side 2 forced transition at x/c =  1.0000   70

   4   rms: 0.3752E-04   max: -.4400E-03   D at   28  1
       a =  9.000      CL =  1.3532
      Cm = -0.0799     CD =  0.01621   =>   CDf =  0.00667    CDp =  0.00954
 plradd ia,ip,cpol           27           0  3.67365102E-03

 Point added to stored polar  1
 Point written to save file  sd7043_Re600k.base.pol                          
 Dump file unspecified or not available
 Calculating wake trajectory ...
 Calculating source influence matrix ...

 Solving BL system ...

 Side 1  free  transition at x/c =  0.0678   28
 Side 2 forced transition at x/c =  1.0000   70

   1   rms: 0.8783E-01   max: -.5716E+00   D at   28  1   RLX: 0.875
       a =  9.500      CL =  1.3902
      Cm = -0.0784     CD =  0.01725   =>   CDf =  0.00639    CDp =  0.01086

 Side 1  free  transition at x/c =  0.0595   28
 Side 2 forced transition at x/c =  1.0000   69

   2   rms: 0.3030E-01   max: -.3032E+00   D at   28  1
       a =  9.500      CL =  1.3963
      Cm = -0.0782     CD =  0.01715   =>   CDf =  0.00658    CDp =  0.01056

 Side 1  free  transition at x/c =  0.0582   28
 Side 2 forced transition at x/c =  1.0000   69

   3   rms: 0.3538E-02   max: -.2396E-01   D at   29  1
       a =  9.500      CL =  1.3946
      Cm = -0.0780     CD =  0.01733   =>   CDf =  0.00662    CDp =  0.01070

 Side 1  free  transition at x/c =  0.0577   28
 Side 2 forced transition at x/c =  1.0000   69

   4   rms: 0.4679E-04   max: -.5490E-03   D at   29  1
       a =  9.500      CL =  1.3946
      Cm = -0.0780     CD =  0.01733   =>   CDf =  0.00663    CDp =  0.01070
 plradd ia,ip,cpol           28           0  3.67365102E-03

 Point added to stored polar  1
 Point written to save file  sd7043_Re600k.base.pol                          
 Dump file unspecified or not available
 Calculating wake trajectory ...
 Calculating source influence matrix ...

 Solving BL system ...

 Side 1  free  transition at x/c =  0.0577   28
 Side 2 forced transition at x/c =  1.0000   69

   1   rms: 0.8237E-01   max: -.4232E+00   D at   28  1
       a = 10.000      CL =  1.4356
      Cm = -0.0760     CD =  0.01848   =>   CDf =  0.00663    CDp =  0.01185

 Side 1  free  transition at x/c =  0.0507   27
 Side 2 forced transition at x/c =  1.0000   69

   2   rms: 0.2137E-01   max: -.2114E+00   D at   28  1
       a = 10.000      CL =  1.4329
      Cm = -0.0756     CD =  0.01855   =>   CDf =  0.00654    CDp =  0.01201

 Side 1  free  transition at x/c =  0.0503   27
 Side 2 forced transition at x/c =  1.0000   69

   3   rms: 0.1450E-02   max: 0.1538E-01   D at   27  1
       a = 10.000      CL =  1.4324
      Cm = -0.0755     CD =  0.01864   =>   CDf =  0.00657    CDp =  0.01206

 Side 1  free  transition at x/c =  0.0502   27
 Side 2 forced transition at x/c =  1.0000   69

   4   rms: 0.9685E-05   max: -.6569E-04   D at   28  1
       a = 10.000      CL =  1.4324
      Cm = -0.0755     CD =  0.01864   =>   CDf =  0.00658    CDp =  0.01206
 plradd ia,ip,cpol           29           0  1.18701741E-04

 Point added to stored polar  1
 Point written to save file  sd7043_Re600k.base.pol                          
 Dump file unspecified or not available

.OPERva   c>  
 Solving BL system ...

 Side 1  free  transition at x/c =  0.0502   27
 Side 2 forced transition at x/c =  1.0000   69

   1   rms: 0.3397E-06   max: -.3821E-05   D at   27  1
       a = 10.000      CL =  1.4324
      Cm = -0.0755     CD =  0.01864   =>   CDf =  0.00658    CDp =  0.01206
 plradd ia,ip,cpol           30         182  1.18701741E-04

 Point added to stored polar  1
 Point written to save file  sd7043_Re600k.base.pol                          
 Dump file unspecified or not available
 Calculating wake trajectory ...
 Calculating source influence matrix ...

 Solving BL system ...

 Side 1  free  transition at x/c =  0.0502   27
 Side 2 forced transition at x/c =  1.0000   69

   1   rms: 0.3844E-01   max: 0.1525E+00   T at   27  1
       a = 10.250      CL =  1.4531
      Cm = -0.0745     CD =  0.01912   =>   CDf =  0.00658    CDp =  0.01254

 Side 1  free  transition at x/c =  0.0473   27
 Side 2 forced transition at x/c =  1.0000   69

   2   rms: 0.2775E-02   max: -.3695E-01   D at   27  1
       a = 10.250      CL =  1.4519
      Cm = -0.0744     CD =  0.01916   =>   CDf =  0.00652    CDp =  0.01264

 Side 1  free  transition at x/c =  0.0473   27
 Side 2 forced transition at x/c =  1.0000   69

   3   rms: 0.4747E-04   max: 0.1780E-03   T at   28  1
       a = 10.250      CL =  1.4519
      Cm = -0.0744     CD =  0.01917   =>   CDf =  0.00653    CDp =  0.01264
 plradd ia,ip,cpol           31           0  1.18701741E-04

 Point added to stored polar  1
 Point written to save file  sd7043_Re600k.base.pol                          
 Dump file unspecified or not available
 Calculating wake trajectory ...
 Calculating source influence matrix ...

 Solving BL system ...

 Side 1  free  transition at x/c =  0.0473   27
 Side 2 forced transition at x/c =  1.0000   69

   1   rms: 0.3927E-01   max: -.1719E+00   D at   27  1
       a = 10.500      CL =  1.4705
      Cm = -0.0731     CD =  0.01981   =>   CDf =  0.00653    CDp =  0.01328

 Side 1  free  transition at x/c =  0.0445   27
 Side 2 forced transition at x/c =  1.0000   69

   2   rms: 0.3240E-02   max: 0.1036E-01   D at   75  2
       a = 10.500      CL =  1.4681
      Cm = -0.0728     CD =  0.01994   =>   CDf =  0.00651    CDp =  0.01342

 Side 1  free  transition at x/c =  0.0443   27
 Side 2 forced transition at x/c =  1.0000   69

   3   rms: 0.8629E-04   max: -.4432E-03   D at   27  1
       a = 10.500      CL =  1.4681
      Cm = -0.0728     CD =  0.01994   =>   CDf =  0.00652    CDp =  0.01342
 plradd ia,ip,cpol           32           0  1.34182235E-04

 Point added to stored polar  1
 Point written to save file  sd7043_Re600k.base.pol                          
 Dump file unspecified or not available
 Calculating wake trajectory ...
 Calculating source influence matrix ...

 Solving BL system ...

 Side 1  free  transition at x/c =  0.0443   27
 Side 2 forced transition at x/c =  1.0000   69

   1   rms: 0.4232E-01   max: 0.1323E+00   T at   27  1
       a = 10.750      CL =  1.4813
      Cm = -0.0708     CD =  0.02098   =>   CDf =  0.00616    CDp =  0.01482

 Side 1  free  transition at x/c =  0.0417   27
 Side 2 forced transition at x/c =  1.0000   68

   2   rms: 0.1494E-01   max: -.1194E+00   D at   28  1
       a = 10.750      CL =  1.4807
      Cm = -0.0706     CD =  0.02078   =>   CDf =  0.00641    CDp =  0.01436

 Side 1  free  transition at x/c =  0.0419   27
 Side 2 forced transition at x/c =  1.0000   68

   3   rms: 0.7490E-03   max: -.8061E-02   D at    4  1
       a = 10.750      CL =  1.4808
      Cm = -0.0706     CD =  0.02081   =>   CDf =  0.00644    CDp =  0.01436

 Side 1  free  transition at x/c =  0.0418   27
 Side 2 forced transition at x/c =  1.0000   68

   4   rms: 0.3209E-05   max: 0.2948E-04   C at   68  2
       a = 10.750      CL =  1.4808
      Cm = -0.0706     CD =  0.02081   =>   CDf =  0.00644    CDp =  0.01436
 plradd ia,ip,cpol           33           0  1.34182235E-04

 Point added to stored polar  1
 Point written to save file  sd7043_Re600k.base.pol                          
 Dump file unspecified or not available
 Calculating wake trajectory ...
 Calculating source influence matrix ...

 Solving BL system ...

 Side 1  free  transition at x/c =  0.0418   27
 Side 2 forced transition at x/c =  1.0000   68

   1   rms: 0.3608E-01   max: -.1776E+00   C at   27  1
       a = 11.000      CL =  1.4986
      Cm = -0.0692     CD =  0.02128   =>   CDf =  0.00645    CDp =  0.01484

 Side 1  free  transition at x/c =  0.0403   27
 Side 2 forced transition at x/c =  1.0000   68

   2   rms: 0.1960E-02   max: 0.1030E-01   D at   92  1
       a = 11.000      CL =  1.4969
      Cm = -0.0690     CD =  0.02134   =>   CDf =  0.00636    CDp =  0.01498

 Side 1  free  transition at x/c =  0.0402   27
 Side 2 forced transition at x/c =  1.0000   68

   3   rms: 0.1675E-04   max: 0.3173E-03   D at   92  1
       a = 11.000      CL =  1.4969
      Cm = -0.0690     CD =  0.02134   =>   CDf =  0.00636    CDp =  0.01498
 plradd ia,ip,cpol           34           0  1.34182235E-04

 Point added to stored polar  1
 Point written to save file  sd7043_Re600k.base.pol                          
 Dump file unspecified or not available
 Calculating wake trajectory ...
 Calculating source influence matrix ...

 Solving BL system ...

 Side 1  free  transition at x/c =  0.0402   27
 Side 2 forced transition at x/c =  1.0000   68

   1   rms: 0.3542E-01   max: 0.1369E+00   T at   27  1
       a = 11.250      CL =  1.5125
      Cm = -0.0672     CD =  0.02194   =>   CDf =  0.00636    CDp =  0.01558

 Side 1  free  transition at x/c =  0.0383   27
 Side 2 forced transition at x/c =  1.0000   68

   2   rms: 0.2795E-02   max: -.3067E-01   D at   27  1
       a = 11.250      CL =  1.5112
      Cm = -0.0671     CD =  0.02197   =>   CDf =  0.00630    CDp =  0.01567

 Side 1  free  transition at x/c =  0.0383   27
 Side 2 forced transition at x/c =  1.0000   68

   3   rms: 0.6872E-04   max: 0.4267E-03   T at   27  1
       a = 11.250      CL =  1.5113
      Cm = -0.0671     CD =  0.02197   =>   CDf =  0.00630    CDp =  0.01567
 plradd ia,ip,cpol           35           0  1.34182235E-04

 Point added to stored polar  1
 Point written to save file  sd7043_Re600k.base.pol                          
 Dump file unspecified or not available
 Calculating wake trajectory ...
 Calculating source influence matrix ...

 Solving BL system ...

 Side 1  free  transition at x/c =  0.0383   27
 Side 2 forced transition at x/c =  1.0000   68

   1   rms: 0.3583E-01   max: 0.1288E+00   T at   27  1
       a = 11.500      CL =  1.5248
      Cm = -0.0652     CD =  0.02272   =>   CDf =  0.00630    CDp =  0.01641

 Side 1  free  transition at x/c =  0.0365   27
 Side 2 forced transition at x/c =  1.0000   68

   2   rms: 0.2615E-02   max: 0.1742E-01   D at   90  1
       a = 11.500      CL =  1.5227
      Cm = -0.0650     CD =  0.02280   =>   CDf =  0.00626    CDp =  0.01654

 Side 1  free  transition at x/c =  0.0365   27
 Side 2 forced transition at x/c =  1.0000   68

   3   rms: 0.3167E-04   max: 0.5128E-03   D at   90  1
       a = 11.500      CL =  1.5227
      Cm = -0.0650     CD =  0.02280   =>   CDf =  0.00626    CDp =  0.01654
 plradd ia,ip,cpol           36           0  1.34182235E-04

 Point added to stored polar  1
 Point written to save file  sd7043_Re600k.base.pol                          
 Dump file unspecified or not available
 Calculating wake trajectory ...
 Calculating source influence matrix ...

 Solving BL system ...

 Side 1  free  transition at x/c =  0.0365   27
 Side 2 forced transition at x/c =  1.0000   68

   1   rms: 0.3706E-01   max: -.1278E+00   D at   27  1
       a = 11.750      CL =  1.5329
      Cm = -0.0627     CD =  0.02380   =>   CDf =  0.00626    CDp =  0.01754

 Side 1  free  transition at x/c =  0.0346   27
 Side 2 forced transition at x/c =  1.0000   68

   2   rms: 0.7664E-02   max: 0.3858E-01   D at   89  1
       a = 11.750      CL =  1.5270
      Cm = -0.0620     CD =  0.02413   =>   CDf =  0.00621    CDp =  0.01792

 Side 1  free  transition at x/c =  0.0344   27
 Side 2 forced transition at x/c =  1.0000   68

   3   rms: 0.2930E-03   max: 0.3559E-02   D at   74  2
       a = 11.750      CL =  1.5268
      Cm = -0.0620     CD =  0.02412   =>   CDf =  0.00621    CDp =  0.01792

 Side 1  free  transition at x/c =  0.0343   27
 Side 2 forced transition at x/c =  1.0000   68

   4   rms: 0.5566E-05   max: 0.5370E-04   D at   74  2
       a = 11.750      CL =  1.5268
      Cm = -0.0620     CD =  0.02412   =>   CDf =  0.00621    CDp =  0.01791
 plradd ia,ip,cpol           37           0  1.34182235E-04

 Point added to stored polar  1
 Point written to save file  sd7043_Re600k.base.pol                          
 Dump file unspecified or not available
 Calculating wake trajectory ...
 Calculating source influence matrix ...

 Solving BL system ...

 Side 1  free  transition at x/c =  0.0343   27
 Side 2 forced transition at x/c =  1.0000   68

   1   rms: 0.4912E-01   max: 0.1425E+00   D at   83  1
       a = 12.000      CL =  1.5251
      Cm = -0.0585     CD =  0.02605   =>   CDf =  0.00621    CDp =  0.01984

 Side 1  free  transition at x/c =  0.0329   26
 Side 2 forced transition at x/c =  1.0000   68

   2   rms: 0.3208E-01   max: -.2725E+00   D at   26  1
       a = 12.000      CL =  1.5363
      Cm = -0.0599     CD =  0.02499   =>   CDf =  0.00605    CDp =  0.01894

 Side 1  free  transition at x/c =  0.0333   26
 Side 2 forced transition at x/c =  1.0000   68

   3   rms: 0.3113E-02   max: 0.1654E-01   T at   26  1
       a = 12.000      CL =  1.5386
      Cm = -0.0602     CD =  0.02499   =>   CDf =  0.00611    CDp =  0.01887

 Side 1  free  transition at x/c =  0.0332   26
 Side 2 forced transition at x/c =  1.0000   68

   4   rms: 0.5590E-04   max: 0.5944E-03   D at   87  1
       a = 12.000      CL =  1.5386
      Cm = -0.0602     CD =  0.02499   =>   CDf =  0.00611    CDp =  0.01888
 plradd ia,ip,cpol           38           0  1.34182235E-04

 Point added to stored polar  1
 Point written to save file  sd7043_Re600k.base.pol                          
 Dump file unspecified or not available
 Calculating wake trajectory ...
 Calculating source influence matrix ...

 Solving BL system ...

 Side 1  free  transition at x/c =  0.0332   26
 Side 2 forced transition at x/c =  1.0000   68

   1   rms: 0.3494E-01   max: -.1502E+00   C at   26  1
       a = 12.250      CL =  1.5538
      Cm = -0.0588     CD =  0.02570   =>   CDf =  0.00611    CDp =  0.01959

 Side 1  free  transition at x/c =  0.0318   26
 Side 2 forced transition at x/c =  1.0000   68

   2   rms: 0.2849E-02   max: -.2611E-01   D at   26  1
       a = 12.250      CL =  1.5524
      Cm = -0.0586     CD =  0.02574   =>   CDf =  0.00602    CDp =  0.01972

 Side 1  free  transition at x/c =  0.0318   26
 Side 2 forced transition at x/c =  1.0000   68

   3   rms: 0.9598E-04   max: -.3983E-03   D at   88  1
       a = 12.250      CL =  1.5524
      Cm = -0.0586     CD =  0.02574   =>   CDf =  0.00602    CDp =  0.01971
 plradd ia,ip,cpol           39           0  1.34182235E-04

 Point added to stored polar  1
 Point written to save file  sd7043_Re600k.base.pol                          
 Dump file unspecified or not available
 Calculating wake trajectory ...
 Calculating source influence matrix ...

 Solving BL system ...

 Side 1  free  transition at x/c =  0.0318   26
 Side 2 forced transition at x/c =  1.0000   68

   1   rms: 0.3526E-01   max: 0.1423E+00   T at   26  1
       a = 12.500      CL =  1.5666
      Cm = -0.0573     CD =  0.02653   =>   CDf =  0.00559    CDp =  0.02093

 Side 1  free  transition at x/c =  0.0301   27
 Side 2 forced transition at x/c =  1.0000   67

   2   rms: 0.5145E-02   max: -.5087E-01   D at   27  1
       a = 12.500      CL =  1.5655
      Cm = -0.0572     CD =  0.02654   =>   CDf =  0.00595    CDp =  0.02059

 Side 1  free  transition at x/c =  0.0302   27
 Side 2 forced transition at x/c =  1.0000   67

   3   rms: 0.6506E-03   max: -.7562E-02   D at    4  1
       a = 12.500      CL =  1.5656
      Cm = -0.0572     CD =  0.02654   =>   CDf =  0.00595    CDp =  0.02059

 Side 1  free  transition at x/c =  0.0302   27
 Side 2 forced transition at x/c =  1.0000   67

   4   rms: 0.2765E-05   max: 0.2710E-04   C at   67  2
       a = 12.500      CL =  1.5656
      Cm = -0.0572     CD =  0.02654   =>   CDf =  0.00595    CDp =  0.02059
 plradd ia,ip,cpol           40           0  1.34182235E-04

 Point added to stored polar  1
 Point written to save file  sd7043_Re600k.base.pol                          
 Dump file unspecified or not available
 Calculating wake trajectory ...
 Calculating source influence matrix ...

 Solving BL system ...

 Side 1  free  transition at x/c =  0.0302   27
 Side 2 forced transition at x/c =  1.0000   67

   1   rms: 0.3534E-01   max: -.1291E+00   D at   27  1
       a = 12.750      CL =  1.5774
      Cm = -0.0557     CD =  0.02755   =>   CDf =  0.00596    CDp =  0.02159

 Side 1  free  transition at x/c =  0.0286   27
 Side 2 forced transition at x/c =  1.0000   67

   2   rms: 0.3631E-02   max: 0.2285E-01   D at   86  1
       a = 12.750      CL =  1.5746
      Cm = -0.0554     CD =  0.02768   =>   CDf =  0.00592    CDp =  0.02176

 Side 1  free  transition at x/c =  0.0287   27
 Side 2 forced transition at x/c =  1.0000   67

   3   rms: 0.4759E-04   max: -.3386E-03   C at   67  2
       a = 12.750      CL =  1.5747
      Cm = -0.0554     CD =  0.02768   =>   CDf =  0.00591    CDp =  0.02176
 plradd ia,ip,cpol           41           0  1.34182235E-04

 Point added to stored polar  1
 Point written to save file  sd7043_Re600k.base.pol                          
 Dump file unspecified or not available
 Calculating wake trajectory ...
 Calculating source influence matrix ...

 Solving BL system ...

 Side 1  free  transition at x/c =  0.0287   27
 Side 2 forced transition at x/c =  1.0000   67

   1   rms: 0.3733E-01   max: -.1530E+00   D at   27  1
       a = 13.000      CL =  1.5821
      Cm = -0.0536     CD =  0.02909   =>   CDf =  0.00592    CDp =  0.02318

 Side 1  free  transition at x/c =  0.0272   27
 Side 2 forced transition at x/c =  1.0000   67

   2   rms: 0.1094E-01   max: 0.4906E-01   D at   85  1
       a = 13.000      CL =  1.5741
      Cm = -0.0530     CD =  0.02963   =>   CDf =  0.00585    CDp =  0.02379

 Side 1  free  transition at x/c =  0.0270   27
 Side 2 forced transition at x/c =  1.0000   67

   3   rms: 0.4086E-03   max: 0.6486E-02   D at   84  1
       a = 13.000      CL =  1.5739
      Cm = -0.0529     CD =  0.02962   =>   CDf =  0.00585    CDp =  0.02377

 Side 1  free  transition at x/c =  0.0270   27
 Side 2 forced transition at x/c =  1.0000   67

   4   rms: 0.8052E-05   max: -.1401E-03   C at   67  2
       a = 13.000      CL =  1.5739
      Cm = -0.0529     CD =  0.02962   =>   CDf =  0.00585    CDp =  0.02377
 plradd ia,ip,cpol           42           0  1.34182235E-04

 Point added to stored polar  1
 Point written to save file  sd7043_Re600k.base.pol                          
 Dump file unspecified or not available
 Calculating wake trajectory ...
 Calculating source influence matrix ...

 Solving BL system ...

 Side 1  free  transition at x/c =  0.0270   27
 Side 2 forced transition at x/c =  1.0000   67

   1   rms: 0.5026E-01   max: 0.1629E+00   D at   79  1
       a = 13.250      CL =  1.5679
      Cm = -0.0502     CD =  0.03233   =>   CDf =  0.00585    CDp =  0.02648

 Side 1  free  transition at x/c =  0.0260   26
 Side 2 forced transition at x/c =  1.0000   67

   2   rms: 0.3399E-01   max: -.2734E+00   D at   26  1
       a = 13.250      CL =  1.5822
      Cm = -0.0513     CD =  0.03070   =>   CDf =  0.00568    CDp =  0.02502

 Side 1  free  transition at x/c =  0.0263   26
 Side 2 forced transition at x/c =  1.0000   67

   3   rms: 0.4833E-02   max: 0.2216E-01   T at   26  1
       a = 13.250      CL =  1.5858
      Cm = -0.0517     CD =  0.03062   =>   CDf =  0.00575    CDp =  0.02488

 Side 1  free  transition at x/c =  0.0262   26
 Side 2 forced transition at x/c =  1.0000   67

   4   rms: 0.4454E-04   max: 0.3545E-03   D at   83  1
       a = 13.250      CL =  1.5857
      Cm = -0.0517     CD =  0.03063   =>   CDf =  0.00574    CDp =  0.02489
 plradd ia,ip,cpol           43           0  1.34182235E-04

 Point added to stored polar  1
 Point written to save file  sd7043_Re600k.base.pol                          
 Dump file unspecified or not available
 Calculating wake trajectory ...
 Calculating source influence matrix ...

 Solving BL system ...

 Side 1  free  transition at x/c =  0.0262   26
 Side 2 forced transition at x/c =  1.0000   67

   1   rms: 0.3409E-01   max: -.1411E+00   C at   26  1
       a = 13.500      CL =  1.5987
      Cm = -0.0506     CD =  0.03167   =>   CDf =  0.00575    CDp =  0.02593

 Side 1  free  transition at x/c =  0.0250   26
 Side 2 forced transition at x/c =  1.0000   67

   2   rms: 0.2812E-02   max: 0.1582E-01   D at   82  1
       a = 13.500      CL =  1.5965
      Cm = -0.0504     CD =  0.03177   =>   CDf =  0.00565    CDp =  0.02612

 Side 1  free  transition at x/c =  0.0251   26
 Side 2 forced transition at x/c =  1.0000   67

   3   rms: 0.5280E-04   max: 0.7836E-03   D at   82  1
       a = 13.500      CL =  1.5965
      Cm = -0.0504     CD =  0.03176   =>   CDf =  0.00565    CDp =  0.02612
 plradd ia,ip,cpol           44           0  1.34182235E-04

 Point added to stored polar  1
 Point written to save file  sd7043_Re600k.base.pol                          
 Dump file unspecified or not available
 Calculating wake trajectory ...
 Calculating source influence matrix ...

 Solving BL system ...

 Side 1  free  transition at x/c =  0.0251   26
 Side 2 forced transition at x/c =  1.0000   67

   1   rms: 0.3481E-01   max: 0.1418E+00   T at   26  1
       a = 13.750      CL =  1.6099
      Cm = -0.0495     CD =  0.03279   =>   CDf =  0.00565    CDp =  0.02714

 Side 1  free  transition at x/c =  0.0237   26
 Side 2 forced transition at x/c =  1.0000   67

   2   rms: 0.2771E-02   max: 0.1420E-01   D at   81  1
       a = 13.750      CL =  1.6077
      Cm = -0.0494     CD =  0.03289   =>   CDf =  0.00558    CDp =  0.02731

 Side 1  free  transition at x/c =  0.0238   26
 Side 2 forced transition at x/c =  1.0000   67

   3   rms: 0.4096E-04   max: 0.7549E-03   D at   81  1
       a = 13.750      CL =  1.6077
      Cm = -0.0494     CD =  0.03288   =>   CDf =  0.00558    CDp =  0.02730
 plradd ia,ip,cpol           45           0  1.34182235E-04

 Point added to stored polar  1
 Point written to save file  sd7043_Re600k.base.pol                          
 Dump file unspecified or not available
 Calculating wake trajectory ...
 Calculating source influence matrix ...

 Solving BL system ...

 Side 1  free  transition at x/c =  0.0238   26
 Side 2 forced transition at x/c =  1.0000   67

   1   rms: 0.3432E-01   max: -.1171E+00   D at   26  1
       a = 14.000      CL =  1.6175
      Cm = -0.0483     CD =  0.03429   =>   CDf =  0.00558    CDp =  0.02870

 Side 1  free  transition at x/c =  0.0227   26
 Side 2 forced transition at x/c =  1.0000   67

   2   rms: 0.4830E-02   max: 0.2347E-01   D at   80  1
       a = 14.000      CL =  1.6142
      Cm = -0.0481     CD =  0.03448   =>   CDf =  0.00552    CDp =  0.02895

 Side 1  free  transition at x/c =  0.0228   26
 Side 2 forced transition at x/c =  1.0000   67

   3   rms: 0.2512E-03   max: 0.2553E-02   D at   78  2
       a = 14.000      CL =  1.6141
      Cm = -0.0481     CD =  0.03447   =>   CDf =  0.00552    CDp =  0.02895

 Side 1  free  transition at x/c =  0.0228   26
 Side 2 forced transition at x/c =  1.0000   67

   4   rms: 0.6782E-05   max: -.8737E-04   C at   67  2
       a = 14.000      CL =  1.6141
      Cm = -0.0481     CD =  0.03447   =>   CDf =  0.00552    CDp =  0.02895
 plradd ia,ip,cpol           46           0  1.34182235E-04

 Point added to stored polar  1
 Point written to save file  sd7043_Re600k.base.pol                          
 Dump file unspecified or not available
 Calculating wake trajectory ...
 Calculating source influence matrix ...

 Solving BL system ...

 Side 1  free  transition at x/c =  0.0228   26
 Side 2 forced transition at x/c =  1.0000   67

   1   rms: 0.3562E-01   max: 0.1017E+00   D at   77  1
       a = 14.250      CL =  1.6193
      Cm = -0.0469     CD =  0.03640   =>   CDf =  0.00552    CDp =  0.03088

 Side 1  free  transition at x/c =  0.0219   26
 Side 2 forced transition at x/c =  1.0000   67

   2   rms: 0.6224E-02   max: 0.3704E-01   D at   79  1
       a = 14.250      CL =  1.6149
      Cm = -0.0467     CD =  0.03665   =>   CDf =  0.00544    CDp =  0.03121

 Side 1  free  transition at x/c =  0.0219   26
 Side 2 forced transition at x/c =  1.0000   67

   3   rms: 0.1383E-03   max: 0.1323E-02   D at   79  2
       a = 14.250      CL =  1.6149
      Cm = -0.0467     CD =  0.03663   =>   CDf =  0.00544    CDp =  0.03119

 Side 1  free  transition at x/c =  0.0219   26
 Side 2 forced transition at x/c =  1.0000   67

   4   rms: 0.3007E-05   max: -.4472E-04   C at   67  2
       a = 14.250      CL =  1.6149
      Cm = -0.0467     CD =  0.03663   =>   CDf =  0.00544    CDp =  0.03119
 plradd ia,ip,cpol           47           0  1.34182235E-04

 Point added to stored polar  1
 Point written to save file  sd7043_Re600k.base.pol                          
 Dump file unspecified or not available
 Calculating wake trajectory ...
 Calculating source influence matrix ...

 Solving BL system ...

 Side 1  free  transition at x/c =  0.0219   26
 Side 2 forced transition at x/c =  1.0000   67

   1   rms: 0.4014E-01   max: 0.1359E+00   D at   75  1   RLX: 0.954
       a = 14.500      CL =  1.6138
      Cm = -0.0456     CD =  0.03926   =>   CDf =  0.00490    CDp =  0.03436

 Side 1  free  transition at x/c =  0.0210   26
 Side 2 forced transition at x/c =  1.0000   66

   2   rms: 0.8914E-02   max: -.7874E-01   D at    2  1
       a = 14.500      CL =  1.6090
      Cm = -0.0454     CD =  0.03962   =>   CDf =  0.00532    CDp =  0.03429

 Side 1  free  transition at x/c =  0.0210   26
 Side 2 forced transition at x/c =  1.0000   66

   3   rms: 0.7705E-03   max: -.8761E-02   D at    4  1
       a = 14.500      CL =  1.6090
      Cm = -0.0454     CD =  0.03957   =>   CDf =  0.00532    CDp =  0.03426

 Side 1  free  transition at x/c =  0.0210   26
 Side 2 forced transition at x/c =  1.0000   66

   4   rms: 0.6487E-05   max: 0.1141E-03   D at   78  2
       a = 14.500      CL =  1.6090
      Cm = -0.0454     CD =  0.03957   =>   CDf =  0.00532    CDp =  0.03426
 plradd ia,ip,cpol           48           0  1.34182235E-04

 Point added to stored polar  1
 Point written to save file  sd7043_Re600k.base.pol                          
 Dump file unspecified or not available
 Calculating wake trajectory ...
 Calculating source influence matrix ...

 Solving BL system ...

 Side 1  free  transition at x/c =  0.0210   26
 Side 2 forced transition at x/c =  1.0000   66

   1   rms: 0.3309E-01   max: -.1676E+00   C at   26  1   RLX: 0.917
       a = 14.750      CL =  1.6192
      Cm = -0.0449     CD =  0.04097   =>   CDf =  0.00532    CDp =  0.03565

 Side 1  free  transition at x/c =  0.0205   26
 Side 2 forced transition at x/c =  1.0000   66

   2   rms: 0.4986E-02   max: 0.3026E-01   D at   77  1
       a = 14.750      CL =  1.6172
      Cm = -0.0447     CD =  0.04128   =>   CDf =  0.00520    CDp =  0.03607

 Side 1  free  transition at x/c =  0.0204   26
 Side 2 forced transition at x/c =  1.0000   66

   3   rms: 0.4527E-03   max: 0.2414E-02   D at   78  2
       a = 14.750      CL =  1.6169
      Cm = -0.0447     CD =  0.04126   =>   CDf =  0.00519    CDp =  0.03607

 Side 1  free  transition at x/c =  0.0204   26
 Side 2 forced transition at x/c =  1.0000   66

   4   rms: 0.2207E-04   max: 0.1438E-03   D at   78  2
       a = 14.750      CL =  1.6169
      Cm = -0.0447     CD =  0.04125   =>   CDf =  0.00519    CDp =  0.03606
 plradd ia,ip,cpol           49           0  1.34182235E-04

 Point added to stored polar  1
 Point written to save file  sd7043_Re600k.base.pol                          
 Dump file unspecified or not available
 Calculating wake trajectory ...
 Calculating source influence matrix ...

 Solving BL system ...

 Side 1  free  transition at x/c =  0.0204   26
 Side 2 forced transition at x/c =  1.0000   66

   1   rms: 0.3308E-01   max: 0.9990E-01   T at   26  1   RLX: 0.879
       a = 15.000      CL =  1.6235
      Cm = -0.0443     CD =  0.04304   =>   CDf =  0.00519    CDp =  0.03785

 Side 1  free  transition at x/c =  0.0198   26
 Side 2 forced transition at x/c =  1.0000   66

   2   rms: 0.6116E-02   max: 0.3831E-01   D at   76  1
       a = 15.000      CL =  1.6215
      Cm = -0.0442     CD =  0.04341   =>   CDf =  0.00509    CDp =  0.03832

 Side 1  free  transition at x/c =  0.0197   26
 Side 2 forced transition at x/c =  1.0000   66

   3   rms: 0.6800E-03   max: 0.3838E-02   D at   75  1
       a = 15.000      CL =  1.6211
      Cm = -0.0441     CD =  0.04338   =>   CDf =  0.00507    CDp =  0.03832

 Side 1  free  transition at x/c =  0.0198   26
 Side 2 forced transition at x/c =  1.0000   66

   4   rms: 0.3811E-04   max: 0.2522E-03   D at   79  2
       a = 15.000      CL =  1.6211
      Cm = -0.0441     CD =  0.04338   =>   CDf =  0.00507    CDp =  0.03831
 plradd ia,ip,cpol           50           0  1.34182235E-04

 Point added to stored polar  1
 Point written to save file  sd7043_Re600k.base.pol                          
 Dump file unspecified or not available
 Calculating wake trajectory ...
 Calculating source influence matrix ...

 Solving BL system ...

 Side 1  free  transition at x/c =  0.0198   26
 Side 2 forced transition at x/c =  1.0000   66

   1   rms: 0.3308E-01   max: 0.9975E-01   T at   26  1   RLX: 0.843
       a = 15.250      CL =  1.6271
      Cm = -0.0439     CD =  0.04523   =>   CDf =  0.00507    CDp =  0.04016

 Side 1  free  transition at x/c =  0.0190   26
 Side 2 forced transition at x/c =  1.0000   66

   2   rms: 0.6096E-02   max: 0.2901E-01   D at   74  1
       a = 15.250      CL =  1.6261
      Cm = -0.0438     CD =  0.04559   =>   CDf =  0.00498    CDp =  0.04061

 Side 1  free  transition at x/c =  0.0189   26
 Side 2 forced transition at x/c =  1.0000   66

   3   rms: 0.6361E-03   max: 0.4298E-02   D at   74  1
       a = 15.250      CL =  1.6256
      Cm = -0.0437     CD =  0.04556   =>   CDf =  0.00497    CDp =  0.04059

 Side 1  free  transition at x/c =  0.0189   26
 Side 2 forced transition at x/c =  1.0000   66

   4   rms: 0.4046E-04   max: 0.2849E-03   D at   79  2
       a = 15.250      CL =  1.6256
      Cm = -0.0437     CD =  0.04556   =>   CDf =  0.00497    CDp =  0.04059
 plradd ia,ip,cpol           51           0  1.34182235E-04

 Point added to stored polar  1
 Point written to save file  sd7043_Re600k.base.pol                          
 Dump file unspecified or not available
 Calculating wake trajectory ...
 Calculating source influence matrix ...

 Solving BL system ...

 Side 1  free  transition at x/c =  0.0189   26
 Side 2 forced transition at x/c =  1.0000   66

   1   rms: 0.3373E-01   max: 0.1019E+00   D at   72  1   RLX: 0.808
       a = 15.500      CL =  1.6297
      Cm = -0.0436     CD =  0.04762   =>   CDf =  0.00497    CDp =  0.04265

 Side 1  free  transition at x/c =  0.0183   26
 Side 2 forced transition at x/c =  1.0000   66

   2   rms: 0.7661E-02   max: 0.4005E-01   D at   73  1
       a = 15.500      CL =  1.6283
      Cm = -0.0436     CD =  0.04812   =>   CDf =  0.00489    CDp =  0.04324

 Side 1  free  transition at x/c =  0.0182   26
 Side 2 forced transition at x/c =  1.0000   66

   3   rms: 0.8801E-03   max: 0.5977E-02   D at   79  2
       a = 15.500      CL =  1.6277
      Cm = -0.0435     CD =  0.04809   =>   CDf =  0.00487    CDp =  0.04322

 Side 1  free  transition at x/c =  0.0182   26
 Side 2 forced transition at x/c =  1.0000   66

   4   rms: 0.6273E-04   max: 0.3862E-03   D at   79  2
       a = 15.500      CL =  1.6277
      Cm = -0.0435     CD =  0.04809   =>   CDf =  0.00487    CDp =  0.04322
 plradd ia,ip,cpol           52           0  1.34182235E-04

 Point added to stored polar  1
 Point written to save file  sd7043_Re600k.base.pol                          
 Dump file unspecified or not available
 Calculating wake trajectory ...
 Calculating source influence matrix ...

 Solving BL system ...

 Side 1  free  transition at x/c =  0.0182   26
 Side 2 forced transition at x/c =  1.0000   66

   1   rms: 0.3437E-01   max: 0.1066E+00   D at   70  1   RLX: 0.775
       a = 15.750      CL =  1.6309
      Cm = -0.0436     CD =  0.05027   =>   CDf =  0.00487    CDp =  0.04539

 Side 1  free  transition at x/c =  0.0176   26
 Side 2 forced transition at x/c =  1.0000   66

   2   rms: 0.1069E-01   max: 0.5856E-01   D at   72  1
       a = 15.750      CL =  1.6278
      Cm = -0.0436     CD =  0.05115   =>   CDf =  0.00481    CDp =  0.04634

 Side 1  free  transition at x/c =  0.0175   26
 Side 2 forced transition at x/c =  1.0000   66

   3   rms: 0.1532E-02   max: 0.1066E-01   D at   71  1
       a = 15.750      CL =  1.6268
      Cm = -0.0436     CD =  0.05110   =>   CDf =  0.00479    CDp =  0.04631

 Side 1  free  transition at x/c =  0.0175   26
 Side 2 forced transition at x/c =  1.0000   66

   4   rms: 0.1086E-03   max: 0.6798E-03   D at   80  2
       a = 15.750      CL =  1.6268
      Cm = -0.0436     CD =  0.05109   =>   CDf =  0.00478    CDp =  0.04630

 Side 1  free  transition at x/c =  0.0175   26
 Side 2 forced transition at x/c =  1.0000   66

   5   rms: 0.4663E-05   max: -.4824E-04   C at   66  2
       a = 15.750      CL =  1.6268
      Cm = -0.0436     CD =  0.05109   =>   CDf =  0.00478    CDp =  0.04630
 plradd ia,ip,cpol           53           0  1.34182235E-04

 Point added to stored polar  1
 Point written to save file  sd7043_Re600k.base.pol                          
 Dump file unspecified or not available
 Calculating wake trajectory ...
 Calculating source influence matrix ...

 Solving BL system ...

 Side 1  free  transition at x/c =  0.0175   26
 Side 2 forced transition at x/c =  1.0000   66

   1   rms: 0.3706E-01   max: 0.1318E+00   D at   69  1   RLX: 0.737
       a = 16.000      CL =  1.6267
      Cm = -0.0439     CD =  0.05376   =>   CDf =  0.00479    CDp =  0.04897

 Side 1  free  transition at x/c =  0.0170   26
 Side 2 forced transition at x/c =  1.0000   66

   2   rms: 0.1500E-01   max: 0.7581E-01   D at   70  1
       a = 16.000      CL =  1.6213
      Cm = -0.0441     CD =  0.05513   =>   CDf =  0.00472    CDp =  0.05041

 Side 1  free  transition at x/c =  0.0169   26
 Side 2 forced transition at x/c =  1.0000   66

   3   rms: 0.2001E-02   max: 0.1302E-01   D at   69  1
       a = 16.000      CL =  1.6201
      Cm = -0.0440     CD =  0.05502   =>   CDf =  0.00469    CDp =  0.05034

 Side 1  free  transition at x/c =  0.0169   26
 Side 2 forced transition at x/c =  1.0000   66

   4   rms: 0.1105E-03   max: 0.9211E-03   D at   80  2
       a = 16.000      CL =  1.6201
      Cm = -0.0440     CD =  0.05500   =>   CDf =  0.00468    CDp =  0.05032

 Side 1  free  transition at x/c =  0.0169   26
 Side 2 forced transition at x/c =  1.0000   66

   5   rms: 0.3096E-05   max: -.4494E-04   C at   66  2
       a = 16.000      CL =  1.6201
      Cm = -0.0440     CD =  0.05500   =>   CDf =  0.00468    CDp =  0.05032
 plradd ia,ip,cpol           54           0  1.34182235E-04

 Point added to stored polar  1
 Point written to save file  sd7043_Re600k.base.pol                          
 Dump file unspecified or not available

.OPERva   c>  
 Polar accumulation disabled

.OPERv   c>  
 XFOIL   c>  
 XFOIL   c>  