
 ===================================================
  XFOIL Version 6.99
  Copyright (C) 2000   Mark Drela, Harold Youngren

  This software comes with ABSOLUTELY NO WARRANTY,
    subject to the GNU General Public License.

  Caveat computor
 ===================================================

 File  xfoil.def  not found

   QUIT    Exit program

  .OPER    Direct operating point(s)
  .MDES    Complex mapping design routine
  .QDES    Surface speed design routine
  .GDES    Geometry design routine

   SAVE f  Write airfoil to labeled coordinate file
   PSAV f  Write airfoil to plain coordinate file
   ISAV f  Write airfoil to ISES coordinate file
   MSAV f  Write airfoil to MSES coordinate file
   REVE    Reverse written-airfoil node ordering

   LOAD f  Read buffer airfoil from coordinate file
   NACA i  Set NACA 4,5-digit airfoil and buffer airfoil
   INTE    Set buffer airfoil by interpolating two airfoils
   NORM    Buffer airfoil normalization toggle
   XYCM rr Change CM reference location, currently  0.25000 0.00000

   BEND    Display structural properties of current airfoil

   PCOP    Set current-airfoil panel nodes directly from buffer airfoil points
   PANE    Set current-airfoil panel nodes ( 160 ) based on curvature
  .PPAR    Show/change paneling

  .PLOP    Plotting options

   WDEF f  Write  current-settings file
   RDEF f  Reread current-settings file
   NAME s  Specify new airfoil name
   NINC    Increment name version number

   Z       Zoom    | (available in all menus)
   U       Unzoom  | 

 XFOIL   c>  
 Labeled airfoil file.  Name:  SG6040                                          

 Number of input coordinate points:  81
 Counterclockwise ordering
 Max thickness =     0.160016  at x =   0.353
 Max camber    =     0.025156  at x =   0.582

  LE  x,y  =   0.00009  -0.00040  |   Chord =   0.99991
  TE  x,y  =   1.00000   0.00000  |

 Current airfoil nodes set from buffer airfoil nodes (  81 )

 XFOIL   c>  
 XFOIL   c>  
 Sharp trailing edge

 Paneling parameters used...
   Number of panel nodes       160
   Panel bunching parameter    1.000
   TE/LE panel density ratio   0.150
   Refined-area/LE panel density ratio    0.200
   Top    side refined area x/c limits  1.000 1.000
   Bottom side refined area x/c limits  1.000 1.000

 XFOIL   c>  
.OPERi   c>  
 Xtr/c     =  1.0000    top    side
 Xtr/c     =  1.0000    bottom side
 Ncrit     =    9.00   ( 0.070 % turb. level )
 Vacc      =  0.0100

 Klag  =  5.6000     Uxwt  =    1.00
 A     =  6.7000     B     =  0.7500       KCt = 0.01485
 CtiniK=  1.8000     CtiniX=  3.3000

..VPAR   c>  
..VPAR   c>  
.OPERi   c>  
 M  =    0.0000
 Re =    500000

.OPERv   c>  
.OPERv   c>  
.OPERv   c>  
 Polar  1 newly created for accumulation
 Airfoil archived with polar: SG6040                                          

Enter  polar save filename  OR  <return> for no file   s>  
 New polar save file available

Enter  polar dump filename  OR  <return> for no file   s>  
 Polar dump file will NOT be written

 Polar accumulation enabled

.OPERva   c>   Calculating unit vorticity distributions ...
 Calculating wake trajectory ...
 Calculating source influence matrix ...

 Solving BL system ...

 Initializing BL ...
    side            1  ...
 MRCHUE: Inverse mode at  30     Hk =   3.917
 MRCHUE: Inverse mode at  31     Hk =   4.849
 MRCHUE: Inverse mode at  32     Hk =   5.786
 MRCHUE: Inverse mode at  33     Hk =   6.745
 MRCHUE: Inverse mode at  34     Hk =   7.743
 MRCHUE: Inverse mode at  35     Hk =   8.798
 MRCHUE: Inverse mode at  36     Hk =   8.987
 MRCHUE: Inverse mode at  37     Hk =   3.553
 MRCHUE: Inverse mode at  38     Hk =   2.500
 MRCHUE: Inverse mode at  82     Hk =   2.500
 MRCHUE: Inverse mode at  83     Hk =   2.500
 MRCHUE: Inverse mode at  84     Hk =   2.500
 MRCHUE: Inverse mode at  85     Hk =   2.500
 MRCHUE: Inverse mode at  86     Hk =   2.500
 MRCHUE: Inverse mode at  87     Hk =   2.500
 MRCHUE: Inverse mode at  88     Hk =   2.500
 MRCHUE: Inverse mode at  89     Hk =   2.500
 MRCHUE: Inverse mode at  90     Hk =   2.500
 MRCHUE: Inverse mode at  91     Hk =   2.500
 MRCHUE: Inverse mode at  92     Hk =   2.500
 MRCHUE: Inverse mode at  93     Hk =   2.500
 MRCHUE: Inverse mode at  94     Hk =   2.500
 MRCHUE: Inverse mode at  95     Hk =   2.500
 MRCHUE: Inverse mode at  96     Hk =   2.500
 MRCHUE: Inverse mode at  97     Hk =   2.500
 MRCHUE: Inverse mode at  98     Hk =   2.500
 MRCHUE: Convergence failed at  99  side 1    Res =  0.5469E+01
 MRCHUE: Inverse mode at 100     Hk =   2.500
 MRCHUE: Convergence failed at 101  side 1    Res =  0.4473E+01
 MRCHUE: Inverse mode at 102     Hk =   2.500
 MRCHUE: Convergence failed at 103  side 1    Res =  0.4830E+01
    side            2  ...
 MRCHUE: Inverse mode at  59     Hk =   2.885

 MRCHDU: Convergence failed at  99  side 1    Res =  0.1493E+01
 MRCHDU: Convergence failed at 100  side 1    Res =  0.1549E+01
 MRCHDU: Convergence failed at 101  side 1    Res =  0.5796E+01
 MRCHDU: Convergence failed at 102  side 1    Res =  0.5673E+01
 MRCHDU: Convergence failed at 103  side 1    Res =  0.7207E+02
 Side 1  free  transition at x/c =  0.0218   36
 Side 2 forced transition at x/c =  1.0000   59

   1   rms: 0.8063E+00   max: -.4935E+01   C at   59  2   RLX: 0.101
       a = 16.250      CL =  2.4824
      Cm = -0.2002     CD =  0.01122   =>   CDf =  0.00624    CDp =  0.00498

 Side 1  free  transition at x/c =  0.0222   37
 Side 2 forced transition at x/c =  1.0000   59

   2   rms: 0.6548E+00   max: -.2796E+01   C at   59  2   RLX: 0.179
       a = 16.250      CL =  2.3543
      Cm = -0.1735     CD =  0.01348   =>   CDf =  0.00633    CDp =  0.00715

 Side 1  free  transition at x/c =  0.0235   37
 Side 2 forced transition at x/c =  1.0000   59
 idif Ue xi dudx           1  0.13179636      1.79827213E-02   7.3290553    
 Uenew xinew           2  4.73269932E-02  6.45744801E-03

   3   rms: 0.8449E+00   max: 0.2754E+01   D at   65  2   RLX: 0.240
       a = 16.250      CL =  2.1518
      Cm = -0.1407     CD =  0.01865   =>   CDf =  0.00666    CDp =  0.01199

 Side 1  free  transition at x/c =  0.0245   36
 Side 2 forced transition at x/c =  1.0000   60
 idif Ue xi dudx           1  0.15652624      1.88580751E-02   8.3002234    
 Uenew xinew           2  7.18657374E-02  8.65828991E-03

   4   rms: 0.7149E+00   max: 0.2048E+01   D at   70  2   RLX: 0.489
       a = 16.250      CL =  1.7818
      Cm = -0.0876     CD =  0.03118   =>   CDf =  0.00656    CDp =  0.02462

 MRCHDU: Convergence failed at  70  side 2    Res =  0.1591E+01
 MRCHDU: Convergence failed at  71  side 2    Res =  0.3707E+01
 MRCHDU: Convergence failed at  72  side 2    Res =  0.1186E+01
 Side 1  free  transition at x/c =  0.0275   36
 Side 2 forced transition at x/c =  1.0000   61
 idif Ue xi dudx           1  0.12538464      1.36559010E-02   9.1817188    
 Uenew xinew           2  4.32531796E-02  4.71079350E-03

   5   rms: 0.3872E+00   max: 0.1558E+01   D at   68  2   RLX: 0.386
       a = 16.250      CL =  1.6170
      Cm = -0.0579     CD =  0.04204   =>   CDf =  0.00653    CDp =  0.03552

 Side 1  free  transition at x/c =  0.0294   35
 Side 2 forced transition at x/c =  1.0000   62
 idif Ue xi dudx           1  8.39086846E-02  8.37218761E-03   10.022313    
 Uenew xinew           2  5.30828675E-03  5.29646873E-04

   6   rms: 0.2813E+00   max: -.1312E+01   C at   62  2   RLX: 0.381
       a = 16.250      CL =  1.5083
      Cm = -0.0449     CD =  0.05198   =>   CDf =  0.00634    CDp =  0.04564

 Side 1  free  transition at x/c =  0.0309   34
 Side 2 forced transition at x/c =  1.0000   63

   7   rms: 0.1785E+00   max: -.1421E+01   D at    2  2   RLX: 0.352
       a = 16.250      CL =  1.4487
      Cm = -0.0371     CD =  0.05695   =>   CDf =  0.00589    CDp =  0.05106

 Side 1  free  transition at x/c =  0.0318   35
 Side 2 forced transition at x/c =  1.0000   63

   8   rms: 0.7478E-01   max: -.4834E+00   C at   63  2
       a = 16.250      CL =  1.3722
      Cm = -0.0233     CD =  0.06374   =>   CDf =  0.00580    CDp =  0.05794

 Side 1  free  transition at x/c =  0.0346   35
 Side 2 forced transition at x/c =  1.0000   63

   9   rms: 0.2075E-01   max: 0.2024E+00   D at   35  1
       a = 16.250      CL =  1.3603
      Cm = -0.0229     CD =  0.06491   =>   CDf =  0.00560    CDp =  0.05932

 Side 1  free  transition at x/c =  0.0340   35
 Side 2 forced transition at x/c =  1.0000   63

  10   rms: 0.8353E-03   max: 0.6545E-02   D at   78  2
       a = 16.250      CL =  1.3600
      Cm = -0.0229     CD =  0.06486   =>   CDf =  0.00560    CDp =  0.05926

 Side 1  free  transition at x/c =  0.0339   35
 Side 2 forced transition at x/c =  1.0000   63

  11   rms: 0.8286E-04   max: 0.4893E-03   D at   78  2
       a = 16.250      CL =  1.3599
      Cm = -0.0229     CD =  0.06485   =>   CDf =  0.00560    CDp =  0.05925
 plradd ia,ip,cpol            1           0  3.41660762E-03

 Point added to stored polar  1
 Point written to save file  sg6040_Re500k.ext.pol                           
 Dump file unspecified or not available
 Calculating wake trajectory ...
 Calculating source influence matrix ...

 Solving BL system ...

 Side 1  free  transition at x/c =  0.0339   35
 Side 2 forced transition at x/c =  1.0000   63

   1   rms: 0.2974E-01   max: 0.1073E+00   T at   35  1   RLX: 0.457
       a = 16.500      CL =  1.3619
      Cm = -0.0231     CD =  0.06632   =>   CDf =  0.00560    CDp =  0.06072

 Side 1  free  transition at x/c =  0.0335   35
 Side 2 forced transition at x/c =  1.0000   63

   2   rms: 0.1627E-01   max: 0.5977E-01   D at   68  1
       a = 16.500      CL =  1.3634
      Cm = -0.0234     CD =  0.06796   =>   CDf =  0.00558    CDp =  0.06238

 Side 1  free  transition at x/c =  0.0331   35
 Side 2 forced transition at x/c =  1.0000   63

   3   rms: 0.2167E-02   max: 0.1177E-01   D at   78  2
       a = 16.500      CL =  1.3619
      Cm = -0.0233     CD =  0.06783   =>   CDf =  0.00554    CDp =  0.06228

 Side 1  free  transition at x/c =  0.0331   35
 Side 2 forced transition at x/c =  1.0000   63

   4   rms: 0.1241E-03   max: 0.1119E-02   D at   78  2
       a = 16.500      CL =  1.3618
      Cm = -0.0233     CD =  0.06780   =>   CDf =  0.00554    CDp =  0.06226

 Side 1  free  transition at x/c =  0.0331   35
 Side 2 forced transition at x/c =  1.0000   63

   5   rms: 0.4991E-05   max: -.8415E-04   C at   63  2
       a = 16.500      CL =  1.3618
      Cm = -0.0233     CD =  0.06780   =>   CDf =  0.00554    CDp =  0.06226
 plradd ia,ip,cpol            2           0  3.41660762E-03

 Point added to stored polar  1
 Point written to save file  sg6040_Re500k.ext.pol                           
 Dump file unspecified or not available
 Calculating wake trajectory ...
 Calculating source influence matrix ...

 Solving BL system ...

 Side 1  free  transition at x/c =  0.0331   35
 Side 2 forced transition at x/c =  1.0000   63

   1   rms: 0.2994E-01   max: 0.1112E+00   D at   67  1   RLX: 0.446
       a = 16.750      CL =  1.3632
      Cm = -0.0236     CD =  0.06935   =>   CDf =  0.00554    CDp =  0.06381

 Side 1  free  transition at x/c =  0.0327   35
 Side 2 forced transition at x/c =  1.0000   63

   2   rms: 0.1747E-01   max: 0.7091E-01   D at   67  1
       a = 16.750      CL =  1.3630
      Cm = -0.0240     CD =  0.07135   =>   CDf =  0.00552    CDp =  0.06583

 Side 1  free  transition at x/c =  0.0323   35
 Side 2 forced transition at x/c =  1.0000   63

   3   rms: 0.2600E-02   max: 0.1787E-01   D at   78  2
       a = 16.750      CL =  1.3612
      Cm = -0.0239     CD =  0.07115   =>   CDf =  0.00549    CDp =  0.06566

 Side 1  free  transition at x/c =  0.0324   35
 Side 2 forced transition at x/c =  1.0000   63

   4   rms: 0.1983E-03   max: 0.2349E-02   D at   78  2
       a = 16.750      CL =  1.3611
      Cm = -0.0239     CD =  0.07112   =>   CDf =  0.00549    CDp =  0.06563

 Side 1  free  transition at x/c =  0.0324   35
 Side 2 forced transition at x/c =  1.0000   63

   5   rms: 0.9850E-05   max: -.1580E-03   C at   63  2
       a = 16.750      CL =  1.3611
      Cm = -0.0239     CD =  0.07112   =>   CDf =  0.00549    CDp =  0.06563
 plradd ia,ip,cpol            3           0  3.41660762E-03

 Point added to stored polar  1
 Point written to save file  sg6040_Re500k.ext.pol                           
 Dump file unspecified or not available
 Calculating wake trajectory ...
 Calculating source influence matrix ...

 Solving BL system ...

 Side 1  free  transition at x/c =  0.0324   35
 Side 2 forced transition at x/c =  1.0000   63

   1   rms: 0.3076E-01   max: 0.1183E+00   D at   66  1   RLX: 0.434
       a = 17.000      CL =  1.3614
      Cm = -0.0242     CD =  0.07279   =>   CDf =  0.00549    CDp =  0.06730

 Side 1  free  transition at x/c =  0.0320   35
 Side 2 forced transition at x/c =  1.0000   63

   2   rms: 0.1899E-01   max: 0.7941E-01   D at   67  1
       a = 17.000      CL =  1.3595
      Cm = -0.0246     CD =  0.07508   =>   CDf =  0.00548    CDp =  0.06960

 Side 1  free  transition at x/c =  0.0316   35
 Side 2 forced transition at x/c =  1.0000   63

   3   rms: 0.3162E-02   max: 0.1504E-01   D at   78  2
       a = 17.000      CL =  1.3572
      Cm = -0.0245     CD =  0.07488   =>   CDf =  0.00545    CDp =  0.06943

 Side 1  free  transition at x/c =  0.0316   35
 Side 2 forced transition at x/c =  1.0000   63

   4   rms: 0.1866E-03   max: 0.1315E-02   D at   78  2
       a = 17.000      CL =  1.3571
      Cm = -0.0245     CD =  0.07483   =>   CDf =  0.00545    CDp =  0.06938

 Side 1  free  transition at x/c =  0.0316   35
 Side 2 forced transition at x/c =  1.0000   63

   5   rms: 0.6595E-05   max: -.6341E-04   C at   63  2
       a = 17.000      CL =  1.3571
      Cm = -0.0245     CD =  0.07483   =>   CDf =  0.00545    CDp =  0.06938
 plradd ia,ip,cpol            4           0  3.41660762E-03

 Point added to stored polar  1
 Point written to save file  sg6040_Re500k.ext.pol                           
 Dump file unspecified or not available
 Calculating wake trajectory ...
 Calculating source influence matrix ...

 Solving BL system ...

 Side 1  free  transition at x/c =  0.0316   35
 Side 2 forced transition at x/c =  1.0000   63

   1   rms: 0.3302E-01   max: 0.1228E+00   D at   65  1   RLX: 0.421
       a = 17.250      CL =  1.3563
      Cm = -0.0247     CD =  0.07658   =>   CDf =  0.00545    CDp =  0.07113

 Side 1  free  transition at x/c =  0.0312   34
 Side 2 forced transition at x/c =  1.0000   63

   2   rms: 0.1608E-01   max: -.6415E-01   C at   34  1
       a = 17.250      CL =  1.3595
      Cm = -0.0251     CD =  0.07821   =>   CDf =  0.00544    CDp =  0.07278

 Side 1  free  transition at x/c =  0.0310   34
 Side 2 forced transition at x/c =  1.0000   63

   3   rms: 0.2607E-02   max: 0.1377E-01   D at   66  1
       a = 17.250      CL =  1.3577
      Cm = -0.0251     CD =  0.07812   =>   CDf =  0.00537    CDp =  0.07275

 Side 1  free  transition at x/c =  0.0310   34
 Side 2 forced transition at x/c =  1.0000   63

   4   rms: 0.2628E-03   max: 0.1612E-02   D at   79  2
       a = 17.250      CL =  1.3575
      Cm = -0.0251     CD =  0.07808   =>   CDf =  0.00536    CDp =  0.07271

 Side 1  free  transition at x/c =  0.0310   34
 Side 2 forced transition at x/c =  1.0000   63

   5   rms: 0.1953E-04   max: 0.1404E-03   D at   78  2
       a = 17.250      CL =  1.3575
      Cm = -0.0251     CD =  0.07807   =>   CDf =  0.00536    CDp =  0.07271
 plradd ia,ip,cpol            5           0  2.39099097E-03

 Point added to stored polar  1
 Point written to save file  sg6040_Re500k.ext.pol                           
 Dump file unspecified or not available
 Calculating wake trajectory ...
 Calculating source influence matrix ...

 Solving BL system ...

 Side 1  free  transition at x/c =  0.0310   34
 Side 2 forced transition at x/c =  1.0000   63

   1   rms: 0.2772E-01   max: 0.9543E-01   D at   64  1   RLX: 0.413
       a = 17.500      CL =  1.3596
      Cm = -0.0254     CD =  0.07948   =>   CDf =  0.00537    CDp =  0.07412

 Side 1  free  transition at x/c =  0.0308   34
 Side 2 forced transition at x/c =  1.0000   63

   2   rms: 0.1637E-01   max: 0.5918E-01   D at   65  1
       a = 17.500      CL =  1.3619
      Cm = -0.0259     CD =  0.08140   =>   CDf =  0.00532    CDp =  0.07608

 Side 1  free  transition at x/c =  0.0304   34
 Side 2 forced transition at x/c =  1.0000   63

   3   rms: 0.2231E-02   max: 0.1211E-01   D at   79  2
       a = 17.500      CL =  1.3603
      Cm = -0.0259     CD =  0.08119   =>   CDf =  0.00526    CDp =  0.07593

 Side 1  free  transition at x/c =  0.0305   34
 Side 2 forced transition at x/c =  1.0000   63

   4   rms: 0.1265E-03   max: 0.1265E-02   D at   79  2
       a = 17.500      CL =  1.3603
      Cm = -0.0259     CD =  0.08114   =>   CDf =  0.00526    CDp =  0.07589

 Side 1  free  transition at x/c =  0.0305   34
 Side 2 forced transition at x/c =  1.0000   63

   5   rms: 0.3220E-05   max: -.6200E-04   C at   63  2
       a = 17.500      CL =  1.3603
      Cm = -0.0259     CD =  0.08114   =>   CDf =  0.00526    CDp =  0.07589
 plradd ia,ip,cpol            6           0  2.39099097E-03

 Point added to stored polar  1
 Point written to save file  sg6040_Re500k.ext.pol                           
 Dump file unspecified or not available
 Calculating wake trajectory ...
 Calculating source influence matrix ...

 Solving BL system ...

 Side 1  free  transition at x/c =  0.0305   34
 Side 2 forced transition at x/c =  1.0000   63

   1   rms: 0.2743E-01   max: 0.9823E-01   T at   34  1   RLX: 0.405
       a = 17.750      CL =  1.3623
      Cm = -0.0262     CD =  0.08254   =>   CDf =  0.00526    CDp =  0.07728

 Side 1  free  transition at x/c =  0.0302   34
 Side 2 forced transition at x/c =  1.0000   63

   2   rms: 0.1679E-01   max: 0.6545E-01   D at   65  1
       a = 17.750      CL =  1.3638
      Cm = -0.0268     CD =  0.08465   =>   CDf =  0.00480    CDp =  0.07985

 Side 1  free  transition at x/c =  0.0299   35
 Side 2 forced transition at x/c =  1.0000   62

   3   rms: 0.3220E-02   max: -.3314E-01   T at    2  1
       a = 17.750      CL =  1.3620
      Cm = -0.0268     CD =  0.08446   =>   CDf =  0.00515    CDp =  0.07931

 Side 1  free  transition at x/c =  0.0299   35
 Side 2 forced transition at x/c =  1.0000   62

   4   rms: 0.5765E-03   max: -.6510E-02   D at    4  1
       a = 17.750      CL =  1.3619
      Cm = -0.0267     CD =  0.08441   =>   CDf =  0.00515    CDp =  0.07926

 Side 1  free  transition at x/c =  0.0299   35
 Side 2 forced transition at x/c =  1.0000   62

   5   rms: 0.1260E-04   max: 0.1531E-03   D at   78  2
       a = 17.750      CL =  1.3619
      Cm = -0.0267     CD =  0.08441   =>   CDf =  0.00515    CDp =  0.07926
 plradd ia,ip,cpol            7           0  2.39099097E-03

 Point added to stored polar  1
 Point written to save file  sg6040_Re500k.ext.pol                           
 Dump file unspecified or not available
 Calculating wake trajectory ...
 Calculating source influence matrix ...

 Solving BL system ...

 Side 1  free  transition at x/c =  0.0299   35
 Side 2 forced transition at x/c =  1.0000   62

   1   rms: 0.2740E-01   max: 0.9834E-01   D at   64  1   RLX: 0.396
       a = 18.000      CL =  1.3635
      Cm = -0.0272     CD =  0.08586   =>   CDf =  0.00515    CDp =  0.08071

 Side 1  free  transition at x/c =  0.0296   35
 Side 2 forced transition at x/c =  1.0000   62

   2   rms: 0.1660E-01   max: 0.6075E-01   D at   65  1
       a = 18.000      CL =  1.3655
      Cm = -0.0278     CD =  0.08795   =>   CDf =  0.00512    CDp =  0.08283

 Side 1  free  transition at x/c =  0.0292   35
 Side 2 forced transition at x/c =  1.0000   62

   3   rms: 0.2728E-02   max: 0.1406E-01   D at   78  2
       a = 18.000      CL =  1.3636
      Cm = -0.0278     CD =  0.08776   =>   CDf =  0.00507    CDp =  0.08269

 Side 1  free  transition at x/c =  0.0292   35
 Side 2 forced transition at x/c =  1.0000   62

   4   rms: 0.2238E-03   max: 0.1668E-02   D at   78  2
       a = 18.000      CL =  1.3635
      Cm = -0.0278     CD =  0.08770   =>   CDf =  0.00506    CDp =  0.08264

 Side 1  free  transition at x/c =  0.0292   35
 Side 2 forced transition at x/c =  1.0000   62

   5   rms: 0.1159E-04   max: 0.1029E-03   D at   78  2
       a = 18.000      CL =  1.3635
      Cm = -0.0278     CD =  0.08770   =>   CDf =  0.00506    CDp =  0.08264
 plradd ia,ip,cpol            8           0  2.39099097E-03

 Point added to stored polar  1
 Point written to save file  sg6040_Re500k.ext.pol                           
 Dump file unspecified or not available

.OPERva   c>   Calculating wake trajectory ...
 Calculating source influence matrix ...

 Solving BL system ...

 Side 1  free  transition at x/c =  0.0292   35
 Side 2 forced transition at x/c =  1.0000   62

   1   rms: 0.2726E-01   max: 0.1006E+00   D at   63  1   RLX: 0.387
       a = 18.250      CL =  1.3648
      Cm = -0.0282     CD =  0.08920   =>   CDf =  0.00507    CDp =  0.08413

 Side 1  free  transition at x/c =  0.0290   35
 Side 2 forced transition at x/c =  1.0000   62

   2   rms: 0.1688E-01   max: 0.6471E-01   D at   64  1
       a = 18.250      CL =  1.3660
      Cm = -0.0288     CD =  0.09145   =>   CDf =  0.00503    CDp =  0.08641

 Side 1  free  transition at x/c =  0.0287   35
 Side 2 forced transition at x/c =  1.0000   62

   3   rms: 0.2437E-02   max: 0.1197E-01   D at   78  2
       a = 18.250      CL =  1.3644
      Cm = -0.0288     CD =  0.09116   =>   CDf =  0.00499    CDp =  0.08618

 Side 1  free  transition at x/c =  0.0287   35
 Side 2 forced transition at x/c =  1.0000   62

   4   rms: 0.1742E-03   max: 0.1350E-02   D at   78  2
       a = 18.250      CL =  1.3643
      Cm = -0.0288     CD =  0.09110   =>   CDf =  0.00498    CDp =  0.08612

 Side 1  free  transition at x/c =  0.0287   35
 Side 2 forced transition at x/c =  1.0000   62

   5   rms: 0.6709E-05   max: -.6983E-04   C at   62  2
       a = 18.250      CL =  1.3643
      Cm = -0.0288     CD =  0.09110   =>   CDf =  0.00498    CDp =  0.08612
 plradd ia,ip,cpol            9           0  1.85609635E-04

 Point added to stored polar  1
 Point written to save file  sg6040_Re500k.ext.pol                           
 Dump file unspecified or not available
 Calculating wake trajectory ...
 Calculating source influence matrix ...

 Solving BL system ...

 Side 1  free  transition at x/c =  0.0287   35
 Side 2 forced transition at x/c =  1.0000   62

   1   rms: 0.5330E-01   max: 0.1942E+00   D at   63  1   RLX: 0.372
       a = 18.750      CL =  1.3671
      Cm = -0.0297     CD =  0.09397   =>   CDf =  0.00499    CDp =  0.08898

 Side 1  free  transition at x/c =  0.0282   35
 Side 2 forced transition at x/c =  1.0000   62

   2   rms: 0.3424E-01   max: 0.1396E+00   D at   64  1
       a = 18.750      CL =  1.3693
      Cm = -0.0314     CD =  0.09899   =>   CDf =  0.00494    CDp =  0.09404

 Side 1  free  transition at x/c =  0.0276   35
 Side 2 forced transition at x/c =  1.0000   62

   3   rms: 0.4995E-02   max: 0.2795E-01   D at   79  2
       a = 18.750      CL =  1.3659
      Cm = -0.0312     CD =  0.09822   =>   CDf =  0.00486    CDp =  0.09336

 Side 1  free  transition at x/c =  0.0277   35
 Side 2 forced transition at x/c =  1.0000   62

   4   rms: 0.3929E-03   max: 0.3338E-02   D at   79  2
       a = 18.750      CL =  1.3657
      Cm = -0.0312     CD =  0.09811   =>   CDf =  0.00485    CDp =  0.09326

 Side 1  free  transition at x/c =  0.0277   35
 Side 2 forced transition at x/c =  1.0000   62

   5   rms: 0.3314E-04   max: 0.2193E-03   D at   79  2
       a = 18.750      CL =  1.3657
      Cm = -0.0312     CD =  0.09811   =>   CDf =  0.00485    CDp =  0.09325
 plradd ia,ip,cpol           10           0  1.85609635E-04

 Point added to stored polar  1
 Point written to save file  sg6040_Re500k.ext.pol                           
 Dump file unspecified or not available
 Calculating wake trajectory ...
 Calculating source influence matrix ...

 Solving BL system ...

 Side 1  free  transition at x/c =  0.0277   35
 Side 2 forced transition at x/c =  1.0000   62

   1   rms: 0.5328E-01   max: 0.2028E+00   D at   61  1   RLX: 0.357
       a = 19.250      CL =  1.3674
      Cm = -0.0322     CD =  0.10111   =>   CDf =  0.00486    CDp =  0.09625

 Side 1  free  transition at x/c =  0.0273   35
 Side 2 forced transition at x/c =  1.0000   62

   2   rms: 0.3445E-01   max: 0.1302E+00   T at   35  1
       a = 19.250      CL =  1.3694
      Cm = -0.0338     CD =  0.10618   =>   CDf =  0.00482    CDp =  0.10136

 Side 1  free  transition at x/c =  0.0267   35
 Side 2 forced transition at x/c =  1.0000   62

   3   rms: 0.5666E-02   max: 0.3227E-01   D at   79  2
       a = 19.250      CL =  1.3664
      Cm = -0.0334     CD =  0.10497   =>   CDf =  0.00477    CDp =  0.10020

 Side 1  free  transition at x/c =  0.0266   35
 Side 2 forced transition at x/c =  1.0000   62

   4   rms: 0.3344E-03   max: 0.5345E-02   D at   79  2
       a = 19.250      CL =  1.3663
      Cm = -0.0334     CD =  0.10492   =>   CDf =  0.00478    CDp =  0.10014

 Side 1  free  transition at x/c =  0.0266   35
 Side 2 forced transition at x/c =  1.0000   62

   5   rms: 0.1931E-04   max: 0.5884E-04   D at   62  1
       a = 19.250      CL =  1.3663
      Cm = -0.0334     CD =  0.10493   =>   CDf =  0.00478    CDp =  0.10014
 plradd ia,ip,cpol           11           0  9.13912081E-05

 Point added to stored polar  1
 Point written to save file  sg6040_Re500k.ext.pol                           
 Dump file unspecified or not available
 Calculating wake trajectory ...
 Calculating source influence matrix ...

 Solving BL system ...

 Side 1  free  transition at x/c =  0.0266   35
 Side 2 forced transition at x/c =  1.0000   62

   1   rms: 0.6087E-01   max: 0.2415E+00   T at   35  1   RLX: 0.344
       a = 19.750      CL =  1.3694
      Cm = -0.0337     CD =  0.10706   =>   CDf =  0.00479    CDp =  0.10227

 Side 1  free  transition at x/c =  0.0262   34
 Side 2 forced transition at x/c =  1.0000   62

   2   rms: 0.3531E-01   max: 0.1521E+00   D at   62  1
       a = 19.750      CL =  1.3722
      Cm = -0.0363     CD =  0.11312   =>   CDf =  0.00475    CDp =  0.10837

 Side 1  free  transition at x/c =  0.0259   34
 Side 2 forced transition at x/c =  1.0000   62

   3   rms: 0.7013E-02   max: 0.4729E-01   D at   62  1
       a = 19.750      CL =  1.3678
      Cm = -0.0362     CD =  0.11228   =>   CDf =  0.00459    CDp =  0.10770

 Side 1  free  transition at x/c =  0.0259   34
 Side 2 forced transition at x/c =  1.0000   62

   4   rms: 0.5220E-03   max: 0.3731E-02   D at   80  2
       a = 19.750      CL =  1.3675
      Cm = -0.0362     CD =  0.11204   =>   CDf =  0.00458    CDp =  0.10746

 Side 1  free  transition at x/c =  0.0259   34
 Side 2 forced transition at x/c =  1.0000   62

   5   rms: 0.2585E-04   max: 0.2628E-03   D at   79  2
       a = 19.750      CL =  1.3675
      Cm = -0.0362     CD =  0.11203   =>   CDf =  0.00458    CDp =  0.10745
 plradd ia,ip,cpol           12           0  1.85609635E-04

 Point added to stored polar  1
 Point written to save file  sg6040_Re500k.ext.pol                           
 Dump file unspecified or not available
 Calculating wake trajectory ...
 Calculating source influence matrix ...

 Solving BL system ...

 Side 1  free  transition at x/c =  0.0259   34
 Side 2 forced transition at x/c =  1.0000   62

   1   rms: 0.5041E-01   max: 0.1965E+00   D at   59  1   RLX: 0.331
       a = 20.250      CL =  1.3692
      Cm = -0.0373     CD =  0.11495   =>   CDf =  0.00414    CDp =  0.11081

 Side 1  free  transition at x/c =  0.0257   35
 Side 2 forced transition at x/c =  1.0000   61

   2   rms: 0.4270E-01   max: 0.4271E+00   D at    2  1
       a = 20.250      CL =  1.3710
      Cm = -0.0397     CD =  0.12094   =>   CDf =  0.00450    CDp =  0.11644

 Side 1  free  transition at x/c =  0.0252   35
 Side 2 forced transition at x/c =  1.0000   61

   3   rms: 0.5946E-02   max: 0.2734E-01   D at   79  2
       a = 20.250      CL =  1.3672
      Cm = -0.0397     CD =  0.11990   =>   CDf =  0.00435    CDp =  0.11555

 Side 1  free  transition at x/c =  0.0253   35
 Side 2 forced transition at x/c =  1.0000   61

   4   rms: 0.6102E-03   max: 0.3988E-02   D at   79  2
       a = 20.250      CL =  1.3668
      Cm = -0.0397     CD =  0.11971   =>   CDf =  0.00435    CDp =  0.11536

 Side 1  free  transition at x/c =  0.0253   35
 Side 2 forced transition at x/c =  1.0000   61

   5   rms: 0.5182E-04   max: 0.3422E-03   D at   78  2
       a = 20.250      CL =  1.3668
      Cm = -0.0397     CD =  0.11969   =>   CDf =  0.00435    CDp =  0.11534
 plradd ia,ip,cpol           13           0  9.13912081E-05

 Point added to stored polar  1
 Point written to save file  sg6040_Re500k.ext.pol                           
 Dump file unspecified or not available
 Calculating wake trajectory ...
 Calculating source influence matrix ...

 Solving BL system ...

 Side 1  free  transition at x/c =  0.0253   35
 Side 2 forced transition at x/c =  1.0000   61

   1   rms: 0.5021E-01   max: 0.2097E+00   D at   59  1   RLX: 0.318
       a = 20.750      CL =  1.3676
      Cm = -0.0409     CD =  0.12275   =>   CDf =  0.00435    CDp =  0.11840

 Side 1  free  transition at x/c =  0.0250   35
 Side 2 forced transition at x/c =  1.0000   61

   2   rms: 0.3433E-01   max: 0.1454E+00   D at   60  1
       a = 20.750      CL =  1.3692
      Cm = -0.0436     CD =  0.12903   =>   CDf =  0.00428    CDp =  0.12475

 Side 1  free  transition at x/c =  0.0245   35
 Side 2 forced transition at x/c =  1.0000   61

   3   rms: 0.6465E-02   max: 0.3248E-01   D at   60  1
       a = 20.750      CL =  1.3652
      Cm = -0.0437     CD =  0.12787   =>   CDf =  0.00414    CDp =  0.12372

 Side 1  free  transition at x/c =  0.0245   35
 Side 2 forced transition at x/c =  1.0000   61

   4   rms: 0.5238E-03   max: 0.6188E-02   D at   79  2
       a = 20.750      CL =  1.3650
      Cm = -0.0436     CD =  0.12758   =>   CDf =  0.00414    CDp =  0.12344

 Side 1  free  transition at x/c =  0.0245   35
 Side 2 forced transition at x/c =  1.0000   61

   5   rms: 0.1408E-04   max: 0.1310E-03   D at   79  2
       a = 20.750      CL =  1.3650
      Cm = -0.0436     CD =  0.12757   =>   CDf =  0.00414    CDp =  0.12343
 plradd ia,ip,cpol           14           0  9.13912081E-05

 Point added to stored polar  1
 Point written to save file  sg6040_Re500k.ext.pol                           
 Dump file unspecified or not available
 Calculating wake trajectory ...
 Calculating source influence matrix ...

 Solving BL system ...

 Side 1  free  transition at x/c =  0.0245   35
 Side 2 forced transition at x/c =  1.0000   61

   1   rms: 0.4930E-01   max: 0.2139E+00   D at   58  1   RLX: 0.307
       a = 21.250      CL =  1.3654
      Cm = -0.0449     CD =  0.13067   =>   CDf =  0.00415    CDp =  0.12652

 Side 1  free  transition at x/c =  0.0243   35
 Side 2 forced transition at x/c =  1.0000   61

   2   rms: 0.3378E-01   max: 0.1427E+00   D at   58  1
       a = 21.250      CL =  1.3675
      Cm = -0.0479     CD =  0.13707   =>   CDf =  0.00409    CDp =  0.13298

 Side 1  free  transition at x/c =  0.0238   35
 Side 2 forced transition at x/c =  1.0000   61

   3   rms: 0.7067E-02   max: 0.3783E-01   D at   59  1
       a = 21.250      CL =  1.3631
      Cm = -0.0480     CD =  0.13592   =>   CDf =  0.00397    CDp =  0.13195

 Side 1  free  transition at x/c =  0.0238   35
 Side 2 forced transition at x/c =  1.0000   61

   4   rms: 0.5462E-03   max: 0.3761E-02   D at   78  2
       a = 21.250      CL =  1.3631
      Cm = -0.0479     CD =  0.13550   =>   CDf =  0.00396    CDp =  0.13154

 Side 1  free  transition at x/c =  0.0238   35
 Side 2 forced transition at x/c =  1.0000   61

   5   rms: 0.5557E-04   max: -.2140E-03   D at   81  2
       a = 21.250      CL =  1.3632
      Cm = -0.0479     CD =  0.13550   =>   CDf =  0.00397    CDp =  0.13153
 plradd ia,ip,cpol           15           0  9.13912081E-05

 Point added to stored polar  1
 Point written to save file  sg6040_Re500k.ext.pol                           
 Dump file unspecified or not available
 Calculating wake trajectory ...
 Calculating source influence matrix ...

 Solving BL system ...

 Side 1  free  transition at x/c =  0.0238   35
 Side 2 forced transition at x/c =  1.0000   61

   1   rms: 0.4805E-01   max: 0.2063E+00   D at   57  1   RLX: 0.297
       a = 21.750      CL =  1.3638
      Cm = -0.0493     CD =  0.13850   =>   CDf =  0.00397    CDp =  0.13453

 Side 1  free  transition at x/c =  0.0236   35
 Side 2 forced transition at x/c =  1.0000   61

   2   rms: 0.3322E-01   max: 0.1377E+00   D at   57  1
       a = 21.750      CL =  1.3668
      Cm = -0.0524     CD =  0.14491   =>   CDf =  0.00393    CDp =  0.14098

 Side 1  free  transition at x/c =  0.0231   35
 Side 2 forced transition at x/c =  1.0000   61

   3   rms: 0.6485E-02   max: 0.3478E-01   D at   58  1
       a = 21.750      CL =  1.3628
      Cm = -0.0524     CD =  0.14356   =>   CDf =  0.00384    CDp =  0.13972

 Side 1  free  transition at x/c =  0.0232   35
 Side 2 forced transition at x/c =  1.0000   61

   4   rms: 0.4418E-03   max: 0.3447E-02   D at   78  2
       a = 21.750      CL =  1.3627
      Cm = -0.0524     CD =  0.14318   =>   CDf =  0.00384    CDp =  0.13934

 Side 1  free  transition at x/c =  0.0232   35
 Side 2 forced transition at x/c =  1.0000   61

   5   rms: 0.1810E-04   max: 0.7528E-04   D at   78  2
       a = 21.750      CL =  1.3628
      Cm = -0.0524     CD =  0.14316   =>   CDf =  0.00384    CDp =  0.13933
 plradd ia,ip,cpol           16           0  9.13912081E-05

 Point added to stored polar  1
 Point written to save file  sg6040_Re500k.ext.pol                           
 Dump file unspecified or not available
 Calculating wake trajectory ...
 Calculating source influence matrix ...

 Solving BL system ...

 Side 1  free  transition at x/c =  0.0232   35
 Side 2 forced transition at x/c =  1.0000   61

   1   rms: 0.4618E-01   max: 0.1828E+00   D at   56  1   RLX: 0.287
       a = 22.250      CL =  1.3638
      Cm = -0.0536     CD =  0.14590   =>   CDf =  0.00385    CDp =  0.14205

 Side 1  free  transition at x/c =  0.0230   35
 Side 2 forced transition at x/c =  1.0000   61

   2   rms: 0.3262E-01   max: 0.1234E+00   T at   35  1
       a = 22.250      CL =  1.3684
      Cm = -0.0565     CD =  0.15196   =>   CDf =  0.00382    CDp =  0.14815

 Side 1  free  transition at x/c =  0.0225   35
 Side 2 forced transition at x/c =  1.0000   61

   3   rms: 0.6336E-02   max: -.2587E-01   C at   61  2
       a = 22.250      CL =  1.3643
      Cm = -0.0565     CD =  0.15050   =>   CDf =  0.00374    CDp =  0.14676

 Side 1  free  transition at x/c =  0.0225   35
 Side 2 forced transition at x/c =  1.0000   61

   4   rms: 0.2599E-03   max: 0.2599E-02   D at   80  2
       a = 22.250      CL =  1.3643
      Cm = -0.0565     CD =  0.15019   =>   CDf =  0.00374    CDp =  0.14645

 Side 1  free  transition at x/c =  0.0225   35
 Side 2 forced transition at x/c =  1.0000   61

   5   rms: 0.1222E-04   max: -.4481E-04   C at   61  2
       a = 22.250      CL =  1.3643
      Cm = -0.0565     CD =  0.15018   =>   CDf =  0.00374    CDp =  0.14644
 plradd ia,ip,cpol           17           0  9.13912081E-05

 Point added to stored polar  1
 Point written to save file  sg6040_Re500k.ext.pol                           
 Dump file unspecified or not available

.OPERva   c>  
 Polar accumulation disabled

.OPERv   c>  
 XFOIL   c>  
 XFOIL   c>  