
 ===================================================
  XFOIL Version 6.99
  Copyright (C) 2000   Mark Drela, Harold Youngren

  This software comes with ABSOLUTELY NO WARRANTY,
    subject to the GNU General Public License.

  Caveat computor
 ===================================================

 File  xfoil.def  not found

   QUIT    Exit program

  .OPER    Direct operating point(s)
  .MDES    Complex mapping design routine
  .QDES    Surface speed design routine
  .GDES    Geometry design routine

   SAVE f  Write airfoil to labeled coordinate file
   PSAV f  Write airfoil to plain coordinate file
   ISAV f  Write airfoil to ISES coordinate file
   MSAV f  Write airfoil to MSES coordinate file
   REVE    Reverse written-airfoil node ordering

   LOAD f  Read buffer airfoil from coordinate file
   NACA i  Set NACA 4,5-digit airfoil and buffer airfoil
   INTE    Set buffer airfoil by interpolating two airfoils
   NORM    Buffer airfoil normalization toggle
   XYCM rr Change CM reference location, currently  0.25000 0.00000

   BEND    Display structural properties of current airfoil

   PCOP    Set current-airfoil panel nodes directly from buffer airfoil points
   PANE    Set current-airfoil panel nodes ( 160 ) based on curvature
  .PPAR    Show/change paneling

  .PLOP    Plotting options

   WDEF f  Write  current-settings file
   RDEF f  Reread current-settings file
   NAME s  Specify new airfoil name
   NINC    Increment name version number

   Z       Zoom    | (available in all menus)
   U       Unzoom  | 

 XFOIL   c>  
 Labeled airfoil file.  Name:  SP4721LA                                        

 Number of input coordinate points: 120
 Counterclockwise ordering
 Max thickness =     0.213916  at x =   0.357
 Max camber    =     0.044511  at x =   0.676

  LE  x,y  =   0.00001  -0.00202  |   Chord =   0.99935
  TE  x,y  =   0.99936  -0.00241  |

 Current airfoil nodes set from buffer airfoil nodes ( 120 )

 XFOIL   c>  
 XFOIL   c>  
 Blunt trailing edge.  Gap =  0.00500

 Paneling parameters used...
   Number of panel nodes       160
   Panel bunching parameter    1.000
   TE/LE panel density ratio   0.150
   Refined-area/LE panel density ratio    0.200
   Top    side refined area x/c limits  1.000 1.000
   Bottom side refined area x/c limits  1.000 1.000

 XFOIL   c>  
.OPERi   c>  
 Xtr/c     =  1.0000    top    side
 Xtr/c     =  1.0000    bottom side
 Ncrit     =    9.00   ( 0.070 % turb. level )
 Vacc      =  0.0100

 Klag  =  5.6000     Uxwt  =    1.00
 A     =  6.7000     B     =  0.7500       KCt = 0.01485
 CtiniK=  1.8000     CtiniX=  3.3000

..VPAR   c>  
..VPAR   c>  
.OPERi   c>  
 M  =    0.0000
 Re =    600000

.OPERv   c>  
.OPERv   c>  
.OPERv   c>  
 Polar  1 newly created for accumulation
 Airfoil archived with polar: SP4721LA                                        

Enter  polar save filename  OR  <return> for no file   s>  
 New polar save file available

Enter  polar dump filename  OR  <return> for no file   s>  
 Polar dump file will NOT be written

 Polar accumulation enabled

.OPERva   c>   Calculating unit vorticity distributions ...
 Calculating wake trajectory ...
 Calculating source influence matrix ...

 Solving BL system ...

 Initializing BL ...
    side            1  ...
 MRCHUE: Inverse mode at  47     Hk =   4.666
 MRCHUE: Inverse mode at  48     Hk =   5.569
 MRCHUE: Inverse mode at  49     Hk =   6.452
 MRCHUE: Inverse mode at  50     Hk =   7.322
 MRCHUE: Inverse mode at  51     Hk =   7.348
 MRCHUE: Inverse mode at  52     Hk =   3.519
 MRCHUE: Inverse mode at  74     Hk =   2.500
 MRCHUE: Inverse mode at  75     Hk =   2.500
 MRCHUE: Inverse mode at  76     Hk =   2.500
    side            2  ...
 MRCHUE: Inverse mode at  11     Hk =   4.681
 MRCHUE: Convergence failed at  12  side 2    Res =  0.2974E+01
 MRCHUE: Inverse mode at  13     Hk =   6.170
 MRCHUE: Inverse mode at  14     Hk =   7.245
 MRCHUE: Inverse mode at  15     Hk =   8.187
 MRCHUE: Inverse mode at  16     Hk =   9.074
 MRCHUE: Inverse mode at  17     Hk =   7.729
 MRCHUE: Inverse mode at  18     Hk =   4.417
 MRCHUE: Inverse mode at  19     Hk =   2.500
 MRCHUE: Inverse mode at  60     Hk =   2.500
 MRCHUE: Inverse mode at  61     Hk =   2.500
 MRCHUE: Inverse mode at  62     Hk =   2.500
 MRCHUE: Inverse mode at  63     Hk =   2.500
 MRCHUE: Inverse mode at  64     Hk =   2.500
 MRCHUE: Inverse mode at  65     Hk =   2.500
 MRCHUE: Inverse mode at  66     Hk =   2.500
 MRCHUE: Inverse mode at  67     Hk =   2.500
 MRCHUE: Inverse mode at  68     Hk =   2.500
 MRCHUE: Inverse mode at  69     Hk =   2.500
 MRCHUE: Inverse mode at  70     Hk =   2.500
 MRCHUE: Inverse mode at  71     Hk =   2.500
 MRCHUE: Inverse mode at  72     Hk =   2.500
 MRCHUE: Inverse mode at  73     Hk =   2.500
 MRCHUE: Inverse mode at  74     Hk =   2.500
 MRCHUE: Inverse mode at  75     Hk =   2.500
 MRCHUE: Inverse mode at  76     Hk =   2.500
 MRCHUE: Inverse mode at  77     Hk =   2.500
 MRCHUE: Inverse mode at  78     Hk =   2.500
 MRCHUE: Inverse mode at  79     Hk =   2.500
 MRCHUE: Inverse mode at  80     Hk =   2.500
 MRCHUE: Inverse mode at  81     Hk =   2.500
 MRCHUE: Inverse mode at  82     Hk =   2.500
 MRCHUE: Inverse mode at  83     Hk =   2.500
 MRCHUE: Inverse mode at  84     Hk =   2.500

 MRCHDU: Convergence failed at  18  side 2    Res =  0.6169E+01
 MRCHDU: Convergence failed at  19  side 2    Res =  0.9005E+02
 Side 1  free  transition at x/c =  0.6119   51
 Side 2  free  transition at x/c =  0.0135   18

   1   rms: 0.8477E+00   max: -.8583E+01   T at   18  2   RLX: 0.058
       a = -4.000      CL =  0.3272
      Cm = -0.1684     CD =  0.01242   =>   CDf =  0.00812    CDp =  0.00430

 Side 1  free  transition at x/c =  0.6134   51
 Side 2  free  transition at x/c =  0.0254   21

   2   rms: 0.1458E+01   max: 0.1451E+02   C at   21  2   RLX: 0.043
       a = -4.000      CL =  0.3233
      Cm = -0.1673     CD =  0.01262   =>   CDf =  0.00808    CDp =  0.00454

 Side 1  free  transition at x/c =  0.6148   52
 Side 2  free  transition at x/c =  0.4431   51

   3   rms: 0.8685E+00   max: -.1239E+02   C at   51  2   RLX: 0.040
       a = -4.000      CL =  0.3129
      Cm = -0.1670     CD =  0.00877   =>   CDf =  0.00663    CDp =  0.00214

 Side 1  free  transition at x/c =  0.6165   52
 Side 2  free  transition at x/c =  0.4520   52

   4   rms: 0.4218E+00   max: 0.2983E+01   D at   52  2   RLX: 0.271
       a = -4.000      CL =  0.2869
      Cm = -0.1644     CD =  0.00868   =>   CDf =  0.00654    CDp =  0.00214

 Side 1  free  transition at x/c =  0.6271   52
 Side 2  free  transition at x/c =  0.4503   52

   5   rms: 0.4851E+00   max: 0.4176E+01   C at   52  2   RLX: 0.124
       a = -4.000      CL =  0.2988
      Cm = -0.1681     CD =  0.01048   =>   CDf =  0.00638    CDp =  0.00410

 MRCHDU: Convergence failed at  52  side 2    Res =  0.3013E+01
 MRCHDU: Convergence failed at  53  side 2    Res =  0.1401E+02
 MRCHDU: Convergence failed at  54  side 2    Res =  0.2824E+01
 MRCHDU: Convergence failed at  55  side 2    Res =  0.2483E+01
 MRCHDU: Convergence failed at  56  side 2    Res =  0.3596E+01
 MRCHDU: Convergence failed at  57  side 2    Res =  0.1504E+01
 MRCHDU: Convergence failed at  58  side 2    Res =  0.1977E+01
 MRCHDU: Convergence failed at  59  side 2    Res =  0.2651E+01
 MRCHDU: Convergence failed at  60  side 2    Res =  0.3343E+01
 MRCHDU: Convergence failed at  61  side 2    Res =  0.4091E+01
 MRCHDU: Convergence failed at  62  side 2    Res =  0.5186E+01
 MRCHDU: Convergence failed at  63  side 2    Res =  0.6651E+01
 MRCHDU: Convergence failed at  64  side 2    Res =  0.8060E+01
 MRCHDU: Convergence failed at  65  side 2    Res =  0.9680E+01
 MRCHDU: Convergence failed at  66  side 2    Res =  0.1160E+02
 MRCHDU: Convergence failed at  67  side 2    Res =  0.1445E+02
 MRCHDU: Convergence failed at  68  side 2    Res =  0.1770E+02
 MRCHDU: Convergence failed at  69  side 2    Res =  0.2167E+02
 MRCHDU: Convergence failed at  70  side 2    Res =  0.2726E+02
 MRCHDU: Convergence failed at  71  side 2    Res =  0.1873E+02
 MRCHDU: Convergence failed at  72  side 2    Res =  0.2110E+02
 MRCHDU: Convergence failed at  73  side 2    Res =  0.1284E+03
 MRCHDU: Convergence failed at  74  side 2    Res =  0.2248E+04
 MRCHDU: Convergence failed at  75  side 2    Res =  0.1726E+03
 MRCHDU: Convergence failed at  76  side 2    Res =  0.9676E+02
 MRCHDU: Convergence failed at  77  side 2    Res =  0.3538E+02
 MRCHDU: Convergence failed at  78  side 2    Res =  0.5897E+02
 MRCHDU: Convergence failed at  79  side 2    Res =  0.5465E+02
 MRCHDU: Convergence failed at  80  side 2    Res =  0.5380E+02
 MRCHDU: Convergence failed at  81  side 2    Res =  0.5717E+02
 MRCHDU: Convergence failed at  82  side 2    Res =  0.6661E+02
 MRCHDU: Convergence failed at  83  side 2    Res =  0.9848E+02
 MRCHDU: Convergence failed at  84  side 2    Res =  0.1874E+03
 MRCHDU: Convergence failed at  85  side 2    Res =  0.2812E+02
 MRCHDU: Convergence failed at  86  side 2    Res =  0.1621E+02
 Side 1  free  transition at x/c =  0.6306   52
 Side 2  free  transition at x/c =  0.5239   56

   6   rms: 0.5597E+00   max: -.4157E+00   U at   86  2   RLX: 0.468
       a = -4.000      CL =  0.0871
      Cm = -0.0642     CD =  0.00672   =>   CDf =  0.00566    CDp =  0.00107

 Side 1  free  transition at x/c =  0.6554   54
 Side 2  free  transition at x/c =  0.4817   54

   7   rms: 0.2977E+00   max: -.1944E+01   C at   54  1   RLX: 0.257
       a = -4.000      CL =  0.1503
      Cm = -0.0977     CD =  0.00713   =>   CDf =  0.00707    CDp =  0.00006

 Side 1  free  transition at x/c =  0.6642   54
 Side 2  free  transition at x/c =  0.4763   53
 idif Ue xi dudx           1  8.68604258E-02  2.70366669E-03   32.126900    
 Uenew xinew           2  2.68087751E-05  8.34465027E-07

   8   rms: 0.2138E+00   max: 0.1919E+00   D at   99  2   RLX: 0.873
       a = -4.000      CL =  0.2719
      Cm = -0.1652     CD =  0.00854   =>   CDf =  0.00680    CDp =  0.00173

 MRCHDU: Convergence failed at  55  side 1    Res =  0.8093E+00
 Side 1  free  transition at x/c =  0.7779   60
 Side 2  free  transition at x/c =  0.4618   53

   9   rms: 0.6592E+00   max: 0.1177E+02   T at    2  2   RLX: 0.109
       a = -4.000      CL =  0.2885
      Cm = -0.1729     CD =  0.00845   =>   CDf =  0.00537    CDp =  0.00308

 Side 1  free  transition at x/c =  0.7756   60
 Side 2  free  transition at x/c =  0.4617   53

  10   rms: 0.5239E-01   max: 0.7073E+00   D at   53  1
       a = -4.000      CL =  0.2786
      Cm = -0.1716     CD =  0.00867   =>   CDf =  0.00533    CDp =  0.00334

 Side 1  free  transition at x/c =  0.7451   58
 Side 2  free  transition at x/c =  0.4604   53

  11   rms: 0.2087E-01   max: -.2754E+00   C at   58  1
       a = -4.000      CL =  0.2764
      Cm = -0.1710     CD =  0.00879   =>   CDf =  0.00531    CDp =  0.00348

 Side 1  free  transition at x/c =  0.7290   57
 Side 2  free  transition at x/c =  0.4601   53

  12   rms: 0.5214E-02   max: -.6799E-01   C at   57  1
       a = -4.000      CL =  0.2758
      Cm = -0.1708     CD =  0.00888   =>   CDf =  0.00536    CDp =  0.00352

 Side 1  free  transition at x/c =  0.7285   57
 Side 2  free  transition at x/c =  0.4601   53

  13   rms: 0.2368E-03   max: 0.3882E-02   C at   57  1
       a = -4.000      CL =  0.2758
      Cm = -0.1708     CD =  0.00889   =>   CDf =  0.00535    CDp =  0.00354

 Side 1  free  transition at x/c =  0.7284   57
 Side 2  free  transition at x/c =  0.4601   53

  14   rms: 0.1240E-05   max: -.1434E-04   D at   59  1
       a = -4.000      CL =  0.2758
      Cm = -0.1708     CD =  0.00889   =>   CDf =  0.00535    CDp =  0.00354
 plradd ia,ip,cpol            1           0  0.34617832    

 Point added to stored polar  1
 Point written to save file  sp4721la_Re600k.base.pol                        
 Dump file unspecified or not available
 Calculating wake trajectory ...
 Calculating source influence matrix ...

 Solving BL system ...

 Side 1  free  transition at x/c =  0.7284   57
 Side 2  free  transition at x/c =  0.4601   53

   1   rms: 0.8066E-01   max: 0.2793E+00   D at   53  2
       a = -3.500      CL =  0.3348
      Cm = -0.1717     CD =  0.00904   =>   CDf =  0.00536    CDp =  0.00368

 Side 1  free  transition at x/c =  0.6998   57
 Side 2  free  transition at x/c =  0.4743   53

   2   rms: 0.1667E-01   max: -.2014E+00   D at   57  1
       a = -3.500      CL =  0.3330
      Cm = -0.1712     CD =  0.00911   =>   CDf =  0.00552    CDp =  0.00359

 Side 1  free  transition at x/c =  0.7039   57
 Side 2  free  transition at x/c =  0.4740   53

   3   rms: 0.2878E-02   max: 0.4299E-01   C at   57  1
       a = -3.500      CL =  0.3333
      Cm = -0.1713     CD =  0.00914   =>   CDf =  0.00548    CDp =  0.00366

 Side 1  free  transition at x/c =  0.7027   57
 Side 2  free  transition at x/c =  0.4737   53

   4   rms: 0.3205E-04   max: -.3208E-03   D at   58  1
       a = -3.500      CL =  0.3333
      Cm = -0.1713     CD =  0.00914   =>   CDf =  0.00550    CDp =  0.00364
 plradd ia,ip,cpol            2           0  0.34617832    

 Point added to stored polar  1
 Point written to save file  sp4721la_Re600k.base.pol                        
 Dump file unspecified or not available
 Calculating wake trajectory ...
 Calculating source influence matrix ...

 Solving BL system ...

 Side 1  free  transition at x/c =  0.7027   57
 Side 2  free  transition at x/c =  0.4737   53

   1   rms: 0.8292E-01   max: 0.5422E+00   C at   57  1
       a = -3.000      CL =  0.3894
      Cm = -0.1715     CD =  0.00950   =>   CDf =  0.00550    CDp =  0.00400

 Side 1  free  transition at x/c =  0.6769   56
 Side 2  free  transition at x/c =  0.4833   53

   2   rms: 0.1319E-01   max: 0.1815E+00   D at   57  1
       a = -3.000      CL =  0.3899
      Cm = -0.1716     CD =  0.00945   =>   CDf =  0.00571    CDp =  0.00373

 Side 1  free  transition at x/c =  0.6771   56
 Side 2  free  transition at x/c =  0.4841   53

   3   rms: 0.1193E-02   max: 0.2029E-01   C at   56  1
       a = -3.000      CL =  0.3900
      Cm = -0.1716     CD =  0.00944   =>   CDf =  0.00568    CDp =  0.00376

 Side 1  free  transition at x/c =  0.6765   56
 Side 2  free  transition at x/c =  0.4841   53

   4   rms: 0.3877E-05   max: -.6995E-04   D at   57  1
       a = -3.000      CL =  0.3900
      Cm = -0.1716     CD =  0.00944   =>   CDf =  0.00569    CDp =  0.00376
 plradd ia,ip,cpol            3           0  0.33026880    

 Point added to stored polar  1
 Point written to save file  sp4721la_Re600k.base.pol                        
 Dump file unspecified or not available
 Calculating wake trajectory ...
 Calculating source influence matrix ...

 Solving BL system ...

 Side 1  free  transition at x/c =  0.6765   56
 Side 2  free  transition at x/c =  0.4841   53

   1   rms: 0.8419E-01   max: 0.3953E+00   D at   53  2
       a = -2.500      CL =  0.4452
      Cm = -0.1715     CD =  0.00979   =>   CDf =  0.00568    CDp =  0.00411

 Side 1  free  transition at x/c =  0.6495   56
 Side 2  free  transition at x/c =  0.4995   53

   2   rms: 0.1702E-01   max: 0.1354E+00   T at   53  2
       a = -2.500      CL =  0.4449
      Cm = -0.1714     CD =  0.01002   =>   CDf =  0.00584    CDp =  0.00417

 Side 1  free  transition at x/c =  0.6514   56
 Side 2  free  transition at x/c =  0.4976   53

   3   rms: 0.1589E-02   max: -.1657E-01   D at   54  2
       a = -2.500      CL =  0.4449
      Cm = -0.1714     CD =  0.01009   =>   CDf =  0.00584    CDp =  0.00424

 Side 1  free  transition at x/c =  0.6510   56
 Side 2  free  transition at x/c =  0.4973   53

   4   rms: 0.1310E-03   max: 0.1255E-02   T at   53  2
       a = -2.500      CL =  0.4449
      Cm = -0.1713     CD =  0.01009   =>   CDf =  0.00585    CDp =  0.00423

 Side 1  free  transition at x/c =  0.6510   56
 Side 2  free  transition at x/c =  0.4973   53

   5   rms: 0.1074E-05   max: -.8438E-05   C at   56  1
       a = -2.500      CL =  0.4449
      Cm = -0.1713     CD =  0.01009   =>   CDf =  0.00585    CDp =  0.00423
 plradd ia,ip,cpol            4           0  0.33026880    

 Point added to stored polar  1
 Point written to save file  sp4721la_Re600k.base.pol                        
 Dump file unspecified or not available
 Calculating wake trajectory ...
 Calculating source influence matrix ...

 Solving BL system ...

 Side 1  free  transition at x/c =  0.6510   56
 Side 2  free  transition at x/c =  0.4973   53

   1   rms: 0.9927E-01   max: -.6465E+00   T at   53  2   RLX: 0.773
       a = -2.000      CL =  0.4844
      Cm = -0.1708     CD =  0.00995   =>   CDf =  0.00586    CDp =  0.00410

 Side 1  free  transition at x/c =  0.6339   55
 Side 2  free  transition at x/c =  0.5084   53

   2   rms: 0.3268E-01   max: -.1614E+00   D at   53  2
       a = -2.000      CL =  0.4961
      Cm = -0.1701     CD =  0.01085   =>   CDf =  0.00574    CDp =  0.00511

 Side 1  free  transition at x/c =  0.6289   55
 Side 2  free  transition at x/c =  0.5079   52

   3   rms: 0.3937E-02   max: -.2695E-01   D at   52  2
       a = -2.000      CL =  0.4959
      Cm = -0.1700     CD =  0.01083   =>   CDf =  0.00585    CDp =  0.00498

 Side 1  free  transition at x/c =  0.6284   55
 Side 2  free  transition at x/c =  0.5080   52

   4   rms: 0.2390E-03   max: -.2888E-02   D at    4  1
       a = -2.000      CL =  0.4959
      Cm = -0.1700     CD =  0.01083   =>   CDf =  0.00585    CDp =  0.00498

 Side 1  free  transition at x/c =  0.6284   55
 Side 2  free  transition at x/c =  0.5080   52

   5   rms: 0.1963E-05   max: 0.9164E-05   D at   54  2
       a = -2.000      CL =  0.4959
      Cm = -0.1700     CD =  0.01083   =>   CDf =  0.00585    CDp =  0.00498
 plradd ia,ip,cpol            5           0  0.33026880    

 Point added to stored polar  1
 Point written to save file  sp4721la_Re600k.base.pol                        
 Dump file unspecified or not available
 Calculating wake trajectory ...
 Calculating source influence matrix ...

 Solving BL system ...

 Side 1  free  transition at x/c =  0.6284   55
 Side 2  free  transition at x/c =  0.5080   52

   1   rms: 0.7768E-01   max: -.3068E+00   T at   52  2
       a = -1.500      CL =  0.5522
      Cm = -0.1701     CD =  0.01127   =>   CDf =  0.00585    CDp =  0.00542

 Side 1  free  transition at x/c =  0.6062   54
 Side 2  free  transition at x/c =  0.5079   52

   2   rms: 0.7312E-01   max: -.4158E+00   D at   52  2
       a = -1.500      CL =  0.5537
      Cm = -0.1708     CD =  0.01107   =>   CDf =  0.00591    CDp =  0.00516

 Side 1  free  transition at x/c =  0.6083   54
 Side 2  free  transition at x/c =  0.5119   52

   3   rms: 0.3393E-02   max: 0.4120E-01   D at   53  2
       a = -1.500      CL =  0.5526
      Cm = -0.1705     CD =  0.01102   =>   CDf =  0.00602    CDp =  0.00500

 Side 1  free  transition at x/c =  0.6080   54
 Side 2  free  transition at x/c =  0.5115   52

   4   rms: 0.1512E-03   max: 0.1587E-02   D at   53  2
       a = -1.500      CL =  0.5525
      Cm = -0.1705     CD =  0.01102   =>   CDf =  0.00602    CDp =  0.00500

 Side 1  free  transition at x/c =  0.6080   54
 Side 2  free  transition at x/c =  0.5115   52

   5   rms: 0.1175E-05   max: 0.6672E-05   D at    4  2
       a = -1.500      CL =  0.5525
      Cm = -0.1705     CD =  0.01102   =>   CDf =  0.00602    CDp =  0.00500
 plradd ia,ip,cpol            6           0  0.33026880    

 Point added to stored polar  1
 Point written to save file  sp4721la_Re600k.base.pol                        
 Dump file unspecified or not available
 Calculating wake trajectory ...
 Calculating source influence matrix ...

 Solving BL system ...

 Side 1  free  transition at x/c =  0.6080   54
 Side 2  free  transition at x/c =  0.5115   52

   1   rms: 0.7388E-01   max: -.1115E+00   T at   52  2
       a = -1.000      CL =  0.6102
      Cm = -0.1714     CD =  0.01109   =>   CDf =  0.00598    CDp =  0.00511

 Side 1  free  transition at x/c =  0.5901   54
 Side 2  free  transition at x/c =  0.5132   51

   2   rms: 0.8089E-02   max: -.9426E-01   C at   54  1
       a = -1.000      CL =  0.6094
      Cm = -0.1712     CD =  0.01114   =>   CDf =  0.00622    CDp =  0.00493

 Side 1  free  transition at x/c =  0.5909   54
 Side 2  free  transition at x/c =  0.5132   51

   3   rms: 0.4931E-03   max: 0.5634E-02   C at   54  1
       a = -1.000      CL =  0.6095
      Cm = -0.1712     CD =  0.01114   =>   CDf =  0.00619    CDp =  0.00495

 Side 1  free  transition at x/c =  0.5908   54
 Side 2  free  transition at x/c =  0.5132   51

   4   rms: 0.1960E-05   max: -.1438E-04   D at   55  1
       a = -1.000      CL =  0.6095
      Cm = -0.1712     CD =  0.01114   =>   CDf =  0.00619    CDp =  0.00495
 plradd ia,ip,cpol            7           0  0.33026880    

 Point added to stored polar  1
 Point written to save file  sp4721la_Re600k.base.pol                        
 Dump file unspecified or not available
 Calculating wake trajectory ...
 Calculating source influence matrix ...

 Solving BL system ...

 Side 1  free  transition at x/c =  0.5908   54
 Side 2  free  transition at x/c =  0.5132   51

   1   rms: 0.7288E-01   max: -.1235E+00   T at   51  2
       a = -0.500      CL =  0.6670
      Cm = -0.1720     CD =  0.01126   =>   CDf =  0.00614    CDp =  0.00512

 Side 1  free  transition at x/c =  0.5749   54
 Side 2  free  transition at x/c =  0.5158   51

   2   rms: 0.2118E-01   max: 0.2113E+00   D at   51  2
       a = -0.500      CL =  0.6659
      Cm = -0.1718     CD =  0.01116   =>   CDf =  0.00634    CDp =  0.00482

 Side 1  free  transition at x/c =  0.5759   54
 Side 2  free  transition at x/c =  0.5155   51

   3   rms: 0.1299E-02   max: 0.1028E-01   D at   51  2
       a = -0.500      CL =  0.6660
      Cm = -0.1718     CD =  0.01117   =>   CDf =  0.00630    CDp =  0.00488

 Side 1  free  transition at x/c =  0.5757   54
 Side 2  free  transition at x/c =  0.5154   51

   4   rms: 0.6741E-05   max: -.5332E-04   D at   51  2
       a = -0.500      CL =  0.6660
      Cm = -0.1718     CD =  0.01117   =>   CDf =  0.00630    CDp =  0.00488
 plradd ia,ip,cpol            8           0  0.33026880    

 Point added to stored polar  1
 Point written to save file  sp4721la_Re600k.base.pol                        
 Dump file unspecified or not available
 Calculating wake trajectory ...
 Calculating source influence matrix ...

 Solving BL system ...

 Side 1  free  transition at x/c =  0.5757   54
 Side 2  free  transition at x/c =  0.5154   51

   1   rms: 0.7130E-01   max: -.1308E+00   T at   51  2
       a =  0.000      CL =  0.7228
      Cm = -0.1724     CD =  0.01123   =>   CDf =  0.00624    CDp =  0.00499

 Side 1  free  transition at x/c =  0.5615   54
 Side 2  free  transition at x/c =  0.5176   50

   2   rms: 0.8933E-02   max: 0.1103E+00   D at    3  1
       a =  0.000      CL =  0.7211
      Cm = -0.1721     CD =  0.01135   =>   CDf =  0.00640    CDp =  0.00495

 Side 1  free  transition at x/c =  0.5625   54
 Side 2  free  transition at x/c =  0.5174   50

   3   rms: 0.5120E-03   max: -.4727E-02   D at    6  2
       a =  0.000      CL =  0.7212
      Cm = -0.1721     CD =  0.01135   =>   CDf =  0.00639    CDp =  0.00497

 Side 1  free  transition at x/c =  0.5624   54
 Side 2  free  transition at x/c =  0.5174   50

   4   rms: 0.8842E-06   max: -.6243E-05   C at   54  1
       a =  0.000      CL =  0.7212
      Cm = -0.1721     CD =  0.01135   =>   CDf =  0.00639    CDp =  0.00497
 plradd ia,ip,cpol            9           0  0.31442487    

 Point added to stored polar  1
 Point written to save file  sp4721la_Re600k.base.pol                        
 Dump file unspecified or not available
 Calculating wake trajectory ...
 Calculating source influence matrix ...

 Solving BL system ...

 Side 1  free  transition at x/c =  0.5624   54
 Side 2  free  transition at x/c =  0.5174   50

   1   rms: 0.7014E-01   max: -.1154E+00   T at   50  2
       a =  0.500      CL =  0.7788
      Cm = -0.1728     CD =  0.01140   =>   CDf =  0.00632    CDp =  0.00508

 Side 1  free  transition at x/c =  0.5502   55
 Side 2  free  transition at x/c =  0.5195   49

   2   rms: 0.6462E-02   max: -.5374E-01   C at   55  1
       a =  0.500      CL =  0.7772
      Cm = -0.1725     CD =  0.01150   =>   CDf =  0.00644    CDp =  0.00506

 Side 1  free  transition at x/c =  0.5513   55
 Side 2  free  transition at x/c =  0.5195   49

   3   rms: 0.4065E-03   max: -.4596E-02   D at    5  2
       a =  0.500      CL =  0.7773
      Cm = -0.1725     CD =  0.01150   =>   CDf =  0.00642    CDp =  0.00509

 Side 1  free  transition at x/c =  0.5512   55
 Side 2  free  transition at x/c =  0.5195   49

   4   rms: 0.8863E-06   max: -.8440E-05   D at   56  1
       a =  0.500      CL =  0.7773
      Cm = -0.1725     CD =  0.01150   =>   CDf =  0.00642    CDp =  0.00509
 plradd ia,ip,cpol           10           0  0.31442487    

 Point added to stored polar  1
 Point written to save file  sp4721la_Re600k.base.pol                        
 Dump file unspecified or not available
 Calculating wake trajectory ...
 Calculating source influence matrix ...

 Solving BL system ...

 Side 1  free  transition at x/c =  0.5512   55
 Side 2  free  transition at x/c =  0.5195   49

   1   rms: 0.7128E-01   max: -.1088E+00   T at   49  2
       a =  1.000      CL =  0.8324
      Cm = -0.1727     CD =  0.01175   =>   CDf =  0.00633    CDp =  0.00542

 Side 1  free  transition at x/c =  0.5424   55
 Side 2  free  transition at x/c =  0.5219   48

   2   rms: 0.9451E-02   max: 0.8600E-01   D at    3  1
       a =  1.000      CL =  0.8329
      Cm = -0.1728     CD =  0.01170   =>   CDf =  0.00648    CDp =  0.00522

 Side 1  free  transition at x/c =  0.5416   55
 Side 2  free  transition at x/c =  0.5219   48

   3   rms: 0.6352E-03   max: 0.5986E-02   D at    4  1
       a =  1.000      CL =  0.8332
      Cm = -0.1729     CD =  0.01171   =>   CDf =  0.00646    CDp =  0.00524

 Side 1  free  transition at x/c =  0.5415   55
 Side 2  free  transition at x/c =  0.5219   48

   4   rms: 0.1183E-05   max: -.8665E-05   D at   56  1
       a =  1.000      CL =  0.8332
      Cm = -0.1729     CD =  0.01171   =>   CDf =  0.00646    CDp =  0.00524
 plradd ia,ip,cpol           11           0  0.31442487    

 Point added to stored polar  1
 Point written to save file  sp4721la_Re600k.base.pol                        
 Dump file unspecified or not available
 Calculating wake trajectory ...
 Calculating source influence matrix ...

 Solving BL system ...

 Side 1  free  transition at x/c =  0.5415   55
 Side 2  free  transition at x/c =  0.5219   48

   1   rms: 0.7102E-01   max: -.1106E+00   T at   48  2
       a =  1.500      CL =  0.8899
      Cm = -0.1735     CD =  0.01184   =>   CDf =  0.00637    CDp =  0.00547

 Side 1  free  transition at x/c =  0.5318   56
 Side 2  free  transition at x/c =  0.5247   47

   2   rms: 0.7890E-02   max: 0.8452E-01   D at    3  1
       a =  1.500      CL =  0.8888
      Cm = -0.1733     CD =  0.01191   =>   CDf =  0.00654    CDp =  0.00538

 Side 1  free  transition at x/c =  0.5325   56
 Side 2  free  transition at x/c =  0.5247   47

   3   rms: 0.6881E-03   max: 0.8106E-02   D at    4  1
       a =  1.500      CL =  0.8890
      Cm = -0.1733     CD =  0.01192   =>   CDf =  0.00652    CDp =  0.00540

 Side 1  free  transition at x/c =  0.5325   56
 Side 2  free  transition at x/c =  0.5247   47

   4   rms: 0.1065E-05   max: 0.7126E-05   D at    8  1
       a =  1.500      CL =  0.8890
      Cm = -0.1733     CD =  0.01192   =>   CDf =  0.00652    CDp =  0.00540
 plradd ia,ip,cpol           12           0  0.31442487    

 Point added to stored polar  1
 Point written to save file  sp4721la_Re600k.base.pol                        
 Dump file unspecified or not available
 Calculating wake trajectory ...
 Calculating source influence matrix ...

 Solving BL system ...

 Side 1  free  transition at x/c =  0.5325   56
 Side 2  free  transition at x/c =  0.5247   47

   1   rms: 0.7199E-01   max: -.1184E+00   T at   47  2
       a =  2.000      CL =  0.9444
      Cm = -0.1737     CD =  0.01222   =>   CDf =  0.00652    CDp =  0.00570

 Side 1  free  transition at x/c =  0.5252   55
 Side 2  free  transition at x/c =  0.5276   47

   2   rms: 0.9602E-02   max: -.9253E-01   D at   55  1
       a =  2.000      CL =  0.9447
      Cm = -0.1737     CD =  0.01212   =>   CDf =  0.00658    CDp =  0.00554

 Side 1  free  transition at x/c =  0.5247   55
 Side 2  free  transition at x/c =  0.5276   47

   3   rms: 0.6127E-03   max: -.4941E-02   D at   56  1
       a =  2.000      CL =  0.9452
      Cm = -0.1738     CD =  0.01213   =>   CDf =  0.00656    CDp =  0.00557

 Side 1  free  transition at x/c =  0.5245   55
 Side 2  free  transition at x/c =  0.5276   47

   4   rms: 0.1799E-05   max: -.2033E-04   D at   56  1
       a =  2.000      CL =  0.9452
      Cm = -0.1738     CD =  0.01213   =>   CDf =  0.00656    CDp =  0.00557
 plradd ia,ip,cpol           13           0  0.31442487    

 Point added to stored polar  1
 Point written to save file  sp4721la_Re600k.base.pol                        
 Dump file unspecified or not available
 Calculating wake trajectory ...
 Calculating source influence matrix ...

 Solving BL system ...

 Side 1  free  transition at x/c =  0.5245   55
 Side 2  free  transition at x/c =  0.5276   47

   1   rms: 0.7010E-01   max: -.1371E+00   T at   47  2
       a =  2.500      CL =  1.0015
      Cm = -0.1743     CD =  0.01229   =>   CDf =  0.00645    CDp =  0.00584

 Side 1  free  transition at x/c =  0.5162   56
 Side 2  free  transition at x/c =  0.5302   47

   2   rms: 0.1515E-01   max: -.1776E+00   D at    3  1
       a =  2.500      CL =  1.0005
      Cm = -0.1742     CD =  0.01235   =>   CDf =  0.00662    CDp =  0.00572

 Side 1  free  transition at x/c =  0.5168   56
 Side 2  free  transition at x/c =  0.5300   47

   3   rms: 0.2069E-02   max: -.2567E-01   D at    4  1
       a =  2.500      CL =  1.0007
      Cm = -0.1742     CD =  0.01235   =>   CDf =  0.00660    CDp =  0.00574

 Side 1  free  transition at x/c =  0.5168   56
 Side 2  free  transition at x/c =  0.5300   47

   4   rms: 0.8307E-05   max: -.1223E-03   D at    4  1
       a =  2.500      CL =  1.0007
      Cm = -0.1742     CD =  0.01235   =>   CDf =  0.00661    CDp =  0.00574
 plradd ia,ip,cpol           14           0  0.31442487    

 Point added to stored polar  1
 Point written to save file  sp4721la_Re600k.base.pol                        
 Dump file unspecified or not available
 Calculating wake trajectory ...
 Calculating source influence matrix ...

 Solving BL system ...

 Side 1  free  transition at x/c =  0.5168   56
 Side 2  free  transition at x/c =  0.5300   47

   1   rms: 0.7710E-01   max: -.2188E+00   T at   47  2
       a =  3.000      CL =  1.0573
      Cm = -0.1750     CD =  0.01238   =>   CDf =  0.00648    CDp =  0.00590

 Side 1  free  transition at x/c =  0.5110   56
 Side 2  free  transition at x/c =  0.5354   46

   2   rms: 0.1401E-01   max: 0.1310E+00   T at   46  2
       a =  3.000      CL =  1.0563
      Cm = -0.1746     CD =  0.01254   =>   CDf =  0.00658    CDp =  0.00596

 Side 1  free  transition at x/c =  0.5103   56
 Side 2  free  transition at x/c =  0.5332   46

   3   rms: 0.2276E-02   max: 0.2077E-01   D at    5  1
       a =  3.000      CL =  1.0564
      Cm = -0.1747     CD =  0.01256   =>   CDf =  0.00659    CDp =  0.00597

 Side 1  free  transition at x/c =  0.5102   56
 Side 2  free  transition at x/c =  0.5331   46

   4   rms: 0.1170E-04   max: 0.1245E-03   T at   46  2
       a =  3.000      CL =  1.0564
      Cm = -0.1747     CD =  0.01256   =>   CDf =  0.00659    CDp =  0.00597
 plradd ia,ip,cpol           15           0  0.29859886    

 Point added to stored polar  1
 Point written to save file  sp4721la_Re600k.base.pol                        
 Dump file unspecified or not available
 Calculating wake trajectory ...
 Calculating source influence matrix ...

 Solving BL system ...

 Side 1  free  transition at x/c =  0.5102   56
 Side 2  free  transition at x/c =  0.5331   46

   1   rms: 0.6850E-01   max: -.1492E+00   T at   46  2
       a =  3.500      CL =  1.1111
      Cm = -0.1748     CD =  0.01272   =>   CDf =  0.00646    CDp =  0.00626

 Side 1  free  transition at x/c =  0.5034   57
 Side 2  free  transition at x/c =  0.5362   45

   2   rms: 0.5804E-02   max: -.6527E-01   D at   57  1
       a =  3.500      CL =  1.1102
      Cm = -0.1746     CD =  0.01277   =>   CDf =  0.00653    CDp =  0.00624

 Side 1  free  transition at x/c =  0.5041   57
 Side 2  free  transition at x/c =  0.5360   45

   3   rms: 0.4710E-03   max: 0.4309E-02   D at    6  1
       a =  3.500      CL =  1.1104
      Cm = -0.1747     CD =  0.01277   =>   CDf =  0.00651    CDp =  0.00626

 Side 1  free  transition at x/c =  0.5040   57
 Side 2  free  transition at x/c =  0.5360   45

   4   rms: 0.2572E-05   max: 0.1064E-04   D at   88  1
       a =  3.500      CL =  1.1104
      Cm = -0.1747     CD =  0.01277   =>   CDf =  0.00651    CDp =  0.00626
 plradd ia,ip,cpol           16           0  0.29859886    

 Point added to stored polar  1
 Point written to save file  sp4721la_Re600k.base.pol                        
 Dump file unspecified or not available
 Calculating wake trajectory ...
 Calculating source influence matrix ...

 Solving BL system ...

 Side 1  free  transition at x/c =  0.5040   57
 Side 2  free  transition at x/c =  0.5360   45

   1   rms: 0.6802E-01   max: -.1373E+00   T at   45  2
       a =  4.000      CL =  1.1633
      Cm = -0.1744     CD =  0.01302   =>   CDf =  0.00652    CDp =  0.00650

 Side 1  free  transition at x/c =  0.4929   56
 Side 2  free  transition at x/c =  0.5391   45

   2   rms: 0.9605E-02   max: -.1060E+00   D at   56  1
       a =  4.000      CL =  1.1620
      Cm = -0.1742     CD =  0.01313   =>   CDf =  0.00659    CDp =  0.00655

 Side 1  free  transition at x/c =  0.4947   56
 Side 2  free  transition at x/c =  0.5393   45

   3   rms: 0.5327E-03   max: -.2576E-02   C at   56  1
       a =  4.000      CL =  1.1624
      Cm = -0.1743     CD =  0.01313   =>   CDf =  0.00656    CDp =  0.00657

 Side 1  free  transition at x/c =  0.4946   56
 Side 2  free  transition at x/c =  0.5393   45

   4   rms: 0.3858E-05   max: -.1510E-04   D at   84  1
       a =  4.000      CL =  1.1624
      Cm = -0.1743     CD =  0.01313   =>   CDf =  0.00656    CDp =  0.00657
 plradd ia,ip,cpol           17           0  0.29859886    

 Point added to stored polar  1
 Point written to save file  sp4721la_Re600k.base.pol                        
 Dump file unspecified or not available
 Calculating wake trajectory ...
 Calculating source influence matrix ...

 Solving BL system ...

 Side 1  free  transition at x/c =  0.4946   56
 Side 2  free  transition at x/c =  0.5393   45

   1   rms: 0.6744E-01   max: -.3270E+00   C at   56  1
       a =  4.500      CL =  1.2087
      Cm = -0.1727     CD =  0.01319   =>   CDf =  0.00641    CDp =  0.00678

 Side 1  free  transition at x/c =  0.4857   57
 Side 2  free  transition at x/c =  0.5424   44

   2   rms: 0.5840E-02   max: -.3632E-01   D at   45  2
       a =  4.500      CL =  1.2110
      Cm = -0.1732     CD =  0.01330   =>   CDf =  0.00649    CDp =  0.00682

 Side 1  free  transition at x/c =  0.4858   57
 Side 2  free  transition at x/c =  0.5427   44

   3   rms: 0.3245E-03   max: 0.2697E-02   D at   88  1
       a =  4.500      CL =  1.2107
      Cm = -0.1732     CD =  0.01330   =>   CDf =  0.00649    CDp =  0.00681

 Side 1  free  transition at x/c =  0.4858   57
 Side 2  free  transition at x/c =  0.5427   44

   4   rms: 0.2726E-05   max: 0.1431E-04   D at   89  1
       a =  4.500      CL =  1.2107
      Cm = -0.1732     CD =  0.01330   =>   CDf =  0.00649    CDp =  0.00681
 plradd ia,ip,cpol           18           0  7.50935152E-02

 Point added to stored polar  1
 Point written to save file  sp4721la_Re600k.base.pol                        
 Dump file unspecified or not available
 Calculating wake trajectory ...
 Calculating source influence matrix ...

 Solving BL system ...

 Side 1  free  transition at x/c =  0.4858   57
 Side 2  free  transition at x/c =  0.5427   44

   1   rms: 0.6681E-01   max: -.1369E+00   T at   44  2
       a =  5.000      CL =  1.2596
      Cm = -0.1722     CD =  0.01357   =>   CDf =  0.00632    CDp =  0.00725

 Side 1  free  transition at x/c =  0.4779   57
 Side 2  free  transition at x/c =  0.5457   43

   2   rms: 0.4592E-02   max: -.4733E-01   D at    3  1
       a =  5.000      CL =  1.2603
      Cm = -0.1724     CD =  0.01369   =>   CDf =  0.00655    CDp =  0.00714

 Side 1  free  transition at x/c =  0.4779   57
 Side 2  free  transition at x/c =  0.5457   43

   3   rms: 0.5893E-03   max: -.6487E-02   D at    4  1
       a =  5.000      CL =  1.2604
      Cm = -0.1724     CD =  0.01369   =>   CDf =  0.00655    CDp =  0.00714

 Side 1  free  transition at x/c =  0.4779   57
 Side 2  free  transition at x/c =  0.5457   43

   4   rms: 0.1055E-05   max: 0.5766E-05   D at   44  2
       a =  5.000      CL =  1.2604
      Cm = -0.1724     CD =  0.01369   =>   CDf =  0.00655    CDp =  0.00714
 plradd ia,ip,cpol           19           0  6.42580017E-02

 Point added to stored polar  1
 Point written to save file  sp4721la_Re600k.base.pol                        
 Dump file unspecified or not available
 Calculating wake trajectory ...
 Calculating source influence matrix ...

 Solving BL system ...

 Side 1  free  transition at x/c =  0.4779   57
 Side 2  free  transition at x/c =  0.5457   43

   1   rms: 0.6383E-01   max: -.1573E+00   T at   43  2
       a =  5.500      CL =  1.3035
      Cm = -0.1702     CD =  0.01384   =>   CDf =  0.00655    CDp =  0.00729

 Side 1  free  transition at x/c =  0.4612   56
 Side 2  free  transition at x/c =  0.5492   44

   2   rms: 0.1929E-01   max: 0.1870E+00   D at   44  2
       a =  5.500      CL =  1.3010
      Cm = -0.1698     CD =  0.01399   =>   CDf =  0.00661    CDp =  0.00738

 Side 1  free  transition at x/c =  0.4665   57
 Side 2  free  transition at x/c =  0.5489   44

   3   rms: 0.5874E-02   max: 0.9644E-01   D at   57  1
       a =  5.500      CL =  1.2996
      Cm = -0.1695     CD =  0.01382   =>   CDf =  0.00647    CDp =  0.00735

 Side 1  free  transition at x/c =  0.4668   57
 Side 2  free  transition at x/c =  0.5488   44

   4   rms: 0.4361E-03   max: 0.3202E-02   T at   57  1
       a =  5.500      CL =  1.2999
      Cm = -0.1696     CD =  0.01383   =>   CDf =  0.00645    CDp =  0.00737

 Side 1  free  transition at x/c =  0.4667   57
 Side 2  free  transition at x/c =  0.5488   44

   5   rms: 0.8109E-05   max: 0.3045E-04   D at   88  1
       a =  5.500      CL =  1.2999
      Cm = -0.1696     CD =  0.01383   =>   CDf =  0.00646    CDp =  0.00737
 plradd ia,ip,cpol           20           0  6.42580017E-02

 Point added to stored polar  1
 Point written to save file  sp4721la_Re600k.base.pol                        
 Dump file unspecified or not available
 Calculating wake trajectory ...
 Calculating source influence matrix ...

 Solving BL system ...

 Side 1  free  transition at x/c =  0.4667   57
 Side 2  free  transition at x/c =  0.5488   44

   1   rms: 0.8571E-01   max: -.6214E+00   D at   57  1   RLX: 0.805
       a =  6.000      CL =  1.3257
      Cm = -0.1662     CD =  0.01421   =>   CDf =  0.00627    CDp =  0.00795

 Side 1  free  transition at x/c =  0.4518   57
 Side 2  free  transition at x/c =  0.5513   43

   2   rms: 0.2770E-01   max: -.2919E+00   D at   58  1
       a =  6.000      CL =  1.3373
      Cm = -0.1664     CD =  0.01414   =>   CDf =  0.00644    CDp =  0.00770

 Side 1  free  transition at x/c =  0.4488   57
 Side 2  free  transition at x/c =  0.5518   43

   3   rms: 0.4869E-02   max: -.5097E-01   D at   58  1
       a =  6.000      CL =  1.3390
      Cm = -0.1668     CD =  0.01427   =>   CDf =  0.00643    CDp =  0.00783

 Side 1  free  transition at x/c =  0.4474   57
 Side 2  free  transition at x/c =  0.5518   43

   4   rms: 0.1669E-03   max: -.3028E-02   D at   58  1
       a =  6.000      CL =  1.3389
      Cm = -0.1668     CD =  0.01427   =>   CDf =  0.00646    CDp =  0.00781

 Side 1  free  transition at x/c =  0.4474   57
 Side 2  free  transition at x/c =  0.5518   43

   5   rms: 0.1377E-05   max: -.9038E-05   D at   58  1
       a =  6.000      CL =  1.3389
      Cm = -0.1668     CD =  0.01427   =>   CDf =  0.00646    CDp =  0.00781
 plradd ia,ip,cpol           21           0  5.45145869E-02

 Point added to stored polar  1
 Point written to save file  sp4721la_Re600k.base.pol                        
 Dump file unspecified or not available
 Calculating wake trajectory ...
 Calculating source influence matrix ...

 Solving BL system ...

 Side 1  free  transition at x/c =  0.4474   57
 Side 2  free  transition at x/c =  0.5518   43

   1   rms: 0.6850E-01   max: -.3110E+00   D at   57  1
       a =  6.500      CL =  1.3818
      Cm = -0.1649     CD =  0.01486   =>   CDf =  0.00627    CDp =  0.00860

 Side 1  free  transition at x/c =  0.4344   57
 Side 2  free  transition at x/c =  0.5549   42

   2   rms: 0.1906E-01   max: -.2216E+00   D at   57  1
       a =  6.500      CL =  1.3826
      Cm = -0.1650     CD =  0.01467   =>   CDf =  0.00643    CDp =  0.00824

 Side 1  free  transition at x/c =  0.4357   57
 Side 2  free  transition at x/c =  0.5551   42

   3   rms: 0.2992E-02   max: 0.3105E-01   C at   57  1
       a =  6.500      CL =  1.3843
      Cm = -0.1653     CD =  0.01469   =>   CDf =  0.00639    CDp =  0.00831

 Side 1  free  transition at x/c =  0.4349   57
 Side 2  free  transition at x/c =  0.5551   42

   4   rms: 0.4499E-04   max: -.4251E-03   D at   58  1
       a =  6.500      CL =  1.3843
      Cm = -0.1653     CD =  0.01469   =>   CDf =  0.00640    CDp =  0.00829
 plradd ia,ip,cpol           22           0  4.59031649E-02

 Point added to stored polar  1
 Point written to save file  sp4721la_Re600k.base.pol                        
 Dump file unspecified or not available
 Calculating wake trajectory ...
 Calculating source influence matrix ...

 Solving BL system ...

 Side 1  free  transition at x/c =  0.4349   57
 Side 2  free  transition at x/c =  0.5551   42

   1   rms: 0.6870E-01   max: -.2975E+00   D at   57  1
       a =  7.000      CL =  1.4266
      Cm = -0.1633     CD =  0.01523   =>   CDf =  0.00640    CDp =  0.00883

 Side 1  free  transition at x/c =  0.4197   56
 Side 2  free  transition at x/c =  0.5587   42

   2   rms: 0.8457E-02   max: -.8752E-01   D at   56  1
       a =  7.000      CL =  1.4272
      Cm = -0.1634     CD =  0.01521   =>   CDf =  0.00640    CDp =  0.00881

 Side 1  free  transition at x/c =  0.4205   56
 Side 2  free  transition at x/c =  0.5587   42

   3   rms: 0.5734E-03   max: 0.4353E-02   C at   56  1
       a =  7.000      CL =  1.4276
      Cm = -0.1635     CD =  0.01521   =>   CDf =  0.00638    CDp =  0.00883

 Side 1  free  transition at x/c =  0.4204   56
 Side 2  free  transition at x/c =  0.5587   42

   4   rms: 0.4068E-05   max: 0.4157E-04   D at   43  2
       a =  7.000      CL =  1.4276
      Cm = -0.1635     CD =  0.01521   =>   CDf =  0.00638    CDp =  0.00883
 plradd ia,ip,cpol           23           0  4.59031649E-02

 Point added to stored polar  1
 Point written to save file  sp4721la_Re600k.base.pol                        
 Dump file unspecified or not available
 Calculating wake trajectory ...
 Calculating source influence matrix ...

 Solving BL system ...

 Side 1  free  transition at x/c =  0.4204   56
 Side 2  free  transition at x/c =  0.5587   42

   1   rms: 0.6821E-01   max: -.2413E+00   D at   56  1
       a =  7.500      CL =  1.4717
      Cm = -0.1619     CD =  0.01574   =>   CDf =  0.00616    CDp =  0.00957

 Side 1  free  transition at x/c =  0.3987   56
 Side 2  free  transition at x/c =  0.5623   41

   2   rms: 0.1225E-01   max: -.1514E+00   C at   56  1
       a =  7.500      CL =  1.4678
      Cm = -0.1612     CD =  0.01585   =>   CDf =  0.00644    CDp =  0.00941

 Side 1  free  transition at x/c =  0.4028   56
 Side 2  free  transition at x/c =  0.5623   41

   3   rms: 0.1172E-02   max: -.1217E-01   D at   57  1
       a =  7.500      CL =  1.4685
      Cm = -0.1614     CD =  0.01585   =>   CDf =  0.00639    CDp =  0.00946

 Side 1  free  transition at x/c =  0.4024   56
 Side 2  free  transition at x/c =  0.5623   41

   4   rms: 0.1219E-04   max: 0.1333E-03   D at   42  2
       a =  7.500      CL =  1.4685
      Cm = -0.1614     CD =  0.01585   =>   CDf =  0.00639    CDp =  0.00946
 plradd ia,ip,cpol           24           0  3.84208784E-02

 Point added to stored polar  1
 Point written to save file  sp4721la_Re600k.base.pol                        
 Dump file unspecified or not available
 Calculating wake trajectory ...
 Calculating source influence matrix ...

 Solving BL system ...

 Side 1  free  transition at x/c =  0.4024   56
 Side 2  free  transition at x/c =  0.5623   41

   1   rms: 0.7046E-01   max: 0.3256E+00   C at   56  1
       a =  8.000      CL =  1.5074
      Cm = -0.1589     CD =  0.01659   =>   CDf =  0.00639    CDp =  0.01020

 Side 1  free  transition at x/c =  0.3748   54
 Side 2  free  transition at x/c =  0.5659   42

   2   rms: 0.1417E-01   max: 0.1535E+00   D at   55  1
       a =  8.000      CL =  1.5054
      Cm = -0.1587     CD =  0.01664   =>   CDf =  0.00646    CDp =  0.01019

 Side 1  free  transition at x/c =  0.3779   54
 Side 2  free  transition at x/c =  0.5658   42

   3   rms: 0.1557E-02   max: 0.1555E-01   D at   42  2
       a =  8.000      CL =  1.5055
      Cm = -0.1587     CD =  0.01664   =>   CDf =  0.00643    CDp =  0.01021

 Side 1  free  transition at x/c =  0.3777   54
 Side 2  free  transition at x/c =  0.5657   42

   4   rms: 0.5960E-05   max: 0.4012E-04   T at   42  2
       a =  8.000      CL =  1.5055
      Cm = -0.1587     CD =  0.01664   =>   CDf =  0.00643    CDp =  0.01020
 plradd ia,ip,cpol           25           0  3.84208784E-02

 Point added to stored polar  1
 Point written to save file  sp4721la_Re600k.base.pol                        
 Dump file unspecified or not available
 Calculating wake trajectory ...
 Calculating source influence matrix ...

 Solving BL system ...

 Side 1  free  transition at x/c =  0.3777   54
 Side 2  free  transition at x/c =  0.5657   42

   1   rms: 0.6927E-01   max: 0.2261E+00   C at   54  1
       a =  8.500      CL =  1.5509
      Cm = -0.1575     CD =  0.01715   =>   CDf =  0.00619    CDp =  0.01096

 Side 1  free  transition at x/c =  0.3150   52
 Side 2  free  transition at x/c =  0.5693   41

   2   rms: 0.3356E-01   max: -.6182E+00   C at   52  1   RLX: 0.809
       a =  8.500      CL =  1.5385
      Cm = -0.1557     CD =  0.01772   =>   CDf =  0.00671    CDp =  0.01101

 Side 1  free  transition at x/c =  0.3282   52
 Side 2  free  transition at x/c =  0.5689   41

   3   rms: 0.1112E-01   max: -.2337E+00   C at   52  1
       a =  8.500      CL =  1.5334
      Cm = -0.1547     CD =  0.01790   =>   CDf =  0.00659    CDp =  0.01131

 Side 1  free  transition at x/c =  0.3351   53
 Side 2  free  transition at x/c =  0.5688   41

   4   rms: 0.3448E-02   max: 0.7303E-01   C at   53  1
       a =  8.500      CL =  1.5338
      Cm = -0.1547     CD =  0.01789   =>   CDf =  0.00653    CDp =  0.01136

 Side 1  free  transition at x/c =  0.3334   53
 Side 2  free  transition at x/c =  0.5688   41

   5   rms: 0.2197E-03   max: -.4117E-02   C at   53  1
       a =  8.500      CL =  1.5337
      Cm = -0.1547     CD =  0.01789   =>   CDf =  0.00655    CDp =  0.01134

 Side 1  free  transition at x/c =  0.3335   53
 Side 2  free  transition at x/c =  0.5688   41

   6   rms: 0.2911E-05   max: 0.4293E-04   C at   53  1
       a =  8.500      CL =  1.5337
      Cm = -0.1547     CD =  0.01789   =>   CDf =  0.00655    CDp =  0.01134
 plradd ia,ip,cpol           26           0  3.84208784E-02

 Point added to stored polar  1
 Point written to save file  sp4721la_Re600k.base.pol                        
 Dump file unspecified or not available
 Calculating wake trajectory ...
 Calculating source influence matrix ...

 Solving BL system ...

 Side 1  free  transition at x/c =  0.3335   53
 Side 2  free  transition at x/c =  0.5688   41

   1   rms: 0.1255E+00   max: 0.2215E+01   C at   53  1   RLX: 0.662
       a =  9.000      CL =  1.5416
      Cm = -0.1505     CD =  0.01936   =>   CDf =  0.00655    CDp =  0.01281

 Side 1  free  transition at x/c =  0.2666   48
 Side 2  free  transition at x/c =  0.5707   41

   2   rms: 0.3675E-01   max: 0.5406E+00   C at   48  1
       a =  9.000      CL =  1.5341
      Cm = -0.1468     CD =  0.02078   =>   CDf =  0.00697    CDp =  0.01381

 Side 1  free  transition at x/c =  0.2507   47
 Side 2  free  transition at x/c =  0.5716   41

   3   rms: 0.8754E-02   max: -.1944E+00   C at   47  1
       a =  9.000      CL =  1.5314
      Cm = -0.1464     CD =  0.02091   =>   CDf =  0.00704    CDp =  0.01388

 Side 1  free  transition at x/c =  0.2535   48
 Side 2  free  transition at x/c =  0.5716   41

   4   rms: 0.1648E-02   max: -.2976E-01   C at   48  1
       a =  9.000      CL =  1.5320
      Cm = -0.1465     CD =  0.02087   =>   CDf =  0.00700    CDp =  0.01387

 Side 1  free  transition at x/c =  0.2537   48
 Side 2  free  transition at x/c =  0.5716   41

   5   rms: 0.5190E-04   max: -.1049E-02   C at   48  1
       a =  9.000      CL =  1.5320
      Cm = -0.1465     CD =  0.02088   =>   CDf =  0.00700    CDp =  0.01388
 plradd ia,ip,cpol           27           0  3.20006274E-02

 Point added to stored polar  1
 Point written to save file  sp4721la_Re600k.base.pol                        
 Dump file unspecified or not available
 Calculating wake trajectory ...
 Calculating source influence matrix ...

 Solving BL system ...

 Side 1  free  transition at x/c =  0.2537   48
 Side 2  free  transition at x/c =  0.5716   41

   1   rms: 0.1482E+00   max: 0.2701E+01   C at   48  1   RLX: 0.555
       a =  9.500      CL =  1.5295
      Cm = -0.1421     CD =  0.02284   =>   CDf =  0.00700    CDp =  0.01584

 Side 1  free  transition at x/c =  0.2247   46
 Side 2  free  transition at x/c =  0.5731   41

   2   rms: 0.5006E-01   max: 0.8287E+00   C at   46  1
       a =  9.500      CL =  1.5375
      Cm = -0.1401     CD =  0.02383   =>   CDf =  0.00689    CDp =  0.01695

 Side 1  free  transition at x/c =  0.2075   46
 Side 2  free  transition at x/c =  0.5746   40

   3   rms: 0.3245E-02   max: 0.4081E-01   D at   46  1
       a =  9.500      CL =  1.5387
      Cm = -0.1403     CD =  0.02368   =>   CDf =  0.00723    CDp =  0.01646

 Side 1  free  transition at x/c =  0.2083   46
 Side 2  free  transition at x/c =  0.5747   40

   4   rms: 0.4220E-03   max: -.4897E-02   D at    4  1
       a =  9.500      CL =  1.5387
      Cm = -0.1403     CD =  0.02369   =>   CDf =  0.00722    CDp =  0.01647

 Side 1  free  transition at x/c =  0.2083   46
 Side 2  free  transition at x/c =  0.5747   40

   5   rms: 0.9340E-06   max: 0.1179E-04   C at   46  1
       a =  9.500      CL =  1.5387
      Cm = -0.1403     CD =  0.02369   =>   CDf =  0.00722    CDp =  0.01647
 plradd ia,ip,cpol           28           0  3.20006274E-02

 Point added to stored polar  1
 Point written to save file  sp4721la_Re600k.base.pol                        
 Dump file unspecified or not available
 Calculating wake trajectory ...
 Calculating source influence matrix ...

 Solving BL system ...

 Side 1  free  transition at x/c =  0.2083   46
 Side 2  free  transition at x/c =  0.5747   40

   1   rms: 0.9371E-01   max: 0.1374E+01   C at   46  1   RLX: 0.899
       a = 10.000      CL =  1.5500
      Cm = -0.1357     CD =  0.02616   =>   CDf =  0.00722    CDp =  0.01894

 Side 1  free  transition at x/c =  0.1852   44
 Side 2  free  transition at x/c =  0.5773   40

   2   rms: 0.1094E-01   max: 0.8461E-01   D at   45  1
       a = 10.000      CL =  1.5548
      Cm = -0.1358     CD =  0.02615   =>   CDf =  0.00730    CDp =  0.01885

 Side 1  free  transition at x/c =  0.1833   44
 Side 2  free  transition at x/c =  0.5778   40

   3   rms: 0.6087E-03   max: 0.7540E-02   D at   85  1
       a = 10.000      CL =  1.5544
      Cm = -0.1358     CD =  0.02615   =>   CDf =  0.00730    CDp =  0.01886

 Side 1  free  transition at x/c =  0.1834   44
 Side 2  free  transition at x/c =  0.5778   40

   4   rms: 0.9470E-05   max: 0.7391E-04   D at   78  2
       a = 10.000      CL =  1.5544
      Cm = -0.1358     CD =  0.02615   =>   CDf =  0.00729    CDp =  0.01886
 plradd ia,ip,cpol           29           0  3.20006274E-02

 Point added to stored polar  1
 Point written to save file  sp4721la_Re600k.base.pol                        
 Dump file unspecified or not available

.OPERva   c>  
 Solving BL system ...

 Side 1  free  transition at x/c =  0.1834   44
 Side 2  free  transition at x/c =  0.5778   40

   1   rms: 0.4762E-06   max: -.6173E-05   C at   44  1
       a = 10.000      CL =  1.5544
      Cm = -0.1358     CD =  0.02615   =>   CDf =  0.00729    CDp =  0.01886
 plradd ia,ip,cpol           30         182  3.20006274E-02

 Point added to stored polar  1
 Point written to save file  sp4721la_Re600k.base.pol                        
 Dump file unspecified or not available
 Calculating wake trajectory ...
 Calculating source influence matrix ...

 Solving BL system ...

 Side 1  free  transition at x/c =  0.1834   44
 Side 2  free  transition at x/c =  0.5778   40

   1   rms: 0.3857E-01   max: 0.5173E+00   C at   44  1   RLX: 0.873
       a = 10.250      CL =  1.5635
      Cm = -0.1342     CD =  0.02720   =>   CDf =  0.00729    CDp =  0.01991

 Side 1  free  transition at x/c =  0.1702   43
 Side 2  free  transition at x/c =  0.5791   40

   2   rms: 0.6118E-02   max: -.5704E-01   C at   43  1
       a = 10.250      CL =  1.5607
      Cm = -0.1335     CD =  0.02758   =>   CDf =  0.00737    CDp =  0.02021

 Side 1  free  transition at x/c =  0.1708   43
 Side 2  free  transition at x/c =  0.5792   40

   3   rms: 0.5044E-03   max: 0.6011E-02   D at   84  1
       a = 10.250      CL =  1.5604
      Cm = -0.1334     CD =  0.02758   =>   CDf =  0.00734    CDp =  0.02024

 Side 1  free  transition at x/c =  0.1709   43
 Side 2  free  transition at x/c =  0.5792   40

   4   rms: 0.1602E-04   max: 0.1284E-03   D at   78  2
       a = 10.250      CL =  1.5603
      Cm = -0.1334     CD =  0.02758   =>   CDf =  0.00734    CDp =  0.02024
 plradd ia,ip,cpol           31           0  2.65240259E-02

 Point added to stored polar  1
 Point written to save file  sp4721la_Re600k.base.pol                        
 Dump file unspecified or not available
 Calculating wake trajectory ...
 Calculating source influence matrix ...

 Solving BL system ...

 Side 1  free  transition at x/c =  0.1709   43
 Side 2  free  transition at x/c =  0.5792   40

   1   rms: 0.3828E-01   max: 0.5124E+00   C at   43  1   RLX: 0.837
       a = 10.500      CL =  1.5688
      Cm = -0.1320     CD =  0.02864   =>   CDf =  0.00734    CDp =  0.02130

 Side 1  free  transition at x/c =  0.1574   43
 Side 2  free  transition at x/c =  0.5802   41

   2   rms: 0.8033E-02   max: 0.4840E-01   D at   43  1
       a = 10.500      CL =  1.5659
      Cm = -0.1312     CD =  0.02910   =>   CDf =  0.00743    CDp =  0.02168

 Side 1  free  transition at x/c =  0.1581   43
 Side 2  free  transition at x/c =  0.5806   41

   3   rms: 0.4648E-03   max: 0.4464E-02   D at   83  1
       a = 10.500      CL =  1.5657
      Cm = -0.1312     CD =  0.02909   =>   CDf =  0.00739    CDp =  0.02171

 Side 1  free  transition at x/c =  0.1581   43
 Side 2  free  transition at x/c =  0.5806   41

   4   rms: 0.1083E-04   max: 0.8931E-04   D at   83  1
       a = 10.500      CL =  1.5657
      Cm = -0.1312     CD =  0.02909   =>   CDf =  0.00739    CDp =  0.02171
 plradd ia,ip,cpol           32           0  2.18724497E-02

 Point added to stored polar  1
 Point written to save file  sp4721la_Re600k.base.pol                        
 Dump file unspecified or not available
 Calculating wake trajectory ...
 Calculating source influence matrix ...

 Solving BL system ...

 Side 1  free  transition at x/c =  0.1581   43
 Side 2  free  transition at x/c =  0.5806   41

   1   rms: 0.4096E-01   max: 0.2980E+00   C at   43  1   RLX: 0.796
       a = 10.750      CL =  1.5694
      Cm = -0.1295     CD =  0.03047   =>   CDf =  0.00711    CDp =  0.02337

 Side 1  free  transition at x/c =  0.1510   43
 Side 2  free  transition at x/c =  0.5824   40

   2   rms: 0.1024E-01   max: 0.1510E+00   C at   43  1
       a = 10.750      CL =  1.5737
      Cm = -0.1294     CD =  0.03050   =>   CDf =  0.00736    CDp =  0.02314

 Side 1  free  transition at x/c =  0.1480   43
 Side 2  free  transition at x/c =  0.5825   40

   3   rms: 0.5593E-03   max: -.5619E-02   C at   43  1
       a = 10.750      CL =  1.5734
      Cm = -0.1294     CD =  0.03051   =>   CDf =  0.00738    CDp =  0.02313

 Side 1  free  transition at x/c =  0.1481   43
 Side 2  free  transition at x/c =  0.5825   40

   4   rms: 0.4078E-05   max: -.3688E-04   C at   43  1
       a = 10.750      CL =  1.5734
      Cm = -0.1294     CD =  0.03051   =>   CDf =  0.00738    CDp =  0.02313
 plradd ia,ip,cpol           33           0  2.18724497E-02

 Point added to stored polar  1
 Point written to save file  sp4721la_Re600k.base.pol                        
 Dump file unspecified or not available
 Calculating wake trajectory ...
 Calculating source influence matrix ...

 Solving BL system ...

 Side 1  free  transition at x/c =  0.1481   43
 Side 2  free  transition at x/c =  0.5825   40

   1   rms: 0.3996E-01   max: 0.4547E+00   C at   43  1   RLX: 0.770
       a = 11.000      CL =  1.5781
      Cm = -0.1279     CD =  0.03181   =>   CDf =  0.00738    CDp =  0.02443

 Side 1  free  transition at x/c =  0.1405   42
 Side 2  free  transition at x/c =  0.5839   40

   2   rms: 0.8289E-02   max: 0.6432E-01   C at   42  1
       a = 11.000      CL =  1.5789
      Cm = -0.1275     CD =  0.03217   =>   CDf =  0.00739    CDp =  0.02478

 Side 1  free  transition at x/c =  0.1390   42
 Side 2  free  transition at x/c =  0.5842   40

   3   rms: 0.2826E-03   max: -.2226E-02   C at   42  1
       a = 11.000      CL =  1.5787
      Cm = -0.1274     CD =  0.03215   =>   CDf =  0.00738    CDp =  0.02477

 Side 1  free  transition at x/c =  0.1390   42
 Side 2  free  transition at x/c =  0.5842   40

   4   rms: 0.6866E-05   max: -.5139E-04   C at   42  1
       a = 11.000      CL =  1.5787
      Cm = -0.1274     CD =  0.03215   =>   CDf =  0.00738    CDp =  0.02477
 plradd ia,ip,cpol           34           0  2.18724497E-02

 Point added to stored polar  1
 Point written to save file  sp4721la_Re600k.base.pol                        
 Dump file unspecified or not available
 Calculating wake trajectory ...
 Calculating source influence matrix ...

 Solving BL system ...

 Side 1  free  transition at x/c =  0.1390   42
 Side 2  free  transition at x/c =  0.5842   40

   1   rms: 0.3483E-01   max: 0.3644E+00   C at   42  1   RLX: 0.746
       a = 11.250      CL =  1.5861
      Cm = -0.1264     CD =  0.03324   =>   CDf =  0.00738    CDp =  0.02586

 Side 1  free  transition at x/c =  0.1322   42
 Side 2  free  transition at x/c =  0.5854   40

   2   rms: 0.9417E-02   max: 0.5086E-01   D at   82  1
       a = 11.250      CL =  1.5855
      Cm = -0.1258     CD =  0.03380   =>   CDf =  0.00738    CDp =  0.02642

 Side 1  free  transition at x/c =  0.1309   42
 Side 2  free  transition at x/c =  0.5857   40

   3   rms: 0.5935E-03   max: 0.5276E-02   D at   78  2
       a = 11.250      CL =  1.5850
      Cm = -0.1257     CD =  0.03379   =>   CDf =  0.00737    CDp =  0.02642

 Side 1  free  transition at x/c =  0.1310   42
 Side 2  free  transition at x/c =  0.5857   40

   4   rms: 0.1366E-04   max: 0.1886E-03   D at   78  2
       a = 11.250      CL =  1.5850
      Cm = -0.1257     CD =  0.03378   =>   CDf =  0.00737    CDp =  0.02642
 plradd ia,ip,cpol           35           0  2.18724497E-02

 Point added to stored polar  1
 Point written to save file  sp4721la_Re600k.base.pol                        
 Dump file unspecified or not available
 Calculating wake trajectory ...
 Calculating source influence matrix ...

 Solving BL system ...

 Side 1  free  transition at x/c =  0.1310   42
 Side 2  free  transition at x/c =  0.5857   40

   1   rms: 0.3611E-01   max: 0.2723E+00   C at   42  1   RLX: 0.716
       a = 11.500      CL =  1.5890
      Cm = -0.1245     CD =  0.03514   =>   CDf =  0.00737    CDp =  0.02777

 Side 1  free  transition at x/c =  0.1263   41
 Side 2  free  transition at x/c =  0.5868   40

   2   rms: 0.9519E-02   max: 0.7320E-01   C at   41  1
       a = 11.500      CL =  1.5917
      Cm = -0.1241     CD =  0.03549   =>   CDf =  0.00736    CDp =  0.02813

 Side 1  free  transition at x/c =  0.1245   41
 Side 2  free  transition at x/c =  0.5873   40

   3   rms: 0.6225E-03   max: -.4459E-02   C at   41  1
       a = 11.500      CL =  1.5912
      Cm = -0.1241     CD =  0.03549   =>   CDf =  0.00735    CDp =  0.02814

 Side 1  free  transition at x/c =  0.1246   41
 Side 2  free  transition at x/c =  0.5873   40

   4   rms: 0.2059E-04   max: 0.1506E-03   D at   78  2
       a = 11.500      CL =  1.5912
      Cm = -0.1241     CD =  0.03549   =>   CDf =  0.00735    CDp =  0.02814
 plradd ia,ip,cpol           36           0  2.18724497E-02

 Point added to stored polar  1
 Point written to save file  sp4721la_Re600k.base.pol                        
 Dump file unspecified or not available
 Calculating wake trajectory ...
 Calculating source influence matrix ...

 Solving BL system ...

 Side 1  free  transition at x/c =  0.1246   41
 Side 2  free  transition at x/c =  0.5873   40

   1   rms: 0.3236E-01   max: 0.2488E+00   C at   41  1   RLX: 0.696
       a = 11.750      CL =  1.5980
      Cm = -0.1232     CD =  0.03661   =>   CDf =  0.00735    CDp =  0.02926

 Side 1  free  transition at x/c =  0.1201   41
 Side 2  free  transition at x/c =  0.5884   40

   2   rms: 0.1005E-01   max: 0.5824E-01   C at   41  1
       a = 11.750      CL =  1.5992
      Cm = -0.1227     CD =  0.03716   =>   CDf =  0.00733    CDp =  0.02983

 Side 1  free  transition at x/c =  0.1186   41
 Side 2  free  transition at x/c =  0.5889   40

   3   rms: 0.9470E-03   max: 0.8180E-02   D at   80  1
       a = 11.750      CL =  1.5984
      Cm = -0.1226     CD =  0.03717   =>   CDf =  0.00732    CDp =  0.02985

 Side 1  free  transition at x/c =  0.1187   41
 Side 2  free  transition at x/c =  0.5889   40

   4   rms: 0.3989E-04   max: 0.2596E-03   D at   78  2
       a = 11.750      CL =  1.5984
      Cm = -0.1226     CD =  0.03716   =>   CDf =  0.00732    CDp =  0.02985
 plradd ia,ip,cpol           37           0  1.79406516E-02

 Point added to stored polar  1
 Point written to save file  sp4721la_Re600k.base.pol                        
 Dump file unspecified or not available
 Calculating wake trajectory ...
 Calculating source influence matrix ...

 Solving BL system ...

 Side 1  free  transition at x/c =  0.1187   41
 Side 2  free  transition at x/c =  0.5889   40

   1   rms: 0.3382E-01   max: 0.2443E+00   C at   41  1   RLX: 0.672
       a = 12.000      CL =  1.6029
      Cm = -0.1217     CD =  0.03848   =>   CDf =  0.00701    CDp =  0.03146

 Side 1  free  transition at x/c =  0.1142   42
 Side 2  free  transition at x/c =  0.5900   39

   2   rms: 0.3405E-01   max: 0.5559E+00   T at    2  1
       a = 12.000      CL =  1.6029
      Cm = -0.1211     CD =  0.03922   =>   CDf =  0.00732    CDp =  0.03190

 Side 1  free  transition at x/c =  0.1129   41
 Side 2  free  transition at x/c =  0.5905   39

   3   rms: 0.1679E-02   max: 0.1863E-01   D at    4  1
       a = 12.000      CL =  1.6024
      Cm = -0.1211     CD =  0.03919   =>   CDf =  0.00730    CDp =  0.03189

 Side 1  free  transition at x/c =  0.1129   41
 Side 2  free  transition at x/c =  0.5905   39

   4   rms: 0.5004E-04   max: 0.2893E-03   D at   78  2
       a = 12.000      CL =  1.6023
      Cm = -0.1211     CD =  0.03919   =>   CDf =  0.00730    CDp =  0.03189
 plradd ia,ip,cpol           38           0  1.27141946E-03

 Point added to stored polar  1
 Point written to save file  sp4721la_Re600k.base.pol                        
 Dump file unspecified or not available
 Calculating wake trajectory ...
 Calculating source influence matrix ...

 Solving BL system ...

 Side 1  free  transition at x/c =  0.1129   41
 Side 2  free  transition at x/c =  0.5905   39

   1   rms: 0.3096E-01   max: 0.1677E+00   C at   41  1   RLX: 0.652
       a = 12.250      CL =  1.6087
      Cm = -0.1204     CD =  0.04032   =>   CDf =  0.00730    CDp =  0.03302

 Side 1  free  transition at x/c =  0.1096   41
 Side 2  free  transition at x/c =  0.5916   39

   2   rms: 0.1127E-01   max: 0.6558E-01   C at   41  1
       a = 12.250      CL =  1.6103
      Cm = -0.1199     CD =  0.04100   =>   CDf =  0.00728    CDp =  0.03373

 Side 1  free  transition at x/c =  0.1079   41
 Side 2  free  transition at x/c =  0.5922   39

   3   rms: 0.8909E-03   max: -.6582E-02   C at   41  1
       a = 12.250      CL =  1.6095
      Cm = -0.1198     CD =  0.04099   =>   CDf =  0.00726    CDp =  0.03372

 Side 1  free  transition at x/c =  0.1080   41
 Side 2  free  transition at x/c =  0.5922   39

   4   rms: 0.4539E-04   max: 0.2924E-03   D at   78  2
       a = 12.250      CL =  1.6095
      Cm = -0.1198     CD =  0.04098   =>   CDf =  0.00726    CDp =  0.03372
 plradd ia,ip,cpol           39           0  1.27141946E-03

 Point added to stored polar  1
 Point written to save file  sp4721la_Re600k.base.pol                        
 Dump file unspecified or not available
 Calculating wake trajectory ...
 Calculating source influence matrix ...

 Solving BL system ...

 Side 1  free  transition at x/c =  0.1080   41
 Side 2  free  transition at x/c =  0.5922   39

   1   rms: 0.3334E-01   max: 0.2685E+00   C at   41  1   RLX: 0.631
       a = 12.500      CL =  1.6138
      Cm = -0.1192     CD =  0.04231   =>   CDf =  0.00726    CDp =  0.03505

 Side 1  free  transition at x/c =  0.1035   41
 Side 2  free  transition at x/c =  0.5932   39

   2   rms: 0.1339E-01   max: 0.6242E-01   D at   79  1
       a = 12.500      CL =  1.6130
      Cm = -0.1185     CD =  0.04329   =>   CDf =  0.00727    CDp =  0.03603

 Side 1  free  transition at x/c =  0.1018   41
 Side 2  free  transition at x/c =  0.5937   39

   3   rms: 0.9649E-03   max: 0.8937E-02   D at   78  2
       a = 12.500      CL =  1.6122
      Cm = -0.1184     CD =  0.04323   =>   CDf =  0.00726    CDp =  0.03597

 Side 1  free  transition at x/c =  0.1019   41
 Side 2  free  transition at x/c =  0.5937   39

   4   rms: 0.4263E-04   max: 0.4498E-03   D at   78  2
       a = 12.500      CL =  1.6122
      Cm = -0.1184     CD =  0.04323   =>   CDf =  0.00725    CDp =  0.03598
 plradd ia,ip,cpol           40           0  1.27141946E-03

 Point added to stored polar  1
 Point written to save file  sp4721la_Re600k.base.pol                        
 Dump file unspecified or not available
 Calculating wake trajectory ...
 Calculating source influence matrix ...

 Solving BL system ...

 Side 1  free  transition at x/c =  0.1019   41
 Side 2  free  transition at x/c =  0.5937   39

   1   rms: 0.3425E-01   max: 0.1688E+00   C at   41  1   RLX: 0.608
       a = 12.750      CL =  1.6145
      Cm = -0.1177     CD =  0.04475   =>   CDf =  0.00725    CDp =  0.03749

 Side 1  free  transition at x/c =  0.0991   40
 Side 2  free  transition at x/c =  0.5946   39

   2   rms: 0.1265E-01   max: 0.7945E-01   C at   40  1
       a = 12.750      CL =  1.6169
      Cm = -0.1173     CD =  0.04546   =>   CDf =  0.00724    CDp =  0.03822

 Side 1  free  transition at x/c =  0.0974   40
 Side 2  free  transition at x/c =  0.5952   39

   3   rms: 0.8420E-03   max: -.5820E-02   C at   40  1
       a = 12.750      CL =  1.6162
      Cm = -0.1172     CD =  0.04541   =>   CDf =  0.00722    CDp =  0.03819

 Side 1  free  transition at x/c =  0.0975   40
 Side 2  free  transition at x/c =  0.5951   39

   4   rms: 0.3741E-04   max: 0.2361E-03   D at   78  2
       a = 12.750      CL =  1.6161
      Cm = -0.1172     CD =  0.04541   =>   CDf =  0.00722    CDp =  0.03819
 plradd ia,ip,cpol           41           0  1.27141946E-03

 Point added to stored polar  1
 Point written to save file  sp4721la_Re600k.base.pol                        
 Dump file unspecified or not available
 Calculating wake trajectory ...
 Calculating source influence matrix ...

 Solving BL system ...

 Side 1  free  transition at x/c =  0.0975   40
 Side 2  free  transition at x/c =  0.5951   39

   1   rms: 0.3163E-01   max: 0.2318E+00   C at   40  1   RLX: 0.592
       a = 13.000      CL =  1.6206
      Cm = -0.1167     CD =  0.04668   =>   CDf =  0.00722    CDp =  0.03946

 Side 1  free  transition at x/c =  0.0942   40
 Side 2  free  transition at x/c =  0.5960   39

   2   rms: 0.1401E-01   max: 0.8184E-01   C at   40  1
       a = 13.000      CL =  1.6208
      Cm = -0.1162     CD =  0.04775   =>   CDf =  0.00721    CDp =  0.04054

 Side 1  free  transition at x/c =  0.0922   40
 Side 2  free  transition at x/c =  0.5965   39

   3   rms: 0.1388E-02   max: -.9774E-02   C at   40  1
       a = 13.000      CL =  1.6196
      Cm = -0.1161     CD =  0.04771   =>   CDf =  0.00720    CDp =  0.04051

 Side 1  free  transition at x/c =  0.0925   40
 Side 2  free  transition at x/c =  0.5964   39

   4   rms: 0.6137E-04   max: 0.3842E-03   D at   78  2
       a = 13.000      CL =  1.6196
      Cm = -0.1161     CD =  0.04770   =>   CDf =  0.00719    CDp =  0.04051
 plradd ia,ip,cpol           42           0  1.27141946E-03

 Point added to stored polar  1
 Point written to save file  sp4721la_Re600k.base.pol                        
 Dump file unspecified or not available
 Calculating wake trajectory ...
 Calculating source influence matrix ...

 Solving BL system ...

 Side 1  free  transition at x/c =  0.0925   40
 Side 2  free  transition at x/c =  0.5964   39

   1   rms: 0.3332E-01   max: 0.2461E+00   C at   40  1   RLX: 0.572
       a = 13.250      CL =  1.6221
      Cm = -0.1155     CD =  0.04917   =>   CDf =  0.00720    CDp =  0.04197

 Side 1  free  transition at x/c =  0.0889   40
 Side 2  free  transition at x/c =  0.5971   40

   2   rms: 0.1805E-01   max: 0.7695E-01   D at   76  1
       a = 13.250      CL =  1.6209
      Cm = -0.1151     CD =  0.05049   =>   CDf =  0.00721    CDp =  0.04328

 Side 1  free  transition at x/c =  0.0870   40
 Side 2  free  transition at x/c =  0.5984   40

   3   rms: 0.1983E-02   max: 0.1459E-01   T at   40  2
       a = 13.250      CL =  1.6197
      Cm = -0.1149     CD =  0.05041   =>   CDf =  0.00718    CDp =  0.04323

 Side 1  free  transition at x/c =  0.0871   40
 Side 2  free  transition at x/c =  0.5981   40

   4   rms: 0.7161E-04   max: 0.5060E-03   D at   79  2
       a = 13.250      CL =  1.6196
      Cm = -0.1149     CD =  0.05040   =>   CDf =  0.00718    CDp =  0.04322
 plradd ia,ip,cpol           43           0  1.27141946E-03

 Point added to stored polar  1
 Point written to save file  sp4721la_Re600k.base.pol                        
 Dump file unspecified or not available
 Calculating wake trajectory ...
 Calculating source influence matrix ...

 Solving BL system ...

 Side 1  free  transition at x/c =  0.0871   40
 Side 2  free  transition at x/c =  0.5981   40

   1   rms: 0.3356E-01   max: -.1360E+00   D at   40  1   RLX: 0.552
       a = 13.500      CL =  1.6217
      Cm = -0.1145     CD =  0.05192   =>   CDf =  0.00718    CDp =  0.04474

 Side 1  free  transition at x/c =  0.0850   39
 Side 2  free  transition at x/c =  0.5993   40

   2   rms: 0.1457E-01   max: 0.1105E+00   C at   39  1
       a = 13.500      CL =  1.6246
      Cm = -0.1142     CD =  0.05282   =>   CDf =  0.00679    CDp =  0.04603

 Side 1  free  transition at x/c =  0.0827   40
 Side 2  free  transition at x/c =  0.6000   39

   3   rms: 0.5020E-02   max: -.8300E-01   D at    2  1
       a = 13.500      CL =  1.6233
      Cm = -0.1141     CD =  0.05280   =>   CDf =  0.00711    CDp =  0.04569

 Side 1  free  transition at x/c =  0.0830   40
 Side 2  free  transition at x/c =  0.6000   39

   4   rms: 0.5947E-03   max: -.7492E-02   D at    4  1
       a = 13.500      CL =  1.6232
      Cm = -0.1141     CD =  0.05279   =>   CDf =  0.00711    CDp =  0.04569

 Side 1  free  transition at x/c =  0.0830   40
 Side 2  free  transition at x/c =  0.6000   39

   5   rms: 0.3838E-05   max: -.3026E-04   D at    4  1
       a = 13.500      CL =  1.6232
      Cm = -0.1141     CD =  0.05279   =>   CDf =  0.00710    CDp =  0.04569
 plradd ia,ip,cpol           44           0  1.27141946E-03

 Point added to stored polar  1
 Point written to save file  sp4721la_Re600k.base.pol                        
 Dump file unspecified or not available
 Calculating wake trajectory ...
 Calculating source influence matrix ...

 Solving BL system ...

 Side 1  free  transition at x/c =  0.0830   40
 Side 2  free  transition at x/c =  0.6000   39

   1   rms: 0.3337E-01   max: 0.2570E+00   C at   40  1   RLX: 0.538
       a = 13.750      CL =  1.6257
      Cm = -0.1137     CD =  0.05426   =>   CDf =  0.00711    CDp =  0.04715

 Side 1  free  transition at x/c =  0.0798   40
 Side 2  free  transition at x/c =  0.6009   39

   2   rms: 0.1582E-01   max: 0.9769E-01   C at   40  1
       a = 13.750      CL =  1.6252
      Cm = -0.1132     CD =  0.05562   =>   CDf =  0.00709    CDp =  0.04853

 Side 1  free  transition at x/c =  0.0776   40
 Side 2  free  transition at x/c =  0.6016   39

   3   rms: 0.2443E-02   max: 0.1619E-01   D at   75  1
       a = 13.750      CL =  1.6234
      Cm = -0.1131     CD =  0.05560   =>   CDf =  0.00708    CDp =  0.04852

 Side 1  free  transition at x/c =  0.0780   40
 Side 2  free  transition at x/c =  0.6016   39

   4   rms: 0.1468E-03   max: 0.1375E-02   D at   78  2
       a = 13.750      CL =  1.6233
      Cm = -0.1131     CD =  0.05558   =>   CDf =  0.00707    CDp =  0.04851

 Side 1  free  transition at x/c =  0.0780   40
 Side 2  free  transition at x/c =  0.6016   39

   5   rms: 0.3147E-05   max: 0.2972E-04   D at   78  2
       a = 13.750      CL =  1.6233
      Cm = -0.1131     CD =  0.05558   =>   CDf =  0.00707    CDp =  0.04851
 plradd ia,ip,cpol           45           0  1.27141946E-03

 Point added to stored polar  1
 Point written to save file  sp4721la_Re600k.base.pol                        
 Dump file unspecified or not available
 Calculating wake trajectory ...
 Calculating source influence matrix ...

 Solving BL system ...

 Side 1  free  transition at x/c =  0.0780   40
 Side 2  free  transition at x/c =  0.6016   39

   1   rms: 0.3431E-01   max: 0.2172E+00   C at   40  1   RLX: 0.519
       a = 14.000      CL =  1.6239
      Cm = -0.1127     CD =  0.05725   =>   CDf =  0.00707    CDp =  0.05017

 Side 1  free  transition at x/c =  0.0754   40
 Side 2  free  transition at x/c =  0.6024   39

   2   rms: 0.1609E-01   max: 0.7106E-01   D at   74  1
       a = 14.000      CL =  1.6234
      Cm = -0.1123     CD =  0.05866   =>   CDf =  0.00706    CDp =  0.05159

 Side 1  free  transition at x/c =  0.0738   39
 Side 2  free  transition at x/c =  0.6031   39

   3   rms: 0.1152E-02   max: -.1295E-01   D at   40  1
       a = 14.000      CL =  1.6232
      Cm = -0.1122     CD =  0.05844   =>   CDf =  0.00703    CDp =  0.05142

 Side 1  free  transition at x/c =  0.0738   39
 Side 2  free  transition at x/c =  0.6031   39

   4   rms: 0.6233E-04   max: 0.4123E-03   D at   78  2
       a = 14.000      CL =  1.6231
      Cm = -0.1122     CD =  0.05844   =>   CDf =  0.00703    CDp =  0.05141
 plradd ia,ip,cpol           46           0  1.27141946E-03

 Point added to stored polar  1
 Point written to save file  sp4721la_Re600k.base.pol                        
 Dump file unspecified or not available
 Calculating wake trajectory ...
 Calculating source influence matrix ...

 Solving BL system ...

 Side 1  free  transition at x/c =  0.0738   39
 Side 2  free  transition at x/c =  0.6031   39

   1   rms: 0.3171E-01   max: 0.2485E+00   C at   39  1   RLX: 0.505
       a = 14.250      CL =  1.6252
      Cm = -0.1120     CD =  0.05991   =>   CDf =  0.00703    CDp =  0.05288

 Side 1  free  transition at x/c =  0.0712   39
 Side 2  free  transition at x/c =  0.6040   39

   2   rms: 0.1626E-01   max: 0.1276E+00   C at   39  1
       a = 14.250      CL =  1.6254
      Cm = -0.1116     CD =  0.06135   =>   CDf =  0.00701    CDp =  0.05434

 Side 1  free  transition at x/c =  0.0686   39
 Side 2  free  transition at x/c =  0.6048   39

   3   rms: 0.2745E-02   max: -.2030E-01   C at   39  1
       a = 14.250      CL =  1.6233
      Cm = -0.1114     CD =  0.06134   =>   CDf =  0.00700    CDp =  0.05435

 Side 1  free  transition at x/c =  0.0690   39
 Side 2  free  transition at x/c =  0.6047   39

   4   rms: 0.2449E-03   max: -.1585E-02   C at   39  1
       a = 14.250      CL =  1.6231
      Cm = -0.1114     CD =  0.06132   =>   CDf =  0.00698    CDp =  0.05434

 Side 1  free  transition at x/c =  0.0690   39
 Side 2  free  transition at x/c =  0.6047   39

   5   rms: 0.1522E-04   max: -.9728E-04   C at   39  1
       a = 14.250      CL =  1.6231
      Cm = -0.1114     CD =  0.06132   =>   CDf =  0.00698    CDp =  0.05434
 plradd ia,ip,cpol           47           0  1.27141946E-03

 Point added to stored polar  1
 Point written to save file  sp4721la_Re600k.base.pol                        
 Dump file unspecified or not available
 Calculating wake trajectory ...
 Calculating source influence matrix ...

 Solving BL system ...

 Side 1  free  transition at x/c =  0.0690   39
 Side 2  free  transition at x/c =  0.6047   39

   1   rms: 0.3269E-01   max: 0.2445E+00   C at   39  1   RLX: 0.489
       a = 14.500      CL =  1.6240
      Cm = -0.1112     CD =  0.06295   =>   CDf =  0.00699    CDp =  0.05596

 Side 1  free  transition at x/c =  0.0667   39
 Side 2  free  transition at x/c =  0.6055   39

   2   rms: 0.1683E-01   max: 0.9076E-01   C at   39  1
       a = 14.500      CL =  1.6231
      Cm = -0.1108     CD =  0.06458   =>   CDf =  0.00698    CDp =  0.05760

 Side 1  free  transition at x/c =  0.0647   39
 Side 2  free  transition at x/c =  0.6063   39

   3   rms: 0.2162E-02   max: 0.1537E-01   D at   72  1
       a = 14.500      CL =  1.6215
      Cm = -0.1107     CD =  0.06448   =>   CDf =  0.00697    CDp =  0.05751

 Side 1  free  transition at x/c =  0.0649   39
 Side 2  free  transition at x/c =  0.6062   39

   4   rms: 0.1814E-03   max: 0.1071E-02   D at   79  2
       a = 14.500      CL =  1.6213
      Cm = -0.1107     CD =  0.06446   =>   CDf =  0.00696    CDp =  0.05750

 Side 1  free  transition at x/c =  0.0650   39
 Side 2  free  transition at x/c =  0.6062   39

   5   rms: 0.1054E-04   max: 0.6962E-04   D at   79  2
       a = 14.500      CL =  1.6213
      Cm = -0.1107     CD =  0.06445   =>   CDf =  0.00696    CDp =  0.05750
 plradd ia,ip,cpol           48           0  1.27141946E-03

 Point added to stored polar  1
 Point written to save file  sp4721la_Re600k.base.pol                        
 Dump file unspecified or not available
 Calculating wake trajectory ...
 Calculating source influence matrix ...

 Solving BL system ...

 Side 1  free  transition at x/c =  0.0650   39
 Side 2  free  transition at x/c =  0.6062   39

   1   rms: 0.3167E-01   max: 0.1319E+00   D at   71  1   RLX: 0.474
       a = 14.750      CL =  1.6219
      Cm = -0.1105     CD =  0.06609   =>   CDf =  0.00696    CDp =  0.05913

 Side 1  free  transition at x/c =  0.0636   38
 Side 2  free  transition at x/c =  0.6070   39

   2   rms: 0.1587E-01   max: 0.1219E+00   C at   38  1
       a = 14.750      CL =  1.6243
      Cm = -0.1103     CD =  0.06739   =>   CDf =  0.00693    CDp =  0.06046

 Side 1  free  transition at x/c =  0.0617   38
 Side 2  free  transition at x/c =  0.6079   39

   3   rms: 0.2049E-02   max: -.1526E-01   C at   38  1
       a = 14.750      CL =  1.6226
      Cm = -0.1101     CD =  0.06731   =>   CDf =  0.00691    CDp =  0.06040

 Side 1  free  transition at x/c =  0.0619   38
 Side 2  free  transition at x/c =  0.6079   39

   4   rms: 0.1859E-03   max: -.1132E-02   C at   38  1
       a = 14.750      CL =  1.6224
      Cm = -0.1101     CD =  0.06730   =>   CDf =  0.00690    CDp =  0.06039

 Side 1  free  transition at x/c =  0.0619   38
 Side 2  free  transition at x/c =  0.6079   39

   5   rms: 0.1536E-04   max: -.9396E-04   C at   38  1
       a = 14.750      CL =  1.6224
      Cm = -0.1101     CD =  0.06729   =>   CDf =  0.00690    CDp =  0.06039
 plradd ia,ip,cpol           49           0  1.27141946E-03

 Point added to stored polar  1
 Point written to save file  sp4721la_Re600k.base.pol                        
 Dump file unspecified or not available
 Calculating wake trajectory ...
 Calculating source influence matrix ...

 Solving BL system ...

 Side 1  free  transition at x/c =  0.0619   38
 Side 2  free  transition at x/c =  0.6079   39

   1   rms: 0.3070E-01   max: 0.2509E+00   C at   38  1   RLX: 0.463
       a = 15.000      CL =  1.6240
      Cm = -0.1100     CD =  0.06877   =>   CDf =  0.00691    CDp =  0.06187

 Side 1  free  transition at x/c =  0.0599   38
 Side 2  free  transition at x/c =  0.6086   39

   2   rms: 0.1739E-01   max: 0.1239E+00   C at   38  1
       a = 15.000      CL =  1.6234
      Cm = -0.1098     CD =  0.07060   =>   CDf =  0.00689    CDp =  0.06371

 Side 1  free  transition at x/c =  0.0577   38
 Side 2  free  transition at x/c =  0.6094   39

   3   rms: 0.2339E-02   max: -.2121E-01   C at   38  1
       a = 15.000      CL =  1.6215
      Cm = -0.1096     CD =  0.07042   =>   CDf =  0.00687    CDp =  0.06355

 Side 1  free  transition at x/c =  0.0581   38
 Side 2  free  transition at x/c =  0.6094   39

   4   rms: 0.1499E-03   max: 0.1426E-02   D at   79  2
       a = 15.000      CL =  1.6214
      Cm = -0.1096     CD =  0.07040   =>   CDf =  0.00686    CDp =  0.06354

 Side 1  free  transition at x/c =  0.0581   38
 Side 2  free  transition at x/c =  0.6094   39

   5   rms: 0.7255E-05   max: 0.4958E-04   D at   79  2
       a = 15.000      CL =  1.6214
      Cm = -0.1096     CD =  0.07040   =>   CDf =  0.00686    CDp =  0.06354
 plradd ia,ip,cpol           50           0  1.27141946E-03

 Point added to stored polar  1
 Point written to save file  sp4721la_Re600k.base.pol                        
 Dump file unspecified or not available
 Calculating wake trajectory ...
 Calculating source influence matrix ...

 Solving BL system ...

 Side 1  free  transition at x/c =  0.0581   38
 Side 2  free  transition at x/c =  0.6094   39

   1   rms: 0.3269E-01   max: 0.2882E+00   C at   38  1   RLX: 0.449
       a = 15.250      CL =  1.6216
      Cm = -0.1095     CD =  0.07202   =>   CDf =  0.00686    CDp =  0.06516

 Side 1  free  transition at x/c =  0.0557   38
 Side 2  free  transition at x/c =  0.6101   39

   2   rms: 0.1892E-01   max: 0.9596E-01   C at   38  1
       a = 15.250      CL =  1.6191
      Cm = -0.1092     CD =  0.07419   =>   CDf =  0.00687    CDp =  0.06732

 Side 1  free  transition at x/c =  0.0539   37
 Side 2  free  transition at x/c =  0.6109   39

   3   rms: 0.1648E-02   max: 0.9767E-02   D at   79  2
       a = 15.250      CL =  1.6180
      Cm = -0.1091     CD =  0.07384   =>   CDf =  0.00684    CDp =  0.06700

 Side 1  free  transition at x/c =  0.0540   37
 Side 2  free  transition at x/c =  0.6109   39

   4   rms: 0.1219E-03   max: -.7755E-03   C at   37  1
       a = 15.250      CL =  1.6179
      Cm = -0.1090     CD =  0.07382   =>   CDf =  0.00684    CDp =  0.06698

 Side 1  free  transition at x/c =  0.0540   37
 Side 2  free  transition at x/c =  0.6109   39

   5   rms: 0.7639E-05   max: -.5536E-04   C at   37  1
       a = 15.250      CL =  1.6179
      Cm = -0.1090     CD =  0.07382   =>   CDf =  0.00684    CDp =  0.06698
 plradd ia,ip,cpol           51           0  1.27141946E-03

 Point added to stored polar  1
 Point written to save file  sp4721la_Re600k.base.pol                        
 Dump file unspecified or not available
 Calculating wake trajectory ...
 Calculating source influence matrix ...

 Solving BL system ...

 Side 1  free  transition at x/c =  0.0540   37
 Side 2  free  transition at x/c =  0.6109   39

   1   rms: 0.2998E-01   max: 0.2754E+00   C at   37  1   RLX: 0.437
       a = 15.500      CL =  1.6195
      Cm = -0.1090     CD =  0.07522   =>   CDf =  0.00684    CDp =  0.06838

 Side 1  free  transition at x/c =  0.0522   37
 Side 2  free  transition at x/c =  0.6115   39

   2   rms: 0.1737E-01   max: 0.1588E+00   C at   37  1
       a = 15.500      CL =  1.6199
      Cm = -0.1088     CD =  0.07703   =>   CDf =  0.00643    CDp =  0.07060

 Side 1  free  transition at x/c =  0.0500   38
 Side 2  free  transition at x/c =  0.6123   38

   3   rms: 0.3995E-02   max: -.4388E-01   T at    2  1
       a = 15.500      CL =  1.6175
      Cm = -0.1087     CD =  0.07698   =>   CDf =  0.00680    CDp =  0.07018

 Side 1  free  transition at x/c =  0.0503   38
 Side 2  free  transition at x/c =  0.6123   38

   4   rms: 0.6812E-03   max: -.7579E-02   D at    4  1
       a = 15.500      CL =  1.6172
      Cm = -0.1087     CD =  0.07694   =>   CDf =  0.00679    CDp =  0.07014

 Side 1  free  transition at x/c =  0.0503   38
 Side 2  free  transition at x/c =  0.6123   38

   5   rms: 0.1550E-04   max: -.1102E-03   C at   38  1
       a = 15.500      CL =  1.6172
      Cm = -0.1087     CD =  0.07693   =>   CDf =  0.00679    CDp =  0.07014
 plradd ia,ip,cpol           52           0  1.27141946E-03

 Point added to stored polar  1
 Point written to save file  sp4721la_Re600k.base.pol                        
 Dump file unspecified or not available
 Calculating wake trajectory ...
 Calculating source influence matrix ...

 Solving BL system ...

 Side 1  free  transition at x/c =  0.0503   38
 Side 2  free  transition at x/c =  0.6123   38

   1   rms: 0.3117E-01   max: 0.2966E+00   C at   38  1   RLX: 0.425
       a = 15.750      CL =  1.6178
      Cm = -0.1086     CD =  0.07848   =>   CDf =  0.00680    CDp =  0.07168

 Side 1  free  transition at x/c =  0.0485   38
 Side 2  free  transition at x/c =  0.6128   38

   2   rms: 0.1808E-01   max: 0.1449E+00   C at   38  1
       a = 15.750      CL =  1.6170
      Cm = -0.1085     CD =  0.08051   =>   CDf =  0.00679    CDp =  0.07372

 Side 1  free  transition at x/c =  0.0463   38
 Side 2  free  transition at x/c =  0.6135   38

   3   rms: 0.2846E-02   max: 0.1488E-01   D at   69  1
       a = 15.750      CL =  1.6147
      Cm = -0.1083     CD =  0.08036   =>   CDf =  0.00678    CDp =  0.07358

 Side 1  free  transition at x/c =  0.0466   38
 Side 2  free  transition at x/c =  0.6135   38

   4   rms: 0.2472E-03   max: 0.1507E-02   D at   79  2
       a = 15.750      CL =  1.6144
      Cm = -0.1083     CD =  0.08032   =>   CDf =  0.00677    CDp =  0.07355

 Side 1  free  transition at x/c =  0.0466   38
 Side 2  free  transition at x/c =  0.6135   38

   5   rms: 0.1686E-04   max: 0.1078E-03   D at   79  2
       a = 15.750      CL =  1.6144
      Cm = -0.1083     CD =  0.08032   =>   CDf =  0.00677    CDp =  0.07355
 plradd ia,ip,cpol           53           0  1.27141946E-03

 Point added to stored polar  1
 Point written to save file  sp4721la_Re600k.base.pol                        
 Dump file unspecified or not available
 Calculating wake trajectory ...
 Calculating source influence matrix ...

 Solving BL system ...

 Side 1  free  transition at x/c =  0.0466   38
 Side 2  free  transition at x/c =  0.6135   38

   1   rms: 0.2984E-01   max: 0.1564E+00   C at   38  1   RLX: 0.414
       a = 16.000      CL =  1.6146
      Cm = -0.1083     CD =  0.08190   =>   CDf =  0.00677    CDp =  0.07513

 Side 1  free  transition at x/c =  0.0456   37
 Side 2  free  transition at x/c =  0.6138   39

   2   rms: 0.2079E-01   max: 0.1510E+00   C at   37  1
       a = 16.000      CL =  1.6165
      Cm = -0.1083     CD =  0.08367   =>   CDf =  0.00676    CDp =  0.07691

 Side 1  free  transition at x/c =  0.0437   37
 Side 2  free  transition at x/c =  0.6159   39

   3   rms: 0.3357E-02   max: 0.2624E-01   T at   39  2
       a = 16.000      CL =  1.6145
      Cm = -0.1081     CD =  0.08347   =>   CDf =  0.00671    CDp =  0.07676

 Side 1  free  transition at x/c =  0.0440   37
 Side 2  free  transition at x/c =  0.6154   39

   4   rms: 0.1813E-03   max: -.1588E-02   C at   37  1
       a = 16.000      CL =  1.6143
      Cm = -0.1081     CD =  0.08344   =>   CDf =  0.00671    CDp =  0.07673

 Side 1  free  transition at x/c =  0.0440   37
 Side 2  free  transition at x/c =  0.6154   39

   5   rms: 0.1204E-04   max: -.1134E-03   C at   37  1
       a = 16.000      CL =  1.6143
      Cm = -0.1081     CD =  0.08344   =>   CDf =  0.00671    CDp =  0.07673
 plradd ia,ip,cpol           54           0  1.27141946E-03

 Point added to stored polar  1
 Point written to save file  sp4721la_Re600k.base.pol                        
 Dump file unspecified or not available

.OPERva   c>  
 Polar accumulation disabled

.OPERv   c>  
 XFOIL   c>  
 XFOIL   c>  