
 ===================================================
  XFOIL Version 6.99
  Copyright (C) 2000   Mark Drela, Harold Youngren

  This software comes with ABSOLUTELY NO WARRANTY,
    subject to the GNU General Public License.

  Caveat computor
 ===================================================

 File  xfoil.def  not found

   QUIT    Exit program

  .OPER    Direct operating point(s)
  .MDES    Complex mapping design routine
  .QDES    Surface speed design routine
  .GDES    Geometry design routine

   SAVE f  Write airfoil to labeled coordinate file
   PSAV f  Write airfoil to plain coordinate file
   ISAV f  Write airfoil to ISES coordinate file
   MSAV f  Write airfoil to MSES coordinate file
   REVE    Reverse written-airfoil node ordering

   LOAD f  Read buffer airfoil from coordinate file
   NACA i  Set NACA 4,5-digit airfoil and buffer airfoil
   INTE    Set buffer airfoil by interpolating two airfoils
   NORM    Buffer airfoil normalization toggle
   XYCM rr Change CM reference location, currently  0.25000 0.00000

   BEND    Display structural properties of current airfoil

   PCOP    Set current-airfoil panel nodes directly from buffer airfoil points
   PANE    Set current-airfoil panel nodes ( 160 ) based on curvature
  .PPAR    Show/change paneling

  .PLOP    Plotting options

   WDEF f  Write  current-settings file
   RDEF f  Reread current-settings file
   NAME s  Specify new airfoil name
   NINC    Increment name version number

   Z       Zoom    | (available in all menus)
   U       Unzoom  | 

 XFOIL   c>  
 Labeled airfoil file.  Name:  HAWKER TEMPEST 37.5% SEMISPAN AIRFOIL           

 Number of input coordinate points: 120
 Counterclockwise ordering
 Max thickness =     0.144999  at x =   0.376
 Max camber    =     0.010003  at x =   0.404

  LE  x,y  =   0.00000   0.00057  |   Chord =   1.00000
  TE  x,y  =   1.00000   0.00000  |

 Current airfoil nodes set from buffer airfoil nodes ( 120 )

 XFOIL   c>  
 XFOIL   c>  
 Sharp trailing edge

 Paneling parameters used...
   Number of panel nodes       160
   Panel bunching parameter    1.000
   TE/LE panel density ratio   0.150
   Refined-area/LE panel density ratio    0.200
   Top    side refined area x/c limits  1.000 1.000
   Bottom side refined area x/c limits  1.000 1.000

 XFOIL   c>  
.OPERi   c>  
 Xtr/c     =  1.0000    top    side
 Xtr/c     =  1.0000    bottom side
 Ncrit     =    9.00   ( 0.070 % turb. level )
 Vacc      =  0.0100

 Klag  =  5.6000     Uxwt  =    1.00
 A     =  6.7000     B     =  0.7500       KCt = 0.01485
 CtiniK=  1.8000     CtiniX=  3.3000

..VPAR   c>  
..VPAR   c>  
.OPERi   c>  
 M  =    0.0000
 Re =    400000

.OPERv   c>  
.OPERv   c>  
.OPERv   c>  
 Polar  1 newly created for accumulation
 Airfoil archived with polar: HAWKER TEMPEST 37.5% SEMISPAN AIRFOIL           

Enter  polar save filename  OR  <return> for no file   s>  
 New polar save file available

Enter  polar dump filename  OR  <return> for no file   s>  
 Polar dump file will NOT be written

 Polar accumulation enabled

.OPERva   c>   Calculating unit vorticity distributions ...
 Calculating wake trajectory ...
 Calculating source influence matrix ...

 Solving BL system ...

 Initializing BL ...
    side            1  ...
 MRCHUE: Inverse mode at  57     Hk =   3.884
 MRCHUE: Inverse mode at  58     Hk =   4.405
 MRCHUE: Inverse mode at  59     Hk =   4.917
 MRCHUE: Inverse mode at  60     Hk =   5.422
 MRCHUE: Inverse mode at  61     Hk =   5.920
 MRCHUE: Inverse mode at  62     Hk =   6.413
 MRCHUE: Inverse mode at  63     Hk =   6.901
 MRCHUE: Inverse mode at  64     Hk =   7.385
 MRCHUE: Inverse mode at  65     Hk =   7.866
 MRCHUE: Inverse mode at  66     Hk =   8.343
 MRCHUE: Inverse mode at  67     Hk =   8.816
 MRCHUE: Inverse mode at  68     Hk =   7.105
 MRCHUE: Inverse mode at  69     Hk =   5.474
 MRCHUE: Inverse mode at  70     Hk =   4.321
 MRCHUE: Inverse mode at  71     Hk =   3.437
 MRCHUE: Inverse mode at  72     Hk =   2.737
 MRCHUE: Inverse mode at  75     Hk =   2.500
 MRCHUE: Inverse mode at  76     Hk =   2.500
    side            2  ...
 MRCHUE: Inverse mode at  49     Hk =   3.346
 MRCHUE: Inverse mode at  84     Hk =   2.500
 MRCHUE: Inverse mode at  85     Hk =   2.500
 MRCHUE: Convergence failed at  86  side 2    Res =  0.4999E+01

 MRCHDU: Convergence failed at  86  side 2    Res =  0.1443E+01
 Side 1  free  transition at x/c =  0.8826   68
 Side 2  free  transition at x/c =  0.4369   49

   1   rms: 0.2410E+00   max: 0.1272E+01   D at   89  2   RLX: 0.705
       a = -4.000      CL = -0.3120
      Cm = -0.0284     CD =  0.00769   =>   CDf =  0.00555    CDp =  0.00215

 Side 1  free  transition at x/c =  0.9006   69
 Side 2  free  transition at x/c =  0.5300   55

   2   rms: 0.5437E-01   max: 0.3974E+00   D at   49  2
       a = -4.000      CL = -0.3035
      Cm = -0.0304     CD =  0.00907   =>   CDf =  0.00524    CDp =  0.00383

 Side 1  free  transition at x/c =  0.9055   69
 Side 2  free  transition at x/c =  0.5480   56

   3   rms: 0.1074E-01   max: -.7776E-01   D at   56  2
       a = -4.000      CL = -0.3086
      Cm = -0.0293     CD =  0.00909   =>   CDf =  0.00501    CDp =  0.00407

 Side 1  free  transition at x/c =  0.9030   69
 Side 2  free  transition at x/c =  0.5282   55

   4   rms: 0.7639E-02   max: -.1209E+00   C at   55  2
       a = -4.000      CL = -0.3060
      Cm = -0.0299     CD =  0.00915   =>   CDf =  0.00509    CDp =  0.00406

 Side 1  free  transition at x/c =  0.9035   69
 Side 2  free  transition at x/c =  0.5328   55

   5   rms: 0.2337E-03   max: -.3493E-02   C at   55  2
       a = -4.000      CL = -0.3059
      Cm = -0.0299     CD =  0.00915   =>   CDf =  0.00506    CDp =  0.00409

 Side 1  free  transition at x/c =  0.9035   69
 Side 2  free  transition at x/c =  0.5329   55

   6   rms: 0.1226E-05   max: -.7051E-05   C at   55  2
       a = -4.000      CL = -0.3059
      Cm = -0.0299     CD =  0.00915   =>   CDf =  0.00506    CDp =  0.00409
 plradd ia,ip,cpol            1           0  5.33631584E-03

 Point added to stored polar  1
 Point written to save file  tempest1_Re400k.base.pol                        
 Dump file unspecified or not available
 Calculating wake trajectory ...
 Calculating source influence matrix ...

 Solving BL system ...

 Side 1  free  transition at x/c =  0.9035   69
 Side 2  free  transition at x/c =  0.5329   55

   1   rms: 0.9376E-01   max: -.9848E+00   C at   55  2   RLX: 0.508
       a = -3.500      CL = -0.2847
      Cm = -0.0283     CD =  0.00898   =>   CDf =  0.00506    CDp =  0.00392

 Side 1  free  transition at x/c =  0.8960   69
 Side 2  free  transition at x/c =  0.5737   58

   2   rms: 0.5729E-01   max: -.6570E+00   C at   58  2   RLX: 0.761
       a = -3.500      CL = -0.2622
      Cm = -0.0285     CD =  0.00867   =>   CDf =  0.00503    CDp =  0.00364

 Side 1  free  transition at x/c =  0.8943   70
 Side 2  free  transition at x/c =  0.5932   58

   3   rms: 0.7632E-01   max: -.1301E+01   D at    2  1   RLX: 0.384
       a = -3.500      CL = -0.2576
      Cm = -0.0291     CD =  0.00871   =>   CDf =  0.00496    CDp =  0.00375

 Side 1  free  transition at x/c =  0.8943   69
 Side 2  free  transition at x/c =  0.5979   59

   4   rms: 0.1219E-01   max: -.1766E+00   C at   59  2
       a = -3.500      CL = -0.2553
      Cm = -0.0287     CD =  0.00861   =>   CDf =  0.00494    CDp =  0.00367

 Side 1  free  transition at x/c =  0.8931   69
 Side 2  free  transition at x/c =  0.6040   59

   5   rms: 0.1064E-02   max: -.1773E-01   C at   59  2
       a = -3.500      CL = -0.2553
      Cm = -0.0287     CD =  0.00862   =>   CDf =  0.00489    CDp =  0.00373

 Side 1  free  transition at x/c =  0.8932   69
 Side 2  free  transition at x/c =  0.6045   59

   6   rms: 0.5219E-05   max: -.5473E-04   D at   61  2
       a = -3.500      CL = -0.2552
      Cm = -0.0287     CD =  0.00862   =>   CDf =  0.00489    CDp =  0.00373
 plradd ia,ip,cpol            2           0  1.25363087E-02

 Point added to stored polar  1
 Point written to save file  tempest1_Re400k.base.pol                        
 Dump file unspecified or not available
 Calculating wake trajectory ...
 Calculating source influence matrix ...

 Solving BL system ...

 Side 1  free  transition at x/c =  0.8932   69
 Side 2  free  transition at x/c =  0.6045   59

   1   rms: 0.8449E-01   max: -.8040E+00   C at   59  2   RLX: 0.622
       a = -3.000      CL = -0.2541
      Cm = -0.0214     CD =  0.00861   =>   CDf =  0.00489    CDp =  0.00372

 Side 1  free  transition at x/c =  0.8753   68
 Side 2  free  transition at x/c =  0.6267   60

   2   rms: 0.6381E-01   max: -.3646E+00   D at   70  1
       a = -3.000      CL = -0.1991
      Cm = -0.0285     CD =  0.00836   =>   CDf =  0.00495    CDp =  0.00342

 Side 1  free  transition at x/c =  0.8846   69
 Side 2  free  transition at x/c =  0.6610   63

   3   rms: 0.1879E-01   max: 0.1712E+00   D at   69  1
       a = -3.000      CL = -0.2024
      Cm = -0.0279     CD =  0.00821   =>   CDf =  0.00478    CDp =  0.00343

 Side 1  free  transition at x/c =  0.8812   69
 Side 2  free  transition at x/c =  0.6617   63

   4   rms: 0.6045E-02   max: -.5933E-01   D at   77  1
       a = -3.000      CL = -0.2076
      Cm = -0.0267     CD =  0.00826   =>   CDf =  0.00476    CDp =  0.00350

 Side 1  free  transition at x/c =  0.8801   69
 Side 2  free  transition at x/c =  0.6606   63

   5   rms: 0.4829E-03   max: -.3982E-02   D at   77  1
       a = -3.000      CL = -0.2081
      Cm = -0.0266     CD =  0.00826   =>   CDf =  0.00478    CDp =  0.00349

 Side 1  free  transition at x/c =  0.8800   69
 Side 2  free  transition at x/c =  0.6606   63

   6   rms: 0.2315E-05   max: -.2608E-04   D at   77  1
       a = -3.000      CL = -0.2081
      Cm = -0.0266     CD =  0.00826   =>   CDf =  0.00478    CDp =  0.00349
 plradd ia,ip,cpol            3           0  4.52733189E-02

 Point added to stored polar  1
 Point written to save file  tempest1_Re400k.base.pol                        
 Dump file unspecified or not available
 Calculating wake trajectory ...
 Calculating source influence matrix ...

 Solving BL system ...

 Side 1  free  transition at x/c =  0.8800   69
 Side 2  free  transition at x/c =  0.6606   63

   1   rms: 0.1035E+00   max: -.9095E+00   C at   63  2   RLX: 0.550
       a = -2.500      CL = -0.1747
      Cm = -0.0270     CD =  0.00802   =>   CDf =  0.00485    CDp =  0.00317

 Side 1  free  transition at x/c =  0.8757   69
 Side 2  free  transition at x/c =  0.6811   63

   2   rms: 0.3981E-01   max: -.3361E+00   C at   63  2
       a = -2.500      CL = -0.1779
      Cm = -0.0209     CD =  0.00814   =>   CDf =  0.00479    CDp =  0.00334

 Side 1  free  transition at x/c =  0.8598   68
 Side 2  free  transition at x/c =  0.7044   64

   3   rms: 0.3014E-01   max: -.1933E+00   D at   69  1
       a = -2.500      CL = -0.1514
      Cm = -0.0265     CD =  0.00797   =>   CDf =  0.00475    CDp =  0.00322

 Side 1  free  transition at x/c =  0.8708   69
 Side 2  free  transition at x/c =  0.7094   65

   4   rms: 0.1834E-01   max: 0.1722E+00   D at   69  1
       a = -2.500      CL = -0.1539
      Cm = -0.0260     CD =  0.00797   =>   CDf =  0.00466    CDp =  0.00331

 Side 1  free  transition at x/c =  0.8676   69
 Side 2  free  transition at x/c =  0.7094   65

   5   rms: 0.6803E-02   max: -.6126E-01   D at   78  1
       a = -2.500      CL = -0.1602
      Cm = -0.0246     CD =  0.00802   =>   CDf =  0.00467    CDp =  0.00335

 Side 1  free  transition at x/c =  0.8660   69
 Side 2  free  transition at x/c =  0.7085   65

   6   rms: 0.5379E-03   max: -.4539E-02   D at   69  1
       a = -2.500      CL = -0.1607
      Cm = -0.0245     CD =  0.00802   =>   CDf =  0.00469    CDp =  0.00333

 Side 1  free  transition at x/c =  0.8660   69
 Side 2  free  transition at x/c =  0.7085   65

   7   rms: 0.1502E-05   max: -.8273E-05   D at   65  2
       a = -2.500      CL = -0.1607
      Cm = -0.0245     CD =  0.00802   =>   CDf =  0.00469    CDp =  0.00333
 plradd ia,ip,cpol            4           0  4.52733189E-02

 Point added to stored polar  1
 Point written to save file  tempest1_Re400k.base.pol                        
 Dump file unspecified or not available
 Calculating wake trajectory ...
 Calculating source influence matrix ...

 Solving BL system ...

 Side 1  free  transition at x/c =  0.8660   69
 Side 2  free  transition at x/c =  0.7085   65

   1   rms: 0.9950E-01   max: -.7369E+00   C at   65  2   RLX: 0.679
       a = -2.000      CL = -0.1194
      Cm = -0.0250     CD =  0.00780   =>   CDf =  0.00469    CDp =  0.00311

 Side 1  free  transition at x/c =  0.8598   68
 Side 2  free  transition at x/c =  0.7280   66

   2   rms: 0.3138E-01   max: -.2250E+00   C at   66  2
       a = -2.000      CL = -0.1221
      Cm = -0.0206     CD =  0.00791   =>   CDf =  0.00475    CDp =  0.00316

 Side 1  free  transition at x/c =  0.8474   67
 Side 2  free  transition at x/c =  0.7515   67

   3   rms: 0.2655E-01   max: -.1885E+00   D at   68  1
       a = -2.000      CL = -0.0992
      Cm = -0.0253     CD =  0.00782   =>   CDf =  0.00476    CDp =  0.00306

 Side 1  free  transition at x/c =  0.8583   69
 Side 2  free  transition at x/c =  0.7512   66

   4   rms: 0.2740E-01   max: 0.2706E+00   C at   69  1
       a = -2.000      CL = -0.0986
      Cm = -0.0256     CD =  0.00776   =>   CDf =  0.00458    CDp =  0.00319

 Side 1  free  transition at x/c =  0.8550   69
 Side 2  free  transition at x/c =  0.7512   66

   5   rms: 0.1187E-01   max: -.9701E-01   D at   79  1
       a = -2.000      CL = -0.1094
      Cm = -0.0232     CD =  0.00786   =>   CDf =  0.00461    CDp =  0.00324

 Side 1  free  transition at x/c =  0.8517   69
 Side 2  free  transition at x/c =  0.7505   66

   6   rms: 0.1440E-02   max: -.1332E-01   D at   69  1
       a = -2.000      CL = -0.1109
      Cm = -0.0229     CD =  0.00786   =>   CDf =  0.00464    CDp =  0.00322

 Side 1  free  transition at x/c =  0.8516   69
 Side 2  free  transition at x/c =  0.7504   66

   7   rms: 0.7747E-05   max: -.7020E-04   D at    4  1
       a = -2.000      CL = -0.1109
      Cm = -0.0229     CD =  0.00786   =>   CDf =  0.00464    CDp =  0.00323
 plradd ia,ip,cpol            5           0  5.46870679E-02

 Point added to stored polar  1
 Point written to save file  tempest1_Re400k.base.pol                        
 Dump file unspecified or not available
 Calculating wake trajectory ...
 Calculating source influence matrix ...

 Solving BL system ...

 Side 1  free  transition at x/c =  0.8516   69
 Side 2  free  transition at x/c =  0.7504   66

   1   rms: 0.8334E-01   max: -.2369E+00   T at   66  2
       a = -1.500      CL = -0.0580
      Cm = -0.0219     CD =  0.00774   =>   CDf =  0.00464    CDp =  0.00310

 Side 1  free  transition at x/c =  0.8397   68
 Side 2  free  transition at x/c =  0.7828   68

   2   rms: 0.1356E-01   max: -.1308E+00   D at   68  1
       a = -1.500      CL = -0.0619
      Cm = -0.0211     CD =  0.00778   =>   CDf =  0.00468    CDp =  0.00310

 Side 1  free  transition at x/c =  0.8357   68
 Side 2  free  transition at x/c =  0.7869   69

   3   rms: 0.4534E-02   max: -.3286E-01   D at   68  1
       a = -1.500      CL = -0.0592
      Cm = -0.0217     CD =  0.00777   =>   CDf =  0.00462    CDp =  0.00315

 Side 1  free  transition at x/c =  0.8367   68
 Side 2  free  transition at x/c =  0.7854   69

   4   rms: 0.2414E-03   max: 0.2446E-02   C at   69  2
       a = -1.500      CL = -0.0592
      Cm = -0.0217     CD =  0.00778   =>   CDf =  0.00462    CDp =  0.00316

 Side 1  free  transition at x/c =  0.8367   68
 Side 2  free  transition at x/c =  0.7853   69

   5   rms: 0.2023E-05   max: -.1431E-04   D at   70  1
       a = -1.500      CL = -0.0592
      Cm = -0.0217     CD =  0.00778   =>   CDf =  0.00462    CDp =  0.00316
 plradd ia,ip,cpol            6           0  6.53469637E-02

 Point added to stored polar  1
 Point written to save file  tempest1_Re400k.base.pol                        
 Dump file unspecified or not available
 Calculating wake trajectory ...
 Calculating source influence matrix ...

 Solving BL system ...

 Side 1  free  transition at x/c =  0.8367   68
 Side 2  free  transition at x/c =  0.7853   69

   1   rms: 0.9532E-01   max: 0.3958E+00   D at   70  2
       a = -1.000      CL =  0.0074
      Cm = -0.0235     CD =  0.00767   =>   CDf =  0.00466    CDp =  0.00301

 Side 1  free  transition at x/c =  0.8243   68
 Side 2  free  transition at x/c =  0.8170   70

   2   rms: 0.1816E-01   max: -.1310E+00   D at   68  1
       a = -1.000      CL = -0.0069
      Cm = -0.0204     CD =  0.00777   =>   CDf =  0.00464    CDp =  0.00313

 Side 1  free  transition at x/c =  0.8204   68
 Side 2  free  transition at x/c =  0.8204   70

   3   rms: 0.3450E-02   max: -.3193E-01   D at   68  1
       a = -1.000      CL = -0.0048
      Cm = -0.0209     CD =  0.00778   =>   CDf =  0.00459    CDp =  0.00319

 Side 1  free  transition at x/c =  0.8213   68
 Side 2  free  transition at x/c =  0.8204   70

   4   rms: 0.1121E-03   max: -.1200E-02   D at   70  1
       a = -1.000      CL = -0.0049
      Cm = -0.0209     CD =  0.00778   =>   CDf =  0.00458    CDp =  0.00320

 Side 1  free  transition at x/c =  0.8213   68
 Side 2  free  transition at x/c =  0.8204   70

   5   rms: 0.1444E-05   max: 0.1075E-04   D at   70  2
       a = -1.000      CL = -0.0049
      Cm = -0.0209     CD =  0.00778   =>   CDf =  0.00458    CDp =  0.00320
 plradd ia,ip,cpol            7           0  6.53469637E-02

 Point added to stored polar  1
 Point written to save file  tempest1_Re400k.base.pol                        
 Dump file unspecified or not available
 Calculating wake trajectory ...
 Calculating source influence matrix ...

 Solving BL system ...

 Side 1  free  transition at x/c =  0.8213   68
 Side 2  free  transition at x/c =  0.8204   70

   1   rms: 0.1019E+00   max: 0.4688E+00   D at   71  2
       a = -0.500      CL =  0.0606
      Cm = -0.0222     CD =  0.00785   =>   CDf =  0.00461    CDp =  0.00324

 Side 1  free  transition at x/c =  0.8077   68
 Side 2  free  transition at x/c =  0.8369   70
 idif Ue xi dudx           1  0.16736512      1.79696083E-03   93.137878    
 Uenew xinew           2  5.25167165E-03  5.63859940E-05

   2   rms: 0.3997E-01   max: -.3031E+00   T at   70  2
       a = -0.500      CL =  0.0363
      Cm = -0.0172     CD =  0.00780   =>   CDf =  0.00465    CDp =  0.00315

 Side 1  free  transition at x/c =  0.8034   67
 Side 2  free  transition at x/c =  0.8579   72

   3   rms: 0.2337E-01   max: 0.2265E+00   C at   72  2
       a = -0.500      CL =  0.0416
      Cm = -0.0183     CD =  0.00783   =>   CDf =  0.00457    CDp =  0.00326

 Side 1  free  transition at x/c =  0.8045   68
 Side 2  free  transition at x/c =  0.8527   71

   4   rms: 0.1930E-01   max: -.3096E+00   D at    2  1
       a = -0.500      CL =  0.0498
      Cm = -0.0201     CD =  0.00788   =>   CDf =  0.00457    CDp =  0.00331

 Side 1  free  transition at x/c =  0.8049   68
 Side 2  free  transition at x/c =  0.8504   71

   5   rms: 0.1474E-02   max: -.1642E-01   D at    4  1
       a = -0.500      CL =  0.0503
      Cm = -0.0202     CD =  0.00788   =>   CDf =  0.00459    CDp =  0.00329

 Side 1  free  transition at x/c =  0.8049   68
 Side 2  free  transition at x/c =  0.8505   71

   6   rms: 0.3156E-05   max: 0.2512E-04   D at    6  1
       a = -0.500      CL =  0.0503
      Cm = -0.0202     CD =  0.00788   =>   CDf =  0.00458    CDp =  0.00330
 plradd ia,ip,cpol            8           0  0.30771860    

 Point added to stored polar  1
 Point written to save file  tempest1_Re400k.base.pol                        
 Dump file unspecified or not available
 Calculating wake trajectory ...
 Calculating source influence matrix ...

 Solving BL system ...

 Side 1  free  transition at x/c =  0.8049   68
 Side 2  free  transition at x/c =  0.8505   71

   1   rms: 0.9612E-01   max: -.3246E+00   T at   71  2
       a =  0.000      CL =  0.1214
      Cm = -0.0230     CD =  0.00802   =>   CDf =  0.00458    CDp =  0.00343

 Side 1  free  transition at x/c =  0.7908   67
 Side 2  free  transition at x/c =  0.8656   72

   2   rms: 0.2276E-01   max: -.1676E+00   D at   67  1
       a =  0.000      CL =  0.1057
      Cm = -0.0196     CD =  0.00802   =>   CDf =  0.00464    CDp =  0.00338

 Side 1  free  transition at x/c =  0.7870   67
 Side 2  free  transition at x/c =  0.8717   72

   3   rms: 0.5814E-02   max: -.5174E-01   D at   73  2
       a =  0.000      CL =  0.1097
      Cm = -0.0205     CD =  0.00804   =>   CDf =  0.00464    CDp =  0.00341

 Side 1  free  transition at x/c =  0.7879   67
 Side 2  free  transition at x/c =  0.8717   72

   4   rms: 0.1795E-03   max: 0.1683E-02   D at   73  2
       a =  0.000      CL =  0.1098
      Cm = -0.0205     CD =  0.00805   =>   CDf =  0.00462    CDp =  0.00343

 Side 1  free  transition at x/c =  0.7879   67
 Side 2  free  transition at x/c =  0.8717   72

   5   rms: 0.1920E-05   max: -.1499E-04   T at   67  1
       a =  0.000      CL =  0.1098
      Cm = -0.0205     CD =  0.00805   =>   CDf =  0.00462    CDp =  0.00343
 plradd ia,ip,cpol            9           0  0.27724838    

 Point added to stored polar  1
 Point written to save file  tempest1_Re400k.base.pol                        
 Dump file unspecified or not available
 Calculating wake trajectory ...
 Calculating source influence matrix ...

 Solving BL system ...

 Side 1  free  transition at x/c =  0.7879   67
 Side 2  free  transition at x/c =  0.8717   72

   1   rms: 0.8854E-01   max: -.3089E+00   T at   72  2
       a =  0.500      CL =  0.1714
      Cm = -0.0213     CD =  0.00822   =>   CDf =  0.00463    CDp =  0.00359

 Side 1  free  transition at x/c =  0.7719   67
 Side 2  free  transition at x/c =  0.8873   72

   2   rms: 0.2010E-01   max: -.2488E+00   D at   67  1
       a =  0.500      CL =  0.1710
      Cm = -0.0213     CD =  0.00822   =>   CDf =  0.00465    CDp =  0.00357

 Side 1  free  transition at x/c =  0.7697   66
 Side 2  free  transition at x/c =  0.8876   72

   3   rms: 0.1897E-02   max: 0.2166E-01   D at   67  1
       a =  0.500      CL =  0.1700
      Cm = -0.0211     CD =  0.00825   =>   CDf =  0.00468    CDp =  0.00357

 Side 1  free  transition at x/c =  0.7690   66
 Side 2  free  transition at x/c =  0.8878   72

   4   rms: 0.3886E-04   max: -.3271E-03   D at   67  1
       a =  0.500      CL =  0.1700
      Cm = -0.0211     CD =  0.00825   =>   CDf =  0.00468    CDp =  0.00358
 plradd ia,ip,cpol           10           0  0.20202380    

 Point added to stored polar  1
 Point written to save file  tempest1_Re400k.base.pol                        
 Dump file unspecified or not available
 Calculating wake trajectory ...
 Calculating source influence matrix ...

 Solving BL system ...

 Side 1  free  transition at x/c =  0.7691   66
 Side 2  free  transition at x/c =  0.8878   72

   1   rms: 0.7478E-01   max: -.3468E+00   T at   72  2
       a =  1.000      CL =  0.2071
      Cm = -0.0168     CD =  0.00839   =>   CDf =  0.00467    CDp =  0.00372

 Side 1  free  transition at x/c =  0.7418   66
 Side 2  free  transition at x/c =  0.9067   72

   2   rms: 0.4093E-01   max: -.2969E+00   D at   66  1
       a =  1.000      CL =  0.2402
      Cm = -0.0239     CD =  0.00846   =>   CDf =  0.00480    CDp =  0.00366

 Side 1  free  transition at x/c =  0.7502   66
 Side 2  free  transition at x/c =  0.8970   72

   3   rms: 0.1327E-01   max: -.7755E-01   T at   72  2
       a =  1.000      CL =  0.2304
      Cm = -0.0218     CD =  0.00847   =>   CDf =  0.00470    CDp =  0.00378

 Side 1  free  transition at x/c =  0.7474   66
 Side 2  free  transition at x/c =  0.9000   72

   4   rms: 0.1182E-02   max: -.1192E-01   D at   73  2
       a =  1.000      CL =  0.2310
      Cm = -0.0219     CD =  0.00848   =>   CDf =  0.00471    CDp =  0.00376

 Side 1  free  transition at x/c =  0.7474   66
 Side 2  free  transition at x/c =  0.9001   72

   5   rms: 0.9538E-05   max: 0.7352E-04   T at   72  2
       a =  1.000      CL =  0.2310
      Cm = -0.0219     CD =  0.00847   =>   CDf =  0.00471    CDp =  0.00376
 plradd ia,ip,cpol           11           0  0.17266421    

 Point added to stored polar  1
 Point written to save file  tempest1_Re400k.base.pol                        
 Dump file unspecified or not available
 Calculating wake trajectory ...
 Calculating source influence matrix ...

 Solving BL system ...

 Side 1  free  transition at x/c =  0.7474   66
 Side 2  free  transition at x/c =  0.9001   72

   1   rms: 0.8758E-01   max: -.2131E+00   T at   72  2
       a =  1.500      CL =  0.2938
      Cm = -0.0231     CD =  0.00872   =>   CDf =  0.00470    CDp =  0.00402

 Side 1  free  transition at x/c =  0.7243   66
 Side 2  free  transition at x/c =  0.9086   71

   2   rms: 0.1193E+00   max: 0.9417E+00   T at   71  2   RLX: 0.573
       a =  1.500      CL =  0.3489
      Cm = -0.0350     CD =  0.00922   =>   CDf =  0.00483    CDp =  0.00439

 Side 1  free  transition at x/c =  0.7257   66
 Side 2  free  transition at x/c =  0.8897   70

   3   rms: 0.4384E+00   max: 0.3770E+01   T at   70  2   RLX: 0.220
       a =  1.500      CL =  0.4463
      Cm = -0.0569     CD =  0.01029   =>   CDf =  0.00478    CDp =  0.00550

 Side 1  free  transition at x/c =  0.7252   66
 Side 2  free  transition at x/c =  0.8623   68

   4   rms: 0.2363E+00   max: 0.2551E+01   T at   68  2   RLX: 0.244
       a =  1.500      CL =  0.4889
      Cm = -0.0665     CD =  0.01210   =>   CDf =  0.00477    CDp =  0.00733

 Side 1  free  transition at x/c =  0.7248   67
 Side 2  free  transition at x/c =  0.8449   66

   5   rms: 0.1280E+01   max: 0.1425E+02   T at   66  2   RLX: 0.051
       a =  1.500      CL =  0.5457
      Cm = -0.0799     CD =  0.01403   =>   CDf =  0.00479    CDp =  0.00924

 Side 1  free  transition at x/c =  0.7246   67
 Side 2  free  transition at x/c =  0.8252   65

   6   rms: 0.3807E+00   max: -.3651E+01   T at   65  2   RLX: 0.137
       a =  1.500      CL =  0.5064
      Cm = -0.0740     CD =  0.01583   =>   CDf =  0.00479    CDp =  0.01105

 Side 1  free  transition at x/c =  0.7246   67
 Side 2  free  transition at x/c =  0.8438   66
 idif Ue xi dudx           1  0.17648989      2.35414505E-03   74.969849    
 Uenew xinew           2  1.97599325E-02  2.63571739E-04

   7   rms: 0.1894E+00   max: -.1141E+01   T at   66  2   RLX: 0.438
       a =  1.500      CL =  0.4294
      Cm = -0.0545     CD =  0.01217   =>   CDf =  0.00483    CDp =  0.00735

 Side 1  free  transition at x/c =  0.7246   66
 Side 2  free  transition at x/c =  0.8670   69

   8   rms: 0.1541E+00   max: -.9786E+00   T at   69  2   RLX: 0.511
       a =  1.500      CL =  0.3664
      Cm = -0.0404     CD =  0.01047   =>   CDf =  0.00480    CDp =  0.00568

 Side 1  free  transition at x/c =  0.7249   66
 Side 2  free  transition at x/c =  0.8899   70

   9   rms: 0.5620E+00   max: -.4172E+01   T at   70  2   RLX: 0.120
       a =  1.500      CL =  0.3033
      Cm = -0.0269     CD =  0.00948   =>   CDf =  0.00479    CDp =  0.00469

 MRCHDU: Convergence failed at  73  side 2    Res =  0.5107E+01
 MRCHDU: Convergence failed at  74  side 2    Res =  0.2047E+01
 MRCHDU: Convergence failed at  75  side 2    Res =  0.3025E+01
 MRCHDU: Convergence failed at  76  side 2    Res =  0.3872E+01
 MRCHDU: Convergence failed at  77  side 2    Res =  0.4855E+01
 MRCHDU: Convergence failed at  78  side 2    Res =  0.1300E+02
 Side 1  free  transition at x/c =  0.7253   66
 Side 2  free  transition at x/c =  0.9187   72

  10   rms: 0.1630E+00   max: 0.1331E+01   D at   78  2
       a =  1.500      CL =  0.3696
      Cm = -0.0406     CD =  0.00750   =>   CDf =  0.00478    CDp =  0.00272

 Side 1  free  transition at x/c =  0.7248   66
 Side 2  free  transition at x/c =  0.9005   71

  11   rms: 0.9473E-01   max: -.5510E+00   D at   77  2   RLX: 0.907
       a =  1.500      CL =  0.2856
      Cm = -0.0216     CD =  0.00840   =>   CDf =  0.00481    CDp =  0.00358

 MRCHDU: Convergence failed at  76  side 2    Res =  0.2098E+02
 MRCHDU: Convergence failed at  77  side 2    Res =  0.2434E+01
 MRCHDU: Convergence failed at  78  side 2    Res =  0.1051E+01
 Side 1  free  transition at x/c =  0.7256   66
 Side 2  free  transition at x/c =  0.9202   72

  12   rms: 0.6676E-01   max: 0.5998E+00   D at   78  2
       a =  1.500      CL =  0.2894
      Cm = -0.0222     CD =  0.00835   =>   CDf =  0.00480    CDp =  0.00355

 Side 1  free  transition at x/c =  0.7256   66
 Side 2  free  transition at x/c =  0.9116   72

  13   rms: 0.5057E-02   max: -.6311E-01   D at   78  2
       a =  1.500      CL =  0.2905
      Cm = -0.0224     CD =  0.00871   =>   CDf =  0.00479    CDp =  0.00392

 Side 1  free  transition at x/c =  0.7256   66
 Side 2  free  transition at x/c =  0.9116   72

  14   rms: 0.3927E-03   max: 0.1737E-02   T at   72  2
       a =  1.500      CL =  0.2908
      Cm = -0.0225     CD =  0.00871   =>   CDf =  0.00480    CDp =  0.00391

 Side 1  free  transition at x/c =  0.7256   66
 Side 2  free  transition at x/c =  0.9116   72

  15   rms: 0.1324E-05   max: 0.7926E-05   D at   67  1
       a =  1.500      CL =  0.2908
      Cm = -0.0225     CD =  0.00871   =>   CDf =  0.00480    CDp =  0.00391
 plradd ia,ip,cpol           12           0  0.17266421    

 Point added to stored polar  1
 Point written to save file  tempest1_Re400k.base.pol                        
 Dump file unspecified or not available
 Calculating wake trajectory ...
 Calculating source influence matrix ...

 Solving BL system ...

 Side 1  free  transition at x/c =  0.7256   66
 Side 2  free  transition at x/c =  0.9116   72

   1   rms: 0.9951E-01   max: 0.1896E+00   D at   75  2
       a =  2.000      CL =  0.3701
      Cm = -0.0273     CD =  0.00906   =>   CDf =  0.00480    CDp =  0.00427

 Side 1  free  transition at x/c =  0.7063   64
 Side 2  free  transition at x/c =  0.9158   72

   2   rms: 0.2324E-01   max: -.2823E+00   D at   65  1
       a =  2.000      CL =  0.3601
      Cm = -0.0252     CD =  0.00898   =>   CDf =  0.00482    CDp =  0.00416

 Side 1  free  transition at x/c =  0.7042   64
 Side 2  free  transition at x/c =  0.9186   72

   3   rms: 0.2630E-02   max: 0.2756E-01   C at   64  1
       a =  2.000      CL =  0.3600
      Cm = -0.0252     CD =  0.00902   =>   CDf =  0.00483    CDp =  0.00420

 Side 1  free  transition at x/c =  0.7029   64
 Side 2  free  transition at x/c =  0.9187   72

   4   rms: 0.8148E-04   max: -.9929E-03   C at   64  1
       a =  2.000      CL =  0.3600
      Cm = -0.0252     CD =  0.00902   =>   CDf =  0.00484    CDp =  0.00419
 plradd ia,ip,cpol           13           0  8.92066732E-02

 Point added to stored polar  1
 Point written to save file  tempest1_Re400k.base.pol                        
 Dump file unspecified or not available
 Calculating wake trajectory ...
 Calculating source influence matrix ...

 Solving BL system ...

 Side 1  free  transition at x/c =  0.7029   64
 Side 2  free  transition at x/c =  0.9188   72

   1   rms: 0.7883E-01   max: -.2916E+00   T at   72  2
       a =  2.500      CL =  0.4114
      Cm = -0.0242     CD =  0.00924   =>   CDf =  0.00480    CDp =  0.00444

 Side 1  free  transition at x/c =  0.6775   63
 Side 2  free  transition at x/c =  0.9312   72

   2   rms: 0.2998E-01   max: -.3329E+00   D at   64  1
       a =  2.500      CL =  0.4251
      Cm = -0.0271     CD =  0.00930   =>   CDf =  0.00496    CDp =  0.00434

 Side 1  free  transition at x/c =  0.6820   64
 Side 2  free  transition at x/c =  0.9264   72

   3   rms: 0.5908E-02   max: 0.6869E-01   D at   64  1
       a =  2.500      CL =  0.4236
      Cm = -0.0268     CD =  0.00930   =>   CDf =  0.00488    CDp =  0.00442

 Side 1  free  transition at x/c =  0.6801   64
 Side 2  free  transition at x/c =  0.9270   72

   4   rms: 0.4762E-03   max: 0.5749E-02   C at   64  1
       a =  2.500      CL =  0.4236
      Cm = -0.0268     CD =  0.00929   =>   CDf =  0.00489    CDp =  0.00440

 Side 1  free  transition at x/c =  0.6800   64
 Side 2  free  transition at x/c =  0.9270   72

   5   rms: 0.2498E-05   max: -.4519E-04   D at   66  1
       a =  2.500      CL =  0.4236
      Cm = -0.0268     CD =  0.00929   =>   CDf =  0.00490    CDp =  0.00440
 plradd ia,ip,cpol           14           0  7.67858177E-02

 Point added to stored polar  1
 Point written to save file  tempest1_Re400k.base.pol                        
 Dump file unspecified or not available
 Calculating wake trajectory ...
 Calculating source influence matrix ...

 Solving BL system ...

 Side 1  free  transition at x/c =  0.6800   64
 Side 2  free  transition at x/c =  0.9270   72

   1   rms: 0.1004E+00   max: 0.1534E+00   D at   75  2
       a =  3.000      CL =  0.5042
      Cm = -0.0322     CD =  0.00966   =>   CDf =  0.00485    CDp =  0.00481

 Side 1  free  transition at x/c =  0.6477   63
 Side 2  free  transition at x/c =  0.9294   71

   2   rms: 0.2543E-01   max: 0.3988E+00   D at   64  1
       a =  3.000      CL =  0.4958
      Cm = -0.0304     CD =  0.00969   =>   CDf =  0.00503    CDp =  0.00466

 Side 1  free  transition at x/c =  0.6520   63
 Side 2  free  transition at x/c =  0.9313   71

   3   rms: 0.5032E-02   max: 0.6946E-01   C at   63  1
       a =  3.000      CL =  0.4964
      Cm = -0.0305     CD =  0.00963   =>   CDf =  0.00493    CDp =  0.00470

 Side 1  free  transition at x/c =  0.6506   63
 Side 2  free  transition at x/c =  0.9314   71

   4   rms: 0.1002E-03   max: -.1375E-02   D at   64  1
       a =  3.000      CL =  0.4964
      Cm = -0.0305     CD =  0.00963   =>   CDf =  0.00495    CDp =  0.00468

 Side 1  free  transition at x/c =  0.6506   63
 Side 2  free  transition at x/c =  0.9314   71

   5   rms: 0.9113E-06   max: -.5256E-05   D at   64  1
       a =  3.000      CL =  0.4964
      Cm = -0.0305     CD =  0.00963   =>   CDf =  0.00495    CDp =  0.00468
 plradd ia,ip,cpol           15           0  6.51651472E-02

 Point added to stored polar  1
 Point written to save file  tempest1_Re400k.base.pol                        
 Dump file unspecified or not available
 Calculating wake trajectory ...
 Calculating source influence matrix ...

 Solving BL system ...

 Side 1  free  transition at x/c =  0.6506   63
 Side 2  free  transition at x/c =  0.9314   71

   1   rms: 0.9394E-01   max: -.1685E+00   T at   71  2
       a =  3.500      CL =  0.5630
      Cm = -0.0327     CD =  0.00999   =>   CDf =  0.00489    CDp =  0.00510

 Side 1  free  transition at x/c =  0.6214   62
 Side 2  free  transition at x/c =  0.9372   70
 idif Ue xi dudx           1  0.16655903      2.88343430E-03   57.764114    
 Uenew xinew           2  2.33642627E-02  4.04477119E-04

   2   rms: 0.9737E-01   max: -.9580E+00   T at   70  2   RLX: 0.522
       a =  3.500      CL =  0.5164
      Cm = -0.0228     CD =  0.00997   =>   CDf =  0.00510    CDp =  0.00487

 Side 1  free  transition at x/c =  0.6262   61
 Side 2  free  transition at x/c =  0.9562   73

   3   rms: 0.5567E-01   max: 0.5460E+00   D at   73  2
       a =  3.500      CL =  0.5199
      Cm = -0.0234     CD =  0.00979   =>   CDf =  0.00503    CDp =  0.00477

 Side 1  free  transition at x/c =  0.6253   61
 Side 2  free  transition at x/c =  0.9518   72

   4   rms: 0.6466E+00   max: 0.6432E+01   T at   72  2   RLX: 0.131
       a =  3.500      CL =  0.5991
      Cm = -0.0404     CD =  0.00964   =>   CDf =  0.00492    CDp =  0.00472

 Side 1  free  transition at x/c =  0.6155   61
 Side 2  free  transition at x/c =  0.9277   70

   5   rms: 0.5810E-01   max: -.4028E+00   D at   70  2
       a =  3.500      CL =  0.5550
      Cm = -0.0311     CD =  0.00997   =>   CDf =  0.00506    CDp =  0.00491

 Side 1  free  transition at x/c =  0.6228   62
 Side 2  free  transition at x/c =  0.9402   71

   6   rms: 0.1490E-01   max: -.9175E-01   D at   70  2
       a =  3.500      CL =  0.5510
      Cm = -0.0303     CD =  0.00990   =>   CDf =  0.00499    CDp =  0.00491

 Side 1  free  transition at x/c =  0.6220   62
 Side 2  free  transition at x/c =  0.9413   71

   7   rms: 0.4743E-03   max: -.5315E-02   D at   71  2
       a =  3.500      CL =  0.5511
      Cm = -0.0303     CD =  0.00991   =>   CDf =  0.00500    CDp =  0.00491

 Side 1  free  transition at x/c =  0.6219   62
 Side 2  free  transition at x/c =  0.9413   71

   8   rms: 0.4805E-05   max: 0.4414E-04   D at   77  2
       a =  3.500      CL =  0.5511
      Cm = -0.0303     CD =  0.00991   =>   CDf =  0.00500    CDp =  0.00491
 plradd ia,ip,cpol           16           0  4.50492091E-02

 Point added to stored polar  1
 Point written to save file  tempest1_Re400k.base.pol                        
 Dump file unspecified or not available
 Calculating wake trajectory ...
 Calculating source influence matrix ...

 Solving BL system ...

 Side 1  free  transition at x/c =  0.6219   62
 Side 2  free  transition at x/c =  0.9413   71

   1   rms: 0.9769E-01   max: -.1219E+00   T at   71  2
       a =  4.000      CL =  0.6256
      Cm = -0.0344     CD =  0.01026   =>   CDf =  0.00500    CDp =  0.00526

 Side 1  free  transition at x/c =  0.5879   60
 Side 2  free  transition at x/c =  0.9442   71

   2   rms: 0.1960E-01   max: 0.3166E+00   D at   61  1
       a =  4.000      CL =  0.6218
      Cm = -0.0336     CD =  0.01029   =>   CDf =  0.00511    CDp =  0.00518

 Side 1  free  transition at x/c =  0.5919   60
 Side 2  free  transition at x/c =  0.9457   71

   3   rms: 0.3544E-02   max: 0.5842E-01   C at   60  1
       a =  4.000      CL =  0.6219
      Cm = -0.0336     CD =  0.01027   =>   CDf =  0.00503    CDp =  0.00524

 Side 1  free  transition at x/c =  0.5905   60
 Side 2  free  transition at x/c =  0.9458   71

   4   rms: 0.4602E-04   max: -.5403E-03   D at   60  1
       a =  4.000      CL =  0.6219
      Cm = -0.0336     CD =  0.01027   =>   CDf =  0.00505    CDp =  0.00522
 plradd ia,ip,cpol           17           0  3.68590392E-02

 Point added to stored polar  1
 Point written to save file  tempest1_Re400k.base.pol                        
 Dump file unspecified or not available
 Calculating wake trajectory ...
 Calculating source influence matrix ...

 Solving BL system ...

 Side 1  free  transition at x/c =  0.5904   60
 Side 2  free  transition at x/c =  0.9458   71

   1   rms: 0.9305E-01   max: 0.4727E+00   C at   60  1
       a =  4.500      CL =  0.6863
      Cm = -0.0357     CD =  0.01065   =>   CDf =  0.00496    CDp =  0.00569

 Side 1  free  transition at x/c =  0.5536   58
 Side 2  free  transition at x/c =  0.9520   70

   2   rms: 0.3623E-01   max: -.3115E+00   T at   70  2
       a =  4.500      CL =  0.6591
      Cm = -0.0298     CD =  0.01074   =>   CDf =  0.00515    CDp =  0.00558

 Side 1  free  transition at x/c =  0.5623   59
 Side 2  free  transition at x/c =  0.9621   71

   3   rms: 0.4548E-01   max: 0.3881E+00   D at   73  2
       a =  4.500      CL =  0.6759
      Cm = -0.0334     CD =  0.01053   =>   CDf =  0.00505    CDp =  0.00548

 Side 1  free  transition at x/c =  0.5576   59
 Side 2  free  transition at x/c =  0.9552   71

   4   rms: 0.5507E-02   max: -.6554E-01   D at   71  2
       a =  4.500      CL =  0.6744
      Cm = -0.0331     CD =  0.01060   =>   CDf =  0.00509    CDp =  0.00551

 Side 1  free  transition at x/c =  0.5578   59
 Side 2  free  transition at x/c =  0.9559   71

   5   rms: 0.1002E-03   max: -.1073E-02   D at   71  2
       a =  4.500      CL =  0.6744
      Cm = -0.0331     CD =  0.01060   =>   CDf =  0.00509    CDp =  0.00551

 Side 1  free  transition at x/c =  0.5578   59
 Side 2  free  transition at x/c =  0.9559   71

   6   rms: 0.7680E-06   max: -.7599E-05   D at   60  1
       a =  4.500      CL =  0.6744
      Cm = -0.0331     CD =  0.01060   =>   CDf =  0.00509    CDp =  0.00551
 plradd ia,ip,cpol           18           0  7.12294364E-03

 Point added to stored polar  1
 Point written to save file  tempest1_Re400k.base.pol                        
 Dump file unspecified or not available
 Calculating wake trajectory ...
 Calculating source influence matrix ...

 Solving BL system ...

 Side 1  free  transition at x/c =  0.5578   59
 Side 2  free  transition at x/c =  0.9559   71

   1   rms: 0.1006E+00   max: 0.6093E+00   C at   59  1
       a =  5.000      CL =  0.7458
      Cm = -0.0368     CD =  0.01102   =>   CDf =  0.00498    CDp =  0.00603

 Side 1  free  transition at x/c =  0.5074   57
 Side 2  free  transition at x/c =  0.9594   70

   2   rms: 0.2770E-01   max: 0.3006E+00   D at   59  1
       a =  5.000      CL =  0.7411
      Cm = -0.0358     CD =  0.01096   =>   CDf =  0.00524    CDp =  0.00571

 Side 1  free  transition at x/c =  0.5176   57
 Side 2  free  transition at x/c =  0.9611   70

   3   rms: 0.8220E-02   max: 0.1362E+00   C at   57  1
       a =  5.000      CL =  0.7416
      Cm = -0.0359     CD =  0.01098   =>   CDf =  0.00512    CDp =  0.00587

 Side 1  free  transition at x/c =  0.5133   57
 Side 2  free  transition at x/c =  0.9610   70

   4   rms: 0.3853E-03   max: -.6994E-02   D at   59  1
       a =  5.000      CL =  0.7415
      Cm = -0.0359     CD =  0.01099   =>   CDf =  0.00515    CDp =  0.00583

 Side 1  free  transition at x/c =  0.5133   57
 Side 2  free  transition at x/c =  0.9610   70

   5   rms: 0.2580E-05   max: -.2600E-04   D at   59  1
       a =  5.000      CL =  0.7415
      Cm = -0.0359     CD =  0.01099   =>   CDf =  0.00515    CDp =  0.00583
 plradd ia,ip,cpol           19           0  5.18785743E-03

 Point added to stored polar  1
 Point written to save file  tempest1_Re400k.base.pol                        
 Dump file unspecified or not available
 Calculating wake trajectory ...
 Calculating source influence matrix ...

 Solving BL system ...

 Side 1  free  transition at x/c =  0.5133   57
 Side 2  free  transition at x/c =  0.9610   70

   1   rms: 0.1002E+00   max: 0.8116E+00   C at   57  1
       a =  5.500      CL =  0.8019
      Cm = -0.0373     CD =  0.01145   =>   CDf =  0.00515    CDp =  0.00630

 Side 1  free  transition at x/c =  0.4404   52
 Side 2  free  transition at x/c =  0.9679   70

   2   rms: 0.6564E-01   max: -.6584E+00   T at   70  2   RLX: 0.759
       a =  5.500      CL =  0.7633
      Cm = -0.0290     CD =  0.01180   =>   CDf =  0.00542    CDp =  0.00638

 Side 1  free  transition at x/c =  0.4654   54
 Side 2  free  transition at x/c =  0.9818   71

   3   rms: 0.9513E-01   max: 0.9240E+00   T at   71  2   RLX: 0.912
       a =  5.500      CL =  0.8215
      Cm = -0.0418     CD =  0.01150   =>   CDf =  0.00527    CDp =  0.00623

 Side 1  free  transition at x/c =  0.4333   52
 Side 2  free  transition at x/c =  0.9628   70

   4   rms: 0.5375E-01   max: -.5509E+00   C at   52  1   RLX: 0.908
       a =  5.500      CL =  0.7906
      Cm = -0.0350     CD =  0.01156   =>   CDf =  0.00542    CDp =  0.00613

 Side 1  free  transition at x/c =  0.4462   53
 Side 2  free  transition at x/c =  0.9722   71

   5   rms: 0.2325E-01   max: -.3191E+00   C at   53  1
       a =  5.500      CL =  0.7922
      Cm = -0.0353     CD =  0.01143   =>   CDf =  0.00545    CDp =  0.00598

 Side 1  free  transition at x/c =  0.4547   53
 Side 2  free  transition at x/c =  0.9708   71

   6   rms: 0.2057E-02   max: 0.2929E-01   C at   53  1
       a =  5.500      CL =  0.7918
      Cm = -0.0353     CD =  0.01150   =>   CDf =  0.00531    CDp =  0.00619

 Side 1  free  transition at x/c =  0.4535   53
 Side 2  free  transition at x/c =  0.9708   71

   7   rms: 0.2714E-04   max: -.4130E-03   C at   53  1
       a =  5.500      CL =  0.7918
      Cm = -0.0353     CD =  0.01150   =>   CDf =  0.00531    CDp =  0.00619
 plradd ia,ip,cpol           20           0  3.58588784E-03

 Point added to stored polar  1
 Point written to save file  tempest1_Re400k.base.pol                        
 Dump file unspecified or not available
 Calculating wake trajectory ...
 Calculating source influence matrix ...

 Solving BL system ...

 Side 1  free  transition at x/c =  0.4536   53
 Side 2  free  transition at x/c =  0.9708   71

   1   rms: 0.1308E+00   max: 0.1674E+01   C at   53  1   RLX: 0.704
       a =  6.000      CL =  0.8370
      Cm = -0.0371     CD =  0.01195   =>   CDf =  0.00519    CDp =  0.00677

 Side 1  free  transition at x/c =  0.3728   49
 Side 2  free  transition at x/c =  0.9745   70

   2   rms: 0.3026E-01   max: -.2298E+00   D at   49  1
       a =  6.000      CL =  0.8482
      Cm = -0.0364     CD =  0.01240   =>   CDf =  0.00570    CDp =  0.00670

 Side 1  free  transition at x/c =  0.3530   47
 Side 2  free  transition at x/c =  0.9780   70

   3   rms: 0.6304E-02   max: -.1070E+00   C at   47  1
       a =  6.000      CL =  0.8454
      Cm = -0.0358     CD =  0.01244   =>   CDf =  0.00576    CDp =  0.00668

 Side 1  free  transition at x/c =  0.3558   48
 Side 2  free  transition at x/c =  0.9788   70

   4   rms: 0.2851E-02   max: -.5000E-01   C at   48  1
       a =  6.000      CL =  0.8459
      Cm = -0.0359     CD =  0.01242   =>   CDf =  0.00574    CDp =  0.00668

 Side 1  free  transition at x/c =  0.3562   48
 Side 2  free  transition at x/c =  0.9787   70

   5   rms: 0.3977E-04   max: 0.7424E-03   C at   48  1
       a =  6.000      CL =  0.8459
      Cm = -0.0359     CD =  0.01242   =>   CDf =  0.00573    CDp =  0.00669
 plradd ia,ip,cpol           21           0  2.29253038E-03

 Point added to stored polar  1
 Point written to save file  tempest1_Re400k.base.pol                        
 Dump file unspecified or not available
 Calculating wake trajectory ...
 Calculating source influence matrix ...

 Solving BL system ...

 Side 1  free  transition at x/c =  0.3562   48
 Side 2  free  transition at x/c =  0.9787   70

   1   rms: 0.1560E+00   max: 0.2452E+01   C at   48  1   RLX: 0.534
       a =  6.500      CL =  0.8663
      Cm = -0.0347     CD =  0.01312   =>   CDf =  0.00573    CDp =  0.00739

 Side 1  free  transition at x/c =  0.3059   44
 Side 2  free  transition at x/c =  0.9850   71

   2   rms: 0.5363E-01   max: 0.3833E+00   C at   44  1
       a =  6.500      CL =  0.9018
      Cm = -0.0371     CD =  0.01330   =>   CDf =  0.00599    CDp =  0.00731

 Side 1  free  transition at x/c =  0.2577   41
 Side 2  free  transition at x/c =  0.9861   71

   3   rms: 0.1500E-01   max: -.2557E+00   C at   41  1
       a =  6.500      CL =  0.8972
      Cm = -0.0364     CD =  0.01353   =>   CDf =  0.00622    CDp =  0.00731

 Side 1  free  transition at x/c =  0.2654   42
 Side 2  free  transition at x/c =  0.9867   71

   4   rms: 0.1697E-02   max: -.2140E-01   D at   41  1
       a =  6.500      CL =  0.8977
      Cm = -0.0365     CD =  0.01350   =>   CDf =  0.00616    CDp =  0.00734

 Side 1  free  transition at x/c =  0.2652   42
 Side 2  free  transition at x/c =  0.9866   71

   5   rms: 0.2870E-04   max: 0.5356E-03   C at   42  1
       a =  6.500      CL =  0.8977
      Cm = -0.0365     CD =  0.01350   =>   CDf =  0.00616    CDp =  0.00735
 plradd ia,ip,cpol           22           0  2.29253038E-03

 Point added to stored polar  1
 Point written to save file  tempest1_Re400k.base.pol                        
 Dump file unspecified or not available
 Calculating wake trajectory ...
 Calculating source influence matrix ...

 Solving BL system ...

 Side 1  free  transition at x/c =  0.2652   42
 Side 2  free  transition at x/c =  0.9866   71

   1   rms: 0.1592E+00   max: 0.2469E+01   C at   42  1   RLX: 0.500
       a =  7.000      CL =  0.9248
      Cm = -0.0372     CD =  0.01416   =>   CDf =  0.00601    CDp =  0.00815

 Side 1  free  transition at x/c =  0.2236   40
 Side 2  free  transition at x/c =  0.9903   70

   2   rms: 0.6072E-01   max: 0.7004E+00   C at   40  1
       a =  7.000      CL =  0.9519
      Cm = -0.0376     CD =  0.01458   =>   CDf =  0.00635    CDp =  0.00823

 Side 1  free  transition at x/c =  0.1859   37
 Side 2  free  transition at x/c =  0.9941   71

   3   rms: 0.1334E-01   max: -.1839E+00   C at   37  1
       a =  7.000      CL =  0.9502
      Cm = -0.0374     CD =  0.01465   =>   CDf =  0.00656    CDp =  0.00809

 Side 1  free  transition at x/c =  0.1892   38
 Side 2  free  transition at x/c =  0.9944   71

   4   rms: 0.2617E-02   max: -.3904E-01   C at   38  1
       a =  7.000      CL =  0.9507
      Cm = -0.0375     CD =  0.01462   =>   CDf =  0.00652    CDp =  0.00809

 Side 1  free  transition at x/c =  0.1893   38
 Side 2  free  transition at x/c =  0.9944   71

   5   rms: 0.9795E-04   max: 0.1763E-02   C at   38  1
       a =  7.000      CL =  0.9506
      Cm = -0.0375     CD =  0.01462   =>   CDf =  0.00651    CDp =  0.00811
 plradd ia,ip,cpol           23           0  2.29253038E-03

 Point added to stored polar  1
 Point written to save file  tempest1_Re400k.base.pol                        
 Dump file unspecified or not available
 Calculating wake trajectory ...
 Calculating source influence matrix ...

 Solving BL system ...

 Side 1  free  transition at x/c =  0.1893   38
 Side 2  free  transition at x/c =  0.9944   71

   1   rms: 0.1549E+00   max: 0.2190E+01   C at   38  1   RLX: 0.480
       a =  7.500      CL =  0.9778
      Cm = -0.0385     CD =  0.01527   =>   CDf =  0.00651    CDp =  0.00876

 Side 1  free  transition at x/c =  0.1574   35
 Side 2  free  transition at x/c =  0.9971   71

   2   rms: 0.5051E-01   max: -.2621E+00   D at   35  1
       a =  7.500      CL =  1.0120
      Cm = -0.0400     CD =  0.01543   =>   CDf =  0.00654    CDp =  0.00889

 Side 1  free  transition at x/c =  0.1289   34
 Side 2 forced transition at x/c =  1.0000   70

   3   rms: 0.1115E-01   max: -.1547E+00   C at   34  1
       a =  7.500      CL =  1.0044
      Cm = -0.0388     CD =  0.01572   =>   CDf =  0.00684    CDp =  0.00888

 Side 1  free  transition at x/c =  0.1324   35
 Side 2 forced transition at x/c =  1.0000   70

   4   rms: 0.4288E-02   max: -.5715E-01   C at   35  1
       a =  7.500      CL =  1.0061
      Cm = -0.0391     CD =  0.01565   =>   CDf =  0.00680    CDp =  0.00885

 Side 1  free  transition at x/c =  0.1327   35
 Side 2 forced transition at x/c =  1.0000   70

   5   rms: 0.4026E-03   max: 0.6646E-02   C at   35  1
       a =  7.500      CL =  1.0061
      Cm = -0.0391     CD =  0.01566   =>   CDf =  0.00678    CDp =  0.00888

 Side 1  free  transition at x/c =  0.1326   35
 Side 2 forced transition at x/c =  1.0000   70

   6   rms: 0.5908E-05   max: -.3870E-04   C at   35  1
       a =  7.500      CL =  1.0061
      Cm = -0.0391     CD =  0.01566   =>   CDf =  0.00678    CDp =  0.00887
 plradd ia,ip,cpol           24           0  1.29243080E-03

 Point added to stored polar  1
 Point written to save file  tempest1_Re400k.base.pol                        
 Dump file unspecified or not available
 Calculating wake trajectory ...
 Calculating source influence matrix ...

 Solving BL system ...

 Side 1  free  transition at x/c =  0.1326   35
 Side 2 forced transition at x/c =  1.0000   70

   1   rms: 0.8796E-01   max: 0.8780E+00   C at   35  1   RLX: 0.849
       a =  8.000      CL =  1.0117
      Cm = -0.0318     CD =  0.01641   =>   CDf =  0.00678    CDp =  0.00963

 Side 1  free  transition at x/c =  0.1115   33
 Side 2 forced transition at x/c =  1.0000   70

   2   rms: 0.1840E-01   max: -.2094E+00   D at   35  1
       a =  8.000      CL =  1.0139
      Cm = -0.0305     CD =  0.01638   =>   CDf =  0.00686    CDp =  0.00952

 Side 1  free  transition at x/c =  0.1059   33
 Side 2 forced transition at x/c =  1.0000   70

   3   rms: 0.2099E-02   max: 0.2121E-01   D at   34  1
       a =  8.000      CL =  1.0122
      Cm = -0.0302     CD =  0.01639   =>   CDf =  0.00687    CDp =  0.00952

 Side 1  free  transition at x/c =  0.1064   33
 Side 2 forced transition at x/c =  1.0000   70

   4   rms: 0.2054E-04   max: 0.8008E-04   D at   35  1
       a =  8.000      CL =  1.0122
      Cm = -0.0302     CD =  0.01639   =>   CDf =  0.00686    CDp =  0.00953
 plradd ia,ip,cpol           25           0  1.29243080E-03

 Point added to stored polar  1
 Point written to save file  tempest1_Re400k.base.pol                        
 Dump file unspecified or not available
 Calculating wake trajectory ...
 Calculating source influence matrix ...

 Solving BL system ...

 Side 1  free  transition at x/c =  0.1064   33
 Side 2 forced transition at x/c =  1.0000   70

   1   rms: 0.7899E-01   max: 0.6798E+00   C at   33  1   RLX: 0.998
       a =  8.500      CL =  1.0075
      Cm = -0.0193     CD =  0.01713   =>   CDf =  0.00687    CDp =  0.01027

 Side 1  free  transition at x/c =  0.0871   31
 Side 2 forced transition at x/c =  1.0000   70

   2   rms: 0.1697E-01   max: -.1920E+00   D at   33  1
       a =  8.500      CL =  1.0033
      Cm = -0.0183     CD =  0.01704   =>   CDf =  0.00695    CDp =  0.01009

 Side 1  free  transition at x/c =  0.0864   31
 Side 2 forced transition at x/c =  1.0000   70

   3   rms: 0.1998E-02   max: 0.3307E-01   C at   31  1
       a =  8.500      CL =  1.0040
      Cm = -0.0185     CD =  0.01703   =>   CDf =  0.00692    CDp =  0.01011

 Side 1  free  transition at x/c =  0.0856   31
 Side 2 forced transition at x/c =  1.0000   70

   4   rms: 0.5811E-04   max: -.8839E-03   C at   31  1
       a =  8.500      CL =  1.0039
      Cm = -0.0184     CD =  0.01703   =>   CDf =  0.00692    CDp =  0.01011
 plradd ia,ip,cpol           26           0  1.29243080E-03

 Point added to stored polar  1
 Point written to save file  tempest1_Re400k.base.pol                        
 Dump file unspecified or not available
 Calculating wake trajectory ...
 Calculating source influence matrix ...

 Solving BL system ...

 Side 1  free  transition at x/c =  0.0857   31
 Side 2 forced transition at x/c =  1.0000   70

   1   rms: 0.7247E-01   max: 0.5796E+00   C at   31  1
       a =  9.000      CL =  1.0019
      Cm = -0.0080     CD =  0.01766   =>   CDf =  0.00693    CDp =  0.01073

 Side 1  free  transition at x/c =  0.0653   30
 Side 2 forced transition at x/c =  1.0000   70

   2   rms: 0.1520E-01   max: 0.1718E+00   D at   30  1
       a =  9.000      CL =  0.9964
      Cm = -0.0073     CD =  0.01799   =>   CDf =  0.00707    CDp =  0.01092

 Side 1  free  transition at x/c =  0.0645   29
 Side 2 forced transition at x/c =  1.0000   70

   3   rms: 0.2196E-02   max: -.3286E-01   C at   29  1
       a =  9.000      CL =  0.9975
      Cm = -0.0074     CD =  0.01795   =>   CDf =  0.00703    CDp =  0.01092

 Side 1  free  transition at x/c =  0.0643   29
 Side 2 forced transition at x/c =  1.0000   70

   4   rms: 0.4555E-04   max: 0.8186E-03   C at   29  1
       a =  9.000      CL =  0.9975
      Cm = -0.0074     CD =  0.01795   =>   CDf =  0.00703    CDp =  0.01093
 plradd ia,ip,cpol           27           0  1.29243080E-03

 Point added to stored polar  1
 Point written to save file  tempest1_Re400k.base.pol                        
 Dump file unspecified or not available
 Calculating wake trajectory ...
 Calculating source influence matrix ...

 Solving BL system ...

 Side 1  free  transition at x/c =  0.0643   29
 Side 2 forced transition at x/c =  1.0000   70

   1   rms: 0.6911E-01   max: 0.3629E+00   T at   29  1
       a =  9.500      CL =  1.0037
      Cm =  0.0013     CD =  0.01872   =>   CDf =  0.00684    CDp =  0.01188

 Side 1  free  transition at x/c =  0.0492   29
 Side 2 forced transition at x/c =  1.0000   69

   2   rms: 0.3024E-01   max: -.4041E+00   D at   29  1
       a =  9.500      CL =  0.9998
      Cm =  0.0016     CD =  0.01891   =>   CDf =  0.00703    CDp =  0.01188

 Side 1  free  transition at x/c =  0.0498   29
 Side 2 forced transition at x/c =  1.0000   69

   3   rms: 0.5355E-02   max: 0.6623E-01   C at   29  1
       a =  9.500      CL =  0.9973
      Cm =  0.0020     CD =  0.01908   =>   CDf =  0.00706    CDp =  0.01202

 Side 1  free  transition at x/c =  0.0491   29
 Side 2 forced transition at x/c =  1.0000   69

   4   rms: 0.1621E-03   max: -.9008E-03   D at   30  1
       a =  9.500      CL =  0.9971
      Cm =  0.0021     CD =  0.01908   =>   CDf =  0.00706    CDp =  0.01202

 Side 1  free  transition at x/c =  0.0491   29
 Side 2 forced transition at x/c =  1.0000   69

   5   rms: 0.2836E-05   max: -.1258E-04   D at   29  1
       a =  9.500      CL =  0.9971
      Cm =  0.0021     CD =  0.01908   =>   CDf =  0.00706    CDp =  0.01202
 plradd ia,ip,cpol           28           0  1.29243080E-03

 Point added to stored polar  1
 Point written to save file  tempest1_Re400k.base.pol                        
 Dump file unspecified or not available
 Calculating wake trajectory ...
 Calculating source influence matrix ...

 Solving BL system ...

 Side 1  free  transition at x/c =  0.0491   29
 Side 2 forced transition at x/c =  1.0000   69

   1   rms: 0.7950E-01   max: -.4973E+00   D at   29  1
       a = 10.000      CL =  0.9987
      Cm =  0.0109     CD =  0.02046   =>   CDf =  0.00706    CDp =  0.01340

 Side 1  free  transition at x/c =  0.0408   28
 Side 2 forced transition at x/c =  1.0000   69

   2   rms: 0.4203E-01   max: -.4220E+00   D at   29  1
       a = 10.000      CL =  1.0042
      Cm =  0.0099     CD =  0.02017   =>   CDf =  0.00699    CDp =  0.01318

 Side 1  free  transition at x/c =  0.0401   28
 Side 2 forced transition at x/c =  1.0000   69

   3   rms: 0.6320E-02   max: -.4823E-01   D at   29  1
       a = 10.000      CL =  1.0002
      Cm =  0.0104     CD =  0.02048   =>   CDf =  0.00706    CDp =  0.01342

 Side 1  free  transition at x/c =  0.0398   28
 Side 2 forced transition at x/c =  1.0000   69

   4   rms: 0.1907E-03   max: -.1232E-02   D at   29  1
       a = 10.000      CL =  1.0000
      Cm =  0.0104     CD =  0.02048   =>   CDf =  0.00706    CDp =  0.01342

 Side 1  free  transition at x/c =  0.0398   28
 Side 2 forced transition at x/c =  1.0000   69

   5   rms: 0.1697E-05   max: 0.6705E-05   D at   86  1
       a = 10.000      CL =  1.0000
      Cm =  0.0104     CD =  0.02048   =>   CDf =  0.00706    CDp =  0.01342
 plradd ia,ip,cpol           29           0  1.29243080E-03

 Point added to stored polar  1
 Point written to save file  tempest1_Re400k.base.pol                        
 Dump file unspecified or not available

.OPERva   c>  
 Solving BL system ...

 Side 1  free  transition at x/c =  0.0398   28
 Side 2 forced transition at x/c =  1.0000   69

   1   rms: 0.5314E-06   max: -.3402E-05   T at   28  1
       a = 10.000      CL =  1.0000
      Cm =  0.0104     CD =  0.02048   =>   CDf =  0.00706    CDp =  0.01342
 plradd ia,ip,cpol           30         182  1.29243080E-03

 Point added to stored polar  1
 Point written to save file  tempest1_Re400k.base.pol                        
 Dump file unspecified or not available
 Calculating wake trajectory ...
 Calculating source influence matrix ...

 Solving BL system ...

 Side 1  free  transition at x/c =  0.0398   28
 Side 2 forced transition at x/c =  1.0000   69

   1   rms: 0.3924E-01   max: 0.2037E+00   T at   28  1
       a = 10.250      CL =  1.0019
      Cm =  0.0143     CD =  0.02133   =>   CDf =  0.00706    CDp =  0.01427

 Side 1  free  transition at x/c =  0.0366   27
 Side 2 forced transition at x/c =  1.0000   69

   2   rms: 0.7444E-02   max: -.8539E-01   D at   28  1
       a = 10.250      CL =  0.9990
      Cm =  0.0147     CD =  0.02143   =>   CDf =  0.00705    CDp =  0.01438

 Side 1  free  transition at x/c =  0.0364   27
 Side 2 forced transition at x/c =  1.0000   69

   3   rms: 0.1842E-03   max: 0.1946E-02   D at   27  1
       a = 10.250      CL =  0.9989
      Cm =  0.0147     CD =  0.02145   =>   CDf =  0.00705    CDp =  0.01440

 Side 1  free  transition at x/c =  0.0364   27
 Side 2 forced transition at x/c =  1.0000   69

   4   rms: 0.1600E-05   max: 0.9510E-05   D at   85  1
       a = 10.250      CL =  0.9989
      Cm =  0.0147     CD =  0.02145   =>   CDf =  0.00705    CDp =  0.01439
 plradd ia,ip,cpol           31           0  1.29243080E-03

 Point added to stored polar  1
 Point written to save file  tempest1_Re400k.base.pol                        
 Dump file unspecified or not available
 Calculating wake trajectory ...
 Calculating source influence matrix ...

 Solving BL system ...

 Side 1  free  transition at x/c =  0.0364   27
 Side 2 forced transition at x/c =  1.0000   69

   1   rms: 0.3298E-01   max: 0.1793E+00   T at   27  1
       a = 10.500      CL =  1.0073
      Cm =  0.0175     CD =  0.02207   =>   CDf =  0.00706    CDp =  0.01502

 Side 1  free  transition at x/c =  0.0337   27
 Side 2 forced transition at x/c =  1.0000   69

   2   rms: 0.7006E-02   max: -.8555E-01   D at   27  1
       a = 10.500      CL =  1.0062
      Cm =  0.0176     CD =  0.02209   =>   CDf =  0.00699    CDp =  0.01510

 Side 1  free  transition at x/c =  0.0341   27
 Side 2 forced transition at x/c =  1.0000   69

   3   rms: 0.2718E-03   max: 0.1806E-02   T at   27  1
       a = 10.500      CL =  1.0064
      Cm =  0.0176     CD =  0.02210   =>   CDf =  0.00699    CDp =  0.01510

 Side 1  free  transition at x/c =  0.0340   27
 Side 2 forced transition at x/c =  1.0000   69

   4   rms: 0.3774E-05   max: -.1497E-04   D at   67  2
       a = 10.500      CL =  1.0064
      Cm =  0.0176     CD =  0.02210   =>   CDf =  0.00699    CDp =  0.01510
 plradd ia,ip,cpol           32           0  1.29243080E-03

 Point added to stored polar  1
 Point written to save file  tempest1_Re400k.base.pol                        
 Dump file unspecified or not available
 Calculating wake trajectory ...
 Calculating source influence matrix ...

 Solving BL system ...

 Side 1  free  transition at x/c =  0.0340   27
 Side 2 forced transition at x/c =  1.0000   69

   1   rms: 0.3442E-01   max: 0.1763E+00   T at   27  1
       a = 10.750      CL =  1.0121
      Cm =  0.0206     CD =  0.02295   =>   CDf =  0.00700    CDp =  0.01595

 Side 1  free  transition at x/c =  0.0319   27
 Side 2 forced transition at x/c =  1.0000   69

   2   rms: 0.4471E-02   max: -.4300E-01   D at   27  1
       a = 10.750      CL =  1.0105
      Cm =  0.0208     CD =  0.02299   =>   CDf =  0.00696    CDp =  0.01602

 Side 1  free  transition at x/c =  0.0321   27
 Side 2 forced transition at x/c =  1.0000   69

   3   rms: 0.1671E-03   max: -.7940E-03   D at   27  1
       a = 10.750      CL =  1.0106
      Cm =  0.0208     CD =  0.02299   =>   CDf =  0.00696    CDp =  0.01603

 Side 1  free  transition at x/c =  0.0321   27
 Side 2 forced transition at x/c =  1.0000   69

   4   rms: 0.1950E-05   max: -.1179E-04   D at   67  2
       a = 10.750      CL =  1.0106
      Cm =  0.0208     CD =  0.02299   =>   CDf =  0.00696    CDp =  0.01603
 plradd ia,ip,cpol           33           0  1.29243080E-03

 Point added to stored polar  1
 Point written to save file  tempest1_Re400k.base.pol                        
 Dump file unspecified or not available
 Calculating wake trajectory ...
 Calculating source influence matrix ...

 Solving BL system ...

 Side 1  free  transition at x/c =  0.0321   27
 Side 2 forced transition at x/c =  1.0000   69

   1   rms: 0.3675E-01   max: 0.1914E+00   T at   27  1
       a = 11.000      CL =  1.0151
      Cm =  0.0237     CD =  0.02399   =>   CDf =  0.00696    CDp =  0.01702

 Side 1  free  transition at x/c =  0.0301   27
 Side 2 forced transition at x/c =  1.0000   69

   2   rms: 0.9313E-02   max: 0.4429E-01   D at   83  1
       a = 11.000      CL =  1.0073
      Cm =  0.0246     CD =  0.02438   =>   CDf =  0.00695    CDp =  0.01743

 Side 1  free  transition at x/c =  0.0299   27
 Side 2 forced transition at x/c =  1.0000   69

   3   rms: 0.3137E-03   max: 0.3629E-02   D at   82  1
       a = 11.000      CL =  1.0073
      Cm =  0.0246     CD =  0.02437   =>   CDf =  0.00695    CDp =  0.01742

 Side 1  free  transition at x/c =  0.0299   27
 Side 2 forced transition at x/c =  1.0000   69

   4   rms: 0.9231E-05   max: 0.4352E-04   D at   82  1
       a = 11.000      CL =  1.0073
      Cm =  0.0246     CD =  0.02437   =>   CDf =  0.00695    CDp =  0.01742
 plradd ia,ip,cpol           34           0  1.29243080E-03

 Point added to stored polar  1
 Point written to save file  tempest1_Re400k.base.pol                        
 Dump file unspecified or not available
 Calculating wake trajectory ...
 Calculating source influence matrix ...

 Solving BL system ...

 Side 1  free  transition at x/c =  0.0299   27
 Side 2 forced transition at x/c =  1.0000   69

   1   rms: 0.4884E-01   max: 0.1558E+00   D at   78  1
       a = 11.250      CL =  1.0000
      Cm =  0.0288     CD =  0.02622   =>   CDf =  0.00696    CDp =  0.01927

 Side 1  free  transition at x/c =  0.0288   26
 Side 2 forced transition at x/c =  1.0000   69

   2   rms: 0.2696E-01   max: -.2556E+00   D at   26  1
       a = 11.250      CL =  1.0128
      Cm =  0.0272     CD =  0.02524   =>   CDf =  0.00659    CDp =  0.01866

 Side 1  free  transition at x/c =  0.0290   27
 Side 2 forced transition at x/c =  1.0000   68

   3   rms: 0.3938E-02   max: 0.1899E-01   T at   27  1
       a = 11.250      CL =  1.0157
      Cm =  0.0269     CD =  0.02519   =>   CDf =  0.00687    CDp =  0.01833

 Side 1  free  transition at x/c =  0.0289   27
 Side 2 forced transition at x/c =  1.0000   68

   4   rms: 0.4140E-03   max: -.4915E-02   D at    4  1
       a = 11.250      CL =  1.0156
      Cm =  0.0269     CD =  0.02520   =>   CDf =  0.00686    CDp =  0.01833

 Side 1  free  transition at x/c =  0.0289   27
 Side 2 forced transition at x/c =  1.0000   68

   5   rms: 0.1570E-05   max: 0.1093E-04   D at   67  2
       a = 11.250      CL =  1.0156
      Cm =  0.0269     CD =  0.02520   =>   CDf =  0.00686    CDp =  0.01833
 plradd ia,ip,cpol           35           0  5.76858234E-04

 Point added to stored polar  1
 Point written to save file  tempest1_Re400k.base.pol                        
 Dump file unspecified or not available
 Calculating wake trajectory ...
 Calculating source influence matrix ...

 Solving BL system ...

 Side 1  free  transition at x/c =  0.0289   27
 Side 2 forced transition at x/c =  1.0000   68

   1   rms: 0.3310E-01   max: 0.1469E+00   T at   27  1
       a = 11.500      CL =  1.0235
      Cm =  0.0292     CD =  0.02616   =>   CDf =  0.00687    CDp =  0.01930

 Side 1  free  transition at x/c =  0.0276   27
 Side 2 forced transition at x/c =  1.0000   68

   2   rms: 0.2127E-02   max: 0.1536E-01   D at   82  1
       a = 11.500      CL =  1.0220
      Cm =  0.0293     CD =  0.02620   =>   CDf =  0.00680    CDp =  0.01940

 Side 1  free  transition at x/c =  0.0277   27
 Side 2 forced transition at x/c =  1.0000   68

   3   rms: 0.2697E-04   max: 0.1784E-03   D at   67  2
       a = 11.500      CL =  1.0220
      Cm =  0.0293     CD =  0.02620   =>   CDf =  0.00680    CDp =  0.01940
 plradd ia,ip,cpol           36           0  5.76858234E-04

 Point added to stored polar  1
 Point written to save file  tempest1_Re400k.base.pol                        
 Dump file unspecified or not available
 Calculating wake trajectory ...
 Calculating source influence matrix ...

 Solving BL system ...

 Side 1  free  transition at x/c =  0.0277   27
 Side 2 forced transition at x/c =  1.0000   68

   1   rms: 0.3365E-01   max: 0.1623E+00   T at   27  1   RLX: 0.969
       a = 11.750      CL =  1.0289
      Cm =  0.0314     CD =  0.02726   =>   CDf =  0.00680    CDp =  0.02046

 Side 1  free  transition at x/c =  0.0263   27
 Side 2 forced transition at x/c =  1.0000   68

   2   rms: 0.4439E-02   max: -.4855E-01   D at   27  1
       a = 11.750      CL =  1.0277
      Cm =  0.0316     CD =  0.02730   =>   CDf =  0.00675    CDp =  0.02054

 Side 1  free  transition at x/c =  0.0263   27
 Side 2 forced transition at x/c =  1.0000   68

   3   rms: 0.2443E-03   max: -.1128E-02   D at   82  1
       a = 11.750      CL =  1.0278
      Cm =  0.0316     CD =  0.02729   =>   CDf =  0.00675    CDp =  0.02054

 Side 1  free  transition at x/c =  0.0263   27
 Side 2 forced transition at x/c =  1.0000   68

   4   rms: 0.3349E-05   max: -.2018E-04   D at   67  2
       a = 11.750      CL =  1.0278
      Cm =  0.0316     CD =  0.02729   =>   CDf =  0.00675    CDp =  0.02054
 plradd ia,ip,cpol           37           0  5.76858234E-04

 Point added to stored polar  1
 Point written to save file  tempest1_Re400k.base.pol                        
 Dump file unspecified or not available
 Calculating wake trajectory ...
 Calculating source influence matrix ...

 Solving BL system ...

 Side 1  free  transition at x/c =  0.0263   27
 Side 2 forced transition at x/c =  1.0000   68

   1   rms: 0.3529E-01   max: 0.1539E+00   T at   27  1   RLX: 0.924
       a = 12.000      CL =  1.0333
      Cm =  0.0335     CD =  0.02846   =>   CDf =  0.00675    CDp =  0.02171

 Side 1  free  transition at x/c =  0.0254   27
 Side 2 forced transition at x/c =  1.0000   68

   2   rms: 0.4093E-02   max: 0.2916E-01   D at   80  1
       a = 12.000      CL =  1.0311
      Cm =  0.0339     CD =  0.02865   =>   CDf =  0.00672    CDp =  0.02192

 Side 1  free  transition at x/c =  0.0253   27
 Side 2 forced transition at x/c =  1.0000   68

   3   rms: 0.4296E-04   max: 0.4886E-03   D at   78  2
       a = 12.000      CL =  1.0311
      Cm =  0.0339     CD =  0.02863   =>   CDf =  0.00672    CDp =  0.02192
 plradd ia,ip,cpol           38           0  5.76858234E-04

 Point added to stored polar  1
 Point written to save file  tempest1_Re400k.base.pol                        
 Dump file unspecified or not available
 Calculating wake trajectory ...
 Calculating source influence matrix ...

 Solving BL system ...

 Side 1  free  transition at x/c =  0.0253   27
 Side 2 forced transition at x/c =  1.0000   68

   1   rms: 0.3750E-01   max: 0.1611E+00   T at   27  1   RLX: 0.875
       a = 12.250      CL =  1.0333
      Cm =  0.0358     CD =  0.03005   =>   CDf =  0.00672    CDp =  0.02333

 Side 1  free  transition at x/c =  0.0244   27
 Side 2 forced transition at x/c =  1.0000   68

   2   rms: 0.1128E-01   max: 0.4807E-01   D at   79  1
       a = 12.250      CL =  1.0271
      Cm =  0.0367     CD =  0.03066   =>   CDf =  0.00669    CDp =  0.02397

 Side 1  free  transition at x/c =  0.0242   26
 Side 2 forced transition at x/c =  1.0000   68

   3   rms: 0.7575E-03   max: 0.5336E-02   D at   78  2
       a = 12.250      CL =  1.0266
      Cm =  0.0367     CD =  0.03065   =>   CDf =  0.00669    CDp =  0.02396

 Side 1  free  transition at x/c =  0.0242   26
 Side 2 forced transition at x/c =  1.0000   68

   4   rms: 0.8470E-05   max: 0.1150E-03   D at   78  2
       a = 12.250      CL =  1.0266
      Cm =  0.0367     CD =  0.03065   =>   CDf =  0.00669    CDp =  0.02395
 plradd ia,ip,cpol           39           0  5.76858234E-04

 Point added to stored polar  1
 Point written to save file  tempest1_Re400k.base.pol                        
 Dump file unspecified or not available
 Calculating wake trajectory ...
 Calculating source influence matrix ...

 Solving BL system ...

 Side 1  free  transition at x/c =  0.0242   26
 Side 2 forced transition at x/c =  1.0000   68

   1   rms: 0.3277E-01   max: 0.1994E+00   T at   26  1   RLX: 0.837
       a = 12.500      CL =  1.0357
      Cm =  0.0379     CD =  0.03152   =>   CDf =  0.00669    CDp =  0.02483

 Side 1  free  transition at x/c =  0.0233   26
 Side 2 forced transition at x/c =  1.0000   68

   2   rms: 0.7007E-02   max: -.5454E-01   D at   26  1
       a = 12.500      CL =  1.0364
      Cm =  0.0381     CD =  0.03166   =>   CDf =  0.00660    CDp =  0.02506

 Side 1  free  transition at x/c =  0.0232   26
 Side 2 forced transition at x/c =  1.0000   68

   3   rms: 0.4921E-03   max: -.2459E-02   D at   78  1
       a = 12.500      CL =  1.0367
      Cm =  0.0381     CD =  0.03164   =>   CDf =  0.00659    CDp =  0.02506

 Side 1  free  transition at x/c =  0.0232   26
 Side 2 forced transition at x/c =  1.0000   68

   4   rms: 0.8101E-05   max: 0.3358E-04   D at   77  1
       a = 12.500      CL =  1.0367
      Cm =  0.0381     CD =  0.03164   =>   CDf =  0.00659    CDp =  0.02506
 plradd ia,ip,cpol           40           0  5.76858234E-04

 Point added to stored polar  1
 Point written to save file  tempest1_Re400k.base.pol                        
 Dump file unspecified or not available
 Calculating wake trajectory ...
 Calculating source influence matrix ...

 Solving BL system ...

 Side 1  free  transition at x/c =  0.0232   26
 Side 2 forced transition at x/c =  1.0000   68

   1   rms: 0.3238E-01   max: 0.8989E-01   D at   74  1   RLX: 0.805
       a = 12.750      CL =  1.0420
      Cm =  0.0394     CD =  0.03283   =>   CDf =  0.00659    CDp =  0.02624

 Side 1  free  transition at x/c =  0.0230   26
 Side 2 forced transition at x/c =  1.0000   68

   2   rms: 0.6369E-02   max: 0.2646E-01   D at   77  1
       a = 12.750      CL =  1.0423
      Cm =  0.0398     CD =  0.03308   =>   CDf =  0.00652    CDp =  0.02656

 Side 1  free  transition at x/c =  0.0229   26
 Side 2 forced transition at x/c =  1.0000   68

   3   rms: 0.3085E-03   max: 0.1603E-02   D at   79  2
       a = 12.750      CL =  1.0421
      Cm =  0.0398     CD =  0.03306   =>   CDf =  0.00651    CDp =  0.02656

 Side 1  free  transition at x/c =  0.0229   26
 Side 2 forced transition at x/c =  1.0000   68

   4   rms: 0.3755E-05   max: 0.1903E-04   D at   67  2
       a = 12.750      CL =  1.0421
      Cm =  0.0398     CD =  0.03306   =>   CDf =  0.00651    CDp =  0.02656
 plradd ia,ip,cpol           41           0  5.76858234E-04

 Point added to stored polar  1
 Point written to save file  tempest1_Re400k.base.pol                        
 Dump file unspecified or not available
 Calculating wake trajectory ...
 Calculating source influence matrix ...

 Solving BL system ...

 Side 1  free  transition at x/c =  0.0229   26
 Side 2 forced transition at x/c =  1.0000   68

   1   rms: 0.3294E-01   max: 0.1001E+00   T at   26  1   RLX: 0.774
       a = 13.000      CL =  1.0471
      Cm =  0.0410     CD =  0.03428   =>   CDf =  0.00651    CDp =  0.02777

 Side 1  free  transition at x/c =  0.0224   26
 Side 2 forced transition at x/c =  1.0000   68

   2   rms: 0.7707E-02   max: 0.3201E-01   D at   76  1
       a = 13.000      CL =  1.0473
      Cm =  0.0414     CD =  0.03462   =>   CDf =  0.00644    CDp =  0.02818

 Side 1  free  transition at x/c =  0.0223   26
 Side 2 forced transition at x/c =  1.0000   68

   3   rms: 0.4566E-03   max: 0.2315E-02   D at   79  2
       a = 13.000      CL =  1.0469
      Cm =  0.0414     CD =  0.03460   =>   CDf =  0.00642    CDp =  0.02817

 Side 1  free  transition at x/c =  0.0223   26
 Side 2 forced transition at x/c =  1.0000   68

   4   rms: 0.4488E-05   max: 0.4310E-04   D at   79  2
       a = 13.000      CL =  1.0470
      Cm =  0.0414     CD =  0.03459   =>   CDf =  0.00642    CDp =  0.02817
 plradd ia,ip,cpol           42           0  5.76858234E-04

 Point added to stored polar  1
 Point written to save file  tempest1_Re400k.base.pol                        
 Dump file unspecified or not available
 Calculating wake trajectory ...
 Calculating source influence matrix ...

 Solving BL system ...

 Side 1  free  transition at x/c =  0.0223   26
 Side 2 forced transition at x/c =  1.0000   68

   1   rms: 0.3286E-01   max: 0.1839E+00   T at   26  1   RLX: 0.747
       a = 13.250      CL =  1.0530
      Cm =  0.0423     CD =  0.03568   =>   CDf =  0.00610    CDp =  0.02958

 Side 1  free  transition at x/c =  0.0214   27
 Side 2 forced transition at x/c =  1.0000   67

   2   rms: 0.8402E-02   max: -.4620E-01   D at   27  1
       a = 13.250      CL =  1.0534
      Cm =  0.0426     CD =  0.03606   =>   CDf =  0.00637    CDp =  0.02968

 Side 1  free  transition at x/c =  0.0212   27
 Side 2 forced transition at x/c =  1.0000   67

   3   rms: 0.2995E-03   max: -.3088E-02   D at    4  1
       a = 13.250      CL =  1.0533
      Cm =  0.0426     CD =  0.03602   =>   CDf =  0.00636    CDp =  0.02966

 Side 1  free  transition at x/c =  0.0212   27
 Side 2 forced transition at x/c =  1.0000   67

   4   rms: 0.1863E-05   max: 0.9122E-05   D at   78  2
       a = 13.250      CL =  1.0533
      Cm =  0.0426     CD =  0.03602   =>   CDf =  0.00636    CDp =  0.02966
 plradd ia,ip,cpol           43           0  5.76858234E-04

 Point added to stored polar  1
 Point written to save file  tempest1_Re400k.base.pol                        
 Dump file unspecified or not available
 Calculating wake trajectory ...
 Calculating source influence matrix ...

 Solving BL system ...

 Side 1  free  transition at x/c =  0.0212   27
 Side 2 forced transition at x/c =  1.0000   67

   1   rms: 0.3221E-01   max: 0.1059E+00   T at   27  1   RLX: 0.720
       a = 13.500      CL =  1.0578
      Cm =  0.0435     CD =  0.03722   =>   CDf =  0.00636    CDp =  0.03086

 Side 1  free  transition at x/c =  0.0208   27
 Side 2 forced transition at x/c =  1.0000   67

   2   rms: 0.9315E-02   max: 0.3617E-01   D at   75  1
       a = 13.500      CL =  1.0581
      Cm =  0.0439     CD =  0.03770   =>   CDf =  0.00632    CDp =  0.03138

 Side 1  free  transition at x/c =  0.0207   27
 Side 2 forced transition at x/c =  1.0000   67

   3   rms: 0.6339E-03   max: 0.2976E-02   D at   79  2
       a = 13.500      CL =  1.0576
      Cm =  0.0439     CD =  0.03767   =>   CDf =  0.00631    CDp =  0.03136

 Side 1  free  transition at x/c =  0.0207   27
 Side 2 forced transition at x/c =  1.0000   67

   4   rms: 0.9247E-05   max: 0.6388E-04   D at   79  2
       a = 13.500      CL =  1.0576
      Cm =  0.0439     CD =  0.03767   =>   CDf =  0.00631    CDp =  0.03136
 plradd ia,ip,cpol           44           0  5.76858234E-04

 Point added to stored polar  1
 Point written to save file  tempest1_Re400k.base.pol                        
 Dump file unspecified or not available
 Calculating wake trajectory ...
 Calculating source influence matrix ...

 Solving BL system ...

 Side 1  free  transition at x/c =  0.0207   27
 Side 2 forced transition at x/c =  1.0000   67

   1   rms: 0.3475E-01   max: 0.2000E+00   T at   27  1   RLX: 0.694
       a = 13.750      CL =  1.0614
      Cm =  0.0446     CD =  0.03894   =>   CDf =  0.00631    CDp =  0.03263

 Side 1  free  transition at x/c =  0.0201   27
 Side 2 forced transition at x/c =  1.0000   67

   2   rms: 0.1173E-01   max: 0.6751E-01   T at   27  1
       a = 13.750      CL =  1.0593
      Cm =  0.0452     CD =  0.03974   =>   CDf =  0.00630    CDp =  0.03344

 Side 1  free  transition at x/c =  0.0198   27
 Side 2 forced transition at x/c =  1.0000   67

   3   rms: 0.2165E-02   max: 0.1254E-01   D at   27  1
       a = 13.750      CL =  1.0580
      Cm =  0.0453     CD =  0.03977   =>   CDf =  0.00629    CDp =  0.03347

 Side 1  free  transition at x/c =  0.0197   27
 Side 2 forced transition at x/c =  1.0000   67

   4   rms: 0.1420E-03   max: 0.5269E-03   D at   74  1
       a = 13.750      CL =  1.0579
      Cm =  0.0453     CD =  0.03976   =>   CDf =  0.00629    CDp =  0.03347

 Side 1  free  transition at x/c =  0.0197   27
 Side 2 forced transition at x/c =  1.0000   67

   5   rms: 0.5019E-05   max: 0.1580E-04   T at   74  1
       a = 13.750      CL =  1.0579
      Cm =  0.0453     CD =  0.03976   =>   CDf =  0.00629    CDp =  0.03347
 plradd ia,ip,cpol           45           0  5.76858234E-04

 Point added to stored polar  1
 Point written to save file  tempest1_Re400k.base.pol                        
 Dump file unspecified or not available
 Calculating wake trajectory ...
 Calculating source influence matrix ...

 Solving BL system ...

 Side 1  free  transition at x/c =  0.0197   27
 Side 2 forced transition at x/c =  1.0000   67

   1   rms: 0.3454E-01   max: 0.9211E-01   D at   70  1   RLX: 0.666
       a = 14.000      CL =  1.0612
      Cm =  0.0461     CD =  0.04112   =>   CDf =  0.00629    CDp =  0.03482

 Side 1  free  transition at x/c =  0.0196   27
 Side 2 forced transition at x/c =  1.0000   67

   2   rms: 0.1258E-01   max: 0.3480E-01   D at   73  1
       a = 14.000      CL =  1.0614
      Cm =  0.0466     CD =  0.04180   =>   CDf =  0.00625    CDp =  0.03555

 Side 1  free  transition at x/c =  0.0195   27
 Side 2 forced transition at x/c =  1.0000   67

   3   rms: 0.1310E-02   max: 0.6351E-02   D at   79  2
       a = 14.000      CL =  1.0605
      Cm =  0.0466     CD =  0.04176   =>   CDf =  0.00622    CDp =  0.03554

 Side 1  free  transition at x/c =  0.0195   27
 Side 2 forced transition at x/c =  1.0000   67

   4   rms: 0.8088E-04   max: -.3418E-03   D at   74  1
       a = 14.000      CL =  1.0605
      Cm =  0.0467     CD =  0.04175   =>   CDf =  0.00622    CDp =  0.03553
 plradd ia,ip,cpol           46           0  5.76858234E-04

 Point added to stored polar  1
 Point written to save file  tempest1_Re400k.base.pol                        
 Dump file unspecified or not available
 Calculating wake trajectory ...
 Calculating source influence matrix ...

 Solving BL system ...

 Side 1  free  transition at x/c =  0.0195   27
 Side 2 forced transition at x/c =  1.0000   67

   1   rms: 0.5581E-01   max: 0.1813E+00   D at   30  1   RLX: 0.641
       a = 14.250      CL =  1.0617
      Cm =  0.0479     CD =  0.04352   =>   CDf =  0.00622    CDp =  0.03730

 Side 1  free  transition at x/c =  0.0192   26
 Side 2 forced transition at x/c =  1.0000   67

   2   rms: 0.1726E-01   max: -.1142E+00   D at   26  1
       a = 14.250      CL =  1.0648
      Cm =  0.0477     CD =  0.04385   =>   CDf =  0.00614    CDp =  0.03770

 Side 1  free  transition at x/c =  0.0192   26
 Side 2 forced transition at x/c =  1.0000   67

   3   rms: 0.1177E-02   max: 0.8138E-02   D at   72  1
       a = 14.250      CL =  1.0649
      Cm =  0.0477     CD =  0.04366   =>   CDf =  0.00611    CDp =  0.03755

 Side 1  free  transition at x/c =  0.0192   26
 Side 2 forced transition at x/c =  1.0000   67

   4   rms: 0.1272E-03   max: 0.6004E-03   D at   72  1
       a = 14.250      CL =  1.0648
      Cm =  0.0477     CD =  0.04366   =>   CDf =  0.00611    CDp =  0.03755

 Side 1  free  transition at x/c =  0.0192   26
 Side 2 forced transition at x/c =  1.0000   67

   5   rms: 0.3363E-05   max: 0.2372E-04   D at   79  2
       a = 14.250      CL =  1.0648
      Cm =  0.0477     CD =  0.04365   =>   CDf =  0.00611    CDp =  0.03755
 plradd ia,ip,cpol           47           0  5.76858234E-04

 Point added to stored polar  1
 Point written to save file  tempest1_Re400k.base.pol                        
 Dump file unspecified or not available
 Calculating wake trajectory ...
 Calculating source influence matrix ...

 Solving BL system ...

 Side 1  free  transition at x/c =  0.0192   26
 Side 2 forced transition at x/c =  1.0000   67

   1   rms: 0.3078E-01   max: 0.1417E+00   T at   26  1   RLX: 0.624
       a = 14.500      CL =  1.0688
      Cm =  0.0481     CD =  0.04489   =>   CDf =  0.00611    CDp =  0.03878

 Side 1  free  transition at x/c =  0.0189   26
 Side 2 forced transition at x/c =  1.0000   67

   2   rms: 0.1165E-01   max: 0.4646E-01   T at   26  1
       a = 14.500      CL =  1.0697
      Cm =  0.0484     CD =  0.04564   =>   CDf =  0.00603    CDp =  0.03961

 Side 1  free  transition at x/c =  0.0187   26
 Side 2 forced transition at x/c =  1.0000   67

   3   rms: 0.1066E-02   max: 0.5129E-02   D at   80  2
       a = 14.500      CL =  1.0689
      Cm =  0.0485     CD =  0.04558   =>   CDf =  0.00598    CDp =  0.03961

 Side 1  free  transition at x/c =  0.0187   26
 Side 2 forced transition at x/c =  1.0000   67

   4   rms: 0.2145E-04   max: 0.1812E-03   D at   80  2
       a = 14.500      CL =  1.0689
      Cm =  0.0485     CD =  0.04557   =>   CDf =  0.00598    CDp =  0.03960
 plradd ia,ip,cpol           48           0  5.76858234E-04

 Point added to stored polar  1
 Point written to save file  tempest1_Re400k.base.pol                        
 Dump file unspecified or not available
 Calculating wake trajectory ...
 Calculating source influence matrix ...

 Solving BL system ...

 Side 1  free  transition at x/c =  0.0187   26
 Side 2 forced transition at x/c =  1.0000   67

   1   rms: 0.3140E-01   max: 0.8569E-01   D at   68  1   RLX: 0.605
       a = 14.750      CL =  1.0726
      Cm =  0.0489     CD =  0.04687   =>   CDf =  0.00598    CDp =  0.04089

 Side 1  free  transition at x/c =  0.0185   26
 Side 2 forced transition at x/c =  1.0000   67

   2   rms: 0.1275E-01   max: 0.4067E-01   D at   71  1
       a = 14.750      CL =  1.0733
      Cm =  0.0492     CD =  0.04772   =>   CDf =  0.00591    CDp =  0.04182

 Side 1  free  transition at x/c =  0.0184   26
 Side 2 forced transition at x/c =  1.0000   67

   3   rms: 0.1355E-02   max: 0.6471E-02   D at   80  2
       a = 14.750      CL =  1.0723
      Cm =  0.0492     CD =  0.04766   =>   CDf =  0.00586    CDp =  0.04181

 Side 1  free  transition at x/c =  0.0184   26
 Side 2 forced transition at x/c =  1.0000   67

   4   rms: 0.3261E-04   max: 0.5001E-03   D at   80  2
       a = 14.750      CL =  1.0723
      Cm =  0.0492     CD =  0.04765   =>   CDf =  0.00586    CDp =  0.04179
 plradd ia,ip,cpol           49           0  5.76858234E-04

 Point added to stored polar  1
 Point written to save file  tempest1_Re400k.base.pol                        
 Dump file unspecified or not available
 Calculating wake trajectory ...
 Calculating source influence matrix ...

 Solving BL system ...

 Side 1  free  transition at x/c =  0.0184   26
 Side 2 forced transition at x/c =  1.0000   67

   1   rms: 0.3074E-01   max: 0.1146E+00   T at   26  1   RLX: 0.585
       a = 15.000      CL =  1.0753
      Cm =  0.0495     CD =  0.04899   =>   CDf =  0.00586    CDp =  0.04313

 Side 1  free  transition at x/c =  0.0181   26
 Side 2 forced transition at x/c =  1.0000   67

   2   rms: 0.1287E-01   max: 0.4793E-01   T at   26  1
       a = 15.000      CL =  1.0757
      Cm =  0.0497     CD =  0.04993   =>   CDf =  0.00579    CDp =  0.04414

 Side 1  free  transition at x/c =  0.0179   26
 Side 2 forced transition at x/c =  1.0000   67

   3   rms: 0.1246E-02   max: 0.6275E-02   D at   80  2
       a = 15.000      CL =  1.0749
      Cm =  0.0497     CD =  0.04984   =>   CDf =  0.00575    CDp =  0.04409

 Side 1  free  transition at x/c =  0.0179   26
 Side 2 forced transition at x/c =  1.0000   67

   4   rms: 0.7537E-04   max: -.3845E-03   D at   70  1
       a = 15.000      CL =  1.0749
      Cm =  0.0497     CD =  0.04982   =>   CDf =  0.00575    CDp =  0.04407
 plradd ia,ip,cpol           50           0  5.76858234E-04

 Point added to stored polar  1
 Point written to save file  tempest1_Re400k.base.pol                        
 Dump file unspecified or not available
 Calculating wake trajectory ...
 Calculating source influence matrix ...

 Solving BL system ...

 Side 1  free  transition at x/c =  0.0179   26
 Side 2 forced transition at x/c =  1.0000   67

   1   rms: 0.3152E-01   max: 0.8901E-01   D at   66  1   RLX: 0.567
       a = 15.250      CL =  1.0777
      Cm =  0.0500     CD =  0.05121   =>   CDf =  0.00575    CDp =  0.04545

 Side 1  free  transition at x/c =  0.0177   26
 Side 2 forced transition at x/c =  1.0000   67

   2   rms: 0.1360E-01   max: 0.4748E-01   D at   69  1
       a = 15.250      CL =  1.0777
      Cm =  0.0501     CD =  0.05229   =>   CDf =  0.00569    CDp =  0.04660

 Side 1  free  transition at x/c =  0.0175   26
 Side 2 forced transition at x/c =  1.0000   67

   3   rms: 0.1682E-02   max: -.6983E-02   D at   26  1
       a = 15.250      CL =  1.0766
      Cm =  0.0502     CD =  0.05218   =>   CDf =  0.00564    CDp =  0.04655

 Side 1  free  transition at x/c =  0.0175   26
 Side 2 forced transition at x/c =  1.0000   67

   4   rms: 0.1581E-03   max: -.8134E-03   D at   69  1
       a = 15.250      CL =  1.0767
      Cm =  0.0502     CD =  0.05216   =>   CDf =  0.00564    CDp =  0.04652

 Side 1  free  transition at x/c =  0.0175   26
 Side 2 forced transition at x/c =  1.0000   67

   5   rms: 0.8355E-05   max: -.5867E-04   D at   80  2
       a = 15.250      CL =  1.0767
      Cm =  0.0502     CD =  0.05216   =>   CDf =  0.00564    CDp =  0.04653
 plradd ia,ip,cpol           51           0  5.76858234E-04

 Point added to stored polar  1
 Point written to save file  tempest1_Re400k.base.pol                        
 Dump file unspecified or not available
 Calculating wake trajectory ...
 Calculating source influence matrix ...

 Solving BL system ...

 Side 1  free  transition at x/c =  0.0175   26
 Side 2 forced transition at x/c =  1.0000   67

   1   rms: 0.3066E-01   max: 0.9069E-01   D at   64  1   RLX: 0.550
       a = 15.500      CL =  1.0790
      Cm =  0.0503     CD =  0.05358   =>   CDf =  0.00527    CDp =  0.04830

 Side 1  free  transition at x/c =  0.0174   27
 Side 2 forced transition at x/c =  1.0000   66

   2   rms: 0.1826E-01   max: 0.1951E+00   D at    2  1
       a = 15.500      CL =  1.0792
      Cm =  0.0505     CD =  0.05475   =>   CDf =  0.00557    CDp =  0.04918

 Side 1  free  transition at x/c =  0.0173   27
 Side 2 forced transition at x/c =  1.0000   66

   3   rms: 0.1762E-02   max: 0.7706E-02   D at   80  2
       a = 15.500      CL =  1.0779
      Cm =  0.0505     CD =  0.05467   =>   CDf =  0.00552    CDp =  0.04915

 Side 1  free  transition at x/c =  0.0173   27
 Side 2 forced transition at x/c =  1.0000   66

   4   rms: 0.4952E-04   max: 0.4290E-03   D at   80  2
       a = 15.500      CL =  1.0779
      Cm =  0.0505     CD =  0.05464   =>   CDf =  0.00551    CDp =  0.04913
 plradd ia,ip,cpol           52           0  1.46844046E-04

 Point added to stored polar  1
 Point written to save file  tempest1_Re400k.base.pol                        
 Dump file unspecified or not available
 Calculating wake trajectory ...
 Calculating source influence matrix ...

 Solving BL system ...

 Side 1  free  transition at x/c =  0.0173   27
 Side 2 forced transition at x/c =  1.0000   66

   1   rms: 0.3060E-01   max: 0.9299E-01   D at   65  1   RLX: 0.533
       a = 15.750      CL =  1.0798
      Cm =  0.0506     CD =  0.05611   =>   CDf =  0.00552    CDp =  0.05059

 Side 1  free  transition at x/c =  0.0171   27
 Side 2 forced transition at x/c =  1.0000   66

   2   rms: 0.1416E-01   max: 0.5000E-01   D at   68  1
       a = 15.750      CL =  1.0794
      Cm =  0.0505     CD =  0.05739   =>   CDf =  0.00546    CDp =  0.05193

 Side 1  free  transition at x/c =  0.0169   27
 Side 2 forced transition at x/c =  1.0000   66

   3   rms: 0.1764E-02   max: -.9975E-02   D at   27  1
       a = 15.750      CL =  1.0785
      Cm =  0.0505     CD =  0.05720   =>   CDf =  0.00542    CDp =  0.05179

 Side 1  free  transition at x/c =  0.0170   27
 Side 2 forced transition at x/c =  1.0000   66

   4   rms: 0.2768E-03   max: -.1236E-02   D at   68  1
       a = 15.750      CL =  1.0787
      Cm =  0.0505     CD =  0.05718   =>   CDf =  0.00542    CDp =  0.05176

 Side 1  free  transition at x/c =  0.0170   27
 Side 2 forced transition at x/c =  1.0000   66

   5   rms: 0.1593E-04   max: -.1174E-03   D at   80  2
       a = 15.750      CL =  1.0787
      Cm =  0.0505     CD =  0.05718   =>   CDf =  0.00542    CDp =  0.05176
 plradd ia,ip,cpol           53           0  5.76858234E-04

 Point added to stored polar  1
 Point written to save file  tempest1_Re400k.base.pol                        
 Dump file unspecified or not available
 Calculating wake trajectory ...
 Calculating source influence matrix ...

 Solving BL system ...

 Side 1  free  transition at x/c =  0.0170   27
 Side 2 forced transition at x/c =  1.0000   66

   1   rms: 0.3077E-01   max: 0.9702E-01   D at   64  1   RLX: 0.517
       a = 16.000      CL =  1.0800
      Cm =  0.0505     CD =  0.05873   =>   CDf =  0.00542    CDp =  0.05331

 Side 1  free  transition at x/c =  0.0168   27
 Side 2 forced transition at x/c =  1.0000   66

   2   rms: 0.1522E-01   max: 0.5479E-01   D at   67  1
       a = 16.000      CL =  1.0796
      Cm =  0.0504     CD =  0.06014   =>   CDf =  0.00537    CDp =  0.05477

 Side 1  free  transition at x/c =  0.0166   27
 Side 2 forced transition at x/c =  1.0000   66

   3   rms: 0.1860E-02   max: 0.8636E-02   D at   80  2
       a = 16.000      CL =  1.0782
      Cm =  0.0505     CD =  0.05999   =>   CDf =  0.00533    CDp =  0.05466

 Side 1  free  transition at x/c =  0.0166   27
 Side 2 forced transition at x/c =  1.0000   66

   4   rms: 0.8655E-04   max: -.5249E-03   D at   67  1
       a = 16.000      CL =  1.0782
      Cm =  0.0505     CD =  0.05996   =>   CDf =  0.00533    CDp =  0.05463
 plradd ia,ip,cpol           54           0  1.46844046E-04

 Point added to stored polar  1
 Point written to save file  tempest1_Re400k.base.pol                        
 Dump file unspecified or not available

.OPERva   c>  
 Polar accumulation disabled

.OPERv   c>  
 XFOIL   c>  
 XFOIL   c>  