
 ===================================================
  XFOIL Version 6.99
  Copyright (C) 2000   Mark Drela, Harold Youngren

  This software comes with ABSOLUTELY NO WARRANTY,
    subject to the GNU General Public License.

  Caveat computor
 ===================================================

 File  xfoil.def  not found

   QUIT    Exit program

  .OPER    Direct operating point(s)
  .MDES    Complex mapping design routine
  .QDES    Surface speed design routine
  .GDES    Geometry design routine

   SAVE f  Write airfoil to labeled coordinate file
   PSAV f  Write airfoil to plain coordinate file
   ISAV f  Write airfoil to ISES coordinate file
   MSAV f  Write airfoil to MSES coordinate file
   REVE    Reverse written-airfoil node ordering

   LOAD f  Read buffer airfoil from coordinate file
   NACA i  Set NACA 4,5-digit airfoil and buffer airfoil
   INTE    Set buffer airfoil by interpolating two airfoils
   NORM    Buffer airfoil normalization toggle
   XYCM rr Change CM reference location, currently  0.25000 0.00000

   BEND    Display structural properties of current airfoil

   PCOP    Set current-airfoil panel nodes directly from buffer airfoil points
   PANE    Set current-airfoil panel nodes ( 160 ) based on curvature
  .PPAR    Show/change paneling

  .PLOP    Plotting options

   WDEF f  Write  current-settings file
   RDEF f  Reread current-settings file
   NAME s  Specify new airfoil name
   NINC    Increment name version number

   Z       Zoom    | (available in all menus)
   U       Unzoom  | 

 XFOIL   c>  
 Labeled airfoil file.  Name:   UNIVERSITY OF ILLINOIS UI-1720 AIRFOIL         

 Number of input coordinate points:  91
 Counterclockwise ordering
 Max thickness =     0.138178  at x =   0.179
 Max camber    =     0.046218  at x =   0.212

  LE  x,y  =  -0.00000   0.00007  |   Chord =   0.99962
  TE  x,y  =   0.99962   0.00065  |

 Current airfoil nodes set from buffer airfoil nodes (  91 )

 XFOIL   c>  
 XFOIL   c>  
 Blunt trailing edge.  Gap =  0.00098

 Paneling parameters used...
   Number of panel nodes       160
   Panel bunching parameter    1.000
   TE/LE panel density ratio   0.150
   Refined-area/LE panel density ratio    0.200
   Top    side refined area x/c limits  1.000 1.000
   Bottom side refined area x/c limits  1.000 1.000

 XFOIL   c>  
.OPERi   c>  
 Xtr/c     =  1.0000    top    side
 Xtr/c     =  1.0000    bottom side
 Ncrit     =    9.00   ( 0.070 % turb. level )
 Vacc      =  0.0100

 Klag  =  5.6000     Uxwt  =    1.00
 A     =  6.7000     B     =  0.7500       KCt = 0.01485
 CtiniK=  1.8000     CtiniX=  3.3000

..VPAR   c>  
..VPAR   c>  
.OPERi   c>  
 M  =    0.0000
 Re =    600000

.OPERv   c>  
.OPERv   c>  
.OPERv   c>  
 Polar  1 newly created for accumulation
 Airfoil archived with polar: UNIVERSITY OF ILLINOIS UI-1720 AIRFOIL          

Enter  polar save filename  OR  <return> for no file   s>  
 New polar save file available

Enter  polar dump filename  OR  <return> for no file   s>  
 Polar dump file will NOT be written

 Polar accumulation enabled

.OPERva   c>   Calculating unit vorticity distributions ...
 Calculating wake trajectory ...
 Calculating source influence matrix ...

 Solving BL system ...

 Initializing BL ...
    side            1  ...
 MRCHUE: Inverse mode at  30     Hk =   4.065
 MRCHUE: Inverse mode at  31     Hk =   4.972
 MRCHUE: Inverse mode at  32     Hk =   5.857
 MRCHUE: Inverse mode at  33     Hk =   6.737
 MRCHUE: Inverse mode at  34     Hk =   7.623
 MRCHUE: Inverse mode at  35     Hk =   8.524
 MRCHUE: Inverse mode at  36     Hk =   9.447
 MRCHUE: Inverse mode at  37     Hk =   6.927
 MRCHUE: Inverse mode at  38     Hk =   3.787
 MRCHUE: Inverse mode at  39     Hk =   2.500
 MRCHUE: Inverse mode at  66     Hk =   2.500
 MRCHUE: Inverse mode at  67     Hk =   2.500
 MRCHUE: Inverse mode at  68     Hk =   2.500
 MRCHUE: Inverse mode at  69     Hk =   2.500
 MRCHUE: Inverse mode at  70     Hk =   2.500
 MRCHUE: Inverse mode at  71     Hk =   2.500
 MRCHUE: Inverse mode at  72     Hk =   2.500
 MRCHUE: Inverse mode at  73     Hk =   2.500
 MRCHUE: Inverse mode at  74     Hk =   2.500
 MRCHUE: Inverse mode at  75     Hk =   2.500
 MRCHUE: Inverse mode at  76     Hk =   2.500
 MRCHUE: Inverse mode at  77     Hk =   2.500
 MRCHUE: Inverse mode at  78     Hk =   2.500
 MRCHUE: Inverse mode at  79     Hk =   2.500
 MRCHUE: Inverse mode at  80     Hk =   2.500
 MRCHUE: Inverse mode at  81     Hk =   2.500
 MRCHUE: Inverse mode at  82     Hk =   2.500
 MRCHUE: Inverse mode at  83     Hk =   2.500
 MRCHUE: Inverse mode at  84     Hk =   2.500
 MRCHUE: Inverse mode at  85     Hk =   2.500
 MRCHUE: Inverse mode at  86     Hk =   2.500
 MRCHUE: Inverse mode at  87     Hk =   2.500
 MRCHUE: Inverse mode at  88     Hk =   2.500
 MRCHUE: Inverse mode at  89     Hk =   2.500
 MRCHUE: Inverse mode at  90     Hk =   2.500
 MRCHUE: Inverse mode at  91     Hk =   2.500
 MRCHUE: Inverse mode at  92     Hk =   2.500
 MRCHUE: Inverse mode at  93     Hk =   2.500
 MRCHUE: Inverse mode at  94     Hk =   2.500
 MRCHUE: Inverse mode at  95     Hk =   2.500
 MRCHUE: Inverse mode at  96     Hk =   2.500
 MRCHUE: Inverse mode at  97     Hk =   2.500
 MRCHUE: Inverse mode at  98     Hk =   2.500
 MRCHUE: Inverse mode at  99     Hk =   2.500
 MRCHUE: Inverse mode at 100     Hk =   2.500
 MRCHUE: Inverse mode at 101     Hk =   2.500
 MRCHUE: Inverse mode at 102     Hk =   2.500
 MRCHUE: Inverse mode at 103     Hk =   2.500
 MRCHUE: Inverse mode at 104     Hk =   2.500
 MRCHUE: Inverse mode at 105     Hk =   2.500
 MRCHUE: Inverse mode at 106     Hk =   2.500
 MRCHUE: Convergence failed at 107  side 1    Res =  0.8860E+04
    side            2  ...
 MRCHUE: Convergence failed at  55  side 2    Res =  0.3280E+03

 MRCHDU: Convergence failed at 107  side 1    Res =  0.1505E+05
 MRCHDU: Convergence failed at  55  side 2    Res =  0.1681E+01
 Side 1  free  transition at x/c =  0.0148   37
 Side 2 forced transition at x/c =  0.9996   55

   1   rms: 0.1020E+01   max: -.7652E+01   C at   55  2   RLX: 0.065
       a = 16.250      CL =  2.8101
      Cm = -0.2453     CD =  0.00855   =>   CDf =  0.00702    CDp =  0.00153

 Side 1  free  transition at x/c =  0.0152   37
 Side 2 forced transition at x/c =  0.9996   55

   2   rms: 0.9733E+00   max: -.7066E+01   C at   55  2   RLX: 0.071
       a = 16.250      CL =  2.7840
      Cm = -0.2423     CD =  0.01055   =>   CDf =  0.00691    CDp =  0.00364

 Side 1  free  transition at x/c =  0.0158   37
 Side 2 forced transition at x/c =  0.9996   55

   3   rms: 0.1119E+01   max: -.6918E+01   C at   55  2   RLX: 0.072
       a = 16.250      CL =  2.7582
      Cm = -0.2428     CD =  0.01326   =>   CDf =  0.00680    CDp =  0.00647

 Side 1  free  transition at x/c =  0.0164   38
 Side 2 forced transition at x/c =  0.9996   55

   4   rms: 0.6563E+00   max: -.2225E+01   D at   76  1   RLX: 0.144
       a = 16.250      CL =  2.6484
      Cm = -0.1991     CD =  0.01284   =>   CDf =  0.00657    CDp =  0.00628

 Side 1  free  transition at x/c =  0.0179   38
 Side 2 forced transition at x/c =  0.9996   55
 idif Ue xi dudx           1  6.78223968E-02  8.33153725E-03   8.1404419    
 Uenew xinew           2  1.10850651E-02  1.36172771E-03

   5   rms: 0.8089E+00   max: -.3355E+01   C at   55  2   RLX: 0.149
       a = 16.250      CL =  2.6326
      Cm = -0.2137     CD =  0.01929   =>   CDf =  0.00735    CDp =  0.01194

 Side 1  free  transition at x/c =  0.0201   38
 Side 2 forced transition at x/c =  0.9996   56

   6   rms: 0.3913E+00   max: 0.1014E+01   C at   56  2   RLX: 0.176
       a = 16.250      CL =  2.5353
      Cm = -0.1808     CD =  0.01576   =>   CDf =  0.00730    CDp =  0.00846

 Side 1  free  transition at x/c =  0.0224   39
 Side 2 forced transition at x/c =  0.9996   56

   7   rms: 0.3871E+00   max: -.2256E+01   C at   39  1   RLX: 0.222
       a = 16.250      CL =  2.4632
      Cm = -0.1546     CD =  0.01834   =>   CDf =  0.00701    CDp =  0.01133

 Side 1  free  transition at x/c =  0.0280   40
 Side 2 forced transition at x/c =  0.9996   56

   8   rms: 0.3817E+00   max: -.2592E+01   T at   40  1   RLX: 0.193
       a = 16.250      CL =  2.4017
      Cm = -0.1431     CD =  0.02340   =>   CDf =  0.00681    CDp =  0.01659

 Side 1  free  transition at x/c =  0.0320   41
 Side 2 forced transition at x/c =  0.9996   56
 idif Ue xi dudx           1  7.31031671E-02  7.96186924E-03   9.1816587    
 Uenew xinew           2  1.53859351E-02  1.67572498E-03

   9   rms: 0.3925E+00   max: -.2478E+01   T at   41  1   RLX: 0.202
       a = 16.250      CL =  2.3187
      Cm = -0.1287     CD =  0.02702   =>   CDf =  0.00702    CDp =  0.01999

 Side 1  free  transition at x/c =  0.0376   42
 Side 2 forced transition at x/c =  0.9996   57

  10   rms: 0.5046E+00   max: -.4655E+01   C at   42  1   RLX: 0.107
       a = 16.250      CL =  2.3001
      Cm = -0.1178     CD =  0.02499   =>   CDf =  0.00625    CDp =  0.01873

 Side 1  free  transition at x/c =  0.0419   43
 Side 2 forced transition at x/c =  0.9996   57

  11   rms: 0.5454E+00   max: -.5384E+01   C at   43  1   RLX: 0.093
       a = 16.250      CL =  2.3048
      Cm = -0.1164     CD =  0.02455   =>   CDf =  0.00622    CDp =  0.01832

 Side 1  free  transition at x/c =  0.0483   44
 Side 2 forced transition at x/c =  0.9996   57

  12   rms: 0.9011E+00   max: -.1392E+02   C at   44  1   RLX: 0.036
       a = 16.250      CL =  2.3097
      Cm = -0.1171     CD =  0.02419   =>   CDf =  0.00613    CDp =  0.01805

 Side 1  free  transition at x/c =  0.0518   44
 Side 2 forced transition at x/c =  0.9996   57

  13   rms: 0.2066E+01   max: -.4217E+02   C at   44  1   RLX: 0.012
       a = 16.250      CL =  2.3079
      Cm = -0.1141     CD =  0.02376   =>   CDf =  0.00605    CDp =  0.01771

 Side 1  free  transition at x/c =  0.0513   44
 Side 2 forced transition at x/c =  0.9996   57

  14   rms: 0.3781E+00   max: -.6084E+01   C at   44  1   RLX: 0.082
       a = 16.250      CL =  2.2990
      Cm = -0.1141     CD =  0.02427   =>   CDf =  0.00605    CDp =  0.01822

 Side 1  free  transition at x/c =  0.0580   45
 Side 2 forced transition at x/c =  0.9996   57

  15   rms: 0.4480E+00   max: -.8668E+01   C at   45  1   RLX: 0.058
       a = 16.250      CL =  2.2863
      Cm = -0.1108     CD =  0.02414   =>   CDf =  0.00595    CDp =  0.01819

 Side 1  free  transition at x/c =  0.0623   46
 Side 2 forced transition at x/c =  0.9996   57

  16   rms: 0.1249E+01   max: -.2515E+02   C at   46  1   RLX: 0.020
       a = 16.250      CL =  2.2872
      Cm = -0.1094     CD =  0.02366   =>   CDf =  0.00593    CDp =  0.01773

 Side 1  free  transition at x/c =  0.0636   46
 Side 2 forced transition at x/c =  0.9996   57

  17   rms: 0.1656E+01   max: -.3471E+02   C at   46  1   RLX: 0.014
       a = 16.250      CL =  2.2885
      Cm = -0.1085     CD =  0.02338   =>   CDf =  0.00589    CDp =  0.01749

 Side 1  free  transition at x/c =  0.0645   46
 Side 2 forced transition at x/c =  0.9996   57

  18   rms: 0.1705E+01   max: -.3495E+02   C at   46  1   RLX: 0.014
       a = 16.250      CL =  2.2895
      Cm = -0.1076     CD =  0.02311   =>   CDf =  0.00586    CDp =  0.01725

 Side 1  free  transition at x/c =  0.0647   46
 Side 2 forced transition at x/c =  0.9996   57

  19   rms: 0.7164E+00   max: -.1527E+02   C at   46  1   RLX: 0.033
       a = 16.250      CL =  2.2892
      Cm = -0.1094     CD =  0.02334   =>   CDf =  0.00584    CDp =  0.01750

 Side 1  free  transition at x/c =  0.0653   47
 Side 2 forced transition at x/c =  0.9996   57

  20   rms: 0.4098E+00   max: -.5317E+01   C at   47  1   RLX: 0.094
       a = 16.250      CL =  2.2857
      Cm = -0.1062     CD =  0.02294   =>   CDf =  0.00588    CDp =  0.01706

 Side 1  free  transition at x/c =  0.1269   54
 Side 2 forced transition at x/c =  0.9996   57

  21   rms: 0.9417E+00   max: -.1420E+02   C at   54  1   RLX: 0.035
       a = 16.250      CL =  2.2845
      Cm = -0.1022     CD =  0.01701   =>   CDf =  0.00548    CDp =  0.01153

 Side 1  free  transition at x/c =  0.1354   54
 Side 2 forced transition at x/c =  0.9996   57

  22   rms: 0.1319E+01   max: -.2813E+02   C at   54  1   RLX: 0.018
       a = 16.250      CL =  2.2853
      Cm = -0.1016     CD =  0.01693   =>   CDf =  0.00537    CDp =  0.01156

 Side 1  free  transition at x/c =  0.1396   55
 Side 2 forced transition at x/c =  0.9996   57

  23   rms: 0.9315E+00   max: -.1816E+02   C at   55  1   RLX: 0.028
       a = 16.250      CL =  2.2865
      Cm = -0.1006     CD =  0.01667   =>   CDf =  0.00533    CDp =  0.01135

 Side 1  free  transition at x/c =  0.1468   55
 Side 2 forced transition at x/c =  0.9996   57

  24   rms: 0.8979E+00   max: -.1957E+02   C at   55  1   RLX: 0.026
       a = 16.250      CL =  2.2868
      Cm = -0.0998     CD =  0.01665   =>   CDf =  0.00525    CDp =  0.01140

 Side 1  free  transition at x/c =  0.1555   56
 Side 2 forced transition at x/c =  0.9996   57

  25   rms: 0.1093E+01   max: -.2425E+02   C at   56  1   RLX: 0.021
       a = 16.250      CL =  2.2878
      Cm = -0.0991     CD =  0.01630   =>   CDf =  0.00515    CDp =  0.01115

 Side 1  free  transition at x/c =  0.1625   57
 Side 2 forced transition at x/c =  0.9996   57

  26   rms: 0.1189E+01   max: -.2671E+02   C at   57  1   RLX: 0.019
       a = 16.250      CL =  2.2883
      Cm = -0.0984     CD =  0.01618   =>   CDf =  0.00504    CDp =  0.01113

 Side 1  free  transition at x/c =  0.1687   57
 Side 2 forced transition at x/c =  0.9996   57

  27   rms: 0.1535E+01   max: -.3348E+02   C at   57  1   RLX: 0.015
       a = 16.250      CL =  2.2876
      Cm = -0.0979     CD =  0.01632   =>   CDf =  0.00494    CDp =  0.01138

 Side 1  free  transition at x/c =  0.1725   58
 Side 2 forced transition at x/c =  0.9996   57

  28   rms: 0.9470E+00   max: -.1999E+02   C at   58  1   RLX: 0.025
       a = 16.250      CL =  2.2854
      Cm = -0.0971     CD =  0.01653   =>   CDf =  0.00487    CDp =  0.01166

 Side 1  free  transition at x/c =  0.1790   58
 Side 2 forced transition at x/c =  0.9996   57

  29   rms: 0.7724E+00   max: -.1458E+02   C at   58  1   RLX: 0.034
       a = 16.250      CL =  2.2808
      Cm = -0.0959     CD =  0.01701   =>   CDf =  0.00476    CDp =  0.01225

 Side 1  free  transition at x/c =  0.1860   59
 Side 2 forced transition at x/c =  0.9996   57

  30   rms: 0.2764E+00   max: 0.1651E+01   D at   60  1   RLX: 0.474
       a = 16.250      CL =  2.2336
      Cm = -0.0805     CD =  0.02170   =>   CDf =  0.00465    CDp =  0.01705

 MRCHDU: Convergence failed at  61  side 1    Res =  0.7676E+01
 MRCHDU: Convergence failed at  62  side 1    Res =  0.2061E+01
 MRCHDU: Convergence failed at  63  side 1    Res =  0.5544E+01
 MRCHDU: Convergence failed at  64  side 1    Res =  0.2099E+02
 MRCHDU: Convergence failed at  65  side 1    Res =  0.1345E+03
 MRCHDU: Convergence failed at  66  side 1    Res =  0.1496E+01
 MRCHDU: Convergence failed at  67  side 1    Res =  0.1556E+01
 MRCHDU: Convergence failed at  68  side 1    Res =  0.1743E+01
 MRCHDU: Convergence failed at  69  side 1    Res =  0.2030E+01
 MRCHDU: Convergence failed at  70  side 1    Res =  0.2441E+01
 MRCHDU: Convergence failed at  71  side 1    Res =  0.3031E+01
 MRCHDU: Convergence failed at  72  side 1    Res =  0.3834E+01
 MRCHDU: Convergence failed at  73  side 1    Res =  0.4919E+01
 MRCHDU: Convergence failed at  74  side 1    Res =  0.6510E+01
 MRCHDU: Convergence failed at  75  side 1    Res =  0.8601E+01
 MRCHDU: Convergence failed at  76  side 1    Res =  0.1163E+02
 MRCHDU: Convergence failed at  77  side 1    Res =  0.1607E+02
 MRCHDU: Convergence failed at  78  side 1    Res =  0.2143E+02
 MRCHDU: Convergence failed at  79  side 1    Res =  0.3243E+02
 MRCHDU: Convergence failed at  80  side 1    Res =  0.6594E+01
 MRCHDU: Convergence failed at  81  side 1    Res =  0.6387E+01
 MRCHDU: Convergence failed at  82  side 1    Res =  0.7856E+01
 MRCHDU: Convergence failed at  83  side 1    Res =  0.1464E+02
 MRCHDU: Convergence failed at  84  side 1    Res =  0.2674E+02
 MRCHDU: Convergence failed at  85  side 1    Res =  0.2913E+02
 MRCHDU: Convergence failed at  86  side 1    Res =  0.1738E+02
 MRCHDU: Convergence failed at  87  side 1    Res =  0.3154E+02
 MRCHDU: Convergence failed at  88  side 1    Res =  0.4068E+02
 MRCHDU: Convergence failed at  89  side 1    Res =  0.4381E+02
 MRCHDU: Convergence failed at  90  side 1    Res =  0.5863E+02
 MRCHDU: Convergence failed at  91  side 1    Res =  0.7140E+02
 MRCHDU: Convergence failed at  92  side 1    Res =  0.1273E+02
 MRCHDU: Convergence failed at  93  side 1    Res =  0.3139E+02
 MRCHDU: Convergence failed at  94  side 1    Res =  0.2709E+02
 MRCHDU: Convergence failed at  95  side 1    Res =  0.2386E+02
 MRCHDU: Convergence failed at  96  side 1    Res =  0.2135E+02
 MRCHDU: Convergence failed at  97  side 1    Res =  0.1935E+02
 MRCHDU: Convergence failed at  98  side 1    Res =  0.2375E+02
 MRCHDU: Convergence failed at  99  side 1    Res =  0.2028E+02
 MRCHDU: Convergence failed at 100  side 1    Res =  0.1794E+02
 MRCHDU: Convergence failed at 101  side 1    Res =  0.1617E+02
 MRCHDU: Convergence failed at 102  side 1    Res =  0.1002E+04
 MRCHDU: Convergence failed at 103  side 1    Res =  0.1100E+03
 MRCHDU: Convergence failed at 104  side 1    Res =  0.6676E+02
 MRCHDU: Convergence failed at 105  side 1    Res =  0.3109E+02
 Side 1  free  transition at x/c =  0.2715   65
 Side 2 forced transition at x/c =  0.9996   57

  31   rms: 0.1218E+01   max: -.6117E+01   C at   65  1   RLX: 0.082
       a = 16.250      CL =  4.5482
      Cm = -1.0535     CD =  0.00186   =>   CDf =  0.00433    CDp = -0.00247

 Side 1  free  transition at x/c =  0.2398   63
 Side 2 forced transition at x/c =  0.9996   57

  32   rms: 0.1162E+01   max: 0.1376E+02   C at   63  1   RLX: 0.109
       a = 16.250      CL =  4.2469
      Cm = -0.9162     CD =  0.00398   =>   CDf =  0.01456    CDp = -0.01057

 Side 1  free  transition at x/c =  0.2216   62
 Side 2 forced transition at x/c =  0.9996   57

  33   rms: 0.9301E+00   max: -.1202E+01   U at  105  1   RLX: 0.275
       a = 16.250      CL =  3.6499
      Cm = -0.6444     CD =  0.00472   =>   CDf =  0.01331    CDp = -0.00859

 Side 1  free  transition at x/c =  0.2079   62
 Side 2 forced transition at x/c =  0.9996   56

  34   rms: 0.6987E+00   max: 0.9941E+00   D at   58  2   RLX: 0.396
       a = 16.250      CL =  3.0871
      Cm = -0.3950     CD =  0.00652   =>   CDf =  0.01088    CDp = -0.00436

 Side 1  free  transition at x/c =  0.2011   61
 Side 2 forced transition at x/c =  0.9996   56

  35   rms: 0.4937E+00   max: 0.9737E+00   D at   61  2   RLX: 0.648
       a = 16.250      CL =  2.5634
      Cm = -0.1789     CD =  0.01129   =>   CDf =  0.00827    CDp =  0.00302

 Side 1  free  transition at x/c =  0.2003   61
 Side 2 forced transition at x/c =  0.9996   56
 idif Ue xi dudx           1  8.44112039E-02  9.03332233E-03   9.3444252    
 Uenew xinew           2  2.56708004E-02  2.74717808E-03

  36   rms: 0.2743E+00   max: 0.7028E+00   D at   66  2
       a = 16.250      CL =  2.1892
      Cm = -0.0592     CD =  0.02207   =>   CDf =  0.00598    CDp =  0.01610

 MRCHDU: Convergence failed at  61  side 1    Res =  0.1422E+01
 Side 1  free  transition at x/c =  0.2131   61
 Side 2 forced transition at x/c =  0.9996   57

  37   rms: 0.1155E+00   max: 0.3877E+00   D at   59  2
       a = 16.250      CL =  2.1112
      Cm = -0.0520     CD =  0.02855   =>   CDf =  0.00438    CDp =  0.02417

 MRCHDU: Convergence failed at  61  side 1    Res =  0.8516E+00
 Side 1  free  transition at x/c =  0.2077   61
 Side 2 forced transition at x/c =  0.9996   57
 idif Ue xi dudx           1  6.10967427E-02  5.91588020E-03   10.327582    
 Uenew xinew           2  2.23329477E-03  2.16245651E-04

  38   rms: 0.7957E-01   max: 0.7703E+00   C at   61  1
       a = 16.250      CL =  2.0995
      Cm = -0.0478     CD =  0.02620   =>   CDf =  0.00395    CDp =  0.02224

 Side 1  free  transition at x/c =  0.2091   60
 Side 2 forced transition at x/c =  0.9996   58

  39   rms: 0.2493E-01   max: -.2782E+00   D at    2  2
       a = 16.250      CL =  2.0828
      Cm = -0.0473     CD =  0.02920   =>   CDf =  0.00404    CDp =  0.02516

 Side 1  free  transition at x/c =  0.2077   60
 Side 2 forced transition at x/c =  0.9996   58

  40   rms: 0.1651E-02   max: -.9074E-02   D at    4  2
       a = 16.250      CL =  2.0831
      Cm = -0.0474     CD =  0.02924   =>   CDf =  0.00411    CDp =  0.02513

 Side 1  free  transition at x/c =  0.2077   60
 Side 2 forced transition at x/c =  0.9996   58

  41   rms: 0.1027E-03   max: -.4041E-03   D at  102  1
       a = 16.250      CL =  2.0832
      Cm = -0.0474     CD =  0.02924   =>   CDf =  0.00412    CDp =  0.02513

 Side 1  free  transition at x/c =  0.2077   60
 Side 2 forced transition at x/c =  0.9996   58

  42   rms: 0.2076E-05   max: 0.1202E-04   C at   58  2
       a = 16.250      CL =  2.0832
      Cm = -0.0474     CD =  0.02924   =>   CDf =  0.00412    CDp =  0.02513
 plradd ia,ip,cpol            1           0  3.20819614E-04

 Point added to stored polar  1
 Point written to save file  ui1720_Re600k.ext.pol                           
 Dump file unspecified or not available
 Calculating wake trajectory ...
 Calculating source influence matrix ...

 Solving BL system ...

 Side 1  free  transition at x/c =  0.2077   60
 Side 2 forced transition at x/c =  0.9996   58

   1   rms: 0.3309E-01   max: -.1091E+00   D at   61  1
       a = 16.500      CL =  2.0991
      Cm = -0.0458     CD =  0.02899   =>   CDf =  0.00379    CDp =  0.02520

 Side 1  free  transition at x/c =  0.2052   61
 Side 2 forced transition at x/c =  0.9996   57

   2   rms: 0.4025E-02   max: -.2838E-01   D at   61  1
       a = 16.500      CL =  2.1008
      Cm = -0.0461     CD =  0.02892   =>   CDf =  0.00409    CDp =  0.02483

 Side 1  free  transition at x/c =  0.2053   61
 Side 2 forced transition at x/c =  0.9996   57

   3   rms: 0.6069E-03   max: -.6446E-02   D at    4  1
       a = 16.500      CL =  2.1011
      Cm = -0.0461     CD =  0.02892   =>   CDf =  0.00409    CDp =  0.02483

 Side 1  free  transition at x/c =  0.2053   61
 Side 2 forced transition at x/c =  0.9996   57

   4   rms: 0.1066E-04   max: 0.3619E-04   C at   57  2
       a = 16.500      CL =  2.1011
      Cm = -0.0461     CD =  0.02892   =>   CDf =  0.00409    CDp =  0.02483
 plradd ia,ip,cpol            2           0  3.20819614E-04

 Point added to stored polar  1
 Point written to save file  ui1720_Re600k.ext.pol                           
 Dump file unspecified or not available
 Calculating wake trajectory ...
 Calculating source influence matrix ...

 Solving BL system ...

 Side 1  free  transition at x/c =  0.2053   61
 Side 2 forced transition at x/c =  0.9996   57

   1   rms: 0.3385E-01   max: -.1322E+00   D at   61  1
       a = 16.750      CL =  2.1175
      Cm = -0.0447     CD =  0.02872   =>   CDf =  0.00409    CDp =  0.02463

 Side 1  free  transition at x/c =  0.2030   61
 Side 2 forced transition at x/c =  0.9996   57

   2   rms: 0.1246E-02   max: -.9962E-02   D at   61  1
       a = 16.750      CL =  2.1174
      Cm = -0.0448     CD =  0.02880   =>   CDf =  0.00409    CDp =  0.02472

 Side 1  free  transition at x/c =  0.2030   61
 Side 2 forced transition at x/c =  0.9996   57

   3   rms: 0.8009E-04   max: -.3262E-03   D at  101  1
       a = 16.750      CL =  2.1175
      Cm = -0.0448     CD =  0.02880   =>   CDf =  0.00409    CDp =  0.02471
 plradd ia,ip,cpol            3           0  3.20819614E-04

 Point added to stored polar  1
 Point written to save file  ui1720_Re600k.ext.pol                           
 Dump file unspecified or not available
 Calculating wake trajectory ...
 Calculating source influence matrix ...

 Solving BL system ...

 Side 1  free  transition at x/c =  0.2030   61
 Side 2 forced transition at x/c =  0.9996   57

   1   rms: 0.3270E-01   max: -.1559E+00   D at   61  1
       a = 17.000      CL =  2.1311
      Cm = -0.0433     CD =  0.02896   =>   CDf =  0.00409    CDp =  0.02487

 Side 1  free  transition at x/c =  0.2009   60
 Side 2 forced transition at x/c =  0.9996   57

   2   rms: 0.7204E-02   max: 0.7747E-01   D at   61  1
       a = 17.000      CL =  2.1262
      Cm = -0.0432     CD =  0.02959   =>   CDf =  0.00396    CDp =  0.02563

 Side 1  free  transition at x/c =  0.2003   60
 Side 2 forced transition at x/c =  0.9996   57

   3   rms: 0.7616E-03   max: 0.7747E-02   D at   61  1
       a = 17.000      CL =  2.1259
      Cm = -0.0432     CD =  0.02960   =>   CDf =  0.00392    CDp =  0.02568

 Side 1  free  transition at x/c =  0.2002   60
 Side 2 forced transition at x/c =  0.9996   57

   4   rms: 0.5896E-04   max: 0.2554E-03   D at   98  1
       a = 17.000      CL =  2.1258
      Cm = -0.0432     CD =  0.02960   =>   CDf =  0.00392    CDp =  0.02569
 plradd ia,ip,cpol            4           0  3.20819614E-04

 Point added to stored polar  1
 Point written to save file  ui1720_Re600k.ext.pol                           
 Dump file unspecified or not available
 Calculating wake trajectory ...
 Calculating source influence matrix ...

 Solving BL system ...

 Side 1  free  transition at x/c =  0.2002   60
 Side 2 forced transition at x/c =  0.9996   57

   1   rms: 0.3226E-01   max: -.1662E+00   C at   60  1   RLX: 0.975
       a = 17.250      CL =  2.1338
      Cm = -0.0419     CD =  0.03063   =>   CDf =  0.00392    CDp =  0.02671

 Side 1  free  transition at x/c =  0.1952   60
 Side 2 forced transition at x/c =  0.9996   57

   2   rms: 0.4741E-02   max: -.5682E-01   D at   61  1
       a = 17.250      CL =  2.1357
      Cm = -0.0420     CD =  0.03043   =>   CDf =  0.00376    CDp =  0.02668

 Side 1  free  transition at x/c =  0.1956   60
 Side 2 forced transition at x/c =  0.9996   57

   3   rms: 0.3219E-03   max: -.1341E-02   D at   98  1
       a = 17.250      CL =  2.1359
      Cm = -0.0420     CD =  0.03043   =>   CDf =  0.00375    CDp =  0.02669

 Side 1  free  transition at x/c =  0.1956   60
 Side 2 forced transition at x/c =  0.9996   57

   4   rms: 0.1171E-04   max: 0.4744E-04   C at   57  2
       a = 17.250      CL =  2.1359
      Cm = -0.0420     CD =  0.03043   =>   CDf =  0.00375    CDp =  0.02669
 plradd ia,ip,cpol            5           0  3.20819614E-04

 Point added to stored polar  1
 Point written to save file  ui1720_Re600k.ext.pol                           
 Dump file unspecified or not available
 Calculating wake trajectory ...
 Calculating source influence matrix ...

 Solving BL system ...

 Side 1  free  transition at x/c =  0.1956   60
 Side 2 forced transition at x/c =  0.9996   57

   1   rms: 0.3249E-01   max: -.1256E+00   D at   60  1   RLX: 0.953
       a = 17.500      CL =  2.1495
      Cm = -0.0413     CD =  0.03095   =>   CDf =  0.00340    CDp =  0.02755

 Side 1  free  transition at x/c =  0.1892   60
 Side 2 forced transition at x/c =  0.9996   56

   2   rms: 0.4603E-02   max: -.4153E-01   C at   60  1
       a = 17.500      CL =  2.1518
      Cm = -0.0414     CD =  0.03078   =>   CDf =  0.00371    CDp =  0.02707

 Side 1  free  transition at x/c =  0.1895   60
 Side 2 forced transition at x/c =  0.9996   56

   3   rms: 0.5266E-03   max: -.4700E-02   D at    4  1
       a = 17.500      CL =  2.1515
      Cm = -0.0414     CD =  0.03080   =>   CDf =  0.00369    CDp =  0.02711

 Side 1  free  transition at x/c =  0.1896   60
 Side 2 forced transition at x/c =  0.9996   56

   4   rms: 0.3988E-05   max: -.3616E-04   C at   56  2
       a = 17.500      CL =  2.1515
      Cm = -0.0414     CD =  0.03080   =>   CDf =  0.00369    CDp =  0.02711
 plradd ia,ip,cpol            6           0  3.20819614E-04

 Point added to stored polar  1
 Point written to save file  ui1720_Re600k.ext.pol                           
 Dump file unspecified or not available
 Calculating wake trajectory ...
 Calculating source influence matrix ...

 Solving BL system ...

 Side 1  free  transition at x/c =  0.1896   60
 Side 2 forced transition at x/c =  0.9996   56

   1   rms: 0.3313E-01   max: -.1088E+00   C at   61  1   RLX: 0.921
       a = 17.750      CL =  2.1593
      Cm = -0.0406     CD =  0.03202   =>   CDf =  0.00369    CDp =  0.02833

 Side 1  free  transition at x/c =  0.1741   59
 Side 2 forced transition at x/c =  0.9996   56

   2   rms: 0.1268E-01   max: -.1550E+00   C at   59  1
       a = 17.750      CL =  2.1659
      Cm = -0.0411     CD =  0.03137   =>   CDf =  0.00377    CDp =  0.02760

 Side 1  free  transition at x/c =  0.1760   59
 Side 2 forced transition at x/c =  0.9996   56

   3   rms: 0.2460E-02   max: -.1633E-01   C at   59  1
       a = 17.750      CL =  2.1637
      Cm = -0.0410     CD =  0.03154   =>   CDf =  0.00370    CDp =  0.02784

 Side 1  free  transition at x/c =  0.1765   59
 Side 2 forced transition at x/c =  0.9996   56

   4   rms: 0.1007E-03   max: -.1315E-02   C at   59  1
       a = 17.750      CL =  2.1637
      Cm = -0.0410     CD =  0.03154   =>   CDf =  0.00369    CDp =  0.02785

 Side 1  free  transition at x/c =  0.1765   59
 Side 2 forced transition at x/c =  0.9996   56

   5   rms: 0.4495E-05   max: -.4043E-04   C at   59  1
       a = 17.750      CL =  2.1637
      Cm = -0.0410     CD =  0.03154   =>   CDf =  0.00369    CDp =  0.02785
 plradd ia,ip,cpol            7           0  3.20819614E-04

 Point added to stored polar  1
 Point written to save file  ui1720_Re600k.ext.pol                           
 Dump file unspecified or not available
 Calculating wake trajectory ...
 Calculating source influence matrix ...

 Solving BL system ...

 Side 1  free  transition at x/c =  0.1765   59
 Side 2 forced transition at x/c =  0.9996   56

   1   rms: 0.5132E-01   max: 0.7386E+00   C at   59  1   RLX: 0.887
       a = 18.000      CL =  2.1667
      Cm = -0.0407     CD =  0.03304   =>   CDf =  0.00370    CDp =  0.02934

 Side 1  free  transition at x/c =  0.1582   57
 Side 2 forced transition at x/c =  0.9996   56

   2   rms: 0.3718E-01   max: -.4087E+00   C at   57  1
       a = 18.000      CL =  2.1422
      Cm = -0.0409     CD =  0.03575   =>   CDf =  0.00390    CDp =  0.03185

 Side 1  free  transition at x/c =  0.1652   58
 Side 2 forced transition at x/c =  0.9996   56

   3   rms: 0.8551E-02   max: -.5052E-01   D at   94  1
       a = 18.000      CL =  2.1484
      Cm = -0.0408     CD =  0.03503   =>   CDf =  0.00372    CDp =  0.03131

 Side 1  free  transition at x/c =  0.1641   58
 Side 2 forced transition at x/c =  0.9996   56

   4   rms: 0.4104E-03   max: -.6264E-02   C at   58  1
       a = 18.000      CL =  2.1482
      Cm = -0.0408     CD =  0.03509   =>   CDf =  0.00374    CDp =  0.03135

 Side 1  free  transition at x/c =  0.1642   58
 Side 2 forced transition at x/c =  0.9996   56

   5   rms: 0.6032E-05   max: -.1048E-03   C at   56  2
       a = 18.000      CL =  2.1482
      Cm = -0.0408     CD =  0.03509   =>   CDf =  0.00374    CDp =  0.03136
 plradd ia,ip,cpol            8           0  3.20819614E-04

 Point added to stored polar  1
 Point written to save file  ui1720_Re600k.ext.pol                           
 Dump file unspecified or not available

.OPERva   c>   Calculating wake trajectory ...
 Calculating source influence matrix ...

 Solving BL system ...

 Side 1  free  transition at x/c =  0.1642   58
 Side 2 forced transition at x/c =  0.9996   56

   1   rms: 0.7563E-01   max: 0.6250E+00   C at   58  1   RLX: 0.789
       a = 18.250      CL =  2.1296
      Cm = -0.0416     CD =  0.03942   =>   CDf =  0.00374    CDp =  0.03568

 Side 1  free  transition at x/c =  0.1574   57
 Side 2 forced transition at x/c =  0.9996   56

   2   rms: 0.3298E-01   max: 0.2074E+00   D at   88  1
       a = 18.250      CL =  2.1143
      Cm = -0.0428     CD =  0.04204   =>   CDf =  0.00373    CDp =  0.03832

 Side 1  free  transition at x/c =  0.1576   57
 Side 2 forced transition at x/c =  0.9996   56

   3   rms: 0.1086E-01   max: -.1836E+00   C at   57  1
       a = 18.250      CL =  2.1108
      Cm = -0.0430     CD =  0.04230   =>   CDf =  0.00367    CDp =  0.03863

 Side 1  free  transition at x/c =  0.1582   57
 Side 2 forced transition at x/c =  0.9996   56

   4   rms: 0.8428E-02   max: -.1805E+00   C at   57  1
       a = 18.250      CL =  2.1109
      Cm = -0.0429     CD =  0.04217   =>   CDf =  0.00365    CDp =  0.03852

 Side 1  free  transition at x/c =  0.1583   57
 Side 2 forced transition at x/c =  0.9996   56

   5   rms: 0.7639E-02   max: -.1648E+00   C at   57  1
       a = 18.250      CL =  2.1111
      Cm = -0.0429     CD =  0.04215   =>   CDf =  0.00365    CDp =  0.03850

 Side 1  free  transition at x/c =  0.1582   57
 Side 2 forced transition at x/c =  0.9996   56

   6   rms: 0.7672E-02   max: -.1667E+00   C at   57  1
       a = 18.250      CL =  2.1110
      Cm = -0.0429     CD =  0.04216   =>   CDf =  0.00365    CDp =  0.03851

 Side 1  free  transition at x/c =  0.1582   57
 Side 2 forced transition at x/c =  0.9996   56

   7   rms: 0.7662E-02   max: -.1662E+00   C at   57  1
       a = 18.250      CL =  2.1111
      Cm = -0.0429     CD =  0.04216   =>   CDf =  0.00365    CDp =  0.03851

 Side 1  free  transition at x/c =  0.1582   57
 Side 2 forced transition at x/c =  0.9996   56

   8   rms: 0.7663E-02   max: -.1663E+00   C at   57  1
       a = 18.250      CL =  2.1111
      Cm = -0.0429     CD =  0.04216   =>   CDf =  0.00365    CDp =  0.03851

 Side 1  free  transition at x/c =  0.1582   57
 Side 2 forced transition at x/c =  0.9996   56

   9   rms: 0.7663E-02   max: -.1663E+00   C at   57  1
       a = 18.250      CL =  2.1111
      Cm = -0.0429     CD =  0.04216   =>   CDf =  0.00365    CDp =  0.03851

 Side 1  free  transition at x/c =  0.1582   57
 Side 2 forced transition at x/c =  0.9996   56

  10   rms: 0.7663E-02   max: -.1663E+00   C at   57  1
       a = 18.250      CL =  2.1111
      Cm = -0.0429     CD =  0.04216   =>   CDf =  0.00365    CDp =  0.03851

 Side 1  free  transition at x/c =  0.1582   57
 Side 2 forced transition at x/c =  0.9996   56

  11   rms: 0.7663E-02   max: -.1663E+00   C at   57  1
       a = 18.250      CL =  2.1111
      Cm = -0.0429     CD =  0.04216   =>   CDf =  0.00365    CDp =  0.03851

 Side 1  free  transition at x/c =  0.1582   57
 Side 2 forced transition at x/c =  0.9996   56

  12   rms: 0.7664E-02   max: -.1663E+00   C at   57  1
       a = 18.250      CL =  2.1111
      Cm = -0.0429     CD =  0.04216   =>   CDf =  0.00365    CDp =  0.03851

 Side 1  free  transition at x/c =  0.1582   57
 Side 2 forced transition at x/c =  0.9996   56

  13   rms: 0.7663E-02   max: -.1663E+00   C at   57  1
       a = 18.250      CL =  2.1111
      Cm = -0.0429     CD =  0.04216   =>   CDf =  0.00365    CDp =  0.03851

 Side 1  free  transition at x/c =  0.1582   57
 Side 2 forced transition at x/c =  0.9996   56

  14   rms: 0.7663E-02   max: -.1663E+00   C at   57  1
       a = 18.250      CL =  2.1111
      Cm = -0.0429     CD =  0.04216   =>   CDf =  0.00365    CDp =  0.03851

 Side 1  free  transition at x/c =  0.1582   57
 Side 2 forced transition at x/c =  0.9996   56

  15   rms: 0.7663E-02   max: -.1663E+00   C at   57  1
       a = 18.250      CL =  2.1111
      Cm = -0.0429     CD =  0.04216   =>   CDf =  0.00365    CDp =  0.03851

 Side 1  free  transition at x/c =  0.1582   57
 Side 2 forced transition at x/c =  0.9996   56

  16   rms: 0.7663E-02   max: -.1663E+00   C at   57  1
       a = 18.250      CL =  2.1111
      Cm = -0.0429     CD =  0.04216   =>   CDf =  0.00365    CDp =  0.03851

 Side 1  free  transition at x/c =  0.1582   57
 Side 2 forced transition at x/c =  0.9996   56

  17   rms: 0.7663E-02   max: -.1663E+00   C at   57  1
       a = 18.250      CL =  2.1111
      Cm = -0.0429     CD =  0.04216   =>   CDf =  0.00365    CDp =  0.03851

 Side 1  free  transition at x/c =  0.1582   57
 Side 2 forced transition at x/c =  0.9996   56

  18   rms: 0.7663E-02   max: -.1663E+00   C at   57  1
       a = 18.250      CL =  2.1111
      Cm = -0.0429     CD =  0.04216   =>   CDf =  0.00365    CDp =  0.03851

 Side 1  free  transition at x/c =  0.1582   57
 Side 2 forced transition at x/c =  0.9996   56

  19   rms: 0.7663E-02   max: -.1663E+00   C at   57  1
       a = 18.250      CL =  2.1111
      Cm = -0.0429     CD =  0.04216   =>   CDf =  0.00365    CDp =  0.03851

 Side 1  free  transition at x/c =  0.1582   57
 Side 2 forced transition at x/c =  0.9996   56

  20   rms: 0.7664E-02   max: -.1663E+00   C at   57  1
       a = 18.250      CL =  2.1111
      Cm = -0.0429     CD =  0.04216   =>   CDf =  0.00365    CDp =  0.03851

 Side 1  free  transition at x/c =  0.1582   57
 Side 2 forced transition at x/c =  0.9996   56

  21   rms: 0.7663E-02   max: -.1663E+00   C at   57  1
       a = 18.250      CL =  2.1111
      Cm = -0.0429     CD =  0.04216   =>   CDf =  0.00365    CDp =  0.03851

 Side 1  free  transition at x/c =  0.1582   57
 Side 2 forced transition at x/c =  0.9996   56

  22   rms: 0.7663E-02   max: -.1663E+00   C at   57  1
       a = 18.250      CL =  2.1111
      Cm = -0.0429     CD =  0.04216   =>   CDf =  0.00365    CDp =  0.03851

 Side 1  free  transition at x/c =  0.1582   57
 Side 2 forced transition at x/c =  0.9996   56

  23   rms: 0.7663E-02   max: -.1663E+00   C at   57  1
       a = 18.250      CL =  2.1111
      Cm = -0.0429     CD =  0.04216   =>   CDf =  0.00365    CDp =  0.03851

 Side 1  free  transition at x/c =  0.1582   57
 Side 2 forced transition at x/c =  0.9996   56

  24   rms: 0.7663E-02   max: -.1663E+00   C at   57  1
       a = 18.250      CL =  2.1111
      Cm = -0.0429     CD =  0.04216   =>   CDf =  0.00365    CDp =  0.03851

 Side 1  free  transition at x/c =  0.1582   57
 Side 2 forced transition at x/c =  0.9996   56

  25   rms: 0.7663E-02   max: -.1663E+00   C at   57  1
       a = 18.250      CL =  2.1111
      Cm = -0.0429     CD =  0.04216   =>   CDf =  0.00365    CDp =  0.03851

 Side 1  free  transition at x/c =  0.1582   57
 Side 2 forced transition at x/c =  0.9996   56

  26   rms: 0.7663E-02   max: -.1663E+00   C at   57  1
       a = 18.250      CL =  2.1111
      Cm = -0.0429     CD =  0.04216   =>   CDf =  0.00365    CDp =  0.03851

 Side 1  free  transition at x/c =  0.1582   57
 Side 2 forced transition at x/c =  0.9996   56

  27   rms: 0.7663E-02   max: -.1663E+00   C at   57  1
       a = 18.250      CL =  2.1111
      Cm = -0.0429     CD =  0.04216   =>   CDf =  0.00365    CDp =  0.03851

 Side 1  free  transition at x/c =  0.1582   57
 Side 2 forced transition at x/c =  0.9996   56

  28   rms: 0.7663E-02   max: -.1663E+00   C at   57  1
       a = 18.250      CL =  2.1111
      Cm = -0.0429     CD =  0.04216   =>   CDf =  0.00365    CDp =  0.03851

 Side 1  free  transition at x/c =  0.1582   57
 Side 2 forced transition at x/c =  0.9996   56

  29   rms: 0.7663E-02   max: -.1663E+00   C at   57  1
       a = 18.250      CL =  2.1111
      Cm = -0.0429     CD =  0.04216   =>   CDf =  0.00365    CDp =  0.03851

 Side 1  free  transition at x/c =  0.1582   57
 Side 2 forced transition at x/c =  0.9996   56

  30   rms: 0.7663E-02   max: -.1663E+00   C at   57  1
       a = 18.250      CL =  2.1111
      Cm = -0.0429     CD =  0.04216   =>   CDf =  0.00365    CDp =  0.03851

 Side 1  free  transition at x/c =  0.1582   57
 Side 2 forced transition at x/c =  0.9996   56

  31   rms: 0.7663E-02   max: -.1663E+00   C at   57  1
       a = 18.250      CL =  2.1111
      Cm = -0.0429     CD =  0.04216   =>   CDf =  0.00365    CDp =  0.03851

 Side 1  free  transition at x/c =  0.1582   57
 Side 2 forced transition at x/c =  0.9996   56

  32   rms: 0.7663E-02   max: -.1663E+00   C at   57  1
       a = 18.250      CL =  2.1111
      Cm = -0.0429     CD =  0.04216   =>   CDf =  0.00365    CDp =  0.03851

 Side 1  free  transition at x/c =  0.1582   57
 Side 2 forced transition at x/c =  0.9996   56

  33   rms: 0.7664E-02   max: -.1663E+00   C at   57  1
       a = 18.250      CL =  2.1111
      Cm = -0.0429     CD =  0.04216   =>   CDf =  0.00365    CDp =  0.03851

 Side 1  free  transition at x/c =  0.1582   57
 Side 2 forced transition at x/c =  0.9996   56

  34   rms: 0.7663E-02   max: -.1663E+00   C at   57  1
       a = 18.250      CL =  2.1111
      Cm = -0.0429     CD =  0.04216   =>   CDf =  0.00365    CDp =  0.03851

 Side 1  free  transition at x/c =  0.1582   57
 Side 2 forced transition at x/c =  0.9996   56

  35   rms: 0.7663E-02   max: -.1663E+00   C at   57  1
       a = 18.250      CL =  2.1111
      Cm = -0.0429     CD =  0.04216   =>   CDf =  0.00365    CDp =  0.03851

 Side 1  free  transition at x/c =  0.1582   57
 Side 2 forced transition at x/c =  0.9996   56

  36   rms: 0.7663E-02   max: -.1663E+00   C at   57  1
       a = 18.250      CL =  2.1111
      Cm = -0.0429     CD =  0.04216   =>   CDf =  0.00365    CDp =  0.03851

 Side 1  free  transition at x/c =  0.1582   57
 Side 2 forced transition at x/c =  0.9996   56

  37   rms: 0.7663E-02   max: -.1663E+00   C at   57  1
       a = 18.250      CL =  2.1111
      Cm = -0.0429     CD =  0.04216   =>   CDf =  0.00365    CDp =  0.03851

 Side 1  free  transition at x/c =  0.1582   57
 Side 2 forced transition at x/c =  0.9996   56

  38   rms: 0.7663E-02   max: -.1663E+00   C at   57  1
       a = 18.250      CL =  2.1111
      Cm = -0.0429     CD =  0.04216   =>   CDf =  0.00365    CDp =  0.03851

 Side 1  free  transition at x/c =  0.1582   57
 Side 2 forced transition at x/c =  0.9996   56

  39   rms: 0.7663E-02   max: -.1663E+00   C at   57  1
       a = 18.250      CL =  2.1111
      Cm = -0.0429     CD =  0.04216   =>   CDf =  0.00365    CDp =  0.03851

 Side 1  free  transition at x/c =  0.1582   57
 Side 2 forced transition at x/c =  0.9996   56

  40   rms: 0.7663E-02   max: -.1663E+00   C at   57  1
       a = 18.250      CL =  2.1111
      Cm = -0.0429     CD =  0.04216   =>   CDf =  0.00365    CDp =  0.03851

 Side 1  free  transition at x/c =  0.1582   57
 Side 2 forced transition at x/c =  0.9996   56

  41   rms: 0.7663E-02   max: -.1663E+00   C at   57  1
       a = 18.250      CL =  2.1111
      Cm = -0.0429     CD =  0.04216   =>   CDf =  0.00365    CDp =  0.03851

 Side 1  free  transition at x/c =  0.1582   57
 Side 2 forced transition at x/c =  0.9996   56

  42   rms: 0.7663E-02   max: -.1663E+00   C at   57  1
       a = 18.250      CL =  2.1111
      Cm = -0.0429     CD =  0.04216   =>   CDf =  0.00365    CDp =  0.03851

 Side 1  free  transition at x/c =  0.1582   57
 Side 2 forced transition at x/c =  0.9996   56

  43   rms: 0.7663E-02   max: -.1663E+00   C at   57  1
       a = 18.250      CL =  2.1111
      Cm = -0.0429     CD =  0.04216   =>   CDf =  0.00365    CDp =  0.03851

 Side 1  free  transition at x/c =  0.1582   57
 Side 2 forced transition at x/c =  0.9996   56

  44   rms: 0.7663E-02   max: -.1663E+00   C at   57  1
       a = 18.250      CL =  2.1111
      Cm = -0.0429     CD =  0.04216   =>   CDf =  0.00365    CDp =  0.03851

 Side 1  free  transition at x/c =  0.1582   57
 Side 2 forced transition at x/c =  0.9996   56

  45   rms: 0.7663E-02   max: -.1663E+00   C at   57  1
       a = 18.250      CL =  2.1111
      Cm = -0.0429     CD =  0.04216   =>   CDf =  0.00365    CDp =  0.03851

 Side 1  free  transition at x/c =  0.1582   57
 Side 2 forced transition at x/c =  0.9996   56

  46   rms: 0.7663E-02   max: -.1663E+00   C at   57  1
       a = 18.250      CL =  2.1111
      Cm = -0.0429     CD =  0.04216   =>   CDf =  0.00365    CDp =  0.03851

 Side 1  free  transition at x/c =  0.1582   57
 Side 2 forced transition at x/c =  0.9996   56

  47   rms: 0.7663E-02   max: -.1663E+00   C at   57  1
       a = 18.250      CL =  2.1111
      Cm = -0.0429     CD =  0.04216   =>   CDf =  0.00365    CDp =  0.03851

 Side 1  free  transition at x/c =  0.1582   57
 Side 2 forced transition at x/c =  0.9996   56

  48   rms: 0.7663E-02   max: -.1663E+00   C at   57  1
       a = 18.250      CL =  2.1111
      Cm = -0.0429     CD =  0.04216   =>   CDf =  0.00365    CDp =  0.03851

 Side 1  free  transition at x/c =  0.1582   57
 Side 2 forced transition at x/c =  0.9996   56

  49   rms: 0.7663E-02   max: -.1663E+00   C at   57  1
       a = 18.250      CL =  2.1111
      Cm = -0.0429     CD =  0.04216   =>   CDf =  0.00365    CDp =  0.03851

 Side 1  free  transition at x/c =  0.1582   57
 Side 2 forced transition at x/c =  0.9996   56

  50   rms: 0.7663E-02   max: -.1663E+00   C at   57  1
       a = 18.250      CL =  2.1110
      Cm = -0.0429     CD =  0.04216   =>   CDf =  0.00365    CDp =  0.03851

 Side 1  free  transition at x/c =  0.1582   57
 Side 2 forced transition at x/c =  0.9996   56

  51   rms: 0.7663E-02   max: -.1663E+00   C at   57  1
       a = 18.250      CL =  2.1111
      Cm = -0.0429     CD =  0.04216   =>   CDf =  0.00365    CDp =  0.03851

 Side 1  free  transition at x/c =  0.1582   57
 Side 2 forced transition at x/c =  0.9996   56

  52   rms: 0.7663E-02   max: -.1663E+00   C at   57  1
       a = 18.250      CL =  2.1111
      Cm = -0.0429     CD =  0.04216   =>   CDf =  0.00365    CDp =  0.03851

 Side 1  free  transition at x/c =  0.1582   57
 Side 2 forced transition at x/c =  0.9996   56

  53   rms: 0.7663E-02   max: -.1663E+00   C at   57  1
       a = 18.250      CL =  2.1111
      Cm = -0.0429     CD =  0.04216   =>   CDf =  0.00365    CDp =  0.03851

 Side 1  free  transition at x/c =  0.1582   57
 Side 2 forced transition at x/c =  0.9996   56

  54   rms: 0.7664E-02   max: -.1663E+00   C at   57  1
       a = 18.250      CL =  2.1111
      Cm = -0.0429     CD =  0.04216   =>   CDf =  0.00365    CDp =  0.03851

 Side 1  free  transition at x/c =  0.1582   57
 Side 2 forced transition at x/c =  0.9996   56

  55   rms: 0.7663E-02   max: -.1663E+00   C at   57  1
       a = 18.250      CL =  2.1111
      Cm = -0.0429     CD =  0.04216   =>   CDf =  0.00365    CDp =  0.03851

 Side 1  free  transition at x/c =  0.1582   57
 Side 2 forced transition at x/c =  0.9996   56

  56   rms: 0.7663E-02   max: -.1663E+00   C at   57  1
       a = 18.250      CL =  2.1111
      Cm = -0.0429     CD =  0.04216   =>   CDf =  0.00365    CDp =  0.03851

 Side 1  free  transition at x/c =  0.1582   57
 Side 2 forced transition at x/c =  0.9996   56

  57   rms: 0.7663E-02   max: -.1663E+00   C at   57  1
       a = 18.250      CL =  2.1111
      Cm = -0.0429     CD =  0.04216   =>   CDf =  0.00365    CDp =  0.03851

 Side 1  free  transition at x/c =  0.1582   57
 Side 2 forced transition at x/c =  0.9996   56

  58   rms: 0.7663E-02   max: -.1663E+00   C at   57  1
       a = 18.250      CL =  2.1111
      Cm = -0.0429     CD =  0.04216   =>   CDf =  0.00365    CDp =  0.03851

 Side 1  free  transition at x/c =  0.1582   57
 Side 2 forced transition at x/c =  0.9996   56

  59   rms: 0.7663E-02   max: -.1663E+00   C at   57  1
       a = 18.250      CL =  2.1111
      Cm = -0.0429     CD =  0.04216   =>   CDf =  0.00365    CDp =  0.03851

 Side 1  free  transition at x/c =  0.1582   57
 Side 2 forced transition at x/c =  0.9996   56

  60   rms: 0.7663E-02   max: -.1663E+00   C at   57  1
       a = 18.250      CL =  2.1111
      Cm = -0.0429     CD =  0.04216   =>   CDf =  0.00365    CDp =  0.03851

 Side 1  free  transition at x/c =  0.1582   57
 Side 2 forced transition at x/c =  0.9996   56

  61   rms: 0.7663E-02   max: -.1663E+00   C at   57  1
       a = 18.250      CL =  2.1111
      Cm = -0.0429     CD =  0.04216   =>   CDf =  0.00365    CDp =  0.03851

 Side 1  free  transition at x/c =  0.1582   57
 Side 2 forced transition at x/c =  0.9996   56

  62   rms: 0.7663E-02   max: -.1663E+00   C at   57  1
       a = 18.250      CL =  2.1111
      Cm = -0.0429     CD =  0.04216   =>   CDf =  0.00365    CDp =  0.03851

 Side 1  free  transition at x/c =  0.1582   57
 Side 2 forced transition at x/c =  0.9996   56

  63   rms: 0.7663E-02   max: -.1663E+00   C at   57  1
       a = 18.250      CL =  2.1111
      Cm = -0.0429     CD =  0.04216   =>   CDf =  0.00365    CDp =  0.03851

 Side 1  free  transition at x/c =  0.1582   57
 Side 2 forced transition at x/c =  0.9996   56

  64   rms: 0.7663E-02   max: -.1663E+00   C at   57  1
       a = 18.250      CL =  2.1111
      Cm = -0.0429     CD =  0.04216   =>   CDf =  0.00365    CDp =  0.03851

 Side 1  free  transition at x/c =  0.1582   57
 Side 2 forced transition at x/c =  0.9996   56

  65   rms: 0.7663E-02   max: -.1663E+00   C at   57  1
       a = 18.250      CL =  2.1110
      Cm = -0.0429     CD =  0.04216   =>   CDf =  0.00365    CDp =  0.03851

 Side 1  free  transition at x/c =  0.1582   57
 Side 2 forced transition at x/c =  0.9996   56

  66   rms: 0.7663E-02   max: -.1663E+00   C at   57  1
       a = 18.250      CL =  2.1111
      Cm = -0.0429     CD =  0.04216   =>   CDf =  0.00365    CDp =  0.03851

 Side 1  free  transition at x/c =  0.1582   57
 Side 2 forced transition at x/c =  0.9996   56

  67   rms: 0.7663E-02   max: -.1663E+00   C at   57  1
       a = 18.250      CL =  2.1111
      Cm = -0.0429     CD =  0.04216   =>   CDf =  0.00365    CDp =  0.03851

 Side 1  free  transition at x/c =  0.1582   57
 Side 2 forced transition at x/c =  0.9996   56

  68   rms: 0.7663E-02   max: -.1663E+00   C at   57  1
       a = 18.250      CL =  2.1111
      Cm = -0.0429     CD =  0.04216   =>   CDf =  0.00365    CDp =  0.03851

 Side 1  free  transition at x/c =  0.1582   57
 Side 2 forced transition at x/c =  0.9996   56

  69   rms: 0.7663E-02   max: -.1663E+00   C at   57  1
       a = 18.250      CL =  2.1111
      Cm = -0.0429     CD =  0.04216   =>   CDf =  0.00365    CDp =  0.03851

 Side 1  free  transition at x/c =  0.1582   57
 Side 2 forced transition at x/c =  0.9996   56

  70   rms: 0.7663E-02   max: -.1663E+00   C at   57  1
       a = 18.250      CL =  2.1111
      Cm = -0.0429     CD =  0.04216   =>   CDf =  0.00365    CDp =  0.03851

 Side 1  free  transition at x/c =  0.1582   57
 Side 2 forced transition at x/c =  0.9996   56

  71   rms: 0.7663E-02   max: -.1663E+00   C at   57  1
       a = 18.250      CL =  2.1111
      Cm = -0.0429     CD =  0.04216   =>   CDf =  0.00365    CDp =  0.03851

 Side 1  free  transition at x/c =  0.1582   57
 Side 2 forced transition at x/c =  0.9996   56

  72   rms: 0.7663E-02   max: -.1663E+00   C at   57  1
       a = 18.250      CL =  2.1111
      Cm = -0.0429     CD =  0.04216   =>   CDf =  0.00365    CDp =  0.03851

 Side 1  free  transition at x/c =  0.1582   57
 Side 2 forced transition at x/c =  0.9996   56

  73   rms: 0.7663E-02   max: -.1663E+00   C at   57  1
       a = 18.250      CL =  2.1111
      Cm = -0.0429     CD =  0.04216   =>   CDf =  0.00365    CDp =  0.03851

 Side 1  free  transition at x/c =  0.1582   57
 Side 2 forced transition at x/c =  0.9996   56

  74   rms: 0.7664E-02   max: -.1663E+00   C at   57  1
       a = 18.250      CL =  2.1111
      Cm = -0.0429     CD =  0.04216   =>   CDf =  0.00365    CDp =  0.03851

 Side 1  free  transition at x/c =  0.1582   57
 Side 2 forced transition at x/c =  0.9996   56

  75   rms: 0.7663E-02   max: -.1663E+00   C at   57  1
       a = 18.250      CL =  2.1111
      Cm = -0.0429     CD =  0.04216   =>   CDf =  0.00365    CDp =  0.03851

 Side 1  free  transition at x/c =  0.1582   57
 Side 2 forced transition at x/c =  0.9996   56

  76   rms: 0.7663E-02   max: -.1663E+00   C at   57  1
       a = 18.250      CL =  2.1111
      Cm = -0.0429     CD =  0.04216   =>   CDf =  0.00365    CDp =  0.03851

 Side 1  free  transition at x/c =  0.1582   57
 Side 2 forced transition at x/c =  0.9996   56

  77   rms: 0.7663E-02   max: -.1663E+00   C at   57  1
       a = 18.250      CL =  2.1111
      Cm = -0.0429     CD =  0.04216   =>   CDf =  0.00365    CDp =  0.03851

 Side 1  free  transition at x/c =  0.1582   57
 Side 2 forced transition at x/c =  0.9996   56

  78   rms: 0.7663E-02   max: -.1663E+00   C at   57  1
       a = 18.250      CL =  2.1111
      Cm = -0.0429     CD =  0.04216   =>   CDf =  0.00365    CDp =  0.03851

 Side 1  free  transition at x/c =  0.1582   57
 Side 2 forced transition at x/c =  0.9996   56

  79   rms: 0.7663E-02   max: -.1663E+00   C at   57  1
       a = 18.250      CL =  2.1111
      Cm = -0.0429     CD =  0.04216   =>   CDf =  0.00365    CDp =  0.03851

 Side 1  free  transition at x/c =  0.1582   57
 Side 2 forced transition at x/c =  0.9996   56

  80   rms: 0.7663E-02   max: -.1663E+00   C at   57  1
       a = 18.250      CL =  2.1111
      Cm = -0.0429     CD =  0.04216   =>   CDf =  0.00365    CDp =  0.03851

 Side 1  free  transition at x/c =  0.1582   57
 Side 2 forced transition at x/c =  0.9996   56

  81   rms: 0.7663E-02   max: -.1663E+00   C at   57  1
       a = 18.250      CL =  2.1111
      Cm = -0.0429     CD =  0.04216   =>   CDf =  0.00365    CDp =  0.03851

 Side 1  free  transition at x/c =  0.1582   57
 Side 2 forced transition at x/c =  0.9996   56

  82   rms: 0.7663E-02   max: -.1663E+00   C at   57  1
       a = 18.250      CL =  2.1111
      Cm = -0.0429     CD =  0.04216   =>   CDf =  0.00365    CDp =  0.03851

 Side 1  free  transition at x/c =  0.1582   57
 Side 2 forced transition at x/c =  0.9996   56

  83   rms: 0.7663E-02   max: -.1663E+00   C at   57  1
       a = 18.250      CL =  2.1111
      Cm = -0.0429     CD =  0.04216   =>   CDf =  0.00365    CDp =  0.03851

 Side 1  free  transition at x/c =  0.1582   57
 Side 2 forced transition at x/c =  0.9996   56

  84   rms: 0.7663E-02   max: -.1663E+00   C at   57  1
       a = 18.250      CL =  2.1111
      Cm = -0.0429     CD =  0.04216   =>   CDf =  0.00365    CDp =  0.03851

 Side 1  free  transition at x/c =  0.1582   57
 Side 2 forced transition at x/c =  0.9996   56

  85   rms: 0.7664E-02   max: -.1663E+00   C at   57  1
       a = 18.250      CL =  2.1111
      Cm = -0.0429     CD =  0.04216   =>   CDf =  0.00365    CDp =  0.03851

 Side 1  free  transition at x/c =  0.1582   57
 Side 2 forced transition at x/c =  0.9996   56

  86   rms: 0.7663E-02   max: -.1663E+00   C at   57  1
       a = 18.250      CL =  2.1111
      Cm = -0.0429     CD =  0.04216   =>   CDf =  0.00365    CDp =  0.03851

 Side 1  free  transition at x/c =  0.1582   57
 Side 2 forced transition at x/c =  0.9996   56

  87   rms: 0.7663E-02   max: -.1663E+00   C at   57  1
       a = 18.250      CL =  2.1111
      Cm = -0.0429     CD =  0.04216   =>   CDf =  0.00365    CDp =  0.03851

 Side 1  free  transition at x/c =  0.1582   57
 Side 2 forced transition at x/c =  0.9996   56

  88   rms: 0.7663E-02   max: -.1663E+00   C at   57  1
       a = 18.250      CL =  2.1111
      Cm = -0.0429     CD =  0.04216   =>   CDf =  0.00365    CDp =  0.03851

 Side 1  free  transition at x/c =  0.1582   57
 Side 2 forced transition at x/c =  0.9996   56

  89   rms: 0.7663E-02   max: -.1663E+00   C at   57  1
       a = 18.250      CL =  2.1111
      Cm = -0.0429     CD =  0.04216   =>   CDf =  0.00365    CDp =  0.03851

 Side 1  free  transition at x/c =  0.1582   57
 Side 2 forced transition at x/c =  0.9996   56

  90   rms: 0.7663E-02   max: -.1663E+00   C at   57  1
       a = 18.250      CL =  2.1111
      Cm = -0.0429     CD =  0.04216   =>   CDf =  0.00365    CDp =  0.03851

 Side 1  free  transition at x/c =  0.1582   57
 Side 2 forced transition at x/c =  0.9996   56

  91   rms: 0.7664E-02   max: -.1663E+00   C at   57  1
       a = 18.250      CL =  2.1111
      Cm = -0.0429     CD =  0.04216   =>   CDf =  0.00365    CDp =  0.03851

 Side 1  free  transition at x/c =  0.1582   57
 Side 2 forced transition at x/c =  0.9996   56

  92   rms: 0.7663E-02   max: -.1663E+00   C at   57  1
       a = 18.250      CL =  2.1111
      Cm = -0.0429     CD =  0.04216   =>   CDf =  0.00365    CDp =  0.03851

 Side 1  free  transition at x/c =  0.1582   57
 Side 2 forced transition at x/c =  0.9996   56

  93   rms: 0.7663E-02   max: -.1663E+00   C at   57  1
       a = 18.250      CL =  2.1111
      Cm = -0.0429     CD =  0.04216   =>   CDf =  0.00365    CDp =  0.03851

 Side 1  free  transition at x/c =  0.1582   57
 Side 2 forced transition at x/c =  0.9996   56

  94   rms: 0.7663E-02   max: -.1663E+00   C at   57  1
       a = 18.250      CL =  2.1111
      Cm = -0.0429     CD =  0.04216   =>   CDf =  0.00365    CDp =  0.03851

 Side 1  free  transition at x/c =  0.1582   57
 Side 2 forced transition at x/c =  0.9996   56

  95   rms: 0.7663E-02   max: -.1663E+00   C at   57  1
       a = 18.250      CL =  2.1111
      Cm = -0.0429     CD =  0.04216   =>   CDf =  0.00365    CDp =  0.03851

 Side 1  free  transition at x/c =  0.1582   57
 Side 2 forced transition at x/c =  0.9996   56

  96   rms: 0.7663E-02   max: -.1663E+00   C at   57  1
       a = 18.250      CL =  2.1111
      Cm = -0.0429     CD =  0.04216   =>   CDf =  0.00365    CDp =  0.03851

 Side 1  free  transition at x/c =  0.1582   57
 Side 2 forced transition at x/c =  0.9996   56

  97   rms: 0.7663E-02   max: -.1663E+00   C at   57  1
       a = 18.250      CL =  2.1111
      Cm = -0.0429     CD =  0.04216   =>   CDf =  0.00365    CDp =  0.03851

 Side 1  free  transition at x/c =  0.1582   57
 Side 2 forced transition at x/c =  0.9996   56

  98   rms: 0.7663E-02   max: -.1663E+00   C at   57  1
       a = 18.250      CL =  2.1111
      Cm = -0.0429     CD =  0.04216   =>   CDf =  0.00365    CDp =  0.03851

 Side 1  free  transition at x/c =  0.1582   57
 Side 2 forced transition at x/c =  0.9996   56

  99   rms: 0.7664E-02   max: -.1663E+00   C at   57  1
       a = 18.250      CL =  2.1111
      Cm = -0.0429     CD =  0.04216   =>   CDf =  0.00365    CDp =  0.03851

 Side 1  free  transition at x/c =  0.1582   57
 Side 2 forced transition at x/c =  0.9996   56

 100   rms: 0.7663E-02   max: -.1663E+00   C at   57  1
       a = 18.250      CL =  2.1111
      Cm = -0.0429     CD =  0.04216   =>   CDf =  0.00365    CDp =  0.03851

 Side 1  free  transition at x/c =  0.1582   57
 Side 2 forced transition at x/c =  0.9996   56

 101   rms: 0.7664E-02   max: -.1663E+00   C at   57  1
       a = 18.250      CL =  2.1111
      Cm = -0.0429     CD =  0.04216   =>   CDf =  0.00365    CDp =  0.03851

 Side 1  free  transition at x/c =  0.1582   57
 Side 2 forced transition at x/c =  0.9996   56

 102   rms: 0.7663E-02   max: -.1663E+00   C at   57  1
       a = 18.250      CL =  2.1111
      Cm = -0.0429     CD =  0.04216   =>   CDf =  0.00365    CDp =  0.03851

 Side 1  free  transition at x/c =  0.1582   57
 Side 2 forced transition at x/c =  0.9996   56

 103   rms: 0.7663E-02   max: -.1663E+00   C at   57  1
       a = 18.250      CL =  2.1111
      Cm = -0.0429     CD =  0.04216   =>   CDf =  0.00365    CDp =  0.03851

 Side 1  free  transition at x/c =  0.1582   57
 Side 2 forced transition at x/c =  0.9996   56

 104   rms: 0.7663E-02   max: -.1663E+00   C at   57  1
       a = 18.250      CL =  2.1111
      Cm = -0.0429     CD =  0.04216   =>   CDf =  0.00365    CDp =  0.03851

 Side 1  free  transition at x/c =  0.1582   57
 Side 2 forced transition at x/c =  0.9996   56

 105   rms: 0.7663E-02   max: -.1663E+00   C at   57  1
       a = 18.250      CL =  2.1111
      Cm = -0.0429     CD =  0.04216   =>   CDf =  0.00365    CDp =  0.03851

 Side 1  free  transition at x/c =  0.1582   57
 Side 2 forced transition at x/c =  0.9996   56

 106   rms: 0.7663E-02   max: -.1663E+00   C at   57  1
       a = 18.250      CL =  2.1111
      Cm = -0.0429     CD =  0.04216   =>   CDf =  0.00365    CDp =  0.03851

 Side 1  free  transition at x/c =  0.1582   57
 Side 2 forced transition at x/c =  0.9996   56

 107   rms: 0.7664E-02   max: -.1663E+00   C at   57  1
       a = 18.250      CL =  2.1111
      Cm = -0.0429     CD =  0.04216   =>   CDf =  0.00365    CDp =  0.03851

 Side 1  free  transition at x/c =  0.1582   57
 Side 2 forced transition at x/c =  0.9996   56

 108   rms: 0.7663E-02   max: -.1663E+00   C at   57  1
       a = 18.250      CL =  2.1110
      Cm = -0.0429     CD =  0.04216   =>   CDf =  0.00365    CDp =  0.03851

 Side 1  free  transition at x/c =  0.1582   57
 Side 2 forced transition at x/c =  0.9996   56

 109   rms: 0.7664E-02   max: -.1663E+00   C at   57  1
       a = 18.250      CL =  2.1111
      Cm = -0.0429     CD =  0.04216   =>   CDf =  0.00365    CDp =  0.03851

 Side 1  free  transition at x/c =  0.1582   57
 Side 2 forced transition at x/c =  0.9996   56

 110   rms: 0.7663E-02   max: -.1663E+00   C at   57  1
       a = 18.250      CL =  2.1111
      Cm = -0.0429     CD =  0.04216   =>   CDf =  0.00365    CDp =  0.03851

 Side 1  free  transition at x/c =  0.1582   57
 Side 2 forced transition at x/c =  0.9996   56

 111   rms: 0.7663E-02   max: -.1663E+00   C at   57  1
       a = 18.250      CL =  2.1111
      Cm = -0.0429     CD =  0.04216   =>   CDf =  0.00365    CDp =  0.03851

 Side 1  free  transition at x/c =  0.1582   57
 Side 2 forced transition at x/c =  0.9996   56

 112   rms: 0.7663E-02   max: -.1663E+00   C at   57  1
       a = 18.250      CL =  2.1111
      Cm = -0.0429     CD =  0.04216   =>   CDf =  0.00365    CDp =  0.03851

 Side 1  free  transition at x/c =  0.1582   57
 Side 2 forced transition at x/c =  0.9996   56

 113   rms: 0.7663E-02   max: -.1663E+00   C at   57  1
       a = 18.250      CL =  2.1111
      Cm = -0.0429     CD =  0.04216   =>   CDf =  0.00365    CDp =  0.03851

 Side 1  free  transition at x/c =  0.1582   57
 Side 2 forced transition at x/c =  0.9996   56

 114   rms: 0.7663E-02   max: -.1663E+00   C at   57  1
       a = 18.250      CL =  2.1111
      Cm = -0.0429     CD =  0.04216   =>   CDf =  0.00365    CDp =  0.03851

 Side 1  free  transition at x/c =  0.1582   57
 Side 2 forced transition at x/c =  0.9996   56

 115   rms: 0.7664E-02   max: -.1663E+00   C at   57  1
       a = 18.250      CL =  2.1111
      Cm = -0.0429     CD =  0.04216   =>   CDf =  0.00365    CDp =  0.03851

 Side 1  free  transition at x/c =  0.1582   57
 Side 2 forced transition at x/c =  0.9996   56

 116   rms: 0.7663E-02   max: -.1663E+00   C at   57  1
       a = 18.250      CL =  2.1111
      Cm = -0.0429     CD =  0.04216   =>   CDf =  0.00365    CDp =  0.03851

 Side 1  free  transition at x/c =  0.1582   57
 Side 2 forced transition at x/c =  0.9996   56

 117   rms: 0.7663E-02   max: -.1663E+00   C at   57  1
       a = 18.250      CL =  2.1111
      Cm = -0.0429     CD =  0.04216   =>   CDf =  0.00365    CDp =  0.03851

 Side 1  free  transition at x/c =  0.1582   57
 Side 2 forced transition at x/c =  0.9996   56

 118   rms: 0.7663E-02   max: -.1663E+00   C at   57  1
       a = 18.250      CL =  2.1111
      Cm = -0.0429     CD =  0.04216   =>   CDf =  0.00365    CDp =  0.03851

 Side 1  free  transition at x/c =  0.1582   57
 Side 2 forced transition at x/c =  0.9996   56

 119   rms: 0.7663E-02   max: -.1663E+00   C at   57  1
       a = 18.250      CL =  2.1110
      Cm = -0.0429     CD =  0.04216   =>   CDf =  0.00365    CDp =  0.03851

 Side 1  free  transition at x/c =  0.1582   57
 Side 2 forced transition at x/c =  0.9996   56

 120   rms: 0.7663E-02   max: -.1663E+00   C at   57  1
       a = 18.250      CL =  2.1111
      Cm = -0.0429     CD =  0.04216   =>   CDf =  0.00365    CDp =  0.03851

 Side 1  free  transition at x/c =  0.1582   57
 Side 2 forced transition at x/c =  0.9996   56

 121   rms: 0.7664E-02   max: -.1663E+00   C at   57  1
       a = 18.250      CL =  2.1111
      Cm = -0.0429     CD =  0.04216   =>   CDf =  0.00365    CDp =  0.03851

 Side 1  free  transition at x/c =  0.1582   57
 Side 2 forced transition at x/c =  0.9996   56

 122   rms: 0.7663E-02   max: -.1663E+00   C at   57  1
       a = 18.250      CL =  2.1111
      Cm = -0.0429     CD =  0.04216   =>   CDf =  0.00365    CDp =  0.03851

 Side 1  free  transition at x/c =  0.1582   57
 Side 2 forced transition at x/c =  0.9996   56

 123   rms: 0.7663E-02   max: -.1663E+00   C at   57  1
       a = 18.250      CL =  2.1111
      Cm = -0.0429     CD =  0.04216   =>   CDf =  0.00365    CDp =  0.03851

 Side 1  free  transition at x/c =  0.1582   57
 Side 2 forced transition at x/c =  0.9996   56

 124   rms: 0.7663E-02   max: -.1663E+00   C at   57  1
       a = 18.250      CL =  2.1111
      Cm = -0.0429     CD =  0.04216   =>   CDf =  0.00365    CDp =  0.03851

 Side 1  free  transition at x/c =  0.1582   57
 Side 2 forced transition at x/c =  0.9996   56

 125   rms: 0.7663E-02   max: -.1663E+00   C at   57  1
       a = 18.250      CL =  2.1111
      Cm = -0.0429     CD =  0.04216   =>   CDf =  0.00365    CDp =  0.03851

 Side 1  free  transition at x/c =  0.1582   57
 Side 2 forced transition at x/c =  0.9996   56

 126   rms: 0.7663E-02   max: -.1663E+00   C at   57  1
       a = 18.250      CL =  2.1111
      Cm = -0.0429     CD =  0.04216   =>   CDf =  0.00365    CDp =  0.03851

 Side 1  free  transition at x/c =  0.1582   57
 Side 2 forced transition at x/c =  0.9996   56

 127   rms: 0.7663E-02   max: -.1663E+00   C at   57  1
       a = 18.250      CL =  2.1110
      Cm = -0.0429     CD =  0.04216   =>   CDf =  0.00365    CDp =  0.03851

 Side 1  free  transition at x/c =  0.1582   57
 Side 2 forced transition at x/c =  0.9996   56

 128   rms: 0.7662E-02   max: -.1663E+00   C at   57  1
       a = 18.250      CL =  2.1111
      Cm = -0.0429     CD =  0.04216   =>   CDf =  0.00365    CDp =  0.03851

 Side 1  free  transition at x/c =  0.1582   57
 Side 2 forced transition at x/c =  0.9996   56

 129   rms: 0.7663E-02   max: -.1663E+00   C at   57  1
       a = 18.250      CL =  2.1111
      Cm = -0.0429     CD =  0.04216   =>   CDf =  0.00365    CDp =  0.03851

 Side 1  free  transition at x/c =  0.1582   57
 Side 2 forced transition at x/c =  0.9996   56

 130   rms: 0.7663E-02   max: -.1663E+00   C at   57  1
       a = 18.250      CL =  2.1111
      Cm = -0.0429     CD =  0.04216   =>   CDf =  0.00365    CDp =  0.03851

 Side 1  free  transition at x/c =  0.1582   57
 Side 2 forced transition at x/c =  0.9996   56

 131   rms: 0.7663E-02   max: -.1663E+00   C at   57  1
       a = 18.250      CL =  2.1111
      Cm = -0.0429     CD =  0.04216   =>   CDf =  0.00365    CDp =  0.03851

 Side 1  free  transition at x/c =  0.1582   57
 Side 2 forced transition at x/c =  0.9996   56

 132   rms: 0.7663E-02   max: -.1663E+00   C at   57  1
       a = 18.250      CL =  2.1111
      Cm = -0.0429     CD =  0.04216   =>   CDf =  0.00365    CDp =  0.03851

 Side 1  free  transition at x/c =  0.1582   57
 Side 2 forced transition at x/c =  0.9996   56

 133   rms: 0.7663E-02   max: -.1663E+00   C at   57  1
       a = 18.250      CL =  2.1111
      Cm = -0.0429     CD =  0.04216   =>   CDf =  0.00365    CDp =  0.03851

 Side 1  free  transition at x/c =  0.1582   57
 Side 2 forced transition at x/c =  0.9996   56

 134   rms: 0.7663E-02   max: -.1663E+00   C at   57  1
       a = 18.250      CL =  2.1111
      Cm = -0.0429     CD =  0.04216   =>   CDf =  0.00365    CDp =  0.03851

 Side 1  free  transition at x/c =  0.1582   57
 Side 2 forced transition at x/c =  0.9996   56

 135   rms: 0.7663E-02   max: -.1663E+00   C at   57  1
       a = 18.250      CL =  2.1111
      Cm = -0.0429     CD =  0.04216   =>   CDf =  0.00365    CDp =  0.03851

 Side 1  free  transition at x/c =  0.1582   57
 Side 2 forced transition at x/c =  0.9996   56

 136   rms: 0.7663E-02   max: -.1663E+00   C at   57  1
       a = 18.250      CL =  2.1111
      Cm = -0.0429     CD =  0.04216   =>   CDf =  0.00365    CDp =  0.03851

 Side 1  free  transition at x/c =  0.1582   57
 Side 2 forced transition at x/c =  0.9996   56

 137   rms: 0.7663E-02   max: -.1663E+00   C at   57  1
       a = 18.250      CL =  2.1111
      Cm = -0.0429     CD =  0.04216   =>   CDf =  0.00365    CDp =  0.03851

 Side 1  free  transition at x/c =  0.1582   57
 Side 2 forced transition at x/c =  0.9996   56

 138   rms: 0.7663E-02   max: -.1663E+00   C at   57  1
       a = 18.250      CL =  2.1111
      Cm = -0.0429     CD =  0.04216   =>   CDf =  0.00365    CDp =  0.03851

 Side 1  free  transition at x/c =  0.1582   57
 Side 2 forced transition at x/c =  0.9996   56

 139   rms: 0.7663E-02   max: -.1663E+00   C at   57  1
       a = 18.250      CL =  2.1111
      Cm = -0.0429     CD =  0.04216   =>   CDf =  0.00365    CDp =  0.03851

 Side 1  free  transition at x/c =  0.1582   57
 Side 2 forced transition at x/c =  0.9996   56

 140   rms: 0.7663E-02   max: -.1663E+00   C at   57  1
       a = 18.250      CL =  2.1111
      Cm = -0.0429     CD =  0.04216   =>   CDf =  0.00365    CDp =  0.03851

 Side 1  free  transition at x/c =  0.1582   57
 Side 2 forced transition at x/c =  0.9996   56

 141   rms: 0.7664E-02   max: -.1663E+00   C at   57  1
       a = 18.250      CL =  2.1111
      Cm = -0.0429     CD =  0.04216   =>   CDf =  0.00365    CDp =  0.03851

 Side 1  free  transition at x/c =  0.1582   57
 Side 2 forced transition at x/c =  0.9996   56

 142   rms: 0.7663E-02   max: -.1663E+00   C at   57  1
       a = 18.250      CL =  2.1111
      Cm = -0.0429     CD =  0.04216   =>   CDf =  0.00365    CDp =  0.03851

 Side 1  free  transition at x/c =  0.1582   57
 Side 2 forced transition at x/c =  0.9996   56

 143   rms: 0.7663E-02   max: -.1663E+00   C at   57  1
       a = 18.250      CL =  2.1111
      Cm = -0.0429     CD =  0.04216   =>   CDf =  0.00365    CDp =  0.03851

 Side 1  free  transition at x/c =  0.1582   57
 Side 2 forced transition at x/c =  0.9996   56

 144   rms: 0.7663E-02   max: -.1663E+00   C at   57  1
       a = 18.250      CL =  2.1111
      Cm = -0.0429     CD =  0.04216   =>   CDf =  0.00365    CDp =  0.03851

 Side 1  free  transition at x/c =  0.1582   57
 Side 2 forced transition at x/c =  0.9996   56

 145   rms: 0.7663E-02   max: -.1663E+00   C at   57  1
       a = 18.250      CL =  2.1111
      Cm = -0.0429     CD =  0.04216   =>   CDf =  0.00365    CDp =  0.03851

 Side 1  free  transition at x/c =  0.1582   57
 Side 2 forced transition at x/c =  0.9996   56

 146   rms: 0.7663E-02   max: -.1663E+00   C at   57  1
       a = 18.250      CL =  2.1111
      Cm = -0.0429     CD =  0.04216   =>   CDf =  0.00365    CDp =  0.03851

 Side 1  free  transition at x/c =  0.1582   57
 Side 2 forced transition at x/c =  0.9996   56

 147   rms: 0.7663E-02   max: -.1663E+00   C at   57  1
       a = 18.250      CL =  2.1111
      Cm = -0.0429     CD =  0.04216   =>   CDf =  0.00365    CDp =  0.03851

 Side 1  free  transition at x/c =  0.1582   57
 Side 2 forced transition at x/c =  0.9996   56

 148   rms: 0.7663E-02   max: -.1663E+00   C at   57  1
       a = 18.250      CL =  2.1111
      Cm = -0.0429     CD =  0.04216   =>   CDf =  0.00365    CDp =  0.03851

 Side 1  free  transition at x/c =  0.1582   57
 Side 2 forced transition at x/c =  0.9996   56

 149   rms: 0.7663E-02   max: -.1663E+00   C at   57  1
       a = 18.250      CL =  2.1111
      Cm = -0.0429     CD =  0.04216   =>   CDf =  0.00365    CDp =  0.03851

 Side 1  free  transition at x/c =  0.1582   57
 Side 2 forced transition at x/c =  0.9996   56

 150   rms: 0.7663E-02   max: -.1663E+00   C at   57  1
       a = 18.250      CL =  2.1111
      Cm = -0.0429     CD =  0.04216   =>   CDf =  0.00365    CDp =  0.03851

 Side 1  free  transition at x/c =  0.1582   57
 Side 2 forced transition at x/c =  0.9996   56

 151   rms: 0.7663E-02   max: -.1663E+00   C at   57  1
       a = 18.250      CL =  2.1111
      Cm = -0.0429     CD =  0.04216   =>   CDf =  0.00365    CDp =  0.03851

 Side 1  free  transition at x/c =  0.1582   57
 Side 2 forced transition at x/c =  0.9996   56

 152   rms: 0.7663E-02   max: -.1663E+00   C at   57  1
       a = 18.250      CL =  2.1110
      Cm = -0.0429     CD =  0.04216   =>   CDf =  0.00365    CDp =  0.03851

 Side 1  free  transition at x/c =  0.1582   57
 Side 2 forced transition at x/c =  0.9996   56

 153   rms: 0.7663E-02   max: -.1663E+00   C at   57  1
       a = 18.250      CL =  2.1111
      Cm = -0.0429     CD =  0.04216   =>   CDf =  0.00365    CDp =  0.03851

 Side 1  free  transition at x/c =  0.1582   57
 Side 2 forced transition at x/c =  0.9996   56

 154   rms: 0.7663E-02   max: -.1663E+00   C at   57  1
       a = 18.250      CL =  2.1111
      Cm = -0.0429     CD =  0.04216   =>   CDf =  0.00365    CDp =  0.03851

 Side 1  free  transition at x/c =  0.1582   57
 Side 2 forced transition at x/c =  0.9996   56

 155   rms: 0.7663E-02   max: -.1663E+00   C at   57  1
       a = 18.250      CL =  2.1111
      Cm = -0.0429     CD =  0.04216   =>   CDf =  0.00365    CDp =  0.03851
 VISCAL:  Convergence failed
 Calculating wake trajectory ...
 Calculating source influence matrix ...

 Solving BL system ...

 Side 1  free  transition at x/c =  0.1582   57
 Side 2 forced transition at x/c =  0.9996   56

   1   rms: 0.1679E+00   max: 0.7461E+00   D at   84  1   RLX: 0.658
       a = 18.750      CL =  2.0734
      Cm = -0.0485     CD =  0.05300   =>   CDf =  0.00366    CDp =  0.04934

 Side 1  free  transition at x/c =  0.1500   57
 Side 2 forced transition at x/c =  0.9996   56
 idif Ue xi dudx           1  5.80307692E-02  6.31427765E-03   9.1904049    
 Uenew xinew           2  2.58557266E-04  2.81333923E-05

   2   rms: 0.1408E+00   max: 0.8201E+00   D at   81  1
       a = 18.750      CL =  2.0054
      Cm = -0.0546     CD =  0.06642   =>   CDf =  0.00390    CDp =  0.06253

 Side 1  free  transition at x/c =  0.1547   56
 Side 2 forced transition at x/c =  0.9996   57

   3   rms: 0.2590E+00   max: -.4320E+01   D at    2  2   RLX: 0.116
       a = 18.750      CL =  2.0039
      Cm = -0.0549     CD =  0.06286   =>   CDf =  0.00321    CDp =  0.05965

 Side 1  free  transition at x/c =  0.1554   56
 Side 2 forced transition at x/c =  0.9996   57

   4   rms: 0.8382E-01   max: 0.5079E+00   D at   74  1
       a = 18.750      CL =  1.9565
      Cm = -0.0561     CD =  0.07231   =>   CDf =  0.00318    CDp =  0.06913

 Side 1  free  transition at x/c =  0.1592   57
 Side 2 forced transition at x/c =  0.9996   57

   5   rms: 0.1746E-01   max: -.1859E+00   C at   57  1
       a = 18.750      CL =  1.9500
      Cm = -0.0548     CD =  0.07082   =>   CDf =  0.00306    CDp =  0.06776

 Side 1  free  transition at x/c =  0.1634   57
 Side 2 forced transition at x/c =  0.9996   57

   6   rms: 0.5343E-02   max: 0.4507E-01   C at   57  1
       a = 18.750      CL =  1.9523
      Cm = -0.0544     CD =  0.07010   =>   CDf =  0.00290    CDp =  0.06721

 Side 1  free  transition at x/c =  0.1627   57
 Side 2 forced transition at x/c =  0.9996   57

   7   rms: 0.6151E-03   max: 0.5303E-02   D at   70  1
       a = 18.750      CL =  1.9523
      Cm = -0.0545     CD =  0.07026   =>   CDf =  0.00292    CDp =  0.06734

 Side 1  free  transition at x/c =  0.1626   57
 Side 2 forced transition at x/c =  0.9996   57

   8   rms: 0.1415E-03   max: -.9796E-03   C at   57  1
       a = 18.750      CL =  1.9522
      Cm = -0.0545     CD =  0.07026   =>   CDf =  0.00292    CDp =  0.06734

 Side 1  free  transition at x/c =  0.1627   57
 Side 2 forced transition at x/c =  0.9996   57

   9   rms: 0.8713E-05   max: -.8393E-04   C at   57  1
       a = 18.750      CL =  1.9522
      Cm = -0.0545     CD =  0.07026   =>   CDf =  0.00292    CDp =  0.06734
 plradd ia,ip,cpol            9           0  3.20819614E-04

 Point added to stored polar  1
 Point written to save file  ui1720_Re600k.ext.pol                           
 Dump file unspecified or not available
 Calculating wake trajectory ...
 Calculating source influence matrix ...

 Solving BL system ...

 Side 1  free  transition at x/c =  0.1627   57
 Side 2 forced transition at x/c =  0.9996   57
 idif Ue xi dudx           1  7.22617209E-02  6.88099861E-03   10.501633    
 Uenew xinew           2  1.24062514E-02  1.18136406E-03

   1   rms: 0.6175E+00   max: 0.2768E+01   D at   70  1   RLX: 0.385
       a = 19.250      CL =  1.7983
      Cm = -0.0671     CD =  0.10155   =>   CDf =  0.00327    CDp =  0.09828

 Side 1  free  transition at x/c =  0.1656   56
 Side 2 forced transition at x/c =  0.9996   58

   2   rms: 0.3706E+01   max: -.1900E+02   D at   67  1   RLX: 0.026
       a = 19.250      CL =  1.8694
      Cm = -0.0576     CD =  0.07684   =>   CDf =  0.00238    CDp =  0.07446

 Side 1  free  transition at x/c =  0.1645   57
 Side 2 forced transition at x/c =  0.9996   57
 idif Ue xi dudx           1  7.84347579E-02  7.41994381E-03   10.570802    
 Uenew xinew           2  1.81850474E-02  1.72030926E-03

   3   rms: 0.1855E+00   max: 0.1290E+01   D at   68  1
       a = 19.250      CL =  1.7501
      Cm = -0.0674     CD =  0.10969   =>   CDf =  0.00317    CDp =  0.10652

 Side 1  free  transition at x/c =  0.1598   56
 Side 2 forced transition at x/c =  0.9996   58

   4   rms: 0.2442E+01   max: -.1386E+02   D at   67  1   RLX: 0.036
       a = 19.250      CL =  1.8157
      Cm = -0.0586     CD =  0.08697   =>   CDf =  0.00244    CDp =  0.08454

 Side 1  free  transition at x/c =  0.1599   57
 Side 2 forced transition at x/c =  0.9996   57
 idif Ue xi dudx           1  0.10620084      9.87255573E-03   10.757178    
 Uenew xinew           2  4.48888578E-02  4.17292118E-03

   5   rms: 0.3680E+00   max: 0.2690E+01   D at   68  1   RLX: 0.558
       a = 19.250      CL =  1.6912
      Cm = -0.0742     CD =  0.12032   =>   CDf =  0.00320    CDp =  0.11712

 Side 1  free  transition at x/c =  0.1624   56
 Side 2 forced transition at x/c =  0.9996   58

   6   rms: 0.4574E+00   max: -.1948E+01   D at   65  1   RLX: 0.257
       a = 19.250      CL =  1.7689
      Cm = -0.0569     CD =  0.09168   =>   CDf =  0.00266    CDp =  0.08903

 Side 1  free  transition at x/c =  0.1648   56
 Side 2 forced transition at x/c =  0.9996   58

   7   rms: 0.6721E-01   max: 0.7720E+00   D at   67  1
       a = 19.250      CL =  1.8202
      Cm = -0.0621     CD =  0.09200   =>   CDf =  0.00241    CDp =  0.08958

 Side 1  free  transition at x/c =  0.1547   56
 Side 2 forced transition at x/c =  0.9996   57
 idif Ue xi dudx           1  9.79917571E-02  9.04858112E-03   10.829516    
 Uenew xinew           2  3.62674706E-02  3.34894657E-03

   8   rms: 0.1281E+02   max: 0.6699E+02   D at   67  1   RLX: 0.014
       a = 19.250      CL =  1.7257
      Cm = -0.0798     CD =  0.11725   =>   CDf =  0.00317    CDp =  0.11408

 Side 1  free  transition at x/c =  0.1569   55
 Side 2 forced transition at x/c =  0.9996   58
 idif Ue xi dudx           2  0.12414972      1.04712248E-02   11.856276    
 Uenew xinew           3  6.25207871E-02  5.27322292E-03

   9   rms: 0.5314E+00   max: 0.2828E+01   D at   64  1   RLX: 0.530
       a = 19.250      CL =  1.5194
      Cm = -0.0890     CD =  0.15473   =>   CDf =  0.00328    CDp =  0.15145

 MRCHDU: Convergence failed at  58  side 1    Res =  0.3203E+01
 MRCHDU: Convergence failed at  59  side 1    Res =  0.1440E+01
 MRCHDU: Convergence failed at  60  side 1    Res =  0.1656E+01
 Side 1  free  transition at x/c =  0.1562   53
 Side 2 forced transition at x/c =  0.9996   60

  10   rms: 0.2151E+00   max: 0.1807E+01   T at    2  2   RLX: 0.463
       a = 19.250      CL =  1.6498
      Cm = -0.0964     CD =  0.12213   =>   CDf =  0.00236    CDp =  0.11977

 Side 1  free  transition at x/c =  0.1574   54
 Side 2 forced transition at x/c =  0.9996   59

  11   rms: 0.1580E+00   max: -.4666E+00   D at   63  1   RLX: 0.955
       a = 19.250      CL =  1.7171
      Cm = -0.0684     CD =  0.10444   =>   CDf =  0.00245    CDp =  0.10199

 Side 1  free  transition at x/c =  0.1609   56
 Side 2 forced transition at x/c =  0.9996   58
 idif Ue xi dudx           2  0.12423003      1.01997852E-02   12.179671    
 Uenew xinew           3  6.09200783E-02  5.00178337E-03

  12   rms: 0.3965E+00   max: 0.2092E+01   D at   63  1   RLX: 0.717
       a = 19.250      CL =  1.5298
      Cm = -0.0902     CD =  0.15444   =>   CDf =  0.00324    CDp =  0.15121

 MRCHDU: Convergence failed at  59  side 1    Res =  0.1710E+02
 MRCHDU: Convergence failed at  60  side 1    Res =  0.2700E+01
 Side 1  free  transition at x/c =  0.1589   54
 Side 2 forced transition at x/c =  0.9996   60

  13   rms: 0.1850E+00   max: 0.2249E+01   T at    2  2   RLX: 0.406
       a = 19.250      CL =  1.6050
      Cm = -0.0906     CD =  0.12767   =>   CDf =  0.00231    CDp =  0.12536

 Side 1  free  transition at x/c =  0.1583   55
 Side 2 forced transition at x/c =  0.9996   59

  14   rms: 0.1279E+00   max: -.4629E+00   D at   59  1
       a = 19.250      CL =  1.6727
      Cm = -0.0715     CD =  0.11196   =>   CDf =  0.00237    CDp =  0.10958

 Side 1  free  transition at x/c =  0.1589   56
 Side 2 forced transition at x/c =  0.9996   58
 idif Ue xi dudx           1  9.95352119E-02  8.14020634E-03   12.227603    
 Uenew xinew           2  3.59761082E-02  2.94220448E-03

  15   rms: 0.1622E+00   max: 0.9862E+00   D at   63  1   RLX: 0.936
       a = 19.250      CL =  1.5758
      Cm = -0.0830     CD =  0.13837   =>   CDf =  0.00295    CDp =  0.13542

 Side 1  free  transition at x/c =  0.1559   54
 Side 2 forced transition at x/c =  0.9996   59
 idif Ue xi dudx           1  0.11579475      8.68690014E-03   13.329812    
 Uenew xinew           2  5.22125922E-02  3.91697884E-03

  16   rms: 0.7641E+00   max: 0.4791E+01   D at   61  1   RLX: 0.313
       a = 19.250      CL =  1.4206
      Cm = -0.0950     CD =  0.16907   =>   CDf =  0.00287    CDp =  0.16620

 Side 1  free  transition at x/c =  0.1486   53
 Side 2 forced transition at x/c =  0.9996   60

  17   rms: 0.1472E+00   max: -.6518E+00   D at   56  1   RLX: 0.767
       a = 19.250      CL =  1.4805
      Cm = -0.0789     CD =  0.13930   =>   CDf =  0.00256    CDp =  0.13673

 Side 1  free  transition at x/c =  0.1539   53
 Side 2 forced transition at x/c =  0.9996   60

  18   rms: 0.5532E-01   max: -.3436E+00   D at   56  1
       a = 19.250      CL =  1.5426
      Cm = -0.0828     CD =  0.13390   =>   CDf =  0.00227    CDp =  0.13163

 Side 1  free  transition at x/c =  0.1525   54
 Side 2 forced transition at x/c =  0.9996   59

  19   rms: 0.6727E-02   max: -.4726E-01   D at   58  1
       a = 19.250      CL =  1.5454
      Cm = -0.0831     CD =  0.13554   =>   CDf =  0.00259    CDp =  0.13295

 Side 1  free  transition at x/c =  0.1518   54
 Side 2 forced transition at x/c =  0.9996   59

  20   rms: 0.9748E-03   max: -.6326E-02   D at    4  1
       a = 19.250      CL =  1.5460
      Cm = -0.0832     CD =  0.13588   =>   CDf =  0.00260    CDp =  0.13328

 Side 1  free  transition at x/c =  0.1518   54
 Side 2 forced transition at x/c =  0.9996   59

  21   rms: 0.7276E-04   max: -.3746E-03   D at   76  2
       a = 19.250      CL =  1.5461
      Cm = -0.0832     CD =  0.13590   =>   CDf =  0.00260    CDp =  0.13329
 plradd ia,ip,cpol           10           0  9.81377787E-04

 Point added to stored polar  1
 Point written to save file  ui1720_Re600k.ext.pol                           
 Dump file unspecified or not available
 Calculating wake trajectory ...
 Calculating source influence matrix ...

 Solving BL system ...

 Side 1  free  transition at x/c =  0.1518   54
 Side 2 forced transition at x/c =  0.9996   59

   1   rms: 0.6821E-01   max: -.2888E+00   D at   54  1   RLX: 0.372
       a = 19.750      CL =  1.5588
      Cm = -0.0831     CD =  0.13608   =>   CDf =  0.00261    CDp =  0.13347

 Side 1  free  transition at x/c =  0.1485   54
 Side 2 forced transition at x/c =  0.9996   59

   2   rms: 0.6519E-01   max: -.2560E+00   D at   59  1
       a = 19.750      CL =  1.5990
      Cm = -0.0809     CD =  0.13216   =>   CDf =  0.00267    CDp =  0.12950

 Side 1  free  transition at x/c =  0.1449   53
 Side 2 forced transition at x/c =  0.9996   59

   3   rms: 0.7192E-01   max: 0.4981E+00   D at   60  1
       a = 19.750      CL =  1.5530
      Cm = -0.0862     CD =  0.14426   =>   CDf =  0.00268    CDp =  0.14157

 Side 1  free  transition at x/c =  0.1422   53
 Side 2 forced transition at x/c =  0.9996   59

   4   rms: 0.1089E-01   max: 0.1208E+00   D at   60  1
       a = 19.750      CL =  1.5477
      Cm = -0.0861     CD =  0.14293   =>   CDf =  0.00263    CDp =  0.14030

 Side 1  free  transition at x/c =  0.1418   53
 Side 2 forced transition at x/c =  0.9996   59

   5   rms: 0.1185E-02   max: 0.6847E-02   D at   77  2
       a = 19.750      CL =  1.5470
      Cm = -0.0860     CD =  0.14223   =>   CDf =  0.00262    CDp =  0.13961

 Side 1  free  transition at x/c =  0.1419   53
 Side 2 forced transition at x/c =  0.9996   59

   6   rms: 0.8505E-04   max: 0.5994E-03   D at   76  2
       a = 19.750      CL =  1.5470
      Cm = -0.0859     CD =  0.14217   =>   CDf =  0.00262    CDp =  0.13954
 plradd ia,ip,cpol           11           0  4.78683622E-04

 Point added to stored polar  1
 Point written to save file  ui1720_Re600k.ext.pol                           
 Dump file unspecified or not available
 Calculating wake trajectory ...
 Calculating source influence matrix ...

 Solving BL system ...

 Side 1  free  transition at x/c =  0.1419   53
 Side 2 forced transition at x/c =  0.9996   59

   1   rms: 0.4753E-01   max: -.2219E+00   D at   54  1   RLX: 0.350
       a = 20.250      CL =  1.5471
      Cm = -0.0872     CD =  0.14528   =>   CDf =  0.00263    CDp =  0.14264

 Side 1  free  transition at x/c =  0.1378   53
 Side 2 forced transition at x/c =  0.9996   59

   2   rms: 0.5508E-01   max: -.2416E+00   D at   53  1
       a = 20.250      CL =  1.5783
      Cm = -0.0858     CD =  0.14264   =>   CDf =  0.00241    CDp =  0.14023

 Side 1  free  transition at x/c =  0.1328   53
 Side 2 forced transition at x/c =  0.9996   58
 idif Ue xi dudx           1  7.62996450E-02  6.36994839E-03   11.978064    
 Uenew xinew           2  1.40376501E-02  1.17194653E-03

   3   rms: 0.6897E-01   max: -.4586E+00   D at    2  1
       a = 20.250      CL =  1.5395
      Cm = -0.0904     CD =  0.15284   =>   CDf =  0.00297    CDp =  0.14987

 Side 1  free  transition at x/c =  0.1309   52
 Side 2 forced transition at x/c =  0.9996   59

   4   rms: 0.8128E-02   max: 0.5929E-01   D at   59  1
       a = 20.250      CL =  1.5421
      Cm = -0.0895     CD =  0.14979   =>   CDf =  0.00264    CDp =  0.14715

 Side 1  free  transition at x/c =  0.1310   52
 Side 2 forced transition at x/c =  0.9996   59

   5   rms: 0.6950E-02   max: 0.5263E-01   D at   59  1
       a = 20.250      CL =  1.5380
      Cm = -0.0900     CD =  0.15058   =>   CDf =  0.00265    CDp =  0.14793

 Side 1  free  transition at x/c =  0.1308   52
 Side 2 forced transition at x/c =  0.9996   59

   6   rms: 0.5474E-03   max: 0.2893E-02   D at   79  2
       a = 20.250      CL =  1.5377
      Cm = -0.0899     CD =  0.15031   =>   CDf =  0.00264    CDp =  0.14767

 Side 1  free  transition at x/c =  0.1309   52
 Side 2 forced transition at x/c =  0.9996   59

   7   rms: 0.2412E-04   max: 0.2199E-03   D at   76  2
       a = 20.250      CL =  1.5377
      Cm = -0.0899     CD =  0.15028   =>   CDf =  0.00264    CDp =  0.14763
 plradd ia,ip,cpol           12           0  4.27254017E-05

 Point added to stored polar  1
 Point written to save file  ui1720_Re600k.ext.pol                           
 Dump file unspecified or not available
 Calculating wake trajectory ...
 Calculating source influence matrix ...

 Solving BL system ...

 Side 1  free  transition at x/c =  0.1309   52
 Side 2 forced transition at x/c =  0.9996   59

   1   rms: 0.5005E-01   max: -.2643E+00   D at   53  1   RLX: 0.334
       a = 20.750      CL =  1.5362
      Cm = -0.0914     CD =  0.15371   =>   CDf =  0.00265    CDp =  0.15106

 Side 1  free  transition at x/c =  0.1265   52
 Side 2 forced transition at x/c =  0.9996   59

   2   rms: 0.4593E-01   max: -.2630E+00   D at   52  1
       a = 20.750      CL =  1.5585
      Cm = -0.0911     CD =  0.15328   =>   CDf =  0.00244    CDp =  0.15084

 Side 1  free  transition at x/c =  0.1192   52
 Side 2 forced transition at x/c =  0.9996   58

   3   rms: 0.3524E-01   max: 0.2777E+00   D at   60  1
       a = 20.750      CL =  1.5378
      Cm = -0.0936     CD =  0.15825   =>   CDf =  0.00274    CDp =  0.15552

 Side 1  free  transition at x/c =  0.1188   52
 Side 2 forced transition at x/c =  0.9996   58

   4   rms: 0.9516E-02   max: 0.8494E-01   D at   60  1
       a = 20.750      CL =  1.5322
      Cm = -0.0940     CD =  0.15849   =>   CDf =  0.00270    CDp =  0.15578

 Side 1  free  transition at x/c =  0.1187   52
 Side 2 forced transition at x/c =  0.9996   58

   5   rms: 0.8918E-03   max: 0.5014E-02   D at   76  2
       a = 20.750      CL =  1.5318
      Cm = -0.0939     CD =  0.15788   =>   CDf =  0.00270    CDp =  0.15518

 Side 1  free  transition at x/c =  0.1188   52
 Side 2 forced transition at x/c =  0.9996   58

   6   rms: 0.3442E-04   max: 0.2874E-03   D at   75  2
       a = 20.750      CL =  1.5318
      Cm = -0.0939     CD =  0.15783   =>   CDf =  0.00270    CDp =  0.15513
 plradd ia,ip,cpol           13           0  3.20819614E-04

 Point added to stored polar  1
 Point written to save file  ui1720_Re600k.ext.pol                           
 Dump file unspecified or not available
 Calculating wake trajectory ...
 Calculating source influence matrix ...

 Solving BL system ...

 Side 1  free  transition at x/c =  0.1188   52
 Side 2 forced transition at x/c =  0.9996   58

   1   rms: 0.5404E-01   max: -.4008E+00   D at   52  1   RLX: 0.323
       a = 21.250      CL =  1.5337
      Cm = -0.0949     CD =  0.16032   =>   CDf =  0.00270    CDp =  0.15762

 Side 1  free  transition at x/c =  0.1150   51
 Side 2 forced transition at x/c =  0.9996   58

   2   rms: 0.4044E-01   max: 0.2930E+00   D at   59  1
       a = 21.250      CL =  1.5240
      Cm = -0.0990     CD =  0.16939   =>   CDf =  0.00274    CDp =  0.16665

 Side 1  free  transition at x/c =  0.1045   50
 Side 2 forced transition at x/c =  0.9996   58

   3   rms: 0.1016E-01   max: -.1141E+00   C at   50  1
       a = 21.250      CL =  1.5255
      Cm = -0.0983     CD =  0.16589   =>   CDf =  0.00280    CDp =  0.16310

 Side 1  free  transition at x/c =  0.1061   50
 Side 2 forced transition at x/c =  0.9996   58

   4   rms: 0.4023E-03   max: -.3672E-02   D at   58  1
       a = 21.250      CL =  1.5256
      Cm = -0.0982     CD =  0.16551   =>   CDf =  0.00278    CDp =  0.16272

 Side 1  free  transition at x/c =  0.1060   50
 Side 2 forced transition at x/c =  0.9996   58

   5   rms: 0.5522E-04   max: -.3254E-03   D at   78  2
       a = 21.250      CL =  1.5256
      Cm = -0.0982     CD =  0.16554   =>   CDf =  0.00278    CDp =  0.16276
 plradd ia,ip,cpol           14           0  3.20819614E-04

 Point added to stored polar  1
 Point written to save file  ui1720_Re600k.ext.pol                           
 Dump file unspecified or not available
 Calculating wake trajectory ...
 Calculating source influence matrix ...

 Solving BL system ...

 Side 1  free  transition at x/c =  0.1060   50
 Side 2 forced transition at x/c =  0.9996   58

   1   rms: 0.5377E-01   max: 0.3751E+00   D at   58  1   RLX: 0.308
       a = 21.750      CL =  1.5223
      Cm = -0.0999     CD =  0.16947   =>   CDf =  0.00279    CDp =  0.16668

 Side 1  free  transition at x/c =  0.1013   50
 Side 2 forced transition at x/c =  0.9996   58

   2   rms: 0.4571E-01   max: 0.3553E+00   C at   50  1
       a = 21.750      CL =  1.5104
      Cm = -0.1047     CD =  0.17930   =>   CDf =  0.00279    CDp =  0.17651

 Side 1  free  transition at x/c =  0.0931   49
 Side 2 forced transition at x/c =  0.9996   58

   3   rms: 0.1038E-01   max: -.6909E-01   D at   59  1
       a = 21.750      CL =  1.5133
      Cm = -0.1036     CD =  0.17456   =>   CDf =  0.00282    CDp =  0.17174

 Side 1  free  transition at x/c =  0.0936   49
 Side 2 forced transition at x/c =  0.9996   58

   4   rms: 0.1185E-02   max: -.4923E-02   D at   59  1
       a = 21.750      CL =  1.5141
      Cm = -0.1035     CD =  0.17430   =>   CDf =  0.00282    CDp =  0.17148

 Side 1  free  transition at x/c =  0.0936   49
 Side 2 forced transition at x/c =  0.9996   58

   5   rms: 0.1192E-03   max: -.7491E-03   D at   78  2
       a = 21.750      CL =  1.5142
      Cm = -0.1035     CD =  0.17439   =>   CDf =  0.00283    CDp =  0.17157

 Side 1  free  transition at x/c =  0.0936   49
 Side 2 forced transition at x/c =  0.9996   58

   6   rms: 0.6392E-05   max: 0.1018E-03   C at   58  2
       a = 21.750      CL =  1.5142
      Cm = -0.1035     CD =  0.17440   =>   CDf =  0.00283    CDp =  0.17157
 plradd ia,ip,cpol           15           0  3.20819614E-04

 Point added to stored polar  1
 Point written to save file  ui1720_Re600k.ext.pol                           
 Dump file unspecified or not available
 Calculating wake trajectory ...
 Calculating source influence matrix ...

 Solving BL system ...

 Side 1  free  transition at x/c =  0.0936   49
 Side 2 forced transition at x/c =  0.9996   58

   1   rms: 0.5451E-01   max: 0.5693E+00   C at   49  1   RLX: 0.297
       a = 22.250      CL =  1.5128
      Cm = -0.1050     CD =  0.17765   =>   CDf =  0.00283    CDp =  0.17482

 Side 1  free  transition at x/c =  0.0896   49
 Side 2 forced transition at x/c =  0.9996   58

   2   rms: 0.3838E-01   max: 0.2909E+00   C at   49  1
       a = 22.250      CL =  1.5111
      Cm = -0.1087     CD =  0.18483   =>   CDf =  0.00289    CDp =  0.18194

 Side 1  free  transition at x/c =  0.0828   48
 Side 2 forced transition at x/c =  0.9996   58

   3   rms: 0.6572E-02   max: 0.3518E-01   D at   58  1
       a = 22.250      CL =  1.5100
      Cm = -0.1083     CD =  0.18224   =>   CDf =  0.00290    CDp =  0.17934

 Side 1  free  transition at x/c =  0.0830   48
 Side 2 forced transition at x/c =  0.9996   58

   4   rms: 0.2609E-03   max: 0.1907E-02   D at   77  2
       a = 22.250      CL =  1.5099
      Cm = -0.1083     CD =  0.18200   =>   CDf =  0.00289    CDp =  0.17910

 Side 1  free  transition at x/c =  0.0830   48
 Side 2 forced transition at x/c =  0.9996   58

   5   rms: 0.9389E-05   max: 0.9932E-04   D at   77  2
       a = 22.250      CL =  1.5099
      Cm = -0.1083     CD =  0.18199   =>   CDf =  0.00289    CDp =  0.17909
 plradd ia,ip,cpol           16           0  3.20819614E-04

 Point added to stored polar  1
 Point written to save file  ui1720_Re600k.ext.pol                           
 Dump file unspecified or not available

.OPERva   c>  
 Polar accumulation disabled

.OPERv   c>  
 XFOIL   c>  
 XFOIL   c>  