
 ===================================================
  XFOIL Version 6.99
  Copyright (C) 2000   Mark Drela, Harold Youngren

  This software comes with ABSOLUTELY NO WARRANTY,
    subject to the GNU General Public License.

  Caveat computor
 ===================================================

 File  xfoil.def  not found

   QUIT    Exit program

  .OPER    Direct operating point(s)
  .MDES    Complex mapping design routine
  .QDES    Surface speed design routine
  .GDES    Geometry design routine

   SAVE f  Write airfoil to labeled coordinate file
   PSAV f  Write airfoil to plain coordinate file
   ISAV f  Write airfoil to ISES coordinate file
   MSAV f  Write airfoil to MSES coordinate file
   REVE    Reverse written-airfoil node ordering

   LOAD f  Read buffer airfoil from coordinate file
   NACA i  Set NACA 4,5-digit airfoil and buffer airfoil
   INTE    Set buffer airfoil by interpolating two airfoils
   NORM    Buffer airfoil normalization toggle
   XYCM rr Change CM reference location, currently  0.25000 0.00000

   BEND    Display structural properties of current airfoil

   PCOP    Set current-airfoil panel nodes directly from buffer airfoil points
   PANE    Set current-airfoil panel nodes ( 160 ) based on curvature
  .PPAR    Show/change paneling

  .PLOP    Plotting options

   WDEF f  Write  current-settings file
   RDEF f  Reread current-settings file
   NAME s  Specify new airfoil name
   NINC    Increment name version number

   Z       Zoom    | (available in all menus)
   U       Unzoom  | 

 XFOIL   c>  
 Labeled airfoil file.  Name:  USA 40 B AIRFOIL                                

 Number of input coordinate points:  33
 Counterclockwise ordering
 Max thickness =     0.136322  at x =   0.200
 Max camber    =     0.038081  at x =   0.400

  LE  x,y  =  -0.00022   0.00321  |   Chord =   1.00022
  TE  x,y  =   1.00000   0.00000  |

 Current airfoil nodes set from buffer airfoil nodes (  33 )

 WARNING: Poor input coordinate distribution
          Excessive panel angle   55.5  at i =  17
          Repaneling with PANE and/or PPAR suggested
           (doing GDES,CADD before repaneling _may_
            improve excessively coarse LE spacing

 XFOIL   c>  
 XFOIL   c>  
 Sharp trailing edge

 Paneling parameters used...
   Number of panel nodes       160
   Panel bunching parameter    1.000
   TE/LE panel density ratio   0.150
   Refined-area/LE panel density ratio    0.200
   Top    side refined area x/c limits  1.000 1.000
   Bottom side refined area x/c limits  1.000 1.000

 XFOIL   c>  
.OPERi   c>  
 Xtr/c     =  1.0000    top    side
 Xtr/c     =  1.0000    bottom side
 Ncrit     =    9.00   ( 0.070 % turb. level )
 Vacc      =  0.0100

 Klag  =  5.6000     Uxwt  =    1.00
 A     =  6.7000     B     =  0.7500       KCt = 0.01485
 CtiniK=  1.8000     CtiniX=  3.3000

..VPAR   c>  
..VPAR   c>  
.OPERi   c>  
 M  =    0.0000
 Re =    400000

.OPERv   c>  
.OPERv   c>  
.OPERv   c>  
 Polar  1 newly created for accumulation
 Airfoil archived with polar: USA 40 B AIRFOIL                                

Enter  polar save filename  OR  <return> for no file   s>  
 New polar save file available

Enter  polar dump filename  OR  <return> for no file   s>  
 Polar dump file will NOT be written

 Polar accumulation enabled

.OPERva   c>   Calculating unit vorticity distributions ...
 Calculating wake trajectory ...
 Calculating source influence matrix ...

 Solving BL system ...

 Initializing BL ...
    side            1  ...
 MRCHUE: Inverse mode at  33     Hk =   4.125
 MRCHUE: Inverse mode at  34     Hk =   4.900
 MRCHUE: Inverse mode at  35     Hk =   5.679
 MRCHUE: Inverse mode at  36     Hk =   6.469
 MRCHUE: Inverse mode at  37     Hk =   7.270
 MRCHUE: Inverse mode at  38     Hk =   8.085
 MRCHUE: Inverse mode at  39     Hk =   8.920
 MRCHUE: Inverse mode at  40     Hk =   9.780
 MRCHUE: Inverse mode at  41     Hk =   5.680
 MRCHUE: Inverse mode at  42     Hk =   3.550
 MRCHUE: Inverse mode at  43     Hk =   2.500
 MRCHUE: Inverse mode at  74     Hk =   2.500
 MRCHUE: Inverse mode at  75     Hk =   2.500
 MRCHUE: Inverse mode at  76     Hk =   2.500
 MRCHUE: Inverse mode at  77     Hk =   2.500
 MRCHUE: Inverse mode at  78     Hk =   2.500
 MRCHUE: Inverse mode at  79     Hk =   2.500
 MRCHUE: Inverse mode at  80     Hk =   2.500
 MRCHUE: Inverse mode at  81     Hk =   2.500
 MRCHUE: Inverse mode at  82     Hk =   2.500
 MRCHUE: Inverse mode at  83     Hk =   2.500
 MRCHUE: Inverse mode at  84     Hk =   2.500
 MRCHUE: Inverse mode at  85     Hk =   2.500
 MRCHUE: Inverse mode at  86     Hk =   2.500
 MRCHUE: Inverse mode at  87     Hk =   2.500
 MRCHUE: Inverse mode at  88     Hk =   2.500
 MRCHUE: Inverse mode at  89     Hk =   2.500
 MRCHUE: Inverse mode at  90     Hk =   2.500
 MRCHUE: Inverse mode at  91     Hk =   2.500
 MRCHUE: Inverse mode at  92     Hk =   2.500
 MRCHUE: Inverse mode at  93     Hk =   2.500
 MRCHUE: Inverse mode at  94     Hk =   2.500
 MRCHUE: Inverse mode at  95     Hk =   2.500
 MRCHUE: Inverse mode at  96     Hk =   2.500
 MRCHUE: Inverse mode at  97     Hk =   2.500
 MRCHUE: Inverse mode at  98     Hk =   2.500
 MRCHUE: Inverse mode at  99     Hk =   2.500
 MRCHUE: Inverse mode at 100     Hk =   2.500
 MRCHUE: Convergence failed at 101  side 1    Res =  0.4719E+01
 MRCHUE: Inverse mode at 102     Hk =   2.500
 MRCHUE: Inverse mode at 103     Hk =   2.500
 MRCHUE: Inverse mode at 104     Hk =   2.500
 MRCHUE: Convergence failed at 105  side 1    Res =  0.5786E+01
 MRCHUE: Convergence failed at 106  side 1    Res =  0.4298E+01
    side            2  ...
 MRCHUE: Inverse mode at  56     Hk =   2.573

 MRCHDU: Convergence failed at 101  side 1    Res =  0.1358E+01
 MRCHDU: Convergence failed at 102  side 1    Res =  0.1420E+01
 MRCHDU: Convergence failed at 103  side 1    Res =  0.1478E+01
 MRCHDU: Convergence failed at 104  side 1    Res =  0.1602E+01
 MRCHDU: Convergence failed at 105  side 1    Res =  0.6288E+01
 MRCHDU: Convergence failed at 106  side 1    Res =  0.1145E+03
 Side 1  free  transition at x/c =  0.0237   41
 Side 2 forced transition at x/c =  1.0000   56

   1   rms: 0.7177E+00   max: 0.2902E+01   D at   59  2   RLX: 0.173
       a = 16.250      CL =  2.5536
      Cm = -0.2088     CD =  0.01354   =>   CDf =  0.00723    CDp =  0.00632

 Side 1  free  transition at x/c =  0.0251   41
 Side 2 forced transition at x/c =  1.0000   56
 idif Ue xi dudx           1  7.50261322E-02  9.87756252E-03   7.5956120    
 Uenew xinew           2  1.35521321E-02  1.78420544E-03

   2   rms: 0.7871E+00   max: -.3117E+01   T at   41  1   RLX: 0.160
       a = 16.250      CL =  2.4255
      Cm = -0.1889     CD =  0.01812   =>   CDf =  0.00792    CDp =  0.01019

 Side 1  free  transition at x/c =  0.0281   41
 Side 2 forced transition at x/c =  1.0000   57

   3   rms: 0.5994E+00   max: -.3206E+01   T at   41  1   RLX: 0.156
       a = 16.250      CL =  2.3132
      Cm = -0.1590     CD =  0.02039   =>   CDf =  0.00671    CDp =  0.01368

 Side 1  free  transition at x/c =  0.0307   41
 Side 2 forced transition at x/c =  1.0000   57
 idif Ue xi dudx           1  7.08138198E-02  8.14104080E-03   8.6983738    
 Uenew xinew           2  9.21205897E-03  1.05905533E-03

   4   rms: 0.1307E+01   max: -.5393E+01   T at   41  1   RLX: 0.093
       a = 16.250      CL =  2.2419
      Cm = -0.1674     CD =  0.02632   =>   CDf =  0.00765    CDp =  0.01867

 Side 1  free  transition at x/c =  0.0338   41
 Side 2 forced transition at x/c =  1.0000   58

   5   rms: 0.3588E+00   max: -.1002E+01   D at   71  1   RLX: 0.203
       a = 16.250      CL =  2.1464
      Cm = -0.1223     CD =  0.02250   =>   CDf =  0.00684    CDp =  0.01566

 Side 1  free  transition at x/c =  0.0392   42
 Side 2 forced transition at x/c =  1.0000   58

   6   rms: 0.6821E+00   max: -.1390E+02   C at   42  1   RLX: 0.036
       a = 16.250      CL =  2.1405
      Cm = -0.1204     CD =  0.02314   =>   CDf =  0.00681    CDp =  0.01633

 Side 1  free  transition at x/c =  0.0393   42
 Side 2 forced transition at x/c =  1.0000   58

   7   rms: 0.3168E+00   max: -.2655E+01   T at   42  1   RLX: 0.188
       a = 16.250      CL =  2.0949
      Cm = -0.1074     CD =  0.02546   =>   CDf =  0.00692    CDp =  0.01855

 Side 1  free  transition at x/c =  0.0464   44
 Side 2 forced transition at x/c =  1.0000   58

   8   rms: 0.3986E+00   max: -.4057E+01   C at   44  1   RLX: 0.123
       a = 16.250      CL =  2.0772
      Cm = -0.0983     CD =  0.02504   =>   CDf =  0.00683    CDp =  0.01821

 Side 1  free  transition at x/c =  0.0552   45
 Side 2 forced transition at x/c =  1.0000   58

   9   rms: 0.9291E+00   max: -.1881E+02   C at   45  1   RLX: 0.027
       a = 16.250      CL =  2.0764
      Cm = -0.0976     CD =  0.02516   =>   CDf =  0.00659    CDp =  0.01857

 Side 1  free  transition at x/c =  0.0571   45
 Side 2 forced transition at x/c =  1.0000   58

  10   rms: 0.1402E+01   max: -.2995E+02   C at   45  1   RLX: 0.017
       a = 16.250      CL =  2.0765
      Cm = -0.0963     CD =  0.02497   =>   CDf =  0.00647    CDp =  0.01850

 Side 1  free  transition at x/c =  0.0578   45
 Side 2 forced transition at x/c =  1.0000   58

  11   rms: 0.1447E+01   max: -.3004E+02   C at   45  1   RLX: 0.017
       a = 16.250      CL =  2.0765
      Cm = -0.0953     CD =  0.02485   =>   CDf =  0.00641    CDp =  0.01844

 Side 1  free  transition at x/c =  0.0568   45
 Side 2 forced transition at x/c =  1.0000   58

  12   rms: 0.2907E+00   max: 0.1188E+01   C at   46  1   RLX: 0.188
       a = 16.250      CL =  2.0404
      Cm = -0.0873     CD =  0.02688   =>   CDf =  0.00659    CDp =  0.02029

 Side 1  free  transition at x/c =  0.0770   48
 Side 2 forced transition at x/c =  1.0000   58

  13   rms: 0.4888E+00   max: -.7891E+01   C at   48  1   RLX: 0.063
       a = 16.250      CL =  2.0363
      Cm = -0.0828     CD =  0.02572   =>   CDf =  0.00625    CDp =  0.01947

 Side 1  free  transition at x/c =  0.0802   48
 Side 2 forced transition at x/c =  1.0000   58
 idif Ue xi dudx           1  6.80695325E-02  6.97505474E-03   9.7589960    
 Uenew xinew           2  6.68701064E-03  6.85214996E-04

  14   rms: 0.2177E+00   max: 0.6657E+00   D at   49  1   RLX: 0.338
       a = 16.250      CL =  1.9774
      Cm = -0.0685     CD =  0.02849   =>   CDf =  0.00661    CDp =  0.02189

 Side 1  free  transition at x/c =  0.1024   50
 Side 2 forced transition at x/c =  1.0000   59

  15   rms: 0.1581E+00   max: -.2038E+01   C at   50  1   RLX: 0.245
       a = 16.250      CL =  1.9634
      Cm = -0.0614     CD =  0.02857   =>   CDf =  0.00601    CDp =  0.02256

 Side 1  free  transition at x/c =  0.1129   51
 Side 2 forced transition at x/c =  1.0000   59

  16   rms: 0.1438E+00   max: -.2030E+01   C at   51  1   RLX: 0.246
       a = 16.250      CL =  1.9525
      Cm = -0.0575     CD =  0.02904   =>   CDf =  0.00583    CDp =  0.02321

 Side 1  free  transition at x/c =  0.1217   52
 Side 2 forced transition at x/c =  1.0000   59

  17   rms: 0.1110E+00   max: -.1167E+01   C at   52  1   RLX: 0.428
       a = 16.250      CL =  1.9255
      Cm = -0.0502     CD =  0.03041   =>   CDf =  0.00571    CDp =  0.02470

 Side 1  free  transition at x/c =  0.1395   53
 Side 2 forced transition at x/c =  1.0000   59

  18   rms: 0.1190E+00   max: 0.5488E+00   D at   53  1   RLX: 0.949
       a = 16.250      CL =  1.8255
      Cm = -0.0348     CD =  0.03722   =>   CDf =  0.00539    CDp =  0.03183

 Side 1  free  transition at x/c =  0.1544   54
 Side 2 forced transition at x/c =  1.0000   59
 idif Ue xi dudx           1  7.06498772E-02  6.11746311E-03   11.548885    
 Uenew xinew           2  5.17652137E-03  4.48226929E-04

  19   rms: 0.2942E-01   max: 0.1569E+00   D at   87  1
       a = 16.250      CL =  1.8024
      Cm = -0.0336     CD =  0.03946   =>   CDf =  0.00562    CDp =  0.03384

 Side 1  free  transition at x/c =  0.1552   53
 Side 2 forced transition at x/c =  1.0000   60

  20   rms: 0.2422E-02   max: 0.2228E-01   D at   71  2
       a = 16.250      CL =  1.8019
      Cm = -0.0335     CD =  0.03930   =>   CDf =  0.00530    CDp =  0.03400

 Side 1  free  transition at x/c =  0.1550   53
 Side 2 forced transition at x/c =  1.0000   60

  21   rms: 0.3327E-03   max: 0.3805E-02   D at    4  2
       a = 16.250      CL =  1.8018
      Cm = -0.0335     CD =  0.03930   =>   CDf =  0.00530    CDp =  0.03400

 Side 1  free  transition at x/c =  0.1550   53
 Side 2 forced transition at x/c =  1.0000   60

  22   rms: 0.2513E-05   max: -.2708E-04   C at   60  2
       a = 16.250      CL =  1.8018
      Cm = -0.0335     CD =  0.03930   =>   CDf =  0.00530    CDp =  0.03400
 plradd ia,ip,cpol            1           0  1.42093375E-03

 Point added to stored polar  1
 Point written to save file  usa40b_Re400k.ext.pol                           
 Dump file unspecified or not available
 Calculating wake trajectory ...
 Calculating source influence matrix ...

 Solving BL system ...

 Side 1  free  transition at x/c =  0.1550   53
 Side 2 forced transition at x/c =  1.0000   60

   1   rms: 0.3205E-01   max: -.1515E+00   C at   53  1   RLX: 0.693
       a = 16.500      CL =  1.8072
      Cm = -0.0334     CD =  0.04056   =>   CDf =  0.00494    CDp =  0.03562

 Side 1  free  transition at x/c =  0.1520   54
 Side 2 forced transition at x/c =  1.0000   59

   2   rms: 0.1064E-01   max: 0.4905E-01   D at    2  1
       a = 16.500      CL =  1.8072
      Cm = -0.0332     CD =  0.04122   =>   CDf =  0.00519    CDp =  0.03603

 Side 1  free  transition at x/c =  0.1508   54
 Side 2 forced transition at x/c =  1.0000   59

   3   rms: 0.8208E-03   max: 0.5649E-02   D at   71  2
       a = 16.500      CL =  1.8066
      Cm = -0.0332     CD =  0.04119   =>   CDf =  0.00515    CDp =  0.03604

 Side 1  free  transition at x/c =  0.1509   54
 Side 2 forced transition at x/c =  1.0000   59

   4   rms: 0.2792E-04   max: 0.3303E-03   D at   71  2
       a = 16.500      CL =  1.8066
      Cm = -0.0332     CD =  0.04119   =>   CDf =  0.00515    CDp =  0.03604
 plradd ia,ip,cpol            2           0  7.40586896E-04

 Point added to stored polar  1
 Point written to save file  usa40b_Re400k.ext.pol                           
 Dump file unspecified or not available
 Calculating wake trajectory ...
 Calculating source influence matrix ...

 Solving BL system ...

 Side 1  free  transition at x/c =  0.1509   54
 Side 2 forced transition at x/c =  1.0000   59

   1   rms: 0.3191E-01   max: 0.1065E+00   D at   82  1   RLX: 0.668
       a = 16.750      CL =  1.8094
      Cm = -0.0330     CD =  0.04267   =>   CDf =  0.00515    CDp =  0.03752

 Side 1  free  transition at x/c =  0.1478   54
 Side 2 forced transition at x/c =  1.0000   59

   2   rms: 0.1238E-01   max: 0.6371E-01   D at   83  1
       a = 16.750      CL =  1.8074
      Cm = -0.0329     CD =  0.04363   =>   CDf =  0.00511    CDp =  0.03852

 Side 1  free  transition at x/c =  0.1468   54
 Side 2 forced transition at x/c =  1.0000   59

   3   rms: 0.8761E-03   max: 0.5632E-02   D at   71  2
       a = 16.750      CL =  1.8067
      Cm = -0.0329     CD =  0.04356   =>   CDf =  0.00508    CDp =  0.03848

 Side 1  free  transition at x/c =  0.1469   54
 Side 2 forced transition at x/c =  1.0000   59

   4   rms: 0.3247E-04   max: 0.1847E-03   D at   71  2
       a = 16.750      CL =  1.8067
      Cm = -0.0329     CD =  0.04356   =>   CDf =  0.00508    CDp =  0.03848
 plradd ia,ip,cpol            3           0  7.40586896E-04

 Point added to stored polar  1
 Point written to save file  usa40b_Re400k.ext.pol                           
 Dump file unspecified or not available
 Calculating wake trajectory ...
 Calculating source influence matrix ...

 Solving BL system ...

 Side 1  free  transition at x/c =  0.1469   54
 Side 2 forced transition at x/c =  1.0000   59

   1   rms: 0.3491E-01   max: 0.1328E+00   D at   81  1   RLX: 0.639
       a = 17.000      CL =  1.8063
      Cm = -0.0329     CD =  0.04541   =>   CDf =  0.00509    CDp =  0.04032

 Side 1  free  transition at x/c =  0.1443   54
 Side 2 forced transition at x/c =  1.0000   59

   2   rms: 0.1484E-01   max: 0.7169E-01   D at   82  1
       a = 17.000      CL =  1.8024
      Cm = -0.0328     CD =  0.04668   =>   CDf =  0.00508    CDp =  0.04160

 Side 1  free  transition at x/c =  0.1433   53
 Side 2 forced transition at x/c =  1.0000   59

   3   rms: 0.1767E-02   max: -.2251E-01   C at   53  1
       a = 17.000      CL =  1.8033
      Cm = -0.0328     CD =  0.04638   =>   CDf =  0.00504    CDp =  0.04135

 Side 1  free  transition at x/c =  0.1432   53
 Side 2 forced transition at x/c =  1.0000   59

   4   rms: 0.1435E-03   max: -.6651E-03   D at   71  2
       a = 17.000      CL =  1.8034
      Cm = -0.0328     CD =  0.04639   =>   CDf =  0.00503    CDp =  0.04136

 Side 1  free  transition at x/c =  0.1432   53
 Side 2 forced transition at x/c =  1.0000   59

   5   rms: 0.8084E-05   max: 0.8647E-04   C at   59  2
       a = 17.000      CL =  1.8035
      Cm = -0.0328     CD =  0.04639   =>   CDf =  0.00503    CDp =  0.04136
 plradd ia,ip,cpol            4           0  7.40586896E-04

 Point added to stored polar  1
 Point written to save file  usa40b_Re400k.ext.pol                           
 Dump file unspecified or not available
 Calculating wake trajectory ...
 Calculating source influence matrix ...

 Solving BL system ...

 Side 1  free  transition at x/c =  0.1432   53
 Side 2 forced transition at x/c =  1.0000   59

   1   rms: 0.3205E-01   max: -.1449E+00   C at   53  1   RLX: 0.620
       a = 17.250      CL =  1.8072
      Cm = -0.0328     CD =  0.04785   =>   CDf =  0.00503    CDp =  0.04281

 Side 1  free  transition at x/c =  0.1397   53
 Side 2 forced transition at x/c =  1.0000   59

   2   rms: 0.1386E-01   max: 0.6221E-01   D at   80  1
       a = 17.250      CL =  1.8051
      Cm = -0.0329     CD =  0.04907   =>   CDf =  0.00494    CDp =  0.04413

 Side 1  free  transition at x/c =  0.1380   53
 Side 2 forced transition at x/c =  1.0000   59

   3   rms: 0.2282E-02   max: 0.1700E-01   D at   80  1
       a = 17.250      CL =  1.8035
      Cm = -0.0329     CD =  0.04908   =>   CDf =  0.00489    CDp =  0.04419

 Side 1  free  transition at x/c =  0.1382   53
 Side 2 forced transition at x/c =  1.0000   59

   4   rms: 0.1682E-03   max: 0.1006E-02   D at   72  2
       a = 17.250      CL =  1.8033
      Cm = -0.0329     CD =  0.04907   =>   CDf =  0.00489    CDp =  0.04418

 Side 1  free  transition at x/c =  0.1383   53
 Side 2 forced transition at x/c =  1.0000   59

   5   rms: 0.7926E-05   max: -.7860E-04   C at   59  2
       a = 17.250      CL =  1.8033
      Cm = -0.0329     CD =  0.04907   =>   CDf =  0.00489    CDp =  0.04418
 plradd ia,ip,cpol            5           0  7.40586896E-04

 Point added to stored polar  1
 Point written to save file  usa40b_Re400k.ext.pol                           
 Dump file unspecified or not available
 Calculating wake trajectory ...
 Calculating source influence matrix ...

 Solving BL system ...

 Side 1  free  transition at x/c =  0.1383   53
 Side 2 forced transition at x/c =  1.0000   59

   1   rms: 0.3472E-01   max: 0.1419E+00   D at   78  1   RLX: 0.593
       a = 17.500      CL =  1.8023
      Cm = -0.0331     CD =  0.05108   =>   CDf =  0.00489    CDp =  0.04619

 Side 1  free  transition at x/c =  0.1349   53
 Side 2 forced transition at x/c =  1.0000   59

   2   rms: 0.1715E-01   max: 0.8815E-01   D at   79  1
       a = 17.500      CL =  1.7974
      Cm = -0.0334     CD =  0.05277   =>   CDf =  0.00486    CDp =  0.04790

 Side 1  free  transition at x/c =  0.1334   53
 Side 2 forced transition at x/c =  1.0000   59

   3   rms: 0.2621E-02   max: 0.1541E-01   D at   79  1
       a = 17.500      CL =  1.7955
      Cm = -0.0333     CD =  0.05272   =>   CDf =  0.00484    CDp =  0.04788

 Side 1  free  transition at x/c =  0.1336   53
 Side 2 forced transition at x/c =  1.0000   59

   4   rms: 0.1330E-03   max: 0.1031E-02   D at   72  2
       a = 17.500      CL =  1.7954
      Cm = -0.0333     CD =  0.05270   =>   CDf =  0.00483    CDp =  0.04787

 Side 1  free  transition at x/c =  0.1336   53
 Side 2 forced transition at x/c =  1.0000   59

   5   rms: 0.3729E-05   max: -.4609E-04   C at   59  2
       a = 17.500      CL =  1.7954
      Cm = -0.0333     CD =  0.05270   =>   CDf =  0.00483    CDp =  0.04787
 plradd ia,ip,cpol            6           0  7.40586896E-04

 Point added to stored polar  1
 Point written to save file  usa40b_Re400k.ext.pol                           
 Dump file unspecified or not available
 Calculating wake trajectory ...
 Calculating source influence matrix ...

 Solving BL system ...

 Side 1  free  transition at x/c =  0.1336   53
 Side 2 forced transition at x/c =  1.0000   59

   1   rms: 0.4037E-01   max: 0.1805E+00   D at   77  1   RLX: 0.564
       a = 17.750      CL =  1.7906
      Cm = -0.0338     CD =  0.05523   =>   CDf =  0.00483    CDp =  0.05040

 Side 1  free  transition at x/c =  0.1313   52
 Side 2 forced transition at x/c =  1.0000   59

   2   rms: 0.1462E-01   max: 0.6891E-01   D at   78  1
       a = 17.750      CL =  1.7907
      Cm = -0.0339     CD =  0.05638   =>   CDf =  0.00479    CDp =  0.05159

 Side 1  free  transition at x/c =  0.1283   52
 Side 2 forced transition at x/c =  1.0000   59

   3   rms: 0.3411E-02   max: 0.1990E-01   D at   77  1
       a = 17.750      CL =  1.7881
      Cm = -0.0339     CD =  0.05649   =>   CDf =  0.00473    CDp =  0.05176

 Side 1  free  transition at x/c =  0.1288   52
 Side 2 forced transition at x/c =  1.0000   59

   4   rms: 0.3184E-03   max: 0.1611E-02   D at   73  2
       a = 17.750      CL =  1.7879
      Cm = -0.0339     CD =  0.05647   =>   CDf =  0.00472    CDp =  0.05175

 Side 1  free  transition at x/c =  0.1288   52
 Side 2 forced transition at x/c =  1.0000   59

   5   rms: 0.1923E-04   max: -.1749E-03   C at   59  2
       a = 17.750      CL =  1.7879
      Cm = -0.0339     CD =  0.05647   =>   CDf =  0.00472    CDp =  0.05175
 plradd ia,ip,cpol            7           0  7.40586896E-04

 Point added to stored polar  1
 Point written to save file  usa40b_Re400k.ext.pol                           
 Dump file unspecified or not available
 Calculating wake trajectory ...
 Calculating source influence matrix ...

 Solving BL system ...

 Side 1  free  transition at x/c =  0.1288   52
 Side 2 forced transition at x/c =  1.0000   59

   1   rms: 0.3667E-01   max: 0.1647E+00   D at   76  1   RLX: 0.545
       a = 18.000      CL =  1.7851
      Cm = -0.0345     CD =  0.05884   =>   CDf =  0.00473    CDp =  0.05411

 Side 1  free  transition at x/c =  0.1250   52
 Side 2 forced transition at x/c =  1.0000   59

   2   rms: 0.2106E-01   max: 0.1098E+00   D at   76  1
       a = 18.000      CL =  1.7776
      Cm = -0.0351     CD =  0.06126   =>   CDf =  0.00469    CDp =  0.05657

 Side 1  free  transition at x/c =  0.1230   52
 Side 2 forced transition at x/c =  1.0000   59

   3   rms: 0.4458E-02   max: 0.3234E-01   D at   76  1
       a = 18.000      CL =  1.7746
      Cm = -0.0351     CD =  0.06124   =>   CDf =  0.00466    CDp =  0.05658

 Side 1  free  transition at x/c =  0.1234   52
 Side 2 forced transition at x/c =  1.0000   59

   4   rms: 0.2668E-03   max: 0.2020E-02   D at   73  2
       a = 18.000      CL =  1.7744
      Cm = -0.0351     CD =  0.06118   =>   CDf =  0.00464    CDp =  0.05654

 Side 1  free  transition at x/c =  0.1234   52
 Side 2 forced transition at x/c =  1.0000   59

   5   rms: 0.5447E-05   max: -.7985E-04   C at   59  2
       a = 18.000      CL =  1.7744
      Cm = -0.0351     CD =  0.06118   =>   CDf =  0.00464    CDp =  0.05654
 plradd ia,ip,cpol            8           0  7.40586896E-04

 Point added to stored polar  1
 Point written to save file  usa40b_Re400k.ext.pol                           
 Dump file unspecified or not available

.OPERva   c>   Calculating wake trajectory ...
 Calculating source influence matrix ...

 Solving BL system ...

 Side 1  free  transition at x/c =  0.1234   52
 Side 2 forced transition at x/c =  1.0000   59

   1   rms: 0.4506E-01   max: 0.2173E+00   D at   74  1   RLX: 0.516
       a = 18.250      CL =  1.7673
      Cm = -0.0360     CD =  0.06425   =>   CDf =  0.00464    CDp =  0.05960

 Side 1  free  transition at x/c =  0.1209   51
 Side 2 forced transition at x/c =  1.0000   59

   2   rms: 0.2004E-01   max: 0.1087E+00   D at   75  1
       a = 18.250      CL =  1.7615
      Cm = -0.0366     CD =  0.06651   =>   CDf =  0.00463    CDp =  0.06189

 Side 1  free  transition at x/c =  0.1181   51
 Side 2 forced transition at x/c =  1.0000   59

   3   rms: 0.5399E-02   max: 0.3777E-01   D at   74  1
       a = 18.250      CL =  1.7578
      Cm = -0.0367     CD =  0.06662   =>   CDf =  0.00456    CDp =  0.06205

 Side 1  free  transition at x/c =  0.1187   51
 Side 2 forced transition at x/c =  1.0000   59

   4   rms: 0.4513E-03   max: 0.2695E-02   D at   73  2
       a = 18.250      CL =  1.7574
      Cm = -0.0367     CD =  0.06656   =>   CDf =  0.00455    CDp =  0.06200

 Side 1  free  transition at x/c =  0.1188   51
 Side 2 forced transition at x/c =  1.0000   59

   5   rms: 0.2109E-04   max: 0.1657E-03   D at   73  2
       a = 18.250      CL =  1.7574
      Cm = -0.0367     CD =  0.06655   =>   CDf =  0.00455    CDp =  0.06200
 plradd ia,ip,cpol            9           0  7.40586896E-04

 Point added to stored polar  1
 Point written to save file  usa40b_Re400k.ext.pol                           
 Dump file unspecified or not available
 Calculating wake trajectory ...
 Calculating source influence matrix ...

 Solving BL system ...

 Side 1  free  transition at x/c =  0.1188   51
 Side 2 forced transition at x/c =  1.0000   59

   1   rms: 0.8038E-01   max: 0.3914E+00   D at   72  1   RLX: 0.477
       a = 18.750      CL =  1.7477
      Cm = -0.0384     CD =  0.07201   =>   CDf =  0.00456    CDp =  0.06745

 Side 1  free  transition at x/c =  0.1119   51
 Side 2 forced transition at x/c =  1.0000   59

   2   rms: 0.6616E-01   max: 0.3761E+00   D at   73  1
       a = 18.750      CL =  1.7158
      Cm = -0.0419     CD =  0.08118   =>   CDf =  0.00454    CDp =  0.07664

 Side 1  free  transition at x/c =  0.1094   50
 Side 2 forced transition at x/c =  1.0000   59

   3   rms: 0.1276E-01   max: 0.1241E+00   D at   71  1
       a = 18.750      CL =  1.7099
      Cm = -0.0417     CD =  0.08032   =>   CDf =  0.00439    CDp =  0.07594

 Side 1  free  transition at x/c =  0.1098   50
 Side 2 forced transition at x/c =  1.0000   59

   4   rms: 0.1994E-02   max: 0.2167E-01   D at   70  1
       a = 18.750      CL =  1.7087
      Cm = -0.0416     CD =  0.08020   =>   CDf =  0.00437    CDp =  0.07584

 Side 1  free  transition at x/c =  0.1099   50
 Side 2 forced transition at x/c =  1.0000   59

   5   rms: 0.1796E-03   max: 0.1630E-02   D at   74  2
       a = 18.750      CL =  1.7086
      Cm = -0.0416     CD =  0.08017   =>   CDf =  0.00436    CDp =  0.07581

 Side 1  free  transition at x/c =  0.1099   50
 Side 2 forced transition at x/c =  1.0000   59

   6   rms: 0.6662E-05   max: -.1006E-03   C at   59  2
       a = 18.750      CL =  1.7086
      Cm = -0.0416     CD =  0.08017   =>   CDf =  0.00436    CDp =  0.07580
 plradd ia,ip,cpol           10           0  7.40586896E-04

 Point added to stored polar  1
 Point written to save file  usa40b_Re400k.ext.pol                           
 Dump file unspecified or not available
 Calculating wake trajectory ...
 Calculating source influence matrix ...

 Solving BL system ...

 Side 1  free  transition at x/c =  0.1099   50
 Side 2 forced transition at x/c =  1.0000   59

   1   rms: 0.8655E-01   max: 0.4521E+00   D at   69  1   RLX: 0.430
       a = 19.250      CL =  1.6954
      Cm = -0.0440     CD =  0.08645   =>   CDf =  0.00437    CDp =  0.08208

 Side 1  free  transition at x/c =  0.1055   50
 Side 2 forced transition at x/c =  1.0000   59

   2   rms: 0.6781E-01   max: 0.3938E+00   D at   69  1
       a = 19.250      CL =  1.6625
      Cm = -0.0483     CD =  0.09702   =>   CDf =  0.00431    CDp =  0.09271

 Side 1  free  transition at x/c =  0.1021   50
 Side 2 forced transition at x/c =  1.0000   59

   3   rms: 0.1668E-01   max: 0.1550E+00   D at   67  1
       a = 19.250      CL =  1.6536
      Cm = -0.0483     CD =  0.09623   =>   CDf =  0.00420    CDp =  0.09203

 Side 1  free  transition at x/c =  0.1030   50
 Side 2 forced transition at x/c =  1.0000   59

   4   rms: 0.1234E-02   max: 0.1073E-01   D at   75  2
       a = 19.250      CL =  1.6531
      Cm = -0.0481     CD =  0.09567   =>   CDf =  0.00415    CDp =  0.09152

 Side 1  free  transition at x/c =  0.1030   50
 Side 2 forced transition at x/c =  1.0000   59

   5   rms: 0.4267E-04   max: 0.7574E-03   D at   75  2
       a = 19.250      CL =  1.6531
      Cm = -0.0481     CD =  0.09564   =>   CDf =  0.00415    CDp =  0.09149
 plradd ia,ip,cpol           11           0  7.40586896E-04

 Point added to stored polar  1
 Point written to save file  usa40b_Re400k.ext.pol                           
 Dump file unspecified or not available
 Calculating wake trajectory ...
 Calculating source influence matrix ...

 Solving BL system ...

 Side 1  free  transition at x/c =  0.1030   50
 Side 2 forced transition at x/c =  1.0000   59

   1   rms: 0.1096E+00   max: 0.5950E+00   D at   65  1   RLX: 0.386
       a = 19.750      CL =  1.6326
      Cm = -0.0515     CD =  0.10366   =>   CDf =  0.00416    CDp =  0.09950

 Side 1  free  transition at x/c =  0.1004   49
 Side 2 forced transition at x/c =  1.0000   59

   2   rms: 0.5329E-01   max: 0.3207E+00   D at   65  1
       a = 19.750      CL =  1.6101
      Cm = -0.0552     CD =  0.11265   =>   CDf =  0.00412    CDp =  0.10854

 Side 1  free  transition at x/c =  0.0959   49
 Side 2 forced transition at x/c =  1.0000   59

   3   rms: 0.1868E-01   max: 0.1386E+00   D at   64  1
       a = 19.750      CL =  1.5987
      Cm = -0.0557     CD =  0.11245   =>   CDf =  0.00403    CDp =  0.10842

 Side 1  free  transition at x/c =  0.0970   49
 Side 2 forced transition at x/c =  1.0000   59

   4   rms: 0.2526E-02   max: 0.1367E-01   D at   64  1
       a = 19.750      CL =  1.5971
      Cm = -0.0557     CD =  0.11199   =>   CDf =  0.00397    CDp =  0.10801

 Side 1  free  transition at x/c =  0.0971   49
 Side 2 forced transition at x/c =  1.0000   59

   5   rms: 0.2286E-03   max: 0.1633E-02   D at   76  2
       a = 19.750      CL =  1.5969
      Cm = -0.0557     CD =  0.11190   =>   CDf =  0.00397    CDp =  0.10793

 Side 1  free  transition at x/c =  0.0971   49
 Side 2 forced transition at x/c =  1.0000   59

   6   rms: 0.9349E-05   max: -.1182E-03   C at   59  2
       a = 19.750      CL =  1.5969
      Cm = -0.0557     CD =  0.11189   =>   CDf =  0.00397    CDp =  0.10792
 plradd ia,ip,cpol           12           0  7.40586896E-04

 Point added to stored polar  1
 Point written to save file  usa40b_Re400k.ext.pol                           
 Dump file unspecified or not available
 Calculating wake trajectory ...
 Calculating source influence matrix ...

 Solving BL system ...

 Side 1  free  transition at x/c =  0.0972   49
 Side 2 forced transition at x/c =  1.0000   59

   1   rms: 0.8150E-01   max: 0.4616E+00   D at   63  1   RLX: 0.360
       a = 20.250      CL =  1.5843
      Cm = -0.0584     CD =  0.11828   =>   CDf =  0.00398    CDp =  0.11430

 Side 1  free  transition at x/c =  0.0947   49
 Side 2 forced transition at x/c =  1.0000   59

   2   rms: 0.6248E-01   max: 0.3759E+00   D at   63  1
       a = 20.250      CL =  1.5542
      Cm = -0.0638     CD =  0.13062   =>   CDf =  0.00395    CDp =  0.12667

 Side 1  free  transition at x/c =  0.0915   49
 Side 2 forced transition at x/c =  1.0000   59

   3   rms: 0.8555E-02   max: 0.8838E-01   D at   62  1
       a = 20.250      CL =  1.5522
      Cm = -0.0632     CD =  0.12706   =>   CDf =  0.00389    CDp =  0.12317

 Side 1  free  transition at x/c =  0.0916   49
 Side 2 forced transition at x/c =  1.0000   59

   4   rms: 0.8224E-03   max: -.5657E-02   D at   62  1
       a = 20.250      CL =  1.5526
      Cm = -0.0631     CD =  0.12653   =>   CDf =  0.00389    CDp =  0.12265

 Side 1  free  transition at x/c =  0.0916   49
 Side 2 forced transition at x/c =  1.0000   59

   5   rms: 0.1078E-03   max: 0.5343E-03   C at   59  2
       a = 20.250      CL =  1.5526
      Cm = -0.0631     CD =  0.12654   =>   CDf =  0.00389    CDp =  0.12265

 Side 1  free  transition at x/c =  0.0916   49
 Side 2 forced transition at x/c =  1.0000   59

   6   rms: 0.1021E-04   max: 0.1499E-03   C at   59  2
       a = 20.250      CL =  1.5526
      Cm = -0.0631     CD =  0.12655   =>   CDf =  0.00389    CDp =  0.12266
 plradd ia,ip,cpol           13           0  7.40586896E-04

 Point added to stored polar  1
 Point written to save file  usa40b_Re400k.ext.pol                           
 Dump file unspecified or not available
 Calculating wake trajectory ...
 Calculating source influence matrix ...

 Solving BL system ...

 Side 1  free  transition at x/c =  0.0916   49
 Side 2 forced transition at x/c =  1.0000   59

   1   rms: 0.6674E-01   max: 0.3727E+00   D at   61  1   RLX: 0.338
       a = 20.750      CL =  1.5440
      Cm = -0.0654     CD =  0.13194   =>   CDf =  0.00390    CDp =  0.12804

 Side 1  free  transition at x/c =  0.0895   48
 Side 2 forced transition at x/c =  1.0000   59

   2   rms: 0.4304E-01   max: 0.2591E+00   D at   61  1
       a = 20.750      CL =  1.5324
      Cm = -0.0695     CD =  0.14087   =>   CDf =  0.00386    CDp =  0.13701

 Side 1  free  transition at x/c =  0.0850   48
 Side 2 forced transition at x/c =  1.0000   59

   3   rms: 0.1223E-01   max: 0.6199E-01   D at   61  1
       a = 20.750      CL =  1.5248
      Cm = -0.0698     CD =  0.13955   =>   CDf =  0.00378    CDp =  0.13577

 Side 1  free  transition at x/c =  0.0858   48
 Side 2 forced transition at x/c =  1.0000   59

   4   rms: 0.1091E-02   max: 0.8062E-02   D at   77  2
       a = 20.750      CL =  1.5243
      Cm = -0.0697     CD =  0.13886   =>   CDf =  0.00374    CDp =  0.13512

 Side 1  free  transition at x/c =  0.0859   48
 Side 2 forced transition at x/c =  1.0000   59

   5   rms: 0.4444E-04   max: 0.4085E-03   D at   77  2
       a = 20.750      CL =  1.5244
      Cm = -0.0697     CD =  0.13881   =>   CDf =  0.00374    CDp =  0.13507
 plradd ia,ip,cpol           14           0  7.40586896E-04

 Point added to stored polar  1
 Point written to save file  usa40b_Re400k.ext.pol                           
 Dump file unspecified or not available
 Calculating wake trajectory ...
 Calculating source influence matrix ...

 Solving BL system ...

 Side 1  free  transition at x/c =  0.0859   48
 Side 2 forced transition at x/c =  1.0000   59

   1   rms: 0.5978E-01   max: 0.3387E+00   D at   59  1   RLX: 0.322
       a = 21.250      CL =  1.5186
      Cm = -0.0718     CD =  0.14353   =>   CDf =  0.00375    CDp =  0.13978

 Side 1  free  transition at x/c =  0.0837   48
 Side 2 forced transition at x/c =  1.0000   59

   2   rms: 0.4387E-01   max: 0.2526E+00   D at   60  1
       a = 21.250      CL =  1.5048
      Cm = -0.0764     CD =  0.15331   =>   CDf =  0.00341    CDp =  0.14990

 Side 1  free  transition at x/c =  0.0801   48
 Side 2 forced transition at x/c =  1.0000   58
 idif Ue xi dudx           1  6.09467328E-02  6.31630421E-03   9.6491127    
 Uenew xinew           2  2.55358580E-04  2.64644623E-05

   3   rms: 0.1305E-01   max: -.1567E+00   T at    2  1
       a = 21.250      CL =  1.5031
      Cm = -0.0761     CD =  0.15036   =>   CDf =  0.00401    CDp =  0.14634

 Side 1  free  transition at x/c =  0.0801   47
 Side 2 forced transition at x/c =  1.0000   59

   4   rms: 0.2926E-02   max: 0.4791E-01   T at    2  2
       a = 21.250      CL =  1.5033
      Cm = -0.0760     CD =  0.14978   =>   CDf =  0.00366    CDp =  0.14612

 Side 1  free  transition at x/c =  0.0801   47
 Side 2 forced transition at x/c =  1.0000   59

   5   rms: 0.7139E-03   max: 0.8431E-02   D at    4  2
       a = 21.250      CL =  1.5034
      Cm = -0.0760     CD =  0.14981   =>   CDf =  0.00367    CDp =  0.14614

 Side 1  free  transition at x/c =  0.0801   47
 Side 2 forced transition at x/c =  1.0000   59

   6   rms: 0.1484E-04   max: -.1263E-03   D at    6  2
       a = 21.250      CL =  1.5034
      Cm = -0.0760     CD =  0.14982   =>   CDf =  0.00367    CDp =  0.14615
 plradd ia,ip,cpol           15           0  7.40586896E-04

 Point added to stored polar  1
 Point written to save file  usa40b_Re400k.ext.pol                           
 Dump file unspecified or not available
 Calculating wake trajectory ...
 Calculating source influence matrix ...

 Solving BL system ...

 Side 1  free  transition at x/c =  0.0801   47
 Side 2 forced transition at x/c =  1.0000   59

   1   rms: 0.1814E+00   max: -.3240E+01   D at    2  2   RLX: 0.154
       a = 21.750      CL =  1.5002
      Cm = -0.0771     CD =  0.15221   =>   CDf =  0.00332    CDp =  0.14888

 Side 1  free  transition at x/c =  0.0790   48
 Side 2 forced transition at x/c =  1.0000   58

   2   rms: 0.6076E-01   max: 0.3596E+00   D at   59  1
       a = 21.750      CL =  1.4835
      Cm = -0.0837     CD =  0.16657   =>   CDf =  0.00364    CDp =  0.16293

 Side 1  free  transition at x/c =  0.0731   47
 Side 2 forced transition at x/c =  1.0000   58

   3   rms: 0.1171E-01   max: -.8791E-01   D at   60  1
       a = 21.750      CL =  1.4851
      Cm = -0.0825     CD =  0.16081   =>   CDf =  0.00364    CDp =  0.15717

 Side 1  free  transition at x/c =  0.0733   47
 Side 2 forced transition at x/c =  1.0000   58

   4   rms: 0.9928E-03   max: -.3351E-02   D at   58  1
       a = 21.750      CL =  1.4859
      Cm = -0.0824     CD =  0.16021   =>   CDf =  0.00365    CDp =  0.15656

 Side 1  free  transition at x/c =  0.0732   47
 Side 2 forced transition at x/c =  1.0000   58

   5   rms: 0.1173E-03   max: -.8215E-03   D at   75  2
       a = 21.750      CL =  1.4859
      Cm = -0.0824     CD =  0.16030   =>   CDf =  0.00365    CDp =  0.15665

 Side 1  free  transition at x/c =  0.0732   47
 Side 2 forced transition at x/c =  1.0000   58

   6   rms: 0.4264E-05   max: 0.5701E-04   C at   58  2
       a = 21.750      CL =  1.4859
      Cm = -0.0824     CD =  0.16030   =>   CDf =  0.00365    CDp =  0.15666
 plradd ia,ip,cpol           16           0  7.40586896E-04

 Point added to stored polar  1
 Point written to save file  usa40b_Re400k.ext.pol                           
 Dump file unspecified or not available
 Calculating wake trajectory ...
 Calculating source influence matrix ...

 Solving BL system ...

 Side 1  free  transition at x/c =  0.0732   47
 Side 2 forced transition at x/c =  1.0000   58

   1   rms: 0.7312E-01   max: 0.4589E+00   D at   58  1   RLX: 0.293
       a = 22.250      CL =  1.4797
      Cm = -0.0849     CD =  0.16554   =>   CDf =  0.00366    CDp =  0.16189

 Side 1  free  transition at x/c =  0.0712   47
 Side 2 forced transition at x/c =  1.0000   58

   2   rms: 0.5218E-01   max: 0.3345E+00   D at   58  1
       a = 22.250      CL =  1.4648
      Cm = -0.0907     CD =  0.17760   =>   CDf =  0.00355    CDp =  0.17405

 Side 1  free  transition at x/c =  0.0651   46
 Side 2 forced transition at x/c =  1.0000   58

   3   rms: 0.1182E-01   max: -.9892E-01   D at   59  1
       a = 22.250      CL =  1.4649
      Cm = -0.0898     CD =  0.17235   =>   CDf =  0.00353    CDp =  0.16882

 Side 1  free  transition at x/c =  0.0663   47
 Side 2 forced transition at x/c =  1.0000   58

   4   rms: 0.8192E-02   max: 0.1037E+00   C at   47  1
       a = 22.250      CL =  1.4648
      Cm = -0.0899     CD =  0.17188   =>   CDf =  0.00344    CDp =  0.16844

 Side 1  free  transition at x/c =  0.0657   47
 Side 2 forced transition at x/c =  1.0000   58

   5   rms: 0.1367E-02   max: -.1365E-01   D at   48  1
       a = 22.250      CL =  1.4651
      Cm = -0.0898     CD =  0.17177   =>   CDf =  0.00350    CDp =  0.16826

 Side 1  free  transition at x/c =  0.0656   47
 Side 2 forced transition at x/c =  1.0000   58

   6   rms: 0.1330E-03   max: -.5739E-03   D at   48  1
       a = 22.250      CL =  1.4652
      Cm = -0.0898     CD =  0.17176   =>   CDf =  0.00351    CDp =  0.16825

 Side 1  free  transition at x/c =  0.0656   47
 Side 2 forced transition at x/c =  1.0000   58

   7   rms: 0.1711E-04   max: -.1245E-03   D at   75  2
       a = 22.250      CL =  1.4652
      Cm = -0.0898     CD =  0.17178   =>   CDf =  0.00351    CDp =  0.16827
 plradd ia,ip,cpol           17           0  7.40586896E-04

 Point added to stored polar  1
 Point written to save file  usa40b_Re400k.ext.pol                           
 Dump file unspecified or not available

.OPERva   c>  
 Polar accumulation disabled

.OPERv   c>  
 XFOIL   c>  
 XFOIL   c>  