
 ===================================================
  XFOIL Version 6.99
  Copyright (C) 2000   Mark Drela, Harold Youngren

  This software comes with ABSOLUTELY NO WARRANTY,
    subject to the GNU General Public License.

  Caveat computor
 ===================================================

 File  xfoil.def  not found

   QUIT    Exit program

  .OPER    Direct operating point(s)
  .MDES    Complex mapping design routine
  .QDES    Surface speed design routine
  .GDES    Geometry design routine

   SAVE f  Write airfoil to labeled coordinate file
   PSAV f  Write airfoil to plain coordinate file
   ISAV f  Write airfoil to ISES coordinate file
   MSAV f  Write airfoil to MSES coordinate file
   REVE    Reverse written-airfoil node ordering

   LOAD f  Read buffer airfoil from coordinate file
   NACA i  Set NACA 4,5-digit airfoil and buffer airfoil
   INTE    Set buffer airfoil by interpolating two airfoils
   NORM    Buffer airfoil normalization toggle
   XYCM rr Change CM reference location, currently  0.25000 0.00000

   BEND    Display structural properties of current airfoil

   PCOP    Set current-airfoil panel nodes directly from buffer airfoil points
   PANE    Set current-airfoil panel nodes ( 160 ) based on curvature
  .PPAR    Show/change paneling

  .PLOP    Plotting options

   WDEF f  Write  current-settings file
   RDEF f  Reread current-settings file
   NAME s  Specify new airfoil name
   NINC    Increment name version number

   Z       Zoom    | (available in all menus)
   U       Unzoom  | 

 XFOIL   c>  
 Labeled airfoil file.  Name:  USA 40 B AIRFOIL                                

 Number of input coordinate points:  33
 Counterclockwise ordering
 Max thickness =     0.136322  at x =   0.200
 Max camber    =     0.038081  at x =   0.400

  LE  x,y  =  -0.00022   0.00321  |   Chord =   1.00022
  TE  x,y  =   1.00000   0.00000  |

 Current airfoil nodes set from buffer airfoil nodes (  33 )

 WARNING: Poor input coordinate distribution
          Excessive panel angle   55.5  at i =  17
          Repaneling with PANE and/or PPAR suggested
           (doing GDES,CADD before repaneling _may_
            improve excessively coarse LE spacing

 XFOIL   c>  
 XFOIL   c>  
 Sharp trailing edge

 Paneling parameters used...
   Number of panel nodes       160
   Panel bunching parameter    1.000
   TE/LE panel density ratio   0.150
   Refined-area/LE panel density ratio    0.200
   Top    side refined area x/c limits  1.000 1.000
   Bottom side refined area x/c limits  1.000 1.000

 XFOIL   c>  
.OPERi   c>  
 Xtr/c     =  1.0000    top    side
 Xtr/c     =  1.0000    bottom side
 Ncrit     =    9.00   ( 0.070 % turb. level )
 Vacc      =  0.0100

 Klag  =  5.6000     Uxwt  =    1.00
 A     =  6.7000     B     =  0.7500       KCt = 0.01485
 CtiniK=  1.8000     CtiniX=  3.3000

..VPAR   c>  
..VPAR   c>  
.OPERi   c>  
 M  =    0.0000
 Re =    500000

.OPERv   c>  
.OPERv   c>  
.OPERv   c>  
 Polar  1 newly created for accumulation
 Airfoil archived with polar: USA 40 B AIRFOIL                                

Enter  polar save filename  OR  <return> for no file   s>  
 New polar save file available

Enter  polar dump filename  OR  <return> for no file   s>  
 Polar dump file will NOT be written

 Polar accumulation enabled

.OPERva   c>   Calculating unit vorticity distributions ...
 Calculating wake trajectory ...
 Calculating source influence matrix ...

 Solving BL system ...

 Initializing BL ...
    side            1  ...
 MRCHUE: Inverse mode at  33     Hk =   4.218
 MRCHUE: Inverse mode at  34     Hk =   5.085
 MRCHUE: Inverse mode at  35     Hk =   5.958
 MRCHUE: Inverse mode at  36     Hk =   6.845
 MRCHUE: Inverse mode at  37     Hk =   7.747
 MRCHUE: Inverse mode at  38     Hk =   8.667
 MRCHUE: Inverse mode at  39     Hk =   9.612
 MRCHUE: Inverse mode at  40     Hk =   5.820
 MRCHUE: Inverse mode at  41     Hk =   3.183
 MRCHUE: Inverse mode at  73     Hk =   2.500
 MRCHUE: Inverse mode at  74     Hk =   2.500
 MRCHUE: Inverse mode at  75     Hk =   2.500
 MRCHUE: Inverse mode at  76     Hk =   2.500
 MRCHUE: Inverse mode at  77     Hk =   2.500
 MRCHUE: Inverse mode at  78     Hk =   2.500
 MRCHUE: Inverse mode at  79     Hk =   2.500
 MRCHUE: Inverse mode at  80     Hk =   2.500
 MRCHUE: Inverse mode at  81     Hk =   2.500
 MRCHUE: Inverse mode at  82     Hk =   2.500
 MRCHUE: Inverse mode at  83     Hk =   2.500
 MRCHUE: Inverse mode at  84     Hk =   2.500
 MRCHUE: Inverse mode at  85     Hk =   2.500
 MRCHUE: Inverse mode at  86     Hk =   2.500
 MRCHUE: Inverse mode at  87     Hk =   2.500
 MRCHUE: Inverse mode at  88     Hk =   2.500
 MRCHUE: Inverse mode at  89     Hk =   2.500
 MRCHUE: Inverse mode at  90     Hk =   2.500
 MRCHUE: Inverse mode at  91     Hk =   2.500
 MRCHUE: Inverse mode at  92     Hk =   2.500
 MRCHUE: Inverse mode at  93     Hk =   2.500
 MRCHUE: Inverse mode at  94     Hk =   2.500
 MRCHUE: Inverse mode at  95     Hk =   2.500
 MRCHUE: Inverse mode at  96     Hk =   2.500
 MRCHUE: Inverse mode at  97     Hk =   2.500
 MRCHUE: Inverse mode at  98     Hk =   2.500
 MRCHUE: Inverse mode at  99     Hk =   2.500
 MRCHUE: Inverse mode at 100     Hk =   2.500
 MRCHUE: Inverse mode at 101     Hk =   2.500
 MRCHUE: Convergence failed at 102  side 1    Res =  0.4631E+01
 MRCHUE: Inverse mode at 103     Hk =   2.500
 MRCHUE: Inverse mode at 104     Hk =   2.500
 MRCHUE: Convergence failed at 105  side 1    Res =  0.5053E+01
 MRCHUE: Inverse mode at 106     Hk =   2.500
    side            2  ...
 MRCHUE: Inverse mode at  56     Hk =   2.607

 MRCHDU: Convergence failed at 102  side 1    Res =  0.1374E+01
 MRCHDU: Convergence failed at 103  side 1    Res =  0.1434E+01
 MRCHDU: Convergence failed at 104  side 1    Res =  0.1490E+01
 MRCHDU: Convergence failed at 105  side 1    Res =  0.6211E+01
 MRCHDU: Convergence failed at 106  side 1    Res =  0.5989E+01
 Side 1  free  transition at x/c =  0.0209   40
 Side 2 forced transition at x/c =  1.0000   56

   1   rms: 0.5975E+00   max: -.2409E+01   T at   40  1   RLX: 0.208
       a = 16.250      CL =  2.5210
      Cm = -0.1859     CD =  0.01320   =>   CDf =  0.00686    CDp =  0.00634

 Side 1  free  transition at x/c =  0.0225   40
 Side 2 forced transition at x/c =  1.0000   56
 idif Ue xi dudx           1  8.15952197E-02  1.06507540E-02   7.6609807    
 Uenew xinew           2  1.95921678E-02  2.55739689E-03

   2   rms: 0.8013E+00   max: 0.2907E+01   D at   60  2   RLX: 0.178
       a = 16.250      CL =  2.4039
      Cm = -0.1774     CD =  0.01854   =>   CDf =  0.00752    CDp =  0.01101

 Side 1  free  transition at x/c =  0.0253   40
 Side 2 forced transition at x/c =  1.0000   57

   3   rms: 0.3090E+00   max: 0.1013E+01   D at   58  2   RLX: 0.317
       a = 16.250      CL =  2.3232
      Cm = -0.1410     CD =  0.01619   =>   CDf =  0.00736    CDp =  0.00882

 Side 1  free  transition at x/c =  0.0287   41
 Side 2 forced transition at x/c =  1.0000   57

   4   rms: 0.3218E+00   max: -.2121E+01   C at   41  1   RLX: 0.236
       a = 16.250      CL =  2.2593
      Cm = -0.1213     CD =  0.01860   =>   CDf =  0.00712    CDp =  0.01147

 Side 1  free  transition at x/c =  0.0328   42
 Side 2 forced transition at x/c =  1.0000   57

   5   rms: 0.3368E+00   max: -.3201E+01   C at   42  1   RLX: 0.156
       a = 16.250      CL =  2.2239
      Cm = -0.1127     CD =  0.01965   =>   CDf =  0.00695    CDp =  0.01270

 Side 1  free  transition at x/c =  0.0362   43
 Side 2 forced transition at x/c =  1.0000   57
 idif Ue xi dudx           1  6.30521923E-02  7.30097294E-03   8.6361361    
 Uenew xinew           2  1.89120555E-03  2.18987465E-04

   6   rms: 0.3472E+00   max: -.3545E+01   C at   43  1   RLX: 0.141
       a = 16.250      CL =  2.1957
      Cm = -0.1060     CD =  0.02036   =>   CDf =  0.00736    CDp =  0.01299

 Side 1  free  transition at x/c =  0.0430   43
 Side 2 forced transition at x/c =  1.0000   58

   7   rms: 0.6593E+00   max: -.1349E+02   C at   43  1   RLX: 0.037
       a = 16.250      CL =  2.1907
      Cm = -0.1053     CD =  0.02053   =>   CDf =  0.00675    CDp =  0.01378

 Side 1  free  transition at x/c =  0.0450   43
 Side 2 forced transition at x/c =  1.0000   58

   8   rms: 0.1310E+01   max: -.2859E+02   C at   43  1   RLX: 0.017
       a = 16.250      CL =  2.1877
      Cm = -0.1037     CD =  0.02048   =>   CDf =  0.00662    CDp =  0.01386

 Side 1  free  transition at x/c =  0.0444   43
 Side 2 forced transition at x/c =  1.0000   58

   9   rms: 0.3944E+00   max: 0.9217E+00   D at  104  1   RLX: 0.201
       a = 16.250      CL =  2.1105
      Cm = -0.0900     CD =  0.02278   =>   CDf =  0.00672    CDp =  0.01607

 Side 1  free  transition at x/c =  0.0872   49
 Side 2 forced transition at x/c =  1.0000   58

  10   rms: 0.3099E+00   max: -.5751E+01   C at   49  1   RLX: 0.087
       a = 16.250      CL =  2.0980
      Cm = -0.0789     CD =  0.02246   =>   CDf =  0.00614    CDp =  0.01632

 Side 1  free  transition at x/c =  0.0906   49
 Side 2 forced transition at x/c =  1.0000   58

  11   rms: 0.2739E+00   max: -.1460E+01   C at   49  1   RLX: 0.343
       a = 16.250      CL =  2.0075
      Cm = -0.0636     CD =  0.02596   =>   CDf =  0.00609    CDp =  0.01987

 Side 1  free  transition at x/c =  0.1052   51
 Side 2 forced transition at x/c =  1.0000   58
 idif Ue xi dudx           1  6.72855377E-02  6.87301159E-03   9.7898188    
 Uenew xinew           2  5.70914662E-03  5.83171844E-04

  12   rms: 0.1656E+00   max: -.2472E+01   C at   51  1   RLX: 0.202
       a = 16.250      CL =  1.9843
      Cm = -0.0581     CD =  0.02697   =>   CDf =  0.00615    CDp =  0.02082

 Side 1  free  transition at x/c =  0.1119   51
 Side 2 forced transition at x/c =  1.0000   59

  13   rms: 0.1602E+00   max: -.2384E+01   C at   51  1   RLX: 0.210
       a = 16.250      CL =  1.9639
      Cm = -0.0538     CD =  0.02783   =>   CDf =  0.00562    CDp =  0.02221

 Side 1  free  transition at x/c =  0.1193   51
 Side 2 forced transition at x/c =  1.0000   59

  14   rms: 0.1417E+00   max: -.1186E+01   C at   51  1   RLX: 0.422
       a = 16.250      CL =  1.9109
      Cm = -0.0465     CD =  0.03089   =>   CDf =  0.00551    CDp =  0.02538

 Side 1  free  transition at x/c =  0.1407   53
 Side 2 forced transition at x/c =  1.0000   59

  15   rms: 0.9407E-01   max: 0.2980E+00   D at   90  1
       a = 16.250      CL =  1.8261
      Cm = -0.0346     CD =  0.03654   =>   CDf =  0.00525    CDp =  0.03129

 Side 1  free  transition at x/c =  0.1513   54
 Side 2 forced transition at x/c =  1.0000   59

  16   rms: 0.2219E-01   max: 0.2270E+00   C at   54  1
       a = 16.250      CL =  1.8363
      Cm = -0.0350     CD =  0.03560   =>   CDf =  0.00504    CDp =  0.03056

 Side 1  free  transition at x/c =  0.1440   54
 Side 2 forced transition at x/c =  1.0000   59

  17   rms: 0.7930E-02   max: 0.4852E-01   D at   54  1
       a = 16.250      CL =  1.8294
      Cm = -0.0348     CD =  0.03628   =>   CDf =  0.00521    CDp =  0.03108

 Side 1  free  transition at x/c =  0.1449   54
 Side 2 forced transition at x/c =  1.0000   59

  18   rms: 0.4346E-03   max: 0.3658E-02   D at   85  1
       a = 16.250      CL =  1.8291
      Cm = -0.0348     CD =  0.03627   =>   CDf =  0.00517    CDp =  0.03110

 Side 1  free  transition at x/c =  0.1448   54
 Side 2 forced transition at x/c =  1.0000   59

  19   rms: 0.2235E-04   max: -.1551E-03   C at   59  2
       a = 16.250      CL =  1.8290
      Cm = -0.0348     CD =  0.03627   =>   CDf =  0.00517    CDp =  0.03109
 plradd ia,ip,cpol            1           0  1.42093375E-03

 Point added to stored polar  1
 Point written to save file  usa40b_Re500k.ext.pol                           
 Dump file unspecified or not available
 Calculating wake trajectory ...
 Calculating source influence matrix ...

 Solving BL system ...

 Side 1  free  transition at x/c =  0.1448   54
 Side 2 forced transition at x/c =  1.0000   59

   1   rms: 0.3630E-01   max: -.1515E+00   D at   54  1   RLX: 0.712
       a = 16.500      CL =  1.8293
      Cm = -0.0344     CD =  0.03804   =>   CDf =  0.00518    CDp =  0.03286

 Side 1  free  transition at x/c =  0.1423   53
 Side 2 forced transition at x/c =  1.0000   59

   2   rms: 0.1056E-01   max: -.6776E-01   C at   53  1
       a = 16.500      CL =  1.8358
      Cm = -0.0343     CD =  0.03795   =>   CDf =  0.00511    CDp =  0.03284

 Side 1  free  transition at x/c =  0.1404   53
 Side 2 forced transition at x/c =  1.0000   59

   3   rms: 0.9764E-03   max: 0.4532E-02   D at   84  1
       a = 16.500      CL =  1.8351
      Cm = -0.0343     CD =  0.03802   =>   CDf =  0.00508    CDp =  0.03294

 Side 1  free  transition at x/c =  0.1405   53
 Side 2 forced transition at x/c =  1.0000   59

   4   rms: 0.5154E-04   max: 0.3205E-03   D at   70  2
       a = 16.500      CL =  1.8350
      Cm = -0.0343     CD =  0.03802   =>   CDf =  0.00507    CDp =  0.03294
 plradd ia,ip,cpol            2           0  7.40586896E-04

 Point added to stored polar  1
 Point written to save file  usa40b_Re500k.ext.pol                           
 Dump file unspecified or not available
 Calculating wake trajectory ...
 Calculating source influence matrix ...

 Solving BL system ...

 Side 1  free  transition at x/c =  0.1405   53
 Side 2 forced transition at x/c =  1.0000   59

   1   rms: 0.3200E-01   max: 0.9833E-01   D at   83  1   RLX: 0.697
       a = 16.750      CL =  1.8399
      Cm = -0.0340     CD =  0.03936   =>   CDf =  0.00508    CDp =  0.03428

 Side 1  free  transition at x/c =  0.1358   53
 Side 2 forced transition at x/c =  1.0000   59

   2   rms: 0.1232E-01   max: 0.5940E-01   D at   83  1
       a = 16.750      CL =  1.8371
      Cm = -0.0339     CD =  0.04033   =>   CDf =  0.00504    CDp =  0.03528

 Side 1  free  transition at x/c =  0.1348   53
 Side 2 forced transition at x/c =  1.0000   59

   3   rms: 0.1597E-02   max: 0.1411E-01   D at   83  1
       a = 16.750      CL =  1.8360
      Cm = -0.0338     CD =  0.04032   =>   CDf =  0.00502    CDp =  0.03530

 Side 1  free  transition at x/c =  0.1349   53
 Side 2 forced transition at x/c =  1.0000   59

   4   rms: 0.7974E-04   max: 0.5271E-03   D at   71  2
       a = 16.750      CL =  1.8359
      Cm = -0.0338     CD =  0.04031   =>   CDf =  0.00501    CDp =  0.03530
 plradd ia,ip,cpol            3           0  7.40586896E-04

 Point added to stored polar  1
 Point written to save file  usa40b_Re500k.ext.pol                           
 Dump file unspecified or not available
 Calculating wake trajectory ...
 Calculating source influence matrix ...

 Solving BL system ...

 Side 1  free  transition at x/c =  0.1349   53
 Side 2 forced transition at x/c =  1.0000   59

   1   rms: 0.3763E-01   max: 0.1465E+00   D at   81  1   RLX: 0.663
       a = 17.000      CL =  1.8349
      Cm = -0.0337     CD =  0.04228   =>   CDf =  0.00502    CDp =  0.03726

 Side 1  free  transition at x/c =  0.1317   52
 Side 2 forced transition at x/c =  1.0000   59

   2   rms: 0.1104E-01   max: 0.5151E-01   D at   82  1
       a = 17.000      CL =  1.8354
      Cm = -0.0336     CD =  0.04294   =>   CDf =  0.00500    CDp =  0.03794

 Side 1  free  transition at x/c =  0.1297   52
 Side 2 forced transition at x/c =  1.0000   59

   3   rms: 0.1849E-02   max: 0.9748E-02   D at   82  1
       a = 17.000      CL =  1.8340
      Cm = -0.0335     CD =  0.04299   =>   CDf =  0.00496    CDp =  0.03803

 Side 1  free  transition at x/c =  0.1300   52
 Side 2 forced transition at x/c =  1.0000   59

   4   rms: 0.9356E-04   max: 0.7368E-03   D at   71  2
       a = 17.000      CL =  1.8340
      Cm = -0.0335     CD =  0.04298   =>   CDf =  0.00495    CDp =  0.03802
 plradd ia,ip,cpol            4           0  7.40586896E-04

 Point added to stored polar  1
 Point written to save file  usa40b_Re500k.ext.pol                           
 Dump file unspecified or not available
 Calculating wake trajectory ...
 Calculating source influence matrix ...

 Solving BL system ...

 Side 1  free  transition at x/c =  0.1300   52
 Side 2 forced transition at x/c =  1.0000   59

   1   rms: 0.3316E-01   max: 0.1160E+00   D at   80  1   RLX: 0.642
       a = 17.250      CL =  1.8361
      Cm = -0.0335     CD =  0.04459   =>   CDf =  0.00496    CDp =  0.03963

 Side 1  free  transition at x/c =  0.1243   52
 Side 2 forced transition at x/c =  1.0000   59

   2   rms: 0.1743E-01   max: 0.9440E-01   D at   81  1
       a = 17.250      CL =  1.8300
      Cm = -0.0335     CD =  0.04621   =>   CDf =  0.00494    CDp =  0.04127

 Side 1  free  transition at x/c =  0.1230   52
 Side 2 forced transition at x/c =  1.0000   59

   3   rms: 0.1791E-02   max: 0.1043E-01   D at   80  1
       a = 17.250      CL =  1.8287
      Cm = -0.0335     CD =  0.04612   =>   CDf =  0.00491    CDp =  0.04121

 Side 1  free  transition at x/c =  0.1233   52
 Side 2 forced transition at x/c =  1.0000   59

   4   rms: 0.9654E-04   max: 0.6948E-03   D at   80  1
       a = 17.250      CL =  1.8286
      Cm = -0.0335     CD =  0.04611   =>   CDf =  0.00490    CDp =  0.04121
 plradd ia,ip,cpol            5           0  7.40586896E-04

 Point added to stored polar  1
 Point written to save file  usa40b_Re500k.ext.pol                           
 Dump file unspecified or not available
 Calculating wake trajectory ...
 Calculating source influence matrix ...

 Solving BL system ...

 Side 1  free  transition at x/c =  0.1233   52
 Side 2 forced transition at x/c =  1.0000   59

   1   rms: 0.4339E-01   max: 0.2148E+00   C at   52  1   RLX: 0.606
       a = 17.500      CL =  1.8235
      Cm = -0.0337     CD =  0.04865   =>   CDf =  0.00490    CDp =  0.04374

 Side 1  free  transition at x/c =  0.1199   51
 Side 2 forced transition at x/c =  1.0000   59

   2   rms: 0.1481E-01   max: 0.7979E-01   C at   51  1
       a = 17.500      CL =  1.8220
      Cm = -0.0337     CD =  0.04975   =>   CDf =  0.00487    CDp =  0.04487

 Side 1  free  transition at x/c =  0.1165   51
 Side 2 forced transition at x/c =  1.0000   59

   3   rms: 0.3542E-02   max: -.2884E-01   C at   51  1
       a = 17.500      CL =  1.8196
      Cm = -0.0337     CD =  0.04986   =>   CDf =  0.00485    CDp =  0.04501

 Side 1  free  transition at x/c =  0.1172   51
 Side 2 forced transition at x/c =  1.0000   59

   4   rms: 0.2497E-03   max: -.1694E-02   C at   51  1
       a = 17.500      CL =  1.8194
      Cm = -0.0337     CD =  0.04984   =>   CDf =  0.00484    CDp =  0.04500

 Side 1  free  transition at x/c =  0.1172   51
 Side 2 forced transition at x/c =  1.0000   59

   5   rms: 0.9635E-05   max: -.1098E-03   C at   59  2
       a = 17.500      CL =  1.8194
      Cm = -0.0337     CD =  0.04984   =>   CDf =  0.00484    CDp =  0.04500
 plradd ia,ip,cpol            6           0  7.40586896E-04

 Point added to stored polar  1
 Point written to save file  usa40b_Re500k.ext.pol                           
 Dump file unspecified or not available
 Calculating wake trajectory ...
 Calculating source influence matrix ...

 Solving BL system ...

 Side 1  free  transition at x/c =  0.1172   51
 Side 2 forced transition at x/c =  1.0000   59

   1   rms: 0.4090E-01   max: 0.2655E+00   C at   51  1   RLX: 0.581
       a = 17.750      CL =  1.8155
      Cm = -0.0341     CD =  0.05227   =>   CDf =  0.00484    CDp =  0.04743

 Side 1  free  transition at x/c =  0.1123   51
 Side 2 forced transition at x/c =  1.0000   59

   2   rms: 0.2302E-01   max: 0.1285E+00   D at   78  1
       a = 17.750      CL =  1.8059
      Cm = -0.0345     CD =  0.05469   =>   CDf =  0.00484    CDp =  0.04985

 Side 1  free  transition at x/c =  0.1109   51
 Side 2 forced transition at x/c =  1.0000   59

   3   rms: 0.3009E-02   max: 0.2229E-01   D at   77  1
       a = 17.750      CL =  1.8039
      Cm = -0.0344     CD =  0.05453   =>   CDf =  0.00480    CDp =  0.04973

 Side 1  free  transition at x/c =  0.1113   51
 Side 2 forced transition at x/c =  1.0000   59

   4   rms: 0.1843E-03   max: 0.1473E-02   D at   77  1
       a = 17.750      CL =  1.8038
      Cm = -0.0344     CD =  0.05451   =>   CDf =  0.00479    CDp =  0.04972

 Side 1  free  transition at x/c =  0.1113   51
 Side 2 forced transition at x/c =  1.0000   59

   5   rms: 0.9318E-05   max: -.1049E-03   C at   59  2
       a = 17.750      CL =  1.8038
      Cm = -0.0344     CD =  0.05451   =>   CDf =  0.00479    CDp =  0.04972
 plradd ia,ip,cpol            7           0  7.40586896E-04

 Point added to stored polar  1
 Point written to save file  usa40b_Re500k.ext.pol                           
 Dump file unspecified or not available
 Calculating wake trajectory ...
 Calculating source influence matrix ...

 Solving BL system ...

 Side 1  free  transition at x/c =  0.1113   51
 Side 2 forced transition at x/c =  1.0000   59

   1   rms: 0.5292E-01   max: 0.2537E+00   D at   76  1   RLX: 0.546
       a = 18.000      CL =  1.7938
      Cm = -0.0352     CD =  0.05792   =>   CDf =  0.00479    CDp =  0.05312

 Side 1  free  transition at x/c =  0.1088   50
 Side 2 forced transition at x/c =  1.0000   59

   2   rms: 0.2055E-01   max: 0.1783E+00   C at   50  1
       a = 18.000      CL =  1.7893
      Cm = -0.0356     CD =  0.05967   =>   CDf =  0.00473    CDp =  0.05494

 Side 1  free  transition at x/c =  0.1054   50
 Side 2 forced transition at x/c =  1.0000   59

   3   rms: 0.3546E-02   max: -.3194E-01   C at   50  1
       a = 18.000      CL =  1.7869
      Cm = -0.0355     CD =  0.05963   =>   CDf =  0.00472    CDp =  0.05491

 Side 1  free  transition at x/c =  0.1060   50
 Side 2 forced transition at x/c =  1.0000   59

   4   rms: 0.2765E-03   max: -.2003E-02   C at   50  1
       a = 18.000      CL =  1.7867
      Cm = -0.0355     CD =  0.05961   =>   CDf =  0.00470    CDp =  0.05490

 Side 1  free  transition at x/c =  0.1060   50
 Side 2 forced transition at x/c =  1.0000   59

   5   rms: 0.1486E-04   max: -.1456E-03   C at   59  2
       a = 18.000      CL =  1.7867
      Cm = -0.0355     CD =  0.05960   =>   CDf =  0.00470    CDp =  0.05490
 plradd ia,ip,cpol            8           0  7.40586896E-04

 Point added to stored polar  1
 Point written to save file  usa40b_Re500k.ext.pol                           
 Dump file unspecified or not available

.OPERva   c>   Calculating wake trajectory ...
 Calculating source influence matrix ...

 Solving BL system ...

 Side 1  free  transition at x/c =  0.1060   50
 Side 2 forced transition at x/c =  1.0000   59

   1   rms: 0.4933E-01   max: 0.2969E+00   C at   50  1   RLX: 0.522
       a = 18.250      CL =  1.7785
      Cm = -0.0364     CD =  0.06287   =>   CDf =  0.00471    CDp =  0.05816

 Side 1  free  transition at x/c =  0.1030   50
 Side 2 forced transition at x/c =  1.0000   59

   2   rms: 0.2739E-01   max: 0.1470E+00   D at   74  1
       a = 18.250      CL =  1.7665
      Cm = -0.0374     CD =  0.06606   =>   CDf =  0.00468    CDp =  0.06138

 Side 1  free  transition at x/c =  0.1014   50
 Side 2 forced transition at x/c =  1.0000   59

   3   rms: 0.5301E-02   max: 0.4481E-01   D at   74  1
       a = 18.250      CL =  1.7632
      Cm = -0.0373     CD =  0.06595   =>   CDf =  0.00464    CDp =  0.06131

 Side 1  free  transition at x/c =  0.1019   50
 Side 2 forced transition at x/c =  1.0000   59

   4   rms: 0.4489E-03   max: 0.4642E-02   D at   73  2
       a = 18.250      CL =  1.7629
      Cm = -0.0373     CD =  0.06588   =>   CDf =  0.00462    CDp =  0.06126

 Side 1  free  transition at x/c =  0.1019   50
 Side 2 forced transition at x/c =  1.0000   59

   5   rms: 0.1664E-04   max: 0.1955E-03   D at   73  2
       a = 18.250      CL =  1.7629
      Cm = -0.0373     CD =  0.06588   =>   CDf =  0.00462    CDp =  0.06126
 plradd ia,ip,cpol            9           0  7.40586896E-04

 Point added to stored polar  1
 Point written to save file  usa40b_Re500k.ext.pol                           
 Dump file unspecified or not available
 Calculating wake trajectory ...
 Calculating source influence matrix ...

 Solving BL system ...

 Side 1  free  transition at x/c =  0.1019   50
 Side 2 forced transition at x/c =  1.0000   59

   1   rms: 0.1144E+00   max: 0.5854E+00   D at   72  1   RLX: 0.468
       a = 18.750      CL =  1.7411
      Cm = -0.0398     CD =  0.07340   =>   CDf =  0.00463    CDp =  0.06877

 Side 1  free  transition at x/c =  0.0989   49
 Side 2 forced transition at x/c =  1.0000   59

   2   rms: 0.5726E-01   max: 0.3468E+00   D at   72  1
       a = 18.750      CL =  1.7194
      Cm = -0.0423     CD =  0.08041   =>   CDf =  0.00453    CDp =  0.07588

 Side 1  free  transition at x/c =  0.0951   49
 Side 2 forced transition at x/c =  1.0000   59

   3   rms: 0.1453E-01   max: 0.1327E+00   D at   70  1
       a = 18.750      CL =  1.7116
      Cm = -0.0423     CD =  0.08023   =>   CDf =  0.00444    CDp =  0.07579

 Side 1  free  transition at x/c =  0.0959   49
 Side 2 forced transition at x/c =  1.0000   59

   4   rms: 0.1076E-02   max: 0.8149E-02   D at   69  1
       a = 18.750      CL =  1.7110
      Cm = -0.0422     CD =  0.07993   =>   CDf =  0.00439    CDp =  0.07553

 Side 1  free  transition at x/c =  0.0960   49
 Side 2 forced transition at x/c =  1.0000   59

   5   rms: 0.5991E-04   max: 0.9453E-03   D at   74  2
       a = 18.750      CL =  1.7110
      Cm = -0.0422     CD =  0.07991   =>   CDf =  0.00439    CDp =  0.07552
 plradd ia,ip,cpol           10           0  7.40586896E-04

 Point added to stored polar  1
 Point written to save file  usa40b_Re500k.ext.pol                           
 Dump file unspecified or not available
 Calculating wake trajectory ...
 Calculating source influence matrix ...

 Solving BL system ...

 Side 1  free  transition at x/c =  0.0960   49
 Side 2 forced transition at x/c =  1.0000   59

   1   rms: 0.1074E+00   max: 0.5747E+00   D at   68  1   RLX: 0.426
       a = 19.250      CL =  1.6914
      Cm = -0.0451     CD =  0.08747   =>   CDf =  0.00440    CDp =  0.08306

 Side 1  free  transition at x/c =  0.0936   49
 Side 2 forced transition at x/c =  1.0000   59

   2   rms: 0.7175E-01   max: 0.4427E+00   D at   68  1
       a = 19.250      CL =  1.6564
      Cm = -0.0494     CD =  0.09830   =>   CDf =  0.00433    CDp =  0.09397

 Side 1  free  transition at x/c =  0.0916   49
 Side 2 forced transition at x/c =  1.0000   59

   3   rms: 0.1379E-01   max: 0.1329E+00   D at   67  1
       a = 19.250      CL =  1.6498
      Cm = -0.0490     CD =  0.09676   =>   CDf =  0.00420    CDp =  0.09256

 Side 1  free  transition at x/c =  0.0920   49
 Side 2 forced transition at x/c =  1.0000   59

   4   rms: 0.2493E-02   max: 0.2956E-01   D at   66  1
       a = 19.250      CL =  1.6485
      Cm = -0.0490     CD =  0.09653   =>   CDf =  0.00417    CDp =  0.09235

 Side 1  free  transition at x/c =  0.0921   49
 Side 2 forced transition at x/c =  1.0000   59

   5   rms: 0.2095E-03   max: 0.1374E-02   D at   75  2
       a = 19.250      CL =  1.6484
      Cm = -0.0490     CD =  0.09645   =>   CDf =  0.00417    CDp =  0.09229

 Side 1  free  transition at x/c =  0.0921   49
 Side 2 forced transition at x/c =  1.0000   59

   6   rms: 0.8806E-05   max: -.8097E-04   C at   59  2
       a = 19.250      CL =  1.6484
      Cm = -0.0490     CD =  0.09645   =>   CDf =  0.00417    CDp =  0.09228
 plradd ia,ip,cpol           11           0  7.40586896E-04

 Point added to stored polar  1
 Point written to save file  usa40b_Re500k.ext.pol                           
 Dump file unspecified or not available
 Calculating wake trajectory ...
 Calculating source influence matrix ...

 Solving BL system ...

 Side 1  free  transition at x/c =  0.0921   49
 Side 2 forced transition at x/c =  1.0000   59

   1   rms: 0.1085E+00   max: 0.6047E+00   D at   65  1   RLX: 0.385
       a = 19.750      CL =  1.6279
      Cm = -0.0523     CD =  0.10445   =>   CDf =  0.00417    CDp =  0.10027

 Side 1  free  transition at x/c =  0.0903   48
 Side 2 forced transition at x/c =  1.0000   59

   2   rms: 0.5148E-01   max: 0.3221E+00   D at   65  1
       a = 19.750      CL =  1.6080
      Cm = -0.0559     CD =  0.11304   =>   CDf =  0.00409    CDp =  0.10895

 Side 1  free  transition at x/c =  0.0872   48
 Side 2 forced transition at x/c =  1.0000   59

   3   rms: 0.1453E-01   max: 0.1193E+00   D at   64  1
       a = 19.750      CL =  1.5990
      Cm = -0.0560     CD =  0.11222   =>   CDf =  0.00398    CDp =  0.10824

 Side 1  free  transition at x/c =  0.0878   48
 Side 2 forced transition at x/c =  1.0000   59

   4   rms: 0.1111E-02   max: -.9976E-02   D at   64  1
       a = 19.750      CL =  1.5988
      Cm = -0.0558     CD =  0.11157   =>   CDf =  0.00395    CDp =  0.10762

 Side 1  free  transition at x/c =  0.0879   48
 Side 2 forced transition at x/c =  1.0000   59

   5   rms: 0.5480E-04   max: 0.2297E-03   D at   76  2
       a = 19.750      CL =  1.5988
      Cm = -0.0558     CD =  0.11154   =>   CDf =  0.00395    CDp =  0.10760
 plradd ia,ip,cpol           12           0  7.40586896E-04

 Point added to stored polar  1
 Point written to save file  usa40b_Re500k.ext.pol                           
 Dump file unspecified or not available
 Calculating wake trajectory ...
 Calculating source influence matrix ...

 Solving BL system ...

 Side 1  free  transition at x/c =  0.0879   48
 Side 2 forced transition at x/c =  1.0000   59

   1   rms: 0.8307E-01   max: 0.4831E+00   D at   63  1   RLX: 0.360
       a = 20.250      CL =  1.5860
      Cm = -0.0586     CD =  0.11806   =>   CDf =  0.00396    CDp =  0.11410

 Side 1  free  transition at x/c =  0.0861   48
 Side 2 forced transition at x/c =  1.0000   59

   2   rms: 0.5317E-01   max: 0.3209E+00   D at   62  1
       a = 20.250      CL =  1.5626
      Cm = -0.0631     CD =  0.12850   =>   CDf =  0.00390    CDp =  0.12460

 Side 1  free  transition at x/c =  0.0832   48
 Side 2 forced transition at x/c =  1.0000   59

   3   rms: 0.1357E-01   max: 0.1162E+00   D at   62  1
       a = 20.250      CL =  1.5552
      Cm = -0.0632     CD =  0.12695   =>   CDf =  0.00384    CDp =  0.12310

 Side 1  free  transition at x/c =  0.0836   48
 Side 2 forced transition at x/c =  1.0000   59

   4   rms: 0.1295E-02   max: -.1168E-01   D at   62  1
       a = 20.250      CL =  1.5551
      Cm = -0.0631     CD =  0.12613   =>   CDf =  0.00381    CDp =  0.12232

 Side 1  free  transition at x/c =  0.0836   48
 Side 2 forced transition at x/c =  1.0000   59

   5   rms: 0.8116E-04   max: -.2326E-03   D at   78  2
       a = 20.250      CL =  1.5552
      Cm = -0.0631     CD =  0.12610   =>   CDf =  0.00381    CDp =  0.12229
 plradd ia,ip,cpol           13           0  7.40586896E-04

 Point added to stored polar  1
 Point written to save file  usa40b_Re500k.ext.pol                           
 Dump file unspecified or not available
 Calculating wake trajectory ...
 Calculating source influence matrix ...

 Solving BL system ...

 Side 1  free  transition at x/c =  0.0836   48
 Side 2 forced transition at x/c =  1.0000   59

   1   rms: 0.7422E-01   max: 0.4363E+00   D at   61  1   RLX: 0.337
       a = 20.750      CL =  1.5446
      Cm = -0.0656     CD =  0.13204   =>   CDf =  0.00382    CDp =  0.12822

 Side 1  free  transition at x/c =  0.0819   47
 Side 2 forced transition at x/c =  1.0000   59

   2   rms: 0.4468E-01   max: 0.2823E+00   D at   61  1
       a = 20.750      CL =  1.5321
      Cm = -0.0698     CD =  0.14106   =>   CDf =  0.00380    CDp =  0.13726

 Side 1  free  transition at x/c =  0.0786   47
 Side 2 forced transition at x/c =  1.0000   59

   3   rms: 0.6701E-02   max: 0.3900E-01   D at   60  1
       a = 20.750      CL =  1.5295
      Cm = -0.0693     CD =  0.13829   =>   CDf =  0.00366    CDp =  0.13463

 Side 1  free  transition at x/c =  0.0789   47
 Side 2 forced transition at x/c =  1.0000   59

   4   rms: 0.1271E-02   max: 0.1127E-01   D at   60  1
       a = 20.750      CL =  1.5288
      Cm = -0.0694     CD =  0.13807   =>   CDf =  0.00365    CDp =  0.13442

 Side 1  free  transition at x/c =  0.0789   47
 Side 2 forced transition at x/c =  1.0000   59

   5   rms: 0.1462E-03   max: 0.6443E-03   D at   79  2
       a = 20.750      CL =  1.5287
      Cm = -0.0694     CD =  0.13805   =>   CDf =  0.00365    CDp =  0.13440

 Side 1  free  transition at x/c =  0.0790   47
 Side 2 forced transition at x/c =  1.0000   59

   6   rms: 0.1544E-04   max: -.1147E-03   C at   59  2
       a = 20.750      CL =  1.5287
      Cm = -0.0694     CD =  0.13804   =>   CDf =  0.00365    CDp =  0.13439
 plradd ia,ip,cpol           14           0  7.40586896E-04

 Point added to stored polar  1
 Point written to save file  usa40b_Re500k.ext.pol                           
 Dump file unspecified or not available
 Calculating wake trajectory ...
 Calculating source influence matrix ...

 Solving BL system ...

 Side 1  free  transition at x/c =  0.0790   47
 Side 2 forced transition at x/c =  1.0000   59

   1   rms: 0.6617E-01   max: 0.4147E+00   D at   59  1   RLX: 0.322
       a = 21.250      CL =  1.5217
      Cm = -0.0717     CD =  0.14322   =>   CDf =  0.00366    CDp =  0.13956

 Side 1  free  transition at x/c =  0.0771   47
 Side 2 forced transition at x/c =  1.0000   59

   2   rms: 0.4216E-01   max: 0.2570E+00   D at   59  1
       a = 21.250      CL =  1.5095
      Cm = -0.0761     CD =  0.15251   =>   CDf =  0.00329    CDp =  0.14922

 Side 1  free  transition at x/c =  0.0733   47
 Side 2 forced transition at x/c =  1.0000   58

   3   rms: 0.9666E-02   max: -.7894E-01   T at    2  1
       a = 21.250      CL =  1.5046
      Cm = -0.0761     CD =  0.15029   =>   CDf =  0.00361    CDp =  0.14668

 Side 1  free  transition at x/c =  0.0738   48
 Side 2 forced transition at x/c =  1.0000   58

   4   rms: 0.3879E-02   max: 0.4340E-01   D at   47  1
       a = 21.250      CL =  1.5038
      Cm = -0.0762     CD =  0.14994   =>   CDf =  0.00357    CDp =  0.14637

 Side 1  free  transition at x/c =  0.0737   48
 Side 2 forced transition at x/c =  1.0000   58

   5   rms: 0.3909E-03   max: -.3081E-02   D at   60  1
       a = 21.250      CL =  1.5038
      Cm = -0.0761     CD =  0.14980   =>   CDf =  0.00359    CDp =  0.14621

 Side 1  free  transition at x/c =  0.0736   48
 Side 2 forced transition at x/c =  1.0000   58

   6   rms: 0.2567E-04   max: -.9510E-04   T at   76  2
       a = 21.250      CL =  1.5038
      Cm = -0.0761     CD =  0.14979   =>   CDf =  0.00359    CDp =  0.14620
 plradd ia,ip,cpol           15           0  7.40586896E-04

 Point added to stored polar  1
 Point written to save file  usa40b_Re500k.ext.pol                           
 Dump file unspecified or not available
 Calculating wake trajectory ...
 Calculating source influence matrix ...

 Solving BL system ...

 Side 1  free  transition at x/c =  0.0736   48
 Side 2 forced transition at x/c =  1.0000   58

   1   rms: 0.5975E-01   max: 0.3445E+00   D at   59  1   RLX: 0.307
       a = 21.750      CL =  1.4984
      Cm = -0.0782     CD =  0.15440   =>   CDf =  0.00360    CDp =  0.15080

 Side 1  free  transition at x/c =  0.0718   47
 Side 2 forced transition at x/c =  1.0000   58

   2   rms: 0.4339E-01   max: 0.2710E+00   D at   59  1
       a = 21.750      CL =  1.4924
      Cm = -0.0825     CD =  0.16323   =>   CDf =  0.00355    CDp =  0.15968

 Side 1  free  transition at x/c =  0.0664   47
 Side 2 forced transition at x/c =  1.0000   58

   3   rms: 0.1279E-01   max: 0.8878E-01   D at   59  1
       a = 21.750      CL =  1.4850
      Cm = -0.0829     CD =  0.16181   =>   CDf =  0.00347    CDp =  0.15834

 Side 1  free  transition at x/c =  0.0672   47
 Side 2 forced transition at x/c =  1.0000   58

   4   rms: 0.1168E-02   max: -.6618E-02   D at   59  1
       a = 21.750      CL =  1.4851
      Cm = -0.0828     CD =  0.16074   =>   CDf =  0.00343    CDp =  0.15731

 Side 1  free  transition at x/c =  0.0672   47
 Side 2 forced transition at x/c =  1.0000   58

   5   rms: 0.1030E-03   max: 0.4135E-03   C at   58  2
       a = 21.750      CL =  1.4852
      Cm = -0.0828     CD =  0.16071   =>   CDf =  0.00343    CDp =  0.15728

 Side 1  free  transition at x/c =  0.0672   47
 Side 2 forced transition at x/c =  1.0000   58

   6   rms: 0.1239E-04   max: -.8426E-04   D at   75  2
       a = 21.750      CL =  1.4852
      Cm = -0.0828     CD =  0.16072   =>   CDf =  0.00343    CDp =  0.15729
 plradd ia,ip,cpol           16           0  7.40586896E-04

 Point added to stored polar  1
 Point written to save file  usa40b_Re500k.ext.pol                           
 Dump file unspecified or not available
 Calculating wake trajectory ...
 Calculating source influence matrix ...

 Solving BL system ...

 Side 1  free  transition at x/c =  0.0672   47
 Side 2 forced transition at x/c =  1.0000   58

   1   rms: 0.6715E-01   max: 0.4208E+00   D at   58  1   RLX: 0.294
       a = 22.250      CL =  1.4792
      Cm = -0.0850     CD =  0.16567   =>   CDf =  0.00344    CDp =  0.16223

 Side 1  free  transition at x/c =  0.0650   46
 Side 2 forced transition at x/c =  1.0000   58

   2   rms: 0.4242E-01   max: -.3714E+00   C at   46  1
       a = 22.250      CL =  1.4761
      Cm = -0.0891     CD =  0.17387   =>   CDf =  0.00345    CDp =  0.17042

 Side 1  free  transition at x/c =  0.0569   45
 Side 2 forced transition at x/c =  1.0000   58

   3   rms: 0.2375E-01   max: 0.1526E+00   D at   58  1
       a = 22.250      CL =  1.4621
      Cm = -0.0906     CD =  0.17433   =>   CDf =  0.00343    CDp =  0.17090

 Side 1  free  transition at x/c =  0.0602   46
 Side 2 forced transition at x/c =  1.0000   58

   4   rms: 0.1080E-01   max: 0.1546E+00   C at   46  1
       a = 22.250      CL =  1.4640
      Cm = -0.0901     CD =  0.17228   =>   CDf =  0.00328    CDp =  0.16899

 Side 1  free  transition at x/c =  0.0587   46
 Side 2 forced transition at x/c =  1.0000   58

   5   rms: 0.7507E-03   max: -.9640E-02   D at   47  1
       a = 22.250      CL =  1.4641
      Cm = -0.0901     CD =  0.17219   =>   CDf =  0.00336    CDp =  0.16883

 Side 1  free  transition at x/c =  0.0587   46
 Side 2 forced transition at x/c =  1.0000   58

   6   rms: 0.6899E-04   max: 0.3355E-03   C at   58  2
       a = 22.250      CL =  1.4641
      Cm = -0.0901     CD =  0.17221   =>   CDf =  0.00336    CDp =  0.16885
 plradd ia,ip,cpol           17           0  2.42035167E-04

 Point added to stored polar  1
 Point written to save file  usa40b_Re500k.ext.pol                           
 Dump file unspecified or not available

.OPERva   c>  
 Polar accumulation disabled

.OPERv   c>  
 XFOIL   c>  
 XFOIL   c>  