
 ===================================================
  XFOIL Version 6.99
  Copyright (C) 2000   Mark Drela, Harold Youngren

  This software comes with ABSOLUTELY NO WARRANTY,
    subject to the GNU General Public License.

  Caveat computor
 ===================================================

 File  xfoil.def  not found

   QUIT    Exit program

  .OPER    Direct operating point(s)
  .MDES    Complex mapping design routine
  .QDES    Surface speed design routine
  .GDES    Geometry design routine

   SAVE f  Write airfoil to labeled coordinate file
   PSAV f  Write airfoil to plain coordinate file
   ISAV f  Write airfoil to ISES coordinate file
   MSAV f  Write airfoil to MSES coordinate file
   REVE    Reverse written-airfoil node ordering

   LOAD f  Read buffer airfoil from coordinate file
   NACA i  Set NACA 4,5-digit airfoil and buffer airfoil
   INTE    Set buffer airfoil by interpolating two airfoils
   NORM    Buffer airfoil normalization toggle
   XYCM rr Change CM reference location, currently  0.25000 0.00000

   BEND    Display structural properties of current airfoil

   PCOP    Set current-airfoil panel nodes directly from buffer airfoil points
   PANE    Set current-airfoil panel nodes ( 160 ) based on curvature
  .PPAR    Show/change paneling

  .PLOP    Plotting options

   WDEF f  Write  current-settings file
   RDEF f  Reread current-settings file
   NAME s  Specify new airfoil name
   NINC    Increment name version number

   Z       Zoom    | (available in all menus)
   U       Unzoom  | 

 XFOIL   c>  
 Labeled airfoil file.  Name:  USA 40 B AIRFOIL                                

 Number of input coordinate points:  33
 Counterclockwise ordering
 Max thickness =     0.136322  at x =   0.200
 Max camber    =     0.038081  at x =   0.400

  LE  x,y  =  -0.00022   0.00321  |   Chord =   1.00022
  TE  x,y  =   1.00000   0.00000  |

 Current airfoil nodes set from buffer airfoil nodes (  33 )

 WARNING: Poor input coordinate distribution
          Excessive panel angle   55.5  at i =  17
          Repaneling with PANE and/or PPAR suggested
           (doing GDES,CADD before repaneling _may_
            improve excessively coarse LE spacing

 XFOIL   c>  
 XFOIL   c>  
 Sharp trailing edge

 Paneling parameters used...
   Number of panel nodes       160
   Panel bunching parameter    1.000
   TE/LE panel density ratio   0.150
   Refined-area/LE panel density ratio    0.200
   Top    side refined area x/c limits  1.000 1.000
   Bottom side refined area x/c limits  1.000 1.000

 XFOIL   c>  
.OPERi   c>  
 Xtr/c     =  1.0000    top    side
 Xtr/c     =  1.0000    bottom side
 Ncrit     =    9.00   ( 0.070 % turb. level )
 Vacc      =  0.0100

 Klag  =  5.6000     Uxwt  =    1.00
 A     =  6.7000     B     =  0.7500       KCt = 0.01485
 CtiniK=  1.8000     CtiniX=  3.3000

..VPAR   c>  
..VPAR   c>  
.OPERi   c>  
 M  =    0.0000
 Re =    600000

.OPERv   c>  
.OPERv   c>  
.OPERv   c>  
 Polar  1 newly created for accumulation
 Airfoil archived with polar: USA 40 B AIRFOIL                                

Enter  polar save filename  OR  <return> for no file   s>  
 New polar save file available

Enter  polar dump filename  OR  <return> for no file   s>  
 Polar dump file will NOT be written

 Polar accumulation enabled

.OPERva   c>   Calculating unit vorticity distributions ...
 Calculating wake trajectory ...
 Calculating source influence matrix ...

 Solving BL system ...

 Initializing BL ...
    side            1  ...
 MRCHUE: Inverse mode at  53     Hk =   4.336
 MRCHUE: Inverse mode at  54     Hk =   5.127
 MRCHUE: Inverse mode at  55     Hk =   5.912
 MRCHUE: Inverse mode at  56     Hk =   3.365
 MRCHUE: Inverse mode at  76     Hk =   2.500
    side            2  ...
 MRCHUE: Inverse mode at  22     Hk =   3.929
 MRCHUE: Inverse mode at  23     Hk =   4.951
 MRCHUE: Inverse mode at  24     Hk =   5.937
 MRCHUE: Inverse mode at  25     Hk =   6.915
 MRCHUE: Inverse mode at  26     Hk =   7.902
 MRCHUE: Inverse mode at  27     Hk =   8.915
 MRCHUE: Inverse mode at  28     Hk =   9.965
 MRCHUE: Inverse mode at  29     Hk =   5.971
 MRCHUE: Inverse mode at  30     Hk =   2.923

 Side 1  free  transition at x/c =  0.6535   56
 Side 2  free  transition at x/c =  0.0456   29

   1   rms: 0.1250E+00   max: -.7509E+00   T at   56  1   RLX: 0.666
       a = -4.000      CL =  0.0581
      Cm = -0.1020     CD =  0.01049   =>   CDf =  0.00684    CDp =  0.00365

 Side 1  free  transition at x/c =  0.6702   57
 Side 2  free  transition at x/c =  0.0443   29

   2   rms: 0.6503E-01   max: -.6443E+00   C at   57  1   RLX: 0.776
       a = -4.000      CL =  0.0554
      Cm = -0.0991     CD =  0.01085   =>   CDf =  0.00692    CDp =  0.00393

 Side 1  free  transition at x/c =  0.7029   58
 Side 2  free  transition at x/c =  0.0436   28

   3   rms: 0.2637E-01   max: 0.2538E+00   C at   58  1
       a = -4.000      CL =  0.0726
      Cm = -0.1025     CD =  0.01068   =>   CDf =  0.00656    CDp =  0.00412

 Side 1  free  transition at x/c =  0.7036   58
 Side 2  free  transition at x/c =  0.0439   28

   4   rms: 0.2113E-02   max: 0.4054E-01   C at   58  1
       a = -4.000      CL =  0.0733
      Cm = -0.1027     CD =  0.01069   =>   CDf =  0.00660    CDp =  0.00409

 Side 1  free  transition at x/c =  0.7024   58
 Side 2  free  transition at x/c =  0.0439   28

   5   rms: 0.2091E-04   max: -.3437E-03   C at   58  1
       a = -4.000      CL =  0.0733
      Cm = -0.1027     CD =  0.01069   =>   CDf =  0.00661    CDp =  0.00408
 plradd ia,ip,cpol            1           0  1.36209009E-02

 Point added to stored polar  1
 Point written to save file  usa40b_Re600k.base.pol                          
 Dump file unspecified or not available
 Calculating wake trajectory ...
 Calculating source influence matrix ...

 Solving BL system ...

 Side 1  free  transition at x/c =  0.7024   58
 Side 2  free  transition at x/c =  0.0439   28

   1   rms: 0.8185E-01   max: -.3034E+00   T at   28  2
       a = -3.500      CL =  0.1275
      Cm = -0.1018     CD =  0.01032   =>   CDf =  0.00669    CDp =  0.00363

 Side 1  free  transition at x/c =  0.6664   57
 Side 2  free  transition at x/c =  0.0472   28

   2   rms: 0.2990E-01   max: 0.4537E+00   D at   28  2
       a = -3.500      CL =  0.1252
      Cm = -0.1014     CD =  0.01031   =>   CDf =  0.00678    CDp =  0.00353

 Side 1  free  transition at x/c =  0.6752   58
 Side 2  free  transition at x/c =  0.0470   28

   3   rms: 0.7257E-02   max: 0.1045E+00   C at   58  1
       a = -3.500      CL =  0.1260
      Cm = -0.1016     CD =  0.01026   =>   CDf =  0.00668    CDp =  0.00358

 Side 1  free  transition at x/c =  0.6721   58
 Side 2  free  transition at x/c =  0.0469   28

   4   rms: 0.1146E-03   max: -.1336E-02   D at   59  1
       a = -3.500      CL =  0.1260
      Cm = -0.1016     CD =  0.01026   =>   CDf =  0.00670    CDp =  0.00357

 Side 1  free  transition at x/c =  0.6721   58
 Side 2  free  transition at x/c =  0.0469   28

   5   rms: 0.9462E-06   max: -.4541E-05   D at    4  1
       a = -3.500      CL =  0.1260
      Cm = -0.1016     CD =  0.01026   =>   CDf =  0.00669    CDp =  0.00357
 plradd ia,ip,cpol            2           0  1.36209009E-02

 Point added to stored polar  1
 Point written to save file  usa40b_Re600k.base.pol                          
 Dump file unspecified or not available
 Calculating wake trajectory ...
 Calculating source influence matrix ...

 Solving BL system ...

 Side 1  free  transition at x/c =  0.6721   58
 Side 2  free  transition at x/c =  0.0469   28

   1   rms: 0.8786E-01   max: 0.5514E+00   C at   58  1
       a = -3.000      CL =  0.1787
      Cm = -0.1004     CD =  0.01006   =>   CDf =  0.00670    CDp =  0.00336

 Side 1  free  transition at x/c =  0.6374   56
 Side 2  free  transition at x/c =  0.0499   29

   2   rms: 0.5258E-01   max: -.3323E+00   D at   28  2
       a = -3.000      CL =  0.1786
      Cm = -0.1004     CD =  0.00979   =>   CDf =  0.00684    CDp =  0.00295

 Side 1  free  transition at x/c =  0.6407   56
 Side 2  free  transition at x/c =  0.0529   29

   3   rms: 0.1834E-01   max: 0.2288E+00   C at   29  2
       a = -3.000      CL =  0.1793
      Cm = -0.1005     CD =  0.00995   =>   CDf =  0.00679    CDp =  0.00316

 Side 1  free  transition at x/c =  0.6397   56
 Side 2  free  transition at x/c =  0.0514   29

   4   rms: 0.1815E-02   max: -.3663E-01   D at   30  2
       a = -3.000      CL =  0.1794
      Cm = -0.1005     CD =  0.00997   =>   CDf =  0.00680    CDp =  0.00317

 Side 1  free  transition at x/c =  0.6397   56
 Side 2  free  transition at x/c =  0.0513   29

   5   rms: 0.4600E-04   max: -.7495E-03   D at   30  2
       a = -3.000      CL =  0.1794
      Cm = -0.1005     CD =  0.00997   =>   CDf =  0.00681    CDp =  0.00316
 plradd ia,ip,cpol            3           0  1.36209009E-02

 Point added to stored polar  1
 Point written to save file  usa40b_Re600k.base.pol                          
 Dump file unspecified or not available
 Calculating wake trajectory ...
 Calculating source influence matrix ...

 Solving BL system ...

 Side 1  free  transition at x/c =  0.6397   56
 Side 2  free  transition at x/c =  0.0513   29

   1   rms: 0.9613E-01   max: 0.5587E+00   C at   56  1   RLX: 0.957
       a = -2.500      CL =  0.2302
      Cm = -0.0995     CD =  0.00962   =>   CDf =  0.00685    CDp =  0.00277

 Side 1  free  transition at x/c =  0.5910   54
 Side 2  free  transition at x/c =  0.0570   29

   2   rms: 0.7455E-01   max: -.4493E+00   D at   28  2
       a = -2.500      CL =  0.2301
      Cm = -0.0991     CD =  0.00945   =>   CDf =  0.00700    CDp =  0.00245

 MRCHDU: Convergence failed at  30  side 2    Res =  0.1748E+01
 Side 1  free  transition at x/c =  0.5972   55
 Side 2  free  transition at x/c =  0.0663   30

   3   rms: 0.4325E-01   max: 0.6352E+00   C at   30  2
       a = -2.500      CL =  0.2315
      Cm = -0.0992     CD =  0.00968   =>   CDf =  0.00682    CDp =  0.00286

 Side 1  free  transition at x/c =  0.5945   55
 Side 2  free  transition at x/c =  0.0605   29

   4   rms: 0.1555E-01   max: -.2101E+00   D at   29  2
       a = -2.500      CL =  0.2318
      Cm = -0.0992     CD =  0.00976   =>   CDf =  0.00692    CDp =  0.00284

 Side 1  free  transition at x/c =  0.5944   55
 Side 2  free  transition at x/c =  0.0612   29

   5   rms: 0.1110E-02   max: 0.1380E-01   C at   29  2
       a = -2.500      CL =  0.2318
      Cm = -0.0992     CD =  0.00977   =>   CDf =  0.00693    CDp =  0.00284

 Side 1  free  transition at x/c =  0.5944   55
 Side 2  free  transition at x/c =  0.0610   29

   6   rms: 0.2603E-04   max: -.3659E-03   D at   29  2
       a = -2.500      CL =  0.2318
      Cm = -0.0992     CD =  0.00977   =>   CDf =  0.00693    CDp =  0.00284
 plradd ia,ip,cpol            4           0  1.36209009E-02

 Point added to stored polar  1
 Point written to save file  usa40b_Re600k.base.pol                          
 Dump file unspecified or not available
 Calculating wake trajectory ...
 Calculating source influence matrix ...

 Solving BL system ...

 Side 1  free  transition at x/c =  0.5944   55
 Side 2  free  transition at x/c =  0.0610   29

   1   rms: 0.1159E+00   max: 0.1243E+01   C at   55  1   RLX: 0.662
       a = -2.000      CL =  0.2650
      Cm = -0.0981     CD =  0.00980   =>   CDf =  0.00695    CDp =  0.00285

 MRCHDU: Convergence failed at  30  side 2    Res =  0.5941E+01
 Side 1  free  transition at x/c =  0.5494   53
 Side 2  free  transition at x/c =  0.0768   30

   2   rms: 0.3728E-01   max: 0.2593E+00   C at   53  1
       a = -2.000      CL =  0.2831
      Cm = -0.0978     CD =  0.00968   =>   CDf =  0.00701    CDp =  0.00266

 Side 1  free  transition at x/c =  0.5237   52
 Side 2  free  transition at x/c =  0.0899   31

   3   rms: 0.2652E-01   max: 0.6006E+00   C at   31  2
       a = -2.000      CL =  0.2823
      Cm = -0.0977     CD =  0.00969   =>   CDf =  0.00711    CDp =  0.00257

 Side 1  free  transition at x/c =  0.5273   52
 Side 2  free  transition at x/c =  0.0864   31

   4   rms: 0.2189E-02   max: -.4249E-01   D at   32  2
       a = -2.000      CL =  0.2823
      Cm = -0.0977     CD =  0.00968   =>   CDf =  0.00710    CDp =  0.00258

 Side 1  free  transition at x/c =  0.5274   52
 Side 2  free  transition at x/c =  0.0860   31

   5   rms: 0.3728E-04   max: -.7130E-03   D at   32  2
       a = -2.000      CL =  0.2823
      Cm = -0.0977     CD =  0.00968   =>   CDf =  0.00711    CDp =  0.00257
 plradd ia,ip,cpol            5           0  1.36209009E-02

 Point added to stored polar  1
 Point written to save file  usa40b_Re600k.base.pol                          
 Dump file unspecified or not available
 Calculating wake trajectory ...
 Calculating source influence matrix ...

 Solving BL system ...

 Side 1  free  transition at x/c =  0.5273   52
 Side 2  free  transition at x/c =  0.0859   31

   1   rms: 0.1419E+00   max: 0.1951E+01   C at   52  1   RLX: 0.568
       a = -1.500      CL =  0.3106
      Cm = -0.0969     CD =  0.00967   =>   CDf =  0.00711    CDp =  0.00257

 Side 1  free  transition at x/c =  0.4824   50
 Side 2  free  transition at x/c =  0.1002   32

   2   rms: 0.5923E-01   max: -.7440E+00   C at   32  2   RLX: 0.672
       a = -1.500      CL =  0.3245
      Cm = -0.0963     CD =  0.00981   =>   CDf =  0.00726    CDp =  0.00256

 Side 1  free  transition at x/c =  0.4656   50
 Side 2  free  transition at x/c =  0.1080   32

   3   rms: 0.4450E-01   max: -.6836E+00   C at   32  2   RLX: 0.731
       a = -1.500      CL =  0.3300
      Cm = -0.0962     CD =  0.00973   =>   CDf =  0.00733    CDp =  0.00239

 Side 1  free  transition at x/c =  0.4608   49
 Side 2  free  transition at x/c =  0.1187   33

   4   rms: 0.3317E-01   max: -.5628E+00   C at   33  2   RLX: 0.888
       a = -1.500      CL =  0.3318
      Cm = -0.0962     CD =  0.00966   =>   CDf =  0.00731    CDp =  0.00235

 Side 1  free  transition at x/c =  0.4587   49
 Side 2  free  transition at x/c =  0.1406   34

   5   rms: 0.7889E-02   max: -.1654E+00   C at   34  2
       a = -1.500      CL =  0.3320
      Cm = -0.0962     CD =  0.00965   =>   CDf =  0.00721    CDp =  0.00244

 Side 1  free  transition at x/c =  0.4584   49
 Side 2  free  transition at x/c =  0.1409   34

   6   rms: 0.3349E-03   max: 0.7923E-02   C at   34  2
       a = -1.500      CL =  0.3320
      Cm = -0.0962     CD =  0.00965   =>   CDf =  0.00721    CDp =  0.00245

 Side 1  free  transition at x/c =  0.4584   49
 Side 2  free  transition at x/c =  0.1407   34

   7   rms: 0.1155E-05   max: -.8227E-05   C at   49  1
       a = -1.500      CL =  0.3320
      Cm = -0.0962     CD =  0.00965   =>   CDf =  0.00721    CDp =  0.00245
 plradd ia,ip,cpol            6           0  1.36209009E-02

 Point added to stored polar  1
 Point written to save file  usa40b_Re600k.base.pol                          
 Dump file unspecified or not available
 Calculating wake trajectory ...
 Calculating source influence matrix ...

 Solving BL system ...

 Side 1  free  transition at x/c =  0.4584   49
 Side 2  free  transition at x/c =  0.1407   34

   1   rms: 0.2982E+00   max: -.6597E+01   C at   34  2   RLX: 0.076
       a = -1.000      CL =  0.3358
      Cm = -0.0962     CD =  0.00963   =>   CDf =  0.00721    CDp =  0.00243

 Side 1  free  transition at x/c =  0.4536   49
 Side 2  free  transition at x/c =  0.1523   35

   2   rms: 0.2293E+00   max: -.4662E+01   C at   35  2   RLX: 0.107
       a = -1.000      CL =  0.3407
      Cm = -0.0960     CD =  0.00962   =>   CDf =  0.00718    CDp =  0.00244

 Side 1  free  transition at x/c =  0.4474   49
 Side 2  free  transition at x/c =  0.1602   36

   3   rms: 0.1494E+00   max: -.1616E+01   C at   36  2   RLX: 0.309
       a = -1.000      CL =  0.3535
      Cm = -0.0956     CD =  0.00964   =>   CDf =  0.00720    CDp =  0.00243

 Side 1  free  transition at x/c =  0.4350   48
 Side 2  free  transition at x/c =  0.1756   36

   4   rms: 0.6681E-01   max: 0.9115E+00   C at   48  1
       a = -1.000      CL =  0.3838
      Cm = -0.0951     CD =  0.00989   =>   CDf =  0.00722    CDp =  0.00267

 Side 1  free  transition at x/c =  0.4067   46
 Side 2  free  transition at x/c =  0.2361   40

   5   rms: 0.2829E-01   max: 0.4476E+00   D at   36  2
       a = -1.000      CL =  0.3825
      Cm = -0.0951     CD =  0.00961   =>   CDf =  0.00724    CDp =  0.00238

 Side 1  free  transition at x/c =  0.4070   47
 Side 2  free  transition at x/c =  0.2288   39

   6   rms: 0.1165E-01   max: -.1581E+00   D at   39  2
       a = -1.000      CL =  0.3830
      Cm = -0.0951     CD =  0.00968   =>   CDf =  0.00723    CDp =  0.00245

 Side 1  free  transition at x/c =  0.4091   47
 Side 2  free  transition at x/c =  0.2164   39

   7   rms: 0.1825E-02   max: 0.2238E-01   C at   47  1
       a = -1.000      CL =  0.3832
      Cm = -0.0951     CD =  0.00973   =>   CDf =  0.00723    CDp =  0.00250

 Side 1  free  transition at x/c =  0.4085   47
 Side 2  free  transition at x/c =  0.2162   39

   8   rms: 0.3381E-04   max: 0.4115E-03   C at   39  2
       a = -1.000      CL =  0.3832
      Cm = -0.0951     CD =  0.00973   =>   CDf =  0.00724    CDp =  0.00249
 plradd ia,ip,cpol            7           0  0.13233773    

 Point added to stored polar  1
 Point written to save file  usa40b_Re600k.base.pol                          
 Dump file unspecified or not available
 Calculating wake trajectory ...
 Calculating source influence matrix ...

 Solving BL system ...

 Side 1  free  transition at x/c =  0.4085   47
 Side 2  free  transition at x/c =  0.2162   39

   1   rms: 0.1231E+00   max: -.9546E+00   C at   39  2   RLX: 0.524
       a = -0.500      CL =  0.4095
      Cm = -0.0944     CD =  0.00981   =>   CDf =  0.00718    CDp =  0.00263

 Side 1  free  transition at x/c =  0.3886   47
 Side 2  free  transition at x/c =  0.2300   38

   2   rms: 0.4733E-01   max: 0.3054E+00   C at   47  1
       a = -0.500      CL =  0.4358
      Cm = -0.0940     CD =  0.01004   =>   CDf =  0.00736    CDp =  0.00268

 Side 1  free  transition at x/c =  0.3727   46
 Side 2  free  transition at x/c =  0.2531   40

   3   rms: 0.2604E-01   max: -.3373E+00   C at   40  2
       a = -0.500      CL =  0.4357
      Cm = -0.0941     CD =  0.00976   =>   CDf =  0.00736    CDp =  0.00240

 Side 1  free  transition at x/c =  0.3746   46
 Side 2  free  transition at x/c =  0.2760   41

   4   rms: 0.5037E-02   max: 0.8293E-01   C at   41  2
       a = -0.500      CL =  0.4358
      Cm = -0.0941     CD =  0.00977   =>   CDf =  0.00723    CDp =  0.00255

 Side 1  free  transition at x/c =  0.3743   46
 Side 2  free  transition at x/c =  0.2709   41

   5   rms: 0.3231E-03   max: 0.5117E-02   D at   41  2
       a = -0.500      CL =  0.4358
      Cm = -0.0941     CD =  0.00978   =>   CDf =  0.00725    CDp =  0.00253

 Side 1  free  transition at x/c =  0.3743   46
 Side 2  free  transition at x/c =  0.2710   41

   6   rms: 0.2231E-05   max: 0.3419E-04   C at   41  2
       a = -0.500      CL =  0.4358
      Cm = -0.0941     CD =  0.00978   =>   CDf =  0.00725    CDp =  0.00253
 plradd ia,ip,cpol            8           0  0.13233773    

 Point added to stored polar  1
 Point written to save file  usa40b_Re600k.base.pol                          
 Dump file unspecified or not available
 Calculating wake trajectory ...
 Calculating source influence matrix ...

 Solving BL system ...

 Side 1  free  transition at x/c =  0.3743   46
 Side 2  free  transition at x/c =  0.2710   41

   1   rms: 0.1515E+00   max: -.2155E+01   C at   41  2   RLX: 0.232
       a =  0.000      CL =  0.4476
      Cm = -0.0939     CD =  0.00976   =>   CDf =  0.00725    CDp =  0.00251

 Side 1  free  transition at x/c =  0.3684   45
 Side 2  free  transition at x/c =  0.2892   41

   2   rms: 0.1207E+00   max: -.2364E+01   C at   41  2   RLX: 0.211
       a =  0.000      CL =  0.4569
      Cm = -0.0938     CD =  0.00977   =>   CDf =  0.00717    CDp =  0.00260

 Side 1  free  transition at x/c =  0.3644   46
 Side 2  free  transition at x/c =  0.3081   41

   3   rms: 0.9461E-01   max: -.1658E+01   C at   41  2   RLX: 0.301
       a =  0.000      CL =  0.4667
      Cm = -0.0937     CD =  0.00975   =>   CDf =  0.00719    CDp =  0.00256

 Side 1  free  transition at x/c =  0.3597   46
 Side 2  free  transition at x/c =  0.3423   43

   4   rms: 0.4826E-01   max: -.6262E+00   C at   43  2   RLX: 0.798
       a =  0.000      CL =  0.4841
      Cm = -0.0933     CD =  0.00974   =>   CDf =  0.00711    CDp =  0.00263

 Side 1  free  transition at x/c =  0.3518   46
 Side 2  free  transition at x/c =  0.4100   47

   5   rms: 0.2007E-01   max: -.3258E+00   C at   47  2
       a =  0.000      CL =  0.4874
      Cm = -0.0932     CD =  0.00959   =>   CDf =  0.00699    CDp =  0.00260

 Side 1  free  transition at x/c =  0.3503   45
 Side 2  free  transition at x/c =  0.4180   47

   6   rms: 0.3759E-02   max: 0.7517E-01   C at   47  2
       a =  0.000      CL =  0.4876
      Cm = -0.0932     CD =  0.00959   =>   CDf =  0.00694    CDp =  0.00265

 Side 1  free  transition at x/c =  0.3504   45
 Side 2  free  transition at x/c =  0.4142   47

   7   rms: 0.2144E-03   max: -.4640E-02   C at   47  2
       a =  0.000      CL =  0.4876
      Cm = -0.0932     CD =  0.00959   =>   CDf =  0.00695    CDp =  0.00264

 Side 1  free  transition at x/c =  0.3504   45
 Side 2  free  transition at x/c =  0.4143   47

   8   rms: 0.1045E-05   max: 0.1616E-04   C at   47  2
       a =  0.000      CL =  0.4876
      Cm = -0.0932     CD =  0.00959   =>   CDf =  0.00695    CDp =  0.00264
 plradd ia,ip,cpol            9           0  0.13233773    

 Point added to stored polar  1
 Point written to save file  usa40b_Re600k.base.pol                          
 Dump file unspecified or not available
 Calculating wake trajectory ...
 Calculating source influence matrix ...

 Solving BL system ...

 Side 1  free  transition at x/c =  0.3504   45
 Side 2  free  transition at x/c =  0.4143   47

   1   rms: 0.2044E+00   max: -.4035E+01   C at   47  2   RLX: 0.124
       a =  0.500      CL =  0.4942
      Cm = -0.0931     CD =  0.00956   =>   CDf =  0.00695    CDp =  0.00261

 Side 1  free  transition at x/c =  0.3482   45
 Side 2  free  transition at x/c =  0.4307   48

   2   rms: 0.1872E+00   max: -.3648E+01   C at   48  2   RLX: 0.137
       a =  0.500      CL =  0.5007
      Cm = -0.0931     CD =  0.00952   =>   CDf =  0.00691    CDp =  0.00262

 Side 1  free  transition at x/c =  0.3458   45
 Side 2  free  transition at x/c =  0.4439   49

   3   rms: 0.1533E+00   max: -.2558E+01   C at   49  2   RLX: 0.195
       a =  0.500      CL =  0.5087
      Cm = -0.0930     CD =  0.00950   =>   CDf =  0.00689    CDp =  0.00261

 Side 1  free  transition at x/c =  0.3429   45
 Side 2  free  transition at x/c =  0.4619   49

   4   rms: 0.1338E+00   max: -.2700E+01   C at   49  2   RLX: 0.185
       a =  0.500      CL =  0.5149
      Cm = -0.0930     CD =  0.00952   =>   CDf =  0.00684    CDp =  0.00268

 Side 1  free  transition at x/c =  0.3408   45
 Side 2  free  transition at x/c =  0.4794   50

   5   rms: 0.1524E+00   max: -.3175E+01   C at   50  2   RLX: 0.157
       a =  0.500      CL =  0.5188
      Cm = -0.0928     CD =  0.00948   =>   CDf =  0.00679    CDp =  0.00269

 Side 1  free  transition at x/c =  0.3393   45
 Side 2  free  transition at x/c =  0.4910   51

   6   rms: 0.1272E+00   max: -.2615E+01   C at   51  2   RLX: 0.191
       a =  0.500      CL =  0.5229
      Cm = -0.0928     CD =  0.00947   =>   CDf =  0.00670    CDp =  0.00277

 Side 1  free  transition at x/c =  0.3378   46
 Side 2  free  transition at x/c =  0.5048   51

   7   rms: 0.1146E+00   max: -.2190E+01   C at   51  2   RLX: 0.228
       a =  0.500      CL =  0.5266
      Cm = -0.0927     CD =  0.00944   =>   CDf =  0.00675    CDp =  0.00270

 Side 1  free  transition at x/c =  0.3364   46
 Side 2  free  transition at x/c =  0.5208   51

   8   rms: 0.9195E-01   max: -.1913E+01   C at   51  2   RLX: 0.261
       a =  0.500      CL =  0.5301
      Cm = -0.0926     CD =  0.00945   =>   CDf =  0.00671    CDp =  0.00274

 Side 1  free  transition at x/c =  0.3351   46
 Side 2  free  transition at x/c =  0.5400   52

   9   rms: 0.6924E-01   max: -.1433E+01   C at   52  2   RLX: 0.349
       a =  0.500      CL =  0.5330
      Cm = -0.0924     CD =  0.00943   =>   CDf =  0.00666    CDp =  0.00277

 Side 1  free  transition at x/c =  0.3339   46
 Side 2  free  transition at x/c =  0.5606   54

  10   rms: 0.4231E-01   max: -.8007E+00   C at   54  2   RLX: 0.624
       a =  0.500      CL =  0.5362
      Cm = -0.0921     CD =  0.00939   =>   CDf =  0.00661    CDp =  0.00278

 Side 1  free  transition at x/c =  0.3325   45
 Side 2  free  transition at x/c =  0.5765   54

  11   rms: 0.1668E-01   max: -.3425E+00   C at   54  2
       a =  0.500      CL =  0.5387
      Cm = -0.0920     CD =  0.00939   =>   CDf =  0.00658    CDp =  0.00281

 Side 1  free  transition at x/c =  0.3319   45
 Side 2  free  transition at x/c =  0.5963   55

  12   rms: 0.3530E-02   max: 0.6709E-01   C at   55  2
       a =  0.500      CL =  0.5385
      Cm = -0.0920     CD =  0.00938   =>   CDf =  0.00651    CDp =  0.00287

 Side 1  free  transition at x/c =  0.3320   45
 Side 2  free  transition at x/c =  0.5934   55

  13   rms: 0.1316E-03   max: -.2760E-02   C at   55  2
       a =  0.500      CL =  0.5385
      Cm = -0.0920     CD =  0.00938   =>   CDf =  0.00652    CDp =  0.00286

 Side 1  free  transition at x/c =  0.3320   45
 Side 2  free  transition at x/c =  0.5935   55

  14   rms: 0.8579E-06   max: -.6560E-05   D at    4  1
       a =  0.500      CL =  0.5385
      Cm = -0.0920     CD =  0.00938   =>   CDf =  0.00652    CDp =  0.00286
 plradd ia,ip,cpol           10           0  0.13233773    

 Point added to stored polar  1
 Point written to save file  usa40b_Re600k.base.pol                          
 Dump file unspecified or not available
 Calculating wake trajectory ...
 Calculating source influence matrix ...

 Solving BL system ...

 Side 1  free  transition at x/c =  0.3320   45
 Side 2  free  transition at x/c =  0.5935   55

   1   rms: 0.1600E+00   max: -.2862E+01   C at   55  2   RLX: 0.175
       a =  1.000      CL =  0.5478
      Cm = -0.0918     CD =  0.00937   =>   CDf =  0.00652    CDp =  0.00284

 Side 1  free  transition at x/c =  0.3294   45
 Side 2  free  transition at x/c =  0.6169   56

   2   rms: 0.8262E-01   max: -.8946E+00   C at   56  2   RLX: 0.559
       a =  1.000      CL =  0.5729
      Cm = -0.0914     CD =  0.00944   =>   CDf =  0.00647    CDp =  0.00297

 Side 1  free  transition at x/c =  0.3213   45
 Side 2  free  transition at x/c =  0.6813   60

   3   rms: 0.3372E-01   max: 0.2043E+00   D at   57  2
       a =  1.000      CL =  0.5901
      Cm = -0.0905     CD =  0.00948   =>   CDf =  0.00627    CDp =  0.00321

 Side 1  free  transition at x/c =  0.3161   46
 Side 2  free  transition at x/c =  0.6860   59

   4   rms: 0.4436E-02   max: -.7809E-01   D at   59  2
       a =  1.000      CL =  0.5904
      Cm = -0.0906     CD =  0.00952   =>   CDf =  0.00641    CDp =  0.00311

 Side 1  free  transition at x/c =  0.3157   46
 Side 2  free  transition at x/c =  0.6840   59

   5   rms: 0.2359E-03   max: 0.2677E-02   D at    4  1
       a =  1.000      CL =  0.5904
      Cm = -0.0906     CD =  0.00952   =>   CDf =  0.00641    CDp =  0.00311

 Side 1  free  transition at x/c =  0.3157   46
 Side 2  free  transition at x/c =  0.6840   59

   6   rms: 0.5922E-06   max: 0.4937E-05   D at   46  1
       a =  1.000      CL =  0.5904
      Cm = -0.0906     CD =  0.00952   =>   CDf =  0.00641    CDp =  0.00311
 plradd ia,ip,cpol           11           0  0.13233773    

 Point added to stored polar  1
 Point written to save file  usa40b_Re600k.base.pol                          
 Dump file unspecified or not available
 Calculating wake trajectory ...
 Calculating source influence matrix ...

 Solving BL system ...

 Side 1  free  transition at x/c =  0.3157   46
 Side 2  free  transition at x/c =  0.6840   59

   1   rms: 0.1008E+00   max: -.9147E+00   C at   59  2   RLX: 0.547
       a =  1.500      CL =  0.6177
      Cm = -0.0897     CD =  0.00971   =>   CDf =  0.00642    CDp =  0.00330

 Side 1  free  transition at x/c =  0.3077   45
 Side 2  free  transition at x/c =  0.7054   60

   2   rms: 0.4293E-01   max: -.2485E+00   C at   60  2
       a =  1.500      CL =  0.6442
      Cm = -0.0896     CD =  0.00968   =>   CDf =  0.00642    CDp =  0.00326

 Side 1  free  transition at x/c =  0.3029   45
 Side 2  free  transition at x/c =  0.7283   61

   3   rms: 0.3000E-02   max: 0.3332E-01   D at   61  2
       a =  1.500      CL =  0.6433
      Cm = -0.0894     CD =  0.00972   =>   CDf =  0.00641    CDp =  0.00332

 Side 1  free  transition at x/c =  0.3026   45
 Side 2  free  transition at x/c =  0.7311   61

   4   rms: 0.3735E-03   max: -.5806E-02   C at   61  2
       a =  1.500      CL =  0.6434
      Cm = -0.0894     CD =  0.00973   =>   CDf =  0.00641    CDp =  0.00332

 Side 1  free  transition at x/c =  0.3026   45
 Side 2  free  transition at x/c =  0.7313   61

   5   rms: 0.1065E-05   max: -.1488E-04   D at   63  2
       a =  1.500      CL =  0.6434
      Cm = -0.0894     CD =  0.00973   =>   CDf =  0.00641    CDp =  0.00332
 plradd ia,ip,cpol           12           0  0.12132937    

 Point added to stored polar  1
 Point written to save file  usa40b_Re600k.base.pol                          
 Dump file unspecified or not available
 Calculating wake trajectory ...
 Calculating source influence matrix ...

 Solving BL system ...

 Side 1  free  transition at x/c =  0.3026   45
 Side 2  free  transition at x/c =  0.7313   61

   1   rms: 0.8263E-01   max: -.2346E+00   T at   61  2
       a =  2.000      CL =  0.6961
      Cm = -0.0883     CD =  0.01010   =>   CDf =  0.00632    CDp =  0.00378

 Side 1  free  transition at x/c =  0.2920   45
 Side 2  free  transition at x/c =  0.7605   62

   2   rms: 0.1371E-01   max: 0.1332E+00   D at   62  2
       a =  2.000      CL =  0.6960
      Cm = -0.0882     CD =  0.00994   =>   CDf =  0.00643    CDp =  0.00351

 Side 1  free  transition at x/c =  0.2914   45
 Side 2  free  transition at x/c =  0.7634   62

   3   rms: 0.9734E-03   max: 0.1183E-01   C at   45  1
       a =  2.000      CL =  0.6960
      Cm = -0.0882     CD =  0.00997   =>   CDf =  0.00642    CDp =  0.00355

 Side 1  free  transition at x/c =  0.2912   45
 Side 2  free  transition at x/c =  0.7637   62

   4   rms: 0.5860E-05   max: -.5253E-04   D at   46  1
       a =  2.000      CL =  0.6960
      Cm = -0.0882     CD =  0.00997   =>   CDf =  0.00642    CDp =  0.00355
 plradd ia,ip,cpol           13           0  0.12132937    

 Point added to stored polar  1
 Point written to save file  usa40b_Re600k.base.pol                          
 Dump file unspecified or not available
 Calculating wake trajectory ...
 Calculating source influence matrix ...

 Solving BL system ...

 Side 1  free  transition at x/c =  0.2912   45
 Side 2  free  transition at x/c =  0.7637   62

   1   rms: 0.8117E-01   max: 0.2963E+00   D at   63  2
       a =  2.500      CL =  0.7489
      Cm = -0.0871     CD =  0.01018   =>   CDf =  0.00633    CDp =  0.00386

 Side 1  free  transition at x/c =  0.2802   46
 Side 2  free  transition at x/c =  0.7891   62

   2   rms: 0.5383E-02   max: -.5955E-01   D at   61  2
       a =  2.500      CL =  0.7476
      Cm = -0.0869     CD =  0.01029   =>   CDf =  0.00651    CDp =  0.00378

 Side 1  free  transition at x/c =  0.2799   46
 Side 2  free  transition at x/c =  0.7947   63

   3   rms: 0.2608E-02   max: -.4733E-01   D at   62  2
       a =  2.500      CL =  0.7472
      Cm = -0.0869     CD =  0.01027   =>   CDf =  0.00648    CDp =  0.00379

 Side 1  free  transition at x/c =  0.2799   46
 Side 2  free  transition at x/c =  0.7944   63

   4   rms: 0.1713E-03   max: 0.2672E-02   C at   63  2
       a =  2.500      CL =  0.7472
      Cm = -0.0869     CD =  0.01027   =>   CDf =  0.00648    CDp =  0.00379

 Side 1  free  transition at x/c =  0.2799   46
 Side 2  free  transition at x/c =  0.7943   63

   5   rms: 0.7793E-06   max: -.6808E-05   D at   64  2
       a =  2.500      CL =  0.7472
      Cm = -0.0869     CD =  0.01027   =>   CDf =  0.00648    CDp =  0.00379
 plradd ia,ip,cpol           14           0  0.12132937    

 Point added to stored polar  1
 Point written to save file  usa40b_Re600k.base.pol                          
 Dump file unspecified or not available
 Calculating wake trajectory ...
 Calculating source influence matrix ...

 Solving BL system ...

 Side 1  free  transition at x/c =  0.2799   46
 Side 2  free  transition at x/c =  0.7943   63

   1   rms: 0.8602E-01   max: -.4172E+00   C at   63  2
       a =  3.000      CL =  0.7953
      Cm = -0.0849     CD =  0.01072   =>   CDf =  0.00637    CDp =  0.00434

 Side 1  free  transition at x/c =  0.2696   46
 Side 2  free  transition at x/c =  0.8092   63

   2   rms: 0.6095E-01   max: -.4997E+00   T at   63  2
       a =  3.000      CL =  0.7999
      Cm = -0.0858     CD =  0.01024   =>   CDf =  0.00658    CDp =  0.00366

 Side 1  free  transition at x/c =  0.2730   46
 Side 2  free  transition at x/c =  0.8240   63

   3   rms: 0.2163E-01   max: -.3175E+00   C at   63  2
       a =  3.000      CL =  0.8000
      Cm = -0.0858     CD =  0.01045   =>   CDf =  0.00648    CDp =  0.00396

 Side 1  free  transition at x/c =  0.2716   46
 Side 2  free  transition at x/c =  0.8247   64

   4   rms: 0.4212E-02   max: -.8036E-01   D at   63  2
       a =  3.000      CL =  0.7996
      Cm = -0.0857     CD =  0.01045   =>   CDf =  0.00645    CDp =  0.00399

 Side 1  free  transition at x/c =  0.2717   46
 Side 2  free  transition at x/c =  0.8238   63

   5   rms: 0.4295E-03   max: 0.6382E-02   D at   64  2
       a =  3.000      CL =  0.7995
      Cm = -0.0856     CD =  0.01044   =>   CDf =  0.00643    CDp =  0.00400

 Side 1  free  transition at x/c =  0.2717   46
 Side 2  free  transition at x/c =  0.8235   63

   6   rms: 0.4132E-05   max: -.6143E-04   C at   63  2
       a =  3.000      CL =  0.7995
      Cm = -0.0856     CD =  0.01044   =>   CDf =  0.00643    CDp =  0.00400
 plradd ia,ip,cpol           15           0  0.12132937    

 Point added to stored polar  1
 Point written to save file  usa40b_Re600k.base.pol                          
 Dump file unspecified or not available
 Calculating wake trajectory ...
 Calculating source influence matrix ...

 Solving BL system ...

 Side 1  free  transition at x/c =  0.2717   46
 Side 2  free  transition at x/c =  0.8235   63

   1   rms: 0.7695E-01   max: -.2307E+00   T at   63  2
       a =  3.500      CL =  0.8523
      Cm = -0.0846     CD =  0.01073   =>   CDf =  0.00644    CDp =  0.00429

 Side 1  free  transition at x/c =  0.2623   46
 Side 2  free  transition at x/c =  0.8486   65

   2   rms: 0.1385E-01   max: -.2287E+00   C at   65  2
       a =  3.500      CL =  0.8489
      Cm = -0.0840     CD =  0.01072   =>   CDf =  0.00650    CDp =  0.00423

 Side 1  free  transition at x/c =  0.2619   46
 Side 2  free  transition at x/c =  0.8538   65

   3   rms: 0.9935E-03   max: -.1883E-01   C at   65  2
       a =  3.500      CL =  0.8489
      Cm = -0.0840     CD =  0.01073   =>   CDf =  0.00646    CDp =  0.00427

 Side 1  free  transition at x/c =  0.2618   46
 Side 2  free  transition at x/c =  0.8540   65

   4   rms: 0.8475E-05   max: 0.1593E-03   C at   65  2
       a =  3.500      CL =  0.8489
      Cm = -0.0840     CD =  0.01073   =>   CDf =  0.00646    CDp =  0.00427
 plradd ia,ip,cpol           16           0  0.12132937    

 Point added to stored polar  1
 Point written to save file  usa40b_Re600k.base.pol                          
 Dump file unspecified or not available
 Calculating wake trajectory ...
 Calculating source influence matrix ...

 Solving BL system ...

 Side 1  free  transition at x/c =  0.2618   46
 Side 2  free  transition at x/c =  0.8540   65

   1   rms: 0.8622E-01   max: -.7456E+00   C at   65  2   RLX: 0.671
       a =  4.000      CL =  0.8801
      Cm = -0.0826     CD =  0.01111   =>   CDf =  0.00634    CDp =  0.00477

 Side 1  free  transition at x/c =  0.2554   46
 Side 2  free  transition at x/c =  0.8732   65

   2   rms: 0.5401E-01   max: -.8446E+00   C at   65  2   RLX: 0.592
       a =  4.000      CL =  0.8912
      Cm = -0.0827     CD =  0.01092   =>   CDf =  0.00642    CDp =  0.00450

 Side 1  free  transition at x/c =  0.2559   46
 Side 2  free  transition at x/c =  0.8847   66

   3   rms: 0.5853E-01   max: -.1163E+01   C at   66  2   RLX: 0.430
       a =  4.000      CL =  0.8953
      Cm = -0.0828     CD =  0.01082   =>   CDf =  0.00637    CDp =  0.00446

 Side 1  free  transition at x/c =  0.2559   46
 Side 2  free  transition at x/c =  0.8904   66

   4   rms: 0.3160E-01   max: -.6184E+00   C at   66  2   RLX: 0.809
       a =  4.000      CL =  0.8995
      Cm = -0.0828     CD =  0.01078   =>   CDf =  0.00637    CDp =  0.00441

 Side 1  free  transition at x/c =  0.2557   46
 Side 2  free  transition at x/c =  0.9761   72

   5   rms: 0.1469E+00   max: -.2355E+01   C at   72  2   RLX: 0.212
       a =  4.000      CL =  0.9038
      Cm = -0.0838     CD =  0.01061   =>   CDf =  0.00620    CDp =  0.00441

 Side 1  free  transition at x/c =  0.2556   46
 Side 2  free  transition at x/c =  0.9902   73

   6   rms: 0.4170E-01   max: -.7614E+00   C at   73  2   RLX: 0.657
       a =  4.000      CL =  0.9121
      Cm = -0.0853     CD =  0.01067   =>   CDf =  0.00621    CDp =  0.00446

 Side 1  free  transition at x/c =  0.2551   46
 Side 2  free  transition at x/c =  0.9973   74

   7   rms: 0.6540E-01   max: 0.1768E+01   C at   74  2   RLX: 0.849
       a =  4.000      CL =  0.9146
      Cm = -0.0857     CD =  0.01071   =>   CDf =  0.00622    CDp =  0.00449

 Side 1  free  transition at x/c =  0.2550   46
 Side 2 forced transition at x/c =  1.0000   74

   8   rms: 0.1360E-02   max: 0.1049E-01   D at   73  2
       a =  4.000      CL =  0.9160
      Cm = -0.0860     CD =  0.01071   =>   CDf =  0.00622    CDp =  0.00449

 Side 1  free  transition at x/c =  0.2550   46
 Side 2  free  transition at x/c =  0.9651   71

   9   rms: 0.2043E-01   max: 0.2946E+00   C at   71  2
       a =  4.000      CL =  0.9165
      Cm = -0.0861     CD =  0.01071   =>   CDf =  0.00622    CDp =  0.00449

 Side 1  free  transition at x/c =  0.2549   46
 Side 2  free  transition at x/c =  0.9575   71

  10   rms: 0.6297E-03   max: -.9234E-02   C at   71  2
       a =  4.000      CL =  0.9164
      Cm = -0.0861     CD =  0.01071   =>   CDf =  0.00622    CDp =  0.00449

 Side 1  free  transition at x/c =  0.2549   46
 Side 2  free  transition at x/c =  0.9577   71

  11   rms: 0.9721E-05   max: -.1426E-03   C at   71  2
       a =  4.000      CL =  0.9164
      Cm = -0.0861     CD =  0.01071   =>   CDf =  0.00622    CDp =  0.00449
 plradd ia,ip,cpol           17           0  0.11090194    

 Point added to stored polar  1
 Point written to save file  usa40b_Re600k.base.pol                          
 Dump file unspecified or not available
 Calculating wake trajectory ...
 Calculating source influence matrix ...

 Solving BL system ...

 Side 1  free  transition at x/c =  0.2549   46
 Side 2  free  transition at x/c =  0.9577   71

   1   rms: 0.4450E+01   max: -.6525E+02   C at   71  2   RLX: 0.008
       a =  4.500      CL =  0.9171
      Cm = -0.0861     CD =  0.01071   =>   CDf =  0.00623    CDp =  0.00449

 Side 1  free  transition at x/c =  0.2549   46
 Side 2  free  transition at x/c =  0.9728   72

   2   rms: 0.5366E+01   max: -.8700E+02   C at   72  2   RLX: 0.006
       a =  4.500      CL =  0.9173
      Cm = -0.0861     CD =  0.01071   =>   CDf =  0.00623    CDp =  0.00449

 Side 1  free  transition at x/c =  0.2548   46
 Side 2  free  transition at x/c =  0.9926   73

   3   rms: 0.4778E+01   max: -.9247E+02   C at   73  2   RLX: 0.005
       a =  4.500      CL =  0.9174
      Cm = -0.0861     CD =  0.01071   =>   CDf =  0.00623    CDp =  0.00449

 Side 1  free  transition at x/c =  0.2548   46
 Side 2 forced transition at x/c =  1.0000   74

   4   rms: 0.8179E-01   max: -.4095E+00   n at   73  2
       a =  4.500      CL =  0.9700
      Cm = -0.0855     CD =  0.01108   =>   CDf =  0.00615    CDp =  0.00493

 Side 1  free  transition at x/c =  0.2479   47
 Side 2 forced transition at x/c =  1.0000   73

   5   rms: 0.4617E-02   max: -.2935E-01   D at    3  1
       a =  4.500      CL =  0.9685
      Cm = -0.0852     CD =  0.01116   =>   CDf =  0.00635    CDp =  0.00481

 Side 1  free  transition at x/c =  0.2478   47
 Side 2 forced transition at x/c =  1.0000   73

   6   rms: 0.3627E-03   max: -.3521E-02   D at    4  1
       a =  4.500      CL =  0.9685
      Cm = -0.0852     CD =  0.01116   =>   CDf =  0.00634    CDp =  0.00481

 Side 1  free  transition at x/c =  0.2478   47
 Side 2 forced transition at x/c =  1.0000   73

   7   rms: 0.6923E-06   max: 0.4032E-05   D at    4  1
       a =  4.500      CL =  0.9685
      Cm = -0.0852     CD =  0.01116   =>   CDf =  0.00634    CDp =  0.00481
 plradd ia,ip,cpol           18           0  0.11090194    

 Point added to stored polar  1
 Point written to save file  usa40b_Re600k.base.pol                          
 Dump file unspecified or not available
 Calculating wake trajectory ...
 Calculating source influence matrix ...

 Solving BL system ...

 Side 1  free  transition at x/c =  0.2478   47
 Side 2 forced transition at x/c =  1.0000   73

   1   rms: 0.7895E-01   max: -.1417E+00   n at   67  2
       a =  5.000      CL =  1.0190
      Cm = -0.0841     CD =  0.01177   =>   CDf =  0.00626    CDp =  0.00551

 Side 1  free  transition at x/c =  0.2419   47
 Side 2 forced transition at x/c =  1.0000   72

   2   rms: 0.1824E-01   max: -.1691E+00   D at   47  1
       a =  5.000      CL =  1.0206
      Cm = -0.0843     CD =  0.01156   =>   CDf =  0.00640    CDp =  0.00516

 Side 1  free  transition at x/c =  0.2424   47
 Side 2 forced transition at x/c =  1.0000   72

   3   rms: 0.7725E-03   max: -.8849E-02   D at   48  1
       a =  5.000      CL =  1.0208
      Cm = -0.0844     CD =  0.01158   =>   CDf =  0.00638    CDp =  0.00520

 Side 1  free  transition at x/c =  0.2422   47
 Side 2 forced transition at x/c =  1.0000   72

   4   rms: 0.4654E-05   max: -.5754E-04   D at   48  1
       a =  5.000      CL =  1.0208
      Cm = -0.0844     CD =  0.01158   =>   CDf =  0.00638    CDp =  0.00520
 plradd ia,ip,cpol           19           0  0.11090194    

 Point added to stored polar  1
 Point written to save file  usa40b_Re600k.base.pol                          
 Dump file unspecified or not available
 Calculating wake trajectory ...
 Calculating source influence matrix ...

 Solving BL system ...

 Side 1  free  transition at x/c =  0.2422   47
 Side 2 forced transition at x/c =  1.0000   72

   1   rms: 0.7685E-01   max: -.1434E+00   n at   66  2
       a =  5.500      CL =  1.0740
      Cm = -0.0836     CD =  0.01192   =>   CDf =  0.00638    CDp =  0.00554

 Side 1  free  transition at x/c =  0.2370   47
 Side 2 forced transition at x/c =  1.0000   72

   2   rms: 0.3340E-02   max: -.3998E-01   D at   47  1
       a =  5.500      CL =  1.0731
      Cm = -0.0835     CD =  0.01196   =>   CDf =  0.00641    CDp =  0.00555

 Side 1  free  transition at x/c =  0.2371   47
 Side 2 forced transition at x/c =  1.0000   72

   3   rms: 0.6241E-04   max: 0.5796E-03   D at   47  1
       a =  5.500      CL =  1.0731
      Cm = -0.0835     CD =  0.01196   =>   CDf =  0.00641    CDp =  0.00555
 plradd ia,ip,cpol           20           0  0.11090194    

 Point added to stored polar  1
 Point written to save file  usa40b_Re600k.base.pol                          
 Dump file unspecified or not available
 Calculating wake trajectory ...
 Calculating source influence matrix ...

 Solving BL system ...

 Side 1  free  transition at x/c =  0.2371   47
 Side 2 forced transition at x/c =  1.0000   72

   1   rms: 0.7502E-01   max: -.1103E+00   n at   66  2
       a =  6.000      CL =  1.1246
      Cm = -0.0825     CD =  0.01240   =>   CDf =  0.00630    CDp =  0.00610

 Side 1  free  transition at x/c =  0.2312   48
 Side 2 forced transition at x/c =  1.0000   71

   2   rms: 0.2332E-02   max: -.2001E-01   D at    3  1
       a =  6.000      CL =  1.1231
      Cm = -0.0823     CD =  0.01248   =>   CDf =  0.00649    CDp =  0.00599

 Side 1  free  transition at x/c =  0.2313   48
 Side 2 forced transition at x/c =  1.0000   71

   3   rms: 0.1460E-03   max: -.1336E-02   D at    4  1
       a =  6.000      CL =  1.1231
      Cm = -0.0823     CD =  0.01248   =>   CDf =  0.00649    CDp =  0.00599

 Side 1  free  transition at x/c =  0.2313   48
 Side 2 forced transition at x/c =  1.0000   71

   4   rms: 0.6282E-06   max: -.3305E-05   C at   71  2
       a =  6.000      CL =  1.1231
      Cm = -0.0823     CD =  0.01248   =>   CDf =  0.00649    CDp =  0.00599
 plradd ia,ip,cpol           21           0  0.11090194    

 Point added to stored polar  1
 Point written to save file  usa40b_Re600k.base.pol                          
 Dump file unspecified or not available
 Calculating wake trajectory ...
 Calculating source influence matrix ...

 Solving BL system ...

 Side 1  free  transition at x/c =  0.2313   48
 Side 2 forced transition at x/c =  1.0000   71

   1   rms: 0.7478E-01   max: 0.7975E-01   D at   79  2
       a =  6.500      CL =  1.1710
      Cm = -0.0808     CD =  0.01321   =>   CDf =  0.00637    CDp =  0.00684

 Side 1  free  transition at x/c =  0.2261   48
 Side 2 forced transition at x/c =  1.0000   70

   2   rms: 0.1936E-01   max: -.1736E+00   D at   48  1
       a =  6.500      CL =  1.1727
      Cm = -0.0810     CD =  0.01296   =>   CDf =  0.00651    CDp =  0.00645

 Side 1  free  transition at x/c =  0.2267   48
 Side 2 forced transition at x/c =  1.0000   70

   3   rms: 0.8100E-03   max: 0.8136E-02   D at   48  1
       a =  6.500      CL =  1.1732
      Cm = -0.0812     CD =  0.01298   =>   CDf =  0.00649    CDp =  0.00649

 Side 1  free  transition at x/c =  0.2265   48
 Side 2 forced transition at x/c =  1.0000   70

   4   rms: 0.4929E-05   max: -.4555E-04   D at   49  1
       a =  6.500      CL =  1.1732
      Cm = -0.0812     CD =  0.01298   =>   CDf =  0.00649    CDp =  0.00649
 plradd ia,ip,cpol           22           0  0.11090194    

 Point added to stored polar  1
 Point written to save file  usa40b_Re600k.base.pol                          
 Dump file unspecified or not available
 Calculating wake trajectory ...
 Calculating source influence matrix ...

 Solving BL system ...

 Side 1  free  transition at x/c =  0.2265   48
 Side 2 forced transition at x/c =  1.0000   70

   1   rms: 0.7234E-01   max: -.5113E-01   D at   57  2
       a =  7.000      CL =  1.2247
      Cm = -0.0802     CD =  0.01334   =>   CDf =  0.00649    CDp =  0.00684

 Side 1  free  transition at x/c =  0.2219   48
 Side 2 forced transition at x/c =  1.0000   70

   2   rms: 0.2743E-02   max: -.3474E-01   D at   48  1
       a =  7.000      CL =  1.2238
      Cm = -0.0801     CD =  0.01337   =>   CDf =  0.00648    CDp =  0.00689

 Side 1  free  transition at x/c =  0.2220   48
 Side 2 forced transition at x/c =  1.0000   70

   3   rms: 0.3554E-04   max: 0.3117E-03   D at   48  1
       a =  7.000      CL =  1.2238
      Cm = -0.0801     CD =  0.01337   =>   CDf =  0.00647    CDp =  0.00690
 plradd ia,ip,cpol           23           0  0.11090194    

 Point added to stored polar  1
 Point written to save file  usa40b_Re600k.base.pol                          
 Dump file unspecified or not available
 Calculating wake trajectory ...
 Calculating source influence matrix ...

 Solving BL system ...

 Side 1  free  transition at x/c =  0.2220   48
 Side 2 forced transition at x/c =  1.0000   70

   1   rms: 0.7188E-01   max: 0.5182E-01   D at   77  2
       a =  7.500      CL =  1.2737
      Cm = -0.0789     CD =  0.01381   =>   CDf =  0.00634    CDp =  0.00747

 Side 1  free  transition at x/c =  0.2177   49
 Side 2 forced transition at x/c =  1.0000   69

   2   rms: 0.1784E-02   max: -.1634E-01   D at    3  1
       a =  7.500      CL =  1.2723
      Cm = -0.0787     CD =  0.01388   =>   CDf =  0.00650    CDp =  0.00739

 Side 1  free  transition at x/c =  0.2176   49
 Side 2 forced transition at x/c =  1.0000   69

   3   rms: 0.1167E-03   max: -.1037E-02   D at    4  1
       a =  7.500      CL =  1.2723
      Cm = -0.0787     CD =  0.01388   =>   CDf =  0.00650    CDp =  0.00738

 Side 1  free  transition at x/c =  0.2176   49
 Side 2 forced transition at x/c =  1.0000   69

   4   rms: 0.5077E-06   max: 0.4911E-05   D at   50  1
       a =  7.500      CL =  1.2723
      Cm = -0.0787     CD =  0.01388   =>   CDf =  0.00650    CDp =  0.00738
 plradd ia,ip,cpol           24           0  0.11090194    

 Point added to stored polar  1
 Point written to save file  usa40b_Re600k.base.pol                          
 Dump file unspecified or not available
 Calculating wake trajectory ...
 Calculating source influence matrix ...

 Solving BL system ...

 Side 1  free  transition at x/c =  0.2176   49
 Side 2 forced transition at x/c =  1.0000   69

   1   rms: 0.7149E-01   max: 0.6716E-01   D at   76  2
       a =  8.000      CL =  1.3196
      Cm = -0.0772     CD =  0.01450   =>   CDf =  0.00635    CDp =  0.00815

 Side 1  free  transition at x/c =  0.2138   50
 Side 2 forced transition at x/c =  1.0000   68

   2   rms: 0.4849E-02   max: -.4495E-01   D at   50  1
       a =  8.000      CL =  1.3175
      Cm = -0.0769     CD =  0.01472   =>   CDf =  0.00652    CDp =  0.00820

 Side 1  free  transition at x/c =  0.2128   49
 Side 2 forced transition at x/c =  1.0000   68

   3   rms: 0.1613E-02   max: -.1265E-01   D at   49  1
       a =  8.000      CL =  1.3177
      Cm = -0.0769     CD =  0.01469   =>   CDf =  0.00654    CDp =  0.00815

 Side 1  free  transition at x/c =  0.2128   49
 Side 2 forced transition at x/c =  1.0000   68

   4   rms: 0.3172E-04   max: -.1438E-03   D at   74  2
       a =  8.000      CL =  1.3177
      Cm = -0.0769     CD =  0.01469   =>   CDf =  0.00654    CDp =  0.00815
 plradd ia,ip,cpol           25           0  0.11090194    

 Point added to stored polar  1
 Point written to save file  usa40b_Re600k.base.pol                          
 Dump file unspecified or not available
 Calculating wake trajectory ...
 Calculating source influence matrix ...

 Solving BL system ...

 Side 1  free  transition at x/c =  0.2128   49
 Side 2 forced transition at x/c =  1.0000   68

   1   rms: 0.7047E-01   max: 0.4765E-01   D at   74  2
       a =  8.500      CL =  1.3669
      Cm = -0.0757     CD =  0.01508   =>   CDf =  0.00654    CDp =  0.00854

 Side 1  free  transition at x/c =  0.2103   49
 Side 2 forced transition at x/c =  1.0000   68

   2   rms: 0.1354E-02   max: -.1424E-01   D at   49  1
       a =  8.500      CL =  1.3660
      Cm = -0.0756     CD =  0.01511   =>   CDf =  0.00646    CDp =  0.00865

 Side 1  free  transition at x/c =  0.2103   49
 Side 2 forced transition at x/c =  1.0000   68

   3   rms: 0.2564E-04   max: -.1204E-03   D at   70  2
       a =  8.500      CL =  1.3661
      Cm = -0.0756     CD =  0.01511   =>   CDf =  0.00646    CDp =  0.00866
 plradd ia,ip,cpol           26           0  5.13850711E-02

 Point added to stored polar  1
 Point written to save file  usa40b_Re600k.base.pol                          
 Dump file unspecified or not available
 Calculating wake trajectory ...
 Calculating source influence matrix ...

 Solving BL system ...

 Side 1  free  transition at x/c =  0.2103   49
 Side 2 forced transition at x/c =  1.0000   68

   1   rms: 0.6967E-01   max: 0.5331E-01   D at   75  2
       a =  9.000      CL =  1.4137
      Cm = -0.0741     CD =  0.01557   =>   CDf =  0.00629    CDp =  0.00929

 Side 1  free  transition at x/c =  0.2070   50
 Side 2 forced transition at x/c =  1.0000   67

   2   rms: 0.3099E-02   max: -.4077E-01   D at    3  1
       a =  9.000      CL =  1.4126
      Cm = -0.0740     CD =  0.01561   =>   CDf =  0.00639    CDp =  0.00922

 Side 1  free  transition at x/c =  0.2070   50
 Side 2 forced transition at x/c =  1.0000   67

   3   rms: 0.3801E-03   max: -.3665E-02   D at    4  1
       a =  9.000      CL =  1.4126
      Cm = -0.0740     CD =  0.01561   =>   CDf =  0.00639    CDp =  0.00922

 Side 1  free  transition at x/c =  0.2070   50
 Side 2 forced transition at x/c =  1.0000   67

   4   rms: 0.3901E-06   max: 0.3317E-05   D at    8  1
       a =  9.000      CL =  1.4126
      Cm = -0.0740     CD =  0.01561   =>   CDf =  0.00639    CDp =  0.00922
 plradd ia,ip,cpol           27           0  5.13850711E-02

 Point added to stored polar  1
 Point written to save file  usa40b_Re600k.base.pol                          
 Dump file unspecified or not available
 Calculating wake trajectory ...
 Calculating source influence matrix ...

 Solving BL system ...

 Side 1  free  transition at x/c =  0.2070   50
 Side 2 forced transition at x/c =  1.0000   67

   1   rms: 0.6890E-01   max: 0.6073E-01   D at   74  2
       a =  9.500      CL =  1.4585
      Cm = -0.0723     CD =  0.01618   =>   CDf =  0.00640    CDp =  0.00978

 Side 1  free  transition at x/c =  0.2036   50
 Side 2 forced transition at x/c =  1.0000   67

   2   rms: 0.3864E-02   max: -.4914E-01   D at   50  1
       a =  9.500      CL =  1.4572
      Cm = -0.0721     CD =  0.01619   =>   CDf =  0.00636    CDp =  0.00983

 Side 1  free  transition at x/c =  0.2038   50
 Side 2 forced transition at x/c =  1.0000   67

   3   rms: 0.1484E-03   max: 0.1389E-02   D at   50  1
       a =  9.500      CL =  1.4573
      Cm = -0.0721     CD =  0.01619   =>   CDf =  0.00635    CDp =  0.00983

 Side 1  free  transition at x/c =  0.2038   50
 Side 2 forced transition at x/c =  1.0000   67

   4   rms: 0.3548E-05   max: -.1377E-04   D at    4  2
       a =  9.500      CL =  1.4573
      Cm = -0.0721     CD =  0.01619   =>   CDf =  0.00635    CDp =  0.00983
 plradd ia,ip,cpol           28           0  5.13850711E-02

 Point added to stored polar  1
 Point written to save file  usa40b_Re600k.base.pol                          
 Dump file unspecified or not available
 Calculating wake trajectory ...
 Calculating source influence matrix ...

 Solving BL system ...

 Side 1  free  transition at x/c =  0.2038   50
 Side 2 forced transition at x/c =  1.0000   67

   1   rms: 0.6860E-01   max: 0.6648E-01   D at   74  2
       a = 10.000      CL =  1.5009
      Cm = -0.0701     CD =  0.01682   =>   CDf =  0.00617    CDp =  0.01065

 Side 1  free  transition at x/c =  0.2002   51
 Side 2 forced transition at x/c =  1.0000   66

   2   rms: 0.4919E-02   max: -.6069E-01   D at    3  1
       a = 10.000      CL =  1.4983
      Cm = -0.0698     CD =  0.01693   =>   CDf =  0.00635    CDp =  0.01058

 Side 1  free  transition at x/c =  0.2001   51
 Side 2 forced transition at x/c =  1.0000   66

   3   rms: 0.3810E-03   max: 0.3799E-02   D at    4  2
       a = 10.000      CL =  1.4983
      Cm = -0.0697     CD =  0.01693   =>   CDf =  0.00635    CDp =  0.01058

 Side 1  free  transition at x/c =  0.2001   51
 Side 2 forced transition at x/c =  1.0000   66

   4   rms: 0.5353E-06   max: 0.5387E-05   D at    7  2
       a = 10.000      CL =  1.4983
      Cm = -0.0697     CD =  0.01693   =>   CDf =  0.00635    CDp =  0.01058
 plradd ia,ip,cpol           29           0  5.13850711E-02

 Point added to stored polar  1
 Point written to save file  usa40b_Re600k.base.pol                          
 Dump file unspecified or not available

.OPERva   c>  
 Solving BL system ...

 Side 1  free  transition at x/c =  0.2001   51
 Side 2 forced transition at x/c =  1.0000   66

   1   rms: 0.2764E-06   max: 0.1936E-05   C at   66  2
       a = 10.000      CL =  1.4983
      Cm = -0.0697     CD =  0.01693   =>   CDf =  0.00635    CDp =  0.01058
 plradd ia,ip,cpol           30         182  5.13850711E-02

 Point added to stored polar  1
 Point written to save file  usa40b_Re600k.base.pol                          
 Dump file unspecified or not available
 Calculating wake trajectory ...
 Calculating source influence matrix ...

 Solving BL system ...

 Side 1  free  transition at x/c =  0.2001   51
 Side 2 forced transition at x/c =  1.0000   66

   1   rms: 0.3407E-01   max: 0.4479E-01   D at   75  2
       a = 10.250      CL =  1.5176
      Cm = -0.0684     CD =  0.01742   =>   CDf =  0.00635    CDp =  0.01106

 Side 1  free  transition at x/c =  0.1981   51
 Side 2 forced transition at x/c =  1.0000   66

   2   rms: 0.1790E-02   max: -.1362E-01   D at   51  1
       a = 10.250      CL =  1.5173
      Cm = -0.0684     CD =  0.01752   =>   CDf =  0.00635    CDp =  0.01117

 Side 1  free  transition at x/c =  0.1977   50
 Side 2 forced transition at x/c =  1.0000   66

   3   rms: 0.3983E-03   max: -.3745E-02   D at   50  1
       a = 10.250      CL =  1.5173
      Cm = -0.0684     CD =  0.01751   =>   CDf =  0.00636    CDp =  0.01115

 Side 1  free  transition at x/c =  0.1977   50
 Side 2 forced transition at x/c =  1.0000   66

   4   rms: 0.1602E-04   max: -.4785E-04   D at   92  1
       a = 10.250      CL =  1.5173
      Cm = -0.0684     CD =  0.01751   =>   CDf =  0.00636    CDp =  0.01115
 plradd ia,ip,cpol           31           0  5.13850711E-02

 Point added to stored polar  1
 Point written to save file  usa40b_Re600k.base.pol                          
 Dump file unspecified or not available
 Calculating wake trajectory ...
 Calculating source influence matrix ...

 Solving BL system ...

 Side 1  free  transition at x/c =  0.1977   50
 Side 2 forced transition at x/c =  1.0000   66

   1   rms: 0.3276E-01   max: 0.2905E-01   D at   71  2
       a = 10.500      CL =  1.5376
      Cm = -0.0671     CD =  0.01774   =>   CDf =  0.00615    CDp =  0.01158

 Side 1  free  transition at x/c =  0.1968   51
 Side 2 forced transition at x/c =  1.0000   65

   2   rms: 0.2716E-02   max: -.3125E-01   D at    3  1
       a = 10.500      CL =  1.5371
      Cm = -0.0670     CD =  0.01774   =>   CDf =  0.00629    CDp =  0.01145

 Side 1  free  transition at x/c =  0.1968   51
 Side 2 forced transition at x/c =  1.0000   65

   3   rms: 0.8890E-03   max: -.9966E-02   D at    4  1
       a = 10.500      CL =  1.5371
      Cm = -0.0670     CD =  0.01774   =>   CDf =  0.00629    CDp =  0.01145

 Side 1  free  transition at x/c =  0.1968   51
 Side 2 forced transition at x/c =  1.0000   65

   4   rms: 0.8531E-06   max: 0.7037E-05   D at    8  1
       a = 10.500      CL =  1.5371
      Cm = -0.0670     CD =  0.01774   =>   CDf =  0.00629    CDp =  0.01145
 plradd ia,ip,cpol           32           0  5.13850711E-02

 Point added to stored polar  1
 Point written to save file  usa40b_Re600k.base.pol                          
 Dump file unspecified or not available
 Calculating wake trajectory ...
 Calculating source influence matrix ...

 Solving BL system ...

 Side 1  free  transition at x/c =  0.1968   51
 Side 2 forced transition at x/c =  1.0000   65

   1   rms: 0.3249E-01   max: 0.2998E-01   D at   70  2
       a = 10.750      CL =  1.5569
      Cm = -0.0657     CD =  0.01799   =>   CDf =  0.00629    CDp =  0.01170

 Side 1  free  transition at x/c =  0.1957   51
 Side 2 forced transition at x/c =  1.0000   65

   2   rms: 0.4472E-03   max: 0.4854E-02   D at   96  1
       a = 10.750      CL =  1.5564
      Cm = -0.0656     CD =  0.01800   =>   CDf =  0.00622    CDp =  0.01178

 Side 1  free  transition at x/c =  0.1957   51
 Side 2 forced transition at x/c =  1.0000   65

   3   rms: 0.3387E-05   max: 0.5463E-04   D at   96  1
       a = 10.750      CL =  1.5564
      Cm = -0.0656     CD =  0.01800   =>   CDf =  0.00622    CDp =  0.01178
 plradd ia,ip,cpol           33           0  5.13850711E-02

 Point added to stored polar  1
 Point written to save file  usa40b_Re600k.base.pol                          
 Dump file unspecified or not available
 Calculating wake trajectory ...
 Calculating source influence matrix ...

 Solving BL system ...

 Side 1  free  transition at x/c =  0.1957   51
 Side 2 forced transition at x/c =  1.0000   65

   1   rms: 0.3230E-01   max: 0.3224E-01   D at   71  2
       a = 11.000      CL =  1.5757
      Cm = -0.0642     CD =  0.01829   =>   CDf =  0.00623    CDp =  0.01206

 Side 1  free  transition at x/c =  0.1944   51
 Side 2 forced transition at x/c =  1.0000   65

   2   rms: 0.7929E-03   max: 0.7867E-02   D at   51  1
       a = 11.000      CL =  1.5754
      Cm = -0.0642     CD =  0.01831   =>   CDf =  0.00617    CDp =  0.01214

 Side 1  free  transition at x/c =  0.1943   51
 Side 2 forced transition at x/c =  1.0000   65

   3   rms: 0.2495E-04   max: 0.1337E-03   D at   67  2
       a = 11.000      CL =  1.5754
      Cm = -0.0642     CD =  0.01831   =>   CDf =  0.00617    CDp =  0.01214
 plradd ia,ip,cpol           34           0  5.13850711E-02

 Point added to stored polar  1
 Point written to save file  usa40b_Re600k.base.pol                          
 Dump file unspecified or not available
 Calculating wake trajectory ...
 Calculating source influence matrix ...

 Solving BL system ...

 Side 1  free  transition at x/c =  0.1943   51
 Side 2 forced transition at x/c =  1.0000   65

   1   rms: 0.3234E-01   max: 0.3406E-01   D at   71  2
       a = 11.250      CL =  1.5945
      Cm = -0.0628     CD =  0.01863   =>   CDf =  0.00594    CDp =  0.01269

 Side 1  free  transition at x/c =  0.1926   52
 Side 2 forced transition at x/c =  1.0000   64

   2   rms: 0.2531E-02   max: -.2624E-01   D at   52  1
       a = 11.250      CL =  1.5939
      Cm = -0.0627     CD =  0.01862   =>   CDf =  0.00611    CDp =  0.01251

 Side 1  free  transition at x/c =  0.1928   52
 Side 2 forced transition at x/c =  1.0000   64

   3   rms: 0.5551E-03   max: -.6353E-02   D at    4  1
       a = 11.250      CL =  1.5940
      Cm = -0.0628     CD =  0.01862   =>   CDf =  0.00611    CDp =  0.01251

 Side 1  free  transition at x/c =  0.1928   52
 Side 2 forced transition at x/c =  1.0000   64

   4   rms: 0.6169E-06   max: -.3476E-05   D at   52  1
       a = 11.250      CL =  1.5940
      Cm = -0.0628     CD =  0.01862   =>   CDf =  0.00611    CDp =  0.01251
 plradd ia,ip,cpol           35           0  5.13850711E-02

 Point added to stored polar  1
 Point written to save file  usa40b_Re600k.base.pol                          
 Dump file unspecified or not available
 Calculating wake trajectory ...
 Calculating source influence matrix ...

 Solving BL system ...

 Side 1  free  transition at x/c =  0.1928   52
 Side 2 forced transition at x/c =  1.0000   64

   1   rms: 0.3232E-01   max: 0.3528E-01   D at   70  2
       a = 11.500      CL =  1.6125
      Cm = -0.0613     CD =  0.01895   =>   CDf =  0.00611    CDp =  0.01284

 Side 1  free  transition at x/c =  0.1911   52
 Side 2 forced transition at x/c =  1.0000   64

   2   rms: 0.6893E-03   max: -.6549E-02   D at   52  1
       a = 11.500      CL =  1.6120
      Cm = -0.0613     CD =  0.01895   =>   CDf =  0.00607    CDp =  0.01289

 Side 1  free  transition at x/c =  0.1911   52
 Side 2 forced transition at x/c =  1.0000   64

   3   rms: 0.2613E-04   max: -.8431E-04   D at   91  1
       a = 11.500      CL =  1.6121
      Cm = -0.0613     CD =  0.01895   =>   CDf =  0.00607    CDp =  0.01289
 plradd ia,ip,cpol           36           0  4.55037877E-02

 Point added to stored polar  1
 Point written to save file  usa40b_Re600k.base.pol                          
 Dump file unspecified or not available
 Calculating wake trajectory ...
 Calculating source influence matrix ...

 Solving BL system ...

 Side 1  free  transition at x/c =  0.1911   52
 Side 2 forced transition at x/c =  1.0000   64

   1   rms: 0.3203E-01   max: 0.3683E-01   D at   70  2
       a = 11.750      CL =  1.6303
      Cm = -0.0598     CD =  0.01931   =>   CDf =  0.00607    CDp =  0.01324

 Side 1  free  transition at x/c =  0.1894   52
 Side 2 forced transition at x/c =  1.0000   64

   2   rms: 0.1448E-02   max: -.1699E-01   D at   52  1
       a = 11.750      CL =  1.6297
      Cm = -0.0598     CD =  0.01931   =>   CDf =  0.00603    CDp =  0.01328

 Side 1  free  transition at x/c =  0.1895   52
 Side 2 forced transition at x/c =  1.0000   64

   3   rms: 0.6557E-04   max: -.3279E-03   D at   96  1
       a = 11.750      CL =  1.6297
      Cm = -0.0598     CD =  0.01931   =>   CDf =  0.00603    CDp =  0.01328
 plradd ia,ip,cpol           37           0  3.34892562E-03

 Point added to stored polar  1
 Point written to save file  usa40b_Re600k.base.pol                          
 Dump file unspecified or not available
 Calculating wake trajectory ...
 Calculating source influence matrix ...

 Solving BL system ...

 Side 1  free  transition at x/c =  0.1895   52
 Side 2 forced transition at x/c =  1.0000   64

   1   rms: 0.3200E-01   max: 0.3883E-01   D at   70  2
       a = 12.000      CL =  1.6471
      Cm = -0.0583     CD =  0.01967   =>   CDf =  0.00603    CDp =  0.01365

 Side 1  free  transition at x/c =  0.1874   52
 Side 2 forced transition at x/c =  1.0000   64

   2   rms: 0.1938E-02   max: -.2120E-01   D at   52  1
       a = 12.000      CL =  1.6462
      Cm = -0.0582     CD =  0.01970   =>   CDf =  0.00601    CDp =  0.01369

 Side 1  free  transition at x/c =  0.1876   52
 Side 2 forced transition at x/c =  1.0000   64

   3   rms: 0.9862E-04   max: -.5026E-03   D at   95  1
       a = 12.000      CL =  1.6463
      Cm = -0.0582     CD =  0.01970   =>   CDf =  0.00600    CDp =  0.01369
 plradd ia,ip,cpol           38           0  3.34892562E-03

 Point added to stored polar  1
 Point written to save file  usa40b_Re600k.base.pol                          
 Dump file unspecified or not available
 Calculating wake trajectory ...
 Calculating source influence matrix ...

 Solving BL system ...

 Side 1  free  transition at x/c =  0.1876   52
 Side 2 forced transition at x/c =  1.0000   64

   1   rms: 0.3237E-01   max: -.1076E+00   D at   52  1
       a = 12.250      CL =  1.6623
      Cm = -0.0566     CD =  0.02012   =>   CDf =  0.00576    CDp =  0.01436

 Side 1  free  transition at x/c =  0.1853   53
 Side 2 forced transition at x/c =  1.0000   63

   2   rms: 0.3142E-02   max: -.4077E-01   D at    3  1
       a = 12.250      CL =  1.6612
      Cm = -0.0564     CD =  0.02023   =>   CDf =  0.00600    CDp =  0.01423

 Side 1  free  transition at x/c =  0.1851   53
 Side 2 forced transition at x/c =  1.0000   63

   3   rms: 0.5467E-03   max: -.5953E-02   D at    4  1
       a = 12.250      CL =  1.6611
      Cm = -0.0564     CD =  0.02023   =>   CDf =  0.00600    CDp =  0.01422

 Side 1  free  transition at x/c =  0.1851   53
 Side 2 forced transition at x/c =  1.0000   63

   4   rms: 0.7215E-06   max: -.5864E-05   C at   63  2
       a = 12.250      CL =  1.6611
      Cm = -0.0564     CD =  0.02023   =>   CDf =  0.00601    CDp =  0.01422
 plradd ia,ip,cpol           39           0  3.34892562E-03

 Point added to stored polar  1
 Point written to save file  usa40b_Re600k.base.pol                          
 Dump file unspecified or not available
 Calculating wake trajectory ...
 Calculating source influence matrix ...

 Solving BL system ...

 Side 1  free  transition at x/c =  0.1851   53
 Side 2 forced transition at x/c =  1.0000   63

   1   rms: 0.3269E-01   max: 0.5409E-01   D at   72  2
       a = 12.500      CL =  1.6762
      Cm = -0.0548     CD =  0.02089   =>   CDf =  0.00601    CDp =  0.01488

 Side 1  free  transition at x/c =  0.1825   52
 Side 2 forced transition at x/c =  1.0000   63

   2   rms: 0.6996E-02   max: -.6383E-01   D at   52  1
       a = 12.500      CL =  1.6760
      Cm = -0.0548     CD =  0.02079   =>   CDf =  0.00598    CDp =  0.01481

 Side 1  free  transition at x/c =  0.1828   52
 Side 2 forced transition at x/c =  1.0000   63

   3   rms: 0.6884E-03   max: -.3272E-02   D at   95  1
       a = 12.500      CL =  1.6766
      Cm = -0.0549     CD =  0.02079   =>   CDf =  0.00597    CDp =  0.01482

 Side 1  free  transition at x/c =  0.1828   52
 Side 2 forced transition at x/c =  1.0000   63

   4   rms: 0.3336E-05   max: 0.5212E-04   C at   63  2
       a = 12.500      CL =  1.6766
      Cm = -0.0549     CD =  0.02079   =>   CDf =  0.00597    CDp =  0.01482
 plradd ia,ip,cpol           40           0  3.34892562E-03

 Point added to stored polar  1
 Point written to save file  usa40b_Re600k.base.pol                          
 Dump file unspecified or not available
 Calculating wake trajectory ...
 Calculating source influence matrix ...

 Solving BL system ...

 Side 1  free  transition at x/c =  0.1828   52
 Side 2 forced transition at x/c =  1.0000   63

   1   rms: 0.3207E-01   max: -.1338E+00   C at   52  1
       a = 12.750      CL =  1.6936
      Cm = -0.0534     CD =  0.02108   =>   CDf =  0.00597    CDp =  0.01511

 Side 1  free  transition at x/c =  0.1813   52
 Side 2 forced transition at x/c =  1.0000   63

   2   rms: 0.1053E-02   max: 0.1250E-01   D at   52  1
       a = 12.750      CL =  1.6934
      Cm = -0.0534     CD =  0.02112   =>   CDf =  0.00587    CDp =  0.01525

 Side 1  free  transition at x/c =  0.1812   52
 Side 2 forced transition at x/c =  1.0000   63

   3   rms: 0.4907E-04   max: 0.2290E-03   D at   94  1
       a = 12.750      CL =  1.6933
      Cm = -0.0534     CD =  0.02112   =>   CDf =  0.00588    CDp =  0.01525
 plradd ia,ip,cpol           41           0  2.28790939E-03

 Point added to stored polar  1
 Point written to save file  usa40b_Re600k.base.pol                          
 Dump file unspecified or not available
 Calculating wake trajectory ...
 Calculating source influence matrix ...

 Solving BL system ...

 Side 1  free  transition at x/c =  0.1812   52
 Side 2 forced transition at x/c =  1.0000   63

   1   rms: 0.3153E-01   max: 0.4009E-01   D at   70  2
       a = 13.000      CL =  1.7102
      Cm = -0.0520     CD =  0.02152   =>   CDf =  0.00562    CDp =  0.01590

 Side 1  free  transition at x/c =  0.1791   53
 Side 2 forced transition at x/c =  1.0000   62

   2   rms: 0.1888E-02   max: 0.1518E-01   T at    2  2
       a = 13.000      CL =  1.7096
      Cm = -0.0520     CD =  0.02153   =>   CDf =  0.00580    CDp =  0.01573

 Side 1  free  transition at x/c =  0.1792   53
 Side 2 forced transition at x/c =  1.0000   62

   3   rms: 0.6415E-03   max: -.7862E-02   D at    4  1
       a = 13.000      CL =  1.7097
      Cm = -0.0520     CD =  0.02153   =>   CDf =  0.00579    CDp =  0.01573

 Side 1  free  transition at x/c =  0.1792   53
 Side 2 forced transition at x/c =  1.0000   62

   4   rms: 0.9514E-06   max: 0.1379E-04   C at   62  2
       a = 13.000      CL =  1.7097
      Cm = -0.0520     CD =  0.02153   =>   CDf =  0.00579    CDp =  0.01573
 plradd ia,ip,cpol           42           0  2.28790939E-03

 Point added to stored polar  1
 Point written to save file  usa40b_Re600k.base.pol                          
 Dump file unspecified or not available
 Calculating wake trajectory ...
 Calculating source influence matrix ...

 Solving BL system ...

 Side 1  free  transition at x/c =  0.1792   53
 Side 2 forced transition at x/c =  1.0000   62

   1   rms: 0.3222E-01   max: 0.8688E-01   T at   53  1
       a = 13.250      CL =  1.7258
      Cm = -0.0506     CD =  0.02194   =>   CDf =  0.00579    CDp =  0.01614

 Side 1  free  transition at x/c =  0.1763   53
 Side 2 forced transition at x/c =  1.0000   62

   2   rms: 0.2649E-02   max: -.3376E-01   D at   53  1
       a = 13.250      CL =  1.7253
      Cm = -0.0506     CD =  0.02194   =>   CDf =  0.00574    CDp =  0.01620

 Side 1  free  transition at x/c =  0.1765   53
 Side 2 forced transition at x/c =  1.0000   62

   3   rms: 0.1679E-03   max: -.8004E-03   D at   94  1
       a = 13.250      CL =  1.7254
      Cm = -0.0506     CD =  0.02194   =>   CDf =  0.00573    CDp =  0.01621

 Side 1  free  transition at x/c =  0.1765   53
 Side 2 forced transition at x/c =  1.0000   62

   4   rms: 0.1736E-05   max: 0.2275E-04   C at   62  2
       a = 13.250      CL =  1.7254
      Cm = -0.0506     CD =  0.02194   =>   CDf =  0.00573    CDp =  0.01620
 plradd ia,ip,cpol           43           0  2.28790939E-03

 Point added to stored polar  1
 Point written to save file  usa40b_Re600k.base.pol                          
 Dump file unspecified or not available
 Calculating wake trajectory ...
 Calculating source influence matrix ...

 Solving BL system ...

 Side 1  free  transition at x/c =  0.1765   53
 Side 2 forced transition at x/c =  1.0000   62

   1   rms: 0.3220E-01   max: -.1133E+00   D at   53  1
       a = 13.500      CL =  1.7411
      Cm = -0.0492     CD =  0.02239   =>   CDf =  0.00574    CDp =  0.01666

 Side 1  free  transition at x/c =  0.1734   53
 Side 2 forced transition at x/c =  1.0000   62

   2   rms: 0.2030E-02   max: 0.1426E-01   D at   93  1
       a = 13.500      CL =  1.7395
      Cm = -0.0491     CD =  0.02246   =>   CDf =  0.00572    CDp =  0.01675

 Side 1  free  transition at x/c =  0.1737   53
 Side 2 forced transition at x/c =  1.0000   62

   3   rms: 0.4393E-04   max: -.2171E-03   D at   94  1
       a = 13.500      CL =  1.7395
      Cm = -0.0491     CD =  0.02246   =>   CDf =  0.00571    CDp =  0.01675
 plradd ia,ip,cpol           44           0  1.42093375E-03

 Point added to stored polar  1
 Point written to save file  usa40b_Re600k.base.pol                          
 Dump file unspecified or not available
 Calculating wake trajectory ...
 Calculating source influence matrix ...

 Solving BL system ...

 Side 1  free  transition at x/c =  0.1737   53
 Side 2 forced transition at x/c =  1.0000   62

   1   rms: 0.3250E-01   max: -.1367E+00   D at   53  1
       a = 13.750      CL =  1.7527
      Cm = -0.0475     CD =  0.02310   =>   CDf =  0.00571    CDp =  0.01739

 Side 1  free  transition at x/c =  0.1709   53
 Side 2 forced transition at x/c =  1.0000   62

   2   rms: 0.2615E-02   max: 0.1815E-01   D at   92  1
       a = 13.750      CL =  1.7505
      Cm = -0.0473     CD =  0.02324   =>   CDf =  0.00570    CDp =  0.01753

 Side 1  free  transition at x/c =  0.1707   53
 Side 2 forced transition at x/c =  1.0000   62

   3   rms: 0.6641E-04   max: 0.5641E-03   D at   92  1
       a = 13.750      CL =  1.7504
      Cm = -0.0473     CD =  0.02324   =>   CDf =  0.00571    CDp =  0.01753
 plradd ia,ip,cpol           45           0  1.42093375E-03

 Point added to stored polar  1
 Point written to save file  usa40b_Re600k.base.pol                          
 Dump file unspecified or not available
 Calculating wake trajectory ...
 Calculating source influence matrix ...

 Solving BL system ...

 Side 1  free  transition at x/c =  0.1707   53
 Side 2 forced transition at x/c =  1.0000   62

   1   rms: 0.3279E-01   max: -.9954E-01   D at   53  1
       a = 14.000      CL =  1.7603
      Cm = -0.0455     CD =  0.02421   =>   CDf =  0.00543    CDp =  0.01877

 Side 1  free  transition at x/c =  0.1681   53
 Side 2 forced transition at x/c =  1.0000   61

   2   rms: 0.8922E-02   max: -.8208E-01   D at   53  1
       a = 14.000      CL =  1.7632
      Cm = -0.0458     CD =  0.02392   =>   CDf =  0.00565    CDp =  0.01827

 Side 1  free  transition at x/c =  0.1684   53
 Side 2 forced transition at x/c =  1.0000   61

   3   rms: 0.1024E-02   max: -.4716E-02   D at   92  1
       a = 14.000      CL =  1.7640
      Cm = -0.0459     CD =  0.02391   =>   CDf =  0.00563    CDp =  0.01828

 Side 1  free  transition at x/c =  0.1683   53
 Side 2 forced transition at x/c =  1.0000   61

   4   rms: 0.1047E-04   max: -.7353E-04   D at   69  2
       a = 14.000      CL =  1.7640
      Cm = -0.0459     CD =  0.02391   =>   CDf =  0.00563    CDp =  0.01828
 plradd ia,ip,cpol           46           0  1.42093375E-03

 Point added to stored polar  1
 Point written to save file  usa40b_Re600k.base.pol                          
 Dump file unspecified or not available
 Calculating wake trajectory ...
 Calculating source influence matrix ...

 Solving BL system ...

 Side 1  free  transition at x/c =  0.1683   53
 Side 2 forced transition at x/c =  1.0000   61

   1   rms: 0.3188E-01   max: -.1229E+00   C at   53  1
       a = 14.250      CL =  1.7803
      Cm = -0.0448     CD =  0.02445   =>   CDf =  0.00563    CDp =  0.01882

 Side 1  free  transition at x/c =  0.1660   53
 Side 2 forced transition at x/c =  1.0000   61

   2   rms: 0.9994E-03   max: 0.7324E-02   D at   92  1
       a = 14.250      CL =  1.7794
      Cm = -0.0448     CD =  0.02448   =>   CDf =  0.00553    CDp =  0.01895

 Side 1  free  transition at x/c =  0.1661   53
 Side 2 forced transition at x/c =  1.0000   61

   3   rms: 0.8938E-05   max: -.7877E-04   C at   61  2
       a = 14.250      CL =  1.7794
      Cm = -0.0448     CD =  0.02448   =>   CDf =  0.00553    CDp =  0.01895
 plradd ia,ip,cpol           47           0  1.42093375E-03

 Point added to stored polar  1
 Point written to save file  usa40b_Re600k.base.pol                          
 Dump file unspecified or not available
 Calculating wake trajectory ...
 Calculating source influence matrix ...

 Solving BL system ...

 Side 1  free  transition at x/c =  0.1661   53
 Side 2 forced transition at x/c =  1.0000   61

   1   rms: 0.3165E-01   max: -.7873E-01   D at   53  1   RLX: 0.985
       a = 14.500      CL =  1.7946
      Cm = -0.0437     CD =  0.02510   =>   CDf =  0.00553    CDp =  0.01956

 Side 1  free  transition at x/c =  0.1626   53
 Side 2 forced transition at x/c =  1.0000   61

   2   rms: 0.2375E-02   max: -.2448E-01   D at   53  1
       a = 14.500      CL =  1.7934
      Cm = -0.0436     CD =  0.02515   =>   CDf =  0.00547    CDp =  0.01968

 Side 1  free  transition at x/c =  0.1630   53
 Side 2 forced transition at x/c =  1.0000   61

   3   rms: 0.6129E-04   max: -.3583E-03   D at   54  1
       a = 14.500      CL =  1.7934
      Cm = -0.0436     CD =  0.02515   =>   CDf =  0.00546    CDp =  0.01969
 plradd ia,ip,cpol           48           0  1.42093375E-03

 Point added to stored polar  1
 Point written to save file  usa40b_Re600k.base.pol                          
 Dump file unspecified or not available
 Calculating wake trajectory ...
 Calculating source influence matrix ...

 Solving BL system ...

 Side 1  free  transition at x/c =  0.1630   53
 Side 2 forced transition at x/c =  1.0000   61

   1   rms: 0.3163E-01   max: -.1055E+00   D at   53  1   RLX: 0.953
       a = 14.750      CL =  1.8059
      Cm = -0.0424     CD =  0.02591   =>   CDf =  0.00547    CDp =  0.02044

 Side 1  free  transition at x/c =  0.1597   53
 Side 2 forced transition at x/c =  1.0000   61

   2   rms: 0.2426E-02   max: 0.1657E-01   D at   90  1
       a = 14.750      CL =  1.8047
      Cm = -0.0422     CD =  0.02602   =>   CDf =  0.00544    CDp =  0.02058

 Side 1  free  transition at x/c =  0.1598   53
 Side 2 forced transition at x/c =  1.0000   61

   3   rms: 0.1011E-03   max: 0.1390E-02   D at   90  1
       a = 14.750      CL =  1.8046
      Cm = -0.0422     CD =  0.02602   =>   CDf =  0.00543    CDp =  0.02059

 Side 1  free  transition at x/c =  0.1598   53
 Side 2 forced transition at x/c =  1.0000   61

   4   rms: 0.2935E-05   max: -.2451E-04   C at   61  2
       a = 14.750      CL =  1.8046
      Cm = -0.0422     CD =  0.02602   =>   CDf =  0.00543    CDp =  0.02059
 plradd ia,ip,cpol           49           0  1.42093375E-03

 Point added to stored polar  1
 Point written to save file  usa40b_Re600k.base.pol                          
 Dump file unspecified or not available
 Calculating wake trajectory ...
 Calculating source influence matrix ...

 Solving BL system ...

 Side 1  free  transition at x/c =  0.1598   53
 Side 2 forced transition at x/c =  1.0000   61

   1   rms: 0.3257E-01   max: -.1474E+00   D at   53  1   RLX: 0.917
       a = 15.000      CL =  1.8136
      Cm = -0.0410     CD =  0.02700   =>   CDf =  0.00514    CDp =  0.02185

 Side 1  free  transition at x/c =  0.1566   54
 Side 2 forced transition at x/c =  1.0000   60

   2   rms: 0.4906E-02   max: 0.2654E-01   D at   90  1
       a = 15.000      CL =  1.8112
      Cm = -0.0407     CD =  0.02727   =>   CDf =  0.00542    CDp =  0.02185

 Side 1  free  transition at x/c =  0.1563   53
 Side 2 forced transition at x/c =  1.0000   60

   3   rms: 0.5530E-03   max: -.6121E-02   D at    4  1
       a = 15.000      CL =  1.8111
      Cm = -0.0407     CD =  0.02726   =>   CDf =  0.00542    CDp =  0.02184

 Side 1  free  transition at x/c =  0.1563   53
 Side 2 forced transition at x/c =  1.0000   60

   4   rms: 0.3495E-05   max: -.5936E-04   C at   60  2
       a = 15.000      CL =  1.8111
      Cm = -0.0407     CD =  0.02726   =>   CDf =  0.00542    CDp =  0.02184
 plradd ia,ip,cpol           50           0  1.42093375E-03

 Point added to stored polar  1
 Point written to save file  usa40b_Re600k.base.pol                          
 Dump file unspecified or not available
 Calculating wake trajectory ...
 Calculating source influence matrix ...

 Solving BL system ...

 Side 1  free  transition at x/c =  0.1563   53
 Side 2 forced transition at x/c =  1.0000   60

   1   rms: 0.3375E-01   max: -.2337E+00   C at   53  1   RLX: 0.893
       a = 15.250      CL =  1.8267
      Cm = -0.0401     CD =  0.02779   =>   CDf =  0.00542    CDp =  0.02237

 Side 1  free  transition at x/c =  0.1530   53
 Side 2 forced transition at x/c =  1.0000   60

   2   rms: 0.3643E-02   max: 0.1713E-01   D at   90  1
       a = 15.250      CL =  1.8263
      Cm = -0.0398     CD =  0.02799   =>   CDf =  0.00532    CDp =  0.02267

 Side 1  free  transition at x/c =  0.1528   53
 Side 2 forced transition at x/c =  1.0000   60

   3   rms: 0.1159E-03   max: 0.8472E-03   D at   70  2
       a = 15.250      CL =  1.8262
      Cm = -0.0398     CD =  0.02798   =>   CDf =  0.00531    CDp =  0.02267

 Side 1  free  transition at x/c =  0.1528   53
 Side 2 forced transition at x/c =  1.0000   60

   4   rms: 0.3341E-05   max: -.2372E-04   C at   60  2
       a = 15.250      CL =  1.8262
      Cm = -0.0398     CD =  0.02798   =>   CDf =  0.00531    CDp =  0.02267
 plradd ia,ip,cpol           51           0  1.42093375E-03

 Point added to stored polar  1
 Point written to save file  usa40b_Re600k.base.pol                          
 Dump file unspecified or not available
 Calculating wake trajectory ...
 Calculating source influence matrix ...

 Solving BL system ...

 Side 1  free  transition at x/c =  0.1528   53
 Side 2 forced transition at x/c =  1.0000   60

   1   rms: 0.3181E-01   max: -.1015E+00   D at   53  1   RLX: 0.866
       a = 15.500      CL =  1.8377
      Cm = -0.0391     CD =  0.02879   =>   CDf =  0.00531    CDp =  0.02348

 Side 1  free  transition at x/c =  0.1490   53
 Side 2 forced transition at x/c =  1.0000   60

   2   rms: 0.5423E-02   max: 0.3492E-01   D at   89  1
       a = 15.500      CL =  1.8365
      Cm = -0.0388     CD =  0.02910   =>   CDf =  0.00526    CDp =  0.02383

 Side 1  free  transition at x/c =  0.1487   53
 Side 2 forced transition at x/c =  1.0000   60

   3   rms: 0.2523E-03   max: 0.1919E-02   D at   70  2
       a = 15.500      CL =  1.8363
      Cm = -0.0388     CD =  0.02908   =>   CDf =  0.00525    CDp =  0.02383

 Side 1  free  transition at x/c =  0.1487   53
 Side 2 forced transition at x/c =  1.0000   60

   4   rms: 0.6224E-05   max: -.8746E-04   C at   60  2
       a = 15.500      CL =  1.8363
      Cm = -0.0388     CD =  0.02908   =>   CDf =  0.00525    CDp =  0.02383
 plradd ia,ip,cpol           52           0  1.42093375E-03

 Point added to stored polar  1
 Point written to save file  usa40b_Re600k.base.pol                          
 Dump file unspecified or not available
 Calculating wake trajectory ...
 Calculating source influence matrix ...

 Solving BL system ...

 Side 1  free  transition at x/c =  0.1487   53
 Side 2 forced transition at x/c =  1.0000   60

   1   rms: 0.3275E-01   max: -.1344E+00   D at   53  1   RLX: 0.833
       a = 15.750      CL =  1.8438
      Cm = -0.0379     CD =  0.03018   =>   CDf =  0.00525    CDp =  0.02493

 Side 1  free  transition at x/c =  0.1447   53
 Side 2 forced transition at x/c =  1.0000   60

   2   rms: 0.7828E-02   max: 0.5062E-01   D at   88  1
       a = 15.750      CL =  1.8413
      Cm = -0.0376     CD =  0.03066   =>   CDf =  0.00526    CDp =  0.02540

 Side 1  free  transition at x/c =  0.1444   53
 Side 2 forced transition at x/c =  1.0000   60

   3   rms: 0.3822E-03   max: 0.3021E-02   D at   87  1
       a = 15.750      CL =  1.8410
      Cm = -0.0376     CD =  0.03064   =>   CDf =  0.00524    CDp =  0.02540

 Side 1  free  transition at x/c =  0.1444   53
 Side 2 forced transition at x/c =  1.0000   60

   4   rms: 0.9680E-05   max: -.1048E-03   C at   60  2
       a = 15.750      CL =  1.8410
      Cm = -0.0376     CD =  0.03064   =>   CDf =  0.00524    CDp =  0.02540
 plradd ia,ip,cpol           53           0  1.42093375E-03

 Point added to stored polar  1
 Point written to save file  usa40b_Re600k.base.pol                          
 Dump file unspecified or not available
 Calculating wake trajectory ...
 Calculating source influence matrix ...

 Solving BL system ...

 Side 1  free  transition at x/c =  0.1444   53
 Side 2 forced transition at x/c =  1.0000   60

   1   rms: 0.3609E-01   max: -.1667E+00   D at   53  1   RLX: 0.793
       a = 16.000      CL =  1.8432
      Cm = -0.0367     CD =  0.03219   =>   CDf =  0.00524    CDp =  0.02695

 Side 1  free  transition at x/c =  0.1415   52
 Side 2 forced transition at x/c =  1.0000   60

   2   rms: 0.1064E-01   max: -.5433E-01   D at   52  1
       a = 16.000      CL =  1.8514
      Cm = -0.0367     CD =  0.03183   =>   CDf =  0.00484    CDp =  0.02699

 Side 1  free  transition at x/c =  0.1398   53
 Side 2 forced transition at x/c =  1.0000   59

   3   rms: 0.6290E-03   max: -.3968E-02   D at    3  1
       a = 16.000      CL =  1.8509
      Cm = -0.0367     CD =  0.03188   =>   CDf =  0.00515    CDp =  0.02674

 Side 1  free  transition at x/c =  0.1399   53
 Side 2 forced transition at x/c =  1.0000   59

   4   rms: 0.2134E-03   max: -.2592E-02   D at    4  1
       a = 16.000      CL =  1.8509
      Cm = -0.0367     CD =  0.03188   =>   CDf =  0.00515    CDp =  0.02674

 Side 1  free  transition at x/c =  0.1399   53
 Side 2 forced transition at x/c =  1.0000   59

   5   rms: 0.1129E-05   max: -.9821E-05   C at   59  2
       a = 16.000      CL =  1.8509
      Cm = -0.0367     CD =  0.03188   =>   CDf =  0.00515    CDp =  0.02674
 plradd ia,ip,cpol           54           0  7.40586896E-04

 Point added to stored polar  1
 Point written to save file  usa40b_Re600k.base.pol                          
 Dump file unspecified or not available

.OPERva   c>  
 Polar accumulation disabled

.OPERv   c>  
 XFOIL   c>  
 XFOIL   c>  